Model_1_goa_pop_2023.dat 1 2024 Cabc 25.3018
Model_1_goa_pop_2023.dat 1 2024 Cofl 27.0643
Model_1_goa_pop_2023.dat 1 2024 CLCI 29.794
Model_1_goa_pop_2023.dat 1 2024 CUCI 29.794
Model_1_goa_pop_2023.dat 1 2024 CMedian 29.794
Model_1_goa_pop_2023.dat 1 2024 CMean 29.794
Model_1_goa_pop_2023.dat 1 2025 Cabc 25.3018
Model_1_goa_pop_2023.dat 1 2025 Cofl 27.0643
Model_1_goa_pop_2023.dat 1 2025 CLCI 16.1515
Model_1_goa_pop_2023.dat 1 2025 CUCI 16.1515
Model_1_goa_pop_2023.dat 1 2025 CMedian 16.1515
Model_1_goa_pop_2023.dat 1 2025 CMean 16.1515
Model_1_goa_pop_2023.dat 1 2026 Cabc 25.3018
Model_1_goa_pop_2023.dat 1 2026 Cofl 27.0643
Model_1_goa_pop_2023.dat 1 2026 CLCI 12.88
Model_1_goa_pop_2023.dat 1 2026 CUCI 12.88
Model_1_goa_pop_2023.dat 1 2026 CMedian 12.88
Model_1_goa_pop_2023.dat 1 2026 CMean 12.88
Model_1_goa_pop_2023.dat 1 2027 Cabc 25.3018
Model_1_goa_pop_2023.dat 1 2027 Cofl 27.0643
Model_1_goa_pop_2023.dat 1 2027 CLCI 31.522
Model_1_goa_pop_2023.dat 1 2027 CUCI 31.522
Model_1_goa_pop_2023.dat 1 2027 CMedian 31.522
Model_1_goa_pop_2023.dat 1 2027 CMean 31.522
Model_1_goa_pop_2023.dat 1 2028 Cabc 25.3018
Model_1_goa_pop_2023.dat 1 2028 Cofl 27.0643
Model_1_goa_pop_2023.dat 1 2028 CLCI 37.6466
Model_1_goa_pop_2023.dat 1 2028 CUCI 38.0101
Model_1_goa_pop_2023.dat 1 2028 CMedian 37.764
Model_1_goa_pop_2023.dat 1 2028 CMean 37.785
Model_1_goa_pop_2023.dat 1 2029 Cabc 25.3018
Model_1_goa_pop_2023.dat 1 2029 Cofl 27.0643
Model_1_goa_pop_2023.dat 1 2029 CLCI 35.3685
Model_1_goa_pop_2023.dat 1 2029 CUCI 36.1809
Model_1_goa_pop_2023.dat 1 2029 CMedian 35.6397
Model_1_goa_pop_2023.dat 1 2029 CMean 35.6831
Model_1_goa_pop_2023.dat 1 2030 Cabc 25.3018
Model_1_goa_pop_2023.dat 1 2030 Cofl 27.0643
Model_1_goa_pop_2023.dat 1 2030 CLCI 33.1665
Model_1_goa_pop_2023.dat 1 2030 CUCI 34.6589
Model_1_goa_pop_2023.dat 1 2030 CMedian 33.6975
Model_1_goa_pop_2023.dat 1 2030 CMean 33.7719
Model_1_goa_pop_2023.dat 1 2031 Cabc 25.3018
Model_1_goa_pop_2023.dat 1 2031 Cofl 27.0643
Model_1_goa_pop_2023.dat 1 2031 CLCI 31.1596
Model_1_goa_pop_2023.dat 1 2031 CUCI 33.5336
Model_1_goa_pop_2023.dat 1 2031 CMedian 31.9737
Model_1_goa_pop_2023.dat 1 2031 CMean 32.1105
Model_1_goa_pop_2023.dat 1 2032 Cabc 25.3018
Model_1_goa_pop_2023.dat 1 2032 Cofl 27.0643
Model_1_goa_pop_2023.dat 1 2032 CLCI 29.296
Model_1_goa_pop_2023.dat 1 2032 CUCI 32.7251
Model_1_goa_pop_2023.dat 1 2032 CMedian 30.4933
Model_1_goa_pop_2023.dat 1 2032 CMean 30.7014
Model_1_goa_pop_2023.dat 1 2033 Cabc 25.3018
Model_1_goa_pop_2023.dat 1 2033 Cofl 27.0643
Model_1_goa_pop_2023.dat 1 2033 CLCI 27.6396
Model_1_goa_pop_2023.dat 1 2033 CUCI 32.1662
Model_1_goa_pop_2023.dat 1 2033 CMedian 29.3584
Model_1_goa_pop_2023.dat 1 2033 CMean 29.5582
Model_1_goa_pop_2023.dat 1 2034 Cabc 25.3018
Model_1_goa_pop_2023.dat 1 2034 Cofl 27.0643
Model_1_goa_pop_2023.dat 1 2034 CLCI 26.2555
Model_1_goa_pop_2023.dat 1 2034 CUCI 31.8501
Model_1_goa_pop_2023.dat 1 2034 CMedian 28.4685
Model_1_goa_pop_2023.dat 1 2034 CMean 28.6462
Model_1_goa_pop_2023.dat 1 2035 Cabc 25.3018
Model_1_goa_pop_2023.dat 1 2035 Cofl 27.0643
Model_1_goa_pop_2023.dat 1 2035 CLCI 25.124
Model_1_goa_pop_2023.dat 1 2035 CUCI 31.7417
Model_1_goa_pop_2023.dat 1 2035 CMedian 27.7264
Model_1_goa_pop_2023.dat 1 2035 CMean 27.9472
Model_1_goa_pop_2023.dat 1 2036 Cabc 25.3018
Model_1_goa_pop_2023.dat 1 2036 Cofl 27.0643
Model_1_goa_pop_2023.dat 1 2036 CLCI 24.1441
Model_1_goa_pop_2023.dat 1 2036 CUCI 31.4134
Model_1_goa_pop_2023.dat 1 2036 CMedian 27.1342
Model_1_goa_pop_2023.dat 1 2036 CMean 27.4163
Model_1_goa_pop_2023.dat 1 2037 Cabc 25.3018
Model_1_goa_pop_2023.dat 1 2037 Cofl 27.0643
Model_1_goa_pop_2023.dat 1 2037 CLCI 23.2929
Model_1_goa_pop_2023.dat 1 2037 CUCI 31.2799
Model_1_goa_pop_2023.dat 1 2037 CMedian 26.6823
Model_1_goa_pop_2023.dat 1 2037 CMean 27.0156
Model_1_goa_pop_2023.dat 1 2024 SSBF100 343.618
Model_1_goa_pop_2023.dat 1 2024 SSBFabc 137.447
Model_1_goa_pop_2023.dat 1 2024 SSBFofl 120.266
Model_1_goa_pop_2023.dat 1 2024 SSBLCI 234.441
Model_1_goa_pop_2023.dat 1 2024 SSBUCI 234.441
Model_1_goa_pop_2023.dat 1 2024 SSBMedian 234.441
Model_1_goa_pop_2023.dat 1 2024 SSBMean 234.441
Model_1_goa_pop_2023.dat 1 2025 SSBF100 343.618
Model_1_goa_pop_2023.dat 1 2025 SSBFabc 137.447
Model_1_goa_pop_2023.dat 1 2025 SSBFofl 120.266
Model_1_goa_pop_2023.dat 1 2025 SSBLCI 230.583
Model_1_goa_pop_2023.dat 1 2025 SSBUCI 230.612
Model_1_goa_pop_2023.dat 1 2025 SSBMedian 230.591
Model_1_goa_pop_2023.dat 1 2025 SSBMean 230.593
Model_1_goa_pop_2023.dat 1 2026 SSBF100 343.618
Model_1_goa_pop_2023.dat 1 2026 SSBFabc 137.447
Model_1_goa_pop_2023.dat 1 2026 SSBFofl 120.266
Model_1_goa_pop_2023.dat 1 2026 SSBLCI 230.838
Model_1_goa_pop_2023.dat 1 2026 SSBUCI 230.956
Model_1_goa_pop_2023.dat 1 2026 SSBMedian 230.877
Model_1_goa_pop_2023.dat 1 2026 SSBMean 230.884
Model_1_goa_pop_2023.dat 1 2027 SSBF100 343.618
Model_1_goa_pop_2023.dat 1 2027 SSBFabc 137.447
Model_1_goa_pop_2023.dat 1 2027 SSBFofl 120.266
Model_1_goa_pop_2023.dat 1 2027 SSBLCI 228.755
Model_1_goa_pop_2023.dat 1 2027 SSBUCI 229.141
Model_1_goa_pop_2023.dat 1 2027 SSBMedian 228.879
Model_1_goa_pop_2023.dat 1 2027 SSBMean 228.901
Model_1_goa_pop_2023.dat 1 2028 SSBF100 343.618
Model_1_goa_pop_2023.dat 1 2028 SSBFabc 137.447
Model_1_goa_pop_2023.dat 1 2028 SSBFofl 120.266
Model_1_goa_pop_2023.dat 1 2028 SSBLCI 219.36
Model_1_goa_pop_2023.dat 1 2028 SSBUCI 220.356
Model_1_goa_pop_2023.dat 1 2028 SSBMedian 219.683
Model_1_goa_pop_2023.dat 1 2028 SSBMean 219.739
Model_1_goa_pop_2023.dat 1 2029 SSBF100 343.618
Model_1_goa_pop_2023.dat 1 2029 SSBFabc 137.447
Model_1_goa_pop_2023.dat 1 2029 SSBFofl 120.266
Model_1_goa_pop_2023.dat 1 2029 SSBLCI 207.235
Model_1_goa_pop_2023.dat 1 2029 SSBUCI 209.497
Model_1_goa_pop_2023.dat 1 2029 SSBMedian 207.994
Model_1_goa_pop_2023.dat 1 2029 SSBMean 208.115
Model_1_goa_pop_2023.dat 1 2030 SSBF100 343.618
Model_1_goa_pop_2023.dat 1 2030 SSBFabc 137.447
Model_1_goa_pop_2023.dat 1 2030 SSBFofl 120.266
Model_1_goa_pop_2023.dat 1 2030 SSBLCI 195.068
Model_1_goa_pop_2023.dat 1 2030 SSBUCI 199.741
Model_1_goa_pop_2023.dat 1 2030 SSBMedian 196.643
Model_1_goa_pop_2023.dat 1 2030 SSBMean 196.879
Model_1_goa_pop_2023.dat 1 2031 SSBF100 343.618
Model_1_goa_pop_2023.dat 1 2031 SSBFabc 137.447
Model_1_goa_pop_2023.dat 1 2031 SSBFofl 120.266
Model_1_goa_pop_2023.dat 1 2031 SSBLCI 183.222
Model_1_goa_pop_2023.dat 1 2031 SSBUCI 191.757
Model_1_goa_pop_2023.dat 1 2031 SSBMedian 186.219
Model_1_goa_pop_2023.dat 1 2031 SSBMean 186.666
Model_1_goa_pop_2023.dat 1 2032 SSBF100 343.618
Model_1_goa_pop_2023.dat 1 2032 SSBFabc 137.447
Model_1_goa_pop_2023.dat 1 2032 SSBFofl 120.266
Model_1_goa_pop_2023.dat 1 2032 SSBLCI 172.266
Model_1_goa_pop_2023.dat 1 2032 SSBUCI 186.759
Model_1_goa_pop_2023.dat 1 2032 SSBMedian 177.241
Model_1_goa_pop_2023.dat 1 2032 SSBMean 178.028
Model_1_goa_pop_2023.dat 1 2033 SSBF100 343.618
Model_1_goa_pop_2023.dat 1 2033 SSBFabc 137.447
Model_1_goa_pop_2023.dat 1 2033 SSBFofl 120.266
Model_1_goa_pop_2023.dat 1 2033 SSBLCI 162.555
Model_1_goa_pop_2023.dat 1 2033 SSBUCI 183.395
Model_1_goa_pop_2023.dat 1 2033 SSBMedian 169.906
Model_1_goa_pop_2023.dat 1 2033 SSBMean 171.109
Model_1_goa_pop_2023.dat 1 2034 SSBF100 343.618
Model_1_goa_pop_2023.dat 1 2034 SSBFabc 137.447
Model_1_goa_pop_2023.dat 1 2034 SSBFofl 120.266
Model_1_goa_pop_2023.dat 1 2034 SSBLCI 153.978
Model_1_goa_pop_2023.dat 1 2034 SSBUCI 181.569
Model_1_goa_pop_2023.dat 1 2034 SSBMedian 164.554
Model_1_goa_pop_2023.dat 1 2034 SSBMean 165.754
Model_1_goa_pop_2023.dat 1 2035 SSBF100 343.618
Model_1_goa_pop_2023.dat 1 2035 SSBFabc 137.447
Model_1_goa_pop_2023.dat 1 2035 SSBFofl 120.266
Model_1_goa_pop_2023.dat 1 2035 SSBLCI 147.096
Model_1_goa_pop_2023.dat 1 2035 SSBUCI 180.597
Model_1_goa_pop_2023.dat 1 2035 SSBMedian 160.57
Model_1_goa_pop_2023.dat 1 2035 SSBMean 161.615
Model_1_goa_pop_2023.dat 1 2036 SSBF100 343.618
Model_1_goa_pop_2023.dat 1 2036 SSBFabc 137.447
Model_1_goa_pop_2023.dat 1 2036 SSBFofl 120.266
Model_1_goa_pop_2023.dat 1 2036 SSBLCI 141.512
Model_1_goa_pop_2023.dat 1 2036 SSBUCI 179.677
Model_1_goa_pop_2023.dat 1 2036 SSBMedian 156.962
Model_1_goa_pop_2023.dat 1 2036 SSBMean 158.387
Model_1_goa_pop_2023.dat 1 2037 SSBF100 343.618
Model_1_goa_pop_2023.dat 1 2037 SSBFabc 137.447
Model_1_goa_pop_2023.dat 1 2037 SSBFofl 120.266
Model_1_goa_pop_2023.dat 1 2037 SSBLCI 137.249
Model_1_goa_pop_2023.dat 1 2037 SSBUCI 178.871
Model_1_goa_pop_2023.dat 1 2037 SSBMedian 153.95
Model_1_goa_pop_2023.dat 1 2037 SSBMean 155.809
Model_1_goa_pop_2023.dat 1 2024 F0 0 
Model_1_goa_pop_2023.dat 1 2024 Fabc 0.0990105
Model_1_goa_pop_2023.dat 1 2024 Fofl 0.119243
Model_1_goa_pop_2023.dat 1 2024  F_LCI 0.0713322
Model_1_goa_pop_2023.dat 1 2024  F_UCI 0.0713322
Model_1_goa_pop_2023.dat 1 2024  F_Median 0.0713322
Model_1_goa_pop_2023.dat 1 2024  F_Mean 0.0713322
Model_1_goa_pop_2023.dat 1 2025 F0 0 
Model_1_goa_pop_2023.dat 1 2025 Fabc 0.0990105
Model_1_goa_pop_2023.dat 1 2025 Fofl 0.119243
Model_1_goa_pop_2023.dat 1 2025  F_LCI 0.039302
Model_1_goa_pop_2023.dat 1 2025  F_UCI 0.039303
Model_1_goa_pop_2023.dat 1 2025  F_Median 0.0393027
Model_1_goa_pop_2023.dat 1 2025  F_Mean 0.0393026
Model_1_goa_pop_2023.dat 1 2026 F0 0 
Model_1_goa_pop_2023.dat 1 2026 Fabc 0.0990105
Model_1_goa_pop_2023.dat 1 2026 Fofl 0.119243
Model_1_goa_pop_2023.dat 1 2026  F_LCI 0.0314207
Model_1_goa_pop_2023.dat 1 2026  F_UCI 0.0314363
Model_1_goa_pop_2023.dat 1 2026  F_Median 0.0314318
Model_1_goa_pop_2023.dat 1 2026  F_Mean 0.0314307
Model_1_goa_pop_2023.dat 1 2027 F0 0 
Model_1_goa_pop_2023.dat 1 2027 Fabc 0.0990105
Model_1_goa_pop_2023.dat 1 2027 Fofl 0.119243
Model_1_goa_pop_2023.dat 1 2027  F_LCI 0.0784374
Model_1_goa_pop_2023.dat 1 2027  F_UCI 0.0786672
Model_1_goa_pop_2023.dat 1 2027  F_Median 0.0785949
Model_1_goa_pop_2023.dat 1 2027  F_Mean 0.0785824
Model_1_goa_pop_2023.dat 1 2028 F0 0 
Model_1_goa_pop_2023.dat 1 2028 Fabc 0.0990105
Model_1_goa_pop_2023.dat 1 2028 Fofl 0.119243
Model_1_goa_pop_2023.dat 1 2028  F_LCI 0.0990105
Model_1_goa_pop_2023.dat 1 2028  F_UCI 0.0990105
Model_1_goa_pop_2023.dat 1 2028  F_Median 0.0990105
Model_1_goa_pop_2023.dat 1 2028  F_Mean 0.0990105
Model_1_goa_pop_2023.dat 1 2029 F0 0 
Model_1_goa_pop_2023.dat 1 2029 Fabc 0.0990105
Model_1_goa_pop_2023.dat 1 2029 Fofl 0.119243
Model_1_goa_pop_2023.dat 1 2029  F_LCI 0.0990105
Model_1_goa_pop_2023.dat 1 2029  F_UCI 0.0990105
Model_1_goa_pop_2023.dat 1 2029  F_Median 0.0990105
Model_1_goa_pop_2023.dat 1 2029  F_Mean 0.0990105
Model_1_goa_pop_2023.dat 1 2030 F0 0 
Model_1_goa_pop_2023.dat 1 2030 Fabc 0.0990105
Model_1_goa_pop_2023.dat 1 2030 Fofl 0.119243
Model_1_goa_pop_2023.dat 1 2030  F_LCI 0.0990105
Model_1_goa_pop_2023.dat 1 2030  F_UCI 0.0990105
Model_1_goa_pop_2023.dat 1 2030  F_Median 0.0990105
Model_1_goa_pop_2023.dat 1 2030  F_Mean 0.0990105
Model_1_goa_pop_2023.dat 1 2031 F0 0 
Model_1_goa_pop_2023.dat 1 2031 Fabc 0.0990105
Model_1_goa_pop_2023.dat 1 2031 Fofl 0.119243
Model_1_goa_pop_2023.dat 1 2031  F_LCI 0.0990105
Model_1_goa_pop_2023.dat 1 2031  F_UCI 0.0990105
Model_1_goa_pop_2023.dat 1 2031  F_Median 0.0990105
Model_1_goa_pop_2023.dat 1 2031  F_Mean 0.0990105
Model_1_goa_pop_2023.dat 1 2032 F0 0 
Model_1_goa_pop_2023.dat 1 2032 Fabc 0.0990105
Model_1_goa_pop_2023.dat 1 2032 Fofl 0.119243
Model_1_goa_pop_2023.dat 1 2032  F_LCI 0.0990105
Model_1_goa_pop_2023.dat 1 2032  F_UCI 0.0990105
Model_1_goa_pop_2023.dat 1 2032  F_Median 0.0990105
Model_1_goa_pop_2023.dat 1 2032  F_Mean 0.0990105
Model_1_goa_pop_2023.dat 1 2033 F0 0 
Model_1_goa_pop_2023.dat 1 2033 Fabc 0.0990105
Model_1_goa_pop_2023.dat 1 2033 Fofl 0.119243
Model_1_goa_pop_2023.dat 1 2033  F_LCI 0.0990105
Model_1_goa_pop_2023.dat 1 2033  F_UCI 0.0990105
Model_1_goa_pop_2023.dat 1 2033  F_Median 0.0990105
Model_1_goa_pop_2023.dat 1 2033  F_Mean 0.0990105
Model_1_goa_pop_2023.dat 1 2034 F0 0 
Model_1_goa_pop_2023.dat 1 2034 Fabc 0.0990105
Model_1_goa_pop_2023.dat 1 2034 Fofl 0.119243
Model_1_goa_pop_2023.dat 1 2034  F_LCI 0.0990105
Model_1_goa_pop_2023.dat 1 2034  F_UCI 0.0990105
Model_1_goa_pop_2023.dat 1 2034  F_Median 0.0990105
Model_1_goa_pop_2023.dat 1 2034  F_Mean 0.0990105
Model_1_goa_pop_2023.dat 1 2035 F0 0 
Model_1_goa_pop_2023.dat 1 2035 Fabc 0.0990105
Model_1_goa_pop_2023.dat 1 2035 Fofl 0.119243
Model_1_goa_pop_2023.dat 1 2035  F_LCI 0.0990105
Model_1_goa_pop_2023.dat 1 2035  F_UCI 0.0990105
Model_1_goa_pop_2023.dat 1 2035  F_Median 0.0990105
Model_1_goa_pop_2023.dat 1 2035  F_Mean 0.0990105
Model_1_goa_pop_2023.dat 1 2036 F0 0 
Model_1_goa_pop_2023.dat 1 2036 Fabc 0.0990105
Model_1_goa_pop_2023.dat 1 2036 Fofl 0.119243
Model_1_goa_pop_2023.dat 1 2036  F_LCI 0.0990105
Model_1_goa_pop_2023.dat 1 2036  F_UCI 0.0990105
Model_1_goa_pop_2023.dat 1 2036  F_Median 0.0990105
Model_1_goa_pop_2023.dat 1 2036  F_Mean 0.0989881
Model_1_goa_pop_2023.dat 1 2037 F0 0 
Model_1_goa_pop_2023.dat 1 2037 Fabc 0.0990105
Model_1_goa_pop_2023.dat 1 2037 Fofl 0.119243
Model_1_goa_pop_2023.dat 1 2037  F_LCI 0.0988598
Model_1_goa_pop_2023.dat 1 2037  F_UCI 0.0990105
Model_1_goa_pop_2023.dat 1 2037  F_Median 0.0990105
Model_1_goa_pop_2023.dat 1 2037  F_Mean 0.0988731
Model_1_goa_pop_2023.dat 2 2024 Cabc 25.3018
Model_1_goa_pop_2023.dat 2 2024 Cofl 27.0643
Model_1_goa_pop_2023.dat 2 2024 CLCI 29.794
Model_1_goa_pop_2023.dat 2 2024 CUCI 29.794
Model_1_goa_pop_2023.dat 2 2024 CMedian 29.794
Model_1_goa_pop_2023.dat 2 2024 CMean 29.794
Model_1_goa_pop_2023.dat 2 2025 Cabc 25.3018
Model_1_goa_pop_2023.dat 2 2025 Cofl 27.0643
Model_1_goa_pop_2023.dat 2 2025 CLCI 16.1515
Model_1_goa_pop_2023.dat 2 2025 CUCI 16.1515
Model_1_goa_pop_2023.dat 2 2025 CMedian 16.1515
Model_1_goa_pop_2023.dat 2 2025 CMean 16.1515
Model_1_goa_pop_2023.dat 2 2026 Cabc 25.3018
Model_1_goa_pop_2023.dat 2 2026 Cofl 27.0643
Model_1_goa_pop_2023.dat 2 2026 CLCI 12.88
Model_1_goa_pop_2023.dat 2 2026 CUCI 12.88
Model_1_goa_pop_2023.dat 2 2026 CMedian 12.88
Model_1_goa_pop_2023.dat 2 2026 CMean 12.88
Model_1_goa_pop_2023.dat 2 2027 Cabc 25.3018
Model_1_goa_pop_2023.dat 2 2027 Cofl 27.0643
Model_1_goa_pop_2023.dat 2 2027 CLCI 31.522
Model_1_goa_pop_2023.dat 2 2027 CUCI 31.522
Model_1_goa_pop_2023.dat 2 2027 CMedian 31.522
Model_1_goa_pop_2023.dat 2 2027 CMean 31.522
Model_1_goa_pop_2023.dat 2 2028 Cabc 25.3018
Model_1_goa_pop_2023.dat 2 2028 Cofl 27.0643
Model_1_goa_pop_2023.dat 2 2028 CLCI 37.6466
Model_1_goa_pop_2023.dat 2 2028 CUCI 38.0101
Model_1_goa_pop_2023.dat 2 2028 CMedian 37.764
Model_1_goa_pop_2023.dat 2 2028 CMean 37.785
Model_1_goa_pop_2023.dat 2 2029 Cabc 25.3018
Model_1_goa_pop_2023.dat 2 2029 Cofl 27.0643
Model_1_goa_pop_2023.dat 2 2029 CLCI 35.3685
Model_1_goa_pop_2023.dat 2 2029 CUCI 36.1809
Model_1_goa_pop_2023.dat 2 2029 CMedian 35.6397
Model_1_goa_pop_2023.dat 2 2029 CMean 35.6831
Model_1_goa_pop_2023.dat 2 2030 Cabc 25.3018
Model_1_goa_pop_2023.dat 2 2030 Cofl 27.0643
Model_1_goa_pop_2023.dat 2 2030 CLCI 33.1665
Model_1_goa_pop_2023.dat 2 2030 CUCI 34.6589
Model_1_goa_pop_2023.dat 2 2030 CMedian 33.6975
Model_1_goa_pop_2023.dat 2 2030 CMean 33.7719
Model_1_goa_pop_2023.dat 2 2031 Cabc 25.3018
Model_1_goa_pop_2023.dat 2 2031 Cofl 27.0643
Model_1_goa_pop_2023.dat 2 2031 CLCI 31.1596
Model_1_goa_pop_2023.dat 2 2031 CUCI 33.5336
Model_1_goa_pop_2023.dat 2 2031 CMedian 31.9737
Model_1_goa_pop_2023.dat 2 2031 CMean 32.1105
Model_1_goa_pop_2023.dat 2 2032 Cabc 25.3018
Model_1_goa_pop_2023.dat 2 2032 Cofl 27.0643
Model_1_goa_pop_2023.dat 2 2032 CLCI 29.296
Model_1_goa_pop_2023.dat 2 2032 CUCI 32.7251
Model_1_goa_pop_2023.dat 2 2032 CMedian 30.4933
Model_1_goa_pop_2023.dat 2 2032 CMean 30.7014
Model_1_goa_pop_2023.dat 2 2033 Cabc 25.3018
Model_1_goa_pop_2023.dat 2 2033 Cofl 27.0643
Model_1_goa_pop_2023.dat 2 2033 CLCI 27.6396
Model_1_goa_pop_2023.dat 2 2033 CUCI 32.1662
Model_1_goa_pop_2023.dat 2 2033 CMedian 29.3584
Model_1_goa_pop_2023.dat 2 2033 CMean 29.5582
Model_1_goa_pop_2023.dat 2 2034 Cabc 25.3018
Model_1_goa_pop_2023.dat 2 2034 Cofl 27.0643
Model_1_goa_pop_2023.dat 2 2034 CLCI 26.2555
Model_1_goa_pop_2023.dat 2 2034 CUCI 31.8501
Model_1_goa_pop_2023.dat 2 2034 CMedian 28.4685
Model_1_goa_pop_2023.dat 2 2034 CMean 28.6462
Model_1_goa_pop_2023.dat 2 2035 Cabc 25.3018
Model_1_goa_pop_2023.dat 2 2035 Cofl 27.0643
Model_1_goa_pop_2023.dat 2 2035 CLCI 25.124
Model_1_goa_pop_2023.dat 2 2035 CUCI 31.7417
Model_1_goa_pop_2023.dat 2 2035 CMedian 27.7264
Model_1_goa_pop_2023.dat 2 2035 CMean 27.9472
Model_1_goa_pop_2023.dat 2 2036 Cabc 25.3018
Model_1_goa_pop_2023.dat 2 2036 Cofl 27.0643
Model_1_goa_pop_2023.dat 2 2036 CLCI 24.1441
Model_1_goa_pop_2023.dat 2 2036 CUCI 31.4134
Model_1_goa_pop_2023.dat 2 2036 CMedian 27.1342
Model_1_goa_pop_2023.dat 2 2036 CMean 27.4163
Model_1_goa_pop_2023.dat 2 2037 Cabc 25.3018
Model_1_goa_pop_2023.dat 2 2037 Cofl 27.0643
Model_1_goa_pop_2023.dat 2 2037 CLCI 23.2929
Model_1_goa_pop_2023.dat 2 2037 CUCI 31.2799
Model_1_goa_pop_2023.dat 2 2037 CMedian 26.6823
Model_1_goa_pop_2023.dat 2 2037 CMean 27.0156
Model_1_goa_pop_2023.dat 2 2024 SSBF100 343.618
Model_1_goa_pop_2023.dat 2 2024 SSBFabc 137.447
Model_1_goa_pop_2023.dat 2 2024 SSBFofl 120.266
Model_1_goa_pop_2023.dat 2 2024 SSBLCI 234.441
Model_1_goa_pop_2023.dat 2 2024 SSBUCI 234.441
Model_1_goa_pop_2023.dat 2 2024 SSBMedian 234.441
Model_1_goa_pop_2023.dat 2 2024 SSBMean 234.441
Model_1_goa_pop_2023.dat 2 2025 SSBF100 343.618
Model_1_goa_pop_2023.dat 2 2025 SSBFabc 137.447
Model_1_goa_pop_2023.dat 2 2025 SSBFofl 120.266
Model_1_goa_pop_2023.dat 2 2025 SSBLCI 230.583
Model_1_goa_pop_2023.dat 2 2025 SSBUCI 230.612
Model_1_goa_pop_2023.dat 2 2025 SSBMedian 230.591
Model_1_goa_pop_2023.dat 2 2025 SSBMean 230.593
Model_1_goa_pop_2023.dat 2 2026 SSBF100 343.618
Model_1_goa_pop_2023.dat 2 2026 SSBFabc 137.447
Model_1_goa_pop_2023.dat 2 2026 SSBFofl 120.266
Model_1_goa_pop_2023.dat 2 2026 SSBLCI 230.838
Model_1_goa_pop_2023.dat 2 2026 SSBUCI 230.956
Model_1_goa_pop_2023.dat 2 2026 SSBMedian 230.877
Model_1_goa_pop_2023.dat 2 2026 SSBMean 230.884
Model_1_goa_pop_2023.dat 2 2027 SSBF100 343.618
Model_1_goa_pop_2023.dat 2 2027 SSBFabc 137.447
Model_1_goa_pop_2023.dat 2 2027 SSBFofl 120.266
Model_1_goa_pop_2023.dat 2 2027 SSBLCI 228.755
Model_1_goa_pop_2023.dat 2 2027 SSBUCI 229.141
Model_1_goa_pop_2023.dat 2 2027 SSBMedian 228.879
Model_1_goa_pop_2023.dat 2 2027 SSBMean 228.901
Model_1_goa_pop_2023.dat 2 2028 SSBF100 343.618
Model_1_goa_pop_2023.dat 2 2028 SSBFabc 137.447
Model_1_goa_pop_2023.dat 2 2028 SSBFofl 120.266
Model_1_goa_pop_2023.dat 2 2028 SSBLCI 219.36
Model_1_goa_pop_2023.dat 2 2028 SSBUCI 220.356
Model_1_goa_pop_2023.dat 2 2028 SSBMedian 219.683
Model_1_goa_pop_2023.dat 2 2028 SSBMean 219.739
Model_1_goa_pop_2023.dat 2 2029 SSBF100 343.618
Model_1_goa_pop_2023.dat 2 2029 SSBFabc 137.447
Model_1_goa_pop_2023.dat 2 2029 SSBFofl 120.266
Model_1_goa_pop_2023.dat 2 2029 SSBLCI 207.235
Model_1_goa_pop_2023.dat 2 2029 SSBUCI 209.497
Model_1_goa_pop_2023.dat 2 2029 SSBMedian 207.994
Model_1_goa_pop_2023.dat 2 2029 SSBMean 208.115
Model_1_goa_pop_2023.dat 2 2030 SSBF100 343.618
Model_1_goa_pop_2023.dat 2 2030 SSBFabc 137.447
Model_1_goa_pop_2023.dat 2 2030 SSBFofl 120.266
Model_1_goa_pop_2023.dat 2 2030 SSBLCI 195.068
Model_1_goa_pop_2023.dat 2 2030 SSBUCI 199.741
Model_1_goa_pop_2023.dat 2 2030 SSBMedian 196.643
Model_1_goa_pop_2023.dat 2 2030 SSBMean 196.879
Model_1_goa_pop_2023.dat 2 2031 SSBF100 343.618
Model_1_goa_pop_2023.dat 2 2031 SSBFabc 137.447
Model_1_goa_pop_2023.dat 2 2031 SSBFofl 120.266
Model_1_goa_pop_2023.dat 2 2031 SSBLCI 183.222
Model_1_goa_pop_2023.dat 2 2031 SSBUCI 191.757
Model_1_goa_pop_2023.dat 2 2031 SSBMedian 186.219
Model_1_goa_pop_2023.dat 2 2031 SSBMean 186.666
Model_1_goa_pop_2023.dat 2 2032 SSBF100 343.618
Model_1_goa_pop_2023.dat 2 2032 SSBFabc 137.447
Model_1_goa_pop_2023.dat 2 2032 SSBFofl 120.266
Model_1_goa_pop_2023.dat 2 2032 SSBLCI 172.266
Model_1_goa_pop_2023.dat 2 2032 SSBUCI 186.759
Model_1_goa_pop_2023.dat 2 2032 SSBMedian 177.241
Model_1_goa_pop_2023.dat 2 2032 SSBMean 178.028
Model_1_goa_pop_2023.dat 2 2033 SSBF100 343.618
Model_1_goa_pop_2023.dat 2 2033 SSBFabc 137.447
Model_1_goa_pop_2023.dat 2 2033 SSBFofl 120.266
Model_1_goa_pop_2023.dat 2 2033 SSBLCI 162.555
Model_1_goa_pop_2023.dat 2 2033 SSBUCI 183.395
Model_1_goa_pop_2023.dat 2 2033 SSBMedian 169.906
Model_1_goa_pop_2023.dat 2 2033 SSBMean 171.109
Model_1_goa_pop_2023.dat 2 2034 SSBF100 343.618
Model_1_goa_pop_2023.dat 2 2034 SSBFabc 137.447
Model_1_goa_pop_2023.dat 2 2034 SSBFofl 120.266
Model_1_goa_pop_2023.dat 2 2034 SSBLCI 153.978
Model_1_goa_pop_2023.dat 2 2034 SSBUCI 181.569
Model_1_goa_pop_2023.dat 2 2034 SSBMedian 164.554
Model_1_goa_pop_2023.dat 2 2034 SSBMean 165.754
Model_1_goa_pop_2023.dat 2 2035 SSBF100 343.618
Model_1_goa_pop_2023.dat 2 2035 SSBFabc 137.447
Model_1_goa_pop_2023.dat 2 2035 SSBFofl 120.266
Model_1_goa_pop_2023.dat 2 2035 SSBLCI 147.096
Model_1_goa_pop_2023.dat 2 2035 SSBUCI 180.597
Model_1_goa_pop_2023.dat 2 2035 SSBMedian 160.57
Model_1_goa_pop_2023.dat 2 2035 SSBMean 161.615
Model_1_goa_pop_2023.dat 2 2036 SSBF100 343.618
Model_1_goa_pop_2023.dat 2 2036 SSBFabc 137.447
Model_1_goa_pop_2023.dat 2 2036 SSBFofl 120.266
Model_1_goa_pop_2023.dat 2 2036 SSBLCI 141.512
Model_1_goa_pop_2023.dat 2 2036 SSBUCI 179.677
Model_1_goa_pop_2023.dat 2 2036 SSBMedian 156.962
Model_1_goa_pop_2023.dat 2 2036 SSBMean 158.387
Model_1_goa_pop_2023.dat 2 2037 SSBF100 343.618
Model_1_goa_pop_2023.dat 2 2037 SSBFabc 137.447
Model_1_goa_pop_2023.dat 2 2037 SSBFofl 120.266
Model_1_goa_pop_2023.dat 2 2037 SSBLCI 137.249
Model_1_goa_pop_2023.dat 2 2037 SSBUCI 178.871
Model_1_goa_pop_2023.dat 2 2037 SSBMedian 153.95
Model_1_goa_pop_2023.dat 2 2037 SSBMean 155.809
Model_1_goa_pop_2023.dat 2 2024 F0 0 
Model_1_goa_pop_2023.dat 2 2024 Fabc 0.0990105
Model_1_goa_pop_2023.dat 2 2024 Fofl 0.119243
Model_1_goa_pop_2023.dat 2 2024  F_LCI 0.0713322
Model_1_goa_pop_2023.dat 2 2024  F_UCI 0.0713322
Model_1_goa_pop_2023.dat 2 2024  F_Median 0.0713322
Model_1_goa_pop_2023.dat 2 2024  F_Mean 0.0713322
Model_1_goa_pop_2023.dat 2 2025 F0 0 
Model_1_goa_pop_2023.dat 2 2025 Fabc 0.0990105
Model_1_goa_pop_2023.dat 2 2025 Fofl 0.119243
Model_1_goa_pop_2023.dat 2 2025  F_LCI 0.039302
Model_1_goa_pop_2023.dat 2 2025  F_UCI 0.039303
Model_1_goa_pop_2023.dat 2 2025  F_Median 0.0393027
Model_1_goa_pop_2023.dat 2 2025  F_Mean 0.0393026
Model_1_goa_pop_2023.dat 2 2026 F0 0 
Model_1_goa_pop_2023.dat 2 2026 Fabc 0.0990105
Model_1_goa_pop_2023.dat 2 2026 Fofl 0.119243
Model_1_goa_pop_2023.dat 2 2026  F_LCI 0.0314207
Model_1_goa_pop_2023.dat 2 2026  F_UCI 0.0314363
Model_1_goa_pop_2023.dat 2 2026  F_Median 0.0314318
Model_1_goa_pop_2023.dat 2 2026  F_Mean 0.0314307
Model_1_goa_pop_2023.dat 2 2027 F0 0 
Model_1_goa_pop_2023.dat 2 2027 Fabc 0.0990105
Model_1_goa_pop_2023.dat 2 2027 Fofl 0.119243
Model_1_goa_pop_2023.dat 2 2027  F_LCI 0.0784374
Model_1_goa_pop_2023.dat 2 2027  F_UCI 0.0786672
Model_1_goa_pop_2023.dat 2 2027  F_Median 0.0785949
Model_1_goa_pop_2023.dat 2 2027  F_Mean 0.0785824
Model_1_goa_pop_2023.dat 2 2028 F0 0 
Model_1_goa_pop_2023.dat 2 2028 Fabc 0.0990105
Model_1_goa_pop_2023.dat 2 2028 Fofl 0.119243
Model_1_goa_pop_2023.dat 2 2028  F_LCI 0.0990105
Model_1_goa_pop_2023.dat 2 2028  F_UCI 0.0990105
Model_1_goa_pop_2023.dat 2 2028  F_Median 0.0990105
Model_1_goa_pop_2023.dat 2 2028  F_Mean 0.0990105
Model_1_goa_pop_2023.dat 2 2029 F0 0 
Model_1_goa_pop_2023.dat 2 2029 Fabc 0.0990105
Model_1_goa_pop_2023.dat 2 2029 Fofl 0.119243
Model_1_goa_pop_2023.dat 2 2029  F_LCI 0.0990105
Model_1_goa_pop_2023.dat 2 2029  F_UCI 0.0990105
Model_1_goa_pop_2023.dat 2 2029  F_Median 0.0990105
Model_1_goa_pop_2023.dat 2 2029  F_Mean 0.0990105
Model_1_goa_pop_2023.dat 2 2030 F0 0 
Model_1_goa_pop_2023.dat 2 2030 Fabc 0.0990105
Model_1_goa_pop_2023.dat 2 2030 Fofl 0.119243
Model_1_goa_pop_2023.dat 2 2030  F_LCI 0.0990105
Model_1_goa_pop_2023.dat 2 2030  F_UCI 0.0990105
Model_1_goa_pop_2023.dat 2 2030  F_Median 0.0990105
Model_1_goa_pop_2023.dat 2 2030  F_Mean 0.0990105
Model_1_goa_pop_2023.dat 2 2031 F0 0 
Model_1_goa_pop_2023.dat 2 2031 Fabc 0.0990105
Model_1_goa_pop_2023.dat 2 2031 Fofl 0.119243
Model_1_goa_pop_2023.dat 2 2031  F_LCI 0.0990105
Model_1_goa_pop_2023.dat 2 2031  F_UCI 0.0990105
Model_1_goa_pop_2023.dat 2 2031  F_Median 0.0990105
Model_1_goa_pop_2023.dat 2 2031  F_Mean 0.0990105
Model_1_goa_pop_2023.dat 2 2032 F0 0 
Model_1_goa_pop_2023.dat 2 2032 Fabc 0.0990105
Model_1_goa_pop_2023.dat 2 2032 Fofl 0.119243
Model_1_goa_pop_2023.dat 2 2032  F_LCI 0.0990105
Model_1_goa_pop_2023.dat 2 2032  F_UCI 0.0990105
Model_1_goa_pop_2023.dat 2 2032  F_Median 0.0990105
Model_1_goa_pop_2023.dat 2 2032  F_Mean 0.0990105
Model_1_goa_pop_2023.dat 2 2033 F0 0 
Model_1_goa_pop_2023.dat 2 2033 Fabc 0.0990105
Model_1_goa_pop_2023.dat 2 2033 Fofl 0.119243
Model_1_goa_pop_2023.dat 2 2033  F_LCI 0.0990105
Model_1_goa_pop_2023.dat 2 2033  F_UCI 0.0990105
Model_1_goa_pop_2023.dat 2 2033  F_Median 0.0990105
Model_1_goa_pop_2023.dat 2 2033  F_Mean 0.0990105
Model_1_goa_pop_2023.dat 2 2034 F0 0 
Model_1_goa_pop_2023.dat 2 2034 Fabc 0.0990105
Model_1_goa_pop_2023.dat 2 2034 Fofl 0.119243
Model_1_goa_pop_2023.dat 2 2034  F_LCI 0.0990105
Model_1_goa_pop_2023.dat 2 2034  F_UCI 0.0990105
Model_1_goa_pop_2023.dat 2 2034  F_Median 0.0990105
Model_1_goa_pop_2023.dat 2 2034  F_Mean 0.0990105
Model_1_goa_pop_2023.dat 2 2035 F0 0 
Model_1_goa_pop_2023.dat 2 2035 Fabc 0.0990105
Model_1_goa_pop_2023.dat 2 2035 Fofl 0.119243
Model_1_goa_pop_2023.dat 2 2035  F_LCI 0.0990105
Model_1_goa_pop_2023.dat 2 2035  F_UCI 0.0990105
Model_1_goa_pop_2023.dat 2 2035  F_Median 0.0990105
Model_1_goa_pop_2023.dat 2 2035  F_Mean 0.0990105
Model_1_goa_pop_2023.dat 2 2036 F0 0 
Model_1_goa_pop_2023.dat 2 2036 Fabc 0.0990105
Model_1_goa_pop_2023.dat 2 2036 Fofl 0.119243
Model_1_goa_pop_2023.dat 2 2036  F_LCI 0.0990105
Model_1_goa_pop_2023.dat 2 2036  F_UCI 0.0990105
Model_1_goa_pop_2023.dat 2 2036  F_Median 0.0990105
Model_1_goa_pop_2023.dat 2 2036  F_Mean 0.0989881
Model_1_goa_pop_2023.dat 2 2037 F0 0 
Model_1_goa_pop_2023.dat 2 2037 Fabc 0.0990105
Model_1_goa_pop_2023.dat 2 2037 Fofl 0.119243
Model_1_goa_pop_2023.dat 2 2037  F_LCI 0.0988598
Model_1_goa_pop_2023.dat 2 2037  F_UCI 0.0990105
Model_1_goa_pop_2023.dat 2 2037  F_Median 0.0990105
Model_1_goa_pop_2023.dat 2 2037  F_Mean 0.0988731
Model_1_goa_pop_2023.dat 3 2024 Cabc 25.3018
Model_1_goa_pop_2023.dat 3 2024 Cofl 27.0643
Model_1_goa_pop_2023.dat 3 2024 CLCI 29.794
Model_1_goa_pop_2023.dat 3 2024 CUCI 29.794
Model_1_goa_pop_2023.dat 3 2024 CMedian 29.794
Model_1_goa_pop_2023.dat 3 2024 CMean 29.794
Model_1_goa_pop_2023.dat 3 2025 Cabc 25.3018
Model_1_goa_pop_2023.dat 3 2025 Cofl 27.0643
Model_1_goa_pop_2023.dat 3 2025 CLCI 16.1515
Model_1_goa_pop_2023.dat 3 2025 CUCI 16.1515
Model_1_goa_pop_2023.dat 3 2025 CMedian 16.1515
Model_1_goa_pop_2023.dat 3 2025 CMean 16.1515
Model_1_goa_pop_2023.dat 3 2026 Cabc 25.3018
Model_1_goa_pop_2023.dat 3 2026 Cofl 27.0643
Model_1_goa_pop_2023.dat 3 2026 CLCI 12.88
Model_1_goa_pop_2023.dat 3 2026 CUCI 12.88
Model_1_goa_pop_2023.dat 3 2026 CMedian 12.88
Model_1_goa_pop_2023.dat 3 2026 CMean 12.88
Model_1_goa_pop_2023.dat 3 2027 Cabc 25.3018
Model_1_goa_pop_2023.dat 3 2027 Cofl 27.0643
Model_1_goa_pop_2023.dat 3 2027 CLCI 31.522
Model_1_goa_pop_2023.dat 3 2027 CUCI 31.522
Model_1_goa_pop_2023.dat 3 2027 CMedian 31.522
Model_1_goa_pop_2023.dat 3 2027 CMean 31.522
Model_1_goa_pop_2023.dat 3 2028 Cabc 25.3018
Model_1_goa_pop_2023.dat 3 2028 Cofl 27.0643
Model_1_goa_pop_2023.dat 3 2028 CLCI 19.1885
Model_1_goa_pop_2023.dat 3 2028 CUCI 19.3706
Model_1_goa_pop_2023.dat 3 2028 CMedian 19.2473
Model_1_goa_pop_2023.dat 3 2028 CMean 19.2579
Model_1_goa_pop_2023.dat 3 2029 Cabc 25.3018
Model_1_goa_pop_2023.dat 3 2029 Cofl 27.0643
Model_1_goa_pop_2023.dat 3 2029 CLCI 18.7262
Model_1_goa_pop_2023.dat 3 2029 CUCI 19.1358
Model_1_goa_pop_2023.dat 3 2029 CMedian 18.863
Model_1_goa_pop_2023.dat 3 2029 CMean 18.8847
Model_1_goa_pop_2023.dat 3 2030 Cabc 25.3018
Model_1_goa_pop_2023.dat 3 2030 Cofl 27.0643
Model_1_goa_pop_2023.dat 3 2030 CLCI 18.2124
Model_1_goa_pop_2023.dat 3 2030 CUCI 18.9722
Model_1_goa_pop_2023.dat 3 2030 CMedian 18.4828
Model_1_goa_pop_2023.dat 3 2030 CMean 18.5204
Model_1_goa_pop_2023.dat 3 2031 Cabc 25.3018
Model_1_goa_pop_2023.dat 3 2031 Cofl 27.0643
Model_1_goa_pop_2023.dat 3 2031 CLCI 17.7065
Model_1_goa_pop_2023.dat 3 2031 CUCI 18.9336
Model_1_goa_pop_2023.dat 3 2031 CMedian 18.1276
Model_1_goa_pop_2023.dat 3 2031 CMean 18.1969
Model_1_goa_pop_2023.dat 3 2032 Cabc 25.3018
Model_1_goa_pop_2023.dat 3 2032 Cofl 27.0643
Model_1_goa_pop_2023.dat 3 2032 CLCI 17.1881
Model_1_goa_pop_2023.dat 3 2032 CUCI 18.978
Model_1_goa_pop_2023.dat 3 2032 CMedian 17.8101
Model_1_goa_pop_2023.dat 3 2032 CMean 17.9198
Model_1_goa_pop_2023.dat 3 2033 Cabc 25.3018
Model_1_goa_pop_2023.dat 3 2033 Cofl 27.0643
Model_1_goa_pop_2023.dat 3 2033 CLCI 16.6924
Model_1_goa_pop_2023.dat 3 2033 CUCI 19.1005
Model_1_goa_pop_2023.dat 3 2033 CMedian 17.6047
Model_1_goa_pop_2023.dat 3 2033 CMean 17.7055
Model_1_goa_pop_2023.dat 3 2034 Cabc 25.3018
Model_1_goa_pop_2023.dat 3 2034 Cofl 27.0643
Model_1_goa_pop_2023.dat 3 2034 CLCI 16.2653
Model_1_goa_pop_2023.dat 3 2034 CUCI 19.2668
Model_1_goa_pop_2023.dat 3 2034 CMedian 17.4567
Model_1_goa_pop_2023.dat 3 2034 CMean 17.5453
Model_1_goa_pop_2023.dat 3 2035 Cabc 25.3018
Model_1_goa_pop_2023.dat 3 2035 Cofl 27.0643
Model_1_goa_pop_2023.dat 3 2035 CLCI 15.8854
Model_1_goa_pop_2023.dat 3 2035 CUCI 19.4904
Model_1_goa_pop_2023.dat 3 2035 CMedian 17.3251
Model_1_goa_pop_2023.dat 3 2035 CMean 17.4422
Model_1_goa_pop_2023.dat 3 2036 Cabc 25.3018
Model_1_goa_pop_2023.dat 3 2036 Cofl 27.0643
Model_1_goa_pop_2023.dat 3 2036 CLCI 15.5331
Model_1_goa_pop_2023.dat 3 2036 CUCI 19.7762
Model_1_goa_pop_2023.dat 3 2036 CMedian 17.2479
Model_1_goa_pop_2023.dat 3 2036 CMean 17.386
Model_1_goa_pop_2023.dat 3 2037 Cabc 25.3018
Model_1_goa_pop_2023.dat 3 2037 Cofl 27.0643
Model_1_goa_pop_2023.dat 3 2037 CLCI 15.3031
Model_1_goa_pop_2023.dat 3 2037 CUCI 19.8636
Model_1_goa_pop_2023.dat 3 2037 CMedian 17.1786
Model_1_goa_pop_2023.dat 3 2037 CMean 17.3765
Model_1_goa_pop_2023.dat 3 2024 SSBF100 343.618
Model_1_goa_pop_2023.dat 3 2024 SSBFabc 137.447
Model_1_goa_pop_2023.dat 3 2024 SSBFofl 120.266
Model_1_goa_pop_2023.dat 3 2024 SSBLCI 234.441
Model_1_goa_pop_2023.dat 3 2024 SSBUCI 234.441
Model_1_goa_pop_2023.dat 3 2024 SSBMedian 234.441
Model_1_goa_pop_2023.dat 3 2024 SSBMean 234.441
Model_1_goa_pop_2023.dat 3 2025 SSBF100 343.618
Model_1_goa_pop_2023.dat 3 2025 SSBFabc 137.447
Model_1_goa_pop_2023.dat 3 2025 SSBFofl 120.266
Model_1_goa_pop_2023.dat 3 2025 SSBLCI 230.583
Model_1_goa_pop_2023.dat 3 2025 SSBUCI 230.612
Model_1_goa_pop_2023.dat 3 2025 SSBMedian 230.591
Model_1_goa_pop_2023.dat 3 2025 SSBMean 230.593
Model_1_goa_pop_2023.dat 3 2026 SSBF100 343.618
Model_1_goa_pop_2023.dat 3 2026 SSBFabc 137.447
Model_1_goa_pop_2023.dat 3 2026 SSBFofl 120.266
Model_1_goa_pop_2023.dat 3 2026 SSBLCI 230.838
Model_1_goa_pop_2023.dat 3 2026 SSBUCI 230.956
Model_1_goa_pop_2023.dat 3 2026 SSBMedian 230.877
Model_1_goa_pop_2023.dat 3 2026 SSBMean 230.884
Model_1_goa_pop_2023.dat 3 2027 SSBF100 343.618
Model_1_goa_pop_2023.dat 3 2027 SSBFabc 137.447
Model_1_goa_pop_2023.dat 3 2027 SSBFofl 120.266
Model_1_goa_pop_2023.dat 3 2027 SSBLCI 228.755
Model_1_goa_pop_2023.dat 3 2027 SSBUCI 229.141
Model_1_goa_pop_2023.dat 3 2027 SSBMedian 228.879
Model_1_goa_pop_2023.dat 3 2027 SSBMean 228.901
Model_1_goa_pop_2023.dat 3 2028 SSBF100 343.618
Model_1_goa_pop_2023.dat 3 2028 SSBFabc 137.447
Model_1_goa_pop_2023.dat 3 2028 SSBFofl 120.266
Model_1_goa_pop_2023.dat 3 2028 SSBLCI 222.214
Model_1_goa_pop_2023.dat 3 2028 SSBUCI 223.212
Model_1_goa_pop_2023.dat 3 2028 SSBMedian 222.538
Model_1_goa_pop_2023.dat 3 2028 SSBMean 222.594
Model_1_goa_pop_2023.dat 3 2029 SSBF100 343.618
Model_1_goa_pop_2023.dat 3 2029 SSBFabc 137.447
Model_1_goa_pop_2023.dat 3 2029 SSBFofl 120.266
Model_1_goa_pop_2023.dat 3 2029 SSBLCI 218
Model_1_goa_pop_2023.dat 3 2029 SSBUCI 220.277
Model_1_goa_pop_2023.dat 3 2029 SSBMedian 218.764
Model_1_goa_pop_2023.dat 3 2029 SSBMean 218.885
Model_1_goa_pop_2023.dat 3 2030 SSBF100 343.618
Model_1_goa_pop_2023.dat 3 2030 SSBFabc 137.447
Model_1_goa_pop_2023.dat 3 2030 SSBFofl 120.266
Model_1_goa_pop_2023.dat 3 2030 SSBLCI 212.817
Model_1_goa_pop_2023.dat 3 2030 SSBUCI 217.562
Model_1_goa_pop_2023.dat 3 2030 SSBMedian 214.418
Model_1_goa_pop_2023.dat 3 2030 SSBMean 214.655
Model_1_goa_pop_2023.dat 3 2031 SSBF100 343.618
Model_1_goa_pop_2023.dat 3 2031 SSBFabc 137.447
Model_1_goa_pop_2023.dat 3 2031 SSBFofl 120.266
Model_1_goa_pop_2023.dat 3 2031 SSBLCI 206.996
Model_1_goa_pop_2023.dat 3 2031 SSBUCI 215.783
Model_1_goa_pop_2023.dat 3 2031 SSBMedian 210.067
Model_1_goa_pop_2023.dat 3 2031 SSBMean 210.527
Model_1_goa_pop_2023.dat 3 2032 SSBF100 343.618
Model_1_goa_pop_2023.dat 3 2032 SSBFabc 137.447
Model_1_goa_pop_2023.dat 3 2032 SSBFofl 120.266
Model_1_goa_pop_2023.dat 3 2032 SSBLCI 201.118
Model_1_goa_pop_2023.dat 3 2032 SSBUCI 216.264
Model_1_goa_pop_2023.dat 3 2032 SSBMedian 206.31
Model_1_goa_pop_2023.dat 3 2032 SSBMean 207.12
Model_1_goa_pop_2023.dat 3 2033 SSBF100 343.618
Model_1_goa_pop_2023.dat 3 2033 SSBFabc 137.447
Model_1_goa_pop_2023.dat 3 2033 SSBFofl 120.266
Model_1_goa_pop_2023.dat 3 2033 SSBLCI 195.668
Model_1_goa_pop_2023.dat 3 2033 SSBUCI 217.85
Model_1_goa_pop_2023.dat 3 2033 SSBMedian 203.374
Model_1_goa_pop_2023.dat 3 2033 SSBMean 204.69
Model_1_goa_pop_2023.dat 3 2034 SSBF100 343.618
Model_1_goa_pop_2023.dat 3 2034 SSBFabc 137.447
Model_1_goa_pop_2023.dat 3 2034 SSBFofl 120.266
Model_1_goa_pop_2023.dat 3 2034 SSBLCI 190.49
Model_1_goa_pop_2023.dat 3 2034 SSBUCI 220.532
Model_1_goa_pop_2023.dat 3 2034 SSBMedian 201.942
Model_1_goa_pop_2023.dat 3 2034 SSBMean 203.209
Model_1_goa_pop_2023.dat 3 2035 SSBF100 343.618
Model_1_goa_pop_2023.dat 3 2035 SSBFabc 137.447
Model_1_goa_pop_2023.dat 3 2035 SSBFofl 120.266
Model_1_goa_pop_2023.dat 3 2035 SSBLCI 186.637
Model_1_goa_pop_2023.dat 3 2035 SSBUCI 223.684
Model_1_goa_pop_2023.dat 3 2035 SSBMedian 201.226
Model_1_goa_pop_2023.dat 3 2035 SSBMean 202.437
Model_1_goa_pop_2023.dat 3 2036 SSBF100 343.618
Model_1_goa_pop_2023.dat 3 2036 SSBFabc 137.447
Model_1_goa_pop_2023.dat 3 2036 SSBFofl 120.266
Model_1_goa_pop_2023.dat 3 2036 SSBLCI 183.289
Model_1_goa_pop_2023.dat 3 2036 SSBUCI 226.867
Model_1_goa_pop_2023.dat 3 2036 SSBMedian 200.553
Model_1_goa_pop_2023.dat 3 2036 SSBMean 202.152
Model_1_goa_pop_2023.dat 3 2037 SSBF100 343.618
Model_1_goa_pop_2023.dat 3 2037 SSBFabc 137.447
Model_1_goa_pop_2023.dat 3 2037 SSBFofl 120.266
Model_1_goa_pop_2023.dat 3 2037 SSBLCI 180.979
Model_1_goa_pop_2023.dat 3 2037 SSBUCI 229.167
Model_1_goa_pop_2023.dat 3 2037 SSBMedian 200.387
Model_1_goa_pop_2023.dat 3 2037 SSBMean 202.152
Model_1_goa_pop_2023.dat 3 2024 F0 0 
Model_1_goa_pop_2023.dat 3 2024 Fabc 0.0990105
Model_1_goa_pop_2023.dat 3 2024 Fofl 0.119243
Model_1_goa_pop_2023.dat 3 2024  F_LCI 0.0713322
Model_1_goa_pop_2023.dat 3 2024  F_UCI 0.0713322
Model_1_goa_pop_2023.dat 3 2024  F_Median 0.0713322
Model_1_goa_pop_2023.dat 3 2024  F_Mean 0.0713322
Model_1_goa_pop_2023.dat 3 2025 F0 0 
Model_1_goa_pop_2023.dat 3 2025 Fabc 0.0990105
Model_1_goa_pop_2023.dat 3 2025 Fofl 0.119243
Model_1_goa_pop_2023.dat 3 2025  F_LCI 0.039302
Model_1_goa_pop_2023.dat 3 2025  F_UCI 0.039303
Model_1_goa_pop_2023.dat 3 2025  F_Median 0.0393027
Model_1_goa_pop_2023.dat 3 2025  F_Mean 0.0393026
Model_1_goa_pop_2023.dat 3 2026 F0 0 
Model_1_goa_pop_2023.dat 3 2026 Fabc 0.0990105
Model_1_goa_pop_2023.dat 3 2026 Fofl 0.119243
Model_1_goa_pop_2023.dat 3 2026  F_LCI 0.0314207
Model_1_goa_pop_2023.dat 3 2026  F_UCI 0.0314363
Model_1_goa_pop_2023.dat 3 2026  F_Median 0.0314318
Model_1_goa_pop_2023.dat 3 2026  F_Mean 0.0314307
Model_1_goa_pop_2023.dat 3 2027 F0 0 
Model_1_goa_pop_2023.dat 3 2027 Fabc 0.0990105
Model_1_goa_pop_2023.dat 3 2027 Fofl 0.119243
Model_1_goa_pop_2023.dat 3 2027  F_LCI 0.0784374
Model_1_goa_pop_2023.dat 3 2027  F_UCI 0.0786672
Model_1_goa_pop_2023.dat 3 2027  F_Median 0.0785949
Model_1_goa_pop_2023.dat 3 2027  F_Mean 0.0785824
Model_1_goa_pop_2023.dat 3 2028 F0 0 
Model_1_goa_pop_2023.dat 3 2028 Fabc 0.0990105
Model_1_goa_pop_2023.dat 3 2028 Fofl 0.119243
Model_1_goa_pop_2023.dat 3 2028  F_LCI 0.0495053
Model_1_goa_pop_2023.dat 3 2028  F_UCI 0.0495053
Model_1_goa_pop_2023.dat 3 2028  F_Median 0.0495053
Model_1_goa_pop_2023.dat 3 2028  F_Mean 0.0495053
Model_1_goa_pop_2023.dat 3 2029 F0 0 
Model_1_goa_pop_2023.dat 3 2029 Fabc 0.0990105
Model_1_goa_pop_2023.dat 3 2029 Fofl 0.119243
Model_1_goa_pop_2023.dat 3 2029  F_LCI 0.0495053
Model_1_goa_pop_2023.dat 3 2029  F_UCI 0.0495053
Model_1_goa_pop_2023.dat 3 2029  F_Median 0.0495053
Model_1_goa_pop_2023.dat 3 2029  F_Mean 0.0495053
Model_1_goa_pop_2023.dat 3 2030 F0 0 
Model_1_goa_pop_2023.dat 3 2030 Fabc 0.0990105
Model_1_goa_pop_2023.dat 3 2030 Fofl 0.119243
Model_1_goa_pop_2023.dat 3 2030  F_LCI 0.0495053
Model_1_goa_pop_2023.dat 3 2030  F_UCI 0.0495053
Model_1_goa_pop_2023.dat 3 2030  F_Median 0.0495053
Model_1_goa_pop_2023.dat 3 2030  F_Mean 0.0495053
Model_1_goa_pop_2023.dat 3 2031 F0 0 
Model_1_goa_pop_2023.dat 3 2031 Fabc 0.0990105
Model_1_goa_pop_2023.dat 3 2031 Fofl 0.119243
Model_1_goa_pop_2023.dat 3 2031  F_LCI 0.0495053
Model_1_goa_pop_2023.dat 3 2031  F_UCI 0.0495053
Model_1_goa_pop_2023.dat 3 2031  F_Median 0.0495053
Model_1_goa_pop_2023.dat 3 2031  F_Mean 0.0495053
Model_1_goa_pop_2023.dat 3 2032 F0 0 
Model_1_goa_pop_2023.dat 3 2032 Fabc 0.0990105
Model_1_goa_pop_2023.dat 3 2032 Fofl 0.119243
Model_1_goa_pop_2023.dat 3 2032  F_LCI 0.0495053
Model_1_goa_pop_2023.dat 3 2032  F_UCI 0.0495053
Model_1_goa_pop_2023.dat 3 2032  F_Median 0.0495053
Model_1_goa_pop_2023.dat 3 2032  F_Mean 0.0495053
Model_1_goa_pop_2023.dat 3 2033 F0 0 
Model_1_goa_pop_2023.dat 3 2033 Fabc 0.0990105
Model_1_goa_pop_2023.dat 3 2033 Fofl 0.119243
Model_1_goa_pop_2023.dat 3 2033  F_LCI 0.0495053
Model_1_goa_pop_2023.dat 3 2033  F_UCI 0.0495053
Model_1_goa_pop_2023.dat 3 2033  F_Median 0.0495053
Model_1_goa_pop_2023.dat 3 2033  F_Mean 0.0495053
Model_1_goa_pop_2023.dat 3 2034 F0 0 
Model_1_goa_pop_2023.dat 3 2034 Fabc 0.0990105
Model_1_goa_pop_2023.dat 3 2034 Fofl 0.119243
Model_1_goa_pop_2023.dat 3 2034  F_LCI 0.0495053
Model_1_goa_pop_2023.dat 3 2034  F_UCI 0.0495053
Model_1_goa_pop_2023.dat 3 2034  F_Median 0.0495053
Model_1_goa_pop_2023.dat 3 2034  F_Mean 0.0495053
Model_1_goa_pop_2023.dat 3 2035 F0 0 
Model_1_goa_pop_2023.dat 3 2035 Fabc 0.0990105
Model_1_goa_pop_2023.dat 3 2035 Fofl 0.119243
Model_1_goa_pop_2023.dat 3 2035  F_LCI 0.0495053
Model_1_goa_pop_2023.dat 3 2035  F_UCI 0.0495053
Model_1_goa_pop_2023.dat 3 2035  F_Median 0.0495053
Model_1_goa_pop_2023.dat 3 2035  F_Mean 0.0495053
Model_1_goa_pop_2023.dat 3 2036 F0 0 
Model_1_goa_pop_2023.dat 3 2036 Fabc 0.0990105
Model_1_goa_pop_2023.dat 3 2036 Fofl 0.119243
Model_1_goa_pop_2023.dat 3 2036  F_LCI 0.0495053
Model_1_goa_pop_2023.dat 3 2036  F_UCI 0.0495053
Model_1_goa_pop_2023.dat 3 2036  F_Median 0.0495053
Model_1_goa_pop_2023.dat 3 2036  F_Mean 0.0495053
Model_1_goa_pop_2023.dat 3 2037 F0 0 
Model_1_goa_pop_2023.dat 3 2037 Fabc 0.0990105
Model_1_goa_pop_2023.dat 3 2037 Fofl 0.119243
Model_1_goa_pop_2023.dat 3 2037  F_LCI 0.0495053
Model_1_goa_pop_2023.dat 3 2037  F_UCI 0.0495053
Model_1_goa_pop_2023.dat 3 2037  F_Median 0.0495053
Model_1_goa_pop_2023.dat 3 2037  F_Mean 0.0495053
Model_1_goa_pop_2023.dat 4 2024 Cabc 25.3018
Model_1_goa_pop_2023.dat 4 2024 Cofl 27.0643
Model_1_goa_pop_2023.dat 4 2024 CLCI 29.794
Model_1_goa_pop_2023.dat 4 2024 CUCI 29.794
Model_1_goa_pop_2023.dat 4 2024 CMedian 29.794
Model_1_goa_pop_2023.dat 4 2024 CMean 29.794
Model_1_goa_pop_2023.dat 4 2025 Cabc 25.3018
Model_1_goa_pop_2023.dat 4 2025 Cofl 27.0643
Model_1_goa_pop_2023.dat 4 2025 CLCI 16.1515
Model_1_goa_pop_2023.dat 4 2025 CUCI 16.1515
Model_1_goa_pop_2023.dat 4 2025 CMedian 16.1515
Model_1_goa_pop_2023.dat 4 2025 CMean 16.1515
Model_1_goa_pop_2023.dat 4 2026 Cabc 25.3018
Model_1_goa_pop_2023.dat 4 2026 Cofl 27.0643
Model_1_goa_pop_2023.dat 4 2026 CLCI 12.88
Model_1_goa_pop_2023.dat 4 2026 CUCI 12.88
Model_1_goa_pop_2023.dat 4 2026 CMedian 12.88
Model_1_goa_pop_2023.dat 4 2026 CMean 12.88
Model_1_goa_pop_2023.dat 4 2027 Cabc 25.3018
Model_1_goa_pop_2023.dat 4 2027 Cofl 27.0643
Model_1_goa_pop_2023.dat 4 2027 CLCI 31.522
Model_1_goa_pop_2023.dat 4 2027 CUCI 31.522
Model_1_goa_pop_2023.dat 4 2027 CMedian 31.522
Model_1_goa_pop_2023.dat 4 2027 CMean 31.522
Model_1_goa_pop_2023.dat 4 2028 Cabc 25.3018
Model_1_goa_pop_2023.dat 4 2028 Cofl 27.0643
Model_1_goa_pop_2023.dat 4 2028 CLCI 24.6223
Model_1_goa_pop_2023.dat 4 2028 CUCI 24.8572
Model_1_goa_pop_2023.dat 4 2028 CMedian 24.6981
Model_1_goa_pop_2023.dat 4 2028 CMean 24.7117
Model_1_goa_pop_2023.dat 4 2029 Cabc 25.3018
Model_1_goa_pop_2023.dat 4 2029 Cofl 27.0643
Model_1_goa_pop_2023.dat 4 2029 CLCI 23.7646
Model_1_goa_pop_2023.dat 4 2029 CUCI 24.2919
Model_1_goa_pop_2023.dat 4 2029 CMedian 23.9407
Model_1_goa_pop_2023.dat 4 2029 CMean 23.9687
Model_1_goa_pop_2023.dat 4 2030 Cabc 25.3018
Model_1_goa_pop_2023.dat 4 2030 Cofl 27.0643
Model_1_goa_pop_2023.dat 4 2030 CLCI 22.8679
Model_1_goa_pop_2023.dat 4 2030 CUCI 23.8432
Model_1_goa_pop_2023.dat 4 2030 CMedian 23.2148
Model_1_goa_pop_2023.dat 4 2030 CMean 23.2633
Model_1_goa_pop_2023.dat 4 2031 Cabc 25.3018
Model_1_goa_pop_2023.dat 4 2031 Cofl 27.0643
Model_1_goa_pop_2023.dat 4 2031 CLCI 22.0105
Model_1_goa_pop_2023.dat 4 2031 CUCI 23.5787
Model_1_goa_pop_2023.dat 4 2031 CMedian 22.5479
Model_1_goa_pop_2023.dat 4 2031 CMean 22.6376
Model_1_goa_pop_2023.dat 4 2032 Cabc 25.3018
Model_1_goa_pop_2023.dat 4 2032 Cofl 27.0643
Model_1_goa_pop_2023.dat 4 2032 CLCI 21.1657
Model_1_goa_pop_2023.dat 4 2032 CUCI 23.4465
Model_1_goa_pop_2023.dat 4 2032 CMedian 21.9579
Model_1_goa_pop_2023.dat 4 2032 CMean 22.0988
Model_1_goa_pop_2023.dat 4 2033 Cabc 25.3018
Model_1_goa_pop_2023.dat 4 2033 Cofl 27.0643
Model_1_goa_pop_2023.dat 4 2033 CLCI 20.3805
Model_1_goa_pop_2023.dat 4 2033 CUCI 23.4308
Model_1_goa_pop_2023.dat 4 2033 CMedian 21.5352
Model_1_goa_pop_2023.dat 4 2033 CMean 21.6656
Model_1_goa_pop_2023.dat 4 2034 Cabc 25.3018
Model_1_goa_pop_2023.dat 4 2034 Cofl 27.0643
Model_1_goa_pop_2023.dat 4 2034 CLCI 19.7059
Model_1_goa_pop_2023.dat 4 2034 CUCI 23.4881
Model_1_goa_pop_2023.dat 4 2034 CMedian 21.2083
Model_1_goa_pop_2023.dat 4 2034 CMean 21.325
Model_1_goa_pop_2023.dat 4 2035 Cabc 25.3018
Model_1_goa_pop_2023.dat 4 2035 Cofl 27.0643
Model_1_goa_pop_2023.dat 4 2035 CLCI 19.1221
Model_1_goa_pop_2023.dat 4 2035 CUCI 23.6626
Model_1_goa_pop_2023.dat 4 2035 CMedian 20.9278
Model_1_goa_pop_2023.dat 4 2035 CMean 21.0769
Model_1_goa_pop_2023.dat 4 2036 Cabc 25.3018
Model_1_goa_pop_2023.dat 4 2036 Cofl 27.0643
Model_1_goa_pop_2023.dat 4 2036 CLCI 18.6002
Model_1_goa_pop_2023.dat 4 2036 CUCI 23.8334
Model_1_goa_pop_2023.dat 4 2036 CMedian 20.7416
Model_1_goa_pop_2023.dat 4 2036 CMean 20.9051
Model_1_goa_pop_2023.dat 4 2037 Cabc 25.3018
Model_1_goa_pop_2023.dat 4 2037 Cofl 27.0643
Model_1_goa_pop_2023.dat 4 2037 CLCI 18.2291
Model_1_goa_pop_2023.dat 4 2037 CUCI 23.8658
Model_1_goa_pop_2023.dat 4 2037 CMedian 20.5663
Model_1_goa_pop_2023.dat 4 2037 CMean 20.8055
Model_1_goa_pop_2023.dat 4 2024 SSBF100 343.618
Model_1_goa_pop_2023.dat 4 2024 SSBFabc 137.447
Model_1_goa_pop_2023.dat 4 2024 SSBFofl 120.266
Model_1_goa_pop_2023.dat 4 2024 SSBLCI 234.441
Model_1_goa_pop_2023.dat 4 2024 SSBUCI 234.441
Model_1_goa_pop_2023.dat 4 2024 SSBMedian 234.441
Model_1_goa_pop_2023.dat 4 2024 SSBMean 234.441
Model_1_goa_pop_2023.dat 4 2025 SSBF100 343.618
Model_1_goa_pop_2023.dat 4 2025 SSBFabc 137.447
Model_1_goa_pop_2023.dat 4 2025 SSBFofl 120.266
Model_1_goa_pop_2023.dat 4 2025 SSBLCI 230.583
Model_1_goa_pop_2023.dat 4 2025 SSBUCI 230.612
Model_1_goa_pop_2023.dat 4 2025 SSBMedian 230.591
Model_1_goa_pop_2023.dat 4 2025 SSBMean 230.593
Model_1_goa_pop_2023.dat 4 2026 SSBF100 343.618
Model_1_goa_pop_2023.dat 4 2026 SSBFabc 137.447
Model_1_goa_pop_2023.dat 4 2026 SSBFofl 120.266
Model_1_goa_pop_2023.dat 4 2026 SSBLCI 230.838
Model_1_goa_pop_2023.dat 4 2026 SSBUCI 230.956
Model_1_goa_pop_2023.dat 4 2026 SSBMedian 230.877
Model_1_goa_pop_2023.dat 4 2026 SSBMean 230.884
Model_1_goa_pop_2023.dat 4 2027 SSBF100 343.618
Model_1_goa_pop_2023.dat 4 2027 SSBFabc 137.447
Model_1_goa_pop_2023.dat 4 2027 SSBFofl 120.266
Model_1_goa_pop_2023.dat 4 2027 SSBLCI 228.755
Model_1_goa_pop_2023.dat 4 2027 SSBUCI 229.141
Model_1_goa_pop_2023.dat 4 2027 SSBMedian 228.879
Model_1_goa_pop_2023.dat 4 2027 SSBMean 228.901
Model_1_goa_pop_2023.dat 4 2028 SSBF100 343.618
Model_1_goa_pop_2023.dat 4 2028 SSBFabc 137.447
Model_1_goa_pop_2023.dat 4 2028 SSBFofl 120.266
Model_1_goa_pop_2023.dat 4 2028 SSBLCI 221.381
Model_1_goa_pop_2023.dat 4 2028 SSBUCI 222.379
Model_1_goa_pop_2023.dat 4 2028 SSBMedian 221.705
Model_1_goa_pop_2023.dat 4 2028 SSBMean 221.761
Model_1_goa_pop_2023.dat 4 2029 SSBF100 343.618
Model_1_goa_pop_2023.dat 4 2029 SSBFabc 137.447
Model_1_goa_pop_2023.dat 4 2029 SSBFofl 120.266
Model_1_goa_pop_2023.dat 4 2029 SSBLCI 214.814
Model_1_goa_pop_2023.dat 4 2029 SSBUCI 217.087
Model_1_goa_pop_2023.dat 4 2029 SSBMedian 215.576
Model_1_goa_pop_2023.dat 4 2029 SSBMean 215.697
Model_1_goa_pop_2023.dat 4 2030 SSBF100 343.618
Model_1_goa_pop_2023.dat 4 2030 SSBFabc 137.447
Model_1_goa_pop_2023.dat 4 2030 SSBFofl 120.266
Model_1_goa_pop_2023.dat 4 2030 SSBLCI 207.491
Model_1_goa_pop_2023.dat 4 2030 SSBUCI 212.211
Model_1_goa_pop_2023.dat 4 2030 SSBMedian 209.085
Model_1_goa_pop_2023.dat 4 2030 SSBMean 209.321
Model_1_goa_pop_2023.dat 4 2031 SSBF100 343.618
Model_1_goa_pop_2023.dat 4 2031 SSBFabc 137.447
Model_1_goa_pop_2023.dat 4 2031 SSBFofl 120.266
Model_1_goa_pop_2023.dat 4 2031 SSBLCI 199.764
Model_1_goa_pop_2023.dat 4 2031 SSBUCI 208.474
Model_1_goa_pop_2023.dat 4 2031 SSBMedian 202.812
Model_1_goa_pop_2023.dat 4 2031 SSBMean 203.27
Model_1_goa_pop_2023.dat 4 2032 SSBF100 343.618
Model_1_goa_pop_2023.dat 4 2032 SSBFabc 137.447
Model_1_goa_pop_2023.dat 4 2032 SSBFofl 120.266
Model_1_goa_pop_2023.dat 4 2032 SSBLCI 192.22
Model_1_goa_pop_2023.dat 4 2032 SSBUCI 207.211
Model_1_goa_pop_2023.dat 4 2032 SSBMedian 197.364
Model_1_goa_pop_2023.dat 4 2032 SSBMean 198.157
Model_1_goa_pop_2023.dat 4 2033 SSBF100 343.618
Model_1_goa_pop_2023.dat 4 2033 SSBFabc 137.447
Model_1_goa_pop_2023.dat 4 2033 SSBFofl 120.266
Model_1_goa_pop_2023.dat 4 2033 SSBLCI 185.325
Model_1_goa_pop_2023.dat 4 2033 SSBUCI 207.119
Model_1_goa_pop_2023.dat 4 2033 SSBMedian 192.936
Model_1_goa_pop_2023.dat 4 2033 SSBMean 194.218
Model_1_goa_pop_2023.dat 4 2034 SSBF100 343.618
Model_1_goa_pop_2023.dat 4 2034 SSBFabc 137.447
Model_1_goa_pop_2023.dat 4 2034 SSBFofl 120.266
Model_1_goa_pop_2023.dat 4 2034 SSBLCI 178.955
Model_1_goa_pop_2023.dat 4 2034 SSBUCI 208.264
Model_1_goa_pop_2023.dat 4 2034 SSBMedian 190.161
Model_1_goa_pop_2023.dat 4 2034 SSBMean 191.396
Model_1_goa_pop_2023.dat 4 2035 SSBF100 343.618
Model_1_goa_pop_2023.dat 4 2035 SSBFabc 137.447
Model_1_goa_pop_2023.dat 4 2035 SSBFofl 120.266
Model_1_goa_pop_2023.dat 4 2035 SSBLCI 173.988
Model_1_goa_pop_2023.dat 4 2035 SSBUCI 210.022
Model_1_goa_pop_2023.dat 4 2035 SSBMedian 188.192
Model_1_goa_pop_2023.dat 4 2035 SSBMean 189.425
Model_1_goa_pop_2023.dat 4 2036 SSBF100 343.618
Model_1_goa_pop_2023.dat 4 2036 SSBFabc 137.447
Model_1_goa_pop_2023.dat 4 2036 SSBFofl 120.266
Model_1_goa_pop_2023.dat 4 2036 SSBLCI 169.883
Model_1_goa_pop_2023.dat 4 2036 SSBUCI 211.996
Model_1_goa_pop_2023.dat 4 2036 SSBMedian 186.487
Model_1_goa_pop_2023.dat 4 2036 SSBMean 188.065
Model_1_goa_pop_2023.dat 4 2037 SSBF100 343.618
Model_1_goa_pop_2023.dat 4 2037 SSBFabc 137.447
Model_1_goa_pop_2023.dat 4 2037 SSBFofl 120.266
Model_1_goa_pop_2023.dat 4 2037 SSBLCI 166.668
Model_1_goa_pop_2023.dat 4 2037 SSBUCI 213.282
Model_1_goa_pop_2023.dat 4 2037 SSBMedian 185.22
Model_1_goa_pop_2023.dat 4 2037 SSBMean 187.099
Model_1_goa_pop_2023.dat 4 2024 F0 0 
Model_1_goa_pop_2023.dat 4 2024 Fabc 0.0990105
Model_1_goa_pop_2023.dat 4 2024 Fofl 0.119243
Model_1_goa_pop_2023.dat 4 2024  F_LCI 0.0713322
Model_1_goa_pop_2023.dat 4 2024  F_UCI 0.0713322
Model_1_goa_pop_2023.dat 4 2024  F_Median 0.0713322
Model_1_goa_pop_2023.dat 4 2024  F_Mean 0.0713322
Model_1_goa_pop_2023.dat 4 2025 F0 0 
Model_1_goa_pop_2023.dat 4 2025 Fabc 0.0990105
Model_1_goa_pop_2023.dat 4 2025 Fofl 0.119243
Model_1_goa_pop_2023.dat 4 2025  F_LCI 0.039302
Model_1_goa_pop_2023.dat 4 2025  F_UCI 0.039303
Model_1_goa_pop_2023.dat 4 2025  F_Median 0.0393027
Model_1_goa_pop_2023.dat 4 2025  F_Mean 0.0393026
Model_1_goa_pop_2023.dat 4 2026 F0 0 
Model_1_goa_pop_2023.dat 4 2026 Fabc 0.0990105
Model_1_goa_pop_2023.dat 4 2026 Fofl 0.119243
Model_1_goa_pop_2023.dat 4 2026  F_LCI 0.0314207
Model_1_goa_pop_2023.dat 4 2026  F_UCI 0.0314363
Model_1_goa_pop_2023.dat 4 2026  F_Median 0.0314318
Model_1_goa_pop_2023.dat 4 2026  F_Mean 0.0314307
Model_1_goa_pop_2023.dat 4 2027 F0 0 
Model_1_goa_pop_2023.dat 4 2027 Fabc 0.0990105
Model_1_goa_pop_2023.dat 4 2027 Fofl 0.119243
Model_1_goa_pop_2023.dat 4 2027  F_LCI 0.0784374
Model_1_goa_pop_2023.dat 4 2027  F_UCI 0.0786672
Model_1_goa_pop_2023.dat 4 2027  F_Median 0.0785949
Model_1_goa_pop_2023.dat 4 2027  F_Mean 0.0785824
Model_1_goa_pop_2023.dat 4 2028 F0 0 
Model_1_goa_pop_2023.dat 4 2028 Fabc 0.0990105
Model_1_goa_pop_2023.dat 4 2028 Fofl 0.119243
Model_1_goa_pop_2023.dat 4 2028  F_LCI 0.0638806
Model_1_goa_pop_2023.dat 4 2028  F_UCI 0.0638806
Model_1_goa_pop_2023.dat 4 2028  F_Median 0.0638806
Model_1_goa_pop_2023.dat 4 2028  F_Mean 0.0638806
Model_1_goa_pop_2023.dat 4 2029 F0 0 
Model_1_goa_pop_2023.dat 4 2029 Fabc 0.0990105
Model_1_goa_pop_2023.dat 4 2029 Fofl 0.119243
Model_1_goa_pop_2023.dat 4 2029  F_LCI 0.0638806
Model_1_goa_pop_2023.dat 4 2029  F_UCI 0.0638806
Model_1_goa_pop_2023.dat 4 2029  F_Median 0.0638806
Model_1_goa_pop_2023.dat 4 2029  F_Mean 0.0638806
Model_1_goa_pop_2023.dat 4 2030 F0 0 
Model_1_goa_pop_2023.dat 4 2030 Fabc 0.0990105
Model_1_goa_pop_2023.dat 4 2030 Fofl 0.119243
Model_1_goa_pop_2023.dat 4 2030  F_LCI 0.0638806
Model_1_goa_pop_2023.dat 4 2030  F_UCI 0.0638806
Model_1_goa_pop_2023.dat 4 2030  F_Median 0.0638806
Model_1_goa_pop_2023.dat 4 2030  F_Mean 0.0638806
Model_1_goa_pop_2023.dat 4 2031 F0 0 
Model_1_goa_pop_2023.dat 4 2031 Fabc 0.0990105
Model_1_goa_pop_2023.dat 4 2031 Fofl 0.119243
Model_1_goa_pop_2023.dat 4 2031  F_LCI 0.0638806
Model_1_goa_pop_2023.dat 4 2031  F_UCI 0.0638806
Model_1_goa_pop_2023.dat 4 2031  F_Median 0.0638806
Model_1_goa_pop_2023.dat 4 2031  F_Mean 0.0638806
Model_1_goa_pop_2023.dat 4 2032 F0 0 
Model_1_goa_pop_2023.dat 4 2032 Fabc 0.0990105
Model_1_goa_pop_2023.dat 4 2032 Fofl 0.119243
Model_1_goa_pop_2023.dat 4 2032  F_LCI 0.0638806
Model_1_goa_pop_2023.dat 4 2032  F_UCI 0.0638806
Model_1_goa_pop_2023.dat 4 2032  F_Median 0.0638806
Model_1_goa_pop_2023.dat 4 2032  F_Mean 0.0638806
Model_1_goa_pop_2023.dat 4 2033 F0 0 
Model_1_goa_pop_2023.dat 4 2033 Fabc 0.0990105
Model_1_goa_pop_2023.dat 4 2033 Fofl 0.119243
Model_1_goa_pop_2023.dat 4 2033  F_LCI 0.0638806
Model_1_goa_pop_2023.dat 4 2033  F_UCI 0.0638806
Model_1_goa_pop_2023.dat 4 2033  F_Median 0.0638806
Model_1_goa_pop_2023.dat 4 2033  F_Mean 0.0638806
Model_1_goa_pop_2023.dat 4 2034 F0 0 
Model_1_goa_pop_2023.dat 4 2034 Fabc 0.0990105
Model_1_goa_pop_2023.dat 4 2034 Fofl 0.119243
Model_1_goa_pop_2023.dat 4 2034  F_LCI 0.0638806
Model_1_goa_pop_2023.dat 4 2034  F_UCI 0.0638806
Model_1_goa_pop_2023.dat 4 2034  F_Median 0.0638806
Model_1_goa_pop_2023.dat 4 2034  F_Mean 0.0638806
Model_1_goa_pop_2023.dat 4 2035 F0 0 
Model_1_goa_pop_2023.dat 4 2035 Fabc 0.0990105
Model_1_goa_pop_2023.dat 4 2035 Fofl 0.119243
Model_1_goa_pop_2023.dat 4 2035  F_LCI 0.0638806
Model_1_goa_pop_2023.dat 4 2035  F_UCI 0.0638806
Model_1_goa_pop_2023.dat 4 2035  F_Median 0.0638806
Model_1_goa_pop_2023.dat 4 2035  F_Mean 0.0638806
Model_1_goa_pop_2023.dat 4 2036 F0 0 
Model_1_goa_pop_2023.dat 4 2036 Fabc 0.0990105
Model_1_goa_pop_2023.dat 4 2036 Fofl 0.119243
Model_1_goa_pop_2023.dat 4 2036  F_LCI 0.0638806
Model_1_goa_pop_2023.dat 4 2036  F_UCI 0.0638806
Model_1_goa_pop_2023.dat 4 2036  F_Median 0.0638806
Model_1_goa_pop_2023.dat 4 2036  F_Mean 0.0638806
Model_1_goa_pop_2023.dat 4 2037 F0 0 
Model_1_goa_pop_2023.dat 4 2037 Fabc 0.0990105
Model_1_goa_pop_2023.dat 4 2037 Fofl 0.119243
Model_1_goa_pop_2023.dat 4 2037  F_LCI 0.0638806
Model_1_goa_pop_2023.dat 4 2037  F_UCI 0.0638806
Model_1_goa_pop_2023.dat 4 2037  F_Median 0.0638806
Model_1_goa_pop_2023.dat 4 2037  F_Mean 0.0638806
Model_1_goa_pop_2023.dat 5 2024 Cabc 25.3018
Model_1_goa_pop_2023.dat 5 2024 Cofl 27.0643
Model_1_goa_pop_2023.dat 5 2024 CLCI 29.794
Model_1_goa_pop_2023.dat 5 2024 CUCI 29.794
Model_1_goa_pop_2023.dat 5 2024 CMedian 29.794
Model_1_goa_pop_2023.dat 5 2024 CMean 29.794
Model_1_goa_pop_2023.dat 5 2025 Cabc 25.3018
Model_1_goa_pop_2023.dat 5 2025 Cofl 27.0643
Model_1_goa_pop_2023.dat 5 2025 CLCI 16.1515
Model_1_goa_pop_2023.dat 5 2025 CUCI 16.1515
Model_1_goa_pop_2023.dat 5 2025 CMedian 16.1515
Model_1_goa_pop_2023.dat 5 2025 CMean 16.1515
Model_1_goa_pop_2023.dat 5 2026 Cabc 25.3018
Model_1_goa_pop_2023.dat 5 2026 Cofl 27.0643
Model_1_goa_pop_2023.dat 5 2026 CLCI 12.88
Model_1_goa_pop_2023.dat 5 2026 CUCI 12.88
Model_1_goa_pop_2023.dat 5 2026 CMedian 12.88
Model_1_goa_pop_2023.dat 5 2026 CMean 12.88
Model_1_goa_pop_2023.dat 5 2027 Cabc 25.3018
Model_1_goa_pop_2023.dat 5 2027 Cofl 27.0643
Model_1_goa_pop_2023.dat 5 2027 CLCI 31.522
Model_1_goa_pop_2023.dat 5 2027 CUCI 31.522
Model_1_goa_pop_2023.dat 5 2027 CMedian 31.522
Model_1_goa_pop_2023.dat 5 2027 CMean 31.522
Model_1_goa_pop_2023.dat 5 2028 Cabc 25.3018
Model_1_goa_pop_2023.dat 5 2028 Cofl 27.0643
Model_1_goa_pop_2023.dat 5 2028 CLCI 0
Model_1_goa_pop_2023.dat 5 2028 CUCI 0
Model_1_goa_pop_2023.dat 5 2028 CMedian 0
Model_1_goa_pop_2023.dat 5 2028 CMean 0
Model_1_goa_pop_2023.dat 5 2029 Cabc 25.3018
Model_1_goa_pop_2023.dat 5 2029 Cofl 27.0643
Model_1_goa_pop_2023.dat 5 2029 CLCI 0
Model_1_goa_pop_2023.dat 5 2029 CUCI 0
Model_1_goa_pop_2023.dat 5 2029 CMedian 0
Model_1_goa_pop_2023.dat 5 2029 CMean 0
Model_1_goa_pop_2023.dat 5 2030 Cabc 25.3018
Model_1_goa_pop_2023.dat 5 2030 Cofl 27.0643
Model_1_goa_pop_2023.dat 5 2030 CLCI 0
Model_1_goa_pop_2023.dat 5 2030 CUCI 0
Model_1_goa_pop_2023.dat 5 2030 CMedian 0
Model_1_goa_pop_2023.dat 5 2030 CMean 0
Model_1_goa_pop_2023.dat 5 2031 Cabc 25.3018
Model_1_goa_pop_2023.dat 5 2031 Cofl 27.0643
Model_1_goa_pop_2023.dat 5 2031 CLCI 0
Model_1_goa_pop_2023.dat 5 2031 CUCI 0
Model_1_goa_pop_2023.dat 5 2031 CMedian 0
Model_1_goa_pop_2023.dat 5 2031 CMean 0
Model_1_goa_pop_2023.dat 5 2032 Cabc 25.3018
Model_1_goa_pop_2023.dat 5 2032 Cofl 27.0643
Model_1_goa_pop_2023.dat 5 2032 CLCI 0
Model_1_goa_pop_2023.dat 5 2032 CUCI 0
Model_1_goa_pop_2023.dat 5 2032 CMedian 0
Model_1_goa_pop_2023.dat 5 2032 CMean 0
Model_1_goa_pop_2023.dat 5 2033 Cabc 25.3018
Model_1_goa_pop_2023.dat 5 2033 Cofl 27.0643
Model_1_goa_pop_2023.dat 5 2033 CLCI 0
Model_1_goa_pop_2023.dat 5 2033 CUCI 0
Model_1_goa_pop_2023.dat 5 2033 CMedian 0
Model_1_goa_pop_2023.dat 5 2033 CMean 0
Model_1_goa_pop_2023.dat 5 2034 Cabc 25.3018
Model_1_goa_pop_2023.dat 5 2034 Cofl 27.0643
Model_1_goa_pop_2023.dat 5 2034 CLCI 0
Model_1_goa_pop_2023.dat 5 2034 CUCI 0
Model_1_goa_pop_2023.dat 5 2034 CMedian 0
Model_1_goa_pop_2023.dat 5 2034 CMean 0
Model_1_goa_pop_2023.dat 5 2035 Cabc 25.3018
Model_1_goa_pop_2023.dat 5 2035 Cofl 27.0643
Model_1_goa_pop_2023.dat 5 2035 CLCI 0
Model_1_goa_pop_2023.dat 5 2035 CUCI 0
Model_1_goa_pop_2023.dat 5 2035 CMedian 0
Model_1_goa_pop_2023.dat 5 2035 CMean 0
Model_1_goa_pop_2023.dat 5 2036 Cabc 25.3018
Model_1_goa_pop_2023.dat 5 2036 Cofl 27.0643
Model_1_goa_pop_2023.dat 5 2036 CLCI 0
Model_1_goa_pop_2023.dat 5 2036 CUCI 0
Model_1_goa_pop_2023.dat 5 2036 CMedian 0
Model_1_goa_pop_2023.dat 5 2036 CMean 0
Model_1_goa_pop_2023.dat 5 2037 Cabc 25.3018
Model_1_goa_pop_2023.dat 5 2037 Cofl 27.0643
Model_1_goa_pop_2023.dat 5 2037 CLCI 0
Model_1_goa_pop_2023.dat 5 2037 CUCI 0
Model_1_goa_pop_2023.dat 5 2037 CMedian 0
Model_1_goa_pop_2023.dat 5 2037 CMean 0
Model_1_goa_pop_2023.dat 5 2024 SSBF100 343.618
Model_1_goa_pop_2023.dat 5 2024 SSBFabc 137.447
Model_1_goa_pop_2023.dat 5 2024 SSBFofl 120.266
Model_1_goa_pop_2023.dat 5 2024 SSBLCI 234.441
Model_1_goa_pop_2023.dat 5 2024 SSBUCI 234.441
Model_1_goa_pop_2023.dat 5 2024 SSBMedian 234.441
Model_1_goa_pop_2023.dat 5 2024 SSBMean 234.441
Model_1_goa_pop_2023.dat 5 2025 SSBF100 343.618
Model_1_goa_pop_2023.dat 5 2025 SSBFabc 137.447
Model_1_goa_pop_2023.dat 5 2025 SSBFofl 120.266
Model_1_goa_pop_2023.dat 5 2025 SSBLCI 230.583
Model_1_goa_pop_2023.dat 5 2025 SSBUCI 230.612
Model_1_goa_pop_2023.dat 5 2025 SSBMedian 230.591
Model_1_goa_pop_2023.dat 5 2025 SSBMean 230.593
Model_1_goa_pop_2023.dat 5 2026 SSBF100 343.618
Model_1_goa_pop_2023.dat 5 2026 SSBFabc 137.447
Model_1_goa_pop_2023.dat 5 2026 SSBFofl 120.266
Model_1_goa_pop_2023.dat 5 2026 SSBLCI 230.838
Model_1_goa_pop_2023.dat 5 2026 SSBUCI 230.956
Model_1_goa_pop_2023.dat 5 2026 SSBMedian 230.877
Model_1_goa_pop_2023.dat 5 2026 SSBMean 230.884
Model_1_goa_pop_2023.dat 5 2027 SSBF100 343.618
Model_1_goa_pop_2023.dat 5 2027 SSBFabc 137.447
Model_1_goa_pop_2023.dat 5 2027 SSBFofl 120.266
Model_1_goa_pop_2023.dat 5 2027 SSBLCI 228.755
Model_1_goa_pop_2023.dat 5 2027 SSBUCI 229.141
Model_1_goa_pop_2023.dat 5 2027 SSBMedian 228.879
Model_1_goa_pop_2023.dat 5 2027 SSBMean 228.901
Model_1_goa_pop_2023.dat 5 2028 SSBF100 343.618
Model_1_goa_pop_2023.dat 5 2028 SSBFabc 137.447
Model_1_goa_pop_2023.dat 5 2028 SSBFofl 120.266
Model_1_goa_pop_2023.dat 5 2028 SSBLCI 225.107
Model_1_goa_pop_2023.dat 5 2028 SSBUCI 226.108
Model_1_goa_pop_2023.dat 5 2028 SSBMedian 225.432
Model_1_goa_pop_2023.dat 5 2028 SSBMean 225.488
Model_1_goa_pop_2023.dat 5 2029 SSBF100 343.618
Model_1_goa_pop_2023.dat 5 2029 SSBFabc 137.447
Model_1_goa_pop_2023.dat 5 2029 SSBFofl 120.266
Model_1_goa_pop_2023.dat 5 2029 SSBLCI 229.363
Model_1_goa_pop_2023.dat 5 2029 SSBUCI 231.657
Model_1_goa_pop_2023.dat 5 2029 SSBMedian 230.131
Model_1_goa_pop_2023.dat 5 2029 SSBMean 230.254
Model_1_goa_pop_2023.dat 5 2030 SSBF100 343.618
Model_1_goa_pop_2023.dat 5 2030 SSBFabc 137.447
Model_1_goa_pop_2023.dat 5 2030 SSBFofl 120.266
Model_1_goa_pop_2023.dat 5 2030 SSBLCI 232.314
Model_1_goa_pop_2023.dat 5 2030 SSBUCI 237.147
Model_1_goa_pop_2023.dat 5 2030 SSBMedian 233.942
Model_1_goa_pop_2023.dat 5 2030 SSBMean 234.183
Model_1_goa_pop_2023.dat 5 2031 SSBF100 343.618
Model_1_goa_pop_2023.dat 5 2031 SSBFabc 137.447
Model_1_goa_pop_2023.dat 5 2031 SSBFofl 120.266
Model_1_goa_pop_2023.dat 5 2031 SSBLCI 234.158
Model_1_goa_pop_2023.dat 5 2031 SSBUCI 243.218
Model_1_goa_pop_2023.dat 5 2031 SSBMedian 237.293
Model_1_goa_pop_2023.dat 5 2031 SSBMean 237.78
Model_1_goa_pop_2023.dat 5 2032 SSBF100 343.618
Model_1_goa_pop_2023.dat 5 2032 SSBFabc 137.447
Model_1_goa_pop_2023.dat 5 2032 SSBFofl 120.266
Model_1_goa_pop_2023.dat 5 2032 SSBLCI 235.363
Model_1_goa_pop_2023.dat 5 2032 SSBUCI 251.096
Model_1_goa_pop_2023.dat 5 2032 SSBMedian 240.799
Model_1_goa_pop_2023.dat 5 2032 SSBMean 241.624
Model_1_goa_pop_2023.dat 5 2033 SSBF100 343.618
Model_1_goa_pop_2023.dat 5 2033 SSBFabc 137.447
Model_1_goa_pop_2023.dat 5 2033 SSBFofl 120.266
Model_1_goa_pop_2023.dat 5 2033 SSBLCI 236.405
Model_1_goa_pop_2023.dat 5 2033 SSBUCI 260.089
Model_1_goa_pop_2023.dat 5 2033 SSBMedian 244.503
Model_1_goa_pop_2023.dat 5 2033 SSBMean 245.982
Model_1_goa_pop_2023.dat 5 2034 SSBF100 343.618
Model_1_goa_pop_2023.dat 5 2034 SSBFabc 137.447
Model_1_goa_pop_2023.dat 5 2034 SSBFofl 120.266
Model_1_goa_pop_2023.dat 5 2034 SSBLCI 237.206
Model_1_goa_pop_2023.dat 5 2034 SSBUCI 269.867
Model_1_goa_pop_2023.dat 5 2034 SSBMedian 249.413
Model_1_goa_pop_2023.dat 5 2034 SSBMean 250.872
Model_1_goa_pop_2023.dat 5 2035 SSBF100 343.618
Model_1_goa_pop_2023.dat 5 2035 SSBFabc 137.447
Model_1_goa_pop_2023.dat 5 2035 SSBFofl 120.266
Model_1_goa_pop_2023.dat 5 2035 SSBLCI 238.421
Model_1_goa_pop_2023.dat 5 2035 SSBUCI 279.813
Model_1_goa_pop_2023.dat 5 2035 SSBMedian 254.508
Model_1_goa_pop_2023.dat 5 2035 SSBMean 256.083
Model_1_goa_pop_2023.dat 5 2036 SSBF100 343.618
Model_1_goa_pop_2023.dat 5 2036 SSBFabc 137.447
Model_1_goa_pop_2023.dat 5 2036 SSBFofl 120.266
Model_1_goa_pop_2023.dat 5 2036 SSBLCI 240.004
Model_1_goa_pop_2023.dat 5 2036 SSBUCI 289.229
Model_1_goa_pop_2023.dat 5 2036 SSBMedian 259.827
Model_1_goa_pop_2023.dat 5 2036 SSBMean 261.43
Model_1_goa_pop_2023.dat 5 2037 SSBF100 343.618
Model_1_goa_pop_2023.dat 5 2037 SSBFabc 137.447
Model_1_goa_pop_2023.dat 5 2037 SSBFofl 120.266
Model_1_goa_pop_2023.dat 5 2037 SSBLCI 241.64
Model_1_goa_pop_2023.dat 5 2037 SSBUCI 298.809
Model_1_goa_pop_2023.dat 5 2037 SSBMedian 264.779
Model_1_goa_pop_2023.dat 5 2037 SSBMean 266.724
Model_1_goa_pop_2023.dat 5 2024 F0 0 
Model_1_goa_pop_2023.dat 5 2024 Fabc 0.0990105
Model_1_goa_pop_2023.dat 5 2024 Fofl 0.119243
Model_1_goa_pop_2023.dat 5 2024  F_LCI 0.0713322
Model_1_goa_pop_2023.dat 5 2024  F_UCI 0.0713322
Model_1_goa_pop_2023.dat 5 2024  F_Median 0.0713322
Model_1_goa_pop_2023.dat 5 2024  F_Mean 0.0713322
Model_1_goa_pop_2023.dat 5 2025 F0 0 
Model_1_goa_pop_2023.dat 5 2025 Fabc 0.0990105
Model_1_goa_pop_2023.dat 5 2025 Fofl 0.119243
Model_1_goa_pop_2023.dat 5 2025  F_LCI 0.039302
Model_1_goa_pop_2023.dat 5 2025  F_UCI 0.039303
Model_1_goa_pop_2023.dat 5 2025  F_Median 0.0393027
Model_1_goa_pop_2023.dat 5 2025  F_Mean 0.0393026
Model_1_goa_pop_2023.dat 5 2026 F0 0 
Model_1_goa_pop_2023.dat 5 2026 Fabc 0.0990105
Model_1_goa_pop_2023.dat 5 2026 Fofl 0.119243
Model_1_goa_pop_2023.dat 5 2026  F_LCI 0.0314207
Model_1_goa_pop_2023.dat 5 2026  F_UCI 0.0314363
Model_1_goa_pop_2023.dat 5 2026  F_Median 0.0314318
Model_1_goa_pop_2023.dat 5 2026  F_Mean 0.0314307
Model_1_goa_pop_2023.dat 5 2027 F0 0 
Model_1_goa_pop_2023.dat 5 2027 Fabc 0.0990105
Model_1_goa_pop_2023.dat 5 2027 Fofl 0.119243
Model_1_goa_pop_2023.dat 5 2027  F_LCI 0.0784374
Model_1_goa_pop_2023.dat 5 2027  F_UCI 0.0786672
Model_1_goa_pop_2023.dat 5 2027  F_Median 0.0785949
Model_1_goa_pop_2023.dat 5 2027  F_Mean 0.0785824
Model_1_goa_pop_2023.dat 5 2028 F0 0 
Model_1_goa_pop_2023.dat 5 2028 Fabc 0.0990105
Model_1_goa_pop_2023.dat 5 2028 Fofl 0.119243
Model_1_goa_pop_2023.dat 5 2028  F_LCI 0
Model_1_goa_pop_2023.dat 5 2028  F_UCI 0
Model_1_goa_pop_2023.dat 5 2028  F_Median 0
Model_1_goa_pop_2023.dat 5 2028  F_Mean 0
Model_1_goa_pop_2023.dat 5 2029 F0 0 
Model_1_goa_pop_2023.dat 5 2029 Fabc 0.0990105
Model_1_goa_pop_2023.dat 5 2029 Fofl 0.119243
Model_1_goa_pop_2023.dat 5 2029  F_LCI 0
Model_1_goa_pop_2023.dat 5 2029  F_UCI 0
Model_1_goa_pop_2023.dat 5 2029  F_Median 0
Model_1_goa_pop_2023.dat 5 2029  F_Mean 0
Model_1_goa_pop_2023.dat 5 2030 F0 0 
Model_1_goa_pop_2023.dat 5 2030 Fabc 0.0990105
Model_1_goa_pop_2023.dat 5 2030 Fofl 0.119243
Model_1_goa_pop_2023.dat 5 2030  F_LCI 0
Model_1_goa_pop_2023.dat 5 2030  F_UCI 0
Model_1_goa_pop_2023.dat 5 2030  F_Median 0
Model_1_goa_pop_2023.dat 5 2030  F_Mean 0
Model_1_goa_pop_2023.dat 5 2031 F0 0 
Model_1_goa_pop_2023.dat 5 2031 Fabc 0.0990105
Model_1_goa_pop_2023.dat 5 2031 Fofl 0.119243
Model_1_goa_pop_2023.dat 5 2031  F_LCI 0
Model_1_goa_pop_2023.dat 5 2031  F_UCI 0
Model_1_goa_pop_2023.dat 5 2031  F_Median 0
Model_1_goa_pop_2023.dat 5 2031  F_Mean 0
Model_1_goa_pop_2023.dat 5 2032 F0 0 
Model_1_goa_pop_2023.dat 5 2032 Fabc 0.0990105
Model_1_goa_pop_2023.dat 5 2032 Fofl 0.119243
Model_1_goa_pop_2023.dat 5 2032  F_LCI 0
Model_1_goa_pop_2023.dat 5 2032  F_UCI 0
Model_1_goa_pop_2023.dat 5 2032  F_Median 0
Model_1_goa_pop_2023.dat 5 2032  F_Mean 0
Model_1_goa_pop_2023.dat 5 2033 F0 0 
Model_1_goa_pop_2023.dat 5 2033 Fabc 0.0990105
Model_1_goa_pop_2023.dat 5 2033 Fofl 0.119243
Model_1_goa_pop_2023.dat 5 2033  F_LCI 0
Model_1_goa_pop_2023.dat 5 2033  F_UCI 0
Model_1_goa_pop_2023.dat 5 2033  F_Median 0
Model_1_goa_pop_2023.dat 5 2033  F_Mean 0
Model_1_goa_pop_2023.dat 5 2034 F0 0 
Model_1_goa_pop_2023.dat 5 2034 Fabc 0.0990105
Model_1_goa_pop_2023.dat 5 2034 Fofl 0.119243
Model_1_goa_pop_2023.dat 5 2034  F_LCI 0
Model_1_goa_pop_2023.dat 5 2034  F_UCI 0
Model_1_goa_pop_2023.dat 5 2034  F_Median 0
Model_1_goa_pop_2023.dat 5 2034  F_Mean 0
Model_1_goa_pop_2023.dat 5 2035 F0 0 
Model_1_goa_pop_2023.dat 5 2035 Fabc 0.0990105
Model_1_goa_pop_2023.dat 5 2035 Fofl 0.119243
Model_1_goa_pop_2023.dat 5 2035  F_LCI 0
Model_1_goa_pop_2023.dat 5 2035  F_UCI 0
Model_1_goa_pop_2023.dat 5 2035  F_Median 0
Model_1_goa_pop_2023.dat 5 2035  F_Mean 0
Model_1_goa_pop_2023.dat 5 2036 F0 0 
Model_1_goa_pop_2023.dat 5 2036 Fabc 0.0990105
Model_1_goa_pop_2023.dat 5 2036 Fofl 0.119243
Model_1_goa_pop_2023.dat 5 2036  F_LCI 0
Model_1_goa_pop_2023.dat 5 2036  F_UCI 0
Model_1_goa_pop_2023.dat 5 2036  F_Median 0
Model_1_goa_pop_2023.dat 5 2036  F_Mean 0
Model_1_goa_pop_2023.dat 5 2037 F0 0 
Model_1_goa_pop_2023.dat 5 2037 Fabc 0.0990105
Model_1_goa_pop_2023.dat 5 2037 Fofl 0.119243
Model_1_goa_pop_2023.dat 5 2037  F_LCI 0
Model_1_goa_pop_2023.dat 5 2037  F_UCI 0
Model_1_goa_pop_2023.dat 5 2037  F_Median 0
Model_1_goa_pop_2023.dat 5 2037  F_Mean 0
Model_1_goa_pop_2023.dat 6 2024 Cabc 25.3018
Model_1_goa_pop_2023.dat 6 2024 Cofl 27.0643
Model_1_goa_pop_2023.dat 6 2024 CLCI 29.794
Model_1_goa_pop_2023.dat 6 2024 CUCI 29.794
Model_1_goa_pop_2023.dat 6 2024 CMedian 29.794
Model_1_goa_pop_2023.dat 6 2024 CMean 29.794
Model_1_goa_pop_2023.dat 6 2025 Cabc 25.3018
Model_1_goa_pop_2023.dat 6 2025 Cofl 27.0643
Model_1_goa_pop_2023.dat 6 2025 CLCI 47.5178
Model_1_goa_pop_2023.dat 6 2025 CUCI 47.5189
Model_1_goa_pop_2023.dat 6 2025 CMedian 47.5181
Model_1_goa_pop_2023.dat 6 2025 CMean 47.5182
Model_1_goa_pop_2023.dat 6 2026 Cabc 25.3018
Model_1_goa_pop_2023.dat 6 2026 Cofl 27.0643
Model_1_goa_pop_2023.dat 6 2026 CLCI 44.4616
Model_1_goa_pop_2023.dat 6 2026 CUCI 44.485
Model_1_goa_pop_2023.dat 6 2026 CMedian 44.4685
Model_1_goa_pop_2023.dat 6 2026 CMean 44.4703
Model_1_goa_pop_2023.dat 6 2027 Cabc 25.3018
Model_1_goa_pop_2023.dat 6 2027 Cofl 27.0643
Model_1_goa_pop_2023.dat 6 2027 CLCI 41.5612
Model_1_goa_pop_2023.dat 6 2027 CUCI 41.6944
Model_1_goa_pop_2023.dat 6 2027 CMedian 41.6038
Model_1_goa_pop_2023.dat 6 2027 CMean 41.6116
Model_1_goa_pop_2023.dat 6 2028 Cabc 25.3018
Model_1_goa_pop_2023.dat 6 2028 Cofl 27.0643
Model_1_goa_pop_2023.dat 6 2028 CLCI 38.8041
Model_1_goa_pop_2023.dat 6 2028 CUCI 39.2323
Model_1_goa_pop_2023.dat 6 2028 CMedian 38.9424
Model_1_goa_pop_2023.dat 6 2028 CMean 38.9673
Model_1_goa_pop_2023.dat 6 2029 Cabc 25.3018
Model_1_goa_pop_2023.dat 6 2029 Cofl 27.0643
Model_1_goa_pop_2023.dat 6 2029 CLCI 36.2239
Model_1_goa_pop_2023.dat 6 2029 CUCI 37.1896
Model_1_goa_pop_2023.dat 6 2029 CMedian 36.5456
Model_1_goa_pop_2023.dat 6 2029 CMean 36.5984
Model_1_goa_pop_2023.dat 6 2030 Cabc 25.3018
Model_1_goa_pop_2023.dat 6 2030 Cofl 27.0643
Model_1_goa_pop_2023.dat 6 2030 CLCI 33.8025
Model_1_goa_pop_2023.dat 6 2030 CUCI 35.577
Model_1_goa_pop_2023.dat 6 2030 CMedian 34.436
Model_1_goa_pop_2023.dat 6 2030 CMean 34.5234
Model_1_goa_pop_2023.dat 6 2031 Cabc 25.3018
Model_1_goa_pop_2023.dat 6 2031 Cofl 27.0643
Model_1_goa_pop_2023.dat 6 2031 CLCI 31.6623
Model_1_goa_pop_2023.dat 6 2031 CUCI 34.4695
Model_1_goa_pop_2023.dat 6 2031 CMedian 32.6295
Model_1_goa_pop_2023.dat 6 2031 CMean 32.789
Model_1_goa_pop_2023.dat 6 2032 Cabc 25.3018
Model_1_goa_pop_2023.dat 6 2032 Cofl 27.0643
Model_1_goa_pop_2023.dat 6 2032 CLCI 29.7218
Model_1_goa_pop_2023.dat 6 2032 CUCI 33.7671
Model_1_goa_pop_2023.dat 6 2032 CMedian 31.149
Model_1_goa_pop_2023.dat 6 2032 CMean 31.3818
Model_1_goa_pop_2023.dat 6 2033 Cabc 25.3018
Model_1_goa_pop_2023.dat 6 2033 Cofl 27.0643
Model_1_goa_pop_2023.dat 6 2033 CLCI 27.7164
Model_1_goa_pop_2023.dat 6 2033 CUCI 33.3384
Model_1_goa_pop_2023.dat 6 2033 CMedian 30.0497
Model_1_goa_pop_2023.dat 6 2033 CMean 30.2512
Model_1_goa_pop_2023.dat 6 2034 Cabc 25.3018
Model_1_goa_pop_2023.dat 6 2034 Cofl 27.0643
Model_1_goa_pop_2023.dat 6 2034 CLCI 25.1186
Model_1_goa_pop_2023.dat 6 2034 CUCI 33.1801
Model_1_goa_pop_2023.dat 6 2034 CMedian 29.2705
Model_1_goa_pop_2023.dat 6 2034 CMean 29.0633
Model_1_goa_pop_2023.dat 6 2035 Cabc 25.3018
Model_1_goa_pop_2023.dat 6 2035 Cofl 27.0643
Model_1_goa_pop_2023.dat 6 2035 CLCI 23.2768
Model_1_goa_pop_2023.dat 6 2035 CUCI 33.2003
Model_1_goa_pop_2023.dat 6 2035 CMedian 28.2886
Model_1_goa_pop_2023.dat 6 2035 CMean 28.1185
Model_1_goa_pop_2023.dat 6 2036 Cabc 25.3018
Model_1_goa_pop_2023.dat 6 2036 Cofl 27.0643
Model_1_goa_pop_2023.dat 6 2036 CLCI 22.0936
Model_1_goa_pop_2023.dat 6 2036 CUCI 33.1174
Model_1_goa_pop_2023.dat 6 2036 CMedian 27.3708
Model_1_goa_pop_2023.dat 6 2036 CMean 27.4779
Model_1_goa_pop_2023.dat 6 2037 Cabc 25.3018
Model_1_goa_pop_2023.dat 6 2037 Cofl 27.0643
Model_1_goa_pop_2023.dat 6 2037 CLCI 21.137
Model_1_goa_pop_2023.dat 6 2037 CUCI 33.0952
Model_1_goa_pop_2023.dat 6 2037 CMedian 26.7857
Model_1_goa_pop_2023.dat 6 2037 CMean 27.0958
Model_1_goa_pop_2023.dat 6 2024 SSBF100 343.618
Model_1_goa_pop_2023.dat 6 2024 SSBFabc 137.447
Model_1_goa_pop_2023.dat 6 2024 SSBFofl 120.266
Model_1_goa_pop_2023.dat 6 2024 SSBLCI 234.441
Model_1_goa_pop_2023.dat 6 2024 SSBUCI 234.441
Model_1_goa_pop_2023.dat 6 2024 SSBMedian 234.441
Model_1_goa_pop_2023.dat 6 2024 SSBMean 234.441
Model_1_goa_pop_2023.dat 6 2025 SSBF100 343.618
Model_1_goa_pop_2023.dat 6 2025 SSBFabc 137.447
Model_1_goa_pop_2023.dat 6 2025 SSBFofl 120.266
Model_1_goa_pop_2023.dat 6 2025 SSBLCI 225.804
Model_1_goa_pop_2023.dat 6 2025 SSBUCI 225.833
Model_1_goa_pop_2023.dat 6 2025 SSBMedian 225.812
Model_1_goa_pop_2023.dat 6 2025 SSBMean 225.815
Model_1_goa_pop_2023.dat 6 2026 SSBF100 343.618
Model_1_goa_pop_2023.dat 6 2026 SSBFabc 137.447
Model_1_goa_pop_2023.dat 6 2026 SSBFofl 120.266
Model_1_goa_pop_2023.dat 6 2026 SSBLCI 212.347
Model_1_goa_pop_2023.dat 6 2026 SSBUCI 212.464
Model_1_goa_pop_2023.dat 6 2026 SSBMedian 212.386
Model_1_goa_pop_2023.dat 6 2026 SSBMean 212.393
Model_1_goa_pop_2023.dat 6 2027 SSBF100 343.618
Model_1_goa_pop_2023.dat 6 2027 SSBFabc 137.447
Model_1_goa_pop_2023.dat 6 2027 SSBFofl 120.266
Model_1_goa_pop_2023.dat 6 2027 SSBLCI 199.906
Model_1_goa_pop_2023.dat 6 2027 SSBUCI 200.276
Model_1_goa_pop_2023.dat 6 2027 SSBMedian 200.026
Model_1_goa_pop_2023.dat 6 2027 SSBMean 200.047
Model_1_goa_pop_2023.dat 6 2028 SSBF100 343.618
Model_1_goa_pop_2023.dat 6 2028 SSBFabc 137.447
Model_1_goa_pop_2023.dat 6 2028 SSBFofl 120.266
Model_1_goa_pop_2023.dat 6 2028 SSBLCI 188.007
Model_1_goa_pop_2023.dat 6 2028 SSBUCI 188.963
Model_1_goa_pop_2023.dat 6 2028 SSBMedian 188.319
Model_1_goa_pop_2023.dat 6 2028 SSBMean 188.373
Model_1_goa_pop_2023.dat 6 2029 SSBF100 343.618
Model_1_goa_pop_2023.dat 6 2029 SSBFabc 137.447
Model_1_goa_pop_2023.dat 6 2029 SSBFofl 120.266
Model_1_goa_pop_2023.dat 6 2029 SSBLCI 176.26
Model_1_goa_pop_2023.dat 6 2029 SSBUCI 178.477
Model_1_goa_pop_2023.dat 6 2029 SSBMedian 177.004
Model_1_goa_pop_2023.dat 6 2029 SSBMean 177.126
Model_1_goa_pop_2023.dat 6 2030 SSBF100 343.618
Model_1_goa_pop_2023.dat 6 2030 SSBFabc 137.447
Model_1_goa_pop_2023.dat 6 2030 SSBFofl 120.266
Model_1_goa_pop_2023.dat 6 2030 SSBLCI 164.827
Model_1_goa_pop_2023.dat 6 2030 SSBUCI 169.451
Model_1_goa_pop_2023.dat 6 2030 SSBMedian 166.385
Model_1_goa_pop_2023.dat 6 2030 SSBMean 166.616
Model_1_goa_pop_2023.dat 6 2031 SSBF100 343.618
Model_1_goa_pop_2023.dat 6 2031 SSBFabc 137.447
Model_1_goa_pop_2023.dat 6 2031 SSBFofl 120.266
Model_1_goa_pop_2023.dat 6 2031 SSBLCI 153.986
Model_1_goa_pop_2023.dat 6 2031 SSBUCI 162.416
Model_1_goa_pop_2023.dat 6 2031 SSBMedian 156.942
Model_1_goa_pop_2023.dat 6 2031 SSBMean 157.38
Model_1_goa_pop_2023.dat 6 2032 SSBF100 343.618
Model_1_goa_pop_2023.dat 6 2032 SSBFabc 137.447
Model_1_goa_pop_2023.dat 6 2032 SSBFofl 120.266
Model_1_goa_pop_2023.dat 6 2032 SSBLCI 144.222
Model_1_goa_pop_2023.dat 6 2032 SSBUCI 158.358
Model_1_goa_pop_2023.dat 6 2032 SSBMedian 149.065
Model_1_goa_pop_2023.dat 6 2032 SSBMean 149.852
Model_1_goa_pop_2023.dat 6 2033 SSBF100 343.618
Model_1_goa_pop_2023.dat 6 2033 SSBFabc 137.447
Model_1_goa_pop_2023.dat 6 2033 SSBFofl 120.266
Model_1_goa_pop_2023.dat 6 2033 SSBLCI 135.775
Model_1_goa_pop_2023.dat 6 2033 SSBUCI 155.982
Model_1_goa_pop_2023.dat 6 2033 SSBMedian 142.843
Model_1_goa_pop_2023.dat 6 2033 SSBMean 144.086
Model_1_goa_pop_2023.dat 6 2034 SSBF100 343.618
Model_1_goa_pop_2023.dat 6 2034 SSBFabc 137.447
Model_1_goa_pop_2023.dat 6 2034 SSBFofl 120.266
Model_1_goa_pop_2023.dat 6 2034 SSBLCI 128.829
Model_1_goa_pop_2023.dat 6 2034 SSBUCI 155.019
Model_1_goa_pop_2023.dat 6 2034 SSBMedian 138.597
Model_1_goa_pop_2023.dat 6 2034 SSBMean 139.905
Model_1_goa_pop_2023.dat 6 2035 SSBF100 343.618
Model_1_goa_pop_2023.dat 6 2035 SSBFabc 137.447
Model_1_goa_pop_2023.dat 6 2035 SSBFofl 120.266
Model_1_goa_pop_2023.dat 6 2035 SSBLCI 123.943
Model_1_goa_pop_2023.dat 6 2035 SSBUCI 154.79
Model_1_goa_pop_2023.dat 6 2035 SSBMedian 135.914
Model_1_goa_pop_2023.dat 6 2035 SSBMean 137.007
Model_1_goa_pop_2023.dat 6 2036 SSBF100 343.618
Model_1_goa_pop_2023.dat 6 2036 SSBFabc 137.447
Model_1_goa_pop_2023.dat 6 2036 SSBFofl 120.266
Model_1_goa_pop_2023.dat 6 2036 SSBLCI 120.358
Model_1_goa_pop_2023.dat 6 2036 SSBUCI 154.277
Model_1_goa_pop_2023.dat 6 2036 SSBMedian 133.146
Model_1_goa_pop_2023.dat 6 2036 SSBMean 135.036
Model_1_goa_pop_2023.dat 6 2037 SSBF100 343.618
Model_1_goa_pop_2023.dat 6 2037 SSBFabc 137.447
Model_1_goa_pop_2023.dat 6 2037 SSBFofl 120.266
Model_1_goa_pop_2023.dat 6 2037 SSBLCI 118.16
Model_1_goa_pop_2023.dat 6 2037 SSBUCI 154.666
Model_1_goa_pop_2023.dat 6 2037 SSBMedian 131.864
Model_1_goa_pop_2023.dat 6 2037 SSBMean 133.678
Model_1_goa_pop_2023.dat 6 2024 F0 0 
Model_1_goa_pop_2023.dat 6 2024 Fabc 0.0990105
Model_1_goa_pop_2023.dat 6 2024 Fofl 0.119243
Model_1_goa_pop_2023.dat 6 2024  F_LCI 0.0713322
Model_1_goa_pop_2023.dat 6 2024  F_UCI 0.0713322
Model_1_goa_pop_2023.dat 6 2024  F_Median 0.0713322
Model_1_goa_pop_2023.dat 6 2024  F_Mean 0.0713322
Model_1_goa_pop_2023.dat 6 2025 F0 0 
Model_1_goa_pop_2023.dat 6 2025 Fabc 0.0990105
Model_1_goa_pop_2023.dat 6 2025 Fofl 0.119243
Model_1_goa_pop_2023.dat 6 2025  F_LCI 0.119243
Model_1_goa_pop_2023.dat 6 2025  F_UCI 0.119243
Model_1_goa_pop_2023.dat 6 2025  F_Median 0.119243
Model_1_goa_pop_2023.dat 6 2025  F_Mean 0.119243
Model_1_goa_pop_2023.dat 6 2026 F0 0 
Model_1_goa_pop_2023.dat 6 2026 Fabc 0.0990105
Model_1_goa_pop_2023.dat 6 2026 Fofl 0.119243
Model_1_goa_pop_2023.dat 6 2026  F_LCI 0.119243
Model_1_goa_pop_2023.dat 6 2026  F_UCI 0.119243
Model_1_goa_pop_2023.dat 6 2026  F_Median 0.119243
Model_1_goa_pop_2023.dat 6 2026  F_Mean 0.119243
Model_1_goa_pop_2023.dat 6 2027 F0 0 
Model_1_goa_pop_2023.dat 6 2027 Fabc 0.0990105
Model_1_goa_pop_2023.dat 6 2027 Fofl 0.119243
Model_1_goa_pop_2023.dat 6 2027  F_LCI 0.119243
Model_1_goa_pop_2023.dat 6 2027  F_UCI 0.119243
Model_1_goa_pop_2023.dat 6 2027  F_Median 0.119243
Model_1_goa_pop_2023.dat 6 2027  F_Mean 0.119243
Model_1_goa_pop_2023.dat 6 2028 F0 0 
Model_1_goa_pop_2023.dat 6 2028 Fabc 0.0990105
Model_1_goa_pop_2023.dat 6 2028 Fofl 0.119243
Model_1_goa_pop_2023.dat 6 2028  F_LCI 0.119243
Model_1_goa_pop_2023.dat 6 2028  F_UCI 0.119243
Model_1_goa_pop_2023.dat 6 2028  F_Median 0.119243
Model_1_goa_pop_2023.dat 6 2028  F_Mean 0.119243
Model_1_goa_pop_2023.dat 6 2029 F0 0 
Model_1_goa_pop_2023.dat 6 2029 Fabc 0.0990105
Model_1_goa_pop_2023.dat 6 2029 Fofl 0.119243
Model_1_goa_pop_2023.dat 6 2029  F_LCI 0.119243
Model_1_goa_pop_2023.dat 6 2029  F_UCI 0.119243
Model_1_goa_pop_2023.dat 6 2029  F_Median 0.119243
Model_1_goa_pop_2023.dat 6 2029  F_Mean 0.119243
Model_1_goa_pop_2023.dat 6 2030 F0 0 
Model_1_goa_pop_2023.dat 6 2030 Fabc 0.0990105
Model_1_goa_pop_2023.dat 6 2030 Fofl 0.119243
Model_1_goa_pop_2023.dat 6 2030  F_LCI 0.119243
Model_1_goa_pop_2023.dat 6 2030  F_UCI 0.119243
Model_1_goa_pop_2023.dat 6 2030  F_Median 0.119243
Model_1_goa_pop_2023.dat 6 2030  F_Mean 0.119243
Model_1_goa_pop_2023.dat 6 2031 F0 0 
Model_1_goa_pop_2023.dat 6 2031 Fabc 0.0990105
Model_1_goa_pop_2023.dat 6 2031 Fofl 0.119243
Model_1_goa_pop_2023.dat 6 2031  F_LCI 0.119243
Model_1_goa_pop_2023.dat 6 2031  F_UCI 0.119243
Model_1_goa_pop_2023.dat 6 2031  F_Median 0.119243
Model_1_goa_pop_2023.dat 6 2031  F_Mean 0.119243
Model_1_goa_pop_2023.dat 6 2032 F0 0 
Model_1_goa_pop_2023.dat 6 2032 Fabc 0.0990105
Model_1_goa_pop_2023.dat 6 2032 Fofl 0.119243
Model_1_goa_pop_2023.dat 6 2032  F_LCI 0.119243
Model_1_goa_pop_2023.dat 6 2032  F_UCI 0.119243
Model_1_goa_pop_2023.dat 6 2032  F_Median 0.119243
Model_1_goa_pop_2023.dat 6 2032  F_Mean 0.119243
Model_1_goa_pop_2023.dat 6 2033 F0 0 
Model_1_goa_pop_2023.dat 6 2033 Fabc 0.0990105
Model_1_goa_pop_2023.dat 6 2033 Fofl 0.119243
Model_1_goa_pop_2023.dat 6 2033  F_LCI 0.117717
Model_1_goa_pop_2023.dat 6 2033  F_UCI 0.119243
Model_1_goa_pop_2023.dat 6 2033  F_Median 0.119243
Model_1_goa_pop_2023.dat 6 2033  F_Mean 0.119041
Model_1_goa_pop_2023.dat 6 2034 F0 0 
Model_1_goa_pop_2023.dat 6 2034 Fabc 0.0990105
Model_1_goa_pop_2023.dat 6 2034 Fofl 0.119243
Model_1_goa_pop_2023.dat 6 2034  F_LCI 0.111373
Model_1_goa_pop_2023.dat 6 2034  F_UCI 0.119243
Model_1_goa_pop_2023.dat 6 2034  F_Median 0.119243
Model_1_goa_pop_2023.dat 6 2034  F_Mean 0.117322
Model_1_goa_pop_2023.dat 6 2035 F0 0 
Model_1_goa_pop_2023.dat 6 2035 Fabc 0.0990105
Model_1_goa_pop_2023.dat 6 2035 Fofl 0.119243
Model_1_goa_pop_2023.dat 6 2035  F_LCI 0.106911
Model_1_goa_pop_2023.dat 6 2035  F_UCI 0.119243
Model_1_goa_pop_2023.dat 6 2035  F_Median 0.117844
Model_1_goa_pop_2023.dat 6 2035  F_Mean 0.115438
Model_1_goa_pop_2023.dat 6 2036 F0 0 
Model_1_goa_pop_2023.dat 6 2036 Fabc 0.0990105
Model_1_goa_pop_2023.dat 6 2036 Fofl 0.119243
Model_1_goa_pop_2023.dat 6 2036  F_LCI 0.103637
Model_1_goa_pop_2023.dat 6 2036  F_UCI 0.119243
Model_1_goa_pop_2023.dat 6 2036  F_Median 0.115316
Model_1_goa_pop_2023.dat 6 2036  F_Mean 0.113969
Model_1_goa_pop_2023.dat 6 2037 F0 0 
Model_1_goa_pop_2023.dat 6 2037 Fabc 0.0990105
Model_1_goa_pop_2023.dat 6 2037 Fofl 0.119243
Model_1_goa_pop_2023.dat 6 2037  F_LCI 0.10163
Model_1_goa_pop_2023.dat 6 2037  F_UCI 0.119243
Model_1_goa_pop_2023.dat 6 2037  F_Median 0.114145
Model_1_goa_pop_2023.dat 6 2037  F_Mean 0.112959
Model_1_goa_pop_2023.dat 7 2024 Cabc 25.3018
Model_1_goa_pop_2023.dat 7 2024 Cofl 27.0643
Model_1_goa_pop_2023.dat 7 2024 CLCI 29.794
Model_1_goa_pop_2023.dat 7 2024 CUCI 29.794
Model_1_goa_pop_2023.dat 7 2024 CMedian 29.794
Model_1_goa_pop_2023.dat 7 2024 CMean 29.794
Model_1_goa_pop_2023.dat 7 2025 Cabc 25.3018
Model_1_goa_pop_2023.dat 7 2025 Cofl 27.0643
Model_1_goa_pop_2023.dat 7 2025 CLCI 39.762
Model_1_goa_pop_2023.dat 7 2025 CUCI 39.7629
Model_1_goa_pop_2023.dat 7 2025 CMedian 39.7622
Model_1_goa_pop_2023.dat 7 2025 CMean 39.7623
Model_1_goa_pop_2023.dat 7 2026 Cabc 25.3018
Model_1_goa_pop_2023.dat 7 2026 Cofl 27.0643
Model_1_goa_pop_2023.dat 7 2026 CLCI 37.7756
Model_1_goa_pop_2023.dat 7 2026 CUCI 37.795
Model_1_goa_pop_2023.dat 7 2026 CMedian 37.7813
Model_1_goa_pop_2023.dat 7 2026 CMean 37.7828
Model_1_goa_pop_2023.dat 7 2027 Cabc 25.3018
Model_1_goa_pop_2023.dat 7 2027 Cofl 27.0643
Model_1_goa_pop_2023.dat 7 2027 CLCI 42.8128
Model_1_goa_pop_2023.dat 7 2027 CUCI 42.9461
Model_1_goa_pop_2023.dat 7 2027 CMedian 42.8554
Model_1_goa_pop_2023.dat 7 2027 CMean 42.8632
Model_1_goa_pop_2023.dat 7 2028 Cabc 25.3018
Model_1_goa_pop_2023.dat 7 2028 Cofl 27.0643
Model_1_goa_pop_2023.dat 7 2028 CLCI 39.9048
Model_1_goa_pop_2023.dat 7 2028 CUCI 40.3331
Model_1_goa_pop_2023.dat 7 2028 CMedian 40.0431
Model_1_goa_pop_2023.dat 7 2028 CMean 40.068
Model_1_goa_pop_2023.dat 7 2029 Cabc 25.3018
Model_1_goa_pop_2023.dat 7 2029 Cofl 27.0643
Model_1_goa_pop_2023.dat 7 2029 CLCI 37.1816
Model_1_goa_pop_2023.dat 7 2029 CUCI 38.1475
Model_1_goa_pop_2023.dat 7 2029 CMedian 37.5035
Model_1_goa_pop_2023.dat 7 2029 CMean 37.5562
Model_1_goa_pop_2023.dat 7 2030 Cabc 25.3018
Model_1_goa_pop_2023.dat 7 2030 Cofl 27.0643
Model_1_goa_pop_2023.dat 7 2030 CLCI 34.6268
Model_1_goa_pop_2023.dat 7 2030 CUCI 36.4017
Model_1_goa_pop_2023.dat 7 2030 CMedian 35.2605
Model_1_goa_pop_2023.dat 7 2030 CMean 35.3478
Model_1_goa_pop_2023.dat 7 2031 Cabc 25.3018
Model_1_goa_pop_2023.dat 7 2031 Cofl 27.0643
Model_1_goa_pop_2023.dat 7 2031 CLCI 32.3651
Model_1_goa_pop_2023.dat 7 2031 CUCI 35.1729
Model_1_goa_pop_2023.dat 7 2031 CMedian 33.3325
Model_1_goa_pop_2023.dat 7 2031 CMean 33.492
Model_1_goa_pop_2023.dat 7 2032 Cabc 25.3018
Model_1_goa_pop_2023.dat 7 2032 Cofl 27.0643
Model_1_goa_pop_2023.dat 7 2032 CLCI 30.3155
Model_1_goa_pop_2023.dat 7 2032 CUCI 34.3615
Model_1_goa_pop_2023.dat 7 2032 CMedian 31.7429
Model_1_goa_pop_2023.dat 7 2032 CMean 31.9757
Model_1_goa_pop_2023.dat 7 2033 Cabc 25.3018
Model_1_goa_pop_2023.dat 7 2033 Cofl 27.0643
Model_1_goa_pop_2023.dat 7 2033 CLCI 28.539
Model_1_goa_pop_2023.dat 7 2033 CUCI 33.8369
Model_1_goa_pop_2023.dat 7 2033 CMedian 30.5477
Model_1_goa_pop_2023.dat 7 2033 CMean 30.7872
Model_1_goa_pop_2023.dat 7 2034 Cabc 25.3018
Model_1_goa_pop_2023.dat 7 2034 Cofl 27.0643
Model_1_goa_pop_2023.dat 7 2034 CLCI 25.8879
Model_1_goa_pop_2023.dat 7 2034 CUCI 33.5956
Model_1_goa_pop_2023.dat 7 2034 CMedian 29.6968
Model_1_goa_pop_2023.dat 7 2034 CMean 29.6465
Model_1_goa_pop_2023.dat 7 2035 Cabc 25.3018
Model_1_goa_pop_2023.dat 7 2035 Cofl 27.0643
Model_1_goa_pop_2023.dat 7 2035 CLCI 23.8593
Model_1_goa_pop_2023.dat 7 2035 CUCI 33.5445
Model_1_goa_pop_2023.dat 7 2035 CMedian 28.8981
Model_1_goa_pop_2023.dat 7 2035 CMean 28.6246
Model_1_goa_pop_2023.dat 7 2036 Cabc 25.3018
Model_1_goa_pop_2023.dat 7 2036 Cofl 27.0643
Model_1_goa_pop_2023.dat 7 2036 CLCI 22.5173
Model_1_goa_pop_2023.dat 7 2036 CUCI 33.4015
Model_1_goa_pop_2023.dat 7 2036 CMedian 27.916
Model_1_goa_pop_2023.dat 7 2036 CMean 27.8938
Model_1_goa_pop_2023.dat 7 2037 Cabc 25.3018
Model_1_goa_pop_2023.dat 7 2037 Cofl 27.0643
Model_1_goa_pop_2023.dat 7 2037 CLCI 21.453
Model_1_goa_pop_2023.dat 7 2037 CUCI 33.3002
Model_1_goa_pop_2023.dat 7 2037 CMedian 27.1943
Model_1_goa_pop_2023.dat 7 2037 CMean 27.4268
Model_1_goa_pop_2023.dat 7 2024 SSBF100 343.618
Model_1_goa_pop_2023.dat 7 2024 SSBFabc 137.447
Model_1_goa_pop_2023.dat 7 2024 SSBFofl 120.266
Model_1_goa_pop_2023.dat 7 2024 SSBLCI 234.441
Model_1_goa_pop_2023.dat 7 2024 SSBUCI 234.441
Model_1_goa_pop_2023.dat 7 2024 SSBMedian 234.441
Model_1_goa_pop_2023.dat 7 2024 SSBMean 234.441
Model_1_goa_pop_2023.dat 7 2025 SSBF100 343.618
Model_1_goa_pop_2023.dat 7 2025 SSBFabc 137.447
Model_1_goa_pop_2023.dat 7 2025 SSBFofl 120.266
Model_1_goa_pop_2023.dat 7 2025 SSBLCI 227.004
Model_1_goa_pop_2023.dat 7 2025 SSBUCI 227.032
Model_1_goa_pop_2023.dat 7 2025 SSBMedian 227.012
Model_1_goa_pop_2023.dat 7 2025 SSBMean 227.014
Model_1_goa_pop_2023.dat 7 2026 SSBF100 343.618
Model_1_goa_pop_2023.dat 7 2026 SSBFabc 137.447
Model_1_goa_pop_2023.dat 7 2026 SSBFofl 120.266
Model_1_goa_pop_2023.dat 7 2026 SSBLCI 216.759
Model_1_goa_pop_2023.dat 7 2026 SSBUCI 216.876
Model_1_goa_pop_2023.dat 7 2026 SSBMedian 216.798
Model_1_goa_pop_2023.dat 7 2026 SSBMean 216.805
Model_1_goa_pop_2023.dat 7 2027 SSBF100 343.618
Model_1_goa_pop_2023.dat 7 2027 SSBFabc 137.447
Model_1_goa_pop_2023.dat 7 2027 SSBFofl 120.266
Model_1_goa_pop_2023.dat 7 2027 SSBLCI 205.953
Model_1_goa_pop_2023.dat 7 2027 SSBUCI 206.323
Model_1_goa_pop_2023.dat 7 2027 SSBMedian 206.073
Model_1_goa_pop_2023.dat 7 2027 SSBMean 206.094
Model_1_goa_pop_2023.dat 7 2028 SSBF100 343.618
Model_1_goa_pop_2023.dat 7 2028 SSBFabc 137.447
Model_1_goa_pop_2023.dat 7 2028 SSBFofl 120.266
Model_1_goa_pop_2023.dat 7 2028 SSBLCI 193.406
Model_1_goa_pop_2023.dat 7 2028 SSBUCI 194.362
Model_1_goa_pop_2023.dat 7 2028 SSBMedian 193.718
Model_1_goa_pop_2023.dat 7 2028 SSBMean 193.772
Model_1_goa_pop_2023.dat 7 2029 SSBF100 343.618
Model_1_goa_pop_2023.dat 7 2029 SSBFabc 137.447
Model_1_goa_pop_2023.dat 7 2029 SSBFofl 120.266
Model_1_goa_pop_2023.dat 7 2029 SSBLCI 181.032
Model_1_goa_pop_2023.dat 7 2029 SSBUCI 183.249
Model_1_goa_pop_2023.dat 7 2029 SSBMedian 181.777
Model_1_goa_pop_2023.dat 7 2029 SSBMean 181.898
Model_1_goa_pop_2023.dat 7 2030 SSBF100 343.618
Model_1_goa_pop_2023.dat 7 2030 SSBFabc 137.447
Model_1_goa_pop_2023.dat 7 2030 SSBFofl 120.266
Model_1_goa_pop_2023.dat 7 2030 SSBLCI 169.005
Model_1_goa_pop_2023.dat 7 2030 SSBUCI 173.63
Model_1_goa_pop_2023.dat 7 2030 SSBMedian 170.564
Model_1_goa_pop_2023.dat 7 2030 SSBMean 170.794
Model_1_goa_pop_2023.dat 7 2031 SSBF100 343.618
Model_1_goa_pop_2023.dat 7 2031 SSBFabc 137.447
Model_1_goa_pop_2023.dat 7 2031 SSBFofl 120.266
Model_1_goa_pop_2023.dat 7 2031 SSBLCI 157.614
Model_1_goa_pop_2023.dat 7 2031 SSBUCI 166.045
Model_1_goa_pop_2023.dat 7 2031 SSBMedian 160.57
Model_1_goa_pop_2023.dat 7 2031 SSBMean 161.008
Model_1_goa_pop_2023.dat 7 2032 SSBF100 343.618
Model_1_goa_pop_2023.dat 7 2032 SSBFabc 137.447
Model_1_goa_pop_2023.dat 7 2032 SSBFofl 120.266
Model_1_goa_pop_2023.dat 7 2032 SSBLCI 147.352
Model_1_goa_pop_2023.dat 7 2032 SSBUCI 161.492
Model_1_goa_pop_2023.dat 7 2032 SSBMedian 152.196
Model_1_goa_pop_2023.dat 7 2032 SSBMean 152.983
Model_1_goa_pop_2023.dat 7 2033 SSBF100 343.618
Model_1_goa_pop_2023.dat 7 2033 SSBFabc 137.447
Model_1_goa_pop_2023.dat 7 2033 SSBFofl 120.266
Model_1_goa_pop_2023.dat 7 2033 SSBLCI 138.411
Model_1_goa_pop_2023.dat 7 2033 SSBUCI 158.675
Model_1_goa_pop_2023.dat 7 2033 SSBMedian 145.533
Model_1_goa_pop_2023.dat 7 2033 SSBMean 146.77
Model_1_goa_pop_2023.dat 7 2034 SSBF100 343.618
Model_1_goa_pop_2023.dat 7 2034 SSBFabc 137.447
Model_1_goa_pop_2023.dat 7 2034 SSBFofl 120.266
Model_1_goa_pop_2023.dat 7 2034 SSBLCI 130.929
Model_1_goa_pop_2023.dat 7 2034 SSBUCI 157.328
Model_1_goa_pop_2023.dat 7 2034 SSBMedian 140.903
Model_1_goa_pop_2023.dat 7 2034 SSBMean 142.169
Model_1_goa_pop_2023.dat 7 2035 SSBF100 343.618
Model_1_goa_pop_2023.dat 7 2035 SSBFabc 137.447
Model_1_goa_pop_2023.dat 7 2035 SSBFofl 120.266
Model_1_goa_pop_2023.dat 7 2035 SSBLCI 125.583
Model_1_goa_pop_2023.dat 7 2035 SSBUCI 156.767
Model_1_goa_pop_2023.dat 7 2035 SSBMedian 137.841
Model_1_goa_pop_2023.dat 7 2035 SSBMean 138.871
Model_1_goa_pop_2023.dat 7 2036 SSBF100 343.618
Model_1_goa_pop_2023.dat 7 2036 SSBFabc 137.447
Model_1_goa_pop_2023.dat 7 2036 SSBFofl 120.266
Model_1_goa_pop_2023.dat 7 2036 SSBLCI 121.691
Model_1_goa_pop_2023.dat 7 2036 SSBUCI 155.973
Model_1_goa_pop_2023.dat 7 2036 SSBMedian 134.728
Model_1_goa_pop_2023.dat 7 2036 SSBMean 136.555
Model_1_goa_pop_2023.dat 7 2037 SSBF100 343.618
Model_1_goa_pop_2023.dat 7 2037 SSBFabc 137.447
Model_1_goa_pop_2023.dat 7 2037 SSBFofl 120.266
Model_1_goa_pop_2023.dat 7 2037 SSBLCI 119.129
Model_1_goa_pop_2023.dat 7 2037 SSBUCI 156.116
Model_1_goa_pop_2023.dat 7 2037 SSBMedian 132.955
Model_1_goa_pop_2023.dat 7 2037 SSBMean 134.909
Model_1_goa_pop_2023.dat 7 2024 F0 0 
Model_1_goa_pop_2023.dat 7 2024 Fabc 0.0990105
Model_1_goa_pop_2023.dat 7 2024 Fofl 0.119243
Model_1_goa_pop_2023.dat 7 2024  F_LCI 0.0713322
Model_1_goa_pop_2023.dat 7 2024  F_UCI 0.0713322
Model_1_goa_pop_2023.dat 7 2024  F_Median 0.0713322
Model_1_goa_pop_2023.dat 7 2024  F_Mean 0.0713322
Model_1_goa_pop_2023.dat 7 2025 F0 0 
Model_1_goa_pop_2023.dat 7 2025 Fabc 0.0990105
Model_1_goa_pop_2023.dat 7 2025 Fofl 0.119243
Model_1_goa_pop_2023.dat 7 2025  F_LCI 0.0990104
Model_1_goa_pop_2023.dat 7 2025  F_UCI 0.0990104
Model_1_goa_pop_2023.dat 7 2025  F_Median 0.0990104
Model_1_goa_pop_2023.dat 7 2025  F_Mean 0.0990104
Model_1_goa_pop_2023.dat 7 2026 F0 0 
Model_1_goa_pop_2023.dat 7 2026 Fabc 0.0990105
Model_1_goa_pop_2023.dat 7 2026 Fofl 0.119243
Model_1_goa_pop_2023.dat 7 2026  F_LCI 0.0990104
Model_1_goa_pop_2023.dat 7 2026  F_UCI 0.0990104
Model_1_goa_pop_2023.dat 7 2026  F_Median 0.0990104
Model_1_goa_pop_2023.dat 7 2026  F_Mean 0.0990104
Model_1_goa_pop_2023.dat 7 2027 F0 0 
Model_1_goa_pop_2023.dat 7 2027 Fabc 0.0990105
Model_1_goa_pop_2023.dat 7 2027 Fofl 0.119243
Model_1_goa_pop_2023.dat 7 2027  F_LCI 0.119243
Model_1_goa_pop_2023.dat 7 2027  F_UCI 0.119243
Model_1_goa_pop_2023.dat 7 2027  F_Median 0.119243
Model_1_goa_pop_2023.dat 7 2027  F_Mean 0.119243
Model_1_goa_pop_2023.dat 7 2028 F0 0 
Model_1_goa_pop_2023.dat 7 2028 Fabc 0.0990105
Model_1_goa_pop_2023.dat 7 2028 Fofl 0.119243
Model_1_goa_pop_2023.dat 7 2028  F_LCI 0.119243
Model_1_goa_pop_2023.dat 7 2028  F_UCI 0.119243
Model_1_goa_pop_2023.dat 7 2028  F_Median 0.119243
Model_1_goa_pop_2023.dat 7 2028  F_Mean 0.119243
Model_1_goa_pop_2023.dat 7 2029 F0 0 
Model_1_goa_pop_2023.dat 7 2029 Fabc 0.0990105
Model_1_goa_pop_2023.dat 7 2029 Fofl 0.119243
Model_1_goa_pop_2023.dat 7 2029  F_LCI 0.119243
Model_1_goa_pop_2023.dat 7 2029  F_UCI 0.119243
Model_1_goa_pop_2023.dat 7 2029  F_Median 0.119243
Model_1_goa_pop_2023.dat 7 2029  F_Mean 0.119243
Model_1_goa_pop_2023.dat 7 2030 F0 0 
Model_1_goa_pop_2023.dat 7 2030 Fabc 0.0990105
Model_1_goa_pop_2023.dat 7 2030 Fofl 0.119243
Model_1_goa_pop_2023.dat 7 2030  F_LCI 0.119243
Model_1_goa_pop_2023.dat 7 2030  F_UCI 0.119243
Model_1_goa_pop_2023.dat 7 2030  F_Median 0.119243
Model_1_goa_pop_2023.dat 7 2030  F_Mean 0.119243
Model_1_goa_pop_2023.dat 7 2031 F0 0 
Model_1_goa_pop_2023.dat 7 2031 Fabc 0.0990105
Model_1_goa_pop_2023.dat 7 2031 Fofl 0.119243
Model_1_goa_pop_2023.dat 7 2031  F_LCI 0.119243
Model_1_goa_pop_2023.dat 7 2031  F_UCI 0.119243
Model_1_goa_pop_2023.dat 7 2031  F_Median 0.119243
Model_1_goa_pop_2023.dat 7 2031  F_Mean 0.119243
Model_1_goa_pop_2023.dat 7 2032 F0 0 
Model_1_goa_pop_2023.dat 7 2032 Fabc 0.0990105
Model_1_goa_pop_2023.dat 7 2032 Fofl 0.119243
Model_1_goa_pop_2023.dat 7 2032  F_LCI 0.119243
Model_1_goa_pop_2023.dat 7 2032  F_UCI 0.119243
Model_1_goa_pop_2023.dat 7 2032  F_Median 0.119243
Model_1_goa_pop_2023.dat 7 2032  F_Mean 0.119243
Model_1_goa_pop_2023.dat 7 2033 F0 0 
Model_1_goa_pop_2023.dat 7 2033 Fabc 0.0990105
Model_1_goa_pop_2023.dat 7 2033 Fofl 0.119243
Model_1_goa_pop_2023.dat 7 2033  F_LCI 0.119243
Model_1_goa_pop_2023.dat 7 2033  F_UCI 0.119243
Model_1_goa_pop_2023.dat 7 2033  F_Median 0.119243
Model_1_goa_pop_2023.dat 7 2033  F_Mean 0.119211
Model_1_goa_pop_2023.dat 7 2034 F0 0 
Model_1_goa_pop_2023.dat 7 2034 Fabc 0.0990105
Model_1_goa_pop_2023.dat 7 2034 Fofl 0.119243
Model_1_goa_pop_2023.dat 7 2034  F_LCI 0.113291
Model_1_goa_pop_2023.dat 7 2034  F_UCI 0.119243
Model_1_goa_pop_2023.dat 7 2034  F_Median 0.119243
Model_1_goa_pop_2023.dat 7 2034  F_Mean 0.118112
Model_1_goa_pop_2023.dat 7 2035 F0 0 
Model_1_goa_pop_2023.dat 7 2035 Fabc 0.0990105
Model_1_goa_pop_2023.dat 7 2035 Fofl 0.119243
Model_1_goa_pop_2023.dat 7 2035  F_LCI 0.108409
Model_1_goa_pop_2023.dat 7 2035  F_UCI 0.119243
Model_1_goa_pop_2023.dat 7 2035  F_Median 0.119243
Model_1_goa_pop_2023.dat 7 2035  F_Mean 0.116288
Model_1_goa_pop_2023.dat 7 2036 F0 0 
Model_1_goa_pop_2023.dat 7 2036 Fabc 0.0990105
Model_1_goa_pop_2023.dat 7 2036 Fofl 0.119243
Model_1_goa_pop_2023.dat 7 2036  F_LCI 0.104855
Model_1_goa_pop_2023.dat 7 2036  F_UCI 0.119243
Model_1_goa_pop_2023.dat 7 2036  F_Median 0.11676
Model_1_goa_pop_2023.dat 7 2036  F_Mean 0.114751
Model_1_goa_pop_2023.dat 7 2037 F0 0 
Model_1_goa_pop_2023.dat 7 2037 Fabc 0.0990105
Model_1_goa_pop_2023.dat 7 2037 Fofl 0.119243
Model_1_goa_pop_2023.dat 7 2037  F_LCI 0.102515
Model_1_goa_pop_2023.dat 7 2037  F_UCI 0.119243
Model_1_goa_pop_2023.dat 7 2037  F_Median 0.115141
Model_1_goa_pop_2023.dat 7 2037  F_Mean 0.113625
