
SB0 SB40 SB35 MeanRec HarMeanRec Bnow
343.618 137.447 120.266 0.115342 0.0903428 244.876 
CV Recruit
0.526038 
Alternative 1 Alternative  Stock: Model_1_goa_pop_2023.dat
Catch Model_1_goa_pop_2023.dat
Year C0 Cabc Cofl LowCI_Catch Median_Catch Mean_Catch UpperCI_Catch Stdev_Catch 
2024  0 25.3018 27.0643 29.794 29.794 29.794 29.794 3.62377e-13 
2025  0 25.3018 27.0643 16.1515 16.1515 16.1515 16.1515 4.53472e-10 
2026  0 25.3018 27.0643 12.88 12.88 12.88 12.88 4.3336e-09 
2027  0 25.3018 27.0643 31.522 31.522 31.522 31.522 8.5261e-08 
2028  0 25.3018 27.0643 37.6466 37.764 37.785 38.0101 0.116406 
2029  0 25.3018 27.0643 35.3685 35.6397 35.6831 36.1809 0.261653 
2030  0 25.3018 27.0643 33.1665 33.6975 33.7719 34.6589 0.480445 
2031  0 25.3018 27.0643 31.1596 31.9737 32.1105 33.5336 0.763283 
2032  0 25.3018 27.0643 29.296 30.4933 30.7014 32.7251 1.08852 
2033  0 25.3018 27.0643 27.6396 29.3584 29.5582 32.1662 1.42834 
2034  0 25.3018 27.0643 26.2555 28.4685 28.6462 31.8501 1.75547 
2035  0 25.3018 27.0643 25.124 27.7264 27.9472 31.7417 2.04966 
2036  0 25.3018 27.0643 24.1441 27.1342 27.4163 31.4134 2.31251 
2037  0 25.3018 27.0643 23.2929 26.6823 27.0156 31.2799 2.57221 

Spawning_Biomass Model_1_goa_pop_2023.dat
Year SSB100 SSBabc SSBofl LowCI_SSB Median_SSB Mean_SSB UpperCI_SSB Stdev_SSB 
2024 343.618 137.447 120.266 234.441 234.441 234.441 234.441 8.81073e-13 
2025 343.618 137.447 120.266 230.583 230.591 230.593 230.612 0.00954066 
2026 343.618 137.447 120.266 230.838 230.877 230.884 230.956 0.038785 
2027 343.618 137.447 120.266 228.755 228.879 228.901 229.141 0.123726 
2028 343.618 137.447 120.266 219.36 219.683 219.739 220.356 0.321863 
2029 343.618 137.447 120.266 207.235 207.994 208.115 209.497 0.724169 
2030 343.618 137.447 120.266 195.068 196.643 196.879 199.741 1.48645 
2031 343.618 137.447 120.266 183.222 186.219 186.666 191.757 2.75095 
2032 343.618 137.447 120.266 172.266 177.241 178.028 186.759 4.53641 
2033 343.618 137.447 120.266 162.555 169.906 171.109 183.395 6.64295 
2034 343.618 137.447 120.266 153.978 164.554 165.754 181.569 8.74456 
2035 343.618 137.447 120.266 147.096 160.57 161.615 180.597 10.5911 
2036 343.618 137.447 120.266 141.512 156.962 158.387 179.677 12.0807 
2037 343.618 137.447 120.266 137.249 153.95 155.809 178.871 13.2169 

Fishing_mortalityModel_1_goa_pop_2023.dat
Year F0 Fabc Fofl LowCI_F Median_F Mean_F UpperCI_F Stdev_F 
2024  0 0.0990105 0.119243 0.0713322 0.0713322 0.0713322 0.0713322 5.55112e-17 
2025  0 0.0990105 0.119243 0.039302 0.0393027 0.0393026 0.039303 3.06623e-07 
2026  0 0.0990105 0.119243 0.0314207 0.0314318 0.0314307 0.0314363 5.11078e-06 
2027  0 0.0990105 0.119243 0.0784374 0.0785949 0.0785824 0.0786672 7.42406e-05 
2028  0 0.0990105 0.119243 0.0990105 0.0990105 0.0990105 0.0990105 7.07767e-16 
2029  0 0.0990105 0.119243 0.0990105 0.0990105 0.0990105 0.0990105 7.07767e-16 
2030  0 0.0990105 0.119243 0.0990105 0.0990105 0.0990105 0.0990105 7.07767e-16 
2031  0 0.0990105 0.119243 0.0990105 0.0990105 0.0990105 0.0990105 7.07767e-16 
2032  0 0.0990105 0.119243 0.0990105 0.0990105 0.0990105 0.0990105 7.07767e-16 
2033  0 0.0990105 0.119243 0.0990105 0.0990105 0.0990105 0.0990105 7.07767e-16 
2034  0 0.0990105 0.119243 0.0990105 0.0990105 0.0990105 0.0990105 7.07767e-16 
2035  0 0.0990105 0.119243 0.0990105 0.0990105 0.0990105 0.0990105 7.07767e-16 
2036  0 0.0990105 0.119243 0.0990105 0.0990105 0.0989881 0.0990105 0.000225618 
2037  0 0.0990105 0.119243 0.0988598 0.0990105 0.0988731 0.0990105 0.00076688 

Total_BiomassModel_1_goa_pop_2023.dat
Year B100 Babc Bofl LowCI_Biom Median_Biom Mean_Biom UpperCI_Biom Stdev_Biom 
2024 1785.64 465.616 428.615 670.712 670.712 670.712 670.712 2.04636e-12 
2025 1785.64 465.616 428.615 647.344 649.856 650.615 656.326 2.97097 
2026 1785.64 465.616 428.615 636.755 643.645 644.643 656.953 6.51087 
2027 1785.64 465.616 428.615 628.533 640.262 642.326 662.346 11.0375 
2028 1785.64 465.616 428.615 601.976 619.052 622.185 652.643 16.2925 
2029 1785.64 465.616 428.615 568.897 594.186 597.238 636.616 21.7563 
2030 1785.64 465.616 428.615 540.205 573.923 576.188 624.905 27.1022 
2031 1785.64 465.616 428.615 514.603 555.436 558.816 616.242 31.9744 
2032 1785.64 465.616 428.615 493.886 540.431 544.692 609.487 36.34 
2033 1785.64 465.616 428.615 475.934 527.927 533.21 602.092 40.0118 
2034 1785.64 465.616 428.615 461.656 518.78 523.907 596.972 43.2708 
2035 1785.64 465.616 428.615 449.269 510.612 516.347 592.42 46.0813 
2036 1785.64 465.616 428.615 437.955 505.521 510.195 589.02 48.6319 
2037 1785.64 465.616 428.615 431.83 500.936 505.021 584.1 50.8152 
Alternative 2 Alternative  Stock: Model_1_goa_pop_2023.dat
Catch Model_1_goa_pop_2023.dat
Year C0 Cabc Cofl LowCI_Catch Median_Catch Mean_Catch UpperCI_Catch Stdev_Catch 
2024  0 25.3018 27.0643 29.794 29.794 29.794 29.794 3.62377e-13 
2025  0 25.3018 27.0643 16.1515 16.1515 16.1515 16.1515 4.53472e-10 
2026  0 25.3018 27.0643 12.88 12.88 12.88 12.88 4.3336e-09 
2027  0 25.3018 27.0643 31.522 31.522 31.522 31.522 8.5261e-08 
2028  0 25.3018 27.0643 37.6466 37.764 37.785 38.0101 0.116406 
2029  0 25.3018 27.0643 35.3685 35.6397 35.6831 36.1809 0.261653 
2030  0 25.3018 27.0643 33.1665 33.6975 33.7719 34.6589 0.480445 
2031  0 25.3018 27.0643 31.1596 31.9737 32.1105 33.5336 0.763283 
2032  0 25.3018 27.0643 29.296 30.4933 30.7014 32.7251 1.08852 
2033  0 25.3018 27.0643 27.6396 29.3584 29.5582 32.1662 1.42834 
2034  0 25.3018 27.0643 26.2555 28.4685 28.6462 31.8501 1.75547 
2035  0 25.3018 27.0643 25.124 27.7264 27.9472 31.7417 2.04966 
2036  0 25.3018 27.0643 24.1441 27.1342 27.4163 31.4134 2.31251 
2037  0 25.3018 27.0643 23.2929 26.6823 27.0156 31.2799 2.57221 

Spawning_Biomass Model_1_goa_pop_2023.dat
Year SSB100 SSBabc SSBofl LowCI_SSB Median_SSB Mean_SSB UpperCI_SSB Stdev_SSB 
2024 343.618 137.447 120.266 234.441 234.441 234.441 234.441 8.81073e-13 
2025 343.618 137.447 120.266 230.583 230.591 230.593 230.612 0.00954066 
2026 343.618 137.447 120.266 230.838 230.877 230.884 230.956 0.038785 
2027 343.618 137.447 120.266 228.755 228.879 228.901 229.141 0.123726 
2028 343.618 137.447 120.266 219.36 219.683 219.739 220.356 0.321863 
2029 343.618 137.447 120.266 207.235 207.994 208.115 209.497 0.724169 
2030 343.618 137.447 120.266 195.068 196.643 196.879 199.741 1.48645 
2031 343.618 137.447 120.266 183.222 186.219 186.666 191.757 2.75095 
2032 343.618 137.447 120.266 172.266 177.241 178.028 186.759 4.53641 
2033 343.618 137.447 120.266 162.555 169.906 171.109 183.395 6.64295 
2034 343.618 137.447 120.266 153.978 164.554 165.754 181.569 8.74456 
2035 343.618 137.447 120.266 147.096 160.57 161.615 180.597 10.5911 
2036 343.618 137.447 120.266 141.512 156.962 158.387 179.677 12.0807 
2037 343.618 137.447 120.266 137.249 153.95 155.809 178.871 13.2169 

Fishing_mortalityModel_1_goa_pop_2023.dat
Year F0 Fabc Fofl LowCI_F Median_F Mean_F UpperCI_F Stdev_F 
2024  0 0.0990105 0.119243 0.0713322 0.0713322 0.0713322 0.0713322 5.55112e-17 
2025  0 0.0990105 0.119243 0.039302 0.0393027 0.0393026 0.039303 3.06623e-07 
2026  0 0.0990105 0.119243 0.0314207 0.0314318 0.0314307 0.0314363 5.11078e-06 
2027  0 0.0990105 0.119243 0.0784374 0.0785949 0.0785824 0.0786672 7.42406e-05 
2028  0 0.0990105 0.119243 0.0990105 0.0990105 0.0990105 0.0990105 7.07767e-16 
2029  0 0.0990105 0.119243 0.0990105 0.0990105 0.0990105 0.0990105 7.07767e-16 
2030  0 0.0990105 0.119243 0.0990105 0.0990105 0.0990105 0.0990105 7.07767e-16 
2031  0 0.0990105 0.119243 0.0990105 0.0990105 0.0990105 0.0990105 7.07767e-16 
2032  0 0.0990105 0.119243 0.0990105 0.0990105 0.0990105 0.0990105 7.07767e-16 
2033  0 0.0990105 0.119243 0.0990105 0.0990105 0.0990105 0.0990105 7.07767e-16 
2034  0 0.0990105 0.119243 0.0990105 0.0990105 0.0990105 0.0990105 7.07767e-16 
2035  0 0.0990105 0.119243 0.0990105 0.0990105 0.0990105 0.0990105 7.07767e-16 
2036  0 0.0990105 0.119243 0.0990105 0.0990105 0.0989881 0.0990105 0.000225618 
2037  0 0.0990105 0.119243 0.0988598 0.0990105 0.0988731 0.0990105 0.00076688 

Total_BiomassModel_1_goa_pop_2023.dat
Year B100 Babc Bofl LowCI_Biom Median_Biom Mean_Biom UpperCI_Biom Stdev_Biom 
2024 1785.64 465.616 428.615 670.712 670.712 670.712 670.712 2.04636e-12 
2025 1785.64 465.616 428.615 647.344 649.856 650.615 656.326 2.97097 
2026 1785.64 465.616 428.615 636.755 643.645 644.643 656.953 6.51087 
2027 1785.64 465.616 428.615 628.533 640.262 642.326 662.346 11.0375 
2028 1785.64 465.616 428.615 601.976 619.052 622.185 652.643 16.2925 
2029 1785.64 465.616 428.615 568.897 594.186 597.238 636.616 21.7563 
2030 1785.64 465.616 428.615 540.205 573.923 576.188 624.905 27.1022 
2031 1785.64 465.616 428.615 514.603 555.436 558.816 616.242 31.9744 
2032 1785.64 465.616 428.615 493.886 540.431 544.692 609.487 36.34 
2033 1785.64 465.616 428.615 475.934 527.927 533.21 602.092 40.0118 
2034 1785.64 465.616 428.615 461.656 518.78 523.907 596.972 43.2708 
2035 1785.64 465.616 428.615 449.269 510.612 516.347 592.42 46.0813 
2036 1785.64 465.616 428.615 437.955 505.521 510.195 589.02 48.6319 
2037 1785.64 465.616 428.615 431.83 500.936 505.021 584.1 50.8152 
Alternative 3 Alternative  Stock: Model_1_goa_pop_2023.dat
Catch Model_1_goa_pop_2023.dat
Year C0 Cabc Cofl LowCI_Catch Median_Catch Mean_Catch UpperCI_Catch Stdev_Catch 
2024  0 25.3018 27.0643 29.794 29.794 29.794 29.794 3.62377e-13 
2025  0 25.3018 27.0643 16.1515 16.1515 16.1515 16.1515 4.53472e-10 
2026  0 25.3018 27.0643 12.88 12.88 12.88 12.88 4.3336e-09 
2027  0 25.3018 27.0643 31.522 31.522 31.522 31.522 8.5261e-08 
2028  0 25.3018 27.0643 19.1885 19.2473 19.2579 19.3706 0.0583481 
2029  0 25.3018 27.0643 18.7262 18.863 18.8847 19.1358 0.131914 
2030  0 25.3018 27.0643 18.2124 18.4828 18.5204 18.9722 0.24434 
2031  0 25.3018 27.0643 17.7065 18.1276 18.1969 18.9336 0.39284 
2032  0 25.3018 27.0643 17.1881 17.8101 17.9198 18.978 0.568659 
2033  0 25.3018 27.0643 16.6924 17.6047 17.7055 19.1005 0.759367 
2034  0 25.3018 27.0643 16.2653 17.4567 17.5453 19.2668 0.951642 
2035  0 25.3018 27.0643 15.8854 17.3251 17.4422 19.4904 1.13422 
2036  0 25.3018 27.0643 15.5331 17.2479 17.386 19.7762 1.30022 
2037  0 25.3018 27.0643 15.3031 17.1786 17.3765 19.8636 1.44714 

Spawning_Biomass Model_1_goa_pop_2023.dat
Year SSB100 SSBabc SSBofl LowCI_SSB Median_SSB Mean_SSB UpperCI_SSB Stdev_SSB 
2024 343.618 137.447 120.266 234.441 234.441 234.441 234.441 8.81073e-13 
2025 343.618 137.447 120.266 230.583 230.591 230.593 230.612 0.00954066 
2026 343.618 137.447 120.266 230.838 230.877 230.884 230.956 0.038785 
2027 343.618 137.447 120.266 228.755 228.879 228.901 229.141 0.123726 
2028 343.618 137.447 120.266 222.214 222.538 222.594 223.212 0.322477 
2029 343.618 137.447 120.266 218 218.764 218.885 220.277 0.729561 
2030 343.618 137.447 120.266 212.817 214.418 214.655 217.562 1.51021 
2031 343.618 137.447 120.266 206.996 210.067 210.527 215.783 2.82964 
2032 343.618 137.447 120.266 201.118 206.31 207.12 216.264 4.74236 
2033 343.618 137.447 120.266 195.668 203.374 204.69 217.85 7.079 
2034 343.618 137.447 120.266 190.49 201.942 203.209 220.532 9.51401 
2035 343.618 137.447 120.266 186.637 201.226 202.437 223.684 11.7675 
2036 343.618 137.447 120.266 183.289 200.553 202.152 226.867 13.7001 
2037 343.618 137.447 120.266 180.979 200.387 202.152 229.167 15.2862 

Fishing_mortalityModel_1_goa_pop_2023.dat
Year F0 Fabc Fofl LowCI_F Median_F Mean_F UpperCI_F Stdev_F 
2024  0 0.0990105 0.119243 0.0713322 0.0713322 0.0713322 0.0713322 5.55112e-17 
2025  0 0.0990105 0.119243 0.039302 0.0393027 0.0393026 0.039303 3.06623e-07 
2026  0 0.0990105 0.119243 0.0314207 0.0314318 0.0314307 0.0314363 5.11078e-06 
2027  0 0.0990105 0.119243 0.0784374 0.0785949 0.0785824 0.0786672 7.42406e-05 
2028  0 0.0990105 0.119243 0.0495053 0.0495053 0.0495053 0.0495053 3.53884e-16 
2029  0 0.0990105 0.119243 0.0495053 0.0495053 0.0495053 0.0495053 3.53884e-16 
2030  0 0.0990105 0.119243 0.0495053 0.0495053 0.0495053 0.0495053 3.53884e-16 
2031  0 0.0990105 0.119243 0.0495053 0.0495053 0.0495053 0.0495053 3.53884e-16 
2032  0 0.0990105 0.119243 0.0495053 0.0495053 0.0495053 0.0495053 3.53884e-16 
2033  0 0.0990105 0.119243 0.0495053 0.0495053 0.0495053 0.0495053 3.53884e-16 
2034  0 0.0990105 0.119243 0.0495053 0.0495053 0.0495053 0.0495053 3.53884e-16 
2035  0 0.0990105 0.119243 0.0495053 0.0495053 0.0495053 0.0495053 3.53884e-16 
2036  0 0.0990105 0.119243 0.0495053 0.0495053 0.0495053 0.0495053 3.53884e-16 
2037  0 0.0990105 0.119243 0.0495053 0.0495053 0.0495053 0.0495053 3.53884e-16 

Total_BiomassModel_1_goa_pop_2023.dat
Year B100 Babc Bofl LowCI_Biom Median_Biom Mean_Biom UpperCI_Biom Stdev_Biom 
2024 1785.64 465.616 428.615 670.712 670.712 670.712 670.712 2.04636e-12 
2025 1785.64 465.616 428.615 647.344 649.856 650.615 656.326 2.97097 
2026 1785.64 465.616 428.615 636.755 643.645 644.643 656.953 6.51087 
2027 1785.64 465.616 428.615 628.533 640.262 642.326 662.346 11.0375 
2028 1785.64 465.616 428.615 601.976 619.052 622.185 652.643 16.2925 
2029 1785.64 465.616 428.615 587.346 612.685 615.756 655.282 21.8191 
2030 1785.64 465.616 428.615 574.462 608.227 610.735 659.921 27.3024 
2031 1785.64 465.616 428.615 562.313 603.706 607.12 665.252 32.413 
2032 1785.64 465.616 428.615 552.789 600.703 604.753 672.587 37.1286 
2033 1785.64 465.616 428.615 544.276 598.015 603.293 675.104 41.2564 
2034 1785.64 465.616 428.615 537.72 596.204 602.56 679.614 45.0507 
2035 1785.64 465.616 428.615 531.428 596.36 602.351 683.536 48.454 
2036 1785.64 465.616 428.615 526.207 596.356 602.553 688.176 51.612 
2037 1785.64 465.616 428.615 523.769 598.882 602.893 689.053 54.4162 
Alternative 4 Alternative  Stock: Model_1_goa_pop_2023.dat
Catch Model_1_goa_pop_2023.dat
Year C0 Cabc Cofl LowCI_Catch Median_Catch Mean_Catch UpperCI_Catch Stdev_Catch 
2024  0 25.3018 27.0643 29.794 29.794 29.794 29.794 3.62377e-13 
2025  0 25.3018 27.0643 16.1515 16.1515 16.1515 16.1515 4.53472e-10 
2026  0 25.3018 27.0643 12.88 12.88 12.88 12.88 4.3336e-09 
2027  0 25.3018 27.0643 31.522 31.522 31.522 31.522 8.5261e-08 
2028  0 25.3018 27.0643 24.6223 24.6981 24.7117 24.8572 0.0752366 
2029  0 25.3018 27.0643 23.7646 23.9407 23.9687 24.2919 0.16981 
2030  0 25.3018 27.0643 22.8679 23.2148 23.2633 23.8432 0.313737 
2031  0 25.3018 27.0643 22.0105 22.5479 22.6376 23.5787 0.502664 
2032  0 25.3018 27.0643 21.1657 21.9579 22.0988 23.4465 0.724466 
2033  0 25.3018 27.0643 20.3805 21.5352 21.6656 23.4308 0.962465 
2034  0 25.3018 27.0643 19.7059 21.2083 21.325 23.4881 1.19924 
2035  0 25.3018 27.0643 19.1221 20.9278 21.0769 23.6626 1.42059 
2036  0 25.3018 27.0643 18.6002 20.7416 20.9051 23.8334 1.61844 
2037  0 25.3018 27.0643 18.2291 20.5663 20.8055 23.8658 1.79066 

Spawning_Biomass Model_1_goa_pop_2023.dat
Year SSB100 SSBabc SSBofl LowCI_SSB Median_SSB Mean_SSB UpperCI_SSB Stdev_SSB 
2024 343.618 137.447 120.266 234.441 234.441 234.441 234.441 8.81073e-13 
2025 343.618 137.447 120.266 230.583 230.591 230.593 230.612 0.00954066 
2026 343.618 137.447 120.266 230.838 230.877 230.884 230.956 0.038785 
2027 343.618 137.447 120.266 228.755 228.879 228.901 229.141 0.123726 
2028 343.618 137.447 120.266 221.381 221.705 221.761 222.379 0.322298 
2029 343.618 137.447 120.266 214.814 215.576 215.697 217.087 0.727988 
2030 343.618 137.447 120.266 207.491 209.085 209.321 212.211 1.50326 
2031 343.618 137.447 120.266 199.764 202.812 203.27 208.474 2.80652 
2032 343.618 137.447 120.266 192.22 197.364 198.157 207.211 4.68147 
2033 343.618 137.447 120.266 185.325 192.936 194.218 207.119 6.94904 
2034 343.618 137.447 120.266 178.955 190.161 191.396 208.264 9.28255 
2035 343.618 137.447 120.266 173.988 188.192 189.425 210.022 11.4101 
2036 343.618 137.447 120.266 169.883 186.487 188.065 211.996 13.2033 
2037 343.618 137.447 120.266 166.668 185.22 187.099 213.282 14.6476 

Fishing_mortalityModel_1_goa_pop_2023.dat
Year F0 Fabc Fofl LowCI_F Median_F Mean_F UpperCI_F Stdev_F 
2024  0 0.0990105 0.119243 0.0713322 0.0713322 0.0713322 0.0713322 5.55112e-17 
2025  0 0.0990105 0.119243 0.039302 0.0393027 0.0393026 0.039303 3.06623e-07 
2026  0 0.0990105 0.119243 0.0314207 0.0314318 0.0314307 0.0314363 5.11078e-06 
2027  0 0.0990105 0.119243 0.0784374 0.0785949 0.0785824 0.0786672 7.42406e-05 
2028  0 0.0990105 0.119243 0.0638806 0.0638806 0.0638806 0.0638806 2.91434e-16 
2029  0 0.0990105 0.119243 0.0638806 0.0638806 0.0638806 0.0638806 2.91434e-16 
2030  0 0.0990105 0.119243 0.0638806 0.0638806 0.0638806 0.0638806 2.91434e-16 
2031  0 0.0990105 0.119243 0.0638806 0.0638806 0.0638806 0.0638806 2.91434e-16 
2032  0 0.0990105 0.119243 0.0638806 0.0638806 0.0638806 0.0638806 2.91434e-16 
2033  0 0.0990105 0.119243 0.0638806 0.0638806 0.0638806 0.0638806 2.91434e-16 
2034  0 0.0990105 0.119243 0.0638806 0.0638806 0.0638806 0.0638806 2.91434e-16 
2035  0 0.0990105 0.119243 0.0638806 0.0638806 0.0638806 0.0638806 2.91434e-16 
2036  0 0.0990105 0.119243 0.0638806 0.0638806 0.0638806 0.0638806 2.91434e-16 
2037  0 0.0990105 0.119243 0.0638806 0.0638806 0.0638806 0.0638806 2.91434e-16 

Total_BiomassModel_1_goa_pop_2023.dat
Year B100 Babc Bofl LowCI_Biom Median_Biom Mean_Biom UpperCI_Biom Stdev_Biom 
2024 1785.64 465.616 428.615 670.712 670.712 670.712 670.712 2.04636e-12 
2025 1785.64 465.616 428.615 647.344 649.856 650.615 656.326 2.97097 
2026 1785.64 465.616 428.615 636.755 643.645 644.643 656.953 6.51087 
2027 1785.64 465.616 428.615 628.533 640.262 642.326 662.346 11.0375 
2028 1785.64 465.616 428.615 601.976 619.052 622.185 652.643 16.2925 
2029 1785.64 465.616 428.615 581.914 607.229 610.304 649.787 21.8008 
2030 1785.64 465.616 428.615 564.24 597.991 600.428 649.477 27.244 
2031 1785.64 465.616 428.615 547.887 589.081 592.521 650.446 32.2844 
2032 1785.64 465.616 428.615 534.617 582.334 586.374 653.35 36.8959 
2033 1785.64 465.616 428.615 523.09 576.154 581.593 652.533 40.8863 
2034 1785.64 465.616 428.615 513.75 571.834 577.935 653.739 44.5164 
2035 1785.64 465.616 428.615 505.362 568.909 575.145 654.789 47.7344 
2036 1785.64 465.616 428.615 497.69 567.681 573.055 656.614 50.6981 
2037 1785.64 465.616 428.615 493.775 567.739 571.354 655.145 53.3028 
Alternative 5 Alternative  Stock: Model_1_goa_pop_2023.dat
Catch Model_1_goa_pop_2023.dat
Year C0 Cabc Cofl LowCI_Catch Median_Catch Mean_Catch UpperCI_Catch Stdev_Catch 
2024  0 25.3018 27.0643 29.794 29.794 29.794 29.794 3.62377e-13 
2025  0 25.3018 27.0643 16.1515 16.1515 16.1515 16.1515 4.53472e-10 
2026  0 25.3018 27.0643 12.88 12.88 12.88 12.88 4.3336e-09 
2027  0 25.3018 27.0643 31.522 31.522 31.522 31.522 8.5261e-08 
2028  0 25.3018 27.0643 0 0 0 0 0 
2029  0 25.3018 27.0643 0 0 0 0 0 
2030  0 25.3018 27.0643 0 0 0 0 0 
2031  0 25.3018 27.0643 0 0 0 0 0 
2032  0 25.3018 27.0643 0 0 0 0 0 
2033  0 25.3018 27.0643 0 0 0 0 0 
2034  0 25.3018 27.0643 0 0 0 0 0 
2035  0 25.3018 27.0643 0 0 0 0 0 
2036  0 25.3018 27.0643 0 0 0 0 0 
2037  0 25.3018 27.0643 0 0 0 0 0 

Spawning_Biomass Model_1_goa_pop_2023.dat
Year SSB100 SSBabc SSBofl LowCI_SSB Median_SSB Mean_SSB UpperCI_SSB Stdev_SSB 
2024 343.618 137.447 120.266 234.441 234.441 234.441 234.441 8.81073e-13 
2025 343.618 137.447 120.266 230.583 230.591 230.593 230.612 0.00954066 
2026 343.618 137.447 120.266 230.838 230.877 230.884 230.956 0.038785 
2027 343.618 137.447 120.266 228.755 228.879 228.901 229.141 0.123726 
2028 343.618 137.447 120.266 225.107 225.432 225.488 226.108 0.323094 
2029 343.618 137.447 120.266 229.363 230.131 230.254 231.657 0.735027 
2030 343.618 137.447 120.266 232.314 233.942 234.183 237.147 1.53446 
2031 343.618 137.447 120.266 234.158 237.293 237.78 243.218 2.91098 
2032 343.618 137.447 120.266 235.363 240.799 241.624 251.096 4.95913 
2033 343.618 137.447 120.266 236.405 244.503 245.982 260.089 7.54858 
2034 343.618 137.447 120.266 237.206 249.413 250.872 269.867 10.3651 
2035 343.618 137.447 120.266 238.421 254.508 256.083 279.813 13.1076 
2036 343.618 137.447 120.266 240.004 259.827 261.43 289.229 15.6013 
2037 343.618 137.447 120.266 241.64 264.779 266.724 298.809 17.7834 

Fishing_mortalityModel_1_goa_pop_2023.dat
Year F0 Fabc Fofl LowCI_F Median_F Mean_F UpperCI_F Stdev_F 
2024  0 0.0990105 0.119243 0.0713322 0.0713322 0.0713322 0.0713322 5.55112e-17 
2025  0 0.0990105 0.119243 0.039302 0.0393027 0.0393026 0.039303 3.06623e-07 
2026  0 0.0990105 0.119243 0.0314207 0.0314318 0.0314307 0.0314363 5.11078e-06 
2027  0 0.0990105 0.119243 0.0784374 0.0785949 0.0785824 0.0786672 7.42406e-05 
2028  0 0.0990105 0.119243 0 0 0 0 0 
2029  0 0.0990105 0.119243 0 0 0 0 0 
2030  0 0.0990105 0.119243 0 0 0 0 0 
2031  0 0.0990105 0.119243 0 0 0 0 0 
2032  0 0.0990105 0.119243 0 0 0 0 0 
2033  0 0.0990105 0.119243 0 0 0 0 0 
2034  0 0.0990105 0.119243 0 0 0 0 0 
2035  0 0.0990105 0.119243 0 0 0 0 0 
2036  0 0.0990105 0.119243 0 0 0 0 0 
2037  0 0.0990105 0.119243 0 0 0 0 0 

Total_BiomassModel_1_goa_pop_2023.dat
Year B100 Babc Bofl LowCI_Biom Median_Biom Mean_Biom UpperCI_Biom Stdev_Biom 
2024 1785.64 465.616 428.615 670.712 670.712 670.712 670.712 2.04636e-12 
2025 1785.64 465.616 428.615 647.344 649.856 650.615 656.326 2.97097 
2026 1785.64 465.616 428.615 636.755 643.645 644.643 656.953 6.51087 
2027 1785.64 465.616 428.615 628.533 640.262 642.326 662.346 11.0375 
2028 1785.64 465.616 428.615 601.976 619.052 622.185 652.643 16.2925 
2029 1785.64 465.616 428.615 606.529 631.953 635.007 674.683 21.8821 
2030 1785.64 465.616 428.615 611.489 645.3 648.054 697.753 27.5056 
2031 1785.64 465.616 428.615 615.881 657.969 661.293 720.149 32.8638 
2032 1785.64 465.616 428.615 621.475 670.198 674.608 744.346 37.9537 
2033 1785.64 465.616 428.615 626.777 682.642 687.71 762.649 42.5882 
2034 1785.64 465.616 428.615 632.579 693.365 700.515 781.272 47.0078 
2035 1785.64 465.616 428.615 639.088 706.047 712.901 797.834 51.1435 
2036 1785.64 465.616 428.615 644.105 719.425 724.859 816.896 55.103 
2037 1785.64 465.616 428.615 650.879 731.352 736.177 832.72 58.7655 
Alternative 6 Alternative  Stock: Model_1_goa_pop_2023.dat
Catch Model_1_goa_pop_2023.dat
Year C0 Cabc Cofl LowCI_Catch Median_Catch Mean_Catch UpperCI_Catch Stdev_Catch 
2024  0 25.3018 27.0643 29.794 29.794 29.794 29.794 3.62377e-13 
2025  0 25.3018 27.0643 47.5178 47.5181 47.5182 47.5189 0.00037647 
2026  0 25.3018 27.0643 44.4616 44.4685 44.4703 44.485 0.00783492 
2027  0 25.3018 27.0643 41.5612 41.6038 41.6116 41.6944 0.0436102 
2028  0 25.3018 27.0643 38.8041 38.9424 38.9673 39.2323 0.137003 
2029  0 25.3018 27.0643 36.2239 36.5456 36.5984 37.1896 0.311006 
2030  0 25.3018 27.0643 33.8025 34.436 34.5234 35.577 0.571461 
2031  0 25.3018 27.0643 31.6623 32.6295 32.789 34.4695 0.905188 
2032  0 25.3018 27.0643 29.7218 31.149 31.3818 33.7671 1.28444 
2033  0 25.3018 27.0643 27.7164 30.0497 30.2512 33.3384 1.74676 
2034  0 25.3018 27.0643 25.1186 29.2705 29.0633 33.1801 2.52667 
2035  0 25.3018 27.0643 23.2768 28.2886 28.1185 33.2003 3.14994 
2036  0 25.3018 27.0643 22.0936 27.3708 27.4779 33.1174 3.57393 
2037  0 25.3018 27.0643 21.137 26.7857 27.0958 33.0952 3.85913 

Spawning_Biomass Model_1_goa_pop_2023.dat
Year SSB100 SSBabc SSBofl LowCI_SSB Median_SSB Mean_SSB UpperCI_SSB Stdev_SSB 
2024 343.618 137.447 120.266 234.441 234.441 234.441 234.441 8.81073e-13 
2025 343.618 137.447 120.266 225.804 225.812 225.815 225.833 0.00952185 
2026 343.618 137.447 120.266 212.347 212.386 212.393 212.464 0.0384135 
2027 343.618 137.447 120.266 199.906 200.026 200.047 200.276 0.118243 
2028 343.618 137.447 120.266 188.007 188.319 188.373 188.963 0.307993 
2029 343.618 137.447 120.266 176.26 177.004 177.126 178.477 0.708977 
2030 343.618 137.447 120.266 164.827 166.385 166.616 169.451 1.46372 
2031 343.618 137.447 120.266 153.986 156.942 157.38 162.416 2.7053 
2032 343.618 137.447 120.266 144.222 149.065 149.852 158.358 4.4394 
2033 343.618 137.447 120.266 135.775 142.843 144.086 155.982 6.44674 
2034 343.618 137.447 120.266 128.829 138.597 139.905 155.019 8.33901 
2035 343.618 137.447 120.266 123.943 135.914 137.007 154.79 9.80974 
2036 343.618 137.447 120.266 120.358 133.146 135.036 154.277 10.8301 
2037 343.618 137.447 120.266 118.16 131.864 133.678 154.666 11.4892 

Fishing_mortalityModel_1_goa_pop_2023.dat
Year F0 Fabc Fofl LowCI_F Median_F Mean_F UpperCI_F Stdev_F 
2024  0 0.0990105 0.119243 0.0713322 0.0713322 0.0713322 0.0713322 5.55112e-17 
2025  0 0.0990105 0.119243 0.119243 0.119243 0.119243 0.119243 1.06398e-12 
2026  0 0.0990105 0.119243 0.119243 0.119243 0.119243 0.119243 2.2949e-11 
2027  0 0.0990105 0.119243 0.119243 0.119243 0.119243 0.119243 1.29456e-10 
2028  0 0.0990105 0.119243 0.119243 0.119243 0.119243 0.119243 5.27356e-16 
2029  0 0.0990105 0.119243 0.119243 0.119243 0.119243 0.119243 5.27356e-16 
2030  0 0.0990105 0.119243 0.119243 0.119243 0.119243 0.119243 5.27356e-16 
2031  0 0.0990105 0.119243 0.119243 0.119243 0.119243 0.119243 5.27356e-16 
2032  0 0.0990105 0.119243 0.119243 0.119243 0.119243 0.119243 5.27356e-16 
2033  0 0.0990105 0.119243 0.117717 0.119243 0.119041 0.119243 0.000679611 
2034  0 0.0990105 0.119243 0.111373 0.119243 0.117322 0.119243 0.0028052 
2035  0 0.0990105 0.119243 0.106911 0.117844 0.115438 0.119243 0.00447669 
2036  0 0.0990105 0.119243 0.103637 0.115316 0.113969 0.119243 0.0055696 
2037  0 0.0990105 0.119243 0.10163 0.114145 0.112959 0.119243 0.00628714 

Total_BiomassModel_1_goa_pop_2023.dat
Year B100 Babc Bofl LowCI_Biom Median_Biom Mean_Biom UpperCI_Biom Stdev_Biom 
2024 1785.64 465.616 428.615 670.712 670.712 670.712 670.712 2.04636e-12 
2025 1785.64 465.616 428.615 647.344 649.856 650.615 656.326 2.97097 
2026 1785.64 465.616 428.615 605.345 612.234 613.232 625.541 6.51027 
2027 1785.64 465.616 428.615 566.763 578.473 580.54 600.532 11.0267 
2028 1785.64 465.616 428.615 532.717 549.715 552.891 583.222 16.2379 
2029 1785.64 465.616 428.615 501.605 526.885 529.868 569.04 21.6778 
2030 1785.64 465.616 428.615 475.332 509.012 511.117 559.495 26.9712 
2031 1785.64 465.616 428.615 452.324 493.109 496.245 553.303 31.753 
2032 1785.64 465.616 428.615 434.314 480.238 484.663 548.613 35.988 
2033 1785.64 465.616 428.615 418.801 470.51 475.655 543.242 39.4933 
2034 1785.64 465.616 428.615 407.706 463.8 468.714 541.265 42.5089 
2035 1785.64 465.616 428.615 399.087 458.431 463.685 537.308 44.7804 
2036 1785.64 465.616 428.615 393.346 455.749 460.181 535.211 46.6432 
2037 1785.64 465.616 428.615 389.351 452.375 457.639 531.597 48.1248 
Alternative 7 Alternative  Stock: Model_1_goa_pop_2023.dat
Catch Model_1_goa_pop_2023.dat
Year C0 Cabc Cofl LowCI_Catch Median_Catch Mean_Catch UpperCI_Catch Stdev_Catch 
2024  0 25.3018 27.0643 29.794 29.794 29.794 29.794 3.62377e-13 
2025  0 25.3018 27.0643 39.762 39.7622 39.7623 39.7629 0.000312595 
2026  0 25.3018 27.0643 37.7756 37.7813 37.7828 37.795 0.00650639 
2027  0 25.3018 27.0643 42.8128 42.8554 42.8632 42.9461 0.0436208 
2028  0 25.3018 27.0643 39.9048 40.0431 40.068 40.3331 0.137035 
2029  0 25.3018 27.0643 37.1816 37.5035 37.5562 38.1475 0.311074 
2030  0 25.3018 27.0643 34.6268 35.2605 35.3478 36.4017 0.571572 
2031  0 25.3018 27.0643 32.3651 33.3325 33.492 35.1729 0.905344 
2032  0 25.3018 27.0643 30.3155 31.7429 31.9757 34.3615 1.28463 
2033  0 25.3018 27.0643 28.539 30.5477 30.7872 33.8369 1.68832 
2034  0 25.3018 27.0643 25.8879 29.6968 29.6465 33.5956 2.36886 
2035  0 25.3018 27.0643 23.8593 28.8981 28.6246 33.5445 3.04096 
2036  0 25.3018 27.0643 22.5173 27.916 27.8938 33.4015 3.50795 
2037  0 25.3018 27.0643 21.453 27.1943 27.4268 33.3002 3.82238 

Spawning_Biomass Model_1_goa_pop_2023.dat
Year SSB100 SSBabc SSBofl LowCI_SSB Median_SSB Mean_SSB UpperCI_SSB Stdev_SSB 
2024 343.618 137.447 120.266 234.441 234.441 234.441 234.441 8.81073e-13 
2025 343.618 137.447 120.266 227.004 227.012 227.014 227.032 0.00952192 
2026 343.618 137.447 120.266 216.759 216.798 216.805 216.876 0.0384171 
2027 343.618 137.447 120.266 205.953 206.073 206.094 206.323 0.118271 
2028 343.618 137.447 120.266 193.406 193.718 193.772 194.362 0.308063 
2029 343.618 137.447 120.266 181.032 181.777 181.898 183.249 0.709131 
2030 343.618 137.447 120.266 169.005 170.564 170.794 173.63 1.46402 
2031 343.618 137.447 120.266 157.614 160.57 161.008 166.045 2.70583 
2032 343.618 137.447 120.266 147.352 152.196 152.983 161.492 4.44019 
2033 343.618 137.447 120.266 138.411 145.533 146.77 158.675 6.4559 
2034 343.618 137.447 120.266 130.929 140.903 142.169 157.328 8.3854 
2035 343.618 137.447 120.266 125.583 137.841 138.871 156.767 9.91228 
2036 343.618 137.447 120.266 121.691 134.728 136.555 155.973 10.9678 
2037 343.618 137.447 120.266 119.129 132.955 134.909 156.116 11.6419 

Fishing_mortalityModel_1_goa_pop_2023.dat
Year F0 Fabc Fofl LowCI_F Median_F Mean_F UpperCI_F Stdev_F 
2024  0 0.0990105 0.119243 0.0713322 0.0713322 0.0713322 0.0713322 5.55112e-17 
2025  0 0.0990105 0.119243 0.0990104 0.0990104 0.0990104 0.0990104 2.90643e-12 
2026  0 0.0990105 0.119243 0.0990104 0.0990104 0.0990104 0.0990104 6.22458e-11 
2027  0 0.0990105 0.119243 0.119243 0.119243 0.119243 0.119243 1.27285e-10 
2028  0 0.0990105 0.119243 0.119243 0.119243 0.119243 0.119243 5.27356e-16 
2029  0 0.0990105 0.119243 0.119243 0.119243 0.119243 0.119243 5.27356e-16 
2030  0 0.0990105 0.119243 0.119243 0.119243 0.119243 0.119243 5.27356e-16 
2031  0 0.0990105 0.119243 0.119243 0.119243 0.119243 0.119243 5.27356e-16 
2032  0 0.0990105 0.119243 0.119243 0.119243 0.119243 0.119243 5.27356e-16 
2033  0 0.0990105 0.119243 0.119243 0.119243 0.119211 0.119243 0.000230997 
2034  0 0.0990105 0.119243 0.113291 0.119243 0.118112 0.119243 0.00207859 
2035  0 0.0990105 0.119243 0.108409 0.119243 0.116288 0.119243 0.00390381 
2036  0 0.0990105 0.119243 0.104855 0.11676 0.114751 0.119243 0.00515454 
2037  0 0.0990105 0.119243 0.102515 0.115141 0.113625 0.119243 0.00598468 

Total_BiomassModel_1_goa_pop_2023.dat
Year B100 Babc Bofl LowCI_Biom Median_Biom Mean_Biom UpperCI_Biom Stdev_Biom 
2024 1785.64 465.616 428.615 670.712 670.712 670.712 670.712 2.04636e-12 
2025 1785.64 465.616 428.615 647.344 649.856 650.615 656.326 2.97097 
2026 1785.64 465.616 428.615 613.111 620 620.998 633.307 6.5104 
2027 1785.64 465.616 428.615 580.917 592.63 594.697 614.694 11.0288 
2028 1785.64 465.616 428.615 545.034 562.035 565.209 595.548 16.2404 
2029 1785.64 465.616 428.615 512.256 537.535 540.521 579.701 21.6807 
2030 1785.64 465.616 428.615 484.496 518.177 520.285 568.673 26.9741 
2031 1785.64 465.616 428.615 460.181 500.965 504.105 561.169 31.7558 
2032 1785.64 465.616 428.615 441.033 486.956 491.384 555.329 35.9905 
2033 1785.64 465.616 428.615 424.538 476.245 481.392 548.991 39.4955 
2034 1785.64 465.616 428.615 412.422 468.698 473.572 546.16 42.5551 
2035 1785.64 465.616 428.615 402.736 462.61 467.658 541.493 44.9355 
2036 1785.64 465.616 428.615 396.045 458.826 463.39 538.784 46.8542 
2037 1785.64 465.616 428.615 391.487 454.994 460.213 534.656 48.3503 
