Alternative 1 Catch
     Model_1_goa_pop_2023.dat 
Equil_Fabc 24.5073 
Year 
2023 28.8122 
2024 29.106 
2025 27.726 
2026 34.4326 
2027 32.7547 
2028 31.2128 
2029 29.8252 
2030 28.6394 
2031 27.6563 
2032 26.8864 
2033 26.299 
2034 25.8743 
2035 25.556 
2036 25.3207 

Alternative 1 ABCs
     Model_1_goa_pop_2023.dat 

Year 
2023  NA 
2024  NA 
2025  NA 
2026 34.4326 
2027 32.7547 
2028 31.2128 
2029 29.8252 
2030 28.6394 
2031 27.6563 
2032 26.8864 
2033 26.299 
2034 25.8743 
2035 25.556 
2036 25.3207 

Alternative 1 TACs
     Model_1_goa_pop_2023.dat 

Year 
2023  NA 
2024  NA 
2025  NA 
2026 34.4326 
2027 32.7547 
2028 31.2128 
2029 29.8252 
2030 28.6394 
2031 27.6563 
2032 26.8864 
2033 26.299 
2034 25.8743 
2035 25.556 
2036 25.3207 

Alternative 1 Sp_Biomass
     Model_1_goa_pop_2023.dat 
Equil_Fabc 132.047 
Year 
2023 217.879 
2024 211.903 
2025 206.352 
2026 200.268 
2027 192.042 
2028 183.653 
2029 175.363 
2030 167.748 
2031 161.337 
2032 156.286 
2033 152.476 
2034 149.613 
2035 147.44 
2036 145.749 

Alternative 1 Fishing Mortality
     Model_1_goa_pop_2023.dat 
Equil_Fabc 0.0996381 
Year 
2023 0.0750682 
2024 0.0782682 
2025 0.0769998 
2026 0.0996381 
2027 0.0996381 
2028 0.0996381 
2029 0.0996381 
2030 0.0996381 
2031 0.0996381 
2032 0.0996381 
2033 0.0996381 
2034 0.0996284 
2035 0.0995097 
2036 0.0992557 

Alternative 1 Biomass
     Model_1_goa_pop_2023.dat 

Year 
2023 633.37 
2024 615.319 
2025 597.359 
2026 581.568 
2027 560.357 
2028 542.305 
2029 527.295 
2030 515.151 
2031 505.499 
2032 497.794 
2033 491.672 
2034 486.771 
2035 482.814 
2036 479.465 

Alternative 1 Implied SPR rate 
     Model_1_goa_pop_2023.dat 
Equil_Fabc 0.4 
Year 
2023 0.480705 
2024 0.468734 
2025 0.47342 
2026 0.4 
2027 0.4 
2028 0.4 
2029 0.4 
2030 0.4 
2031 0.4 
2032 0.4 
2033 0.4 
2034 0.400028 
2035 0.40037 
2036 0.401109 

  Model_1_goa_pop_2023.dat 
EquilAvgAgeF0  12.1181 
EquilAvgAgeFabc  7.78171 
AvgAgeYr2036 8.44638 
Alternative 2 Catch
     Model_1_goa_pop_2023.dat 
Equil_Fabc 24.5073 
Year 
2023 28.8122 
2024 29.106 
2025 27.726 
2026 34.4326 
2027 32.7547 
2028 31.2128 
2029 29.8252 
2030 28.6394 
2031 27.6563 
2032 26.8864 
2033 26.299 
2034 25.8743 
2035 25.556 
2036 25.3207 

Alternative 2 ABCs
     Model_1_goa_pop_2023.dat 

Year 
2023  NA 
2024  NA 
2025  NA 
2026 34.4326 
2027 32.7547 
2028 31.2128 
2029 29.8252 
2030 28.6394 
2031 27.6563 
2032 26.8864 
2033 26.299 
2034 25.8743 
2035 25.556 
2036 25.3207 

Alternative 2 TACs
     Model_1_goa_pop_2023.dat 

Year 
2023  NA 
2024  NA 
2025  NA 
2026 34.4326 
2027 32.7547 
2028 31.2128 
2029 29.8252 
2030 28.6394 
2031 27.6563 
2032 26.8864 
2033 26.299 
2034 25.8743 
2035 25.556 
2036 25.3207 

Alternative 2 Sp_Biomass
     Model_1_goa_pop_2023.dat 
Equil_Fabc 132.047 
Year 
2023 217.879 
2024 211.903 
2025 206.352 
2026 200.268 
2027 192.042 
2028 183.653 
2029 175.363 
2030 167.748 
2031 161.337 
2032 156.286 
2033 152.476 
2034 149.613 
2035 147.44 
2036 145.749 

Alternative 2 Fishing Mortality
     Model_1_goa_pop_2023.dat 
Equil_Fabc 0.0996381 
Year 
2023 0.0750682 
2024 0.0782682 
2025 0.0769998 
2026 0.0996381 
2027 0.0996381 
2028 0.0996381 
2029 0.0996381 
2030 0.0996381 
2031 0.0996381 
2032 0.0996381 
2033 0.0996381 
2034 0.0996284 
2035 0.0995097 
2036 0.0992557 

Alternative 2 Biomass
     Model_1_goa_pop_2023.dat 

Year 
2023 633.37 
2024 615.319 
2025 597.359 
2026 581.568 
2027 560.357 
2028 542.305 
2029 527.295 
2030 515.151 
2031 505.499 
2032 497.794 
2033 491.672 
2034 486.771 
2035 482.814 
2036 479.465 

Alternative 2 Implied SPR rate 
     Model_1_goa_pop_2023.dat 
Equil_Fabc 0.4 
Year 
2023 0.480705 
2024 0.468734 
2025 0.47342 
2026 0.4 
2027 0.4 
2028 0.4 
2029 0.4 
2030 0.4 
2031 0.4 
2032 0.4 
2033 0.4 
2034 0.400028 
2035 0.40037 
2036 0.401109 

  Model_1_goa_pop_2023.dat 
EquilAvgAgeF0  12.1181 
EquilAvgAgeFabc  7.78171 
AvgAgeYr2036 8.44638 
Alternative 3 Catch
     Model_1_goa_pop_2023.dat 
Equil_Fabc 24.5073 
Year 
2023 28.8122 
2024 29.106 
2025 27.726 
2026 17.5438 
2027 17.3179 
2028 17.0904 
2029 16.8692 
2030 16.6802 
2031 16.5274 
2032 16.4241 
2033 16.3629 
2034 16.3455 
2035 16.3623 
2036 16.4134 

Alternative 3 ABCs
     Model_1_goa_pop_2023.dat 

Year 
2023  NA 
2024  NA 
2025  NA 
2026 17.5438 
2027 17.3179 
2028 17.0904 
2029 16.8692 
2030 16.6802 
2031 16.5274 
2032 16.4241 
2033 16.3629 
2034 16.3455 
2035 16.3623 
2036 16.4134 

Alternative 3 TACs
     Model_1_goa_pop_2023.dat 

Year 
2023  NA 
2024  NA 
2025  NA 
2026 17.5438 
2027 17.3179 
2028 17.0904 
2029 16.8692 
2030 16.6802 
2031 16.5274 
2032 16.4241 
2033 16.3629 
2034 16.3455 
2035 16.3623 
2036 16.4134 

Alternative 3 Sp_Biomass
     Model_1_goa_pop_2023.dat 
Equil_Fabc 132.047 
Year 
2023 217.879 
2024 211.903 
2025 206.352 
2026 202.799 
2027 201.693 
2028 199.761 
2029 197.198 
2030 194.558 
2031 192.426 
2032 191.06 
2033 190.454 
2034 190.404 
2035 190.722 
2036 191.234 

Alternative 3 Fishing Mortality
     Model_1_goa_pop_2023.dat 
Equil_Fabc 0.0996381 
Year 
2023 0.0750682 
2024 0.0782682 
2025 0.0769998 
2026 0.049819 
2027 0.049819 
2028 0.049819 
2029 0.049819 
2030 0.049819 
2031 0.049819 
2032 0.049819 
2033 0.049819 
2034 0.049819 
2035 0.049819 
2036 0.049819 

Alternative 3 Biomass
     Model_1_goa_pop_2023.dat 

Year 
2023 633.37 
2024 615.319 
2025 597.359 
2026 581.568 
2027 577.293 
2028 574.053 
2029 571.884 
2030 570.788 
2031 570.621 
2032 571.056 
2033 571.96 
2034 573.159 
2035 574.551 
2036 575.894 

Alternative 3 Implied SPR rate 
     Model_1_goa_pop_2023.dat 
Equil_Fabc 0.4 
Year 
2023 0.480705 
2024 0.468734 
2025 0.47342 
2026 0.595501 
2027 0.595501 
2028 0.595501 
2029 0.595501 
2030 0.595501 
2031 0.595501 
2032 0.595501 
2033 0.595501 
2034 0.595501 
2035 0.595501 
2036 0.595501 

  Model_1_goa_pop_2023.dat 
EquilAvgAgeF0  12.1181 
EquilAvgAgeFabc  7.78171 
AvgAgeYr2036 9.47 
Alternative 4 Catch
     Model_1_goa_pop_2023.dat 
Equil_Fabc 24.5073 
Year 
2023 28.8122 
2024 29.106 
2025 27.726 
2026 23.8151 
2027 23.1907 
2028 22.5925 
2029 22.0335 
2030 21.5495 
2031 21.1458 
2032 20.838 
2033 20.6128 
2034 20.4682 
2035 20.3872 
2036 20.3648 

Alternative 4 ABCs
     Model_1_goa_pop_2023.dat 

Year 
2023  NA 
2024  NA 
2025  NA 
2026 23.8151 
2027 23.1907 
2028 22.5925 
2029 22.0335 
2030 21.5495 
2031 21.1458 
2032 20.838 
2033 20.6128 
2034 20.4682 
2035 20.3872 
2036 20.3648 

Alternative 4 TACs
     Model_1_goa_pop_2023.dat 

Year 
2023  NA 
2024  NA 
2025  NA 
2026 23.8151 
2027 23.1907 
2028 22.5925 
2029 22.0335 
2030 21.5495 
2031 21.1458 
2032 20.838 
2033 20.6128 
2034 20.4682 
2035 20.3872 
2036 20.3648 

Alternative 4 Sp_Biomass
     Model_1_goa_pop_2023.dat 
Equil_Fabc 132.047 
Year 
2023 217.879 
2024 211.903 
2025 206.352 
2026 201.866 
2027 198.092 
2028 193.677 
2029 188.854 
2030 184.197 
2031 180.281 
2032 177.338 
2033 175.327 
2034 174.016 
2035 173.195 
2036 172.675 

Alternative 4 Fishing Mortality
     Model_1_goa_pop_2023.dat 
Equil_Fabc 0.0996381 
Year 
2023 0.0750682 
2024 0.0782682 
2025 0.0769998 
2026 0.0680981 
2027 0.0680981 
2028 0.0680981 
2029 0.0680981 
2030 0.0680981 
2031 0.0680981 
2032 0.0680981 
2033 0.0680981 
2034 0.0680981 
2035 0.0680981 
2036 0.0680981 

Alternative 4 Biomass
     Model_1_goa_pop_2023.dat 

Year 
2023 633.37 
2024 615.319 
2025 597.359 
2026 581.568 
2027 571.004 
2028 562.124 
2029 554.939 
2030 549.412 
2031 545.34 
2032 542.335 
2033 540.196 
2034 538.692 
2035 537.665 
2036 536.835 

Alternative 4 Implied SPR rate 
     Model_1_goa_pop_2023.dat 
Equil_Fabc 0.4 
Year 
2023 0.480705 
2024 0.468734 
2025 0.47342 
2026 0.508575 
2027 0.508575 
2028 0.508575 
2029 0.508575 
2030 0.508575 
2031 0.508575 
2032 0.508575 
2033 0.508575 
2034 0.508575 
2035 0.508575 
2036 0.508575 

  Model_1_goa_pop_2023.dat 
EquilAvgAgeF0  12.1181 
EquilAvgAgeFabc  7.78171 
AvgAgeYr2036 9.07316 
Alternative 5 Catch
     Model_1_goa_pop_2023.dat 
Equil_Fabc 24.5073 
Year 
2023 28.8122 
2024 29.106 
2025 27.726 
2026  NA 
2027  NA 
2028  NA 
2029  NA 
2030  NA 
2031  NA 
2032  NA 
2033  NA 
2034  NA 
2035  NA 
2036  NA 

Alternative 5 ABCs
     Model_1_goa_pop_2023.dat 

Year 
2023  NA 
2024  NA 
2025  NA 
2026  NA 
2027  NA 
2028  NA 
2029  NA 
2030  NA 
2031  NA 
2032  NA 
2033  NA 
2034  NA 
2035  NA 
2036  NA 

Alternative 5 TACs
     Model_1_goa_pop_2023.dat 

Year 
2023  NA 
2024  NA 
2025  NA 
2026  NA 
2027  NA 
2028  NA 
2029  NA 
2030  NA 
2031  NA 
2032  NA 
2033  NA 
2034  NA 
2035  NA 
2036  NA 

Alternative 5 Sp_Biomass
     Model_1_goa_pop_2023.dat 
Equil_Fabc 132.047 
Year 
2023 217.879 
2024 211.903 
2025 206.352 
2026 205.365 
2027 211.874 
2028 217.431 
2029 222.086 
2030 226.277 
2031 230.556 
2032 235.192 
2033 240.228 
2034 245.493 
2035 250.83 
2036 256.079 

Alternative 5 Fishing Mortality
     Model_1_goa_pop_2023.dat 
Equil_Fabc 0.0996381 
Year 
2023 0.0750682 
2024 0.0782682 
2025 0.0769998 
2026  NA 
2027  NA 
2028  NA 
2029  NA 
2030  NA 
2031  NA 
2032  NA 
2033  NA 
2034  NA 
2035  NA 
2036  NA 

Alternative 5 Biomass
     Model_1_goa_pop_2023.dat 

Year 
2023 633.37 
2024 615.319 
2025 597.359 
2026 581.568 
2027 594.889 
2028 608.306 
2029 621.804 
2030 635.363 
2031 648.878 
2032 662.066 
2033 674.879 
2034 687.211 
2035 699.044 
2036 710.186 

Alternative 5 Implied SPR rate 
     Model_1_goa_pop_2023.dat 
Equil_Fabc 0.4 
Year 
2023 0.480705 
2024 0.468734 
2025 0.47342 
2026 1 
2027 1 
2028 1 
2029 1 
2030 1 
2031 1 
2032 1 
2033 1 
2034 1 
2035 1 
2036 1 

  Model_1_goa_pop_2023.dat 
EquilAvgAgeF0  12.1181 
EquilAvgAgeFabc  7.78171 
AvgAgeYr2036 10.6702 
Alternative 6 Catch
     Model_1_goa_pop_2023.dat 
Equil_Fabc 24.5073 
Year 
2023 28.8122 
2024 43.7483 
2025 41.0671 
2026 38.5907 
2027 36.3158 
2028 34.2827 
2029 32.503 
2030 31.0199 
2031 29.8231 
2032 28.887 
2033 27.9286 
2034 27.1343 
2035 26.5922 
2036 26.2725 

Alternative 6 ABCs
     Model_1_goa_pop_2023.dat 

Year 
2023 45.0936 
2024 43.7483 
2025 41.0671 
2026 38.5907 
2027 36.3158 
2028 34.2827 
2029 32.503 
2030 31.0199 
2031 29.8231 
2032 28.887 
2033 27.9286 
2034 27.1343 
2035 26.5922 
2036 26.2725 

Alternative 6 TACs
     Model_1_goa_pop_2023.dat 

Year 
2023  NA 
2024 43.7483 
2025 41.0671 
2026 38.5907 
2027 36.3158 
2028 34.2827 
2029 32.503 
2030 31.0199 
2031 29.8231 
2032 28.887 
2033 27.9286 
2034 27.1343 
2035 26.5922 
2036 26.2725 

Alternative 6 Sp_Biomass
     Model_1_goa_pop_2023.dat 
Equil_Fabc 132.047 
Year 
2023 217.879 
2024 209.683 
2025 198.024 
2026 187.647 
2027 177.902 
2028 168.364 
2029 159.267 
2030 151.137 
2031 144.431 
2032 139.237 
2033 135.415 
2034 132.704 
2035 130.812 
2036 129.468 

Alternative 6 Fishing Mortality
     Model_1_goa_pop_2023.dat 
Equil_Fabc 0.0996381 
Year 
2023 0.0750682 
2024 0.119494 
2025 0.119494 
2026 0.119494 
2027 0.119494 
2028 0.119494 
2029 0.119494 
2030 0.119494 
2031 0.119494 
2032 0.119385 
2033 0.118016 
2034 0.116294 
2035 0.1149 
2036 0.113914 

Alternative 6 Biomass
     Model_1_goa_pop_2023.dat 

Year 
2023 633.37 
2024 615.319 
2025 582.669 
2026 554.058 
2027 529.795 
2028 509.51 
2029 492.933 
2030 479.745 
2031 469.434 
2032 461.346 
2033 455.036 
2034 450.338 
2035 446.951 
2036 444.38 

Alternative 6 Implied SPR rate 
     Model_1_goa_pop_2023.dat 
Equil_Fabc 0.4 
Year 
2023 0.480705 
2024 0.35 
2025 0.35 
2026 0.35 
2027 0.35 
2028 0.35 
2029 0.35 
2030 0.35 
2031 0.35 
2032 0.350249 
2033 0.353424 
2034 0.357537 
2035 0.360951 
2036 0.363413 

  Model_1_goa_pop_2023.dat 
EquilAvgAgeF0  12.1181 
EquilAvgAgeFabc  7.78171 
AvgAgeYr2036 8.01334 
Alternative 7 Catch
     Model_1_goa_pop_2023.dat 
Equil_Fabc 24.5073 
Year 
2023 28.8122 
2024 36.7536 
2025 35.0114 
2026 39.7067 
2027 37.297 
2028 35.1354 
2029 33.2353 
2030 31.6422 
2031 30.3466 
2032 29.3436 
2033 28.4255 
2034 27.572 
2035 26.9563 
2036 26.5644 

Alternative 7 ABCs
     Model_1_goa_pop_2023.dat 

Year 
2023 45.0936 
2024 43.7483 
2025 41.6762 
2026 39.7067 
2027 37.297 
2028 35.1354 
2029 33.2353 
2030 31.6422 
2031 30.3466 
2032 29.3436 
2033 28.4255 
2034 27.572 
2035 26.9563 
2036 26.5644 

Alternative 7 TACs
     Model_1_goa_pop_2023.dat 

Year 
2023  NA 
2024 43.7483 
2025 41.6762 
2026 39.7067 
2027 37.297 
2028 35.1354 
2029 33.2353 
2030 31.6422 
2031 30.3466 
2032 29.3436 
2033 28.4255 
2034 27.572 
2035 26.9563 
2036 26.5644 

Alternative 7 Sp_Biomass
     Model_1_goa_pop_2023.dat 
Equil_Fabc 132.047 
Year 
2023 217.879 
2024 210.749 
2025 201.957 
2026 193.062 
2027 182.765 
2028 172.686 
2029 163.069 
2030 154.454 
2031 147.305 
2032 141.713 
2033 137.521 
2034 134.456 
2035 132.256 
2036 130.651 

Alternative 7 Fishing Mortality
     Model_1_goa_pop_2023.dat 
Equil_Fabc 0.0996381 
Year 
2023 0.0750682 
2024 0.099638 
2025 0.099638 
2026 0.119494 
2027 0.119494 
2028 0.119494 
2029 0.119494 
2030 0.119494 
2031 0.119494 
2032 0.119479 
2033 0.118677 
2034 0.11705 
2035 0.11562 
2036 0.114542 

Alternative 7 Biomass
     Model_1_goa_pop_2023.dat 

Year 
2023 633.37 
2024 615.319 
2025 589.686 
2026 566.882 
2027 540.981 
2028 519.208 
2029 501.299 
2030 486.936 
2031 475.601 
2032 466.629 
2033 459.543 
2034 454.065 
2035 449.996 
2036 446.852 

Alternative 7 Implied SPR rate 
     Model_1_goa_pop_2023.dat 
Equil_Fabc 0.4 
Year 
2023 0.480705 
2024 0.4 
2025 0.4 
2026 0.35 
2027 0.35 
2028 0.35 
2029 0.35 
2030 0.35 
2031 0.35 
2032 0.350035 
2033 0.351883 
2034 0.355724 
2035 0.359194 
2036 0.361865 

  Model_1_goa_pop_2023.dat 
EquilAvgAgeF0  12.1181 
EquilAvgAgeFabc  7.78171 
AvgAgeYr2036 8.05505 
