 8000 8300 10800 10500 5400 2821 2752 800 2200 4500 8540 11780 13090 6548.13 6537.64 2059.76 1841.23 5740.72 8378.43 9518.82 8907.93 10473.1 10145.5 10817.1 11733.8 10846.3 11639.9 11247.5 13595.3 12954.8 12461.2 12986.4 15615.7 14223.6 14916 13181.4 17712.1 18732.8 23034.5 23860.2 24737 25470.3 25191.2 28899.9 29484 28812.2
The data has been read correctly!Starting optimization of 'model_20_1' in phase 1 of 4 at Wed Jul 19 15:57:49 2023
phase= 1 | nvar=  2 | iter=  0 | nll=1.52e+04 | mag=7.56e+03 | par[  1]=log_mean_rec
phase= 1 | nvar=  2 | iter= 12 | nll=5.05e+03 | mag=4.79e-09 | par[  1]=log_mean_rec
-------------Finished: 1 4216.47  73.0398 163.915 415.636 0 0 0
phase= 2 | nvar=156 | iter=  0 | nll=5.05e+03 | mag=5.87e+03 | par[ 27]=log_F_devs[25]
phase= 2 | nvar=156 | iter= 20 | nll=1.96e+03 | mag=4.12e+03 | par[ 18]=log_F_devs[16]
phase= 2 | nvar=156 | iter= 40 | nll=1.90e+03 | mag=3.10e+03 | par[ 18]=log_F_devs[16]
phase= 2 | nvar=156 | iter= 60 | nll=1.84e+03 | mag=2.99e+03 | par[ 18]=log_F_devs[16]
phase= 2 | nvar=156 | iter= 80 | nll=1.57e+03 | mag=2.19e+03 | par[ 18]=log_F_devs[16]
phase= 2 | nvar=156 | iter=100 | nll=1.34e+03 | mag=1.47e+03 | par[ 18]=log_F_devs[16]
phase= 2 | nvar=156 | iter=120 | nll=1.24e+03 | mag=1.27e+03 | par[ 18]=log_F_devs[16]
phase= 2 | nvar=156 | iter=140 | nll=1.18e+03 | mag=8.04e+02 | par[ 18]=log_F_devs[16]
phase= 2 | nvar=156 | iter=160 | nll=1.14e+03 | mag=4.77e+02 | par[ 18]=log_F_devs[16]
phase= 2 | nvar=156 | iter=180 | nll=1.12e+03 | mag=4.50e+01 | par[ 19]=log_F_devs[17]
phase= 2 | nvar=156 | iter=200 | nll=1.12e+03 | mag=1.28e+01 | par[ 18]=log_F_devs[16]
phase= 2 | nvar=156 | iter=220 | nll=1.12e+03 | mag=8.03e-01 | par[141]=log_rec_dev[76]
phase= 2 | nvar=156 | iter=240 | nll=1.12e+03 | mag=4.08e-03 | par[ 18]=log_F_devs[16]
phase= 2 | nvar=156 | iter=249 | nll=1.12e+03 | mag=6.77e-05 | par[ 23]=log_F_devs[21]
-------------Finished: 2 223.478  63.674 73.3149 67.8138 0 0 0
phase= 3 | nvar=164 | iter=  0 | nll=1.10e+03 | mag=2.27e+02 | par[ 15]=log_F_devs[5]
phase= 3 | nvar=164 | iter= 20 | nll=1.07e+03 | mag=5.05e+02 | par[ 16]=log_F_devs[6]
phase= 3 | nvar=164 | iter= 40 | nll=1.06e+03 | mag=3.42e+02 | par[ 16]=log_F_devs[6]
phase= 3 | nvar=164 | iter= 60 | nll=1.05e+03 | mag=3.10e+02 | par[ 16]=log_F_devs[6]
phase= 3 | nvar=164 | iter= 80 | nll=1.03e+03 | mag=1.52e+02 | par[ 30]=log_F_devs[20]
phase= 3 | nvar=164 | iter=100 | nll=1.03e+03 | mag=1.42e+02 | par[ 30]=log_F_devs[20]
phase= 3 | nvar=164 | iter=120 | nll=1.02e+03 | mag=1.36e+02 | par[ 58]=log_F_devs[48]
phase= 3 | nvar=164 | iter=140 | nll=1.01e+03 | mag=9.61e+01 | par[ 59]=log_F_devs[49]
phase= 3 | nvar=164 | iter=160 | nll=1.00e+03 | mag=2.64e+01 | par[ 96]=log_rec_dev[23]
phase= 3 | nvar=164 | iter=180 | nll=1.00e+03 | mag=1.05e+01 | par[ 70]=log_F_devs[60]
phase= 3 | nvar=164 | iter=200 | nll=1.00e+03 | mag=5.00e-01 | par[ 99]=log_rec_dev[26]
phase= 3 | nvar=164 | iter=217 | nll=1.00e+03 | mag=9.79e-05 | par[ 41]=log_F_devs[31]
-------------Finished: 3 132.165  21.4531 28.7701 65.8988 0 0 0
phase= 4 | nvar=169 | iter=  0 | nll=1.01e+03 | mag=2.34e+03 | par[ 75]=mat_delta
phase= 4 | nvar=169 | iter= 20 | nll=9.87e+02 | mag=1.86e+03 | par[ 75]=mat_delta
phase= 4 | nvar=169 | iter= 40 | nll=9.71e+02 | mag=1.87e+03 | par[ 75]=mat_delta
phase= 4 | nvar=169 | iter= 60 | nll=7.65e+02 | mag=2.14e+03 | par[ 75]=mat_delta
phase= 4 | nvar=169 | iter= 80 | nll=6.93e+02 | mag=1.96e+03 | par[ 75]=mat_delta
phase= 4 | nvar=169 | iter=100 | nll=6.40e+02 | mag=1.88e+03 | par[ 75]=mat_delta
phase= 4 | nvar=169 | iter=120 | nll=6.04e+02 | mag=1.79e+03 | par[ 75]=mat_delta
phase= 4 | nvar=169 | iter=140 | nll=5.19e+02 | mag=1.41e+03 | par[ 75]=mat_delta
phase= 4 | nvar=169 | iter=160 | nll=3.89e+02 | mag=5.12e+02 | par[ 75]=mat_delta
phase= 4 | nvar=169 | iter=180 | nll=3.09e+02 | mag=1.83e+02 | par[ 75]=mat_delta
phase= 4 | nvar=169 | iter=200 | nll=2.58e+02 | mag=6.97e+01 | par[ 25]=log_F_devs[15]
phase= 4 | nvar=169 | iter=220 | nll=2.54e+02 | mag=4.66e+00 | par[101]=log_rec_dev[26]
phase= 4 | nvar=169 | iter=240 | nll=2.54e+02 | mag=1.28e-01 | par[142]=log_rec_dev[67]
phase= 4 | nvar=169 | iter=259 | nll=2.54e+02 | mag=9.71e-05 | par[ 43]=log_F_devs[33]
Optimization completed after 1.9 s with final statistics:
  nll=253.799395 | mag=9.71355e-05 | par[ 43]=log_F_devs[33]

-------------Finished: 4 132.165  21.4531 28.7701 65.8988 0 0 0
Calculating Hessian (169 variables): 20%, 40%, 60%, 80%, 100% done (1.3 s) 
Differentiating 17 derived quantities: 20%, 40%, 60%, 80%, 100% done (0.24 s) 
Inverting Hessian (169 variables): 20%, 40%, 60%, 80%, 100% done (0.046 s) 
Starting standard error calculations... 
 Warning: Non-positive variance of sdreport variables: 363
 done (0.46 s) 
 7.0114e-05 0.00029807 0.000385411 0.000404854 0.000602063 0.0007735 0.00104271 0.00155438 0.00244536 0.0033083 0.00441348 0.00599248 0.00723934 0.00758667 0.0077639 0.00853916 0.00865981 0.00916556 0.00925471 0.00933426 0.0095262 0.0095638 0.00960603 0.00969381 0.0097877 0.00984238 0.00986014 0.00986953 0.00987318 0.00988572 0.00989819 0.00990043 0.00990787 0.00991203 0.00992068 0.00992716 0.0099306 0.00993937 0.00994344 0.00995796 0.0099601 0.00996362 0.00997114 0.009979 0.00998015 0.009987 0.00999097 0.00999767 0.0100009 0.0100016 0.0100128 0.0100158 0.0100217 0.010023 0.0100296 0.0100364 0.0100423 0.0100464 0.0100542 0.0100992 0.0101086 0.0101614 0.0102206 0.0102812 0.0103692 0.0104315 0.0107815 0.0108466 0.0109913 0.012184 0.012411 0.0134749 0.0169993 0.0222122 0.0311669 0.0363839 0.0372209 0.0391728 0.0450994 0.0508134 0.0533965 0.0586331 0.0622845 0.0680185 0.0695434 0.0718867 0.0847349 0.0871487 0.0898334 0.0945207 0.0979085 0.109627 0.117299 0.118284 0.13194 0.140462 0.152494 0.160992 0.166553 0.16989 0.177198 0.186134 0.188924 0.197941 0.213878 0.219986 0.225207 0.231208 0.2447 0.246028 0.252424 0.254444 0.266247 0.271716 0.273669 0.276416 0.280619 0.281941 0.290393 0.29148 0.295382 0.310196 0.311259 0.312219 0.317276 0.323694 0.3347 0.356245 0.35852 0.362959 0.384795 0.407442 0.408023 0.408674 0.410184 0.410404 0.411612 0.413418 0.416205 0.417551 0.420388 0.424545 0.427019 0.42926 0.433595 0.438444 0.442404 0.444534 0.459438 0.466507 0.480527 0.499289 0.499579 0.542775 0.553274 0.568141 0.572323 0.572323 0.590241 0.627576 0.641403 0.766104 0.850761 0.857742 1.14444 1.26576 1.28772 1.59738 5.07978
Initial seed value -36519
-253.799 -253.799
 mcmc sim 1  acceptance rate 0 0
-253.799 -253.799
 mcmc sim 201  acceptance rate 0 0
decreasing step size -662.315
-290.621 -290.621
 mcmc sim 401  acceptance rate 0.256858 0.515
increasing step size -593.791
-311.928 -311.928
 mcmc sim 601  acceptance rate 0.269551 0.295
-329.147 -329.147
 mcmc sim 801  acceptance rate 0.278402 0.305
-324.26 -324.26
 mcmc sim 1001  acceptance rate 0.288711 0.33
-313.945 -313.945
 mcmc sim 1201  acceptance rate 0.304746 0.385
-328.345 -328.345
 mcmc sim 1401  acceptance rate 0.312634 0.36
-324.842 -324.842
 mcmc sim 1601  acceptance rate 0.323548 0.4
-323.314 -323.314
 mcmc sim 1801  acceptance rate 0.324264 0.33
-320.072 -320.072
 mcmc sim 2001  acceptance rate 0.32084 0.29
-335.885 -335.885
 mcmc sim 2201  acceptance rate 0.330759 0.43
increasing step size -562.979
-345.251 -345.251
 mcmc sim 2401  acceptance rate 0.324032 0.25
-336.373 -336.373
 mcmc sim 2601  acceptance rate 0.322568 0.305
-325.291 -325.291
 mcmc sim 2801  acceptance rate 0.317387 0.25
-318.568 -318.568
 mcmc sim 3001  acceptance rate 0.313229 0.255
-328.912 -328.912
 mcmc sim 3201  acceptance rate 0.307404 0.22
-322.687 -322.687
 mcmc sim 3401  acceptance rate 0.30344 0.24
-324.847 -324.847
 mcmc sim 3601  acceptance rate 0.302138 0.28
-333.881 -333.881
 mcmc sim 3801  acceptance rate 0.300447 0.27
-338.588 -338.588
 mcmc sim 4001  acceptance rate 0.301175 0.315
-333.496 -333.496
 mcmc sim 4201  acceptance rate 0.298976 0.255
-347.058 -347.058
 mcmc sim 4401  acceptance rate 0.299932 0.32
-344.244 -344.244
 mcmc sim 4601  acceptance rate 0.298848 0.275
-336.194 -336.194
 mcmc sim 4801  acceptance rate 0.297438 0.265
-336.051 -336.051
 mcmc sim 5001  acceptance rate 0.293941 0.21
-354.363 -354.363
 mcmc sim 5201  acceptance rate 0.293597 0.285
-359.345 -359.345
 mcmc sim 5401  acceptance rate 0.294575 0.32
-351.963 -351.963
 mcmc sim 5601  acceptance rate 0.294055 0.28
-344.712 -344.712
 mcmc sim 5801  acceptance rate 0.293225 0.27
-348.258 -348.258
 mcmc sim 6001  acceptance rate 0.291618 0.245
-346.213 -346.213
 mcmc sim 6201  acceptance rate 0.291405 0.285
-339.718 -339.718
 mcmc sim 6401  acceptance rate 0.290736 0.27
-339.996 -339.996
 mcmc sim 6601  acceptance rate 0.291622 0.32
-341.136 -341.136
 mcmc sim 6801  acceptance rate 0.288781 0.195
-333.948 -333.948
 mcmc sim 7001  acceptance rate 0.289673 0.32
-318.681 -318.681
 mcmc sim 7201  acceptance rate 0.288432 0.245
-331.944 -331.944
 mcmc sim 7401  acceptance rate 0.288745 0.3
-330.727 -330.727
 mcmc sim 7601  acceptance rate 0.289699 0.325
-330.548 -330.548
 mcmc sim 7801  acceptance rate 0.289066 0.265
-321.438 -321.438
 mcmc sim 8001  acceptance rate 0.289839 0.32
-323.694 -323.694
 mcmc sim 8201  acceptance rate 0.289721 0.285
-328.887 -328.887
 mcmc sim 8401  acceptance rate 0.287585 0.2
-351.521 -351.521
 mcmc sim 8601  acceptance rate 0.287408 0.28
-345.763 -345.763
 mcmc sim 8801  acceptance rate 0.288149 0.32
-331.626 -331.626
 mcmc sim 9001  acceptance rate 0.288968 0.325
-332.2 -332.2
 mcmc sim 9201  acceptance rate 0.288556 0.27
-338.403 -338.403
 mcmc sim 9401  acceptance rate 0.287097 0.22
-329.481 -329.481
 mcmc sim 9601  acceptance rate 0.287053 0.285
-334.899 -334.899
 mcmc sim 9801  acceptance rate 0.286297 0.25
-339.817 -339.817
 mcmc sim 10001  acceptance rate 0.285271 0.235
-328.685 -328.685
 mcmc sim 10201  acceptance rate 0.285462 0.295
-342.841 -342.841
 mcmc sim 10401  acceptance rate 0.284973 0.26
-339.746 -339.746
 mcmc sim 10601  acceptance rate 0.285162 0.295
-336.285 -336.285
 mcmc sim 10801  acceptance rate 0.28414 0.23
-329.929 -329.929
 mcmc sim 11001  acceptance rate 0.28452 0.305
-345.723 -345.723
 mcmc sim 11201  acceptance rate 0.285153 0.32
-360.726 -360.726
 mcmc sim 11401  acceptance rate 0.286378 0.355
-362.919 -362.919
 mcmc sim 11601  acceptance rate 0.287044 0.325
-344.608 -344.608
 mcmc sim 11801  acceptance rate 0.28684 0.275
-343.187 -343.187
 mcmc sim 12001  acceptance rate 0.286809 0.285
-327.924 -327.924
 mcmc sim 12201  acceptance rate 0.286042 0.24
-330.897 -330.897
 mcmc sim 12401  acceptance rate 0.286106 0.29
-326.116 -326.116
 mcmc sim 12601  acceptance rate 0.28466 0.195
-332.32 -332.32
 mcmc sim 12801  acceptance rate 0.284197 0.255
-345.97 -345.97
 mcmc sim 13001  acceptance rate 0.282594 0.18
-344.202 -344.202
 mcmc sim 13201  acceptance rate 0.281948 0.24
-347.739 -347.739
 mcmc sim 13401  acceptance rate 0.2808 0.205
-338.886 -338.886
 mcmc sim 13601  acceptance rate 0.279465 0.19
-338.445 -338.445
 mcmc sim 13801  acceptance rate 0.279617 0.29
-341.219 -341.219
 mcmc sim 14001  acceptance rate 0.279337 0.26
-342.362 -342.362
 mcmc sim 14201  acceptance rate 0.279558 0.295
-341.458 -341.458
 mcmc sim 14401  acceptance rate 0.280397 0.34
-331.345 -331.345
 mcmc sim 14601  acceptance rate 0.280803 0.31
-344.839 -344.839
 mcmc sim 14801  acceptance rate 0.281332 0.32
-337.948 -337.948
 mcmc sim 15001  acceptance rate 0.280515 0.22
-341.56 -341.56
 mcmc sim 15201  acceptance rate 0.280574 0.285
-341.961 -341.961
 mcmc sim 15401  acceptance rate 0.280956 0.31
-350.69 -350.69
 mcmc sim 15601  acceptance rate 0.281585 0.33
-343.44 -343.44
 mcmc sim 15801  acceptance rate 0.281691 0.29
-339.715 -339.715
 mcmc sim 16001  acceptance rate 0.28092 0.22
-346.009 -346.009
 mcmc sim 16201  acceptance rate 0.280847 0.275
-340.085 -340.085
 mcmc sim 16401  acceptance rate 0.280958 0.29
-324.659 -324.659
 mcmc sim 16601  acceptance rate 0.280586 0.25
-328.074 -328.074
 mcmc sim 16801  acceptance rate 0.280459 0.27
-317.581 -317.581
 mcmc sim 17001  acceptance rate 0.280395 0.275
-319.74 -319.74
 mcmc sim 17201  acceptance rate 0.279635 0.215
-327.803 -327.803
 mcmc sim 17401  acceptance rate 0.280214 0.33
-329.087 -329.087
 mcmc sim 17601  acceptance rate 0.280211 0.28
-330.131 -330.131
 mcmc sim 17801  acceptance rate 0.280771 0.33
-341.51 -341.51
 mcmc sim 18001  acceptance rate 0.280929 0.295
-331.782 -331.782
 mcmc sim 18201  acceptance rate 0.280534 0.245
-318.427 -318.427
 mcmc sim 18401  acceptance rate 0.280691 0.295
-328.257 -328.257
 mcmc sim 18601  acceptance rate 0.280308 0.245
-337.932 -337.932
 mcmc sim 18801  acceptance rate 0.280091 0.26
-336.438 -336.438
 mcmc sim 19001  acceptance rate 0.279933 0.265
-327.872 -327.872
 mcmc sim 19201  acceptance rate 0.279569 0.245
-339.457 -339.457
 mcmc sim 19401  acceptance rate 0.279522 0.275
-332.336 -332.336
 mcmc sim 19601  acceptance rate 0.27922 0.25
-328.947 -328.947
 mcmc sim 19801  acceptance rate 0.27837 0.195
-339.449 -339.449
 mcmc sim 20001  acceptance rate 0.277336 0.175
-336.173 -336.173
 mcmc sim 20201  acceptance rate 0.277808 0.325
-327.18 -327.18
 mcmc sim 20401  acceptance rate 0.277486 0.245
-339.913 -339.913
 mcmc sim 20601  acceptance rate 0.277705 0.3
-332.598 -332.598
 mcmc sim 20801  acceptance rate 0.277246 0.23
-329.539 -329.539
 mcmc sim 21001  acceptance rate 0.277701 0.325
-335.374 -335.374
 mcmc sim 21201  acceptance rate 0.277864 0.295
-342.78 -342.78
 mcmc sim 21401  acceptance rate 0.277837 0.275
-340.968 -340.968
 mcmc sim 21601  acceptance rate 0.278089 0.305
-346.583 -346.583
 mcmc sim 21801  acceptance rate 0.277877 0.255
-351.829 -351.829
 mcmc sim 22001  acceptance rate 0.278033 0.295
-333.319 -333.319
 mcmc sim 22201  acceptance rate 0.278321 0.31
-322.62 -322.62
 mcmc sim 22401  acceptance rate 0.278113 0.255
-321.807 -321.807
 mcmc sim 22601  acceptance rate 0.277466 0.205
-331.084 -331.084
 mcmc sim 22801  acceptance rate 0.277049 0.23
-328.859 -328.859
 mcmc sim 23001  acceptance rate 0.277162 0.29
-330.196 -330.196
 mcmc sim 23201  acceptance rate 0.276755 0.23
-329.226 -329.226
 mcmc sim 23401  acceptance rate 0.276527 0.25
-340.497 -340.497
 mcmc sim 23601  acceptance rate 0.276471 0.27
-340.014 -340.014
 mcmc sim 23801  acceptance rate 0.276543 0.285
-352.516 -352.516
 mcmc sim 24001  acceptance rate 0.276697 0.295
-334.077 -334.077
 mcmc sim 24201  acceptance rate 0.276889 0.3
-324.552 -324.552
 mcmc sim 24401  acceptance rate 0.277161 0.31
-323.374 -323.374
 mcmc sim 24601  acceptance rate 0.276899 0.245
-331.727 -331.727
 mcmc sim 24801  acceptance rate 0.276682 0.25
-332.919 -332.919
 mcmc sim 25001  acceptance rate 0.276789 0.29
-336.715 -336.715
 mcmc sim 25201  acceptance rate 0.276854 0.285
-337.286 -337.286
 mcmc sim 25401  acceptance rate 0.277115 0.31
-339.163 -339.163
 mcmc sim 25601  acceptance rate 0.277138 0.28
-345.682 -345.682
 mcmc sim 25801  acceptance rate 0.276888 0.245
-347.654 -347.654
 mcmc sim 26001  acceptance rate 0.277105 0.305
-342.075 -342.075
 mcmc sim 26201  acceptance rate 0.276898 0.25
-325.991 -325.991
 mcmc sim 26401  acceptance rate 0.27677 0.26
-333.598 -333.598
 mcmc sim 26601  acceptance rate 0.276193 0.2
-343.032 -343.032
 mcmc sim 26801  acceptance rate 0.275773 0.22
-347.792 -347.792
 mcmc sim 27001  acceptance rate 0.275768 0.275
-348.421 -348.421
 mcmc sim 27201  acceptance rate 0.27624 0.34
-353.43 -353.43
 mcmc sim 27401  acceptance rate 0.276632 0.33
-352.407 -352.407
 mcmc sim 27601  acceptance rate 0.276693 0.285
-337.096 -337.096
 mcmc sim 27801  acceptance rate 0.276789 0.29
-333.209 -333.209
 mcmc sim 28001  acceptance rate 0.276776 0.275
-330.206 -330.206
 mcmc sim 28201  acceptance rate 0.276586 0.25
-326.592 -326.592
 mcmc sim 28401  acceptance rate 0.276328 0.24
-328.065 -328.065
 mcmc sim 28601  acceptance rate 0.276389 0.285
-319.309 -319.309
 mcmc sim 28801  acceptance rate 0.276032 0.225
-327.721 -327.721
 mcmc sim 29001  acceptance rate 0.275611 0.215
-346.304 -346.304
 mcmc sim 29201  acceptance rate 0.275436 0.25
-346.628 -346.628
 mcmc sim 29401  acceptance rate 0.275365 0.265
-330.071 -330.071
 mcmc sim 29601  acceptance rate 0.275058 0.23
-328.658 -328.658
 mcmc sim 29801  acceptance rate 0.275159 0.29
-338.485 -338.485
 mcmc sim 30001  acceptance rate 0.275224 0.285
-345.478 -345.478
 mcmc sim 30201  acceptance rate 0.275123 0.26
-336.679 -336.679
 mcmc sim 30401  acceptance rate 0.275419 0.32
-339.051 -339.051
 mcmc sim 30601  acceptance rate 0.275612 0.305
-328.739 -328.739
 mcmc sim 30801  acceptance rate 0.275543 0.265
-315.597 -315.597
 mcmc sim 31001  acceptance rate 0.275733 0.305
-332.383 -332.383
 mcmc sim 31201  acceptance rate 0.275568 0.25
-332.315 -332.315
 mcmc sim 31401  acceptance rate 0.275087 0.2
-325.405 -325.405
 mcmc sim 31601  acceptance rate 0.275086 0.275
-326.793 -326.793
 mcmc sim 31801  acceptance rate 0.275054 0.27
-326.723 -326.723
 mcmc sim 32001  acceptance rate 0.274991 0.265
-325.056 -325.056
 mcmc sim 32201  acceptance rate 0.274898 0.26
-340.761 -340.761
 mcmc sim 32401  acceptance rate 0.274899 0.275
-331.29 -331.29
 mcmc sim 32601  acceptance rate 0.27539 0.355
-338.1 -338.1
 mcmc sim 32801  acceptance rate 0.27554 0.3
-337.186 -337.186
 mcmc sim 33001  acceptance rate 0.27581 0.32
-337.882 -337.882
 mcmc sim 33201  acceptance rate 0.275564 0.235
-322.623 -322.623
 mcmc sim 33401  acceptance rate 0.2758 0.315
-338.961 -338.961
 mcmc sim 33601  acceptance rate 0.275974 0.305
-339.246 -339.246
 mcmc sim 33801  acceptance rate 0.275879 0.26
-338.655 -338.655
 mcmc sim 34001  acceptance rate 0.276021 0.3
-344.703 -344.703
 mcmc sim 34201  acceptance rate 0.276132 0.295
-332.399 -332.399
 mcmc sim 34401  acceptance rate 0.276387 0.32
-327.11 -327.11
 mcmc sim 34601  acceptance rate 0.276611 0.315
-319.592 -319.592
 mcmc sim 34801  acceptance rate 0.27663 0.28
-316.208 -316.208
 mcmc sim 35001  acceptance rate 0.276621 0.275
-325.982 -325.982
 mcmc sim 35201  acceptance rate 0.276413 0.24
-323.705 -323.705
 mcmc sim 35401  acceptance rate 0.276122 0.225
-327.245 -327.245
 mcmc sim 35601  acceptance rate 0.275723 0.205
-329.156 -329.156
 mcmc sim 35801  acceptance rate 0.275579 0.25
-322.477 -322.477
 mcmc sim 36001  acceptance rate 0.27527 0.22
-323.534 -323.534
 mcmc sim 36201  acceptance rate 0.274965 0.22
-323.93 -323.93
 mcmc sim 36401  acceptance rate 0.275047 0.29
-316.489 -316.489
 mcmc sim 36601  acceptance rate 0.274965 0.26
-330.733 -330.733
 mcmc sim 36801  acceptance rate 0.274775 0.24
-331.217 -331.217
 mcmc sim 37001  acceptance rate 0.274993 0.315
-333.133 -333.133
 mcmc sim 37201  acceptance rate 0.274885 0.255
-325.542 -325.542
 mcmc sim 37401  acceptance rate 0.274752 0.25
-330.893 -330.893
 mcmc sim 37601  acceptance rate 0.274567 0.24
-344.394 -344.394
 mcmc sim 37801  acceptance rate 0.274305 0.225
-337.747 -337.747
 mcmc sim 38001  acceptance rate 0.274256 0.265
-340.227 -340.227
 mcmc sim 38201  acceptance rate 0.274286 0.28
-338.914 -338.914
 mcmc sim 38401  acceptance rate 0.273977 0.215
-329.317 -329.317
 mcmc sim 38601  acceptance rate 0.274034 0.285
-332.666 -332.666
 mcmc sim 38801  acceptance rate 0.274065 0.28
-334.868 -334.868
 mcmc sim 39001  acceptance rate 0.273942 0.25
-327.19 -327.19
 mcmc sim 39201  acceptance rate 0.273615 0.21
-331.501 -331.501
 mcmc sim 39401  acceptance rate 0.27347 0.245
-336.818 -336.818
 mcmc sim 39601  acceptance rate 0.273352 0.25
-334.51 -334.51
 mcmc sim 39801  acceptance rate 0.273058 0.215
-341.33 -341.33
 mcmc sim 40001  acceptance rate 0.272943 0.25
-329.403 -329.403
 mcmc sim 40201  acceptance rate 0.272854 0.255
-332.615 -332.615
 mcmc sim 40401  acceptance rate 0.272939 0.29
-336.542 -336.542
 mcmc sim 40601  acceptance rate 0.272777 0.24
-341.575 -341.575
 mcmc sim 40801  acceptance rate 0.272175 0.15
-354.247 -354.247
 mcmc sim 41001  acceptance rate 0.272018 0.24
-345.013 -345.013
 mcmc sim 41201  acceptance rate 0.271984 0.265
-337.852 -337.852
 mcmc sim 41401  acceptance rate 0.271877 0.25
-326.375 -326.375
 mcmc sim 41601  acceptance rate 0.271772 0.25
-332.806 -332.806
 mcmc sim 41801  acceptance rate 0.271453 0.205
-326.249 -326.249
 mcmc sim 42001  acceptance rate 0.271136 0.205
-339.927 -339.927
 mcmc sim 42201  acceptance rate 0.270752 0.19
-333.282 -333.282
 mcmc sim 42401  acceptance rate 0.27063 0.245
-332.681 -332.681
 mcmc sim 42601  acceptance rate 0.270534 0.25
-338.644 -338.644
 mcmc sim 42801  acceptance rate 0.270554 0.275
-346.849 -346.849
 mcmc sim 43001  acceptance rate 0.270436 0.245
-331.325 -331.325
 mcmc sim 43201  acceptance rate 0.270549 0.295
-325.558 -325.558
 mcmc sim 43401  acceptance rate 0.270639 0.29
-332.128 -332.128
 mcmc sim 43601  acceptance rate 0.27059 0.26
-333.785 -333.785
 mcmc sim 43801  acceptance rate 0.270359 0.22
-341.883 -341.883
 mcmc sim 44001  acceptance rate 0.270426 0.285
-345.379 -345.379
 mcmc sim 44201  acceptance rate 0.270424 0.27
-358.946 -358.946
 mcmc sim 44401  acceptance rate 0.270377 0.26
-345.918 -345.918
 mcmc sim 44601  acceptance rate 0.270241 0.24
-326.041 -326.041
 mcmc sim 44801  acceptance rate 0.270217 0.265
-326.64 -326.64
 mcmc sim 45001  acceptance rate 0.269838 0.185
-338.441 -338.441
 mcmc sim 45201  acceptance rate 0.269618 0.22
-349.488 -349.488
 mcmc sim 45401  acceptance rate 0.269311 0.2
-336.654 -336.654
 mcmc sim 45601  acceptance rate 0.269117 0.225
-332.629 -332.629
 mcmc sim 45801  acceptance rate 0.268837 0.205
-334.23 -334.23
 mcmc sim 46001  acceptance rate 0.268581 0.21
-334.637 -334.637
 mcmc sim 46201  acceptance rate 0.268328 0.21
-335.941 -335.941
 mcmc sim 46401  acceptance rate 0.268227 0.245
-327.031 -327.031
 mcmc sim 46601  acceptance rate 0.267913 0.195
-325.887 -325.887
 mcmc sim 46801  acceptance rate 0.267665 0.21
-333.694 -333.694
 mcmc sim 47001  acceptance rate 0.267356 0.195
-328.992 -328.992
 mcmc sim 47201  acceptance rate 0.267177 0.225
-350.091 -350.091
 mcmc sim 47401  acceptance rate 0.267083 0.245
-360.424 -360.424
 mcmc sim 47601  acceptance rate 0.267242 0.305
-358.373 -358.373
 mcmc sim 47801  acceptance rate 0.267066 0.225
-349.17 -349.17
 mcmc sim 48001  acceptance rate 0.266953 0.24
-353.022 -353.022
 mcmc sim 48201  acceptance rate 0.266862 0.245
-343.107 -343.107
 mcmc sim 48401  acceptance rate 0.266751 0.24
-348.645 -348.645
 mcmc sim 48601  acceptance rate 0.266723 0.26
-337.478 -337.478
 mcmc sim 48801  acceptance rate 0.266511 0.215
-341.368 -341.368
 mcmc sim 49001  acceptance rate 0.266648 0.3
-349.485 -349.485
 mcmc sim 49201  acceptance rate 0.266397 0.205
-349.31 -349.31
 mcmc sim 49401  acceptance rate 0.266169 0.21
-342.886 -342.886
 mcmc sim 49601  acceptance rate 0.266083 0.245
-334.65 -334.65
 mcmc sim 49801  acceptance rate 0.265798 0.195
-336.999 -336.999
 mcmc sim 50001  acceptance rate 0.265575 0.21
-331.149 -331.149
 mcmc sim 50201  acceptance rate 0.265294 0.195
-344.963 -344.963
 mcmc sim 50401  acceptance rate 0.265054 0.205
-333.978 -333.978
 mcmc sim 50601  acceptance rate 0.264995 0.25
-349.63 -349.63
 mcmc sim 50801  acceptance rate 0.26466 0.18
-347.334 -347.334
 mcmc sim 51001  acceptance rate 0.264367 0.19
-339.454 -339.454
 mcmc sim 51201  acceptance rate 0.264233 0.23
-346.23 -346.23
 mcmc sim 51401  acceptance rate 0.264061 0.22
-341.477 -341.477
 mcmc sim 51601  acceptance rate 0.263871 0.215
-353.594 -353.594
 mcmc sim 51801  acceptance rate 0.263721 0.225
-351.04 -351.04
 mcmc sim 52001  acceptance rate 0.263706 0.26
-356.124 -356.124
 mcmc sim 52201  acceptance rate 0.26375 0.275
-342.399 -342.399
 mcmc sim 52401  acceptance rate 0.263545 0.21
-339.015 -339.015
 mcmc sim 52601  acceptance rate 0.263322 0.205
-345.873 -345.873
 mcmc sim 52801  acceptance rate 0.263215 0.235
-345.705 -345.705
 mcmc sim 53001  acceptance rate 0.262957 0.195
-337.565 -337.565
 mcmc sim 53201  acceptance rate 0.262777 0.215
-356.104 -356.104
 mcmc sim 53401  acceptance rate 0.262617 0.22
-342.032 -342.032
 mcmc sim 53601  acceptance rate 0.262626 0.265
-352.728 -352.728
 mcmc sim 53801  acceptance rate 0.262783 0.305
-348.078 -348.078
 mcmc sim 54001  acceptance rate 0.262514 0.19
-360.011 -360.011
 mcmc sim 54201  acceptance rate 0.262467 0.25
-356.529 -356.529
 mcmc sim 54401  acceptance rate 0.262587 0.295
-353.606 -353.606
 mcmc sim 54601  acceptance rate 0.262614 0.27
-356.812 -356.812
 mcmc sim 54801  acceptance rate 0.262641 0.27
-348.037 -348.037
 mcmc sim 55001  acceptance rate 0.262595 0.25
-351.446 -351.446
 mcmc sim 55201  acceptance rate 0.262477 0.23
-340.369 -340.369
 mcmc sim 55401  acceptance rate 0.262576 0.29
-348.504 -348.504
 mcmc sim 55601  acceptance rate 0.262549 0.255
-357.385 -357.385
 mcmc sim 55801  acceptance rate 0.26263 0.285
-355.405 -355.405
 mcmc sim 56001  acceptance rate 0.262567 0.245
-360.003 -360.003
 mcmc sim 56201  acceptance rate 0.262451 0.23
-337.764 -337.764
 mcmc sim 56401  acceptance rate 0.26246 0.265
-344.193 -344.193
 mcmc sim 56601  acceptance rate 0.262522 0.28
-352.473 -352.473
 mcmc sim 56801  acceptance rate 0.262513 0.26
-340.058 -340.058
 mcmc sim 57001  acceptance rate 0.262487 0.255
-335.253 -335.253
 mcmc sim 57201  acceptance rate 0.262443 0.25
-348.795 -348.795
 mcmc sim 57401  acceptance rate 0.26233 0.23
-346.569 -346.569
 mcmc sim 57601  acceptance rate 0.262409 0.285
-342.239 -342.239
 mcmc sim 57801  acceptance rate 0.262418 0.265
-336.082 -336.082
 mcmc sim 58001  acceptance rate 0.262478 0.28
-346.176 -346.176
 mcmc sim 58201  acceptance rate 0.26259 0.295
-347.62 -347.62
 mcmc sim 58401  acceptance rate 0.262735 0.305
-348.785 -348.785
 mcmc sim 58601  acceptance rate 0.262743 0.265
-346.534 -346.534
 mcmc sim 58801  acceptance rate 0.262972 0.33
-356.809 -356.809
 mcmc sim 59001  acceptance rate 0.263029 0.28
-339.387 -339.387
 mcmc sim 59201  acceptance rate 0.262985 0.25
-333.754 -333.754
 mcmc sim 59401  acceptance rate 0.262975 0.26
-344.369 -344.369
 mcmc sim 59601  acceptance rate 0.263083 0.295
-359.184 -359.184
 mcmc sim 59801  acceptance rate 0.262939 0.22
-352.024 -352.024
 mcmc sim 60001  acceptance rate 0.263146 0.325
-339.514 -339.514
 mcmc sim 60201  acceptance rate 0.263301 0.31
-331.543 -331.543
 mcmc sim 60401  acceptance rate 0.263357 0.28
-338.319 -338.319
 mcmc sim 60601  acceptance rate 0.263527 0.315
-339.451 -339.451
 mcmc sim 60801  acceptance rate 0.263663 0.305
-345.587 -345.587
 mcmc sim 61001  acceptance rate 0.263815 0.31
-330.744 -330.744
 mcmc sim 61201  acceptance rate 0.263787 0.255
-337.383 -337.383
 mcmc sim 61401  acceptance rate 0.26366 0.225
-339.049 -339.049
 mcmc sim 61601  acceptance rate 0.2636 0.245
-358.293 -358.293
 mcmc sim 61801  acceptance rate 0.263556 0.25
-349.173 -349.173
 mcmc sim 62001  acceptance rate 0.26356 0.265
-342.187 -342.187
 mcmc sim 62201  acceptance rate 0.263517 0.25
-353.83 -353.83
 mcmc sim 62401  acceptance rate 0.263473 0.25
-345.026 -345.026
 mcmc sim 62601  acceptance rate 0.263622 0.31
-327.654 -327.654
 mcmc sim 62801  acceptance rate 0.263499 0.225
-328.186 -328.186
 mcmc sim 63001  acceptance rate 0.263424 0.24
-336.54 -336.54
 mcmc sim 63201  acceptance rate 0.263334 0.235
-331.871 -331.871
 mcmc sim 63401  acceptance rate 0.263324 0.26
-329.244 -329.244
 mcmc sim 63601  acceptance rate 0.263313 0.26
-339.248 -339.248
 mcmc sim 63801  acceptance rate 0.263366 0.28
-325.789 -325.789
 mcmc sim 64001  acceptance rate 0.263246 0.225
-324.086 -324.086
 mcmc sim 64201  acceptance rate 0.263314 0.285
-329.947 -329.947
 mcmc sim 64401  acceptance rate 0.263381 0.285
-322.274 -322.274
 mcmc sim 64601  acceptance rate 0.263525 0.31
-329.293 -329.293
 mcmc sim 64801  acceptance rate 0.263391 0.22
-338.874 -338.874
 mcmc sim 65001  acceptance rate 0.263427 0.275
-322.062 -322.062
 mcmc sim 65201  acceptance rate 0.263432 0.265
-330.394 -330.394
 mcmc sim 65401  acceptance rate 0.263452 0.27
-340.867 -340.867
 mcmc sim 65601  acceptance rate 0.263365 0.235
-332.074 -332.074
 mcmc sim 65801  acceptance rate 0.263294 0.24
-336.993 -336.993
 mcmc sim 66001  acceptance rate 0.263344 0.28
-343.956 -343.956
 mcmc sim 66201  acceptance rate 0.263501 0.315
-338.277 -338.277
 mcmc sim 66401  acceptance rate 0.263445 0.245
-332.654 -332.654
 mcmc sim 66601  acceptance rate 0.26354 0.295
-329.778 -329.778
 mcmc sim 66801  acceptance rate 0.263589 0.28
-322.987 -322.987
 mcmc sim 67001  acceptance rate 0.263578 0.26
-332.381 -332.381
 mcmc sim 67201  acceptance rate 0.263538 0.25
-343.133 -343.133
 mcmc sim 67401  acceptance rate 0.263705 0.32
-348.59 -348.59
 mcmc sim 67601  acceptance rate 0.26365 0.245
-336.877 -336.877
 mcmc sim 67801  acceptance rate 0.263683 0.275
-345.384 -345.384
 mcmc sim 68001  acceptance rate 0.263599 0.235
-345.599 -345.599
 mcmc sim 68201  acceptance rate 0.263647 0.28
-343.503 -343.503
 mcmc sim 68401  acceptance rate 0.263534 0.225
-343.763 -343.763
 mcmc sim 68601  acceptance rate 0.263568 0.275
-336.567 -336.567
 mcmc sim 68801  acceptance rate 0.263557 0.26
-336.448 -336.448
 mcmc sim 69001  acceptance rate 0.263605 0.28
-362.208 -362.208
 mcmc sim 69201  acceptance rate 0.26358 0.255
-357.52 -357.52
 mcmc sim 69401  acceptance rate 0.263743 0.32
-354.181 -354.181
 mcmc sim 69601  acceptance rate 0.263976 0.345
-349.014 -349.014
 mcmc sim 69801  acceptance rate 0.264079 0.3
-355.193 -355.193
 mcmc sim 70001  acceptance rate 0.263996 0.235
-355.769 -355.769
 mcmc sim 70201  acceptance rate 0.263971 0.255
-345.812 -345.812
 mcmc sim 70401  acceptance rate 0.26403 0.285
-331.716 -331.716
 mcmc sim 70601  acceptance rate 0.263778 0.175
-323.964 -323.964
 mcmc sim 70801  acceptance rate 0.263584 0.195
-327.303 -327.303
 mcmc sim 71001  acceptance rate 0.263588 0.265
-318.378 -318.378
 mcmc sim 71201  acceptance rate 0.263409 0.2
-323.352 -323.352
 mcmc sim 71401  acceptance rate 0.263442 0.275
-337.522 -337.522
 mcmc sim 71601  acceptance rate 0.263264 0.2
-346.89 -346.89
 mcmc sim 71801  acceptance rate 0.263381 0.305
-352.185 -352.185
 mcmc sim 72001  acceptance rate 0.263441 0.285
-339.965 -339.965
 mcmc sim 72201  acceptance rate 0.263348 0.23
-342.254 -342.254
 mcmc sim 72401  acceptance rate 0.263311 0.25
-343.257 -343.257
 mcmc sim 72601  acceptance rate 0.263192 0.22
-336.665 -336.665
 mcmc sim 72801  acceptance rate 0.263101 0.23
-337.696 -337.696
 mcmc sim 73001  acceptance rate 0.262969 0.215
-337.56 -337.56
 mcmc sim 73201  acceptance rate 0.262879 0.23
-348.839 -348.839
 mcmc sim 73401  acceptance rate 0.262803 0.235
-346.435 -346.435
 mcmc sim 73601  acceptance rate 0.262605 0.19
-349.76 -349.76
 mcmc sim 73801  acceptance rate 0.262435 0.2
-348.925 -348.925
 mcmc sim 74001  acceptance rate 0.262294 0.21
-342.24 -342.24
 mcmc sim 74201  acceptance rate 0.26222 0.235
-338.956 -338.956
 mcmc sim 74401  acceptance rate 0.26208 0.21
-329.709 -329.709
 mcmc sim 74601  acceptance rate 0.2619 0.195
-331.389 -331.389
 mcmc sim 74801  acceptance rate 0.261975 0.29
-335.921 -335.921
 mcmc sim 75001  acceptance rate 0.26181 0.2
-337.244 -337.244
 mcmc sim 75201  acceptance rate 0.261672 0.21
-349.807 -349.807
 mcmc sim 75401  acceptance rate 0.261654 0.255
-341.981 -341.981
 mcmc sim 75601  acceptance rate 0.261557 0.225
-326.274 -326.274
 mcmc sim 75801  acceptance rate 0.261566 0.265
-344.976 -344.976
 mcmc sim 76001  acceptance rate 0.261483 0.23
-347.144 -347.144
 mcmc sim 76201  acceptance rate 0.261427 0.24
-353.484 -353.484
 mcmc sim 76401  acceptance rate 0.261175 0.165
-354.232 -354.232
 mcmc sim 76601  acceptance rate 0.261263 0.295
-363.544 -363.544
 mcmc sim 76801  acceptance rate 0.261325 0.285
-358.758 -358.758
 mcmc sim 77001  acceptance rate 0.261139 0.19
-366.061 -366.061
 mcmc sim 77201  acceptance rate 0.261292 0.32
-346.218 -346.218
 mcmc sim 77401  acceptance rate 0.261276 0.255
-347.736 -347.736
 mcmc sim 77601  acceptance rate 0.26135 0.29
-346.639 -346.639
 mcmc sim 77801  acceptance rate 0.261205 0.205
-353.056 -353.056
 mcmc sim 78001  acceptance rate 0.261176 0.25
-353.957 -353.957
 mcmc sim 78201  acceptance rate 0.26102 0.2
-353.55 -353.55
 mcmc sim 78401  acceptance rate 0.261081 0.285
-364.063 -364.063
 mcmc sim 78601  acceptance rate 0.260938 0.205
-358.845 -358.845
 mcmc sim 78801  acceptance rate 0.260733 0.18
-344.676 -344.676
 mcmc sim 79001  acceptance rate 0.26068 0.24
-338.343 -338.343
 mcmc sim 79201  acceptance rate 0.260477 0.18
-336.212 -336.212
 mcmc sim 79401  acceptance rate 0.260349 0.21
-331.671 -331.671
 mcmc sim 79601  acceptance rate 0.26021 0.205
-329.026 -329.026
 mcmc sim 79801  acceptance rate 0.260084 0.21
-347.632 -347.632
 mcmc sim 80001  acceptance rate 0.259947 0.205
-349.821 -349.821
 mcmc sim 80201  acceptance rate 0.259947 0.26
-338.557 -338.557
 mcmc sim 80401  acceptance rate 0.259947 0.26
-330.308 -330.308
 mcmc sim 80601  acceptance rate 0.259823 0.21
-328.807 -328.807
 mcmc sim 80801  acceptance rate 0.259737 0.225
-333.719 -333.719
 mcmc sim 81001  acceptance rate 0.259417 0.13
-338.372 -338.372
 mcmc sim 81201  acceptance rate 0.259356 0.235
-342.236 -342.236
 mcmc sim 81401  acceptance rate 0.259297 0.235
-342.297 -342.297
 mcmc sim 81601  acceptance rate 0.259176 0.21
-356.472 -356.472
 mcmc sim 81801  acceptance rate 0.259141 0.245
-358.132 -358.132
 mcmc sim 82001  acceptance rate 0.259131 0.255
-362.986 -362.986
 mcmc sim 82201  acceptance rate 0.259072 0.235
-352.182 -352.182
 mcmc sim 82401  acceptance rate 0.259087 0.265
-355.083 -355.083
 mcmc sim 82601  acceptance rate 0.258956 0.205
-352.129 -352.129
 mcmc sim 82801  acceptance rate 0.258837 0.21
-343.156 -343.156
 mcmc sim 83001  acceptance rate 0.258816 0.25
-347.469 -347.469
 mcmc sim 83201  acceptance rate 0.258675 0.2
-334.406 -334.406
 mcmc sim 83401  acceptance rate 0.258702 0.27
-350.703 -350.703
 mcmc sim 83601  acceptance rate 0.258633 0.23
-355.945 -355.945
 mcmc sim 83801  acceptance rate 0.258589 0.24
-348.962 -348.962
 mcmc sim 84001  acceptance rate 0.258664 0.29
-348.24 -348.24
 mcmc sim 84201  acceptance rate 0.258643 0.25
-343.671 -343.671
 mcmc sim 84401  acceptance rate 0.258623 0.25
-331.501 -331.501
 mcmc sim 84601  acceptance rate 0.258508 0.21
-336.606 -336.606
 mcmc sim 84801  acceptance rate 0.258405 0.215
-340.43 -340.43
 mcmc sim 85001  acceptance rate 0.25822 0.18
-344.796 -344.796
 mcmc sim 85201  acceptance rate 0.25806 0.19
-338.477 -338.477
 mcmc sim 85401  acceptance rate 0.257854 0.17
-348.137 -348.137
 mcmc sim 85601  acceptance rate 0.257859 0.26
-341.437 -341.437
 mcmc sim 85801  acceptance rate 0.257864 0.26
-366.559 -366.559
 mcmc sim 86001  acceptance rate 0.257962 0.3
-353.144 -353.144
 mcmc sim 86201  acceptance rate 0.258036 0.29
-345.752 -345.752
 mcmc sim 86401  acceptance rate 0.258168 0.315
-347.013 -347.013
 mcmc sim 86601  acceptance rate 0.258103 0.23
-348.373 -348.373
 mcmc sim 86801  acceptance rate 0.258131 0.27
-345.862 -345.862
 mcmc sim 87001  acceptance rate 0.258123 0.255
-341.83 -341.83
 mcmc sim 87201  acceptance rate 0.25807 0.235
-345.87 -345.87
 mcmc sim 87401  acceptance rate 0.258075 0.26
-346.926 -346.926
 mcmc sim 87601  acceptance rate 0.258091 0.265
-352.147 -352.147
 mcmc sim 87801  acceptance rate 0.258141 0.28
-331.329 -331.329
 mcmc sim 88001  acceptance rate 0.258213 0.29
-327.55 -327.55
 mcmc sim 88201  acceptance rate 0.258138 0.225
-332.155 -332.155
 mcmc sim 88401  acceptance rate 0.258176 0.275
-325.547 -325.547
 mcmc sim 88601  acceptance rate 0.258135 0.24
-323.318 -323.318
 mcmc sim 88801  acceptance rate 0.25815 0.265
-342.024 -342.024
 mcmc sim 89001  acceptance rate 0.258357 0.35
-344.62 -344.62
 mcmc sim 89201  acceptance rate 0.258338 0.25
-337.266 -337.266
 mcmc sim 89401  acceptance rate 0.258353 0.265
-346.581 -346.581
 mcmc sim 89601  acceptance rate 0.258334 0.25
-337.505 -337.505
 mcmc sim 89801  acceptance rate 0.258349 0.265
-342.766 -342.766
 mcmc sim 90001  acceptance rate 0.258375 0.27
-346.949 -346.949
 mcmc sim 90201  acceptance rate 0.258356 0.25
-339.839 -339.839
 mcmc sim 90401  acceptance rate 0.258294 0.23
-335.039 -335.039
 mcmc sim 90601  acceptance rate 0.258308 0.265
-325.842 -325.842
 mcmc sim 90801  acceptance rate 0.258323 0.265
-337.679 -337.679
 mcmc sim 91001  acceptance rate 0.258404 0.295
-332.107 -332.107
 mcmc sim 91201  acceptance rate 0.258506 0.305
-335.796 -335.796
 mcmc sim 91401  acceptance rate 0.258553 0.28
-332.545 -332.545
 mcmc sim 91601  acceptance rate 0.2586 0.28
-335.387 -335.387
 mcmc sim 91801  acceptance rate 0.258581 0.25
-336.373 -336.373
 mcmc sim 92001  acceptance rate 0.258486 0.215
-335.202 -335.202
 mcmc sim 92201  acceptance rate 0.258533 0.28
-332.98 -332.98
 mcmc sim 92401  acceptance rate 0.258536 0.26
-333.93 -333.93
 mcmc sim 92601  acceptance rate 0.25855 0.265
-337.341 -337.341
 mcmc sim 92801  acceptance rate 0.258424 0.2
-343.877 -343.877
 mcmc sim 93001  acceptance rate 0.258331 0.215
-327.643 -327.643
 mcmc sim 93201  acceptance rate 0.258238 0.215
-330.319 -330.319
 mcmc sim 93401  acceptance rate 0.258156 0.22
-338.157 -338.157
 mcmc sim 93601  acceptance rate 0.258063 0.215
-338.823 -338.823
 mcmc sim 93801  acceptance rate 0.258196 0.32
-336.034 -336.034
 mcmc sim 94001  acceptance rate 0.258167 0.245
-334.804 -334.804
 mcmc sim 94201  acceptance rate 0.258086 0.22
-323.371 -323.371
 mcmc sim 94401  acceptance rate 0.258048 0.24
-333.442 -333.442
 mcmc sim 94601  acceptance rate 0.258126 0.295
-325.685 -325.685
 mcmc sim 94801  acceptance rate 0.258099 0.245
-336.295 -336.295
 mcmc sim 95001  acceptance rate 0.258071 0.245
-337.584 -337.584
 mcmc sim 95201  acceptance rate 0.258222 0.33
-337.136 -337.136
 mcmc sim 95401  acceptance rate 0.258362 0.325
-335.636 -335.636
 mcmc sim 95601  acceptance rate 0.258386 0.27
-341.414 -341.414
 mcmc sim 95801  acceptance rate 0.25839 0.26
-330.251 -330.251
 mcmc sim 96001  acceptance rate 0.258362 0.245
-339.905 -339.905
 mcmc sim 96201  acceptance rate 0.258313 0.235
-355.643 -355.643
 mcmc sim 96401  acceptance rate 0.258348 0.275
-349.66 -349.66
 mcmc sim 96601  acceptance rate 0.258393 0.28
-340.763 -340.763
 mcmc sim 96801  acceptance rate 0.258468 0.295
-343.369 -343.369
 mcmc sim 97001  acceptance rate 0.258492 0.27
-341.46 -341.46
 mcmc sim 97201  acceptance rate 0.258464 0.245
-341.057 -341.057
 mcmc sim 97401  acceptance rate 0.258468 0.26
-339.201 -339.201
 mcmc sim 97601  acceptance rate 0.258553 0.3
-333.864 -333.864
 mcmc sim 97801  acceptance rate 0.258597 0.28
-328.567 -328.567
 mcmc sim 98001  acceptance rate 0.258681 0.3
-332.07 -332.07
 mcmc sim 98201  acceptance rate 0.258684 0.26
-336.241 -336.241
 mcmc sim 98401  acceptance rate 0.258778 0.305
-335.74 -335.74
 mcmc sim 98601  acceptance rate 0.25874 0.24
-334.087 -334.087
 mcmc sim 98801  acceptance rate 0.258712 0.245
-339.031 -339.031
 mcmc sim 99001  acceptance rate 0.258725 0.265
-340.238 -340.238
 mcmc sim 99201  acceptance rate 0.258727 0.26
-332.171 -332.171
 mcmc sim 99401  acceptance rate 0.25882 0.305
-327.591 -327.591
 mcmc sim 99601  acceptance rate 0.258762 0.23
-325.5 -325.5
 mcmc sim 99801  acceptance rate 0.258785 0.27
0.25878
In write empirical covariance matrix
 0.000121699 0.00018315 0.000206188 0.0003387 0.000473177 0.000578478 0.00073257 0.000982763 0.001608 0.0022608 0.0026992 0.00282805 0.00295565 0.00314157 0.00326849 0.00338238 0.00351552 0.00359113 0.00366915 0.00380087 0.00385064 0.00403315 0.00409682 0.00421482 0.0042806 0.00446796 0.00455519 0.00457714 0.00467087 0.00475706 0.00488129 0.00500784 0.00509826 0.00520053 0.00536189 0.00550196 0.00565935 0.00579826 0.00595335 0.00616683 0.00632851 0.00658233 0.00661596 0.00690216 0.00696077 0.00706699 0.00733839 0.00740104 0.00755055 0.00784212 0.00796641 0.00803536 0.00821581 0.00839412 0.0086986 0.00902571 0.00930909 0.00944176 0.00956616 0.00989199 0.0100028 0.0104232 0.0107234 0.0113608 0.0115367 0.012535 0.012654 0.0130168 0.0137314 0.0141428 0.0146094 0.0173508 0.020796 0.0245028 0.0273883 0.0299793 0.0321899 0.0347594 0.0388165 0.0402516 0.0433241 0.0437657 0.0458823 0.0515705 0.0544827 0.0604117 0.0632104 0.0656804 0.0703273 0.0728624 0.078075 0.0823331 0.0863174 0.0922409 0.100839 0.106585 0.110727 0.117693 0.121951 0.124245 0.129026 0.13392 0.141263 0.14685 0.148889 0.152556 0.154776 0.166354 0.168698 0.175012 0.185239 0.194144 0.196233 0.199068 0.202694 0.211414 0.217265 0.221857 0.237373 0.239981 0.244133 0.245396 0.253785 0.260915 0.266403 0.281332 0.284138 0.294456 0.297205 0.300948 0.31112 0.322148 0.331186 0.341804 0.347196 0.348136 0.366492 0.382202 0.38882 0.398522 0.415369 0.431506 0.440228 0.459611 0.471481 0.4781 0.492211 0.517197 0.523388 0.537346 0.566414 0.568797 0.588875 0.606831 0.621642 0.633642 0.65341 0.718583 0.754721 0.783699 0.829692 0.845351 0.92923 1.04217 1.07171 1.69169 2.32264 3.99745 5.41747

Finished running model 'model_20_1' after 1 m 34 s.
