Alternative 1 Catch
     Model_1_goa_pop_2023.dat 
Equil_Fabc 24.5073 
Year 
2023 28.8122 
2024 36.7537 
2025 35.0114 
2026 33.3561 
2027 31.793 
2028 30.3639 
2029 29.0845 
2030 28.0001 
2031 27.1103 
2032 26.4239 
2033 25.9103 
2034 25.5415 
2035 25.261 
2036 25.0593 

Alternative 1 ABCs
     Model_1_goa_pop_2023.dat 

Year 
2023  NA 
2024 36.7537 
2025 35.0114 
2026 33.3561 
2027 31.793 
2028 30.3639 
2029 29.0845 
2030 28.0001 
2031 27.1103 
2032 26.4239 
2033 25.9103 
2034 25.5415 
2035 25.261 
2036 25.0593 

Alternative 1 TACs
     Model_1_goa_pop_2023.dat 

Year 
2023  NA 
2024 36.7537 
2025 35.0114 
2026 33.3561 
2027 31.793 
2028 30.3639 
2029 29.0845 
2030 28.0001 
2031 27.1103 
2032 26.4239 
2033 25.9103 
2034 25.5415 
2035 25.261 
2036 25.0593 

Alternative 1 Sp_Biomass
     Model_1_goa_pop_2023.dat 
Equil_Fabc 132.047 
Year 
2023 217.879 
2024 210.749 
2025 201.957 
2026 194.027 
2027 186.349 
2028 178.516 
2029 170.775 
2030 163.687 
2031 157.765 
2032 153.159 
2033 149.745 
2034 147.231 
2035 145.367 
2036 143.949 

Alternative 1 Fishing Mortality
     Model_1_goa_pop_2023.dat 
Equil_Fabc 0.0996381 
Year 
2023 0.0750682 
2024 0.0996381 
2025 0.0996381 
2026 0.0996381 
2027 0.0996381 
2028 0.0996381 
2029 0.0996381 
2030 0.0996381 
2031 0.0996381 
2032 0.0996381 
2033 0.0996381 
2034 0.0995907 
2035 0.0993885 
2036 0.0990693 

Alternative 1 Biomass
     Model_1_goa_pop_2023.dat 

Year 
2023 633.37 
2024 615.319 
2025 589.686 
2026 566.882 
2027 547.351 
2028 530.855 
2029 517.264 
2030 506.395 
2031 497.875 
2032 491.165 
2033 485.908 
2034 481.757 
2035 478.455 
2036 475.685 

Alternative 1 Implied SPR rate 
     Model_1_goa_pop_2023.dat 
Equil_Fabc 0.4 
Year 
2023 0.480705 
2024 0.4 
2025 0.4 
2026 0.4 
2027 0.4 
2028 0.4 
2029 0.4 
2030 0.4 
2031 0.4 
2032 0.4 
2033 0.4 
2034 0.400135 
2035 0.400721 
2036 0.401656 

  Model_1_goa_pop_2023.dat 
EquilAvgAgeF0  12.1181 
EquilAvgAgeFabc  7.78171 
AvgAgeYr2036 8.38878 
Alternative 2 Catch
     Model_1_goa_pop_2023.dat 
Equil_Fabc 24.5073 
Year 
2023 28.8122 
2024 36.7537 
2025 35.0114 
2026 33.3561 
2027 31.793 
2028 30.3639 
2029 29.0845 
2030 28.0001 
2031 27.1103 
2032 26.4239 
2033 25.9103 
2034 25.5415 
2035 25.261 
2036 25.0593 

Alternative 2 ABCs
     Model_1_goa_pop_2023.dat 

Year 
2023  NA 
2024 36.7537 
2025 35.0114 
2026 33.3561 
2027 31.793 
2028 30.3639 
2029 29.0845 
2030 28.0001 
2031 27.1103 
2032 26.4239 
2033 25.9103 
2034 25.5415 
2035 25.261 
2036 25.0593 

Alternative 2 TACs
     Model_1_goa_pop_2023.dat 

Year 
2023  NA 
2024 36.7537 
2025 35.0114 
2026 33.3561 
2027 31.793 
2028 30.3639 
2029 29.0845 
2030 28.0001 
2031 27.1103 
2032 26.4239 
2033 25.9103 
2034 25.5415 
2035 25.261 
2036 25.0593 

Alternative 2 Sp_Biomass
     Model_1_goa_pop_2023.dat 
Equil_Fabc 132.047 
Year 
2023 217.879 
2024 210.749 
2025 201.957 
2026 194.027 
2027 186.349 
2028 178.516 
2029 170.775 
2030 163.687 
2031 157.765 
2032 153.159 
2033 149.745 
2034 147.231 
2035 145.367 
2036 143.949 

Alternative 2 Fishing Mortality
     Model_1_goa_pop_2023.dat 
Equil_Fabc 0.0996381 
Year 
2023 0.0750682 
2024 0.0996381 
2025 0.0996381 
2026 0.0996381 
2027 0.0996381 
2028 0.0996381 
2029 0.0996381 
2030 0.0996381 
2031 0.0996381 
2032 0.0996381 
2033 0.0996381 
2034 0.0995907 
2035 0.0993885 
2036 0.0990693 

Alternative 2 Biomass
     Model_1_goa_pop_2023.dat 

Year 
2023 633.37 
2024 615.319 
2025 589.686 
2026 566.882 
2027 547.351 
2028 530.855 
2029 517.264 
2030 506.395 
2031 497.875 
2032 491.165 
2033 485.908 
2034 481.757 
2035 478.455 
2036 475.685 

Alternative 2 Implied SPR rate 
     Model_1_goa_pop_2023.dat 
Equil_Fabc 0.4 
Year 
2023 0.480705 
2024 0.4 
2025 0.4 
2026 0.4 
2027 0.4 
2028 0.4 
2029 0.4 
2030 0.4 
2031 0.4 
2032 0.4 
2033 0.4 
2034 0.400135 
2035 0.400721 
2036 0.401656 

  Model_1_goa_pop_2023.dat 
EquilAvgAgeF0  12.1181 
EquilAvgAgeFabc  7.78171 
AvgAgeYr2036 8.38878 
Alternative 3 Catch
     Model_1_goa_pop_2023.dat 
Equil_Fabc 24.5073 
Year 
2023 28.8122 
2024 18.7284 
2025 18.5136 
2026 18.2661 
2027 17.9898 
2028 17.7079 
2029 17.4299 
2030 17.1837 
2031 16.9746 
2032 16.8179 
2033 16.7064 
2034 16.6432 
2035 16.6189 
2036 16.6341 

Alternative 3 ABCs
     Model_1_goa_pop_2023.dat 

Year 
2023  NA 
2024 18.7284 
2025 18.5136 
2026 18.2661 
2027 17.9898 
2028 17.7079 
2029 17.4299 
2030 17.1837 
2031 16.9746 
2032 16.8179 
2033 16.7064 
2034 16.6432 
2035 16.6189 
2036 16.6341 

Alternative 3 TACs
     Model_1_goa_pop_2023.dat 

Year 
2023  NA 
2024 18.7284 
2025 18.5136 
2026 18.2661 
2027 17.9898 
2028 17.7079 
2029 17.4299 
2030 17.1837 
2031 16.9746 
2032 16.8179 
2033 16.7064 
2034 16.6432 
2035 16.6189 
2036 16.6341 

Alternative 3 Sp_Biomass
     Model_1_goa_pop_2023.dat 
Equil_Fabc 132.047 
Year 
2023 217.879 
2024 213.45 
2025 212.206 
2026 211.113 
2027 209.58 
2028 207.16 
2029 204.067 
2030 200.876 
2031 198.197 
2032 196.303 
2033 195.202 
2034 194.696 
2035 194.598 
2036 194.733 

Alternative 3 Fishing Mortality
     Model_1_goa_pop_2023.dat 
Equil_Fabc 0.0996381 
Year 
2023 0.0750682 
2024 0.049819 
2025 0.049819 
2026 0.049819 
2027 0.049819 
2028 0.049819 
2029 0.049819 
2030 0.049819 
2031 0.049819 
2032 0.049819 
2033 0.049819 
2034 0.049819 
2035 0.049819 
2036 0.049819 

Alternative 3 Biomass
     Model_1_goa_pop_2023.dat 

Year 
2023 633.37 
2024 615.319 
2025 607.771 
2026 600.815 
2027 595.014 
2028 590.276 
2029 586.665 
2030 584.205 
2031 582.767 
2032 582.027 
2033 581.858 
2034 582.084 
2035 582.599 
2036 583.153 

Alternative 3 Implied SPR rate 
     Model_1_goa_pop_2023.dat 
Equil_Fabc 0.4 
Year 
2023 0.480705 
2024 0.595501 
2025 0.595501 
2026 0.595501 
2027 0.595501 
2028 0.595501 
2029 0.595501 
2030 0.595501 
2031 0.595501 
2032 0.595501 
2033 0.595501 
2034 0.595501 
2035 0.595501 
2036 0.595501 

  Model_1_goa_pop_2023.dat 
EquilAvgAgeF0  12.1181 
EquilAvgAgeFabc  7.78171 
AvgAgeYr2036 9.56415 
Alternative 4 Catch
     Model_1_goa_pop_2023.dat 
Equil_Fabc 24.5073 
Year 
2023 28.8122 
2024 25.4222 
2025 24.7907 
2026 24.1456 
2027 23.4935 
2028 22.8666 
2029 22.2786 
2030 21.7664 
2031 21.3356 
2032 21.0027 
2033 20.7545 
2034 20.5893 
2035 20.4902 
2036 20.4523 

Alternative 4 ABCs
     Model_1_goa_pop_2023.dat 

Year 
2023  NA 
2024 25.4222 
2025 24.7907 
2026 24.1456 
2027 23.4935 
2028 22.8666 
2029 22.2786 
2030 21.7664 
2031 21.3356 
2032 21.0027 
2033 20.7545 
2034 20.5893 
2035 20.4902 
2036 20.4523 

Alternative 4 TACs
     Model_1_goa_pop_2023.dat 

Year 
2023  NA 
2024 25.4222 
2025 24.7907 
2026 24.1456 
2027 23.4935 
2028 22.8666 
2029 22.2786 
2030 21.7664 
2031 21.3356 
2032 21.0027 
2033 20.7545 
2034 20.5893 
2035 20.4902 
2036 20.4523 

Alternative 4 Sp_Biomass
     Model_1_goa_pop_2023.dat 
Equil_Fabc 132.047 
Year 
2023 217.879 
2024 212.455 
2025 208.381 
2026 204.659 
2027 200.702 
2028 196.09 
2029 191.062 
2030 186.199 
2031 182.084 
2032 178.953 
2033 176.77 
2034 175.304 
2035 174.343 
2036 173.699 

Alternative 4 Fishing Mortality
     Model_1_goa_pop_2023.dat 
Equil_Fabc 0.0996381 
Year 
2023 0.0750682 
2024 0.0680981 
2025 0.0680981 
2026 0.0680981 
2027 0.0680981 
2028 0.0680981 
2029 0.0680981 
2030 0.0680981 
2031 0.0680981 
2032 0.0680981 
2033 0.0680981 
2034 0.0680981 
2035 0.0680981 
2036 0.0680981 

Alternative 4 Biomass
     Model_1_goa_pop_2023.dat 

Year 
2023 633.37 
2024 615.319 
2025 601.055 
2026 588.065 
2027 576.9 
2028 567.444 
2029 559.716 
2030 553.685 
2031 549.152 
2032 545.731 
2033 543.218 
2034 541.382 
2035 540.059 
2036 538.968 

Alternative 4 Implied SPR rate 
     Model_1_goa_pop_2023.dat 
Equil_Fabc 0.4 
Year 
2023 0.480705 
2024 0.508575 
2025 0.508575 
2026 0.508575 
2027 0.508575 
2028 0.508575 
2029 0.508575 
2030 0.508575 
2031 0.508575 
2032 0.508575 
2033 0.508575 
2034 0.508575 
2035 0.508575 
2036 0.508575 

  Model_1_goa_pop_2023.dat 
EquilAvgAgeF0  12.1181 
EquilAvgAgeFabc  7.78171 
AvgAgeYr2036 9.10273 
Alternative 5 Catch
     Model_1_goa_pop_2023.dat 
Equil_Fabc 24.5073 
Year 
2023 28.8122 
2024  NA 
2025  NA 
2026  NA 
2027  NA 
2028  NA 
2029  NA 
2030  NA 
2031  NA 
2032  NA 
2033  NA 
2034  NA 
2035  NA 
2036  NA 

Alternative 5 ABCs
     Model_1_goa_pop_2023.dat 

Year 
2023  NA 
2024  NA 
2025  NA 
2026  NA 
2027  NA 
2028  NA 
2029  NA 
2030  NA 
2031  NA 
2032  NA 
2033  NA 
2034  NA 
2035  NA 
2036  NA 

Alternative 5 TACs
     Model_1_goa_pop_2023.dat 

Year 
2023  NA 
2024  NA 
2025  NA 
2026  NA 
2027  NA 
2028  NA 
2029  NA 
2030  NA 
2031  NA 
2032  NA 
2033  NA 
2034  NA 
2035  NA 
2036  NA 

Alternative 5 Sp_Biomass
     Model_1_goa_pop_2023.dat 
Equil_Fabc 132.047 
Year 
2023 217.879 
2024 216.189 
2025 223.025 
2026 229.87 
2027 236.067 
2028 241.046 
2029 244.889 
2030 248.09 
2031 251.268 
2032 254.744 
2033 258.609 
2034 262.717 
2035 266.937 
2036 271.113 

Alternative 5 Fishing Mortality
     Model_1_goa_pop_2023.dat 
Equil_Fabc 0.0996381 
Year 
2023 0.0750682 
2024  NA 
2025  NA 
2026  NA 
2027  NA 
2028  NA 
2029  NA 
2030  NA 
2031  NA 
2032  NA 
2033  NA 
2034  NA 
2035  NA 
2036  NA 

Alternative 5 Biomass
     Model_1_goa_pop_2023.dat 

Year 
2023 633.37 
2024 615.319 
2025 626.563 
2026 637.432 
2027 648.387 
2028 659.265 
2029 670.129 
2030 681.014 
2031 691.869 
2032 702.441 
2033 712.718 
2034 722.607 
2035 732.111 
2036 741.035 

Alternative 5 Implied SPR rate 
     Model_1_goa_pop_2023.dat 
Equil_Fabc 0.4 
Year 
2023 0.480705 
2024 1 
2025 1 
2026 1 
2027 1 
2028 1 
2029 1 
2030 1 
2031 1 
2032 1 
2033 1 
2034 1 
2035 1 
2036 1 

  Model_1_goa_pop_2023.dat 
EquilAvgAgeF0  12.1181 
EquilAvgAgeFabc  7.78171 
AvgAgeYr2036 10.9927 
Alternative 6 Catch
     Model_1_goa_pop_2023.dat 
Equil_Fabc 24.5073 
Year 
2023 28.8122 
2024 43.7483 
2025 41.0671 
2026 38.5907 
2027 36.3158 
2028 34.2827 
2029 32.503 
2030 31.0199 
2031 29.8231 
2032 28.887 
2033 27.9286 
2034 27.1343 
2035 26.5922 
2036 26.2725 

Alternative 6 ABCs
     Model_1_goa_pop_2023.dat 

Year 
2023 45.0936 
2024 43.7483 
2025 41.0671 
2026 38.5907 
2027 36.3158 
2028 34.2827 
2029 32.503 
2030 31.0199 
2031 29.8231 
2032 28.887 
2033 27.9286 
2034 27.1343 
2035 26.5922 
2036 26.2725 

Alternative 6 TACs
     Model_1_goa_pop_2023.dat 

Year 
2023  NA 
2024 43.7483 
2025 41.0671 
2026 38.5907 
2027 36.3158 
2028 34.2827 
2029 32.503 
2030 31.0199 
2031 29.8231 
2032 28.887 
2033 27.9286 
2034 27.1343 
2035 26.5922 
2036 26.2725 

Alternative 6 Sp_Biomass
     Model_1_goa_pop_2023.dat 
Equil_Fabc 132.047 
Year 
2023 217.879 
2024 209.683 
2025 198.024 
2026 187.647 
2027 177.902 
2028 168.364 
2029 159.267 
2030 151.137 
2031 144.431 
2032 139.237 
2033 135.415 
2034 132.704 
2035 130.812 
2036 129.468 

Alternative 6 Fishing Mortality
     Model_1_goa_pop_2023.dat 
Equil_Fabc 0.0996381 
Year 
2023 0.0750682 
2024 0.119494 
2025 0.119494 
2026 0.119494 
2027 0.119494 
2028 0.119494 
2029 0.119494 
2030 0.119494 
2031 0.119494 
2032 0.119385 
2033 0.118016 
2034 0.116294 
2035 0.1149 
2036 0.113914 

Alternative 6 Biomass
     Model_1_goa_pop_2023.dat 

Year 
2023 633.37 
2024 615.319 
2025 582.669 
2026 554.058 
2027 529.795 
2028 509.51 
2029 492.933 
2030 479.745 
2031 469.434 
2032 461.346 
2033 455.036 
2034 450.338 
2035 446.951 
2036 444.38 

Alternative 6 Implied SPR rate 
     Model_1_goa_pop_2023.dat 
Equil_Fabc 0.4 
Year 
2023 0.480705 
2024 0.35 
2025 0.35 
2026 0.35 
2027 0.35 
2028 0.35 
2029 0.35 
2030 0.35 
2031 0.35 
2032 0.350249 
2033 0.353424 
2034 0.357537 
2035 0.360951 
2036 0.363413 

  Model_1_goa_pop_2023.dat 
EquilAvgAgeF0  12.1181 
EquilAvgAgeFabc  7.78171 
AvgAgeYr2036 8.01334 
Alternative 7 Catch
     Model_1_goa_pop_2023.dat 
Equil_Fabc 24.5073 
Year 
2023 28.8122 
2024 36.7537 
2025 35.0114 
2026 39.7067 
2027 37.297 
2028 35.1354 
2029 33.2353 
2030 31.6422 
2031 30.3466 
2032 29.3436 
2033 28.4255 
2034 27.572 
2035 26.9563 
2036 26.5644 

Alternative 7 ABCs
     Model_1_goa_pop_2023.dat 

Year 
2023 45.0936 
2024 43.7483 
2025 41.6762 
2026 39.7067 
2027 37.297 
2028 35.1354 
2029 33.2353 
2030 31.6422 
2031 30.3466 
2032 29.3436 
2033 28.4255 
2034 27.572 
2035 26.9563 
2036 26.5644 

Alternative 7 TACs
     Model_1_goa_pop_2023.dat 

Year 
2023  NA 
2024 43.7483 
2025 41.6762 
2026 39.7067 
2027 37.297 
2028 35.1354 
2029 33.2353 
2030 31.6422 
2031 30.3466 
2032 29.3436 
2033 28.4255 
2034 27.572 
2035 26.9563 
2036 26.5644 

Alternative 7 Sp_Biomass
     Model_1_goa_pop_2023.dat 
Equil_Fabc 132.047 
Year 
2023 217.879 
2024 210.749 
2025 201.957 
2026 193.062 
2027 182.765 
2028 172.686 
2029 163.069 
2030 154.454 
2031 147.305 
2032 141.713 
2033 137.521 
2034 134.456 
2035 132.256 
2036 130.651 

Alternative 7 Fishing Mortality
     Model_1_goa_pop_2023.dat 
Equil_Fabc 0.0996381 
Year 
2023 0.0750682 
2024 0.0996381 
2025 0.0996381 
2026 0.119494 
2027 0.119494 
2028 0.119494 
2029 0.119494 
2030 0.119494 
2031 0.119494 
2032 0.119479 
2033 0.118677 
2034 0.11705 
2035 0.11562 
2036 0.114542 

Alternative 7 Biomass
     Model_1_goa_pop_2023.dat 

Year 
2023 633.37 
2024 615.319 
2025 589.686 
2026 566.882 
2027 540.981 
2028 519.208 
2029 501.299 
2030 486.936 
2031 475.601 
2032 466.629 
2033 459.543 
2034 454.065 
2035 449.996 
2036 446.852 

Alternative 7 Implied SPR rate 
     Model_1_goa_pop_2023.dat 
Equil_Fabc 0.4 
Year 
2023 0.480705 
2024 0.4 
2025 0.4 
2026 0.35 
2027 0.35 
2028 0.35 
2029 0.35 
2030 0.35 
2031 0.35 
2032 0.350035 
2033 0.351883 
2034 0.355724 
2035 0.359194 
2036 0.361865 

  Model_1_goa_pop_2023.dat 
EquilAvgAgeF0  12.1181 
EquilAvgAgeFabc  7.78171 
AvgAgeYr2036 8.05505 
