Model_1_goa_pop_2023.dat 1 2023 Cabc 25.3352
Model_1_goa_pop_2023.dat 1 2023 Cofl 27.0976
Model_1_goa_pop_2023.dat 1 2023 CLCI 29.9395
Model_1_goa_pop_2023.dat 1 2023 CUCI 29.9395
Model_1_goa_pop_2023.dat 1 2023 CMedian 29.9395
Model_1_goa_pop_2023.dat 1 2023 CMean 29.9395
Model_1_goa_pop_2023.dat 1 2024 Cabc 25.3352
Model_1_goa_pop_2023.dat 1 2024 Cofl 27.0976
Model_1_goa_pop_2023.dat 1 2024 CLCI 40.1843
Model_1_goa_pop_2023.dat 1 2024 CUCI 40.1853
Model_1_goa_pop_2023.dat 1 2024 CMedian 40.1846
Model_1_goa_pop_2023.dat 1 2024 CMean 40.1847
Model_1_goa_pop_2023.dat 1 2025 Cabc 25.3352
Model_1_goa_pop_2023.dat 1 2025 Cofl 27.0976
Model_1_goa_pop_2023.dat 1 2025 CLCI 38.1911
Model_1_goa_pop_2023.dat 1 2025 CUCI 38.2104
Model_1_goa_pop_2023.dat 1 2025 CMedian 38.1968
Model_1_goa_pop_2023.dat 1 2025 CMean 38.1982
Model_1_goa_pop_2023.dat 1 2026 Cabc 25.3352
Model_1_goa_pop_2023.dat 1 2026 Cofl 27.0976
Model_1_goa_pop_2023.dat 1 2026 CLCI 36.2333
Model_1_goa_pop_2023.dat 1 2026 CUCI 36.3407
Model_1_goa_pop_2023.dat 1 2026 CMedian 36.2682
Model_1_goa_pop_2023.dat 1 2026 CMean 36.2746
Model_1_goa_pop_2023.dat 1 2027 Cabc 25.3352
Model_1_goa_pop_2023.dat 1 2027 Cofl 27.0976
Model_1_goa_pop_2023.dat 1 2027 CLCI 34.3069
Model_1_goa_pop_2023.dat 1 2027 CUCI 34.6521
Model_1_goa_pop_2023.dat 1 2027 CMedian 34.4201
Model_1_goa_pop_2023.dat 1 2027 CMean 34.44
Model_1_goa_pop_2023.dat 1 2028 Cabc 25.3352
Model_1_goa_pop_2023.dat 1 2028 Cofl 27.0976
Model_1_goa_pop_2023.dat 1 2028 CLCI 32.4455
Model_1_goa_pop_2023.dat 1 2028 CUCI 33.2256
Model_1_goa_pop_2023.dat 1 2028 CMedian 32.7075
Model_1_goa_pop_2023.dat 1 2028 CMean 32.7514
Model_1_goa_pop_2023.dat 1 2029 Cabc 25.3352
Model_1_goa_pop_2023.dat 1 2029 Cofl 27.0976
Model_1_goa_pop_2023.dat 1 2029 CLCI 30.64
Model_1_goa_pop_2023.dat 1 2029 CUCI 32.0811
Model_1_goa_pop_2023.dat 1 2029 CMedian 31.158
Model_1_goa_pop_2023.dat 1 2029 CMean 31.2317
Model_1_goa_pop_2023.dat 1 2030 Cabc 25.3352
Model_1_goa_pop_2023.dat 1 2030 Cofl 27.0976
Model_1_goa_pop_2023.dat 1 2030 CLCI 29.0042
Model_1_goa_pop_2023.dat 1 2030 CUCI 31.2832
Model_1_goa_pop_2023.dat 1 2030 CMedian 29.7991
Model_1_goa_pop_2023.dat 1 2030 CMean 29.9295
Model_1_goa_pop_2023.dat 1 2031 Cabc 25.3352
Model_1_goa_pop_2023.dat 1 2031 Cofl 27.0976
Model_1_goa_pop_2023.dat 1 2031 CLCI 27.4691
Model_1_goa_pop_2023.dat 1 2031 CUCI 30.7785
Model_1_goa_pop_2023.dat 1 2031 CMedian 28.6686
Model_1_goa_pop_2023.dat 1 2031 CMean 28.8451
Model_1_goa_pop_2023.dat 1 2032 Cabc 25.3352
Model_1_goa_pop_2023.dat 1 2032 Cofl 27.0976
Model_1_goa_pop_2023.dat 1 2032 CLCI 26.1148
Model_1_goa_pop_2023.dat 1 2032 CUCI 30.4796
Model_1_goa_pop_2023.dat 1 2032 CMedian 27.7933
Model_1_goa_pop_2023.dat 1 2032 CMean 27.988
Model_1_goa_pop_2023.dat 1 2033 Cabc 25.3352
Model_1_goa_pop_2023.dat 1 2033 Cofl 27.0976
Model_1_goa_pop_2023.dat 1 2033 CLCI 25.0334
Model_1_goa_pop_2023.dat 1 2033 CUCI 30.4006
Model_1_goa_pop_2023.dat 1 2033 CMedian 27.1581
Model_1_goa_pop_2023.dat 1 2033 CMean 27.3269
Model_1_goa_pop_2023.dat 1 2034 Cabc 25.3352
Model_1_goa_pop_2023.dat 1 2034 Cofl 27.0976
Model_1_goa_pop_2023.dat 1 2034 CLCI 24.0942
Model_1_goa_pop_2023.dat 1 2034 CUCI 30.4791
Model_1_goa_pop_2023.dat 1 2034 CMedian 26.6304
Model_1_goa_pop_2023.dat 1 2034 CMean 26.829
Model_1_goa_pop_2023.dat 1 2035 Cabc 25.3352
Model_1_goa_pop_2023.dat 1 2035 Cofl 27.0976
Model_1_goa_pop_2023.dat 1 2035 CLCI 22.7596
Model_1_goa_pop_2023.dat 1 2035 CUCI 30.4233
Model_1_goa_pop_2023.dat 1 2035 CMedian 26.2113
Model_1_goa_pop_2023.dat 1 2035 CMean 26.4317
Model_1_goa_pop_2023.dat 1 2036 Cabc 25.3352
Model_1_goa_pop_2023.dat 1 2036 Cofl 27.0976
Model_1_goa_pop_2023.dat 1 2036 CLCI 21.6076
Model_1_goa_pop_2023.dat 1 2036 CUCI 30.4213
Model_1_goa_pop_2023.dat 1 2036 CMedian 25.9491
Model_1_goa_pop_2023.dat 1 2036 CMean 26.1322
Model_1_goa_pop_2023.dat 1 2023 SSBF100 339.017
Model_1_goa_pop_2023.dat 1 2023 SSBFabc 135.607
Model_1_goa_pop_2023.dat 1 2023 SSBFofl 118.656
Model_1_goa_pop_2023.dat 1 2023 SSBLCI 232.21
Model_1_goa_pop_2023.dat 1 2023 SSBUCI 232.21
Model_1_goa_pop_2023.dat 1 2023 SSBMedian 232.21
Model_1_goa_pop_2023.dat 1 2023 SSBMean 232.21
Model_1_goa_pop_2023.dat 1 2024 SSBF100 339.017
Model_1_goa_pop_2023.dat 1 2024 SSBFabc 135.607
Model_1_goa_pop_2023.dat 1 2024 SSBFofl 118.656
Model_1_goa_pop_2023.dat 1 2024 SSBLCI 224.927
Model_1_goa_pop_2023.dat 1 2024 SSBUCI 224.956
Model_1_goa_pop_2023.dat 1 2024 SSBMedian 224.935
Model_1_goa_pop_2023.dat 1 2024 SSBMean 224.938
Model_1_goa_pop_2023.dat 1 2025 SSBF100 339.017
Model_1_goa_pop_2023.dat 1 2025 SSBFabc 135.607
Model_1_goa_pop_2023.dat 1 2025 SSBFofl 118.656
Model_1_goa_pop_2023.dat 1 2025 SSBLCI 214.764
Model_1_goa_pop_2023.dat 1 2025 SSBUCI 214.88
Model_1_goa_pop_2023.dat 1 2025 SSBMedian 214.803
Model_1_goa_pop_2023.dat 1 2025 SSBMean 214.809
Model_1_goa_pop_2023.dat 1 2026 SSBF100 339.017
Model_1_goa_pop_2023.dat 1 2026 SSBFabc 135.607
Model_1_goa_pop_2023.dat 1 2026 SSBFofl 118.656
Model_1_goa_pop_2023.dat 1 2026 SSBLCI 205.121
Model_1_goa_pop_2023.dat 1 2026 SSBUCI 205.483
Model_1_goa_pop_2023.dat 1 2026 SSBMedian 205.241
Model_1_goa_pop_2023.dat 1 2026 SSBMean 205.261
Model_1_goa_pop_2023.dat 1 2027 SSBF100 339.017
Model_1_goa_pop_2023.dat 1 2027 SSBFabc 135.607
Model_1_goa_pop_2023.dat 1 2027 SSBFofl 118.656
Model_1_goa_pop_2023.dat 1 2027 SSBLCI 195.558
Model_1_goa_pop_2023.dat 1 2027 SSBUCI 196.493
Model_1_goa_pop_2023.dat 1 2027 SSBMedian 195.867
Model_1_goa_pop_2023.dat 1 2027 SSBMean 195.92
Model_1_goa_pop_2023.dat 1 2028 SSBF100 339.017
Model_1_goa_pop_2023.dat 1 2028 SSBFabc 135.607
Model_1_goa_pop_2023.dat 1 2028 SSBFofl 118.656
Model_1_goa_pop_2023.dat 1 2028 SSBLCI 185.71
Model_1_goa_pop_2023.dat 1 2028 SSBUCI 187.881
Model_1_goa_pop_2023.dat 1 2028 SSBMedian 186.447
Model_1_goa_pop_2023.dat 1 2028 SSBMean 186.567
Model_1_goa_pop_2023.dat 1 2029 SSBF100 339.017
Model_1_goa_pop_2023.dat 1 2029 SSBFabc 135.607
Model_1_goa_pop_2023.dat 1 2029 SSBFofl 118.656
Model_1_goa_pop_2023.dat 1 2029 SSBLCI 175.758
Model_1_goa_pop_2023.dat 1 2029 SSBUCI 180.268
Model_1_goa_pop_2023.dat 1 2029 SSBMedian 177.302
Model_1_goa_pop_2023.dat 1 2029 SSBMean 177.535
Model_1_goa_pop_2023.dat 1 2030 SSBF100 339.017
Model_1_goa_pop_2023.dat 1 2030 SSBFabc 135.607
Model_1_goa_pop_2023.dat 1 2030 SSBFofl 118.656
Model_1_goa_pop_2023.dat 1 2030 SSBLCI 166.022
Model_1_goa_pop_2023.dat 1 2030 SSBUCI 174.325
Model_1_goa_pop_2023.dat 1 2030 SSBMedian 168.954
Model_1_goa_pop_2023.dat 1 2030 SSBMean 169.402
Model_1_goa_pop_2023.dat 1 2031 SSBF100 339.017
Model_1_goa_pop_2023.dat 1 2031 SSBFabc 135.607
Model_1_goa_pop_2023.dat 1 2031 SSBFofl 118.656
Model_1_goa_pop_2023.dat 1 2031 SSBLCI 157.05
Model_1_goa_pop_2023.dat 1 2031 SSBUCI 171.002
Model_1_goa_pop_2023.dat 1 2031 SSBMedian 161.887
Model_1_goa_pop_2023.dat 1 2031 SSBMean 162.664
Model_1_goa_pop_2023.dat 1 2032 SSBF100 339.017
Model_1_goa_pop_2023.dat 1 2032 SSBFabc 135.607
Model_1_goa_pop_2023.dat 1 2032 SSBFofl 118.656
Model_1_goa_pop_2023.dat 1 2032 SSBLCI 149.108
Model_1_goa_pop_2023.dat 1 2032 SSBUCI 169.263
Model_1_goa_pop_2023.dat 1 2032 SSBMedian 156.3
Model_1_goa_pop_2023.dat 1 2032 SSBMean 157.441
Model_1_goa_pop_2023.dat 1 2033 SSBF100 339.017
Model_1_goa_pop_2023.dat 1 2033 SSBFabc 135.607
Model_1_goa_pop_2023.dat 1 2033 SSBFofl 118.656
Model_1_goa_pop_2023.dat 1 2033 SSBLCI 142.09
Model_1_goa_pop_2023.dat 1 2033 SSBUCI 168.783
Model_1_goa_pop_2023.dat 1 2033 SSBMedian 152.376
Model_1_goa_pop_2023.dat 1 2033 SSBMean 153.572
Model_1_goa_pop_2023.dat 1 2034 SSBF100 339.017
Model_1_goa_pop_2023.dat 1 2034 SSBFabc 135.607
Model_1_goa_pop_2023.dat 1 2034 SSBFofl 118.656
Model_1_goa_pop_2023.dat 1 2034 SSBLCI 136.974
Model_1_goa_pop_2023.dat 1 2034 SSBUCI 169.021
Model_1_goa_pop_2023.dat 1 2034 SSBMedian 149.798
Model_1_goa_pop_2023.dat 1 2034 SSBMean 150.731
Model_1_goa_pop_2023.dat 1 2035 SSBF100 339.017
Model_1_goa_pop_2023.dat 1 2035 SSBFabc 135.607
Model_1_goa_pop_2023.dat 1 2035 SSBFofl 118.656
Model_1_goa_pop_2023.dat 1 2035 SSBLCI 132.216
Model_1_goa_pop_2023.dat 1 2035 SSBUCI 169.324
Model_1_goa_pop_2023.dat 1 2035 SSBMedian 147.186
Model_1_goa_pop_2023.dat 1 2035 SSBMean 148.641
Model_1_goa_pop_2023.dat 1 2036 SSBF100 339.017
Model_1_goa_pop_2023.dat 1 2036 SSBFabc 135.607
Model_1_goa_pop_2023.dat 1 2036 SSBFofl 118.656
Model_1_goa_pop_2023.dat 1 2036 SSBLCI 129.358
Model_1_goa_pop_2023.dat 1 2036 SSBUCI 169.95
Model_1_goa_pop_2023.dat 1 2036 SSBMedian 145.497
Model_1_goa_pop_2023.dat 1 2036 SSBMean 147.08
Model_1_goa_pop_2023.dat 1 2023 F0 0 
Model_1_goa_pop_2023.dat 1 2023 Fabc 0.100793
Model_1_goa_pop_2023.dat 1 2023 Fofl 0.121568
Model_1_goa_pop_2023.dat 1 2023  F_LCI 0.072253
Model_1_goa_pop_2023.dat 1 2023  F_UCI 0.072253
Model_1_goa_pop_2023.dat 1 2023  F_Median 0.072253
Model_1_goa_pop_2023.dat 1 2023  F_Mean 0.072253
Model_1_goa_pop_2023.dat 1 2024 F0 0 
Model_1_goa_pop_2023.dat 1 2024 Fabc 0.100793
Model_1_goa_pop_2023.dat 1 2024 Fofl 0.121568
Model_1_goa_pop_2023.dat 1 2024  F_LCI 0.100793
Model_1_goa_pop_2023.dat 1 2024  F_UCI 0.100793
Model_1_goa_pop_2023.dat 1 2024  F_Median 0.100793
Model_1_goa_pop_2023.dat 1 2024  F_Mean 0.100793
Model_1_goa_pop_2023.dat 1 2025 F0 0 
Model_1_goa_pop_2023.dat 1 2025 Fabc 0.100793
Model_1_goa_pop_2023.dat 1 2025 Fofl 0.121568
Model_1_goa_pop_2023.dat 1 2025  F_LCI 0.100793
Model_1_goa_pop_2023.dat 1 2025  F_UCI 0.100793
Model_1_goa_pop_2023.dat 1 2025  F_Median 0.100793
Model_1_goa_pop_2023.dat 1 2025  F_Mean 0.100793
Model_1_goa_pop_2023.dat 1 2026 F0 0 
Model_1_goa_pop_2023.dat 1 2026 Fabc 0.100793
Model_1_goa_pop_2023.dat 1 2026 Fofl 0.121568
Model_1_goa_pop_2023.dat 1 2026  F_LCI 0.100793
Model_1_goa_pop_2023.dat 1 2026  F_UCI 0.100793
Model_1_goa_pop_2023.dat 1 2026  F_Median 0.100793
Model_1_goa_pop_2023.dat 1 2026  F_Mean 0.100793
Model_1_goa_pop_2023.dat 1 2027 F0 0 
Model_1_goa_pop_2023.dat 1 2027 Fabc 0.100793
Model_1_goa_pop_2023.dat 1 2027 Fofl 0.121568
Model_1_goa_pop_2023.dat 1 2027  F_LCI 0.100793
Model_1_goa_pop_2023.dat 1 2027  F_UCI 0.100793
Model_1_goa_pop_2023.dat 1 2027  F_Median 0.100793
Model_1_goa_pop_2023.dat 1 2027  F_Mean 0.100793
Model_1_goa_pop_2023.dat 1 2028 F0 0 
Model_1_goa_pop_2023.dat 1 2028 Fabc 0.100793
Model_1_goa_pop_2023.dat 1 2028 Fofl 0.121568
Model_1_goa_pop_2023.dat 1 2028  F_LCI 0.100793
Model_1_goa_pop_2023.dat 1 2028  F_UCI 0.100793
Model_1_goa_pop_2023.dat 1 2028  F_Median 0.100793
Model_1_goa_pop_2023.dat 1 2028  F_Mean 0.100793
Model_1_goa_pop_2023.dat 1 2029 F0 0 
Model_1_goa_pop_2023.dat 1 2029 Fabc 0.100793
Model_1_goa_pop_2023.dat 1 2029 Fofl 0.121568
Model_1_goa_pop_2023.dat 1 2029  F_LCI 0.100793
Model_1_goa_pop_2023.dat 1 2029  F_UCI 0.100793
Model_1_goa_pop_2023.dat 1 2029  F_Median 0.100793
Model_1_goa_pop_2023.dat 1 2029  F_Mean 0.100793
Model_1_goa_pop_2023.dat 1 2030 F0 0 
Model_1_goa_pop_2023.dat 1 2030 Fabc 0.100793
Model_1_goa_pop_2023.dat 1 2030 Fofl 0.121568
Model_1_goa_pop_2023.dat 1 2030  F_LCI 0.100793
Model_1_goa_pop_2023.dat 1 2030  F_UCI 0.100793
Model_1_goa_pop_2023.dat 1 2030  F_Median 0.100793
Model_1_goa_pop_2023.dat 1 2030  F_Mean 0.100793
Model_1_goa_pop_2023.dat 1 2031 F0 0 
Model_1_goa_pop_2023.dat 1 2031 Fabc 0.100793
Model_1_goa_pop_2023.dat 1 2031 Fofl 0.121568
Model_1_goa_pop_2023.dat 1 2031  F_LCI 0.100793
Model_1_goa_pop_2023.dat 1 2031  F_UCI 0.100793
Model_1_goa_pop_2023.dat 1 2031  F_Median 0.100793
Model_1_goa_pop_2023.dat 1 2031  F_Mean 0.100793
Model_1_goa_pop_2023.dat 1 2032 F0 0 
Model_1_goa_pop_2023.dat 1 2032 Fabc 0.100793
Model_1_goa_pop_2023.dat 1 2032 Fofl 0.121568
Model_1_goa_pop_2023.dat 1 2032  F_LCI 0.100793
Model_1_goa_pop_2023.dat 1 2032  F_UCI 0.100793
Model_1_goa_pop_2023.dat 1 2032  F_Median 0.100793
Model_1_goa_pop_2023.dat 1 2032  F_Mean 0.100793
Model_1_goa_pop_2023.dat 1 2033 F0 0 
Model_1_goa_pop_2023.dat 1 2033 Fabc 0.100793
Model_1_goa_pop_2023.dat 1 2033 Fofl 0.121568
Model_1_goa_pop_2023.dat 1 2033  F_LCI 0.100793
Model_1_goa_pop_2023.dat 1 2033  F_UCI 0.100793
Model_1_goa_pop_2023.dat 1 2033  F_Median 0.100793
Model_1_goa_pop_2023.dat 1 2033  F_Mean 0.100793
Model_1_goa_pop_2023.dat 1 2034 F0 0 
Model_1_goa_pop_2023.dat 1 2034 Fabc 0.100793
Model_1_goa_pop_2023.dat 1 2034 Fofl 0.121568
Model_1_goa_pop_2023.dat 1 2034  F_LCI 0.100793
Model_1_goa_pop_2023.dat 1 2034  F_UCI 0.100793
Model_1_goa_pop_2023.dat 1 2034  F_Median 0.100793
Model_1_goa_pop_2023.dat 1 2034  F_Mean 0.100728
Model_1_goa_pop_2023.dat 1 2035 F0 0 
Model_1_goa_pop_2023.dat 1 2035 Fabc 0.100793
Model_1_goa_pop_2023.dat 1 2035 Fofl 0.121568
Model_1_goa_pop_2023.dat 1 2035  F_LCI 0.0981395
Model_1_goa_pop_2023.dat 1 2035  F_UCI 0.100793
Model_1_goa_pop_2023.dat 1 2035  F_Median 0.100793
Model_1_goa_pop_2023.dat 1 2035  F_Mean 0.100469
Model_1_goa_pop_2023.dat 1 2036 F0 0 
Model_1_goa_pop_2023.dat 1 2036 Fabc 0.100793
Model_1_goa_pop_2023.dat 1 2036 Fofl 0.121568
Model_1_goa_pop_2023.dat 1 2036  F_LCI 0.0959036
Model_1_goa_pop_2023.dat 1 2036  F_UCI 0.100793
Model_1_goa_pop_2023.dat 1 2036  F_Median 0.100793
Model_1_goa_pop_2023.dat 1 2036  F_Mean 0.100087
Model_1_goa_pop_2023.dat 2 2023 Cabc 25.3352
Model_1_goa_pop_2023.dat 2 2023 Cofl 27.0976
Model_1_goa_pop_2023.dat 2 2023 CLCI 29.9395
Model_1_goa_pop_2023.dat 2 2023 CUCI 29.9395
Model_1_goa_pop_2023.dat 2 2023 CMedian 29.9395
Model_1_goa_pop_2023.dat 2 2023 CMean 29.9395
Model_1_goa_pop_2023.dat 2 2024 Cabc 25.3352
Model_1_goa_pop_2023.dat 2 2024 Cofl 27.0976
Model_1_goa_pop_2023.dat 2 2024 CLCI 40.1843
Model_1_goa_pop_2023.dat 2 2024 CUCI 40.1853
Model_1_goa_pop_2023.dat 2 2024 CMedian 40.1846
Model_1_goa_pop_2023.dat 2 2024 CMean 40.1847
Model_1_goa_pop_2023.dat 2 2025 Cabc 25.3352
Model_1_goa_pop_2023.dat 2 2025 Cofl 27.0976
Model_1_goa_pop_2023.dat 2 2025 CLCI 38.1911
Model_1_goa_pop_2023.dat 2 2025 CUCI 38.2104
Model_1_goa_pop_2023.dat 2 2025 CMedian 38.1968
Model_1_goa_pop_2023.dat 2 2025 CMean 38.1982
Model_1_goa_pop_2023.dat 2 2026 Cabc 25.3352
Model_1_goa_pop_2023.dat 2 2026 Cofl 27.0976
Model_1_goa_pop_2023.dat 2 2026 CLCI 36.2333
Model_1_goa_pop_2023.dat 2 2026 CUCI 36.3407
Model_1_goa_pop_2023.dat 2 2026 CMedian 36.2682
Model_1_goa_pop_2023.dat 2 2026 CMean 36.2746
Model_1_goa_pop_2023.dat 2 2027 Cabc 25.3352
Model_1_goa_pop_2023.dat 2 2027 Cofl 27.0976
Model_1_goa_pop_2023.dat 2 2027 CLCI 34.3069
Model_1_goa_pop_2023.dat 2 2027 CUCI 34.6521
Model_1_goa_pop_2023.dat 2 2027 CMedian 34.4201
Model_1_goa_pop_2023.dat 2 2027 CMean 34.44
Model_1_goa_pop_2023.dat 2 2028 Cabc 25.3352
Model_1_goa_pop_2023.dat 2 2028 Cofl 27.0976
Model_1_goa_pop_2023.dat 2 2028 CLCI 32.4455
Model_1_goa_pop_2023.dat 2 2028 CUCI 33.2256
Model_1_goa_pop_2023.dat 2 2028 CMedian 32.7075
Model_1_goa_pop_2023.dat 2 2028 CMean 32.7514
Model_1_goa_pop_2023.dat 2 2029 Cabc 25.3352
Model_1_goa_pop_2023.dat 2 2029 Cofl 27.0976
Model_1_goa_pop_2023.dat 2 2029 CLCI 30.64
Model_1_goa_pop_2023.dat 2 2029 CUCI 32.0811
Model_1_goa_pop_2023.dat 2 2029 CMedian 31.158
Model_1_goa_pop_2023.dat 2 2029 CMean 31.2317
Model_1_goa_pop_2023.dat 2 2030 Cabc 25.3352
Model_1_goa_pop_2023.dat 2 2030 Cofl 27.0976
Model_1_goa_pop_2023.dat 2 2030 CLCI 29.0042
Model_1_goa_pop_2023.dat 2 2030 CUCI 31.2832
Model_1_goa_pop_2023.dat 2 2030 CMedian 29.7991
Model_1_goa_pop_2023.dat 2 2030 CMean 29.9295
Model_1_goa_pop_2023.dat 2 2031 Cabc 25.3352
Model_1_goa_pop_2023.dat 2 2031 Cofl 27.0976
Model_1_goa_pop_2023.dat 2 2031 CLCI 27.4691
Model_1_goa_pop_2023.dat 2 2031 CUCI 30.7785
Model_1_goa_pop_2023.dat 2 2031 CMedian 28.6686
Model_1_goa_pop_2023.dat 2 2031 CMean 28.8451
Model_1_goa_pop_2023.dat 2 2032 Cabc 25.3352
Model_1_goa_pop_2023.dat 2 2032 Cofl 27.0976
Model_1_goa_pop_2023.dat 2 2032 CLCI 26.1148
Model_1_goa_pop_2023.dat 2 2032 CUCI 30.4796
Model_1_goa_pop_2023.dat 2 2032 CMedian 27.7933
Model_1_goa_pop_2023.dat 2 2032 CMean 27.988
Model_1_goa_pop_2023.dat 2 2033 Cabc 25.3352
Model_1_goa_pop_2023.dat 2 2033 Cofl 27.0976
Model_1_goa_pop_2023.dat 2 2033 CLCI 25.0334
Model_1_goa_pop_2023.dat 2 2033 CUCI 30.4006
Model_1_goa_pop_2023.dat 2 2033 CMedian 27.1581
Model_1_goa_pop_2023.dat 2 2033 CMean 27.3269
Model_1_goa_pop_2023.dat 2 2034 Cabc 25.3352
Model_1_goa_pop_2023.dat 2 2034 Cofl 27.0976
Model_1_goa_pop_2023.dat 2 2034 CLCI 24.0942
Model_1_goa_pop_2023.dat 2 2034 CUCI 30.4791
Model_1_goa_pop_2023.dat 2 2034 CMedian 26.6304
Model_1_goa_pop_2023.dat 2 2034 CMean 26.829
Model_1_goa_pop_2023.dat 2 2035 Cabc 25.3352
Model_1_goa_pop_2023.dat 2 2035 Cofl 27.0976
Model_1_goa_pop_2023.dat 2 2035 CLCI 22.7596
Model_1_goa_pop_2023.dat 2 2035 CUCI 30.4233
Model_1_goa_pop_2023.dat 2 2035 CMedian 26.2113
Model_1_goa_pop_2023.dat 2 2035 CMean 26.4317
Model_1_goa_pop_2023.dat 2 2036 Cabc 25.3352
Model_1_goa_pop_2023.dat 2 2036 Cofl 27.0976
Model_1_goa_pop_2023.dat 2 2036 CLCI 21.6076
Model_1_goa_pop_2023.dat 2 2036 CUCI 30.4213
Model_1_goa_pop_2023.dat 2 2036 CMedian 25.9491
Model_1_goa_pop_2023.dat 2 2036 CMean 26.1322
Model_1_goa_pop_2023.dat 2 2023 SSBF100 339.017
Model_1_goa_pop_2023.dat 2 2023 SSBFabc 135.607
Model_1_goa_pop_2023.dat 2 2023 SSBFofl 118.656
Model_1_goa_pop_2023.dat 2 2023 SSBLCI 232.21
Model_1_goa_pop_2023.dat 2 2023 SSBUCI 232.21
Model_1_goa_pop_2023.dat 2 2023 SSBMedian 232.21
Model_1_goa_pop_2023.dat 2 2023 SSBMean 232.21
Model_1_goa_pop_2023.dat 2 2024 SSBF100 339.017
Model_1_goa_pop_2023.dat 2 2024 SSBFabc 135.607
Model_1_goa_pop_2023.dat 2 2024 SSBFofl 118.656
Model_1_goa_pop_2023.dat 2 2024 SSBLCI 224.927
Model_1_goa_pop_2023.dat 2 2024 SSBUCI 224.956
Model_1_goa_pop_2023.dat 2 2024 SSBMedian 224.935
Model_1_goa_pop_2023.dat 2 2024 SSBMean 224.938
Model_1_goa_pop_2023.dat 2 2025 SSBF100 339.017
Model_1_goa_pop_2023.dat 2 2025 SSBFabc 135.607
Model_1_goa_pop_2023.dat 2 2025 SSBFofl 118.656
Model_1_goa_pop_2023.dat 2 2025 SSBLCI 214.764
Model_1_goa_pop_2023.dat 2 2025 SSBUCI 214.88
Model_1_goa_pop_2023.dat 2 2025 SSBMedian 214.803
Model_1_goa_pop_2023.dat 2 2025 SSBMean 214.809
Model_1_goa_pop_2023.dat 2 2026 SSBF100 339.017
Model_1_goa_pop_2023.dat 2 2026 SSBFabc 135.607
Model_1_goa_pop_2023.dat 2 2026 SSBFofl 118.656
Model_1_goa_pop_2023.dat 2 2026 SSBLCI 205.121
Model_1_goa_pop_2023.dat 2 2026 SSBUCI 205.483
Model_1_goa_pop_2023.dat 2 2026 SSBMedian 205.241
Model_1_goa_pop_2023.dat 2 2026 SSBMean 205.261
Model_1_goa_pop_2023.dat 2 2027 SSBF100 339.017
Model_1_goa_pop_2023.dat 2 2027 SSBFabc 135.607
Model_1_goa_pop_2023.dat 2 2027 SSBFofl 118.656
Model_1_goa_pop_2023.dat 2 2027 SSBLCI 195.558
Model_1_goa_pop_2023.dat 2 2027 SSBUCI 196.493
Model_1_goa_pop_2023.dat 2 2027 SSBMedian 195.867
Model_1_goa_pop_2023.dat 2 2027 SSBMean 195.92
Model_1_goa_pop_2023.dat 2 2028 SSBF100 339.017
Model_1_goa_pop_2023.dat 2 2028 SSBFabc 135.607
Model_1_goa_pop_2023.dat 2 2028 SSBFofl 118.656
Model_1_goa_pop_2023.dat 2 2028 SSBLCI 185.71
Model_1_goa_pop_2023.dat 2 2028 SSBUCI 187.881
Model_1_goa_pop_2023.dat 2 2028 SSBMedian 186.447
Model_1_goa_pop_2023.dat 2 2028 SSBMean 186.567
Model_1_goa_pop_2023.dat 2 2029 SSBF100 339.017
Model_1_goa_pop_2023.dat 2 2029 SSBFabc 135.607
Model_1_goa_pop_2023.dat 2 2029 SSBFofl 118.656
Model_1_goa_pop_2023.dat 2 2029 SSBLCI 175.758
Model_1_goa_pop_2023.dat 2 2029 SSBUCI 180.268
Model_1_goa_pop_2023.dat 2 2029 SSBMedian 177.302
Model_1_goa_pop_2023.dat 2 2029 SSBMean 177.535
Model_1_goa_pop_2023.dat 2 2030 SSBF100 339.017
Model_1_goa_pop_2023.dat 2 2030 SSBFabc 135.607
Model_1_goa_pop_2023.dat 2 2030 SSBFofl 118.656
Model_1_goa_pop_2023.dat 2 2030 SSBLCI 166.022
Model_1_goa_pop_2023.dat 2 2030 SSBUCI 174.325
Model_1_goa_pop_2023.dat 2 2030 SSBMedian 168.954
Model_1_goa_pop_2023.dat 2 2030 SSBMean 169.402
Model_1_goa_pop_2023.dat 2 2031 SSBF100 339.017
Model_1_goa_pop_2023.dat 2 2031 SSBFabc 135.607
Model_1_goa_pop_2023.dat 2 2031 SSBFofl 118.656
Model_1_goa_pop_2023.dat 2 2031 SSBLCI 157.05
Model_1_goa_pop_2023.dat 2 2031 SSBUCI 171.002
Model_1_goa_pop_2023.dat 2 2031 SSBMedian 161.887
Model_1_goa_pop_2023.dat 2 2031 SSBMean 162.664
Model_1_goa_pop_2023.dat 2 2032 SSBF100 339.017
Model_1_goa_pop_2023.dat 2 2032 SSBFabc 135.607
Model_1_goa_pop_2023.dat 2 2032 SSBFofl 118.656
Model_1_goa_pop_2023.dat 2 2032 SSBLCI 149.108
Model_1_goa_pop_2023.dat 2 2032 SSBUCI 169.263
Model_1_goa_pop_2023.dat 2 2032 SSBMedian 156.3
Model_1_goa_pop_2023.dat 2 2032 SSBMean 157.441
Model_1_goa_pop_2023.dat 2 2033 SSBF100 339.017
Model_1_goa_pop_2023.dat 2 2033 SSBFabc 135.607
Model_1_goa_pop_2023.dat 2 2033 SSBFofl 118.656
Model_1_goa_pop_2023.dat 2 2033 SSBLCI 142.09
Model_1_goa_pop_2023.dat 2 2033 SSBUCI 168.783
Model_1_goa_pop_2023.dat 2 2033 SSBMedian 152.376
Model_1_goa_pop_2023.dat 2 2033 SSBMean 153.572
Model_1_goa_pop_2023.dat 2 2034 SSBF100 339.017
Model_1_goa_pop_2023.dat 2 2034 SSBFabc 135.607
Model_1_goa_pop_2023.dat 2 2034 SSBFofl 118.656
Model_1_goa_pop_2023.dat 2 2034 SSBLCI 136.974
Model_1_goa_pop_2023.dat 2 2034 SSBUCI 169.021
Model_1_goa_pop_2023.dat 2 2034 SSBMedian 149.798
Model_1_goa_pop_2023.dat 2 2034 SSBMean 150.731
Model_1_goa_pop_2023.dat 2 2035 SSBF100 339.017
Model_1_goa_pop_2023.dat 2 2035 SSBFabc 135.607
Model_1_goa_pop_2023.dat 2 2035 SSBFofl 118.656
Model_1_goa_pop_2023.dat 2 2035 SSBLCI 132.216
Model_1_goa_pop_2023.dat 2 2035 SSBUCI 169.324
Model_1_goa_pop_2023.dat 2 2035 SSBMedian 147.186
Model_1_goa_pop_2023.dat 2 2035 SSBMean 148.641
Model_1_goa_pop_2023.dat 2 2036 SSBF100 339.017
Model_1_goa_pop_2023.dat 2 2036 SSBFabc 135.607
Model_1_goa_pop_2023.dat 2 2036 SSBFofl 118.656
Model_1_goa_pop_2023.dat 2 2036 SSBLCI 129.358
Model_1_goa_pop_2023.dat 2 2036 SSBUCI 169.95
Model_1_goa_pop_2023.dat 2 2036 SSBMedian 145.497
Model_1_goa_pop_2023.dat 2 2036 SSBMean 147.08
Model_1_goa_pop_2023.dat 2 2023 F0 0 
Model_1_goa_pop_2023.dat 2 2023 Fabc 0.100793
Model_1_goa_pop_2023.dat 2 2023 Fofl 0.121568
Model_1_goa_pop_2023.dat 2 2023  F_LCI 0.072253
Model_1_goa_pop_2023.dat 2 2023  F_UCI 0.072253
Model_1_goa_pop_2023.dat 2 2023  F_Median 0.072253
Model_1_goa_pop_2023.dat 2 2023  F_Mean 0.072253
Model_1_goa_pop_2023.dat 2 2024 F0 0 
Model_1_goa_pop_2023.dat 2 2024 Fabc 0.100793
Model_1_goa_pop_2023.dat 2 2024 Fofl 0.121568
Model_1_goa_pop_2023.dat 2 2024  F_LCI 0.100793
Model_1_goa_pop_2023.dat 2 2024  F_UCI 0.100793
Model_1_goa_pop_2023.dat 2 2024  F_Median 0.100793
Model_1_goa_pop_2023.dat 2 2024  F_Mean 0.100793
Model_1_goa_pop_2023.dat 2 2025 F0 0 
Model_1_goa_pop_2023.dat 2 2025 Fabc 0.100793
Model_1_goa_pop_2023.dat 2 2025 Fofl 0.121568
Model_1_goa_pop_2023.dat 2 2025  F_LCI 0.100793
Model_1_goa_pop_2023.dat 2 2025  F_UCI 0.100793
Model_1_goa_pop_2023.dat 2 2025  F_Median 0.100793
Model_1_goa_pop_2023.dat 2 2025  F_Mean 0.100793
Model_1_goa_pop_2023.dat 2 2026 F0 0 
Model_1_goa_pop_2023.dat 2 2026 Fabc 0.100793
Model_1_goa_pop_2023.dat 2 2026 Fofl 0.121568
Model_1_goa_pop_2023.dat 2 2026  F_LCI 0.100793
Model_1_goa_pop_2023.dat 2 2026  F_UCI 0.100793
Model_1_goa_pop_2023.dat 2 2026  F_Median 0.100793
Model_1_goa_pop_2023.dat 2 2026  F_Mean 0.100793
Model_1_goa_pop_2023.dat 2 2027 F0 0 
Model_1_goa_pop_2023.dat 2 2027 Fabc 0.100793
Model_1_goa_pop_2023.dat 2 2027 Fofl 0.121568
Model_1_goa_pop_2023.dat 2 2027  F_LCI 0.100793
Model_1_goa_pop_2023.dat 2 2027  F_UCI 0.100793
Model_1_goa_pop_2023.dat 2 2027  F_Median 0.100793
Model_1_goa_pop_2023.dat 2 2027  F_Mean 0.100793
Model_1_goa_pop_2023.dat 2 2028 F0 0 
Model_1_goa_pop_2023.dat 2 2028 Fabc 0.100793
Model_1_goa_pop_2023.dat 2 2028 Fofl 0.121568
Model_1_goa_pop_2023.dat 2 2028  F_LCI 0.100793
Model_1_goa_pop_2023.dat 2 2028  F_UCI 0.100793
Model_1_goa_pop_2023.dat 2 2028  F_Median 0.100793
Model_1_goa_pop_2023.dat 2 2028  F_Mean 0.100793
Model_1_goa_pop_2023.dat 2 2029 F0 0 
Model_1_goa_pop_2023.dat 2 2029 Fabc 0.100793
Model_1_goa_pop_2023.dat 2 2029 Fofl 0.121568
Model_1_goa_pop_2023.dat 2 2029  F_LCI 0.100793
Model_1_goa_pop_2023.dat 2 2029  F_UCI 0.100793
Model_1_goa_pop_2023.dat 2 2029  F_Median 0.100793
Model_1_goa_pop_2023.dat 2 2029  F_Mean 0.100793
Model_1_goa_pop_2023.dat 2 2030 F0 0 
Model_1_goa_pop_2023.dat 2 2030 Fabc 0.100793
Model_1_goa_pop_2023.dat 2 2030 Fofl 0.121568
Model_1_goa_pop_2023.dat 2 2030  F_LCI 0.100793
Model_1_goa_pop_2023.dat 2 2030  F_UCI 0.100793
Model_1_goa_pop_2023.dat 2 2030  F_Median 0.100793
Model_1_goa_pop_2023.dat 2 2030  F_Mean 0.100793
Model_1_goa_pop_2023.dat 2 2031 F0 0 
Model_1_goa_pop_2023.dat 2 2031 Fabc 0.100793
Model_1_goa_pop_2023.dat 2 2031 Fofl 0.121568
Model_1_goa_pop_2023.dat 2 2031  F_LCI 0.100793
Model_1_goa_pop_2023.dat 2 2031  F_UCI 0.100793
Model_1_goa_pop_2023.dat 2 2031  F_Median 0.100793
Model_1_goa_pop_2023.dat 2 2031  F_Mean 0.100793
Model_1_goa_pop_2023.dat 2 2032 F0 0 
Model_1_goa_pop_2023.dat 2 2032 Fabc 0.100793
Model_1_goa_pop_2023.dat 2 2032 Fofl 0.121568
Model_1_goa_pop_2023.dat 2 2032  F_LCI 0.100793
Model_1_goa_pop_2023.dat 2 2032  F_UCI 0.100793
Model_1_goa_pop_2023.dat 2 2032  F_Median 0.100793
Model_1_goa_pop_2023.dat 2 2032  F_Mean 0.100793
Model_1_goa_pop_2023.dat 2 2033 F0 0 
Model_1_goa_pop_2023.dat 2 2033 Fabc 0.100793
Model_1_goa_pop_2023.dat 2 2033 Fofl 0.121568
Model_1_goa_pop_2023.dat 2 2033  F_LCI 0.100793
Model_1_goa_pop_2023.dat 2 2033  F_UCI 0.100793
Model_1_goa_pop_2023.dat 2 2033  F_Median 0.100793
Model_1_goa_pop_2023.dat 2 2033  F_Mean 0.100793
Model_1_goa_pop_2023.dat 2 2034 F0 0 
Model_1_goa_pop_2023.dat 2 2034 Fabc 0.100793
Model_1_goa_pop_2023.dat 2 2034 Fofl 0.121568
Model_1_goa_pop_2023.dat 2 2034  F_LCI 0.100793
Model_1_goa_pop_2023.dat 2 2034  F_UCI 0.100793
Model_1_goa_pop_2023.dat 2 2034  F_Median 0.100793
Model_1_goa_pop_2023.dat 2 2034  F_Mean 0.100728
Model_1_goa_pop_2023.dat 2 2035 F0 0 
Model_1_goa_pop_2023.dat 2 2035 Fabc 0.100793
Model_1_goa_pop_2023.dat 2 2035 Fofl 0.121568
Model_1_goa_pop_2023.dat 2 2035  F_LCI 0.0981395
Model_1_goa_pop_2023.dat 2 2035  F_UCI 0.100793
Model_1_goa_pop_2023.dat 2 2035  F_Median 0.100793
Model_1_goa_pop_2023.dat 2 2035  F_Mean 0.100469
Model_1_goa_pop_2023.dat 2 2036 F0 0 
Model_1_goa_pop_2023.dat 2 2036 Fabc 0.100793
Model_1_goa_pop_2023.dat 2 2036 Fofl 0.121568
Model_1_goa_pop_2023.dat 2 2036  F_LCI 0.0959036
Model_1_goa_pop_2023.dat 2 2036  F_UCI 0.100793
Model_1_goa_pop_2023.dat 2 2036  F_Median 0.100793
Model_1_goa_pop_2023.dat 2 2036  F_Mean 0.100087
Model_1_goa_pop_2023.dat 3 2023 Cabc 25.3352
Model_1_goa_pop_2023.dat 3 2023 Cofl 27.0976
Model_1_goa_pop_2023.dat 3 2023 CLCI 29.9395
Model_1_goa_pop_2023.dat 3 2023 CUCI 29.9395
Model_1_goa_pop_2023.dat 3 2023 CMedian 29.9395
Model_1_goa_pop_2023.dat 3 2023 CMean 29.9395
Model_1_goa_pop_2023.dat 3 2024 Cabc 25.3352
Model_1_goa_pop_2023.dat 3 2024 Cofl 27.0976
Model_1_goa_pop_2023.dat 3 2024 CLCI 20.4857
Model_1_goa_pop_2023.dat 3 2024 CUCI 20.4862
Model_1_goa_pop_2023.dat 3 2024 CMedian 20.4858
Model_1_goa_pop_2023.dat 3 2024 CMean 20.4859
Model_1_goa_pop_2023.dat 3 2025 Cabc 25.3352
Model_1_goa_pop_2023.dat 3 2025 Cofl 27.0976
Model_1_goa_pop_2023.dat 3 2025 CLCI 20.2245
Model_1_goa_pop_2023.dat 3 2025 CUCI 20.2341
Model_1_goa_pop_2023.dat 3 2025 CMedian 20.2274
Model_1_goa_pop_2023.dat 3 2025 CMean 20.2281
Model_1_goa_pop_2023.dat 3 2026 Cabc 25.3352
Model_1_goa_pop_2023.dat 3 2026 Cofl 27.0976
Model_1_goa_pop_2023.dat 3 2026 CLCI 19.8955
Model_1_goa_pop_2023.dat 3 2026 CUCI 19.9493
Model_1_goa_pop_2023.dat 3 2026 CMedian 19.913
Model_1_goa_pop_2023.dat 3 2026 CMean 19.9162
Model_1_goa_pop_2023.dat 3 2027 Cabc 25.3352
Model_1_goa_pop_2023.dat 3 2027 Cofl 27.0976
Model_1_goa_pop_2023.dat 3 2027 CLCI 19.496
Model_1_goa_pop_2023.dat 3 2027 CUCI 19.6695
Model_1_goa_pop_2023.dat 3 2027 CMedian 19.553
Model_1_goa_pop_2023.dat 3 2027 CMean 19.5629
Model_1_goa_pop_2023.dat 3 2028 Cabc 25.3352
Model_1_goa_pop_2023.dat 3 2028 Cofl 27.0976
Model_1_goa_pop_2023.dat 3 2028 CLCI 19.045
Model_1_goa_pop_2023.dat 3 2028 CUCI 19.439
Model_1_goa_pop_2023.dat 3 2028 CMedian 19.1773
Model_1_goa_pop_2023.dat 3 2028 CMean 19.1993
Model_1_goa_pop_2023.dat 3 2029 Cabc 25.3352
Model_1_goa_pop_2023.dat 3 2029 Cofl 27.0976
Model_1_goa_pop_2023.dat 3 2029 CLCI 18.5377
Model_1_goa_pop_2023.dat 3 2029 CUCI 19.2719
Model_1_goa_pop_2023.dat 3 2029 CMedian 18.8015
Model_1_goa_pop_2023.dat 3 2029 CMean 18.8385
Model_1_goa_pop_2023.dat 3 2030 Cabc 25.3352
Model_1_goa_pop_2023.dat 3 2030 Cofl 27.0976
Model_1_goa_pop_2023.dat 3 2030 CLCI 18.0348
Model_1_goa_pop_2023.dat 3 2030 CUCI 19.2146
Model_1_goa_pop_2023.dat 3 2030 CMedian 18.4441
Model_1_goa_pop_2023.dat 3 2030 CMean 18.5122
Model_1_goa_pop_2023.dat 3 2031 Cabc 25.3352
Model_1_goa_pop_2023.dat 3 2031 Cofl 27.0976
Model_1_goa_pop_2023.dat 3 2031 CLCI 17.5103
Model_1_goa_pop_2023.dat 3 2031 CUCI 19.2394
Model_1_goa_pop_2023.dat 3 2031 CMedian 18.1311
Model_1_goa_pop_2023.dat 3 2031 CMean 18.2268
Model_1_goa_pop_2023.dat 3 2032 Cabc 25.3352
Model_1_goa_pop_2023.dat 3 2032 Cofl 27.0976
Model_1_goa_pop_2023.dat 3 2032 CLCI 17.0063
Model_1_goa_pop_2023.dat 3 2032 CUCI 19.3413
Model_1_goa_pop_2023.dat 3 2032 CMedian 17.898
Model_1_goa_pop_2023.dat 3 2032 CMean 17.9994
Model_1_goa_pop_2023.dat 3 2033 Cabc 25.3352
Model_1_goa_pop_2023.dat 3 2033 Cofl 27.0976
Model_1_goa_pop_2023.dat 3 2033 CLCI 16.5685
Model_1_goa_pop_2023.dat 3 2033 CUCI 19.455
Model_1_goa_pop_2023.dat 3 2033 CMedian 17.7321
Model_1_goa_pop_2023.dat 3 2033 CMean 17.8232
Model_1_goa_pop_2023.dat 3 2034 Cabc 25.3352
Model_1_goa_pop_2023.dat 3 2034 Cofl 27.0976
Model_1_goa_pop_2023.dat 3 2034 CLCI 16.1846
Model_1_goa_pop_2023.dat 3 2034 CUCI 19.6948
Model_1_goa_pop_2023.dat 3 2034 CMedian 17.5859
Model_1_goa_pop_2023.dat 3 2034 CMean 17.7021
Model_1_goa_pop_2023.dat 3 2035 Cabc 25.3352
Model_1_goa_pop_2023.dat 3 2035 Cofl 27.0976
Model_1_goa_pop_2023.dat 3 2035 CLCI 15.8147
Model_1_goa_pop_2023.dat 3 2035 CUCI 19.9471
Model_1_goa_pop_2023.dat 3 2035 CMedian 17.4985
Model_1_goa_pop_2023.dat 3 2035 CMean 17.6274
Model_1_goa_pop_2023.dat 3 2036 Cabc 25.3352
Model_1_goa_pop_2023.dat 3 2036 Cofl 27.0976
Model_1_goa_pop_2023.dat 3 2036 CLCI 15.5679
Model_1_goa_pop_2023.dat 3 2036 CUCI 20.0975
Model_1_goa_pop_2023.dat 3 2036 CMedian 17.417
Model_1_goa_pop_2023.dat 3 2036 CMean 17.5997
Model_1_goa_pop_2023.dat 3 2023 SSBF100 339.017
Model_1_goa_pop_2023.dat 3 2023 SSBFabc 135.607
Model_1_goa_pop_2023.dat 3 2023 SSBFofl 118.656
Model_1_goa_pop_2023.dat 3 2023 SSBLCI 232.21
Model_1_goa_pop_2023.dat 3 2023 SSBUCI 232.21
Model_1_goa_pop_2023.dat 3 2023 SSBMedian 232.21
Model_1_goa_pop_2023.dat 3 2023 SSBMean 232.21
Model_1_goa_pop_2023.dat 3 2024 SSBF100 339.017
Model_1_goa_pop_2023.dat 3 2024 SSBFabc 135.607
Model_1_goa_pop_2023.dat 3 2024 SSBFofl 118.656
Model_1_goa_pop_2023.dat 3 2024 SSBLCI 227.922
Model_1_goa_pop_2023.dat 3 2024 SSBUCI 227.95
Model_1_goa_pop_2023.dat 3 2024 SSBMedian 227.93
Model_1_goa_pop_2023.dat 3 2024 SSBMean 227.932
Model_1_goa_pop_2023.dat 3 2025 SSBF100 339.017
Model_1_goa_pop_2023.dat 3 2025 SSBFabc 135.607
Model_1_goa_pop_2023.dat 3 2025 SSBFofl 118.656
Model_1_goa_pop_2023.dat 3 2025 SSBLCI 226.086
Model_1_goa_pop_2023.dat 3 2025 SSBUCI 226.202
Model_1_goa_pop_2023.dat 3 2025 SSBMedian 226.124
Model_1_goa_pop_2023.dat 3 2025 SSBMean 226.131
Model_1_goa_pop_2023.dat 3 2026 SSBF100 339.017
Model_1_goa_pop_2023.dat 3 2026 SSBFabc 135.607
Model_1_goa_pop_2023.dat 3 2026 SSBFofl 118.656
Model_1_goa_pop_2023.dat 3 2026 SSBLCI 223.924
Model_1_goa_pop_2023.dat 3 2026 SSBUCI 224.286
Model_1_goa_pop_2023.dat 3 2026 SSBMedian 224.044
Model_1_goa_pop_2023.dat 3 2026 SSBMean 224.064
Model_1_goa_pop_2023.dat 3 2027 SSBF100 339.017
Model_1_goa_pop_2023.dat 3 2027 SSBFabc 135.607
Model_1_goa_pop_2023.dat 3 2027 SSBFofl 118.656
Model_1_goa_pop_2023.dat 3 2027 SSBLCI 220.994
Model_1_goa_pop_2023.dat 3 2027 SSBUCI 221.932
Model_1_goa_pop_2023.dat 3 2027 SSBMedian 221.305
Model_1_goa_pop_2023.dat 3 2027 SSBMean 221.358
Model_1_goa_pop_2023.dat 3 2028 SSBF100 339.017
Model_1_goa_pop_2023.dat 3 2028 SSBFabc 135.607
Model_1_goa_pop_2023.dat 3 2028 SSBFofl 118.656
Model_1_goa_pop_2023.dat 3 2028 SSBLCI 216.901
Model_1_goa_pop_2023.dat 3 2028 SSBUCI 219.09
Model_1_goa_pop_2023.dat 3 2028 SSBMedian 217.644
Model_1_goa_pop_2023.dat 3 2028 SSBMean 217.763
Model_1_goa_pop_2023.dat 3 2029 SSBF100 339.017
Model_1_goa_pop_2023.dat 3 2029 SSBFabc 135.607
Model_1_goa_pop_2023.dat 3 2029 SSBFofl 118.656
Model_1_goa_pop_2023.dat 3 2029 SSBLCI 211.798
Model_1_goa_pop_2023.dat 3 2029 SSBUCI 216.379
Model_1_goa_pop_2023.dat 3 2029 SSBMedian 213.371
Model_1_goa_pop_2023.dat 3 2029 SSBMean 213.605
Model_1_goa_pop_2023.dat 3 2030 SSBF100 339.017
Model_1_goa_pop_2023.dat 3 2030 SSBFabc 135.607
Model_1_goa_pop_2023.dat 3 2030 SSBFofl 118.656
Model_1_goa_pop_2023.dat 3 2030 SSBLCI 206.037
Model_1_goa_pop_2023.dat 3 2030 SSBUCI 214.538
Model_1_goa_pop_2023.dat 3 2030 SSBMedian 209.037
Model_1_goa_pop_2023.dat 3 2030 SSBMean 209.501
Model_1_goa_pop_2023.dat 3 2031 SSBF100 339.017
Model_1_goa_pop_2023.dat 3 2031 SSBFabc 135.607
Model_1_goa_pop_2023.dat 3 2031 SSBFofl 118.656
Model_1_goa_pop_2023.dat 3 2031 SSBLCI 200.184
Model_1_goa_pop_2023.dat 3 2031 SSBUCI 214.861
Model_1_goa_pop_2023.dat 3 2031 SSBMedian 205.269
Model_1_goa_pop_2023.dat 3 2031 SSBMean 206.065
Model_1_goa_pop_2023.dat 3 2032 SSBF100 339.017
Model_1_goa_pop_2023.dat 3 2032 SSBFabc 135.607
Model_1_goa_pop_2023.dat 3 2032 SSBFofl 118.656
Model_1_goa_pop_2023.dat 3 2032 SSBLCI 194.674
Model_1_goa_pop_2023.dat 3 2032 SSBUCI 216.243
Model_1_goa_pop_2023.dat 3 2032 SSBMedian 202.286
Model_1_goa_pop_2023.dat 3 2032 SSBMean 203.555
Model_1_goa_pop_2023.dat 3 2033 SSBF100 339.017
Model_1_goa_pop_2023.dat 3 2033 SSBFabc 135.607
Model_1_goa_pop_2023.dat 3 2033 SSBFofl 118.656
Model_1_goa_pop_2023.dat 3 2033 SSBLCI 189.745
Model_1_goa_pop_2023.dat 3 2033 SSBUCI 218.645
Model_1_goa_pop_2023.dat 3 2033 SSBMedian 200.679
Model_1_goa_pop_2023.dat 3 2033 SSBMean 201.956
Model_1_goa_pop_2023.dat 3 2034 SSBF100 339.017
Model_1_goa_pop_2023.dat 3 2034 SSBFabc 135.607
Model_1_goa_pop_2023.dat 3 2034 SSBFofl 118.656
Model_1_goa_pop_2023.dat 3 2034 SSBLCI 185.538
Model_1_goa_pop_2023.dat 3 2034 SSBUCI 221.497
Model_1_goa_pop_2023.dat 3 2034 SSBMedian 199.816
Model_1_goa_pop_2023.dat 3 2034 SSBMean 201.043
Model_1_goa_pop_2023.dat 3 2035 SSBF100 339.017
Model_1_goa_pop_2023.dat 3 2035 SSBFabc 135.607
Model_1_goa_pop_2023.dat 3 2035 SSBFofl 118.656
Model_1_goa_pop_2023.dat 3 2035 SSBLCI 182.251
Model_1_goa_pop_2023.dat 3 2035 SSBUCI 224.542
Model_1_goa_pop_2023.dat 3 2035 SSBMedian 198.983
Model_1_goa_pop_2023.dat 3 2035 SSBMean 200.613
Model_1_goa_pop_2023.dat 3 2036 SSBF100 339.017
Model_1_goa_pop_2023.dat 3 2036 SSBFabc 135.607
Model_1_goa_pop_2023.dat 3 2036 SSBFofl 118.656
Model_1_goa_pop_2023.dat 3 2036 SSBLCI 179.654
Model_1_goa_pop_2023.dat 3 2036 SSBUCI 227.001
Model_1_goa_pop_2023.dat 3 2036 SSBMedian 198.696
Model_1_goa_pop_2023.dat 3 2036 SSBMean 200.477
Model_1_goa_pop_2023.dat 3 2023 F0 0 
Model_1_goa_pop_2023.dat 3 2023 Fabc 0.100793
Model_1_goa_pop_2023.dat 3 2023 Fofl 0.121568
Model_1_goa_pop_2023.dat 3 2023  F_LCI 0.072253
Model_1_goa_pop_2023.dat 3 2023  F_UCI 0.072253
Model_1_goa_pop_2023.dat 3 2023  F_Median 0.072253
Model_1_goa_pop_2023.dat 3 2023  F_Mean 0.072253
Model_1_goa_pop_2023.dat 3 2024 F0 0 
Model_1_goa_pop_2023.dat 3 2024 Fabc 0.100793
Model_1_goa_pop_2023.dat 3 2024 Fofl 0.121568
Model_1_goa_pop_2023.dat 3 2024  F_LCI 0.0503964
Model_1_goa_pop_2023.dat 3 2024  F_UCI 0.0503964
Model_1_goa_pop_2023.dat 3 2024  F_Median 0.0503964
Model_1_goa_pop_2023.dat 3 2024  F_Mean 0.0503964
Model_1_goa_pop_2023.dat 3 2025 F0 0 
Model_1_goa_pop_2023.dat 3 2025 Fabc 0.100793
Model_1_goa_pop_2023.dat 3 2025 Fofl 0.121568
Model_1_goa_pop_2023.dat 3 2025  F_LCI 0.0503964
Model_1_goa_pop_2023.dat 3 2025  F_UCI 0.0503964
Model_1_goa_pop_2023.dat 3 2025  F_Median 0.0503964
Model_1_goa_pop_2023.dat 3 2025  F_Mean 0.0503964
Model_1_goa_pop_2023.dat 3 2026 F0 0 
Model_1_goa_pop_2023.dat 3 2026 Fabc 0.100793
Model_1_goa_pop_2023.dat 3 2026 Fofl 0.121568
Model_1_goa_pop_2023.dat 3 2026  F_LCI 0.0503964
Model_1_goa_pop_2023.dat 3 2026  F_UCI 0.0503964
Model_1_goa_pop_2023.dat 3 2026  F_Median 0.0503964
Model_1_goa_pop_2023.dat 3 2026  F_Mean 0.0503964
Model_1_goa_pop_2023.dat 3 2027 F0 0 
Model_1_goa_pop_2023.dat 3 2027 Fabc 0.100793
Model_1_goa_pop_2023.dat 3 2027 Fofl 0.121568
Model_1_goa_pop_2023.dat 3 2027  F_LCI 0.0503964
Model_1_goa_pop_2023.dat 3 2027  F_UCI 0.0503964
Model_1_goa_pop_2023.dat 3 2027  F_Median 0.0503964
Model_1_goa_pop_2023.dat 3 2027  F_Mean 0.0503964
Model_1_goa_pop_2023.dat 3 2028 F0 0 
Model_1_goa_pop_2023.dat 3 2028 Fabc 0.100793
Model_1_goa_pop_2023.dat 3 2028 Fofl 0.121568
Model_1_goa_pop_2023.dat 3 2028  F_LCI 0.0503964
Model_1_goa_pop_2023.dat 3 2028  F_UCI 0.0503964
Model_1_goa_pop_2023.dat 3 2028  F_Median 0.0503964
Model_1_goa_pop_2023.dat 3 2028  F_Mean 0.0503964
Model_1_goa_pop_2023.dat 3 2029 F0 0 
Model_1_goa_pop_2023.dat 3 2029 Fabc 0.100793
Model_1_goa_pop_2023.dat 3 2029 Fofl 0.121568
Model_1_goa_pop_2023.dat 3 2029  F_LCI 0.0503964
Model_1_goa_pop_2023.dat 3 2029  F_UCI 0.0503964
Model_1_goa_pop_2023.dat 3 2029  F_Median 0.0503964
Model_1_goa_pop_2023.dat 3 2029  F_Mean 0.0503964
Model_1_goa_pop_2023.dat 3 2030 F0 0 
Model_1_goa_pop_2023.dat 3 2030 Fabc 0.100793
Model_1_goa_pop_2023.dat 3 2030 Fofl 0.121568
Model_1_goa_pop_2023.dat 3 2030  F_LCI 0.0503964
Model_1_goa_pop_2023.dat 3 2030  F_UCI 0.0503964
Model_1_goa_pop_2023.dat 3 2030  F_Median 0.0503964
Model_1_goa_pop_2023.dat 3 2030  F_Mean 0.0503964
Model_1_goa_pop_2023.dat 3 2031 F0 0 
Model_1_goa_pop_2023.dat 3 2031 Fabc 0.100793
Model_1_goa_pop_2023.dat 3 2031 Fofl 0.121568
Model_1_goa_pop_2023.dat 3 2031  F_LCI 0.0503964
Model_1_goa_pop_2023.dat 3 2031  F_UCI 0.0503964
Model_1_goa_pop_2023.dat 3 2031  F_Median 0.0503964
Model_1_goa_pop_2023.dat 3 2031  F_Mean 0.0503964
Model_1_goa_pop_2023.dat 3 2032 F0 0 
Model_1_goa_pop_2023.dat 3 2032 Fabc 0.100793
Model_1_goa_pop_2023.dat 3 2032 Fofl 0.121568
Model_1_goa_pop_2023.dat 3 2032  F_LCI 0.0503964
Model_1_goa_pop_2023.dat 3 2032  F_UCI 0.0503964
Model_1_goa_pop_2023.dat 3 2032  F_Median 0.0503964
Model_1_goa_pop_2023.dat 3 2032  F_Mean 0.0503964
Model_1_goa_pop_2023.dat 3 2033 F0 0 
Model_1_goa_pop_2023.dat 3 2033 Fabc 0.100793
Model_1_goa_pop_2023.dat 3 2033 Fofl 0.121568
Model_1_goa_pop_2023.dat 3 2033  F_LCI 0.0503964
Model_1_goa_pop_2023.dat 3 2033  F_UCI 0.0503964
Model_1_goa_pop_2023.dat 3 2033  F_Median 0.0503964
Model_1_goa_pop_2023.dat 3 2033  F_Mean 0.0503964
Model_1_goa_pop_2023.dat 3 2034 F0 0 
Model_1_goa_pop_2023.dat 3 2034 Fabc 0.100793
Model_1_goa_pop_2023.dat 3 2034 Fofl 0.121568
Model_1_goa_pop_2023.dat 3 2034  F_LCI 0.0503964
Model_1_goa_pop_2023.dat 3 2034  F_UCI 0.0503964
Model_1_goa_pop_2023.dat 3 2034  F_Median 0.0503964
Model_1_goa_pop_2023.dat 3 2034  F_Mean 0.0503964
Model_1_goa_pop_2023.dat 3 2035 F0 0 
Model_1_goa_pop_2023.dat 3 2035 Fabc 0.100793
Model_1_goa_pop_2023.dat 3 2035 Fofl 0.121568
Model_1_goa_pop_2023.dat 3 2035  F_LCI 0.0503964
Model_1_goa_pop_2023.dat 3 2035  F_UCI 0.0503964
Model_1_goa_pop_2023.dat 3 2035  F_Median 0.0503964
Model_1_goa_pop_2023.dat 3 2035  F_Mean 0.0503964
Model_1_goa_pop_2023.dat 3 2036 F0 0 
Model_1_goa_pop_2023.dat 3 2036 Fabc 0.100793
Model_1_goa_pop_2023.dat 3 2036 Fofl 0.121568
Model_1_goa_pop_2023.dat 3 2036  F_LCI 0.0503964
Model_1_goa_pop_2023.dat 3 2036  F_UCI 0.0503964
Model_1_goa_pop_2023.dat 3 2036  F_Median 0.0503964
Model_1_goa_pop_2023.dat 3 2036  F_Mean 0.0503964
Model_1_goa_pop_2023.dat 4 2023 Cabc 25.3352
Model_1_goa_pop_2023.dat 4 2023 Cofl 27.0976
Model_1_goa_pop_2023.dat 4 2023 CLCI 29.9395
Model_1_goa_pop_2023.dat 4 2023 CUCI 29.9395
Model_1_goa_pop_2023.dat 4 2023 CMedian 29.9395
Model_1_goa_pop_2023.dat 4 2023 CMean 29.9395
Model_1_goa_pop_2023.dat 4 2024 Cabc 25.3352
Model_1_goa_pop_2023.dat 4 2024 Cofl 27.0976
Model_1_goa_pop_2023.dat 4 2024 CLCI 25.9995
Model_1_goa_pop_2023.dat 4 2024 CUCI 26.0001
Model_1_goa_pop_2023.dat 4 2024 CMedian 25.9996
Model_1_goa_pop_2023.dat 4 2024 CMean 25.9997
Model_1_goa_pop_2023.dat 4 2025 Cabc 25.3352
Model_1_goa_pop_2023.dat 4 2025 Cofl 27.0976
Model_1_goa_pop_2023.dat 4 2025 CLCI 25.3992
Model_1_goa_pop_2023.dat 4 2025 CUCI 25.4115
Model_1_goa_pop_2023.dat 4 2025 CMedian 25.4029
Model_1_goa_pop_2023.dat 4 2025 CMean 25.4038
Model_1_goa_pop_2023.dat 4 2026 Cabc 25.3352
Model_1_goa_pop_2023.dat 4 2026 Cofl 27.0976
Model_1_goa_pop_2023.dat 4 2026 CLCI 24.7361
Model_1_goa_pop_2023.dat 4 2026 CUCI 24.8047
Model_1_goa_pop_2023.dat 4 2026 CMedian 24.7584
Model_1_goa_pop_2023.dat 4 2026 CMean 24.7624
Model_1_goa_pop_2023.dat 4 2027 Cabc 25.3352
Model_1_goa_pop_2023.dat 4 2027 Cofl 27.0976
Model_1_goa_pop_2023.dat 4 2027 CLCI 24.0083
Model_1_goa_pop_2023.dat 4 2027 CUCI 24.2293
Model_1_goa_pop_2023.dat 4 2027 CMedian 24.0809
Model_1_goa_pop_2023.dat 4 2027 CMean 24.0936
Model_1_goa_pop_2023.dat 4 2028 Cabc 25.3352
Model_1_goa_pop_2023.dat 4 2028 Cofl 27.0976
Model_1_goa_pop_2023.dat 4 2028 CLCI 23.2411
Model_1_goa_pop_2023.dat 4 2028 CUCI 23.7424
Model_1_goa_pop_2023.dat 4 2028 CMedian 23.4094
Model_1_goa_pop_2023.dat 4 2028 CMean 23.4374
Model_1_goa_pop_2023.dat 4 2029 Cabc 25.3352
Model_1_goa_pop_2023.dat 4 2029 Cofl 27.0976
Model_1_goa_pop_2023.dat 4 2029 CLCI 22.4294
Model_1_goa_pop_2023.dat 4 2029 CUCI 23.3617
Model_1_goa_pop_2023.dat 4 2029 CMedian 22.7648
Model_1_goa_pop_2023.dat 4 2029 CMean 22.8118
Model_1_goa_pop_2023.dat 4 2030 Cabc 25.3352
Model_1_goa_pop_2023.dat 4 2030 Cofl 27.0976
Model_1_goa_pop_2023.dat 4 2030 CLCI 21.652
Model_1_goa_pop_2023.dat 4 2030 CUCI 23.1427
Model_1_goa_pop_2023.dat 4 2030 CMedian 22.17
Model_1_goa_pop_2023.dat 4 2030 CMean 22.2555
Model_1_goa_pop_2023.dat 4 2031 Cabc 25.3352
Model_1_goa_pop_2023.dat 4 2031 Cofl 27.0976
Model_1_goa_pop_2023.dat 4 2031 CLCI 20.8715
Model_1_goa_pop_2023.dat 4 2031 CUCI 23.0514
Model_1_goa_pop_2023.dat 4 2031 CMedian 21.6565
Model_1_goa_pop_2023.dat 4 2031 CMean 21.7759
Model_1_goa_pop_2023.dat 4 2032 Cabc 25.3352
Model_1_goa_pop_2023.dat 4 2032 Cofl 27.0976
Model_1_goa_pop_2023.dat 4 2032 CLCI 20.1434
Model_1_goa_pop_2023.dat 4 2032 CUCI 23.0686
Model_1_goa_pop_2023.dat 4 2032 CMedian 21.2629
Model_1_goa_pop_2023.dat 4 2032 CMean 21.3911
Model_1_goa_pop_2023.dat 4 2033 Cabc 25.3352
Model_1_goa_pop_2023.dat 4 2033 Cofl 27.0976
Model_1_goa_pop_2023.dat 4 2033 CLCI 19.5271
Model_1_goa_pop_2023.dat 4 2033 CUCI 23.1244
Model_1_goa_pop_2023.dat 4 2033 CMedian 20.9784
Model_1_goa_pop_2023.dat 4 2033 CMean 21.0901
Model_1_goa_pop_2023.dat 4 2034 Cabc 25.3352
Model_1_goa_pop_2023.dat 4 2034 Cofl 27.0976
Model_1_goa_pop_2023.dat 4 2034 CLCI 18.9755
Model_1_goa_pop_2023.dat 4 2034 CUCI 23.378
Model_1_goa_pop_2023.dat 4 2034 CMedian 20.7286
Model_1_goa_pop_2023.dat 4 2034 CMean 20.8735
Model_1_goa_pop_2023.dat 4 2035 Cabc 25.3352
Model_1_goa_pop_2023.dat 4 2035 Cofl 27.0976
Model_1_goa_pop_2023.dat 4 2035 CLCI 18.4844
Model_1_goa_pop_2023.dat 4 2035 CUCI 23.5188
Model_1_goa_pop_2023.dat 4 2035 CMedian 20.5617
Model_1_goa_pop_2023.dat 4 2035 CMean 20.7269
Model_1_goa_pop_2023.dat 4 2036 Cabc 25.3352
Model_1_goa_pop_2023.dat 4 2036 Cofl 27.0976
Model_1_goa_pop_2023.dat 4 2036 CLCI 18.1493
Model_1_goa_pop_2023.dat 4 2036 CUCI 23.7376
Model_1_goa_pop_2023.dat 4 2036 CMedian 20.4293
Model_1_goa_pop_2023.dat 4 2036 CMean 20.6466
Model_1_goa_pop_2023.dat 4 2023 SSBF100 339.017
Model_1_goa_pop_2023.dat 4 2023 SSBFabc 135.607
Model_1_goa_pop_2023.dat 4 2023 SSBFofl 118.656
Model_1_goa_pop_2023.dat 4 2023 SSBLCI 232.21
Model_1_goa_pop_2023.dat 4 2023 SSBUCI 232.21
Model_1_goa_pop_2023.dat 4 2023 SSBMedian 232.21
Model_1_goa_pop_2023.dat 4 2023 SSBMean 232.21
Model_1_goa_pop_2023.dat 4 2024 SSBF100 339.017
Model_1_goa_pop_2023.dat 4 2024 SSBFabc 135.607
Model_1_goa_pop_2023.dat 4 2024 SSBFofl 118.656
Model_1_goa_pop_2023.dat 4 2024 SSBLCI 227.091
Model_1_goa_pop_2023.dat 4 2024 SSBUCI 227.119
Model_1_goa_pop_2023.dat 4 2024 SSBMedian 227.099
Model_1_goa_pop_2023.dat 4 2024 SSBMean 227.102
Model_1_goa_pop_2023.dat 4 2025 SSBF100 339.017
Model_1_goa_pop_2023.dat 4 2025 SSBFabc 135.607
Model_1_goa_pop_2023.dat 4 2025 SSBFofl 118.656
Model_1_goa_pop_2023.dat 4 2025 SSBLCI 222.898
Model_1_goa_pop_2023.dat 4 2025 SSBUCI 223.014
Model_1_goa_pop_2023.dat 4 2025 SSBMedian 222.937
Model_1_goa_pop_2023.dat 4 2025 SSBMean 222.943
Model_1_goa_pop_2023.dat 4 2026 SSBF100 339.017
Model_1_goa_pop_2023.dat 4 2026 SSBFabc 135.607
Model_1_goa_pop_2023.dat 4 2026 SSBFofl 118.656
Model_1_goa_pop_2023.dat 4 2026 SSBLCI 218.554
Model_1_goa_pop_2023.dat 4 2026 SSBUCI 218.916
Model_1_goa_pop_2023.dat 4 2026 SSBMedian 218.674
Model_1_goa_pop_2023.dat 4 2026 SSBMean 218.694
Model_1_goa_pop_2023.dat 4 2027 SSBF100 339.017
Model_1_goa_pop_2023.dat 4 2027 SSBFabc 135.607
Model_1_goa_pop_2023.dat 4 2027 SSBFofl 118.656
Model_1_goa_pop_2023.dat 4 2027 SSBLCI 213.63
Model_1_goa_pop_2023.dat 4 2027 SSBUCI 214.566
Model_1_goa_pop_2023.dat 4 2027 SSBMedian 213.94
Model_1_goa_pop_2023.dat 4 2027 SSBMean 213.993
Model_1_goa_pop_2023.dat 4 2028 SSBF100 339.017
Model_1_goa_pop_2023.dat 4 2028 SSBFabc 135.607
Model_1_goa_pop_2023.dat 4 2028 SSBFofl 118.656
Model_1_goa_pop_2023.dat 4 2028 SSBLCI 207.75
Model_1_goa_pop_2023.dat 4 2028 SSBUCI 209.934
Model_1_goa_pop_2023.dat 4 2028 SSBMedian 208.491
Model_1_goa_pop_2023.dat 4 2028 SSBMean 208.61
Model_1_goa_pop_2023.dat 4 2029 SSBF100 339.017
Model_1_goa_pop_2023.dat 4 2029 SSBFabc 135.607
Model_1_goa_pop_2023.dat 4 2029 SSBFofl 118.656
Model_1_goa_pop_2023.dat 4 2029 SSBLCI 201.088
Model_1_goa_pop_2023.dat 4 2029 SSBUCI 205.645
Model_1_goa_pop_2023.dat 4 2029 SSBMedian 202.652
Model_1_goa_pop_2023.dat 4 2029 SSBMean 202.886
Model_1_goa_pop_2023.dat 4 2030 SSBF100 339.017
Model_1_goa_pop_2023.dat 4 2030 SSBFabc 135.607
Model_1_goa_pop_2023.dat 4 2030 SSBFofl 118.656
Model_1_goa_pop_2023.dat 4 2030 SSBLCI 193.996
Model_1_goa_pop_2023.dat 4 2030 SSBUCI 202.433
Model_1_goa_pop_2023.dat 4 2030 SSBMedian 196.978
Model_1_goa_pop_2023.dat 4 2030 SSBMean 197.438
Model_1_goa_pop_2023.dat 4 2031 SSBF100 339.017
Model_1_goa_pop_2023.dat 4 2031 SSBFabc 135.607
Model_1_goa_pop_2023.dat 4 2031 SSBFofl 118.656
Model_1_goa_pop_2023.dat 4 2031 SSBLCI 187.051
Model_1_goa_pop_2023.dat 4 2031 SSBUCI 201.522
Model_1_goa_pop_2023.dat 4 2031 SSBMedian 192.061
Model_1_goa_pop_2023.dat 4 2031 SSBMean 192.855
Model_1_goa_pop_2023.dat 4 2032 SSBF100 339.017
Model_1_goa_pop_2023.dat 4 2032 SSBFabc 135.607
Model_1_goa_pop_2023.dat 4 2032 SSBFofl 118.656
Model_1_goa_pop_2023.dat 4 2032 SSBLCI 180.632
Model_1_goa_pop_2023.dat 4 2032 SSBUCI 201.808
Model_1_goa_pop_2023.dat 4 2032 SSBMedian 188.185
Model_1_goa_pop_2023.dat 4 2032 SSBMean 189.366
Model_1_goa_pop_2023.dat 4 2033 SSBF100 339.017
Model_1_goa_pop_2023.dat 4 2033 SSBFabc 135.607
Model_1_goa_pop_2023.dat 4 2033 SSBFofl 118.656
Model_1_goa_pop_2023.dat 4 2033 SSBLCI 174.913
Model_1_goa_pop_2023.dat 4 2033 SSBUCI 203.183
Model_1_goa_pop_2023.dat 4 2033 SSBMedian 185.657
Model_1_goa_pop_2023.dat 4 2033 SSBMean 186.918
Model_1_goa_pop_2023.dat 4 2034 SSBF100 339.017
Model_1_goa_pop_2023.dat 4 2034 SSBFabc 135.607
Model_1_goa_pop_2023.dat 4 2034 SSBFofl 118.656
Model_1_goa_pop_2023.dat 4 2034 SSBLCI 170.295
Model_1_goa_pop_2023.dat 4 2034 SSBUCI 205.118
Model_1_goa_pop_2023.dat 4 2034 SSBMedian 183.97
Model_1_goa_pop_2023.dat 4 2034 SSBMean 185.261
Model_1_goa_pop_2023.dat 4 2035 SSBF100 339.017
Model_1_goa_pop_2023.dat 4 2035 SSBFabc 135.607
Model_1_goa_pop_2023.dat 4 2035 SSBFofl 118.656
Model_1_goa_pop_2023.dat 4 2035 SSBLCI 166.284
Model_1_goa_pop_2023.dat 4 2035 SSBUCI 207.213
Model_1_goa_pop_2023.dat 4 2035 SSBMedian 182.58
Model_1_goa_pop_2023.dat 4 2035 SSBMean 184.171
Model_1_goa_pop_2023.dat 4 2036 SSBF100 339.017
Model_1_goa_pop_2023.dat 4 2036 SSBFabc 135.607
Model_1_goa_pop_2023.dat 4 2036 SSBFofl 118.656
Model_1_goa_pop_2023.dat 4 2036 SSBLCI 163.28
Model_1_goa_pop_2023.dat 4 2036 SSBUCI 208.892
Model_1_goa_pop_2023.dat 4 2036 SSBMedian 181.786
Model_1_goa_pop_2023.dat 4 2036 SSBMean 183.445
Model_1_goa_pop_2023.dat 4 2023 F0 0 
Model_1_goa_pop_2023.dat 4 2023 Fabc 0.100793
Model_1_goa_pop_2023.dat 4 2023 Fofl 0.121568
Model_1_goa_pop_2023.dat 4 2023  F_LCI 0.072253
Model_1_goa_pop_2023.dat 4 2023  F_UCI 0.072253
Model_1_goa_pop_2023.dat 4 2023  F_Median 0.072253
Model_1_goa_pop_2023.dat 4 2023  F_Mean 0.072253
Model_1_goa_pop_2023.dat 4 2024 F0 0 
Model_1_goa_pop_2023.dat 4 2024 Fabc 0.100793
Model_1_goa_pop_2023.dat 4 2024 Fofl 0.121568
Model_1_goa_pop_2023.dat 4 2024  F_LCI 0.0643051
Model_1_goa_pop_2023.dat 4 2024  F_UCI 0.0643051
Model_1_goa_pop_2023.dat 4 2024  F_Median 0.0643051
Model_1_goa_pop_2023.dat 4 2024  F_Mean 0.0643051
Model_1_goa_pop_2023.dat 4 2025 F0 0 
Model_1_goa_pop_2023.dat 4 2025 Fabc 0.100793
Model_1_goa_pop_2023.dat 4 2025 Fofl 0.121568
Model_1_goa_pop_2023.dat 4 2025  F_LCI 0.0643051
Model_1_goa_pop_2023.dat 4 2025  F_UCI 0.0643051
Model_1_goa_pop_2023.dat 4 2025  F_Median 0.0643051
Model_1_goa_pop_2023.dat 4 2025  F_Mean 0.0643051
Model_1_goa_pop_2023.dat 4 2026 F0 0 
Model_1_goa_pop_2023.dat 4 2026 Fabc 0.100793
Model_1_goa_pop_2023.dat 4 2026 Fofl 0.121568
Model_1_goa_pop_2023.dat 4 2026  F_LCI 0.0643051
Model_1_goa_pop_2023.dat 4 2026  F_UCI 0.0643051
Model_1_goa_pop_2023.dat 4 2026  F_Median 0.0643051
Model_1_goa_pop_2023.dat 4 2026  F_Mean 0.0643051
Model_1_goa_pop_2023.dat 4 2027 F0 0 
Model_1_goa_pop_2023.dat 4 2027 Fabc 0.100793
Model_1_goa_pop_2023.dat 4 2027 Fofl 0.121568
Model_1_goa_pop_2023.dat 4 2027  F_LCI 0.0643051
Model_1_goa_pop_2023.dat 4 2027  F_UCI 0.0643051
Model_1_goa_pop_2023.dat 4 2027  F_Median 0.0643051
Model_1_goa_pop_2023.dat 4 2027  F_Mean 0.0643051
Model_1_goa_pop_2023.dat 4 2028 F0 0 
Model_1_goa_pop_2023.dat 4 2028 Fabc 0.100793
Model_1_goa_pop_2023.dat 4 2028 Fofl 0.121568
Model_1_goa_pop_2023.dat 4 2028  F_LCI 0.0643051
Model_1_goa_pop_2023.dat 4 2028  F_UCI 0.0643051
Model_1_goa_pop_2023.dat 4 2028  F_Median 0.0643051
Model_1_goa_pop_2023.dat 4 2028  F_Mean 0.0643051
Model_1_goa_pop_2023.dat 4 2029 F0 0 
Model_1_goa_pop_2023.dat 4 2029 Fabc 0.100793
Model_1_goa_pop_2023.dat 4 2029 Fofl 0.121568
Model_1_goa_pop_2023.dat 4 2029  F_LCI 0.0643051
Model_1_goa_pop_2023.dat 4 2029  F_UCI 0.0643051
Model_1_goa_pop_2023.dat 4 2029  F_Median 0.0643051
Model_1_goa_pop_2023.dat 4 2029  F_Mean 0.0643051
Model_1_goa_pop_2023.dat 4 2030 F0 0 
Model_1_goa_pop_2023.dat 4 2030 Fabc 0.100793
Model_1_goa_pop_2023.dat 4 2030 Fofl 0.121568
Model_1_goa_pop_2023.dat 4 2030  F_LCI 0.0643051
Model_1_goa_pop_2023.dat 4 2030  F_UCI 0.0643051
Model_1_goa_pop_2023.dat 4 2030  F_Median 0.0643051
Model_1_goa_pop_2023.dat 4 2030  F_Mean 0.0643051
Model_1_goa_pop_2023.dat 4 2031 F0 0 
Model_1_goa_pop_2023.dat 4 2031 Fabc 0.100793
Model_1_goa_pop_2023.dat 4 2031 Fofl 0.121568
Model_1_goa_pop_2023.dat 4 2031  F_LCI 0.0643051
Model_1_goa_pop_2023.dat 4 2031  F_UCI 0.0643051
Model_1_goa_pop_2023.dat 4 2031  F_Median 0.0643051
Model_1_goa_pop_2023.dat 4 2031  F_Mean 0.0643051
Model_1_goa_pop_2023.dat 4 2032 F0 0 
Model_1_goa_pop_2023.dat 4 2032 Fabc 0.100793
Model_1_goa_pop_2023.dat 4 2032 Fofl 0.121568
Model_1_goa_pop_2023.dat 4 2032  F_LCI 0.0643051
Model_1_goa_pop_2023.dat 4 2032  F_UCI 0.0643051
Model_1_goa_pop_2023.dat 4 2032  F_Median 0.0643051
Model_1_goa_pop_2023.dat 4 2032  F_Mean 0.0643051
Model_1_goa_pop_2023.dat 4 2033 F0 0 
Model_1_goa_pop_2023.dat 4 2033 Fabc 0.100793
Model_1_goa_pop_2023.dat 4 2033 Fofl 0.121568
Model_1_goa_pop_2023.dat 4 2033  F_LCI 0.0643051
Model_1_goa_pop_2023.dat 4 2033  F_UCI 0.0643051
Model_1_goa_pop_2023.dat 4 2033  F_Median 0.0643051
Model_1_goa_pop_2023.dat 4 2033  F_Mean 0.0643051
Model_1_goa_pop_2023.dat 4 2034 F0 0 
Model_1_goa_pop_2023.dat 4 2034 Fabc 0.100793
Model_1_goa_pop_2023.dat 4 2034 Fofl 0.121568
Model_1_goa_pop_2023.dat 4 2034  F_LCI 0.0643051
Model_1_goa_pop_2023.dat 4 2034  F_UCI 0.0643051
Model_1_goa_pop_2023.dat 4 2034  F_Median 0.0643051
Model_1_goa_pop_2023.dat 4 2034  F_Mean 0.0643051
Model_1_goa_pop_2023.dat 4 2035 F0 0 
Model_1_goa_pop_2023.dat 4 2035 Fabc 0.100793
Model_1_goa_pop_2023.dat 4 2035 Fofl 0.121568
Model_1_goa_pop_2023.dat 4 2035  F_LCI 0.0643051
Model_1_goa_pop_2023.dat 4 2035  F_UCI 0.0643051
Model_1_goa_pop_2023.dat 4 2035  F_Median 0.0643051
Model_1_goa_pop_2023.dat 4 2035  F_Mean 0.0643051
Model_1_goa_pop_2023.dat 4 2036 F0 0 
Model_1_goa_pop_2023.dat 4 2036 Fabc 0.100793
Model_1_goa_pop_2023.dat 4 2036 Fofl 0.121568
Model_1_goa_pop_2023.dat 4 2036  F_LCI 0.0643051
Model_1_goa_pop_2023.dat 4 2036  F_UCI 0.0643051
Model_1_goa_pop_2023.dat 4 2036  F_Median 0.0643051
Model_1_goa_pop_2023.dat 4 2036  F_Mean 0.0643051
Model_1_goa_pop_2023.dat 5 2023 Cabc 25.3352
Model_1_goa_pop_2023.dat 5 2023 Cofl 27.0976
Model_1_goa_pop_2023.dat 5 2023 CLCI 29.9395
Model_1_goa_pop_2023.dat 5 2023 CUCI 29.9395
Model_1_goa_pop_2023.dat 5 2023 CMedian 29.9395
Model_1_goa_pop_2023.dat 5 2023 CMean 29.9395
Model_1_goa_pop_2023.dat 5 2024 Cabc 25.3352
Model_1_goa_pop_2023.dat 5 2024 Cofl 27.0976
Model_1_goa_pop_2023.dat 5 2024 CLCI 0
Model_1_goa_pop_2023.dat 5 2024 CUCI 0
Model_1_goa_pop_2023.dat 5 2024 CMedian 0
Model_1_goa_pop_2023.dat 5 2024 CMean 0
Model_1_goa_pop_2023.dat 5 2025 Cabc 25.3352
Model_1_goa_pop_2023.dat 5 2025 Cofl 27.0976
Model_1_goa_pop_2023.dat 5 2025 CLCI 0
Model_1_goa_pop_2023.dat 5 2025 CUCI 0
Model_1_goa_pop_2023.dat 5 2025 CMedian 0
Model_1_goa_pop_2023.dat 5 2025 CMean 0
Model_1_goa_pop_2023.dat 5 2026 Cabc 25.3352
Model_1_goa_pop_2023.dat 5 2026 Cofl 27.0976
Model_1_goa_pop_2023.dat 5 2026 CLCI 0
Model_1_goa_pop_2023.dat 5 2026 CUCI 0
Model_1_goa_pop_2023.dat 5 2026 CMedian 0
Model_1_goa_pop_2023.dat 5 2026 CMean 0
Model_1_goa_pop_2023.dat 5 2027 Cabc 25.3352
Model_1_goa_pop_2023.dat 5 2027 Cofl 27.0976
Model_1_goa_pop_2023.dat 5 2027 CLCI 0
Model_1_goa_pop_2023.dat 5 2027 CUCI 0
Model_1_goa_pop_2023.dat 5 2027 CMedian 0
Model_1_goa_pop_2023.dat 5 2027 CMean 0
Model_1_goa_pop_2023.dat 5 2028 Cabc 25.3352
Model_1_goa_pop_2023.dat 5 2028 Cofl 27.0976
Model_1_goa_pop_2023.dat 5 2028 CLCI 0
Model_1_goa_pop_2023.dat 5 2028 CUCI 0
Model_1_goa_pop_2023.dat 5 2028 CMedian 0
Model_1_goa_pop_2023.dat 5 2028 CMean 0
Model_1_goa_pop_2023.dat 5 2029 Cabc 25.3352
Model_1_goa_pop_2023.dat 5 2029 Cofl 27.0976
Model_1_goa_pop_2023.dat 5 2029 CLCI 0
Model_1_goa_pop_2023.dat 5 2029 CUCI 0
Model_1_goa_pop_2023.dat 5 2029 CMedian 0
Model_1_goa_pop_2023.dat 5 2029 CMean 0
Model_1_goa_pop_2023.dat 5 2030 Cabc 25.3352
Model_1_goa_pop_2023.dat 5 2030 Cofl 27.0976
Model_1_goa_pop_2023.dat 5 2030 CLCI 0
Model_1_goa_pop_2023.dat 5 2030 CUCI 0
Model_1_goa_pop_2023.dat 5 2030 CMedian 0
Model_1_goa_pop_2023.dat 5 2030 CMean 0
Model_1_goa_pop_2023.dat 5 2031 Cabc 25.3352
Model_1_goa_pop_2023.dat 5 2031 Cofl 27.0976
Model_1_goa_pop_2023.dat 5 2031 CLCI 0
Model_1_goa_pop_2023.dat 5 2031 CUCI 0
Model_1_goa_pop_2023.dat 5 2031 CMedian 0
Model_1_goa_pop_2023.dat 5 2031 CMean 0
Model_1_goa_pop_2023.dat 5 2032 Cabc 25.3352
Model_1_goa_pop_2023.dat 5 2032 Cofl 27.0976
Model_1_goa_pop_2023.dat 5 2032 CLCI 0
Model_1_goa_pop_2023.dat 5 2032 CUCI 0
Model_1_goa_pop_2023.dat 5 2032 CMedian 0
Model_1_goa_pop_2023.dat 5 2032 CMean 0
Model_1_goa_pop_2023.dat 5 2033 Cabc 25.3352
Model_1_goa_pop_2023.dat 5 2033 Cofl 27.0976
Model_1_goa_pop_2023.dat 5 2033 CLCI 0
Model_1_goa_pop_2023.dat 5 2033 CUCI 0
Model_1_goa_pop_2023.dat 5 2033 CMedian 0
Model_1_goa_pop_2023.dat 5 2033 CMean 0
Model_1_goa_pop_2023.dat 5 2034 Cabc 25.3352
Model_1_goa_pop_2023.dat 5 2034 Cofl 27.0976
Model_1_goa_pop_2023.dat 5 2034 CLCI 0
Model_1_goa_pop_2023.dat 5 2034 CUCI 0
Model_1_goa_pop_2023.dat 5 2034 CMedian 0
Model_1_goa_pop_2023.dat 5 2034 CMean 0
Model_1_goa_pop_2023.dat 5 2035 Cabc 25.3352
Model_1_goa_pop_2023.dat 5 2035 Cofl 27.0976
Model_1_goa_pop_2023.dat 5 2035 CLCI 0
Model_1_goa_pop_2023.dat 5 2035 CUCI 0
Model_1_goa_pop_2023.dat 5 2035 CMedian 0
Model_1_goa_pop_2023.dat 5 2035 CMean 0
Model_1_goa_pop_2023.dat 5 2036 Cabc 25.3352
Model_1_goa_pop_2023.dat 5 2036 Cofl 27.0976
Model_1_goa_pop_2023.dat 5 2036 CLCI 0
Model_1_goa_pop_2023.dat 5 2036 CUCI 0
Model_1_goa_pop_2023.dat 5 2036 CMedian 0
Model_1_goa_pop_2023.dat 5 2036 CMean 0
Model_1_goa_pop_2023.dat 5 2023 SSBF100 339.017
Model_1_goa_pop_2023.dat 5 2023 SSBFabc 135.607
Model_1_goa_pop_2023.dat 5 2023 SSBFofl 118.656
Model_1_goa_pop_2023.dat 5 2023 SSBLCI 232.21
Model_1_goa_pop_2023.dat 5 2023 SSBUCI 232.21
Model_1_goa_pop_2023.dat 5 2023 SSBMedian 232.21
Model_1_goa_pop_2023.dat 5 2023 SSBMean 232.21
Model_1_goa_pop_2023.dat 5 2024 SSBF100 339.017
Model_1_goa_pop_2023.dat 5 2024 SSBFabc 135.607
Model_1_goa_pop_2023.dat 5 2024 SSBFofl 118.656
Model_1_goa_pop_2023.dat 5 2024 SSBLCI 230.959
Model_1_goa_pop_2023.dat 5 2024 SSBUCI 230.987
Model_1_goa_pop_2023.dat 5 2024 SSBMedian 230.967
Model_1_goa_pop_2023.dat 5 2024 SSBMean 230.969
Model_1_goa_pop_2023.dat 5 2025 SSBF100 339.017
Model_1_goa_pop_2023.dat 5 2025 SSBFabc 135.607
Model_1_goa_pop_2023.dat 5 2025 SSBFofl 118.656
Model_1_goa_pop_2023.dat 5 2025 SSBLCI 238.051
Model_1_goa_pop_2023.dat 5 2025 SSBUCI 238.167
Model_1_goa_pop_2023.dat 5 2025 SSBMedian 238.09
Model_1_goa_pop_2023.dat 5 2025 SSBMean 238.096
Model_1_goa_pop_2023.dat 5 2026 SSBF100 339.017
Model_1_goa_pop_2023.dat 5 2026 SSBFabc 135.607
Model_1_goa_pop_2023.dat 5 2026 SSBFofl 118.656
Model_1_goa_pop_2023.dat 5 2026 SSBLCI 244.612
Model_1_goa_pop_2023.dat 5 2026 SSBUCI 244.975
Model_1_goa_pop_2023.dat 5 2026 SSBMedian 244.732
Model_1_goa_pop_2023.dat 5 2026 SSBMean 244.752
Model_1_goa_pop_2023.dat 5 2027 SSBF100 339.017
Model_1_goa_pop_2023.dat 5 2027 SSBFabc 135.607
Model_1_goa_pop_2023.dat 5 2027 SSBFofl 118.656
Model_1_goa_pop_2023.dat 5 2027 SSBLCI 250.099
Model_1_goa_pop_2023.dat 5 2027 SSBUCI 251.04
Model_1_goa_pop_2023.dat 5 2027 SSBMedian 250.41
Model_1_goa_pop_2023.dat 5 2027 SSBMean 250.464
Model_1_goa_pop_2023.dat 5 2028 SSBF100 339.017
Model_1_goa_pop_2023.dat 5 2028 SSBFabc 135.607
Model_1_goa_pop_2023.dat 5 2028 SSBFofl 118.656
Model_1_goa_pop_2023.dat 5 2028 SSBLCI 253.979
Model_1_goa_pop_2023.dat 5 2028 SSBUCI 256.187
Model_1_goa_pop_2023.dat 5 2028 SSBMedian 254.726
Model_1_goa_pop_2023.dat 5 2028 SSBMean 254.848
Model_1_goa_pop_2023.dat 5 2029 SSBF100 339.017
Model_1_goa_pop_2023.dat 5 2029 SSBFabc 135.607
Model_1_goa_pop_2023.dat 5 2029 SSBFofl 118.656
Model_1_goa_pop_2023.dat 5 2029 SSBLCI 256.269
Model_1_goa_pop_2023.dat 5 2029 SSBUCI 260.941
Model_1_goa_pop_2023.dat 5 2029 SSBMedian 257.874
Model_1_goa_pop_2023.dat 5 2029 SSBMean 258.109
Model_1_goa_pop_2023.dat 5 2030 SSBF100 339.017
Model_1_goa_pop_2023.dat 5 2030 SSBFabc 135.607
Model_1_goa_pop_2023.dat 5 2030 SSBFofl 118.656
Model_1_goa_pop_2023.dat 5 2030 SSBLCI 257.248
Model_1_goa_pop_2023.dat 5 2030 SSBUCI 266.023
Model_1_goa_pop_2023.dat 5 2030 SSBMedian 260.331
Model_1_goa_pop_2023.dat 5 2030 SSBMean 260.8
Model_1_goa_pop_2023.dat 5 2031 SSBF100 339.017
Model_1_goa_pop_2023.dat 5 2031 SSBFabc 135.607
Model_1_goa_pop_2023.dat 5 2031 SSBFofl 118.656
Model_1_goa_pop_2023.dat 5 2031 SSBLCI 257.398
Model_1_goa_pop_2023.dat 5 2031 SSBUCI 272.7
Model_1_goa_pop_2023.dat 5 2031 SSBMedian 262.75
Model_1_goa_pop_2023.dat 5 2031 SSBMean 263.553
Model_1_goa_pop_2023.dat 5 2032 SSBF100 339.017
Model_1_goa_pop_2023.dat 5 2032 SSBFabc 135.607
Model_1_goa_pop_2023.dat 5 2032 SSBFofl 118.656
Model_1_goa_pop_2023.dat 5 2032 SSBLCI 257.303
Model_1_goa_pop_2023.dat 5 2032 SSBUCI 280.31
Model_1_goa_pop_2023.dat 5 2032 SSBMedian 265.302
Model_1_goa_pop_2023.dat 5 2032 SSBMean 266.687
Model_1_goa_pop_2023.dat 5 2033 SSBF100 339.017
Model_1_goa_pop_2023.dat 5 2033 SSBFabc 135.607
Model_1_goa_pop_2023.dat 5 2033 SSBFofl 118.656
Model_1_goa_pop_2023.dat 5 2033 SSBLCI 257.149
Model_1_goa_pop_2023.dat 5 2033 SSBUCI 288.518
Model_1_goa_pop_2023.dat 5 2033 SSBMedian 268.839
Model_1_goa_pop_2023.dat 5 2033 SSBMean 270.271
Model_1_goa_pop_2023.dat 5 2034 SSBF100 339.017
Model_1_goa_pop_2023.dat 5 2034 SSBFabc 135.607
Model_1_goa_pop_2023.dat 5 2034 SSBFofl 118.656
Model_1_goa_pop_2023.dat 5 2034 SSBLCI 257.063
Model_1_goa_pop_2023.dat 5 2034 SSBUCI 296.829
Model_1_goa_pop_2023.dat 5 2034 SSBMedian 272.626
Model_1_goa_pop_2023.dat 5 2034 SSBMean 274.145
Model_1_goa_pop_2023.dat 5 2035 SSBF100 339.017
Model_1_goa_pop_2023.dat 5 2035 SSBFabc 135.607
Model_1_goa_pop_2023.dat 5 2035 SSBFofl 118.656
Model_1_goa_pop_2023.dat 5 2035 SSBLCI 257.37
Model_1_goa_pop_2023.dat 5 2035 SSBUCI 305.673
Model_1_goa_pop_2023.dat 5 2035 SSBMedian 276.564
Model_1_goa_pop_2023.dat 5 2035 SSBMean 278.165
Model_1_goa_pop_2023.dat 5 2036 SSBF100 339.017
Model_1_goa_pop_2023.dat 5 2036 SSBFabc 135.607
Model_1_goa_pop_2023.dat 5 2036 SSBFofl 118.656
Model_1_goa_pop_2023.dat 5 2036 SSBLCI 257.502
Model_1_goa_pop_2023.dat 5 2036 SSBUCI 312.957
Model_1_goa_pop_2023.dat 5 2036 SSBMedian 280.16
Model_1_goa_pop_2023.dat 5 2036 SSBMean 282.167
Model_1_goa_pop_2023.dat 5 2023 F0 0 
Model_1_goa_pop_2023.dat 5 2023 Fabc 0.100793
Model_1_goa_pop_2023.dat 5 2023 Fofl 0.121568
Model_1_goa_pop_2023.dat 5 2023  F_LCI 0.072253
Model_1_goa_pop_2023.dat 5 2023  F_UCI 0.072253
Model_1_goa_pop_2023.dat 5 2023  F_Median 0.072253
Model_1_goa_pop_2023.dat 5 2023  F_Mean 0.072253
Model_1_goa_pop_2023.dat 5 2024 F0 0 
Model_1_goa_pop_2023.dat 5 2024 Fabc 0.100793
Model_1_goa_pop_2023.dat 5 2024 Fofl 0.121568
Model_1_goa_pop_2023.dat 5 2024  F_LCI 0
Model_1_goa_pop_2023.dat 5 2024  F_UCI 0
Model_1_goa_pop_2023.dat 5 2024  F_Median 0
Model_1_goa_pop_2023.dat 5 2024  F_Mean 0
Model_1_goa_pop_2023.dat 5 2025 F0 0 
Model_1_goa_pop_2023.dat 5 2025 Fabc 0.100793
Model_1_goa_pop_2023.dat 5 2025 Fofl 0.121568
Model_1_goa_pop_2023.dat 5 2025  F_LCI 0
Model_1_goa_pop_2023.dat 5 2025  F_UCI 0
Model_1_goa_pop_2023.dat 5 2025  F_Median 0
Model_1_goa_pop_2023.dat 5 2025  F_Mean 0
Model_1_goa_pop_2023.dat 5 2026 F0 0 
Model_1_goa_pop_2023.dat 5 2026 Fabc 0.100793
Model_1_goa_pop_2023.dat 5 2026 Fofl 0.121568
Model_1_goa_pop_2023.dat 5 2026  F_LCI 0
Model_1_goa_pop_2023.dat 5 2026  F_UCI 0
Model_1_goa_pop_2023.dat 5 2026  F_Median 0
Model_1_goa_pop_2023.dat 5 2026  F_Mean 0
Model_1_goa_pop_2023.dat 5 2027 F0 0 
Model_1_goa_pop_2023.dat 5 2027 Fabc 0.100793
Model_1_goa_pop_2023.dat 5 2027 Fofl 0.121568
Model_1_goa_pop_2023.dat 5 2027  F_LCI 0
Model_1_goa_pop_2023.dat 5 2027  F_UCI 0
Model_1_goa_pop_2023.dat 5 2027  F_Median 0
Model_1_goa_pop_2023.dat 5 2027  F_Mean 0
Model_1_goa_pop_2023.dat 5 2028 F0 0 
Model_1_goa_pop_2023.dat 5 2028 Fabc 0.100793
Model_1_goa_pop_2023.dat 5 2028 Fofl 0.121568
Model_1_goa_pop_2023.dat 5 2028  F_LCI 0
Model_1_goa_pop_2023.dat 5 2028  F_UCI 0
Model_1_goa_pop_2023.dat 5 2028  F_Median 0
Model_1_goa_pop_2023.dat 5 2028  F_Mean 0
Model_1_goa_pop_2023.dat 5 2029 F0 0 
Model_1_goa_pop_2023.dat 5 2029 Fabc 0.100793
Model_1_goa_pop_2023.dat 5 2029 Fofl 0.121568
Model_1_goa_pop_2023.dat 5 2029  F_LCI 0
Model_1_goa_pop_2023.dat 5 2029  F_UCI 0
Model_1_goa_pop_2023.dat 5 2029  F_Median 0
Model_1_goa_pop_2023.dat 5 2029  F_Mean 0
Model_1_goa_pop_2023.dat 5 2030 F0 0 
Model_1_goa_pop_2023.dat 5 2030 Fabc 0.100793
Model_1_goa_pop_2023.dat 5 2030 Fofl 0.121568
Model_1_goa_pop_2023.dat 5 2030  F_LCI 0
Model_1_goa_pop_2023.dat 5 2030  F_UCI 0
Model_1_goa_pop_2023.dat 5 2030  F_Median 0
Model_1_goa_pop_2023.dat 5 2030  F_Mean 0
Model_1_goa_pop_2023.dat 5 2031 F0 0 
Model_1_goa_pop_2023.dat 5 2031 Fabc 0.100793
Model_1_goa_pop_2023.dat 5 2031 Fofl 0.121568
Model_1_goa_pop_2023.dat 5 2031  F_LCI 0
Model_1_goa_pop_2023.dat 5 2031  F_UCI 0
Model_1_goa_pop_2023.dat 5 2031  F_Median 0
Model_1_goa_pop_2023.dat 5 2031  F_Mean 0
Model_1_goa_pop_2023.dat 5 2032 F0 0 
Model_1_goa_pop_2023.dat 5 2032 Fabc 0.100793
Model_1_goa_pop_2023.dat 5 2032 Fofl 0.121568
Model_1_goa_pop_2023.dat 5 2032  F_LCI 0
Model_1_goa_pop_2023.dat 5 2032  F_UCI 0
Model_1_goa_pop_2023.dat 5 2032  F_Median 0
Model_1_goa_pop_2023.dat 5 2032  F_Mean 0
Model_1_goa_pop_2023.dat 5 2033 F0 0 
Model_1_goa_pop_2023.dat 5 2033 Fabc 0.100793
Model_1_goa_pop_2023.dat 5 2033 Fofl 0.121568
Model_1_goa_pop_2023.dat 5 2033  F_LCI 0
Model_1_goa_pop_2023.dat 5 2033  F_UCI 0
Model_1_goa_pop_2023.dat 5 2033  F_Median 0
Model_1_goa_pop_2023.dat 5 2033  F_Mean 0
Model_1_goa_pop_2023.dat 5 2034 F0 0 
Model_1_goa_pop_2023.dat 5 2034 Fabc 0.100793
Model_1_goa_pop_2023.dat 5 2034 Fofl 0.121568
Model_1_goa_pop_2023.dat 5 2034  F_LCI 0
Model_1_goa_pop_2023.dat 5 2034  F_UCI 0
Model_1_goa_pop_2023.dat 5 2034  F_Median 0
Model_1_goa_pop_2023.dat 5 2034  F_Mean 0
Model_1_goa_pop_2023.dat 5 2035 F0 0 
Model_1_goa_pop_2023.dat 5 2035 Fabc 0.100793
Model_1_goa_pop_2023.dat 5 2035 Fofl 0.121568
Model_1_goa_pop_2023.dat 5 2035  F_LCI 0
Model_1_goa_pop_2023.dat 5 2035  F_UCI 0
Model_1_goa_pop_2023.dat 5 2035  F_Median 0
Model_1_goa_pop_2023.dat 5 2035  F_Mean 0
Model_1_goa_pop_2023.dat 5 2036 F0 0 
Model_1_goa_pop_2023.dat 5 2036 Fabc 0.100793
Model_1_goa_pop_2023.dat 5 2036 Fofl 0.121568
Model_1_goa_pop_2023.dat 5 2036  F_LCI 0
Model_1_goa_pop_2023.dat 5 2036  F_UCI 0
Model_1_goa_pop_2023.dat 5 2036  F_Median 0
Model_1_goa_pop_2023.dat 5 2036  F_Mean 0
Model_1_goa_pop_2023.dat 6 2023 Cabc 25.3352
Model_1_goa_pop_2023.dat 6 2023 Cofl 27.0976
Model_1_goa_pop_2023.dat 6 2023 CLCI 29.9395
Model_1_goa_pop_2023.dat 6 2023 CUCI 29.9395
Model_1_goa_pop_2023.dat 6 2023 CMedian 29.9395
Model_1_goa_pop_2023.dat 6 2023 CMean 29.9395
Model_1_goa_pop_2023.dat 6 2024 Cabc 25.3352
Model_1_goa_pop_2023.dat 6 2024 Cofl 27.0976
Model_1_goa_pop_2023.dat 6 2024 CLCI 48.0834
Model_1_goa_pop_2023.dat 6 2024 CUCI 48.0845
Model_1_goa_pop_2023.dat 6 2024 CMedian 48.0837
Model_1_goa_pop_2023.dat 6 2024 CMean 48.0838
Model_1_goa_pop_2023.dat 6 2025 Cabc 25.3352
Model_1_goa_pop_2023.dat 6 2025 Cofl 27.0976
Model_1_goa_pop_2023.dat 6 2025 CLCI 44.9908
Model_1_goa_pop_2023.dat 6 2025 CUCI 45.0139
Model_1_goa_pop_2023.dat 6 2025 CMedian 44.9976
Model_1_goa_pop_2023.dat 6 2025 CMean 44.9993
Model_1_goa_pop_2023.dat 6 2026 Cabc 25.3352
Model_1_goa_pop_2023.dat 6 2026 Cofl 27.0976
Model_1_goa_pop_2023.dat 6 2026 CLCI 42.0591
Model_1_goa_pop_2023.dat 6 2026 CUCI 42.1885
Model_1_goa_pop_2023.dat 6 2026 CMedian 42.1011
Model_1_goa_pop_2023.dat 6 2026 CMean 42.1087
Model_1_goa_pop_2023.dat 6 2027 Cabc 25.3352
Model_1_goa_pop_2023.dat 6 2027 Cofl 27.0976
Model_1_goa_pop_2023.dat 6 2027 CLCI 39.2741
Model_1_goa_pop_2023.dat 6 2027 CUCI 39.6897
Model_1_goa_pop_2023.dat 6 2027 CMedian 39.4105
Model_1_goa_pop_2023.dat 6 2027 CMean 39.4343
Model_1_goa_pop_2023.dat 6 2028 Cabc 25.3352
Model_1_goa_pop_2023.dat 6 2028 Cofl 27.0976
Model_1_goa_pop_2023.dat 6 2028 CLCI 36.666
Model_1_goa_pop_2023.dat 6 2028 CUCI 37.6029
Model_1_goa_pop_2023.dat 6 2028 CMedian 36.9806
Model_1_goa_pop_2023.dat 6 2028 CMean 37.0336
Model_1_goa_pop_2023.dat 6 2029 Cabc 25.3352
Model_1_goa_pop_2023.dat 6 2029 Cofl 27.0976
Model_1_goa_pop_2023.dat 6 2029 CLCI 34.2158
Model_1_goa_pop_2023.dat 6 2029 CUCI 35.94
Model_1_goa_pop_2023.dat 6 2029 CMedian 34.8349
Model_1_goa_pop_2023.dat 6 2029 CMean 34.9241
Model_1_goa_pop_2023.dat 6 2030 Cabc 25.3352
Model_1_goa_pop_2023.dat 6 2030 Cofl 27.0976
Model_1_goa_pop_2023.dat 6 2030 CLCI 32.0471
Model_1_goa_pop_2023.dat 6 2030 CUCI 34.7592
Model_1_goa_pop_2023.dat 6 2030 CMedian 32.9925
Model_1_goa_pop_2023.dat 6 2030 CMean 33.1512
Model_1_goa_pop_2023.dat 6 2031 Cabc 25.3352
Model_1_goa_pop_2023.dat 6 2031 Cofl 27.0976
Model_1_goa_pop_2023.dat 6 2031 CLCI 30.074
Model_1_goa_pop_2023.dat 6 2031 CUCI 33.9911
Model_1_goa_pop_2023.dat 6 2031 CMedian 31.4972
Model_1_goa_pop_2023.dat 6 2031 CMean 31.7031
Model_1_goa_pop_2023.dat 6 2032 Cabc 25.3352
Model_1_goa_pop_2023.dat 6 2032 Cofl 27.0976
Model_1_goa_pop_2023.dat 6 2032 CLCI 28.0965
Model_1_goa_pop_2023.dat 6 2032 CUCI 33.4903
Model_1_goa_pop_2023.dat 6 2032 CMedian 30.3453
Model_1_goa_pop_2023.dat 6 2032 CMean 30.5331
Model_1_goa_pop_2023.dat 6 2033 Cabc 25.3352
Model_1_goa_pop_2023.dat 6 2033 Cofl 27.0976
Model_1_goa_pop_2023.dat 6 2033 CLCI 25.386
Model_1_goa_pop_2023.dat 6 2033 CUCI 33.3334
Model_1_goa_pop_2023.dat 6 2033 CMedian 29.5081
Model_1_goa_pop_2023.dat 6 2033 CMean 29.3047
Model_1_goa_pop_2023.dat 6 2034 Cabc 25.3352
Model_1_goa_pop_2023.dat 6 2034 Cofl 27.0976
Model_1_goa_pop_2023.dat 6 2034 CLCI 23.5177
Model_1_goa_pop_2023.dat 6 2034 CUCI 33.3005
Model_1_goa_pop_2023.dat 6 2034 CMedian 28.4732
Model_1_goa_pop_2023.dat 6 2034 CMean 28.3126
Model_1_goa_pop_2023.dat 6 2035 Cabc 25.3352
Model_1_goa_pop_2023.dat 6 2035 Cofl 27.0976
Model_1_goa_pop_2023.dat 6 2035 CLCI 22.2776
Model_1_goa_pop_2023.dat 6 2035 CUCI 33.1174
Model_1_goa_pop_2023.dat 6 2035 CMedian 27.4885
Model_1_goa_pop_2023.dat 6 2035 CMean 27.6362
Model_1_goa_pop_2023.dat 6 2036 Cabc 25.3352
Model_1_goa_pop_2023.dat 6 2036 Cofl 27.0976
Model_1_goa_pop_2023.dat 6 2036 CLCI 21.369
Model_1_goa_pop_2023.dat 6 2036 CUCI 33.1946
Model_1_goa_pop_2023.dat 6 2036 CMedian 26.9742
Model_1_goa_pop_2023.dat 6 2036 CMean 27.2264
Model_1_goa_pop_2023.dat 6 2023 SSBF100 339.017
Model_1_goa_pop_2023.dat 6 2023 SSBFabc 135.607
Model_1_goa_pop_2023.dat 6 2023 SSBFofl 118.656
Model_1_goa_pop_2023.dat 6 2023 SSBLCI 232.21
Model_1_goa_pop_2023.dat 6 2023 SSBUCI 232.21
Model_1_goa_pop_2023.dat 6 2023 SSBMedian 232.21
Model_1_goa_pop_2023.dat 6 2023 SSBMean 232.21
Model_1_goa_pop_2023.dat 6 2024 SSBF100 339.017
Model_1_goa_pop_2023.dat 6 2024 SSBFabc 135.607
Model_1_goa_pop_2023.dat 6 2024 SSBFofl 118.656
Model_1_goa_pop_2023.dat 6 2024 SSBLCI 223.705
Model_1_goa_pop_2023.dat 6 2024 SSBUCI 223.733
Model_1_goa_pop_2023.dat 6 2024 SSBMedian 223.713
Model_1_goa_pop_2023.dat 6 2024 SSBMean 223.715
Model_1_goa_pop_2023.dat 6 2025 SSBF100 339.017
Model_1_goa_pop_2023.dat 6 2025 SSBFabc 135.607
Model_1_goa_pop_2023.dat 6 2025 SSBFofl 118.656
Model_1_goa_pop_2023.dat 6 2025 SSBLCI 210.276
Model_1_goa_pop_2023.dat 6 2025 SSBUCI 210.392
Model_1_goa_pop_2023.dat 6 2025 SSBMedian 210.315
Model_1_goa_pop_2023.dat 6 2025 SSBMean 210.321
Model_1_goa_pop_2023.dat 6 2026 SSBF100 339.017
Model_1_goa_pop_2023.dat 6 2026 SSBFabc 135.607
Model_1_goa_pop_2023.dat 6 2026 SSBFofl 118.656
Model_1_goa_pop_2023.dat 6 2026 SSBLCI 197.876
Model_1_goa_pop_2023.dat 6 2026 SSBUCI 198.238
Model_1_goa_pop_2023.dat 6 2026 SSBMedian 197.996
Model_1_goa_pop_2023.dat 6 2026 SSBMean 198.016
Model_1_goa_pop_2023.dat 6 2027 SSBF100 339.017
Model_1_goa_pop_2023.dat 6 2027 SSBFabc 135.607
Model_1_goa_pop_2023.dat 6 2027 SSBFofl 118.656
Model_1_goa_pop_2023.dat 6 2027 SSBLCI 186.024
Model_1_goa_pop_2023.dat 6 2027 SSBUCI 186.958
Model_1_goa_pop_2023.dat 6 2027 SSBMedian 186.333
Model_1_goa_pop_2023.dat 6 2027 SSBMean 186.386
Model_1_goa_pop_2023.dat 6 2028 SSBF100 339.017
Model_1_goa_pop_2023.dat 6 2028 SSBFabc 135.607
Model_1_goa_pop_2023.dat 6 2028 SSBFofl 118.656
Model_1_goa_pop_2023.dat 6 2028 SSBLCI 174.33
Model_1_goa_pop_2023.dat 6 2028 SSBUCI 176.494
Model_1_goa_pop_2023.dat 6 2028 SSBMedian 175.065
Model_1_goa_pop_2023.dat 6 2028 SSBMean 175.184
Model_1_goa_pop_2023.dat 6 2029 SSBF100 339.017
Model_1_goa_pop_2023.dat 6 2029 SSBFabc 135.607
Model_1_goa_pop_2023.dat 6 2029 SSBFofl 118.656
Model_1_goa_pop_2023.dat 6 2029 SSBLCI 162.948
Model_1_goa_pop_2023.dat 6 2029 SSBUCI 167.439
Model_1_goa_pop_2023.dat 6 2029 SSBMedian 164.488
Model_1_goa_pop_2023.dat 6 2029 SSBMean 164.715
Model_1_goa_pop_2023.dat 6 2030 SSBF100 339.017
Model_1_goa_pop_2023.dat 6 2030 SSBFabc 135.607
Model_1_goa_pop_2023.dat 6 2030 SSBFofl 118.656
Model_1_goa_pop_2023.dat 6 2030 SSBLCI 152.166
Model_1_goa_pop_2023.dat 6 2030 SSBUCI 160.389
Model_1_goa_pop_2023.dat 6 2030 SSBMedian 155.069
Model_1_goa_pop_2023.dat 6 2030 SSBMean 155.507
Model_1_goa_pop_2023.dat 6 2031 SSBF100 339.017
Model_1_goa_pop_2023.dat 6 2031 SSBFabc 135.607
Model_1_goa_pop_2023.dat 6 2031 SSBFofl 118.656
Model_1_goa_pop_2023.dat 6 2031 SSBLCI 142.477
Model_1_goa_pop_2023.dat 6 2031 SSBUCI 156.141
Model_1_goa_pop_2023.dat 6 2031 SSBMedian 147.209
Model_1_goa_pop_2023.dat 6 2031 SSBMean 147.985
Model_1_goa_pop_2023.dat 6 2032 SSBF100 339.017
Model_1_goa_pop_2023.dat 6 2032 SSBFabc 135.607
Model_1_goa_pop_2023.dat 6 2032 SSBFofl 118.656
Model_1_goa_pop_2023.dat 6 2032 SSBLCI 134.129
Model_1_goa_pop_2023.dat 6 2032 SSBUCI 153.679
Model_1_goa_pop_2023.dat 6 2032 SSBMedian 141.131
Model_1_goa_pop_2023.dat 6 2032 SSBMean 142.202
Model_1_goa_pop_2023.dat 6 2033 SSBF100 339.017
Model_1_goa_pop_2023.dat 6 2033 SSBFabc 135.607
Model_1_goa_pop_2023.dat 6 2033 SSBFofl 118.656
Model_1_goa_pop_2023.dat 6 2033 SSBLCI 127.107
Model_1_goa_pop_2023.dat 6 2033 SSBUCI 152.554
Model_1_goa_pop_2023.dat 6 2033 SSBMedian 136.728
Model_1_goa_pop_2023.dat 6 2033 SSBMean 137.988
Model_1_goa_pop_2023.dat 6 2034 SSBF100 339.017
Model_1_goa_pop_2023.dat 6 2034 SSBFabc 135.607
Model_1_goa_pop_2023.dat 6 2034 SSBFofl 118.656
Model_1_goa_pop_2023.dat 6 2034 SSBLCI 122.713
Model_1_goa_pop_2023.dat 6 2034 SSBUCI 152.211
Model_1_goa_pop_2023.dat 6 2034 SSBMedian 133.946
Model_1_goa_pop_2023.dat 6 2034 SSBMean 135.056
Model_1_goa_pop_2023.dat 6 2035 SSBF100 339.017
Model_1_goa_pop_2023.dat 6 2035 SSBFabc 135.607
Model_1_goa_pop_2023.dat 6 2035 SSBFofl 118.656
Model_1_goa_pop_2023.dat 6 2035 SSBLCI 118.705
Model_1_goa_pop_2023.dat 6 2035 SSBUCI 152.081
Model_1_goa_pop_2023.dat 6 2035 SSBMedian 131.14
Model_1_goa_pop_2023.dat 6 2035 SSBMean 133.062
Model_1_goa_pop_2023.dat 6 2036 SSBF100 339.017
Model_1_goa_pop_2023.dat 6 2036 SSBFabc 135.607
Model_1_goa_pop_2023.dat 6 2036 SSBFofl 118.656
Model_1_goa_pop_2023.dat 6 2036 SSBLCI 116.514
Model_1_goa_pop_2023.dat 6 2036 SSBUCI 152.004
Model_1_goa_pop_2023.dat 6 2036 SSBMedian 129.974
Model_1_goa_pop_2023.dat 6 2036 SSBMean 131.698
Model_1_goa_pop_2023.dat 6 2023 F0 0 
Model_1_goa_pop_2023.dat 6 2023 Fabc 0.100793
Model_1_goa_pop_2023.dat 6 2023 Fofl 0.121568
Model_1_goa_pop_2023.dat 6 2023  F_LCI 0.072253
Model_1_goa_pop_2023.dat 6 2023  F_UCI 0.072253
Model_1_goa_pop_2023.dat 6 2023  F_Median 0.072253
Model_1_goa_pop_2023.dat 6 2023  F_Mean 0.072253
Model_1_goa_pop_2023.dat 6 2024 F0 0 
Model_1_goa_pop_2023.dat 6 2024 Fabc 0.100793
Model_1_goa_pop_2023.dat 6 2024 Fofl 0.121568
Model_1_goa_pop_2023.dat 6 2024  F_LCI 0.121568
Model_1_goa_pop_2023.dat 6 2024  F_UCI 0.121568
Model_1_goa_pop_2023.dat 6 2024  F_Median 0.121568
Model_1_goa_pop_2023.dat 6 2024  F_Mean 0.121568
Model_1_goa_pop_2023.dat 6 2025 F0 0 
Model_1_goa_pop_2023.dat 6 2025 Fabc 0.100793
Model_1_goa_pop_2023.dat 6 2025 Fofl 0.121568
Model_1_goa_pop_2023.dat 6 2025  F_LCI 0.121568
Model_1_goa_pop_2023.dat 6 2025  F_UCI 0.121568
Model_1_goa_pop_2023.dat 6 2025  F_Median 0.121568
Model_1_goa_pop_2023.dat 6 2025  F_Mean 0.121568
Model_1_goa_pop_2023.dat 6 2026 F0 0 
Model_1_goa_pop_2023.dat 6 2026 Fabc 0.100793
Model_1_goa_pop_2023.dat 6 2026 Fofl 0.121568
Model_1_goa_pop_2023.dat 6 2026  F_LCI 0.121568
Model_1_goa_pop_2023.dat 6 2026  F_UCI 0.121568
Model_1_goa_pop_2023.dat 6 2026  F_Median 0.121568
Model_1_goa_pop_2023.dat 6 2026  F_Mean 0.121568
Model_1_goa_pop_2023.dat 6 2027 F0 0 
Model_1_goa_pop_2023.dat 6 2027 Fabc 0.100793
Model_1_goa_pop_2023.dat 6 2027 Fofl 0.121568
Model_1_goa_pop_2023.dat 6 2027  F_LCI 0.121568
Model_1_goa_pop_2023.dat 6 2027  F_UCI 0.121568
Model_1_goa_pop_2023.dat 6 2027  F_Median 0.121568
Model_1_goa_pop_2023.dat 6 2027  F_Mean 0.121568
Model_1_goa_pop_2023.dat 6 2028 F0 0 
Model_1_goa_pop_2023.dat 6 2028 Fabc 0.100793
Model_1_goa_pop_2023.dat 6 2028 Fofl 0.121568
Model_1_goa_pop_2023.dat 6 2028  F_LCI 0.121568
Model_1_goa_pop_2023.dat 6 2028  F_UCI 0.121568
Model_1_goa_pop_2023.dat 6 2028  F_Median 0.121568
Model_1_goa_pop_2023.dat 6 2028  F_Mean 0.121568
Model_1_goa_pop_2023.dat 6 2029 F0 0 
Model_1_goa_pop_2023.dat 6 2029 Fabc 0.100793
Model_1_goa_pop_2023.dat 6 2029 Fofl 0.121568
Model_1_goa_pop_2023.dat 6 2029  F_LCI 0.121568
Model_1_goa_pop_2023.dat 6 2029  F_UCI 0.121568
Model_1_goa_pop_2023.dat 6 2029  F_Median 0.121568
Model_1_goa_pop_2023.dat 6 2029  F_Mean 0.121568
Model_1_goa_pop_2023.dat 6 2030 F0 0 
Model_1_goa_pop_2023.dat 6 2030 Fabc 0.100793
Model_1_goa_pop_2023.dat 6 2030 Fofl 0.121568
Model_1_goa_pop_2023.dat 6 2030  F_LCI 0.121568
Model_1_goa_pop_2023.dat 6 2030  F_UCI 0.121568
Model_1_goa_pop_2023.dat 6 2030  F_Median 0.121568
Model_1_goa_pop_2023.dat 6 2030  F_Mean 0.121568
Model_1_goa_pop_2023.dat 6 2031 F0 0 
Model_1_goa_pop_2023.dat 6 2031 Fabc 0.100793
Model_1_goa_pop_2023.dat 6 2031 Fofl 0.121568
Model_1_goa_pop_2023.dat 6 2031  F_LCI 0.121568
Model_1_goa_pop_2023.dat 6 2031  F_UCI 0.121568
Model_1_goa_pop_2023.dat 6 2031  F_Median 0.121568
Model_1_goa_pop_2023.dat 6 2031  F_Mean 0.121568
Model_1_goa_pop_2023.dat 6 2032 F0 0 
Model_1_goa_pop_2023.dat 6 2032 Fabc 0.100793
Model_1_goa_pop_2023.dat 6 2032 Fofl 0.121568
Model_1_goa_pop_2023.dat 6 2032  F_LCI 0.120174
Model_1_goa_pop_2023.dat 6 2032  F_UCI 0.121568
Model_1_goa_pop_2023.dat 6 2032  F_Median 0.121568
Model_1_goa_pop_2023.dat 6 2032  F_Mean 0.121375
Model_1_goa_pop_2023.dat 6 2033 F0 0 
Model_1_goa_pop_2023.dat 6 2033 Fabc 0.100793
Model_1_goa_pop_2023.dat 6 2033 Fofl 0.121568
Model_1_goa_pop_2023.dat 6 2033  F_LCI 0.113547
Model_1_goa_pop_2023.dat 6 2033  F_UCI 0.121568
Model_1_goa_pop_2023.dat 6 2033  F_Median 0.121568
Model_1_goa_pop_2023.dat 6 2033  F_Mean 0.119637
Model_1_goa_pop_2023.dat 6 2034 F0 0 
Model_1_goa_pop_2023.dat 6 2034 Fabc 0.100793
Model_1_goa_pop_2023.dat 6 2034 Fofl 0.121568
Model_1_goa_pop_2023.dat 6 2034  F_LCI 0.109401
Model_1_goa_pop_2023.dat 6 2034  F_UCI 0.121568
Model_1_goa_pop_2023.dat 6 2034  F_Median 0.120002
Model_1_goa_pop_2023.dat 6 2034  F_Mean 0.11768
Model_1_goa_pop_2023.dat 6 2035 F0 0 
Model_1_goa_pop_2023.dat 6 2035 Fabc 0.100793
Model_1_goa_pop_2023.dat 6 2035 Fofl 0.121568
Model_1_goa_pop_2023.dat 6 2035  F_LCI 0.105619
Model_1_goa_pop_2023.dat 6 2035  F_UCI 0.121568
Model_1_goa_pop_2023.dat 6 2035  F_Median 0.117353
Model_1_goa_pop_2023.dat 6 2035  F_Mean 0.116163
Model_1_goa_pop_2023.dat 6 2036 F0 0 
Model_1_goa_pop_2023.dat 6 2036 Fabc 0.100793
Model_1_goa_pop_2023.dat 6 2036 Fofl 0.121568
Model_1_goa_pop_2023.dat 6 2036  F_LCI 0.103551
Model_1_goa_pop_2023.dat 6 2036  F_UCI 0.121568
Model_1_goa_pop_2023.dat 6 2036  F_Median 0.116253
Model_1_goa_pop_2023.dat 6 2036  F_Mean 0.115122
Model_1_goa_pop_2023.dat 7 2023 Cabc 25.3352
Model_1_goa_pop_2023.dat 7 2023 Cofl 27.0976
Model_1_goa_pop_2023.dat 7 2023 CLCI 29.9395
Model_1_goa_pop_2023.dat 7 2023 CUCI 29.9395
Model_1_goa_pop_2023.dat 7 2023 CMedian 29.9395
Model_1_goa_pop_2023.dat 7 2023 CMean 29.9395
Model_1_goa_pop_2023.dat 7 2024 Cabc 25.3352
Model_1_goa_pop_2023.dat 7 2024 Cofl 27.0976
Model_1_goa_pop_2023.dat 7 2024 CLCI 40.1843
Model_1_goa_pop_2023.dat 7 2024 CUCI 40.1853
Model_1_goa_pop_2023.dat 7 2024 CMedian 40.1846
Model_1_goa_pop_2023.dat 7 2024 CMean 40.1847
Model_1_goa_pop_2023.dat 7 2025 Cabc 25.3352
Model_1_goa_pop_2023.dat 7 2025 Cofl 27.0976
Model_1_goa_pop_2023.dat 7 2025 CLCI 38.1911
Model_1_goa_pop_2023.dat 7 2025 CUCI 38.2104
Model_1_goa_pop_2023.dat 7 2025 CMedian 38.1968
Model_1_goa_pop_2023.dat 7 2025 CMean 38.1982
Model_1_goa_pop_2023.dat 7 2026 Cabc 25.3352
Model_1_goa_pop_2023.dat 7 2026 Cofl 27.0976
Model_1_goa_pop_2023.dat 7 2026 CLCI 43.3564
Model_1_goa_pop_2023.dat 7 2026 CUCI 43.4859
Model_1_goa_pop_2023.dat 7 2026 CMedian 43.3985
Model_1_goa_pop_2023.dat 7 2026 CMean 43.4061
Model_1_goa_pop_2023.dat 7 2027 Cabc 25.3352
Model_1_goa_pop_2023.dat 7 2027 Cofl 27.0976
Model_1_goa_pop_2023.dat 7 2027 CLCI 40.4135
Model_1_goa_pop_2023.dat 7 2027 CUCI 40.8292
Model_1_goa_pop_2023.dat 7 2027 CMedian 40.5498
Model_1_goa_pop_2023.dat 7 2027 CMean 40.5737
Model_1_goa_pop_2023.dat 7 2028 Cabc 25.3352
Model_1_goa_pop_2023.dat 7 2028 Cofl 27.0976
Model_1_goa_pop_2023.dat 7 2028 CLCI 37.656
Model_1_goa_pop_2023.dat 7 2028 CUCI 38.5931
Model_1_goa_pop_2023.dat 7 2028 CMedian 37.9707
Model_1_goa_pop_2023.dat 7 2028 CMean 38.0236
Model_1_goa_pop_2023.dat 7 2029 Cabc 25.3352
Model_1_goa_pop_2023.dat 7 2029 Cofl 27.0976
Model_1_goa_pop_2023.dat 7 2029 CLCI 35.0667
Model_1_goa_pop_2023.dat 7 2029 CUCI 36.7913
Model_1_goa_pop_2023.dat 7 2029 CMedian 35.686
Model_1_goa_pop_2023.dat 7 2029 CMean 35.7752
Model_1_goa_pop_2023.dat 7 2030 Cabc 25.3352
Model_1_goa_pop_2023.dat 7 2030 Cofl 27.0976
Model_1_goa_pop_2023.dat 7 2030 CLCI 32.7716
Model_1_goa_pop_2023.dat 7 2030 CUCI 35.4844
Model_1_goa_pop_2023.dat 7 2030 CMedian 33.7173
Model_1_goa_pop_2023.dat 7 2030 CMean 33.8758
Model_1_goa_pop_2023.dat 7 2031 Cabc 25.3352
Model_1_goa_pop_2023.dat 7 2031 Cofl 27.0976
Model_1_goa_pop_2023.dat 7 2031 CLCI 30.6851
Model_1_goa_pop_2023.dat 7 2031 CUCI 34.6029
Model_1_goa_pop_2023.dat 7 2031 CMedian 32.1085
Model_1_goa_pop_2023.dat 7 2031 CMean 32.3145
Model_1_goa_pop_2023.dat 7 2032 Cabc 25.3352
Model_1_goa_pop_2023.dat 7 2032 Cofl 27.0976
Model_1_goa_pop_2023.dat 7 2032 CLCI 28.8705
Model_1_goa_pop_2023.dat 7 2032 CUCI 34.0026
Model_1_goa_pop_2023.dat 7 2032 CMedian 30.8572
Model_1_goa_pop_2023.dat 7 2032 CMean 31.0807
Model_1_goa_pop_2023.dat 7 2033 Cabc 25.3352
Model_1_goa_pop_2023.dat 7 2033 Cofl 27.0976
Model_1_goa_pop_2023.dat 7 2033 CLCI 26.2111
Model_1_goa_pop_2023.dat 7 2033 CUCI 33.7596
Model_1_goa_pop_2023.dat 7 2033 CMedian 29.9569
Model_1_goa_pop_2023.dat 7 2033 CMean 29.9003
Model_1_goa_pop_2023.dat 7 2034 Cabc 25.3352
Model_1_goa_pop_2023.dat 7 2034 Cofl 27.0976
Model_1_goa_pop_2023.dat 7 2034 CLCI 24.1179
Model_1_goa_pop_2023.dat 7 2034 CUCI 33.6523
Model_1_goa_pop_2023.dat 7 2034 CMedian 29.1191
Model_1_goa_pop_2023.dat 7 2034 CMean 28.8312
Model_1_goa_pop_2023.dat 7 2035 Cabc 25.3352
Model_1_goa_pop_2023.dat 7 2035 Cofl 27.0976
Model_1_goa_pop_2023.dat 7 2035 CLCI 22.708
Model_1_goa_pop_2023.dat 7 2035 CUCI 33.4079
Model_1_goa_pop_2023.dat 7 2035 CMedian 28.0466
Model_1_goa_pop_2023.dat 7 2035 CMean 28.0586
Model_1_goa_pop_2023.dat 7 2036 Cabc 25.3352
Model_1_goa_pop_2023.dat 7 2036 Cofl 27.0976
Model_1_goa_pop_2023.dat 7 2036 CLCI 21.6689
Model_1_goa_pop_2023.dat 7 2036 CUCI 33.4337
Model_1_goa_pop_2023.dat 7 2036 CMedian 27.3787
Model_1_goa_pop_2023.dat 7 2036 CMean 27.5616
Model_1_goa_pop_2023.dat 7 2023 SSBF100 339.017
Model_1_goa_pop_2023.dat 7 2023 SSBFabc 135.607
Model_1_goa_pop_2023.dat 7 2023 SSBFofl 118.656
Model_1_goa_pop_2023.dat 7 2023 SSBLCI 232.21
Model_1_goa_pop_2023.dat 7 2023 SSBUCI 232.21
Model_1_goa_pop_2023.dat 7 2023 SSBMedian 232.21
Model_1_goa_pop_2023.dat 7 2023 SSBMean 232.21
Model_1_goa_pop_2023.dat 7 2024 SSBF100 339.017
Model_1_goa_pop_2023.dat 7 2024 SSBFabc 135.607
Model_1_goa_pop_2023.dat 7 2024 SSBFofl 118.656
Model_1_goa_pop_2023.dat 7 2024 SSBLCI 224.927
Model_1_goa_pop_2023.dat 7 2024 SSBUCI 224.956
Model_1_goa_pop_2023.dat 7 2024 SSBMedian 224.935
Model_1_goa_pop_2023.dat 7 2024 SSBMean 224.938
Model_1_goa_pop_2023.dat 7 2025 SSBF100 339.017
Model_1_goa_pop_2023.dat 7 2025 SSBFabc 135.607
Model_1_goa_pop_2023.dat 7 2025 SSBFofl 118.656
Model_1_goa_pop_2023.dat 7 2025 SSBLCI 214.764
Model_1_goa_pop_2023.dat 7 2025 SSBUCI 214.88
Model_1_goa_pop_2023.dat 7 2025 SSBMedian 214.803
Model_1_goa_pop_2023.dat 7 2025 SSBMean 214.809
Model_1_goa_pop_2023.dat 7 2026 SSBF100 339.017
Model_1_goa_pop_2023.dat 7 2026 SSBFabc 135.607
Model_1_goa_pop_2023.dat 7 2026 SSBFofl 118.656
Model_1_goa_pop_2023.dat 7 2026 SSBLCI 204.015
Model_1_goa_pop_2023.dat 7 2026 SSBUCI 204.377
Model_1_goa_pop_2023.dat 7 2026 SSBMedian 204.135
Model_1_goa_pop_2023.dat 7 2026 SSBMean 204.155
Model_1_goa_pop_2023.dat 7 2027 SSBF100 339.017
Model_1_goa_pop_2023.dat 7 2027 SSBFabc 135.607
Model_1_goa_pop_2023.dat 7 2027 SSBFofl 118.656
Model_1_goa_pop_2023.dat 7 2027 SSBLCI 191.49
Model_1_goa_pop_2023.dat 7 2027 SSBUCI 192.424
Model_1_goa_pop_2023.dat 7 2027 SSBMedian 191.799
Model_1_goa_pop_2023.dat 7 2027 SSBMean 191.852
Model_1_goa_pop_2023.dat 7 2028 SSBF100 339.017
Model_1_goa_pop_2023.dat 7 2028 SSBFabc 135.607
Model_1_goa_pop_2023.dat 7 2028 SSBFofl 118.656
Model_1_goa_pop_2023.dat 7 2028 SSBLCI 179.147
Model_1_goa_pop_2023.dat 7 2028 SSBUCI 181.311
Model_1_goa_pop_2023.dat 7 2028 SSBMedian 179.882
Model_1_goa_pop_2023.dat 7 2028 SSBMean 180.001
Model_1_goa_pop_2023.dat 7 2029 SSBF100 339.017
Model_1_goa_pop_2023.dat 7 2029 SSBFabc 135.607
Model_1_goa_pop_2023.dat 7 2029 SSBFofl 118.656
Model_1_goa_pop_2023.dat 7 2029 SSBLCI 167.152
Model_1_goa_pop_2023.dat 7 2029 SSBUCI 171.643
Model_1_goa_pop_2023.dat 7 2029 SSBMedian 168.692
Model_1_goa_pop_2023.dat 7 2029 SSBMean 168.919
Model_1_goa_pop_2023.dat 7 2030 SSBF100 339.017
Model_1_goa_pop_2023.dat 7 2030 SSBFabc 135.607
Model_1_goa_pop_2023.dat 7 2030 SSBFofl 118.656
Model_1_goa_pop_2023.dat 7 2030 SSBLCI 155.804
Model_1_goa_pop_2023.dat 7 2030 SSBUCI 164.028
Model_1_goa_pop_2023.dat 7 2030 SSBMedian 158.708
Model_1_goa_pop_2023.dat 7 2030 SSBMean 159.145
Model_1_goa_pop_2023.dat 7 2031 SSBF100 339.017
Model_1_goa_pop_2023.dat 7 2031 SSBFabc 135.607
Model_1_goa_pop_2023.dat 7 2031 SSBFofl 118.656
Model_1_goa_pop_2023.dat 7 2031 SSBLCI 145.604
Model_1_goa_pop_2023.dat 7 2031 SSBUCI 159.272
Model_1_goa_pop_2023.dat 7 2031 SSBMedian 150.338
Model_1_goa_pop_2023.dat 7 2031 SSBMean 151.113
Model_1_goa_pop_2023.dat 7 2032 SSBF100 339.017
Model_1_goa_pop_2023.dat 7 2032 SSBFabc 135.607
Model_1_goa_pop_2023.dat 7 2032 SSBFofl 118.656
Model_1_goa_pop_2023.dat 7 2032 SSBLCI 136.758
Model_1_goa_pop_2023.dat 7 2032 SSBUCI 156.359
Model_1_goa_pop_2023.dat 7 2032 SSBMedian 143.808
Model_1_goa_pop_2023.dat 7 2032 SSBMean 144.874
Model_1_goa_pop_2023.dat 7 2033 SSBF100 339.017
Model_1_goa_pop_2023.dat 7 2033 SSBFabc 135.607
Model_1_goa_pop_2023.dat 7 2033 SSBFofl 118.656
Model_1_goa_pop_2023.dat 7 2033 SSBLCI 129.196
Model_1_goa_pop_2023.dat 7 2033 SSBUCI 154.842
Model_1_goa_pop_2023.dat 7 2033 SSBMedian 139.015
Model_1_goa_pop_2023.dat 7 2033 SSBMean 140.233
Model_1_goa_pop_2023.dat 7 2034 SSBF100 339.017
Model_1_goa_pop_2023.dat 7 2034 SSBFabc 135.607
Model_1_goa_pop_2023.dat 7 2034 SSBFofl 118.656
Model_1_goa_pop_2023.dat 7 2034 SSBLCI 124.395
Model_1_goa_pop_2023.dat 7 2034 SSBUCI 154.163
Model_1_goa_pop_2023.dat 7 2034 SSBMedian 135.844
Model_1_goa_pop_2023.dat 7 2034 SSBMean 136.895
Model_1_goa_pop_2023.dat 7 2035 SSBF100 339.017
Model_1_goa_pop_2023.dat 7 2035 SSBFabc 135.607
Model_1_goa_pop_2023.dat 7 2035 SSBFofl 118.656
Model_1_goa_pop_2023.dat 7 2035 SSBLCI 120.022
Model_1_goa_pop_2023.dat 7 2035 SSBUCI 153.747
Model_1_goa_pop_2023.dat 7 2035 SSBMedian 132.724
Model_1_goa_pop_2023.dat 7 2035 SSBMean 134.552
Model_1_goa_pop_2023.dat 7 2036 SSBF100 339.017
Model_1_goa_pop_2023.dat 7 2036 SSBFabc 135.607
Model_1_goa_pop_2023.dat 7 2036 SSBFofl 118.656
Model_1_goa_pop_2023.dat 7 2036 SSBLCI 117.452
Model_1_goa_pop_2023.dat 7 2036 SSBUCI 153.431
Model_1_goa_pop_2023.dat 7 2036 SSBMedian 131.204
Model_1_goa_pop_2023.dat 7 2036 SSBMean 132.897
Model_1_goa_pop_2023.dat 7 2023 F0 0 
Model_1_goa_pop_2023.dat 7 2023 Fabc 0.100793
Model_1_goa_pop_2023.dat 7 2023 Fofl 0.121568
Model_1_goa_pop_2023.dat 7 2023  F_LCI 0.072253
Model_1_goa_pop_2023.dat 7 2023  F_UCI 0.072253
Model_1_goa_pop_2023.dat 7 2023  F_Median 0.072253
Model_1_goa_pop_2023.dat 7 2023  F_Mean 0.072253
Model_1_goa_pop_2023.dat 7 2024 F0 0 
Model_1_goa_pop_2023.dat 7 2024 Fabc 0.100793
Model_1_goa_pop_2023.dat 7 2024 Fofl 0.121568
Model_1_goa_pop_2023.dat 7 2024  F_LCI 0.100793
Model_1_goa_pop_2023.dat 7 2024  F_UCI 0.100793
Model_1_goa_pop_2023.dat 7 2024  F_Median 0.100793
Model_1_goa_pop_2023.dat 7 2024  F_Mean 0.100793
Model_1_goa_pop_2023.dat 7 2025 F0 0 
Model_1_goa_pop_2023.dat 7 2025 Fabc 0.100793
Model_1_goa_pop_2023.dat 7 2025 Fofl 0.121568
Model_1_goa_pop_2023.dat 7 2025  F_LCI 0.100793
Model_1_goa_pop_2023.dat 7 2025  F_UCI 0.100793
Model_1_goa_pop_2023.dat 7 2025  F_Median 0.100793
Model_1_goa_pop_2023.dat 7 2025  F_Mean 0.100793
Model_1_goa_pop_2023.dat 7 2026 F0 0 
Model_1_goa_pop_2023.dat 7 2026 Fabc 0.100793
Model_1_goa_pop_2023.dat 7 2026 Fofl 0.121568
Model_1_goa_pop_2023.dat 7 2026  F_LCI 0.121568
Model_1_goa_pop_2023.dat 7 2026  F_UCI 0.121568
Model_1_goa_pop_2023.dat 7 2026  F_Median 0.121568
Model_1_goa_pop_2023.dat 7 2026  F_Mean 0.121568
Model_1_goa_pop_2023.dat 7 2027 F0 0 
Model_1_goa_pop_2023.dat 7 2027 Fabc 0.100793
Model_1_goa_pop_2023.dat 7 2027 Fofl 0.121568
Model_1_goa_pop_2023.dat 7 2027  F_LCI 0.121568
Model_1_goa_pop_2023.dat 7 2027  F_UCI 0.121568
Model_1_goa_pop_2023.dat 7 2027  F_Median 0.121568
Model_1_goa_pop_2023.dat 7 2027  F_Mean 0.121568
Model_1_goa_pop_2023.dat 7 2028 F0 0 
Model_1_goa_pop_2023.dat 7 2028 Fabc 0.100793
Model_1_goa_pop_2023.dat 7 2028 Fofl 0.121568
Model_1_goa_pop_2023.dat 7 2028  F_LCI 0.121568
Model_1_goa_pop_2023.dat 7 2028  F_UCI 0.121568
Model_1_goa_pop_2023.dat 7 2028  F_Median 0.121568
Model_1_goa_pop_2023.dat 7 2028  F_Mean 0.121568
Model_1_goa_pop_2023.dat 7 2029 F0 0 
Model_1_goa_pop_2023.dat 7 2029 Fabc 0.100793
Model_1_goa_pop_2023.dat 7 2029 Fofl 0.121568
Model_1_goa_pop_2023.dat 7 2029  F_LCI 0.121568
Model_1_goa_pop_2023.dat 7 2029  F_UCI 0.121568
Model_1_goa_pop_2023.dat 7 2029  F_Median 0.121568
Model_1_goa_pop_2023.dat 7 2029  F_Mean 0.121568
Model_1_goa_pop_2023.dat 7 2030 F0 0 
Model_1_goa_pop_2023.dat 7 2030 Fabc 0.100793
Model_1_goa_pop_2023.dat 7 2030 Fofl 0.121568
Model_1_goa_pop_2023.dat 7 2030  F_LCI 0.121568
Model_1_goa_pop_2023.dat 7 2030  F_UCI 0.121568
Model_1_goa_pop_2023.dat 7 2030  F_Median 0.121568
Model_1_goa_pop_2023.dat 7 2030  F_Mean 0.121568
Model_1_goa_pop_2023.dat 7 2031 F0 0 
Model_1_goa_pop_2023.dat 7 2031 Fabc 0.100793
Model_1_goa_pop_2023.dat 7 2031 Fofl 0.121568
Model_1_goa_pop_2023.dat 7 2031  F_LCI 0.121568
Model_1_goa_pop_2023.dat 7 2031  F_UCI 0.121568
Model_1_goa_pop_2023.dat 7 2031  F_Median 0.121568
Model_1_goa_pop_2023.dat 7 2031  F_Mean 0.121568
Model_1_goa_pop_2023.dat 7 2032 F0 0 
Model_1_goa_pop_2023.dat 7 2032 Fabc 0.100793
Model_1_goa_pop_2023.dat 7 2032 Fofl 0.121568
Model_1_goa_pop_2023.dat 7 2032  F_LCI 0.121568
Model_1_goa_pop_2023.dat 7 2032  F_UCI 0.121568
Model_1_goa_pop_2023.dat 7 2032  F_Median 0.121568
Model_1_goa_pop_2023.dat 7 2032  F_Mean 0.121537
Model_1_goa_pop_2023.dat 7 2033 F0 0 
Model_1_goa_pop_2023.dat 7 2033 Fabc 0.100793
Model_1_goa_pop_2023.dat 7 2033 Fofl 0.121568
Model_1_goa_pop_2023.dat 7 2033  F_LCI 0.115519
Model_1_goa_pop_2023.dat 7 2033  F_UCI 0.121568
Model_1_goa_pop_2023.dat 7 2033  F_Median 0.121568
Model_1_goa_pop_2023.dat 7 2033  F_Mean 0.120441
Model_1_goa_pop_2023.dat 7 2034 F0 0 
Model_1_goa_pop_2023.dat 7 2034 Fabc 0.100793
Model_1_goa_pop_2023.dat 7 2034 Fofl 0.121568
Model_1_goa_pop_2023.dat 7 2034  F_LCI 0.110988
Model_1_goa_pop_2023.dat 7 2034  F_UCI 0.121568
Model_1_goa_pop_2023.dat 7 2034  F_Median 0.121568
Model_1_goa_pop_2023.dat 7 2034  F_Mean 0.118562
Model_1_goa_pop_2023.dat 7 2035 F0 0 
Model_1_goa_pop_2023.dat 7 2035 Fabc 0.100793
Model_1_goa_pop_2023.dat 7 2035 Fofl 0.121568
Model_1_goa_pop_2023.dat 7 2035  F_LCI 0.106862
Model_1_goa_pop_2023.dat 7 2035  F_UCI 0.121568
Model_1_goa_pop_2023.dat 7 2035  F_Median 0.118848
Model_1_goa_pop_2023.dat 7 2035  F_Mean 0.11696
Model_1_goa_pop_2023.dat 7 2036 F0 0 
Model_1_goa_pop_2023.dat 7 2036 Fabc 0.100793
Model_1_goa_pop_2023.dat 7 2036 Fofl 0.121568
Model_1_goa_pop_2023.dat 7 2036  F_LCI 0.104436
Model_1_goa_pop_2023.dat 7 2036  F_UCI 0.121568
Model_1_goa_pop_2023.dat 7 2036  F_Median 0.117414
Model_1_goa_pop_2023.dat 7 2036  F_Mean 0.115801
