Alternative 1 Catch
     Model_1_goa_pop_2023.dat 
Equil_Fabc 25.3018 
Year 
2023 29.7605 
2024 23.8313 
2025 38.962 
2026 36.9262 
2027 34.9836 
2028 33.1988 
2029 31.5985 
2030 30.2354 
2031 29.1074 
2032 28.2209 
2033 27.5373 
2034 27.0275 
2035 26.6211 
2036 26.3094 

Alternative 1 ABCs
     Model_1_goa_pop_2023.dat 

Year 
2023  NA 
2024  NA 
2025 38.962 
2026 36.9262 
2027 34.9836 
2028 33.1988 
2029 31.5985 
2030 30.2354 
2031 29.1074 
2032 28.2209 
2033 27.5373 
2034 27.0275 
2035 26.6211 
2036 26.3094 

Alternative 1 TACs
     Model_1_goa_pop_2023.dat 

Year 
2023  NA 
2024  NA 
2025 38.962 
2026 36.9262 
2027 34.9836 
2028 33.1988 
2029 31.5985 
2030 30.2354 
2031 29.1074 
2032 28.2209 
2033 27.5373 
2034 27.0275 
2035 26.6211 
2036 26.3094 

Alternative 1 Sp_Biomass
     Model_1_goa_pop_2023.dat 
Equil_Fabc 137.447 
Year 
2023 234.446 
2024 229.455 
2025 223.587 
2026 213.358 
2027 203.349 
2028 193.353 
2029 183.728 
2030 175.078 
2031 167.927 
2032 162.404 
2033 158.326 
2034 155.312 
2035 153.029 
2036 151.225 

Alternative 1 Fishing Mortality
     Model_1_goa_pop_2023.dat 
Equil_Fabc 0.0990105 
Year 
2023 0.0712498 
2024 0.0584173 
2025 0.0990105 
2026 0.0990105 
2027 0.0990105 
2028 0.0990105 
2029 0.0990105 
2030 0.0990105 
2031 0.0990105 
2032 0.0990105 
2033 0.0990105 
2034 0.0989814 
2035 0.0987805 
2036 0.0984565 

Alternative 1 Biomass
     Model_1_goa_pop_2023.dat 

Year 
2023 670.712 
2024 650.655 
2025 637.024 
2026 609.238 
2027 585.343 
2028 565.168 
2029 548.532 
2030 534.997 
2031 524.135 
2032 515.559 
2033 508.694 
2034 503.147 
2035 498.442 
2036 494.468 

Alternative 1 Implied SPR rate 
     Model_1_goa_pop_2023.dat 
Equil_Fabc 0.4 
Year 
2023 0.491924 
2024 0.547243 
2025 0.4 
2026 0.4 
2027 0.4 
2028 0.4 
2029 0.4 
2030 0.4 
2031 0.4 
2032 0.4 
2033 0.4 
2034 0.400082 
2035 0.400655 
2036 0.401593 

  Model_1_goa_pop_2023.dat 
EquilAvgAgeF0  12.2163 
EquilAvgAgeFabc  7.81304 
AvgAgeYr2036 8.48838 
Alternative 2 Catch
     Model_1_goa_pop_2023.dat 
Equil_Fabc 25.3018 
Year 
2023 29.7605 
2024 23.8313 
2025 38.962 
2026 36.9262 
2027 34.9836 
2028 33.1988 
2029 31.5985 
2030 30.2354 
2031 29.1074 
2032 28.2209 
2033 27.5373 
2034 27.0275 
2035 26.6211 
2036 26.3094 

Alternative 2 ABCs
     Model_1_goa_pop_2023.dat 

Year 
2023  NA 
2024  NA 
2025 38.962 
2026 36.9262 
2027 34.9836 
2028 33.1988 
2029 31.5985 
2030 30.2354 
2031 29.1074 
2032 28.2209 
2033 27.5373 
2034 27.0275 
2035 26.6211 
2036 26.3094 

Alternative 2 TACs
     Model_1_goa_pop_2023.dat 

Year 
2023  NA 
2024  NA 
2025 38.962 
2026 36.9262 
2027 34.9836 
2028 33.1988 
2029 31.5985 
2030 30.2354 
2031 29.1074 
2032 28.2209 
2033 27.5373 
2034 27.0275 
2035 26.6211 
2036 26.3094 

Alternative 2 Sp_Biomass
     Model_1_goa_pop_2023.dat 
Equil_Fabc 137.447 
Year 
2023 234.446 
2024 229.455 
2025 223.587 
2026 213.358 
2027 203.349 
2028 193.353 
2029 183.728 
2030 175.078 
2031 167.927 
2032 162.404 
2033 158.326 
2034 155.312 
2035 153.029 
2036 151.225 

Alternative 2 Fishing Mortality
     Model_1_goa_pop_2023.dat 
Equil_Fabc 0.0990105 
Year 
2023 0.0712498 
2024 0.0584173 
2025 0.0990105 
2026 0.0990105 
2027 0.0990105 
2028 0.0990105 
2029 0.0990105 
2030 0.0990105 
2031 0.0990105 
2032 0.0990105 
2033 0.0990105 
2034 0.0989814 
2035 0.0987805 
2036 0.0984565 

Alternative 2 Biomass
     Model_1_goa_pop_2023.dat 

Year 
2023 670.712 
2024 650.655 
2025 637.024 
2026 609.238 
2027 585.343 
2028 565.168 
2029 548.532 
2030 534.997 
2031 524.135 
2032 515.559 
2033 508.694 
2034 503.147 
2035 498.442 
2036 494.468 

Alternative 2 Implied SPR rate 
     Model_1_goa_pop_2023.dat 
Equil_Fabc 0.4 
Year 
2023 0.491924 
2024 0.547243 
2025 0.4 
2026 0.4 
2027 0.4 
2028 0.4 
2029 0.4 
2030 0.4 
2031 0.4 
2032 0.4 
2033 0.4 
2034 0.400082 
2035 0.400655 
2036 0.401593 

  Model_1_goa_pop_2023.dat 
EquilAvgAgeF0  12.2163 
EquilAvgAgeFabc  7.81304 
AvgAgeYr2036 8.48838 
Alternative 3 Catch
     Model_1_goa_pop_2023.dat 
Equil_Fabc 25.3018 
Year 
2023 29.7605 
2024 23.8313 
2025 19.8562 
2026 19.5384 
2027 19.1835 
2028 18.8243 
2029 18.4752 
2030 18.1682 
2031 17.9085 
2032 17.711 
2033 17.5654 
2034 17.4732 
2035 17.4237 
2036 17.4164 

Alternative 3 ABCs
     Model_1_goa_pop_2023.dat 

Year 
2023  NA 
2024  NA 
2025 19.8562 
2026 19.5384 
2027 19.1835 
2028 18.8243 
2029 18.4752 
2030 18.1682 
2031 17.9085 
2032 17.711 
2033 17.5654 
2034 17.4732 
2035 17.4237 
2036 17.4164 

Alternative 3 TACs
     Model_1_goa_pop_2023.dat 

Year 
2023  NA 
2024  NA 
2025 19.8562 
2026 19.5384 
2027 19.1835 
2028 18.8243 
2029 18.4752 
2030 18.1682 
2031 17.9085 
2032 17.711 
2033 17.5654 
2034 17.4732 
2035 17.4237 
2036 17.4164 

Alternative 3 Sp_Biomass
     Model_1_goa_pop_2023.dat 
Equil_Fabc 137.447 
Year 
2023 234.446 
2024 229.455 
2025 226.497 
2026 224.375 
2027 221.651 
2028 218.076 
2029 213.98 
2030 209.994 
2031 206.745 
2032 204.499 
2033 203.215 
2034 202.619 
2035 202.451 
2036 202.489 

Alternative 3 Fishing Mortality
     Model_1_goa_pop_2023.dat 
Equil_Fabc 0.0990105 
Year 
2023 0.0712498 
2024 0.0584173 
2025 0.0495053 
2026 0.0495053 
2027 0.0495053 
2028 0.0495053 
2029 0.0495053 
2030 0.0495053 
2031 0.0495053 
2032 0.0495053 
2033 0.0495053 
2034 0.0495053 
2035 0.0495053 
2036 0.0495053 

Alternative 3 Biomass
     Model_1_goa_pop_2023.dat 

Year 
2023 670.712 
2024 650.655 
2025 637.024 
2026 628.358 
2027 621.088 
2028 615.187 
2029 610.69 
2030 607.399 
2031 605.165 
2032 603.86 
2033 603.165 
2034 602.895 
2035 602.753 
2036 602.712 

Alternative 3 Implied SPR rate 
     Model_1_goa_pop_2023.dat 
Equil_Fabc 0.4 
Year 
2023 0.491924 
2024 0.547243 
2025 0.592047 
2026 0.592047 
2027 0.592047 
2028 0.592047 
2029 0.592047 
2030 0.592047 
2031 0.592047 
2032 0.592047 
2033 0.592047 
2034 0.592047 
2035 0.592047 
2036 0.592047 

  Model_1_goa_pop_2023.dat 
EquilAvgAgeF0  12.2163 
EquilAvgAgeFabc  7.81304 
AvgAgeYr2036 9.64556 
Alternative 4 Catch
     Model_1_goa_pop_2023.dat 
Equil_Fabc 25.3018 
Year 
2023 29.7605 
2024 23.8313 
2025 25.4801 
2026 24.7998 
2027 24.0968 
2028 23.4146 
2029 22.7729 
2030 22.2124 
2031 21.7388 
2032 21.3679 
2033 21.0838 
2034 20.8842 
2035 20.7517 
2036 20.6817 

Alternative 4 ABCs
     Model_1_goa_pop_2023.dat 

Year 
2023  NA 
2024  NA 
2025 25.4801 
2026 24.7998 
2027 24.0968 
2028 23.4146 
2029 22.7729 
2030 22.2124 
2031 21.7388 
2032 21.3679 
2033 21.0838 
2034 20.8842 
2035 20.7517 
2036 20.6817 

Alternative 4 TACs
     Model_1_goa_pop_2023.dat 

Year 
2023  NA 
2024  NA 
2025 25.4801 
2026 24.7998 
2027 24.0968 
2028 23.4146 
2029 22.7729 
2030 22.2124 
2031 21.7388 
2032 21.3679 
2033 21.0838 
2034 20.8842 
2035 20.7517 
2036 20.6817 

Alternative 4 Sp_Biomass
     Model_1_goa_pop_2023.dat 
Equil_Fabc 137.447 
Year 
2023 234.446 
2024 229.455 
2025 225.648 
2026 221.115 
2027 216.159 
2028 210.558 
2029 204.662 
2030 199.105 
2031 194.496 
2032 191.068 
2033 188.747 
2034 187.229 
2035 186.233 
2036 185.527 

Alternative 4 Fishing Mortality
     Model_1_goa_pop_2023.dat 
Equil_Fabc 0.0990105 
Year 
2023 0.0712498 
2024 0.0584173 
2025 0.0638806 
2026 0.0638806 
2027 0.0638806 
2028 0.0638806 
2029 0.0638806 
2030 0.0638806 
2031 0.0638806 
2032 0.0638806 
2033 0.0638806 
2034 0.0638806 
2035 0.0638806 
2036 0.0638806 

Alternative 4 Biomass
     Model_1_goa_pop_2023.dat 

Year 
2023 670.712 
2024 650.655 
2025 637.024 
2026 622.73 
2027 610.424 
2028 600.07 
2029 591.667 
2030 584.973 
2031 579.778 
2032 575.897 
2033 572.95 
2034 570.698 
2035 568.798 
2036 567.189 

Alternative 4 Implied SPR rate 
     Model_1_goa_pop_2023.dat 
Equil_Fabc 0.4 
Year 
2023 0.491924 
2024 0.547243 
2025 0.522482 
2026 0.522482 
2027 0.522482 
2028 0.522482 
2029 0.522482 
2030 0.522482 
2031 0.522482 
2032 0.522482 
2033 0.522482 
2034 0.522482 
2035 0.522482 
2036 0.522482 

  Model_1_goa_pop_2023.dat 
EquilAvgAgeF0  12.2163 
EquilAvgAgeFabc  7.81304 
AvgAgeYr2036 9.28456 
Alternative 5 Catch
     Model_1_goa_pop_2023.dat 
Equil_Fabc 25.3018 
Year 
2023 29.7605 
2024 23.8313 
2025  NA 
2026  NA 
2027  NA 
2028  NA 
2029  NA 
2030  NA 
2031  NA 
2032  NA 
2033  NA 
2034  NA 
2035  NA 
2036  NA 

Alternative 5 ABCs
     Model_1_goa_pop_2023.dat 

Year 
2023  NA 
2024  NA 
2025  NA 
2026  NA 
2027  NA 
2028  NA 
2029  NA 
2030  NA 
2031  NA 
2032  NA 
2033  NA 
2034  NA 
2035  NA 
2036  NA 

Alternative 5 TACs
     Model_1_goa_pop_2023.dat 

Year 
2023  NA 
2024  NA 
2025  NA 
2026  NA 
2027  NA 
2028  NA 
2029  NA 
2030  NA 
2031  NA 
2032  NA 
2033  NA 
2034  NA 
2035  NA 
2036  NA 

Alternative 5 Sp_Biomass
     Model_1_goa_pop_2023.dat 
Equil_Fabc 137.447 
Year 
2023 234.446 
2024 229.455 
2025 229.447 
2026 236.007 
2027 241.751 
2028 246.297 
2029 249.842 
2030 252.933 
2031 256.203 
2032 259.963 
2033 264.254 
2034 268.857 
2035 273.561 
2036 278.163 

Alternative 5 Fishing Mortality
     Model_1_goa_pop_2023.dat 
Equil_Fabc 0.0990105 
Year 
2023 0.0712498 
2024 0.0584173 
2025  NA 
2026  NA 
2027  NA 
2028  NA 
2029  NA 
2030  NA 
2031  NA 
2032  NA 
2033  NA 
2034  NA 
2035  NA 
2036  NA 

Alternative 5 Biomass
     Model_1_goa_pop_2023.dat 

Year 
2023 670.712 
2024 650.655 
2025 637.024 
2026 648.233 
2027 659.69 
2028 671.275 
2029 683.004 
2030 694.693 
2031 706.276 
2032 717.702 
2033 728.777 
2034 739.402 
2035 749.395 
2036 758.787 

Alternative 5 Implied SPR rate 
     Model_1_goa_pop_2023.dat 
Equil_Fabc 0.4 
Year 
2023 0.491924 
2024 0.547243 
2025 1 
2026 1 
2027 1 
2028 1 
2029 1 
2030 1 
2031 1 
2032 1 
2033 1 
2034 1 
2035 1 
2036 1 

  Model_1_goa_pop_2023.dat 
EquilAvgAgeF0  12.2163 
EquilAvgAgeFabc  7.81304 
AvgAgeYr2036 11.0377 
Alternative 6 Catch
     Model_1_goa_pop_2023.dat 
Equil_Fabc 25.3018 
Year 
2023 29.7605 
2024 47.5211 
2025 44.4729 
2026 41.6141 
2027 38.9707 
2028 36.606 
2029 34.5406 
2030 32.822 
2031 31.435 
2032 30.3241 
2033 29.1724 
2034 28.2483 
2035 27.6155 
2036 27.2215 

Alternative 6 ABCs
     Model_1_goa_pop_2023.dat 

Year 
2023 48.8962 
2024 47.5211 
2025 44.4729 
2026 41.6141 
2027 38.9707 
2028 36.606 
2029 34.5406 
2030 32.822 
2031 31.435 
2032 30.3241 
2033 29.1724 
2034 28.2483 
2035 27.6155 
2036 27.2215 

Alternative 6 TACs
     Model_1_goa_pop_2023.dat 

Year 
2023  NA 
2024 47.5211 
2025 44.4729 
2026 41.6141 
2027 38.9707 
2028 36.606 
2029 34.5406 
2030 32.822 
2031 31.435 
2032 30.3241 
2033 29.1724 
2034 28.2483 
2035 27.6155 
2036 27.2215 

Alternative 6 Sp_Biomass
     Model_1_goa_pop_2023.dat 
Equil_Fabc 137.447 
Year 
2023 234.446 
2024 225.829 
2025 212.405 
2026 200.06 
2027 188.388 
2028 177.149 
2029 166.658 
2030 157.462 
2031 150.003 
2032 144.339 
2033 140.274 
2034 137.466 
2035 135.524 
2036 134.124 

Alternative 6 Fishing Mortality
     Model_1_goa_pop_2023.dat 
Equil_Fabc 0.0990105 
Year 
2023 0.0712498 
2024 0.119243 
2025 0.119243 
2026 0.119243 
2027 0.119243 
2028 0.119243 
2029 0.119243 
2030 0.119243 
2031 0.119243 
2032 0.119034 
2033 0.1174 
2034 0.115574 
2035 0.114146 
2036 0.113125 

Alternative 6 Biomass
     Model_1_goa_pop_2023.dat 

Year 
2023 670.712 
2024 650.655 
2025 613.302 
2026 580.932 
2027 553.554 
2028 530.829 
2029 512.399 
2030 497.67 
2031 486.054 
2032 477.042 
2033 469.991 
2034 464.742 
2035 460.738 
2036 457.67 

Alternative 6 Implied SPR rate 
     Model_1_goa_pop_2023.dat 
Equil_Fabc 0.4 
Year 
2023 0.491924 
2024 0.35 
2025 0.35 
2026 0.35 
2027 0.35 
2028 0.35 
2029 0.35 
2030 0.35 
2031 0.35 
2032 0.350467 
2033 0.354198 
2034 0.358499 
2035 0.361957 
2036 0.364483 

  Model_1_goa_pop_2023.dat 
EquilAvgAgeF0  12.2163 
EquilAvgAgeFabc  7.81304 
AvgAgeYr2036 8.04065 
Alternative 7 Catch
     Model_1_goa_pop_2023.dat 
Equil_Fabc 25.3018 
Year 
2023 29.7605 
2024 39.7648 
2025 37.7851 
2026 42.8658 
2027 40.0715 
2028 37.5638 
2029 35.3651 
2030 33.525 
2031 32.029 
2032 30.8624 
2033 29.7471 
2034 28.7527 
2035 28.0301 
2036 27.551 

Alternative 7 ABCs
     Model_1_goa_pop_2023.dat 

Year 
2023 48.8962 
2024 47.5211 
2025 45.156 
2026 42.8658 
2027 40.0715 
2028 37.5638 
2029 35.3651 
2030 33.525 
2031 32.029 
2032 30.8624 
2033 29.7471 
2034 28.7527 
2035 28.0301 
2036 27.551 

Alternative 7 TACs
     Model_1_goa_pop_2023.dat 

Year 
2023  NA 
2024 47.5211 
2025 45.156 
2026 42.8658 
2027 40.0715 
2028 37.5638 
2029 35.3651 
2030 33.525 
2031 32.029 
2032 30.8624 
2033 29.7471 
2034 28.7527 
2035 28.0301 
2036 27.551 

Alternative 7 Sp_Biomass
     Model_1_goa_pop_2023.dat 
Equil_Fabc 137.447 
Year 
2023 234.446 
2024 227.028 
2025 216.818 
2026 206.107 
2027 193.788 
2028 181.922 
2029 170.837 
2030 161.091 
2031 153.134 
2032 147.023 
2033 142.539 
2034 139.333 
2035 137.047 
2036 135.359 

Alternative 7 Fishing Mortality
     Model_1_goa_pop_2023.dat 
Equil_Fabc 0.0990105 
Year 
2023 0.0712498 
2024 0.0990104 
2025 0.0990105 
2026 0.119243 
2027 0.119243 
2028 0.119243 
2029 0.119243 
2030 0.119243 
2031 0.119243 
2032 0.119214 
2033 0.11815 
2034 0.116412 
2035 0.114916 
2036 0.11378 

Alternative 7 Biomass
     Model_1_goa_pop_2023.dat 

Year 
2023 670.712 
2024 650.655 
2025 621.068 
2026 595.089 
2027 565.873 
2028 541.483 
2029 521.568 
2030 505.53 
2031 492.775 
2032 482.78 
2033 474.847 
2034 468.722 
2035 463.956 
2036 460.253 

Alternative 7 Implied SPR rate 
     Model_1_goa_pop_2023.dat 
Equil_Fabc 0.4 
Year 
2023 0.491924 
2024 0.4 
2025 0.4 
2026 0.35 
2027 0.35 
2028 0.35 
2029 0.35 
2030 0.35 
2031 0.35 
2032 0.350065 
2033 0.352475 
2034 0.356525 
2035 0.360109 
2036 0.362891 

  Model_1_goa_pop_2023.dat 
EquilAvgAgeF0  12.2163 
EquilAvgAgeFabc  7.81304 
AvgAgeYr2036 8.08313 
