Model_1_goa_pop_2023.dat 1 2023 Cabc 25.3018
Model_1_goa_pop_2023.dat 1 2023 Cofl 27.0643
Model_1_goa_pop_2023.dat 1 2023 CLCI 29.7605
Model_1_goa_pop_2023.dat 1 2023 CUCI 29.7605
Model_1_goa_pop_2023.dat 1 2023 CMedian 29.7605
Model_1_goa_pop_2023.dat 1 2023 CMean 29.7605
Model_1_goa_pop_2023.dat 1 2024 Cabc 25.3018
Model_1_goa_pop_2023.dat 1 2024 Cofl 27.0643
Model_1_goa_pop_2023.dat 1 2024 CLCI 23.8313
Model_1_goa_pop_2023.dat 1 2024 CUCI 23.8313
Model_1_goa_pop_2023.dat 1 2024 CMedian 23.8313
Model_1_goa_pop_2023.dat 1 2024 CMean 23.8313
Model_1_goa_pop_2023.dat 1 2025 Cabc 25.3018
Model_1_goa_pop_2023.dat 1 2025 Cofl 27.0643
Model_1_goa_pop_2023.dat 1 2025 CLCI 38.9547
Model_1_goa_pop_2023.dat 1 2025 CUCI 38.9736
Model_1_goa_pop_2023.dat 1 2025 CMedian 38.9606
Model_1_goa_pop_2023.dat 1 2025 CMean 38.962
Model_1_goa_pop_2023.dat 1 2026 Cabc 25.3018
Model_1_goa_pop_2023.dat 1 2026 Cofl 27.0643
Model_1_goa_pop_2023.dat 1 2026 CLCI 36.8847
Model_1_goa_pop_2023.dat 1 2026 CUCI 36.9901
Model_1_goa_pop_2023.dat 1 2026 CMedian 36.9194
Model_1_goa_pop_2023.dat 1 2026 CMean 36.9262
Model_1_goa_pop_2023.dat 1 2027 Cabc 25.3018
Model_1_goa_pop_2023.dat 1 2027 Cofl 27.0643
Model_1_goa_pop_2023.dat 1 2027 CLCI 34.8442
Model_1_goa_pop_2023.dat 1 2027 CUCI 35.1798
Model_1_goa_pop_2023.dat 1 2027 CMedian 34.963
Model_1_goa_pop_2023.dat 1 2027 CMean 34.9836
Model_1_goa_pop_2023.dat 1 2028 Cabc 25.3018
Model_1_goa_pop_2023.dat 1 2028 Cofl 27.0643
Model_1_goa_pop_2023.dat 1 2028 CLCI 32.8688
Model_1_goa_pop_2023.dat 1 2028 CUCI 33.6568
Model_1_goa_pop_2023.dat 1 2028 CMedian 33.1541
Model_1_goa_pop_2023.dat 1 2028 CMean 33.1988
Model_1_goa_pop_2023.dat 1 2029 Cabc 25.3018
Model_1_goa_pop_2023.dat 1 2029 Cofl 27.0643
Model_1_goa_pop_2023.dat 1 2029 CLCI 30.9673
Model_1_goa_pop_2023.dat 1 2029 CUCI 32.4487
Model_1_goa_pop_2023.dat 1 2029 CMedian 31.5279
Model_1_goa_pop_2023.dat 1 2029 CMean 31.5985
Model_1_goa_pop_2023.dat 1 2030 Cabc 25.3018
Model_1_goa_pop_2023.dat 1 2030 Cofl 27.0643
Model_1_goa_pop_2023.dat 1 2030 CLCI 29.2089
Model_1_goa_pop_2023.dat 1 2030 CUCI 31.6891
Model_1_goa_pop_2023.dat 1 2030 CMedian 30.1228
Model_1_goa_pop_2023.dat 1 2030 CMean 30.2354
Model_1_goa_pop_2023.dat 1 2031 Cabc 25.3018
Model_1_goa_pop_2023.dat 1 2031 Cofl 27.0643
Model_1_goa_pop_2023.dat 1 2031 CLCI 27.6137
Model_1_goa_pop_2023.dat 1 2031 CUCI 31.0855
Model_1_goa_pop_2023.dat 1 2031 CMedian 28.948
Model_1_goa_pop_2023.dat 1 2031 CMean 29.1074
Model_1_goa_pop_2023.dat 1 2032 Cabc 25.3018
Model_1_goa_pop_2023.dat 1 2032 Cofl 27.0643
Model_1_goa_pop_2023.dat 1 2032 CLCI 26.2114
Model_1_goa_pop_2023.dat 1 2032 CUCI 30.8453
Model_1_goa_pop_2023.dat 1 2032 CMedian 27.9877
Model_1_goa_pop_2023.dat 1 2032 CMean 28.2209
Model_1_goa_pop_2023.dat 1 2033 Cabc 25.3018
Model_1_goa_pop_2023.dat 1 2033 Cofl 27.0643
Model_1_goa_pop_2023.dat 1 2033 CLCI 25.0172
Model_1_goa_pop_2023.dat 1 2033 CUCI 30.8391
Model_1_goa_pop_2023.dat 1 2033 CMedian 27.3408
Model_1_goa_pop_2023.dat 1 2033 CMean 27.5373
Model_1_goa_pop_2023.dat 1 2034 Cabc 25.3018
Model_1_goa_pop_2023.dat 1 2034 Cofl 27.0643
Model_1_goa_pop_2023.dat 1 2034 CLCI 23.9142
Model_1_goa_pop_2023.dat 1 2034 CUCI 30.9194
Model_1_goa_pop_2023.dat 1 2034 CMedian 26.7808
Model_1_goa_pop_2023.dat 1 2034 CMean 27.0275
Model_1_goa_pop_2023.dat 1 2035 Cabc 25.3018
Model_1_goa_pop_2023.dat 1 2035 Cofl 27.0643
Model_1_goa_pop_2023.dat 1 2035 CLCI 22.7463
Model_1_goa_pop_2023.dat 1 2035 CUCI 30.8562
Model_1_goa_pop_2023.dat 1 2035 CMedian 26.397
Model_1_goa_pop_2023.dat 1 2035 CMean 26.6211
Model_1_goa_pop_2023.dat 1 2036 Cabc 25.3018
Model_1_goa_pop_2023.dat 1 2036 Cofl 27.0643
Model_1_goa_pop_2023.dat 1 2036 CLCI 21.6114
Model_1_goa_pop_2023.dat 1 2036 CUCI 30.9686
Model_1_goa_pop_2023.dat 1 2036 CMedian 26.1399
Model_1_goa_pop_2023.dat 1 2036 CMean 26.3094
Model_1_goa_pop_2023.dat 1 2023 SSBF100 343.618
Model_1_goa_pop_2023.dat 1 2023 SSBFabc 137.447
Model_1_goa_pop_2023.dat 1 2023 SSBFofl 120.266
Model_1_goa_pop_2023.dat 1 2023 SSBLCI 234.446
Model_1_goa_pop_2023.dat 1 2023 SSBUCI 234.446
Model_1_goa_pop_2023.dat 1 2023 SSBMedian 234.446
Model_1_goa_pop_2023.dat 1 2023 SSBMean 234.446
Model_1_goa_pop_2023.dat 1 2024 SSBF100 343.618
Model_1_goa_pop_2023.dat 1 2024 SSBFabc 137.447
Model_1_goa_pop_2023.dat 1 2024 SSBFofl 120.266
Model_1_goa_pop_2023.dat 1 2024 SSBLCI 229.445
Model_1_goa_pop_2023.dat 1 2024 SSBUCI 229.473
Model_1_goa_pop_2023.dat 1 2024 SSBMedian 229.453
Model_1_goa_pop_2023.dat 1 2024 SSBMean 229.455
Model_1_goa_pop_2023.dat 1 2025 SSBF100 343.618
Model_1_goa_pop_2023.dat 1 2025 SSBFabc 137.447
Model_1_goa_pop_2023.dat 1 2025 SSBFofl 120.266
Model_1_goa_pop_2023.dat 1 2025 SSBLCI 223.542
Model_1_goa_pop_2023.dat 1 2025 SSBUCI 223.655
Model_1_goa_pop_2023.dat 1 2025 SSBMedian 223.581
Model_1_goa_pop_2023.dat 1 2025 SSBMean 223.587
Model_1_goa_pop_2023.dat 1 2026 SSBF100 343.618
Model_1_goa_pop_2023.dat 1 2026 SSBFabc 137.447
Model_1_goa_pop_2023.dat 1 2026 SSBFofl 120.266
Model_1_goa_pop_2023.dat 1 2026 SSBLCI 213.213
Model_1_goa_pop_2023.dat 1 2026 SSBUCI 213.561
Model_1_goa_pop_2023.dat 1 2026 SSBMedian 213.336
Model_1_goa_pop_2023.dat 1 2026 SSBMean 213.358
Model_1_goa_pop_2023.dat 1 2027 SSBF100 343.618
Model_1_goa_pop_2023.dat 1 2027 SSBFabc 137.447
Model_1_goa_pop_2023.dat 1 2027 SSBFofl 120.266
Model_1_goa_pop_2023.dat 1 2027 SSBLCI 202.961
Model_1_goa_pop_2023.dat 1 2027 SSBUCI 203.891
Model_1_goa_pop_2023.dat 1 2027 SSBMedian 203.294
Model_1_goa_pop_2023.dat 1 2027 SSBMean 203.349
Model_1_goa_pop_2023.dat 1 2028 SSBF100 343.618
Model_1_goa_pop_2023.dat 1 2028 SSBFabc 137.447
Model_1_goa_pop_2023.dat 1 2028 SSBFofl 120.266
Model_1_goa_pop_2023.dat 1 2028 SSBLCI 192.448
Model_1_goa_pop_2023.dat 1 2028 SSBUCI 194.62
Model_1_goa_pop_2023.dat 1 2028 SSBMedian 193.234
Model_1_goa_pop_2023.dat 1 2028 SSBMean 193.353
Model_1_goa_pop_2023.dat 1 2029 SSBF100 343.618
Model_1_goa_pop_2023.dat 1 2029 SSBFabc 137.447
Model_1_goa_pop_2023.dat 1 2029 SSBFofl 120.266
Model_1_goa_pop_2023.dat 1 2029 SSBLCI 181.811
Model_1_goa_pop_2023.dat 1 2029 SSBUCI 186.364
Model_1_goa_pop_2023.dat 1 2029 SSBMedian 183.5
Model_1_goa_pop_2023.dat 1 2029 SSBMean 183.728
Model_1_goa_pop_2023.dat 1 2030 SSBF100 343.618
Model_1_goa_pop_2023.dat 1 2030 SSBFabc 137.447
Model_1_goa_pop_2023.dat 1 2030 SSBFofl 120.266
Model_1_goa_pop_2023.dat 1 2030 SSBLCI 171.435
Model_1_goa_pop_2023.dat 1 2030 SSBUCI 179.912
Model_1_goa_pop_2023.dat 1 2030 SSBMedian 174.698
Model_1_goa_pop_2023.dat 1 2030 SSBMean 175.078
Model_1_goa_pop_2023.dat 1 2031 SSBF100 343.618
Model_1_goa_pop_2023.dat 1 2031 SSBFabc 137.447
Model_1_goa_pop_2023.dat 1 2031 SSBFofl 120.266
Model_1_goa_pop_2023.dat 1 2031 SSBLCI 161.862
Model_1_goa_pop_2023.dat 1 2031 SSBUCI 176.219
Model_1_goa_pop_2023.dat 1 2031 SSBMedian 167.296
Model_1_goa_pop_2023.dat 1 2031 SSBMean 167.927
Model_1_goa_pop_2023.dat 1 2032 SSBF100 343.618
Model_1_goa_pop_2023.dat 1 2032 SSBFabc 137.447
Model_1_goa_pop_2023.dat 1 2032 SSBFofl 120.266
Model_1_goa_pop_2023.dat 1 2032 SSBLCI 153.343
Model_1_goa_pop_2023.dat 1 2032 SSBUCI 174.418
Model_1_goa_pop_2023.dat 1 2032 SSBMedian 161.438
Model_1_goa_pop_2023.dat 1 2032 SSBMean 162.404
Model_1_goa_pop_2023.dat 1 2033 SSBF100 343.618
Model_1_goa_pop_2023.dat 1 2033 SSBFabc 137.447
Model_1_goa_pop_2023.dat 1 2033 SSBFofl 120.266
Model_1_goa_pop_2023.dat 1 2033 SSBLCI 145.981
Model_1_goa_pop_2023.dat 1 2033 SSBUCI 174.375
Model_1_goa_pop_2023.dat 1 2033 SSBMedian 156.948
Model_1_goa_pop_2023.dat 1 2033 SSBMean 158.326
Model_1_goa_pop_2023.dat 1 2034 SSBF100 343.618
Model_1_goa_pop_2023.dat 1 2034 SSBFabc 137.447
Model_1_goa_pop_2023.dat 1 2034 SSBFofl 120.266
Model_1_goa_pop_2023.dat 1 2034 SSBLCI 140.112
Model_1_goa_pop_2023.dat 1 2034 SSBUCI 175.04
Model_1_goa_pop_2023.dat 1 2034 SSBMedian 154.149
Model_1_goa_pop_2023.dat 1 2034 SSBMean 155.312
Model_1_goa_pop_2023.dat 1 2035 SSBF100 343.618
Model_1_goa_pop_2023.dat 1 2035 SSBFabc 137.447
Model_1_goa_pop_2023.dat 1 2035 SSBFofl 120.266
Model_1_goa_pop_2023.dat 1 2035 SSBLCI 134.6
Model_1_goa_pop_2023.dat 1 2035 SSBUCI 175.811
Model_1_goa_pop_2023.dat 1 2035 SSBMedian 151.463
Model_1_goa_pop_2023.dat 1 2035 SSBMean 153.029
Model_1_goa_pop_2023.dat 1 2036 SSBF100 343.618
Model_1_goa_pop_2023.dat 1 2036 SSBFabc 137.447
Model_1_goa_pop_2023.dat 1 2036 SSBFofl 120.266
Model_1_goa_pop_2023.dat 1 2036 SSBLCI 131.15
Model_1_goa_pop_2023.dat 1 2036 SSBUCI 174.982
Model_1_goa_pop_2023.dat 1 2036 SSBMedian 149.455
Model_1_goa_pop_2023.dat 1 2036 SSBMean 151.225
Model_1_goa_pop_2023.dat 1 2023 F0 0 
Model_1_goa_pop_2023.dat 1 2023 Fabc 0.0990105
Model_1_goa_pop_2023.dat 1 2023 Fofl 0.119243
Model_1_goa_pop_2023.dat 1 2023  F_LCI 0.0712498
Model_1_goa_pop_2023.dat 1 2023  F_UCI 0.0712498
Model_1_goa_pop_2023.dat 1 2023  F_Median 0.0712498
Model_1_goa_pop_2023.dat 1 2023  F_Mean 0.0712498
Model_1_goa_pop_2023.dat 1 2024 F0 0 
Model_1_goa_pop_2023.dat 1 2024 Fabc 0.0990105
Model_1_goa_pop_2023.dat 1 2024 Fofl 0.119243
Model_1_goa_pop_2023.dat 1 2024  F_LCI 0.0584165
Model_1_goa_pop_2023.dat 1 2024  F_UCI 0.0584178
Model_1_goa_pop_2023.dat 1 2024  F_Median 0.0584174
Model_1_goa_pop_2023.dat 1 2024  F_Mean 0.0584173
Model_1_goa_pop_2023.dat 1 2025 F0 0 
Model_1_goa_pop_2023.dat 1 2025 Fabc 0.0990105
Model_1_goa_pop_2023.dat 1 2025 Fofl 0.119243
Model_1_goa_pop_2023.dat 1 2025  F_LCI 0.0990105
Model_1_goa_pop_2023.dat 1 2025  F_UCI 0.0990105
Model_1_goa_pop_2023.dat 1 2025  F_Median 0.0990105
Model_1_goa_pop_2023.dat 1 2025  F_Mean 0.0990105
Model_1_goa_pop_2023.dat 1 2026 F0 0 
Model_1_goa_pop_2023.dat 1 2026 Fabc 0.0990105
Model_1_goa_pop_2023.dat 1 2026 Fofl 0.119243
Model_1_goa_pop_2023.dat 1 2026  F_LCI 0.0990105
Model_1_goa_pop_2023.dat 1 2026  F_UCI 0.0990105
Model_1_goa_pop_2023.dat 1 2026  F_Median 0.0990105
Model_1_goa_pop_2023.dat 1 2026  F_Mean 0.0990105
Model_1_goa_pop_2023.dat 1 2027 F0 0 
Model_1_goa_pop_2023.dat 1 2027 Fabc 0.0990105
Model_1_goa_pop_2023.dat 1 2027 Fofl 0.119243
Model_1_goa_pop_2023.dat 1 2027  F_LCI 0.0990105
Model_1_goa_pop_2023.dat 1 2027  F_UCI 0.0990105
Model_1_goa_pop_2023.dat 1 2027  F_Median 0.0990105
Model_1_goa_pop_2023.dat 1 2027  F_Mean 0.0990105
Model_1_goa_pop_2023.dat 1 2028 F0 0 
Model_1_goa_pop_2023.dat 1 2028 Fabc 0.0990105
Model_1_goa_pop_2023.dat 1 2028 Fofl 0.119243
Model_1_goa_pop_2023.dat 1 2028  F_LCI 0.0990105
Model_1_goa_pop_2023.dat 1 2028  F_UCI 0.0990105
Model_1_goa_pop_2023.dat 1 2028  F_Median 0.0990105
Model_1_goa_pop_2023.dat 1 2028  F_Mean 0.0990105
Model_1_goa_pop_2023.dat 1 2029 F0 0 
Model_1_goa_pop_2023.dat 1 2029 Fabc 0.0990105
Model_1_goa_pop_2023.dat 1 2029 Fofl 0.119243
Model_1_goa_pop_2023.dat 1 2029  F_LCI 0.0990105
Model_1_goa_pop_2023.dat 1 2029  F_UCI 0.0990105
Model_1_goa_pop_2023.dat 1 2029  F_Median 0.0990105
Model_1_goa_pop_2023.dat 1 2029  F_Mean 0.0990105
Model_1_goa_pop_2023.dat 1 2030 F0 0 
Model_1_goa_pop_2023.dat 1 2030 Fabc 0.0990105
Model_1_goa_pop_2023.dat 1 2030 Fofl 0.119243
Model_1_goa_pop_2023.dat 1 2030  F_LCI 0.0990105
Model_1_goa_pop_2023.dat 1 2030  F_UCI 0.0990105
Model_1_goa_pop_2023.dat 1 2030  F_Median 0.0990105
Model_1_goa_pop_2023.dat 1 2030  F_Mean 0.0990105
Model_1_goa_pop_2023.dat 1 2031 F0 0 
Model_1_goa_pop_2023.dat 1 2031 Fabc 0.0990105
Model_1_goa_pop_2023.dat 1 2031 Fofl 0.119243
Model_1_goa_pop_2023.dat 1 2031  F_LCI 0.0990105
Model_1_goa_pop_2023.dat 1 2031  F_UCI 0.0990105
Model_1_goa_pop_2023.dat 1 2031  F_Median 0.0990105
Model_1_goa_pop_2023.dat 1 2031  F_Mean 0.0990105
Model_1_goa_pop_2023.dat 1 2032 F0 0 
Model_1_goa_pop_2023.dat 1 2032 Fabc 0.0990105
Model_1_goa_pop_2023.dat 1 2032 Fofl 0.119243
Model_1_goa_pop_2023.dat 1 2032  F_LCI 0.0990105
Model_1_goa_pop_2023.dat 1 2032  F_UCI 0.0990105
Model_1_goa_pop_2023.dat 1 2032  F_Median 0.0990105
Model_1_goa_pop_2023.dat 1 2032  F_Mean 0.0990105
Model_1_goa_pop_2023.dat 1 2033 F0 0 
Model_1_goa_pop_2023.dat 1 2033 Fabc 0.0990105
Model_1_goa_pop_2023.dat 1 2033 Fofl 0.119243
Model_1_goa_pop_2023.dat 1 2033  F_LCI 0.0990105
Model_1_goa_pop_2023.dat 1 2033  F_UCI 0.0990105
Model_1_goa_pop_2023.dat 1 2033  F_Median 0.0990105
Model_1_goa_pop_2023.dat 1 2033  F_Mean 0.0990105
Model_1_goa_pop_2023.dat 1 2034 F0 0 
Model_1_goa_pop_2023.dat 1 2034 Fabc 0.0990105
Model_1_goa_pop_2023.dat 1 2034 Fofl 0.119243
Model_1_goa_pop_2023.dat 1 2034  F_LCI 0.0990105
Model_1_goa_pop_2023.dat 1 2034  F_UCI 0.0990105
Model_1_goa_pop_2023.dat 1 2034  F_Median 0.0990105
Model_1_goa_pop_2023.dat 1 2034  F_Mean 0.0989814
Model_1_goa_pop_2023.dat 1 2035 F0 0 
Model_1_goa_pop_2023.dat 1 2035 Fabc 0.0990105
Model_1_goa_pop_2023.dat 1 2035 Fofl 0.119243
Model_1_goa_pop_2023.dat 1 2035  F_LCI 0.0968518
Model_1_goa_pop_2023.dat 1 2035  F_UCI 0.0990105
Model_1_goa_pop_2023.dat 1 2035  F_Median 0.0990105
Model_1_goa_pop_2023.dat 1 2035  F_Mean 0.0987805
Model_1_goa_pop_2023.dat 1 2036 F0 0 
Model_1_goa_pop_2023.dat 1 2036 Fabc 0.0990105
Model_1_goa_pop_2023.dat 1 2036 Fofl 0.119243
Model_1_goa_pop_2023.dat 1 2036  F_LCI 0.0942355
Model_1_goa_pop_2023.dat 1 2036  F_UCI 0.0990105
Model_1_goa_pop_2023.dat 1 2036  F_Median 0.0990105
Model_1_goa_pop_2023.dat 1 2036  F_Mean 0.0984565
Model_1_goa_pop_2023.dat 2 2023 Cabc 25.3018
Model_1_goa_pop_2023.dat 2 2023 Cofl 27.0643
Model_1_goa_pop_2023.dat 2 2023 CLCI 29.7605
Model_1_goa_pop_2023.dat 2 2023 CUCI 29.7605
Model_1_goa_pop_2023.dat 2 2023 CMedian 29.7605
Model_1_goa_pop_2023.dat 2 2023 CMean 29.7605
Model_1_goa_pop_2023.dat 2 2024 Cabc 25.3018
Model_1_goa_pop_2023.dat 2 2024 Cofl 27.0643
Model_1_goa_pop_2023.dat 2 2024 CLCI 23.8313
Model_1_goa_pop_2023.dat 2 2024 CUCI 23.8313
Model_1_goa_pop_2023.dat 2 2024 CMedian 23.8313
Model_1_goa_pop_2023.dat 2 2024 CMean 23.8313
Model_1_goa_pop_2023.dat 2 2025 Cabc 25.3018
Model_1_goa_pop_2023.dat 2 2025 Cofl 27.0643
Model_1_goa_pop_2023.dat 2 2025 CLCI 38.9547
Model_1_goa_pop_2023.dat 2 2025 CUCI 38.9736
Model_1_goa_pop_2023.dat 2 2025 CMedian 38.9606
Model_1_goa_pop_2023.dat 2 2025 CMean 38.962
Model_1_goa_pop_2023.dat 2 2026 Cabc 25.3018
Model_1_goa_pop_2023.dat 2 2026 Cofl 27.0643
Model_1_goa_pop_2023.dat 2 2026 CLCI 36.8847
Model_1_goa_pop_2023.dat 2 2026 CUCI 36.9901
Model_1_goa_pop_2023.dat 2 2026 CMedian 36.9194
Model_1_goa_pop_2023.dat 2 2026 CMean 36.9262
Model_1_goa_pop_2023.dat 2 2027 Cabc 25.3018
Model_1_goa_pop_2023.dat 2 2027 Cofl 27.0643
Model_1_goa_pop_2023.dat 2 2027 CLCI 34.8442
Model_1_goa_pop_2023.dat 2 2027 CUCI 35.1798
Model_1_goa_pop_2023.dat 2 2027 CMedian 34.963
Model_1_goa_pop_2023.dat 2 2027 CMean 34.9836
Model_1_goa_pop_2023.dat 2 2028 Cabc 25.3018
Model_1_goa_pop_2023.dat 2 2028 Cofl 27.0643
Model_1_goa_pop_2023.dat 2 2028 CLCI 32.8688
Model_1_goa_pop_2023.dat 2 2028 CUCI 33.6568
Model_1_goa_pop_2023.dat 2 2028 CMedian 33.1541
Model_1_goa_pop_2023.dat 2 2028 CMean 33.1988
Model_1_goa_pop_2023.dat 2 2029 Cabc 25.3018
Model_1_goa_pop_2023.dat 2 2029 Cofl 27.0643
Model_1_goa_pop_2023.dat 2 2029 CLCI 30.9673
Model_1_goa_pop_2023.dat 2 2029 CUCI 32.4487
Model_1_goa_pop_2023.dat 2 2029 CMedian 31.5279
Model_1_goa_pop_2023.dat 2 2029 CMean 31.5985
Model_1_goa_pop_2023.dat 2 2030 Cabc 25.3018
Model_1_goa_pop_2023.dat 2 2030 Cofl 27.0643
Model_1_goa_pop_2023.dat 2 2030 CLCI 29.2089
Model_1_goa_pop_2023.dat 2 2030 CUCI 31.6891
Model_1_goa_pop_2023.dat 2 2030 CMedian 30.1228
Model_1_goa_pop_2023.dat 2 2030 CMean 30.2354
Model_1_goa_pop_2023.dat 2 2031 Cabc 25.3018
Model_1_goa_pop_2023.dat 2 2031 Cofl 27.0643
Model_1_goa_pop_2023.dat 2 2031 CLCI 27.6137
Model_1_goa_pop_2023.dat 2 2031 CUCI 31.0855
Model_1_goa_pop_2023.dat 2 2031 CMedian 28.948
Model_1_goa_pop_2023.dat 2 2031 CMean 29.1074
Model_1_goa_pop_2023.dat 2 2032 Cabc 25.3018
Model_1_goa_pop_2023.dat 2 2032 Cofl 27.0643
Model_1_goa_pop_2023.dat 2 2032 CLCI 26.2114
Model_1_goa_pop_2023.dat 2 2032 CUCI 30.8453
Model_1_goa_pop_2023.dat 2 2032 CMedian 27.9877
Model_1_goa_pop_2023.dat 2 2032 CMean 28.2209
Model_1_goa_pop_2023.dat 2 2033 Cabc 25.3018
Model_1_goa_pop_2023.dat 2 2033 Cofl 27.0643
Model_1_goa_pop_2023.dat 2 2033 CLCI 25.0172
Model_1_goa_pop_2023.dat 2 2033 CUCI 30.8391
Model_1_goa_pop_2023.dat 2 2033 CMedian 27.3408
Model_1_goa_pop_2023.dat 2 2033 CMean 27.5373
Model_1_goa_pop_2023.dat 2 2034 Cabc 25.3018
Model_1_goa_pop_2023.dat 2 2034 Cofl 27.0643
Model_1_goa_pop_2023.dat 2 2034 CLCI 23.9142
Model_1_goa_pop_2023.dat 2 2034 CUCI 30.9194
Model_1_goa_pop_2023.dat 2 2034 CMedian 26.7808
Model_1_goa_pop_2023.dat 2 2034 CMean 27.0275
Model_1_goa_pop_2023.dat 2 2035 Cabc 25.3018
Model_1_goa_pop_2023.dat 2 2035 Cofl 27.0643
Model_1_goa_pop_2023.dat 2 2035 CLCI 22.7463
Model_1_goa_pop_2023.dat 2 2035 CUCI 30.8562
Model_1_goa_pop_2023.dat 2 2035 CMedian 26.397
Model_1_goa_pop_2023.dat 2 2035 CMean 26.6211
Model_1_goa_pop_2023.dat 2 2036 Cabc 25.3018
Model_1_goa_pop_2023.dat 2 2036 Cofl 27.0643
Model_1_goa_pop_2023.dat 2 2036 CLCI 21.6114
Model_1_goa_pop_2023.dat 2 2036 CUCI 30.9686
Model_1_goa_pop_2023.dat 2 2036 CMedian 26.1399
Model_1_goa_pop_2023.dat 2 2036 CMean 26.3094
Model_1_goa_pop_2023.dat 2 2023 SSBF100 343.618
Model_1_goa_pop_2023.dat 2 2023 SSBFabc 137.447
Model_1_goa_pop_2023.dat 2 2023 SSBFofl 120.266
Model_1_goa_pop_2023.dat 2 2023 SSBLCI 234.446
Model_1_goa_pop_2023.dat 2 2023 SSBUCI 234.446
Model_1_goa_pop_2023.dat 2 2023 SSBMedian 234.446
Model_1_goa_pop_2023.dat 2 2023 SSBMean 234.446
Model_1_goa_pop_2023.dat 2 2024 SSBF100 343.618
Model_1_goa_pop_2023.dat 2 2024 SSBFabc 137.447
Model_1_goa_pop_2023.dat 2 2024 SSBFofl 120.266
Model_1_goa_pop_2023.dat 2 2024 SSBLCI 229.445
Model_1_goa_pop_2023.dat 2 2024 SSBUCI 229.473
Model_1_goa_pop_2023.dat 2 2024 SSBMedian 229.453
Model_1_goa_pop_2023.dat 2 2024 SSBMean 229.455
Model_1_goa_pop_2023.dat 2 2025 SSBF100 343.618
Model_1_goa_pop_2023.dat 2 2025 SSBFabc 137.447
Model_1_goa_pop_2023.dat 2 2025 SSBFofl 120.266
Model_1_goa_pop_2023.dat 2 2025 SSBLCI 223.542
Model_1_goa_pop_2023.dat 2 2025 SSBUCI 223.655
Model_1_goa_pop_2023.dat 2 2025 SSBMedian 223.581
Model_1_goa_pop_2023.dat 2 2025 SSBMean 223.587
Model_1_goa_pop_2023.dat 2 2026 SSBF100 343.618
Model_1_goa_pop_2023.dat 2 2026 SSBFabc 137.447
Model_1_goa_pop_2023.dat 2 2026 SSBFofl 120.266
Model_1_goa_pop_2023.dat 2 2026 SSBLCI 213.213
Model_1_goa_pop_2023.dat 2 2026 SSBUCI 213.561
Model_1_goa_pop_2023.dat 2 2026 SSBMedian 213.336
Model_1_goa_pop_2023.dat 2 2026 SSBMean 213.358
Model_1_goa_pop_2023.dat 2 2027 SSBF100 343.618
Model_1_goa_pop_2023.dat 2 2027 SSBFabc 137.447
Model_1_goa_pop_2023.dat 2 2027 SSBFofl 120.266
Model_1_goa_pop_2023.dat 2 2027 SSBLCI 202.961
Model_1_goa_pop_2023.dat 2 2027 SSBUCI 203.891
Model_1_goa_pop_2023.dat 2 2027 SSBMedian 203.294
Model_1_goa_pop_2023.dat 2 2027 SSBMean 203.349
Model_1_goa_pop_2023.dat 2 2028 SSBF100 343.618
Model_1_goa_pop_2023.dat 2 2028 SSBFabc 137.447
Model_1_goa_pop_2023.dat 2 2028 SSBFofl 120.266
Model_1_goa_pop_2023.dat 2 2028 SSBLCI 192.448
Model_1_goa_pop_2023.dat 2 2028 SSBUCI 194.62
Model_1_goa_pop_2023.dat 2 2028 SSBMedian 193.234
Model_1_goa_pop_2023.dat 2 2028 SSBMean 193.353
Model_1_goa_pop_2023.dat 2 2029 SSBF100 343.618
Model_1_goa_pop_2023.dat 2 2029 SSBFabc 137.447
Model_1_goa_pop_2023.dat 2 2029 SSBFofl 120.266
Model_1_goa_pop_2023.dat 2 2029 SSBLCI 181.811
Model_1_goa_pop_2023.dat 2 2029 SSBUCI 186.364
Model_1_goa_pop_2023.dat 2 2029 SSBMedian 183.5
Model_1_goa_pop_2023.dat 2 2029 SSBMean 183.728
Model_1_goa_pop_2023.dat 2 2030 SSBF100 343.618
Model_1_goa_pop_2023.dat 2 2030 SSBFabc 137.447
Model_1_goa_pop_2023.dat 2 2030 SSBFofl 120.266
Model_1_goa_pop_2023.dat 2 2030 SSBLCI 171.435
Model_1_goa_pop_2023.dat 2 2030 SSBUCI 179.912
Model_1_goa_pop_2023.dat 2 2030 SSBMedian 174.698
Model_1_goa_pop_2023.dat 2 2030 SSBMean 175.078
Model_1_goa_pop_2023.dat 2 2031 SSBF100 343.618
Model_1_goa_pop_2023.dat 2 2031 SSBFabc 137.447
Model_1_goa_pop_2023.dat 2 2031 SSBFofl 120.266
Model_1_goa_pop_2023.dat 2 2031 SSBLCI 161.862
Model_1_goa_pop_2023.dat 2 2031 SSBUCI 176.219
Model_1_goa_pop_2023.dat 2 2031 SSBMedian 167.296
Model_1_goa_pop_2023.dat 2 2031 SSBMean 167.927
Model_1_goa_pop_2023.dat 2 2032 SSBF100 343.618
Model_1_goa_pop_2023.dat 2 2032 SSBFabc 137.447
Model_1_goa_pop_2023.dat 2 2032 SSBFofl 120.266
Model_1_goa_pop_2023.dat 2 2032 SSBLCI 153.343
Model_1_goa_pop_2023.dat 2 2032 SSBUCI 174.418
Model_1_goa_pop_2023.dat 2 2032 SSBMedian 161.438
Model_1_goa_pop_2023.dat 2 2032 SSBMean 162.404
Model_1_goa_pop_2023.dat 2 2033 SSBF100 343.618
Model_1_goa_pop_2023.dat 2 2033 SSBFabc 137.447
Model_1_goa_pop_2023.dat 2 2033 SSBFofl 120.266
Model_1_goa_pop_2023.dat 2 2033 SSBLCI 145.981
Model_1_goa_pop_2023.dat 2 2033 SSBUCI 174.375
Model_1_goa_pop_2023.dat 2 2033 SSBMedian 156.948
Model_1_goa_pop_2023.dat 2 2033 SSBMean 158.326
Model_1_goa_pop_2023.dat 2 2034 SSBF100 343.618
Model_1_goa_pop_2023.dat 2 2034 SSBFabc 137.447
Model_1_goa_pop_2023.dat 2 2034 SSBFofl 120.266
Model_1_goa_pop_2023.dat 2 2034 SSBLCI 140.112
Model_1_goa_pop_2023.dat 2 2034 SSBUCI 175.04
Model_1_goa_pop_2023.dat 2 2034 SSBMedian 154.149
Model_1_goa_pop_2023.dat 2 2034 SSBMean 155.312
Model_1_goa_pop_2023.dat 2 2035 SSBF100 343.618
Model_1_goa_pop_2023.dat 2 2035 SSBFabc 137.447
Model_1_goa_pop_2023.dat 2 2035 SSBFofl 120.266
Model_1_goa_pop_2023.dat 2 2035 SSBLCI 134.6
Model_1_goa_pop_2023.dat 2 2035 SSBUCI 175.811
Model_1_goa_pop_2023.dat 2 2035 SSBMedian 151.463
Model_1_goa_pop_2023.dat 2 2035 SSBMean 153.029
Model_1_goa_pop_2023.dat 2 2036 SSBF100 343.618
Model_1_goa_pop_2023.dat 2 2036 SSBFabc 137.447
Model_1_goa_pop_2023.dat 2 2036 SSBFofl 120.266
Model_1_goa_pop_2023.dat 2 2036 SSBLCI 131.15
Model_1_goa_pop_2023.dat 2 2036 SSBUCI 174.982
Model_1_goa_pop_2023.dat 2 2036 SSBMedian 149.455
Model_1_goa_pop_2023.dat 2 2036 SSBMean 151.225
Model_1_goa_pop_2023.dat 2 2023 F0 0 
Model_1_goa_pop_2023.dat 2 2023 Fabc 0.0990105
Model_1_goa_pop_2023.dat 2 2023 Fofl 0.119243
Model_1_goa_pop_2023.dat 2 2023  F_LCI 0.0712498
Model_1_goa_pop_2023.dat 2 2023  F_UCI 0.0712498
Model_1_goa_pop_2023.dat 2 2023  F_Median 0.0712498
Model_1_goa_pop_2023.dat 2 2023  F_Mean 0.0712498
Model_1_goa_pop_2023.dat 2 2024 F0 0 
Model_1_goa_pop_2023.dat 2 2024 Fabc 0.0990105
Model_1_goa_pop_2023.dat 2 2024 Fofl 0.119243
Model_1_goa_pop_2023.dat 2 2024  F_LCI 0.0584165
Model_1_goa_pop_2023.dat 2 2024  F_UCI 0.0584178
Model_1_goa_pop_2023.dat 2 2024  F_Median 0.0584174
Model_1_goa_pop_2023.dat 2 2024  F_Mean 0.0584173
Model_1_goa_pop_2023.dat 2 2025 F0 0 
Model_1_goa_pop_2023.dat 2 2025 Fabc 0.0990105
Model_1_goa_pop_2023.dat 2 2025 Fofl 0.119243
Model_1_goa_pop_2023.dat 2 2025  F_LCI 0.0990105
Model_1_goa_pop_2023.dat 2 2025  F_UCI 0.0990105
Model_1_goa_pop_2023.dat 2 2025  F_Median 0.0990105
Model_1_goa_pop_2023.dat 2 2025  F_Mean 0.0990105
Model_1_goa_pop_2023.dat 2 2026 F0 0 
Model_1_goa_pop_2023.dat 2 2026 Fabc 0.0990105
Model_1_goa_pop_2023.dat 2 2026 Fofl 0.119243
Model_1_goa_pop_2023.dat 2 2026  F_LCI 0.0990105
Model_1_goa_pop_2023.dat 2 2026  F_UCI 0.0990105
Model_1_goa_pop_2023.dat 2 2026  F_Median 0.0990105
Model_1_goa_pop_2023.dat 2 2026  F_Mean 0.0990105
Model_1_goa_pop_2023.dat 2 2027 F0 0 
Model_1_goa_pop_2023.dat 2 2027 Fabc 0.0990105
Model_1_goa_pop_2023.dat 2 2027 Fofl 0.119243
Model_1_goa_pop_2023.dat 2 2027  F_LCI 0.0990105
Model_1_goa_pop_2023.dat 2 2027  F_UCI 0.0990105
Model_1_goa_pop_2023.dat 2 2027  F_Median 0.0990105
Model_1_goa_pop_2023.dat 2 2027  F_Mean 0.0990105
Model_1_goa_pop_2023.dat 2 2028 F0 0 
Model_1_goa_pop_2023.dat 2 2028 Fabc 0.0990105
Model_1_goa_pop_2023.dat 2 2028 Fofl 0.119243
Model_1_goa_pop_2023.dat 2 2028  F_LCI 0.0990105
Model_1_goa_pop_2023.dat 2 2028  F_UCI 0.0990105
Model_1_goa_pop_2023.dat 2 2028  F_Median 0.0990105
Model_1_goa_pop_2023.dat 2 2028  F_Mean 0.0990105
Model_1_goa_pop_2023.dat 2 2029 F0 0 
Model_1_goa_pop_2023.dat 2 2029 Fabc 0.0990105
Model_1_goa_pop_2023.dat 2 2029 Fofl 0.119243
Model_1_goa_pop_2023.dat 2 2029  F_LCI 0.0990105
Model_1_goa_pop_2023.dat 2 2029  F_UCI 0.0990105
Model_1_goa_pop_2023.dat 2 2029  F_Median 0.0990105
Model_1_goa_pop_2023.dat 2 2029  F_Mean 0.0990105
Model_1_goa_pop_2023.dat 2 2030 F0 0 
Model_1_goa_pop_2023.dat 2 2030 Fabc 0.0990105
Model_1_goa_pop_2023.dat 2 2030 Fofl 0.119243
Model_1_goa_pop_2023.dat 2 2030  F_LCI 0.0990105
Model_1_goa_pop_2023.dat 2 2030  F_UCI 0.0990105
Model_1_goa_pop_2023.dat 2 2030  F_Median 0.0990105
Model_1_goa_pop_2023.dat 2 2030  F_Mean 0.0990105
Model_1_goa_pop_2023.dat 2 2031 F0 0 
Model_1_goa_pop_2023.dat 2 2031 Fabc 0.0990105
Model_1_goa_pop_2023.dat 2 2031 Fofl 0.119243
Model_1_goa_pop_2023.dat 2 2031  F_LCI 0.0990105
Model_1_goa_pop_2023.dat 2 2031  F_UCI 0.0990105
Model_1_goa_pop_2023.dat 2 2031  F_Median 0.0990105
Model_1_goa_pop_2023.dat 2 2031  F_Mean 0.0990105
Model_1_goa_pop_2023.dat 2 2032 F0 0 
Model_1_goa_pop_2023.dat 2 2032 Fabc 0.0990105
Model_1_goa_pop_2023.dat 2 2032 Fofl 0.119243
Model_1_goa_pop_2023.dat 2 2032  F_LCI 0.0990105
Model_1_goa_pop_2023.dat 2 2032  F_UCI 0.0990105
Model_1_goa_pop_2023.dat 2 2032  F_Median 0.0990105
Model_1_goa_pop_2023.dat 2 2032  F_Mean 0.0990105
Model_1_goa_pop_2023.dat 2 2033 F0 0 
Model_1_goa_pop_2023.dat 2 2033 Fabc 0.0990105
Model_1_goa_pop_2023.dat 2 2033 Fofl 0.119243
Model_1_goa_pop_2023.dat 2 2033  F_LCI 0.0990105
Model_1_goa_pop_2023.dat 2 2033  F_UCI 0.0990105
Model_1_goa_pop_2023.dat 2 2033  F_Median 0.0990105
Model_1_goa_pop_2023.dat 2 2033  F_Mean 0.0990105
Model_1_goa_pop_2023.dat 2 2034 F0 0 
Model_1_goa_pop_2023.dat 2 2034 Fabc 0.0990105
Model_1_goa_pop_2023.dat 2 2034 Fofl 0.119243
Model_1_goa_pop_2023.dat 2 2034  F_LCI 0.0990105
Model_1_goa_pop_2023.dat 2 2034  F_UCI 0.0990105
Model_1_goa_pop_2023.dat 2 2034  F_Median 0.0990105
Model_1_goa_pop_2023.dat 2 2034  F_Mean 0.0989814
Model_1_goa_pop_2023.dat 2 2035 F0 0 
Model_1_goa_pop_2023.dat 2 2035 Fabc 0.0990105
Model_1_goa_pop_2023.dat 2 2035 Fofl 0.119243
Model_1_goa_pop_2023.dat 2 2035  F_LCI 0.0968518
Model_1_goa_pop_2023.dat 2 2035  F_UCI 0.0990105
Model_1_goa_pop_2023.dat 2 2035  F_Median 0.0990105
Model_1_goa_pop_2023.dat 2 2035  F_Mean 0.0987805
Model_1_goa_pop_2023.dat 2 2036 F0 0 
Model_1_goa_pop_2023.dat 2 2036 Fabc 0.0990105
Model_1_goa_pop_2023.dat 2 2036 Fofl 0.119243
Model_1_goa_pop_2023.dat 2 2036  F_LCI 0.0942355
Model_1_goa_pop_2023.dat 2 2036  F_UCI 0.0990105
Model_1_goa_pop_2023.dat 2 2036  F_Median 0.0990105
Model_1_goa_pop_2023.dat 2 2036  F_Mean 0.0984565
Model_1_goa_pop_2023.dat 3 2023 Cabc 25.3018
Model_1_goa_pop_2023.dat 3 2023 Cofl 27.0643
Model_1_goa_pop_2023.dat 3 2023 CLCI 29.7605
Model_1_goa_pop_2023.dat 3 2023 CUCI 29.7605
Model_1_goa_pop_2023.dat 3 2023 CMedian 29.7605
Model_1_goa_pop_2023.dat 3 2023 CMean 29.7605
Model_1_goa_pop_2023.dat 3 2024 Cabc 25.3018
Model_1_goa_pop_2023.dat 3 2024 Cofl 27.0643
Model_1_goa_pop_2023.dat 3 2024 CLCI 23.8313
Model_1_goa_pop_2023.dat 3 2024 CUCI 23.8313
Model_1_goa_pop_2023.dat 3 2024 CMedian 23.8313
Model_1_goa_pop_2023.dat 3 2024 CMean 23.8313
Model_1_goa_pop_2023.dat 3 2025 Cabc 25.3018
Model_1_goa_pop_2023.dat 3 2025 Cofl 27.0643
Model_1_goa_pop_2023.dat 3 2025 CLCI 19.8526
Model_1_goa_pop_2023.dat 3 2025 CUCI 19.8621
Model_1_goa_pop_2023.dat 3 2025 CMedian 19.8556
Model_1_goa_pop_2023.dat 3 2025 CMean 19.8562
Model_1_goa_pop_2023.dat 3 2026 Cabc 25.3018
Model_1_goa_pop_2023.dat 3 2026 Cofl 27.0643
Model_1_goa_pop_2023.dat 3 2026 CLCI 19.5176
Model_1_goa_pop_2023.dat 3 2026 CUCI 19.5703
Model_1_goa_pop_2023.dat 3 2026 CMedian 19.535
Model_1_goa_pop_2023.dat 3 2026 CMean 19.5384
Model_1_goa_pop_2023.dat 3 2027 Cabc 25.3018
Model_1_goa_pop_2023.dat 3 2027 Cofl 27.0643
Model_1_goa_pop_2023.dat 3 2027 CLCI 19.1135
Model_1_goa_pop_2023.dat 3 2027 CUCI 19.2821
Model_1_goa_pop_2023.dat 3 2027 CMedian 19.1731
Model_1_goa_pop_2023.dat 3 2027 CMean 19.1835
Model_1_goa_pop_2023.dat 3 2028 Cabc 25.3018
Model_1_goa_pop_2023.dat 3 2028 Cofl 27.0643
Model_1_goa_pop_2023.dat 3 2028 CLCI 18.6577
Model_1_goa_pop_2023.dat 3 2028 CUCI 19.0556
Model_1_goa_pop_2023.dat 3 2028 CMedian 18.8016
Model_1_goa_pop_2023.dat 3 2028 CMean 18.8243
Model_1_goa_pop_2023.dat 3 2029 Cabc 25.3018
Model_1_goa_pop_2023.dat 3 2029 Cofl 27.0643
Model_1_goa_pop_2023.dat 3 2029 CLCI 18.1549
Model_1_goa_pop_2023.dat 3 2029 CUCI 18.9083
Model_1_goa_pop_2023.dat 3 2029 CMedian 18.4399
Model_1_goa_pop_2023.dat 3 2029 CMean 18.4752
Model_1_goa_pop_2023.dat 3 2030 Cabc 25.3018
Model_1_goa_pop_2023.dat 3 2030 Cofl 27.0643
Model_1_goa_pop_2023.dat 3 2030 CLCI 17.6396
Model_1_goa_pop_2023.dat 3 2030 CUCI 18.9202
Model_1_goa_pop_2023.dat 3 2030 CMedian 18.11
Model_1_goa_pop_2023.dat 3 2030 CMean 18.1682
Model_1_goa_pop_2023.dat 3 2031 Cabc 25.3018
Model_1_goa_pop_2023.dat 3 2031 Cofl 27.0643
Model_1_goa_pop_2023.dat 3 2031 CLCI 17.1288
Model_1_goa_pop_2023.dat 3 2031 CUCI 18.9427
Model_1_goa_pop_2023.dat 3 2031 CMedian 17.8267
Model_1_goa_pop_2023.dat 3 2031 CMean 17.9085
Model_1_goa_pop_2023.dat 3 2032 Cabc 25.3018
Model_1_goa_pop_2023.dat 3 2032 Cofl 27.0643
Model_1_goa_pop_2023.dat 3 2032 CLCI 16.6443
Model_1_goa_pop_2023.dat 3 2032 CUCI 19.1007
Model_1_goa_pop_2023.dat 3 2032 CMedian 17.5956
Model_1_goa_pop_2023.dat 3 2032 CMean 17.711
Model_1_goa_pop_2023.dat 3 2033 Cabc 25.3018
Model_1_goa_pop_2023.dat 3 2033 Cofl 27.0643
Model_1_goa_pop_2023.dat 3 2033 CLCI 16.2088
Model_1_goa_pop_2023.dat 3 2033 CUCI 19.3218
Model_1_goa_pop_2023.dat 3 2033 CMedian 17.4445
Model_1_goa_pop_2023.dat 3 2033 CMean 17.5654
Model_1_goa_pop_2023.dat 3 2034 Cabc 25.3018
Model_1_goa_pop_2023.dat 3 2034 Cofl 27.0643
Model_1_goa_pop_2023.dat 3 2034 CLCI 15.7786
Model_1_goa_pop_2023.dat 3 2034 CUCI 19.6095
Model_1_goa_pop_2023.dat 3 2034 CMedian 17.3371
Model_1_goa_pop_2023.dat 3 2034 CMean 17.4732
Model_1_goa_pop_2023.dat 3 2035 Cabc 25.3018
Model_1_goa_pop_2023.dat 3 2035 Cofl 27.0643
Model_1_goa_pop_2023.dat 3 2035 CLCI 15.4422
Model_1_goa_pop_2023.dat 3 2035 CUCI 19.8784
Model_1_goa_pop_2023.dat 3 2035 CMedian 17.2761
Model_1_goa_pop_2023.dat 3 2035 CMean 17.4237
Model_1_goa_pop_2023.dat 3 2036 Cabc 25.3018
Model_1_goa_pop_2023.dat 3 2036 Cofl 27.0643
Model_1_goa_pop_2023.dat 3 2036 CLCI 15.2156
Model_1_goa_pop_2023.dat 3 2036 CUCI 20.0507
Model_1_goa_pop_2023.dat 3 2036 CMedian 17.2347
Model_1_goa_pop_2023.dat 3 2036 CMean 17.4164
Model_1_goa_pop_2023.dat 3 2023 SSBF100 343.618
Model_1_goa_pop_2023.dat 3 2023 SSBFabc 137.447
Model_1_goa_pop_2023.dat 3 2023 SSBFofl 120.266
Model_1_goa_pop_2023.dat 3 2023 SSBLCI 234.446
Model_1_goa_pop_2023.dat 3 2023 SSBUCI 234.446
Model_1_goa_pop_2023.dat 3 2023 SSBMedian 234.446
Model_1_goa_pop_2023.dat 3 2023 SSBMean 234.446
Model_1_goa_pop_2023.dat 3 2024 SSBF100 343.618
Model_1_goa_pop_2023.dat 3 2024 SSBFabc 137.447
Model_1_goa_pop_2023.dat 3 2024 SSBFofl 120.266
Model_1_goa_pop_2023.dat 3 2024 SSBLCI 229.445
Model_1_goa_pop_2023.dat 3 2024 SSBUCI 229.473
Model_1_goa_pop_2023.dat 3 2024 SSBMedian 229.453
Model_1_goa_pop_2023.dat 3 2024 SSBMean 229.455
Model_1_goa_pop_2023.dat 3 2025 SSBF100 343.618
Model_1_goa_pop_2023.dat 3 2025 SSBFabc 137.447
Model_1_goa_pop_2023.dat 3 2025 SSBFofl 120.266
Model_1_goa_pop_2023.dat 3 2025 SSBLCI 226.452
Model_1_goa_pop_2023.dat 3 2025 SSBUCI 226.564
Model_1_goa_pop_2023.dat 3 2025 SSBMedian 226.491
Model_1_goa_pop_2023.dat 3 2025 SSBMean 226.497
Model_1_goa_pop_2023.dat 3 2026 SSBF100 343.618
Model_1_goa_pop_2023.dat 3 2026 SSBFabc 137.447
Model_1_goa_pop_2023.dat 3 2026 SSBFofl 120.266
Model_1_goa_pop_2023.dat 3 2026 SSBLCI 224.23
Model_1_goa_pop_2023.dat 3 2026 SSBUCI 224.579
Model_1_goa_pop_2023.dat 3 2026 SSBMedian 224.353
Model_1_goa_pop_2023.dat 3 2026 SSBMean 224.375
Model_1_goa_pop_2023.dat 3 2027 SSBF100 343.618
Model_1_goa_pop_2023.dat 3 2027 SSBFabc 137.447
Model_1_goa_pop_2023.dat 3 2027 SSBFofl 120.266
Model_1_goa_pop_2023.dat 3 2027 SSBLCI 221.262
Model_1_goa_pop_2023.dat 3 2027 SSBUCI 222.195
Model_1_goa_pop_2023.dat 3 2027 SSBMedian 221.596
Model_1_goa_pop_2023.dat 3 2027 SSBMean 221.651
Model_1_goa_pop_2023.dat 3 2028 SSBF100 343.618
Model_1_goa_pop_2023.dat 3 2028 SSBFabc 137.447
Model_1_goa_pop_2023.dat 3 2028 SSBFofl 120.266
Model_1_goa_pop_2023.dat 3 2028 SSBLCI 217.163
Model_1_goa_pop_2023.dat 3 2028 SSBUCI 219.349
Model_1_goa_pop_2023.dat 3 2028 SSBMedian 217.956
Model_1_goa_pop_2023.dat 3 2028 SSBMean 218.076
Model_1_goa_pop_2023.dat 3 2029 SSBF100 343.618
Model_1_goa_pop_2023.dat 3 2029 SSBFabc 137.447
Model_1_goa_pop_2023.dat 3 2029 SSBFofl 120.266
Model_1_goa_pop_2023.dat 3 2029 SSBLCI 212.031
Model_1_goa_pop_2023.dat 3 2029 SSBUCI 216.665
Model_1_goa_pop_2023.dat 3 2029 SSBMedian 213.741
Model_1_goa_pop_2023.dat 3 2029 SSBMean 213.98
Model_1_goa_pop_2023.dat 3 2030 SSBF100 343.618
Model_1_goa_pop_2023.dat 3 2030 SSBFabc 137.447
Model_1_goa_pop_2023.dat 3 2030 SSBFofl 120.266
Model_1_goa_pop_2023.dat 3 2030 SSBLCI 206.252
Model_1_goa_pop_2023.dat 3 2030 SSBUCI 214.987
Model_1_goa_pop_2023.dat 3 2030 SSBMedian 209.589
Model_1_goa_pop_2023.dat 3 2030 SSBMean 209.994
Model_1_goa_pop_2023.dat 3 2031 SSBF100 343.618
Model_1_goa_pop_2023.dat 3 2031 SSBFabc 137.447
Model_1_goa_pop_2023.dat 3 2031 SSBFofl 120.266
Model_1_goa_pop_2023.dat 3 2031 SSBLCI 200.432
Model_1_goa_pop_2023.dat 3 2031 SSBUCI 215.288
Model_1_goa_pop_2023.dat 3 2031 SSBMedian 206.083
Model_1_goa_pop_2023.dat 3 2031 SSBMean 206.745
Model_1_goa_pop_2023.dat 3 2032 SSBF100 343.618
Model_1_goa_pop_2023.dat 3 2032 SSBFabc 137.447
Model_1_goa_pop_2023.dat 3 2032 SSBFofl 120.266
Model_1_goa_pop_2023.dat 3 2032 SSBLCI 194.866
Model_1_goa_pop_2023.dat 3 2032 SSBUCI 217.483
Model_1_goa_pop_2023.dat 3 2032 SSBMedian 203.491
Model_1_goa_pop_2023.dat 3 2032 SSBMean 204.499
Model_1_goa_pop_2023.dat 3 2033 SSBF100 343.618
Model_1_goa_pop_2023.dat 3 2033 SSBFabc 137.447
Model_1_goa_pop_2023.dat 3 2033 SSBFofl 120.266
Model_1_goa_pop_2023.dat 3 2033 SSBLCI 189.837
Model_1_goa_pop_2023.dat 3 2033 SSBUCI 220.45
Model_1_goa_pop_2023.dat 3 2033 SSBMedian 201.73
Model_1_goa_pop_2023.dat 3 2033 SSBMean 203.215
Model_1_goa_pop_2023.dat 3 2034 SSBF100 343.618
Model_1_goa_pop_2023.dat 3 2034 SSBFabc 137.447
Model_1_goa_pop_2023.dat 3 2034 SSBFofl 120.266
Model_1_goa_pop_2023.dat 3 2034 SSBLCI 185.934
Model_1_goa_pop_2023.dat 3 2034 SSBUCI 224.199
Model_1_goa_pop_2023.dat 3 2034 SSBMedian 201.167
Model_1_goa_pop_2023.dat 3 2034 SSBMean 202.619
Model_1_goa_pop_2023.dat 3 2035 SSBF100 343.618
Model_1_goa_pop_2023.dat 3 2035 SSBFabc 137.447
Model_1_goa_pop_2023.dat 3 2035 SSBFofl 120.266
Model_1_goa_pop_2023.dat 3 2035 SSBLCI 181.715
Model_1_goa_pop_2023.dat 3 2035 SSBUCI 228.456
Model_1_goa_pop_2023.dat 3 2035 SSBMedian 200.778
Model_1_goa_pop_2023.dat 3 2035 SSBMean 202.451
Model_1_goa_pop_2023.dat 3 2036 SSBF100 343.618
Model_1_goa_pop_2023.dat 3 2036 SSBFabc 137.447
Model_1_goa_pop_2023.dat 3 2036 SSBFofl 120.266
Model_1_goa_pop_2023.dat 3 2036 SSBLCI 179.157
Model_1_goa_pop_2023.dat 3 2036 SSBUCI 230.463
Model_1_goa_pop_2023.dat 3 2036 SSBMedian 200.615
Model_1_goa_pop_2023.dat 3 2036 SSBMean 202.489
Model_1_goa_pop_2023.dat 3 2023 F0 0 
Model_1_goa_pop_2023.dat 3 2023 Fabc 0.0990105
Model_1_goa_pop_2023.dat 3 2023 Fofl 0.119243
Model_1_goa_pop_2023.dat 3 2023  F_LCI 0.0712498
Model_1_goa_pop_2023.dat 3 2023  F_UCI 0.0712498
Model_1_goa_pop_2023.dat 3 2023  F_Median 0.0712498
Model_1_goa_pop_2023.dat 3 2023  F_Mean 0.0712498
Model_1_goa_pop_2023.dat 3 2024 F0 0 
Model_1_goa_pop_2023.dat 3 2024 Fabc 0.0990105
Model_1_goa_pop_2023.dat 3 2024 Fofl 0.119243
Model_1_goa_pop_2023.dat 3 2024  F_LCI 0.0584165
Model_1_goa_pop_2023.dat 3 2024  F_UCI 0.0584178
Model_1_goa_pop_2023.dat 3 2024  F_Median 0.0584174
Model_1_goa_pop_2023.dat 3 2024  F_Mean 0.0584173
Model_1_goa_pop_2023.dat 3 2025 F0 0 
Model_1_goa_pop_2023.dat 3 2025 Fabc 0.0990105
Model_1_goa_pop_2023.dat 3 2025 Fofl 0.119243
Model_1_goa_pop_2023.dat 3 2025  F_LCI 0.0495053
Model_1_goa_pop_2023.dat 3 2025  F_UCI 0.0495053
Model_1_goa_pop_2023.dat 3 2025  F_Median 0.0495053
Model_1_goa_pop_2023.dat 3 2025  F_Mean 0.0495053
Model_1_goa_pop_2023.dat 3 2026 F0 0 
Model_1_goa_pop_2023.dat 3 2026 Fabc 0.0990105
Model_1_goa_pop_2023.dat 3 2026 Fofl 0.119243
Model_1_goa_pop_2023.dat 3 2026  F_LCI 0.0495053
Model_1_goa_pop_2023.dat 3 2026  F_UCI 0.0495053
Model_1_goa_pop_2023.dat 3 2026  F_Median 0.0495053
Model_1_goa_pop_2023.dat 3 2026  F_Mean 0.0495053
Model_1_goa_pop_2023.dat 3 2027 F0 0 
Model_1_goa_pop_2023.dat 3 2027 Fabc 0.0990105
Model_1_goa_pop_2023.dat 3 2027 Fofl 0.119243
Model_1_goa_pop_2023.dat 3 2027  F_LCI 0.0495053
Model_1_goa_pop_2023.dat 3 2027  F_UCI 0.0495053
Model_1_goa_pop_2023.dat 3 2027  F_Median 0.0495053
Model_1_goa_pop_2023.dat 3 2027  F_Mean 0.0495053
Model_1_goa_pop_2023.dat 3 2028 F0 0 
Model_1_goa_pop_2023.dat 3 2028 Fabc 0.0990105
Model_1_goa_pop_2023.dat 3 2028 Fofl 0.119243
Model_1_goa_pop_2023.dat 3 2028  F_LCI 0.0495053
Model_1_goa_pop_2023.dat 3 2028  F_UCI 0.0495053
Model_1_goa_pop_2023.dat 3 2028  F_Median 0.0495053
Model_1_goa_pop_2023.dat 3 2028  F_Mean 0.0495053
Model_1_goa_pop_2023.dat 3 2029 F0 0 
Model_1_goa_pop_2023.dat 3 2029 Fabc 0.0990105
Model_1_goa_pop_2023.dat 3 2029 Fofl 0.119243
Model_1_goa_pop_2023.dat 3 2029  F_LCI 0.0495053
Model_1_goa_pop_2023.dat 3 2029  F_UCI 0.0495053
Model_1_goa_pop_2023.dat 3 2029  F_Median 0.0495053
Model_1_goa_pop_2023.dat 3 2029  F_Mean 0.0495053
Model_1_goa_pop_2023.dat 3 2030 F0 0 
Model_1_goa_pop_2023.dat 3 2030 Fabc 0.0990105
Model_1_goa_pop_2023.dat 3 2030 Fofl 0.119243
Model_1_goa_pop_2023.dat 3 2030  F_LCI 0.0495053
Model_1_goa_pop_2023.dat 3 2030  F_UCI 0.0495053
Model_1_goa_pop_2023.dat 3 2030  F_Median 0.0495053
Model_1_goa_pop_2023.dat 3 2030  F_Mean 0.0495053
Model_1_goa_pop_2023.dat 3 2031 F0 0 
Model_1_goa_pop_2023.dat 3 2031 Fabc 0.0990105
Model_1_goa_pop_2023.dat 3 2031 Fofl 0.119243
Model_1_goa_pop_2023.dat 3 2031  F_LCI 0.0495053
Model_1_goa_pop_2023.dat 3 2031  F_UCI 0.0495053
Model_1_goa_pop_2023.dat 3 2031  F_Median 0.0495053
Model_1_goa_pop_2023.dat 3 2031  F_Mean 0.0495053
Model_1_goa_pop_2023.dat 3 2032 F0 0 
Model_1_goa_pop_2023.dat 3 2032 Fabc 0.0990105
Model_1_goa_pop_2023.dat 3 2032 Fofl 0.119243
Model_1_goa_pop_2023.dat 3 2032  F_LCI 0.0495053
Model_1_goa_pop_2023.dat 3 2032  F_UCI 0.0495053
Model_1_goa_pop_2023.dat 3 2032  F_Median 0.0495053
Model_1_goa_pop_2023.dat 3 2032  F_Mean 0.0495053
Model_1_goa_pop_2023.dat 3 2033 F0 0 
Model_1_goa_pop_2023.dat 3 2033 Fabc 0.0990105
Model_1_goa_pop_2023.dat 3 2033 Fofl 0.119243
Model_1_goa_pop_2023.dat 3 2033  F_LCI 0.0495053
Model_1_goa_pop_2023.dat 3 2033  F_UCI 0.0495053
Model_1_goa_pop_2023.dat 3 2033  F_Median 0.0495053
Model_1_goa_pop_2023.dat 3 2033  F_Mean 0.0495053
Model_1_goa_pop_2023.dat 3 2034 F0 0 
Model_1_goa_pop_2023.dat 3 2034 Fabc 0.0990105
Model_1_goa_pop_2023.dat 3 2034 Fofl 0.119243
Model_1_goa_pop_2023.dat 3 2034  F_LCI 0.0495053
Model_1_goa_pop_2023.dat 3 2034  F_UCI 0.0495053
Model_1_goa_pop_2023.dat 3 2034  F_Median 0.0495053
Model_1_goa_pop_2023.dat 3 2034  F_Mean 0.0495053
Model_1_goa_pop_2023.dat 3 2035 F0 0 
Model_1_goa_pop_2023.dat 3 2035 Fabc 0.0990105
Model_1_goa_pop_2023.dat 3 2035 Fofl 0.119243
Model_1_goa_pop_2023.dat 3 2035  F_LCI 0.0495053
Model_1_goa_pop_2023.dat 3 2035  F_UCI 0.0495053
Model_1_goa_pop_2023.dat 3 2035  F_Median 0.0495053
Model_1_goa_pop_2023.dat 3 2035  F_Mean 0.0495053
Model_1_goa_pop_2023.dat 3 2036 F0 0 
Model_1_goa_pop_2023.dat 3 2036 Fabc 0.0990105
Model_1_goa_pop_2023.dat 3 2036 Fofl 0.119243
Model_1_goa_pop_2023.dat 3 2036  F_LCI 0.0495053
Model_1_goa_pop_2023.dat 3 2036  F_UCI 0.0495053
Model_1_goa_pop_2023.dat 3 2036  F_Median 0.0495053
Model_1_goa_pop_2023.dat 3 2036  F_Mean 0.0495053
Model_1_goa_pop_2023.dat 4 2023 Cabc 25.3018
Model_1_goa_pop_2023.dat 4 2023 Cofl 27.0643
Model_1_goa_pop_2023.dat 4 2023 CLCI 29.7605
Model_1_goa_pop_2023.dat 4 2023 CUCI 29.7605
Model_1_goa_pop_2023.dat 4 2023 CMedian 29.7605
Model_1_goa_pop_2023.dat 4 2023 CMean 29.7605
Model_1_goa_pop_2023.dat 4 2024 Cabc 25.3018
Model_1_goa_pop_2023.dat 4 2024 Cofl 27.0643
Model_1_goa_pop_2023.dat 4 2024 CLCI 23.8313
Model_1_goa_pop_2023.dat 4 2024 CUCI 23.8313
Model_1_goa_pop_2023.dat 4 2024 CMedian 23.8313
Model_1_goa_pop_2023.dat 4 2024 CMean 23.8313
Model_1_goa_pop_2023.dat 4 2025 Cabc 25.3018
Model_1_goa_pop_2023.dat 4 2025 Cofl 27.0643
Model_1_goa_pop_2023.dat 4 2025 CLCI 25.4755
Model_1_goa_pop_2023.dat 4 2025 CUCI 25.4876
Model_1_goa_pop_2023.dat 4 2025 CMedian 25.4792
Model_1_goa_pop_2023.dat 4 2025 CMean 25.4801
Model_1_goa_pop_2023.dat 4 2026 Cabc 25.3018
Model_1_goa_pop_2023.dat 4 2026 Cofl 27.0643
Model_1_goa_pop_2023.dat 4 2026 CLCI 24.773
Model_1_goa_pop_2023.dat 4 2026 CUCI 24.8411
Model_1_goa_pop_2023.dat 4 2026 CMedian 24.7955
Model_1_goa_pop_2023.dat 4 2026 CMean 24.7998
Model_1_goa_pop_2023.dat 4 2027 Cabc 25.3018
Model_1_goa_pop_2023.dat 4 2027 Cofl 27.0643
Model_1_goa_pop_2023.dat 4 2027 CLCI 24.0066
Model_1_goa_pop_2023.dat 4 2027 CUCI 24.2238
Model_1_goa_pop_2023.dat 4 2027 CMedian 24.0834
Model_1_goa_pop_2023.dat 4 2027 CMean 24.0968
Model_1_goa_pop_2023.dat 4 2028 Cabc 25.3018
Model_1_goa_pop_2023.dat 4 2028 Cofl 27.0643
Model_1_goa_pop_2023.dat 4 2028 CLCI 23.2003
Model_1_goa_pop_2023.dat 4 2028 CUCI 23.7122
Model_1_goa_pop_2023.dat 4 2028 CMedian 23.3855
Model_1_goa_pop_2023.dat 4 2028 CMean 23.4146
Model_1_goa_pop_2023.dat 4 2029 Cabc 25.3018
Model_1_goa_pop_2023.dat 4 2029 Cofl 27.0643
Model_1_goa_pop_2023.dat 4 2029 CLCI 22.3618
Model_1_goa_pop_2023.dat 4 2029 CUCI 23.3288
Model_1_goa_pop_2023.dat 4 2029 CMedian 22.7272
Model_1_goa_pop_2023.dat 4 2029 CMean 22.7729
Model_1_goa_pop_2023.dat 4 2030 Cabc 25.3018
Model_1_goa_pop_2023.dat 4 2030 Cofl 27.0643
Model_1_goa_pop_2023.dat 4 2030 CLCI 21.5362
Model_1_goa_pop_2023.dat 4 2030 CUCI 23.1776
Model_1_goa_pop_2023.dat 4 2030 CMedian 22.1367
Model_1_goa_pop_2023.dat 4 2030 CMean 22.2124
Model_1_goa_pop_2023.dat 4 2031 Cabc 25.3018
Model_1_goa_pop_2023.dat 4 2031 Cofl 27.0643
Model_1_goa_pop_2023.dat 4 2031 CLCI 20.7459
Model_1_goa_pop_2023.dat 4 2031 CUCI 23.0561
Model_1_goa_pop_2023.dat 4 2031 CMedian 21.633
Model_1_goa_pop_2023.dat 4 2031 CMean 21.7388
Model_1_goa_pop_2023.dat 4 2032 Cabc 25.3018
Model_1_goa_pop_2023.dat 4 2032 Cofl 27.0643
Model_1_goa_pop_2023.dat 4 2032 CLCI 20.0075
Model_1_goa_pop_2023.dat 4 2032 CUCI 23.1337
Model_1_goa_pop_2023.dat 4 2032 CMedian 21.2187
Model_1_goa_pop_2023.dat 4 2032 CMean 21.3679
Model_1_goa_pop_2023.dat 4 2033 Cabc 25.3018
Model_1_goa_pop_2023.dat 4 2033 Cofl 27.0643
Model_1_goa_pop_2023.dat 4 2033 CLCI 19.3749
Model_1_goa_pop_2023.dat 4 2033 CUCI 23.2867
Model_1_goa_pop_2023.dat 4 2033 CMedian 20.9408
Model_1_goa_pop_2023.dat 4 2033 CMean 21.0838
Model_1_goa_pop_2023.dat 4 2034 Cabc 25.3018
Model_1_goa_pop_2023.dat 4 2034 Cofl 27.0643
Model_1_goa_pop_2023.dat 4 2034 CLCI 18.7547
Model_1_goa_pop_2023.dat 4 2034 CUCI 23.5701
Model_1_goa_pop_2023.dat 4 2034 CMedian 20.71
Model_1_goa_pop_2023.dat 4 2034 CMean 20.8842
Model_1_goa_pop_2023.dat 4 2035 Cabc 25.3018
Model_1_goa_pop_2023.dat 4 2035 Cofl 27.0643
Model_1_goa_pop_2023.dat 4 2035 CLCI 18.2684
Model_1_goa_pop_2023.dat 4 2035 CUCI 23.776
Model_1_goa_pop_2023.dat 4 2035 CMedian 20.5642
Model_1_goa_pop_2023.dat 4 2035 CMean 20.7517
Model_1_goa_pop_2023.dat 4 2036 Cabc 25.3018
Model_1_goa_pop_2023.dat 4 2036 Cofl 27.0643
Model_1_goa_pop_2023.dat 4 2036 CLCI 17.9603
Model_1_goa_pop_2023.dat 4 2036 CUCI 23.9689
Model_1_goa_pop_2023.dat 4 2036 CMedian 20.459
Model_1_goa_pop_2023.dat 4 2036 CMean 20.6817
Model_1_goa_pop_2023.dat 4 2023 SSBF100 343.618
Model_1_goa_pop_2023.dat 4 2023 SSBFabc 137.447
Model_1_goa_pop_2023.dat 4 2023 SSBFofl 120.266
Model_1_goa_pop_2023.dat 4 2023 SSBLCI 234.446
Model_1_goa_pop_2023.dat 4 2023 SSBUCI 234.446
Model_1_goa_pop_2023.dat 4 2023 SSBMedian 234.446
Model_1_goa_pop_2023.dat 4 2023 SSBMean 234.446
Model_1_goa_pop_2023.dat 4 2024 SSBF100 343.618
Model_1_goa_pop_2023.dat 4 2024 SSBFabc 137.447
Model_1_goa_pop_2023.dat 4 2024 SSBFofl 120.266
Model_1_goa_pop_2023.dat 4 2024 SSBLCI 229.445
Model_1_goa_pop_2023.dat 4 2024 SSBUCI 229.473
Model_1_goa_pop_2023.dat 4 2024 SSBMedian 229.453
Model_1_goa_pop_2023.dat 4 2024 SSBMean 229.455
Model_1_goa_pop_2023.dat 4 2025 SSBF100 343.618
Model_1_goa_pop_2023.dat 4 2025 SSBFabc 137.447
Model_1_goa_pop_2023.dat 4 2025 SSBFofl 120.266
Model_1_goa_pop_2023.dat 4 2025 SSBLCI 225.603
Model_1_goa_pop_2023.dat 4 2025 SSBUCI 225.715
Model_1_goa_pop_2023.dat 4 2025 SSBMedian 225.642
Model_1_goa_pop_2023.dat 4 2025 SSBMean 225.648
Model_1_goa_pop_2023.dat 4 2026 SSBF100 343.618
Model_1_goa_pop_2023.dat 4 2026 SSBFabc 137.447
Model_1_goa_pop_2023.dat 4 2026 SSBFofl 120.266
Model_1_goa_pop_2023.dat 4 2026 SSBLCI 220.969
Model_1_goa_pop_2023.dat 4 2026 SSBUCI 221.318
Model_1_goa_pop_2023.dat 4 2026 SSBMedian 221.092
Model_1_goa_pop_2023.dat 4 2026 SSBMean 221.115
Model_1_goa_pop_2023.dat 4 2027 SSBF100 343.618
Model_1_goa_pop_2023.dat 4 2027 SSBFabc 137.447
Model_1_goa_pop_2023.dat 4 2027 SSBFofl 120.266
Model_1_goa_pop_2023.dat 4 2027 SSBLCI 215.77
Model_1_goa_pop_2023.dat 4 2027 SSBUCI 216.702
Model_1_goa_pop_2023.dat 4 2027 SSBMedian 216.104
Model_1_goa_pop_2023.dat 4 2027 SSBMean 216.159
Model_1_goa_pop_2023.dat 4 2028 SSBF100 343.618
Model_1_goa_pop_2023.dat 4 2028 SSBFabc 137.447
Model_1_goa_pop_2023.dat 4 2028 SSBFofl 120.266
Model_1_goa_pop_2023.dat 4 2028 SSBLCI 209.648
Model_1_goa_pop_2023.dat 4 2028 SSBUCI 211.829
Model_1_goa_pop_2023.dat 4 2028 SSBMedian 210.438
Model_1_goa_pop_2023.dat 4 2028 SSBMean 210.558
Model_1_goa_pop_2023.dat 4 2029 SSBF100 343.618
Model_1_goa_pop_2023.dat 4 2029 SSBFabc 137.447
Model_1_goa_pop_2023.dat 4 2029 SSBFofl 120.266
Model_1_goa_pop_2023.dat 4 2029 SSBLCI 202.722
Model_1_goa_pop_2023.dat 4 2029 SSBUCI 207.332
Model_1_goa_pop_2023.dat 4 2029 SSBMedian 204.427
Model_1_goa_pop_2023.dat 4 2029 SSBMean 204.662
Model_1_goa_pop_2023.dat 4 2030 SSBF100 343.618
Model_1_goa_pop_2023.dat 4 2030 SSBFabc 137.447
Model_1_goa_pop_2023.dat 4 2030 SSBFofl 120.266
Model_1_goa_pop_2023.dat 4 2030 SSBLCI 195.389
Model_1_goa_pop_2023.dat 4 2030 SSBUCI 204.051
Model_1_goa_pop_2023.dat 4 2030 SSBMedian 198.712
Model_1_goa_pop_2023.dat 4 2030 SSBMean 199.105
Model_1_goa_pop_2023.dat 4 2031 SSBF100 343.618
Model_1_goa_pop_2023.dat 4 2031 SSBFabc 137.447
Model_1_goa_pop_2023.dat 4 2031 SSBFofl 120.266
Model_1_goa_pop_2023.dat 4 2031 SSBLCI 188.256
Model_1_goa_pop_2023.dat 4 2031 SSBUCI 202.965
Model_1_goa_pop_2023.dat 4 2031 SSBMedian 193.835
Model_1_goa_pop_2023.dat 4 2031 SSBMean 194.496
Model_1_goa_pop_2023.dat 4 2032 SSBF100 343.618
Model_1_goa_pop_2023.dat 4 2032 SSBFabc 137.447
Model_1_goa_pop_2023.dat 4 2032 SSBFofl 120.266
Model_1_goa_pop_2023.dat 4 2032 SSBLCI 181.626
Model_1_goa_pop_2023.dat 4 2032 SSBUCI 203.776
Model_1_goa_pop_2023.dat 4 2032 SSBMedian 190.093
Model_1_goa_pop_2023.dat 4 2032 SSBMean 191.068
Model_1_goa_pop_2023.dat 4 2033 SSBF100 343.618
Model_1_goa_pop_2023.dat 4 2033 SSBFabc 137.447
Model_1_goa_pop_2023.dat 4 2033 SSBFofl 120.266
Model_1_goa_pop_2023.dat 4 2033 SSBLCI 175.676
Model_1_goa_pop_2023.dat 4 2033 SSBUCI 205.604
Model_1_goa_pop_2023.dat 4 2033 SSBMedian 187.291
Model_1_goa_pop_2023.dat 4 2033 SSBMean 188.747
Model_1_goa_pop_2023.dat 4 2034 SSBF100 343.618
Model_1_goa_pop_2023.dat 4 2034 SSBFabc 137.447
Model_1_goa_pop_2023.dat 4 2034 SSBFofl 120.266
Model_1_goa_pop_2023.dat 4 2034 SSBLCI 170.973
Model_1_goa_pop_2023.dat 4 2034 SSBUCI 208.206
Model_1_goa_pop_2023.dat 4 2034 SSBMedian 185.786
Model_1_goa_pop_2023.dat 4 2034 SSBMean 187.229
Model_1_goa_pop_2023.dat 4 2035 SSBF100 343.618
Model_1_goa_pop_2023.dat 4 2035 SSBFabc 137.447
Model_1_goa_pop_2023.dat 4 2035 SSBFofl 120.266
Model_1_goa_pop_2023.dat 4 2035 SSBLCI 166.146
Model_1_goa_pop_2023.dat 4 2035 SSBUCI 211.386
Model_1_goa_pop_2023.dat 4 2035 SSBMedian 184.565
Model_1_goa_pop_2023.dat 4 2035 SSBMean 186.233
Model_1_goa_pop_2023.dat 4 2036 SSBF100 343.618
Model_1_goa_pop_2023.dat 4 2036 SSBFabc 137.447
Model_1_goa_pop_2023.dat 4 2036 SSBFofl 120.266
Model_1_goa_pop_2023.dat 4 2036 SSBLCI 163.129
Model_1_goa_pop_2023.dat 4 2036 SSBUCI 212.133
Model_1_goa_pop_2023.dat 4 2036 SSBMedian 183.724
Model_1_goa_pop_2023.dat 4 2036 SSBMean 185.527
Model_1_goa_pop_2023.dat 4 2023 F0 0 
Model_1_goa_pop_2023.dat 4 2023 Fabc 0.0990105
Model_1_goa_pop_2023.dat 4 2023 Fofl 0.119243
Model_1_goa_pop_2023.dat 4 2023  F_LCI 0.0712498
Model_1_goa_pop_2023.dat 4 2023  F_UCI 0.0712498
Model_1_goa_pop_2023.dat 4 2023  F_Median 0.0712498
Model_1_goa_pop_2023.dat 4 2023  F_Mean 0.0712498
Model_1_goa_pop_2023.dat 4 2024 F0 0 
Model_1_goa_pop_2023.dat 4 2024 Fabc 0.0990105
Model_1_goa_pop_2023.dat 4 2024 Fofl 0.119243
Model_1_goa_pop_2023.dat 4 2024  F_LCI 0.0584165
Model_1_goa_pop_2023.dat 4 2024  F_UCI 0.0584178
Model_1_goa_pop_2023.dat 4 2024  F_Median 0.0584174
Model_1_goa_pop_2023.dat 4 2024  F_Mean 0.0584173
Model_1_goa_pop_2023.dat 4 2025 F0 0 
Model_1_goa_pop_2023.dat 4 2025 Fabc 0.0990105
Model_1_goa_pop_2023.dat 4 2025 Fofl 0.119243
Model_1_goa_pop_2023.dat 4 2025  F_LCI 0.0638806
Model_1_goa_pop_2023.dat 4 2025  F_UCI 0.0638806
Model_1_goa_pop_2023.dat 4 2025  F_Median 0.0638806
Model_1_goa_pop_2023.dat 4 2025  F_Mean 0.0638806
Model_1_goa_pop_2023.dat 4 2026 F0 0 
Model_1_goa_pop_2023.dat 4 2026 Fabc 0.0990105
Model_1_goa_pop_2023.dat 4 2026 Fofl 0.119243
Model_1_goa_pop_2023.dat 4 2026  F_LCI 0.0638806
Model_1_goa_pop_2023.dat 4 2026  F_UCI 0.0638806
Model_1_goa_pop_2023.dat 4 2026  F_Median 0.0638806
Model_1_goa_pop_2023.dat 4 2026  F_Mean 0.0638806
Model_1_goa_pop_2023.dat 4 2027 F0 0 
Model_1_goa_pop_2023.dat 4 2027 Fabc 0.0990105
Model_1_goa_pop_2023.dat 4 2027 Fofl 0.119243
Model_1_goa_pop_2023.dat 4 2027  F_LCI 0.0638806
Model_1_goa_pop_2023.dat 4 2027  F_UCI 0.0638806
Model_1_goa_pop_2023.dat 4 2027  F_Median 0.0638806
Model_1_goa_pop_2023.dat 4 2027  F_Mean 0.0638806
Model_1_goa_pop_2023.dat 4 2028 F0 0 
Model_1_goa_pop_2023.dat 4 2028 Fabc 0.0990105
Model_1_goa_pop_2023.dat 4 2028 Fofl 0.119243
Model_1_goa_pop_2023.dat 4 2028  F_LCI 0.0638806
Model_1_goa_pop_2023.dat 4 2028  F_UCI 0.0638806
Model_1_goa_pop_2023.dat 4 2028  F_Median 0.0638806
Model_1_goa_pop_2023.dat 4 2028  F_Mean 0.0638806
Model_1_goa_pop_2023.dat 4 2029 F0 0 
Model_1_goa_pop_2023.dat 4 2029 Fabc 0.0990105
Model_1_goa_pop_2023.dat 4 2029 Fofl 0.119243
Model_1_goa_pop_2023.dat 4 2029  F_LCI 0.0638806
Model_1_goa_pop_2023.dat 4 2029  F_UCI 0.0638806
Model_1_goa_pop_2023.dat 4 2029  F_Median 0.0638806
Model_1_goa_pop_2023.dat 4 2029  F_Mean 0.0638806
Model_1_goa_pop_2023.dat 4 2030 F0 0 
Model_1_goa_pop_2023.dat 4 2030 Fabc 0.0990105
Model_1_goa_pop_2023.dat 4 2030 Fofl 0.119243
Model_1_goa_pop_2023.dat 4 2030  F_LCI 0.0638806
Model_1_goa_pop_2023.dat 4 2030  F_UCI 0.0638806
Model_1_goa_pop_2023.dat 4 2030  F_Median 0.0638806
Model_1_goa_pop_2023.dat 4 2030  F_Mean 0.0638806
Model_1_goa_pop_2023.dat 4 2031 F0 0 
Model_1_goa_pop_2023.dat 4 2031 Fabc 0.0990105
Model_1_goa_pop_2023.dat 4 2031 Fofl 0.119243
Model_1_goa_pop_2023.dat 4 2031  F_LCI 0.0638806
Model_1_goa_pop_2023.dat 4 2031  F_UCI 0.0638806
Model_1_goa_pop_2023.dat 4 2031  F_Median 0.0638806
Model_1_goa_pop_2023.dat 4 2031  F_Mean 0.0638806
Model_1_goa_pop_2023.dat 4 2032 F0 0 
Model_1_goa_pop_2023.dat 4 2032 Fabc 0.0990105
Model_1_goa_pop_2023.dat 4 2032 Fofl 0.119243
Model_1_goa_pop_2023.dat 4 2032  F_LCI 0.0638806
Model_1_goa_pop_2023.dat 4 2032  F_UCI 0.0638806
Model_1_goa_pop_2023.dat 4 2032  F_Median 0.0638806
Model_1_goa_pop_2023.dat 4 2032  F_Mean 0.0638806
Model_1_goa_pop_2023.dat 4 2033 F0 0 
Model_1_goa_pop_2023.dat 4 2033 Fabc 0.0990105
Model_1_goa_pop_2023.dat 4 2033 Fofl 0.119243
Model_1_goa_pop_2023.dat 4 2033  F_LCI 0.0638806
Model_1_goa_pop_2023.dat 4 2033  F_UCI 0.0638806
Model_1_goa_pop_2023.dat 4 2033  F_Median 0.0638806
Model_1_goa_pop_2023.dat 4 2033  F_Mean 0.0638806
Model_1_goa_pop_2023.dat 4 2034 F0 0 
Model_1_goa_pop_2023.dat 4 2034 Fabc 0.0990105
Model_1_goa_pop_2023.dat 4 2034 Fofl 0.119243
Model_1_goa_pop_2023.dat 4 2034  F_LCI 0.0638806
Model_1_goa_pop_2023.dat 4 2034  F_UCI 0.0638806
Model_1_goa_pop_2023.dat 4 2034  F_Median 0.0638806
Model_1_goa_pop_2023.dat 4 2034  F_Mean 0.0638806
Model_1_goa_pop_2023.dat 4 2035 F0 0 
Model_1_goa_pop_2023.dat 4 2035 Fabc 0.0990105
Model_1_goa_pop_2023.dat 4 2035 Fofl 0.119243
Model_1_goa_pop_2023.dat 4 2035  F_LCI 0.0638806
Model_1_goa_pop_2023.dat 4 2035  F_UCI 0.0638806
Model_1_goa_pop_2023.dat 4 2035  F_Median 0.0638806
Model_1_goa_pop_2023.dat 4 2035  F_Mean 0.0638806
Model_1_goa_pop_2023.dat 4 2036 F0 0 
Model_1_goa_pop_2023.dat 4 2036 Fabc 0.0990105
Model_1_goa_pop_2023.dat 4 2036 Fofl 0.119243
Model_1_goa_pop_2023.dat 4 2036  F_LCI 0.0638806
Model_1_goa_pop_2023.dat 4 2036  F_UCI 0.0638806
Model_1_goa_pop_2023.dat 4 2036  F_Median 0.0638806
Model_1_goa_pop_2023.dat 4 2036  F_Mean 0.0638806
Model_1_goa_pop_2023.dat 5 2023 Cabc 25.3018
Model_1_goa_pop_2023.dat 5 2023 Cofl 27.0643
Model_1_goa_pop_2023.dat 5 2023 CLCI 29.7605
Model_1_goa_pop_2023.dat 5 2023 CUCI 29.7605
Model_1_goa_pop_2023.dat 5 2023 CMedian 29.7605
Model_1_goa_pop_2023.dat 5 2023 CMean 29.7605
Model_1_goa_pop_2023.dat 5 2024 Cabc 25.3018
Model_1_goa_pop_2023.dat 5 2024 Cofl 27.0643
Model_1_goa_pop_2023.dat 5 2024 CLCI 23.8313
Model_1_goa_pop_2023.dat 5 2024 CUCI 23.8313
Model_1_goa_pop_2023.dat 5 2024 CMedian 23.8313
Model_1_goa_pop_2023.dat 5 2024 CMean 23.8313
Model_1_goa_pop_2023.dat 5 2025 Cabc 25.3018
Model_1_goa_pop_2023.dat 5 2025 Cofl 27.0643
Model_1_goa_pop_2023.dat 5 2025 CLCI 0
Model_1_goa_pop_2023.dat 5 2025 CUCI 0
Model_1_goa_pop_2023.dat 5 2025 CMedian 0
Model_1_goa_pop_2023.dat 5 2025 CMean 0
Model_1_goa_pop_2023.dat 5 2026 Cabc 25.3018
Model_1_goa_pop_2023.dat 5 2026 Cofl 27.0643
Model_1_goa_pop_2023.dat 5 2026 CLCI 0
Model_1_goa_pop_2023.dat 5 2026 CUCI 0
Model_1_goa_pop_2023.dat 5 2026 CMedian 0
Model_1_goa_pop_2023.dat 5 2026 CMean 0
Model_1_goa_pop_2023.dat 5 2027 Cabc 25.3018
Model_1_goa_pop_2023.dat 5 2027 Cofl 27.0643
Model_1_goa_pop_2023.dat 5 2027 CLCI 0
Model_1_goa_pop_2023.dat 5 2027 CUCI 0
Model_1_goa_pop_2023.dat 5 2027 CMedian 0
Model_1_goa_pop_2023.dat 5 2027 CMean 0
Model_1_goa_pop_2023.dat 5 2028 Cabc 25.3018
Model_1_goa_pop_2023.dat 5 2028 Cofl 27.0643
Model_1_goa_pop_2023.dat 5 2028 CLCI 0
Model_1_goa_pop_2023.dat 5 2028 CUCI 0
Model_1_goa_pop_2023.dat 5 2028 CMedian 0
Model_1_goa_pop_2023.dat 5 2028 CMean 0
Model_1_goa_pop_2023.dat 5 2029 Cabc 25.3018
Model_1_goa_pop_2023.dat 5 2029 Cofl 27.0643
Model_1_goa_pop_2023.dat 5 2029 CLCI 0
Model_1_goa_pop_2023.dat 5 2029 CUCI 0
Model_1_goa_pop_2023.dat 5 2029 CMedian 0
Model_1_goa_pop_2023.dat 5 2029 CMean 0
Model_1_goa_pop_2023.dat 5 2030 Cabc 25.3018
Model_1_goa_pop_2023.dat 5 2030 Cofl 27.0643
Model_1_goa_pop_2023.dat 5 2030 CLCI 0
Model_1_goa_pop_2023.dat 5 2030 CUCI 0
Model_1_goa_pop_2023.dat 5 2030 CMedian 0
Model_1_goa_pop_2023.dat 5 2030 CMean 0
Model_1_goa_pop_2023.dat 5 2031 Cabc 25.3018
Model_1_goa_pop_2023.dat 5 2031 Cofl 27.0643
Model_1_goa_pop_2023.dat 5 2031 CLCI 0
Model_1_goa_pop_2023.dat 5 2031 CUCI 0
Model_1_goa_pop_2023.dat 5 2031 CMedian 0
Model_1_goa_pop_2023.dat 5 2031 CMean 0
Model_1_goa_pop_2023.dat 5 2032 Cabc 25.3018
Model_1_goa_pop_2023.dat 5 2032 Cofl 27.0643
Model_1_goa_pop_2023.dat 5 2032 CLCI 0
Model_1_goa_pop_2023.dat 5 2032 CUCI 0
Model_1_goa_pop_2023.dat 5 2032 CMedian 0
Model_1_goa_pop_2023.dat 5 2032 CMean 0
Model_1_goa_pop_2023.dat 5 2033 Cabc 25.3018
Model_1_goa_pop_2023.dat 5 2033 Cofl 27.0643
Model_1_goa_pop_2023.dat 5 2033 CLCI 0
Model_1_goa_pop_2023.dat 5 2033 CUCI 0
Model_1_goa_pop_2023.dat 5 2033 CMedian 0
Model_1_goa_pop_2023.dat 5 2033 CMean 0
Model_1_goa_pop_2023.dat 5 2034 Cabc 25.3018
Model_1_goa_pop_2023.dat 5 2034 Cofl 27.0643
Model_1_goa_pop_2023.dat 5 2034 CLCI 0
Model_1_goa_pop_2023.dat 5 2034 CUCI 0
Model_1_goa_pop_2023.dat 5 2034 CMedian 0
Model_1_goa_pop_2023.dat 5 2034 CMean 0
Model_1_goa_pop_2023.dat 5 2035 Cabc 25.3018
Model_1_goa_pop_2023.dat 5 2035 Cofl 27.0643
Model_1_goa_pop_2023.dat 5 2035 CLCI 0
Model_1_goa_pop_2023.dat 5 2035 CUCI 0
Model_1_goa_pop_2023.dat 5 2035 CMedian 0
Model_1_goa_pop_2023.dat 5 2035 CMean 0
Model_1_goa_pop_2023.dat 5 2036 Cabc 25.3018
Model_1_goa_pop_2023.dat 5 2036 Cofl 27.0643
Model_1_goa_pop_2023.dat 5 2036 CLCI 0
Model_1_goa_pop_2023.dat 5 2036 CUCI 0
Model_1_goa_pop_2023.dat 5 2036 CMedian 0
Model_1_goa_pop_2023.dat 5 2036 CMean 0
Model_1_goa_pop_2023.dat 5 2023 SSBF100 343.618
Model_1_goa_pop_2023.dat 5 2023 SSBFabc 137.447
Model_1_goa_pop_2023.dat 5 2023 SSBFofl 120.266
Model_1_goa_pop_2023.dat 5 2023 SSBLCI 234.446
Model_1_goa_pop_2023.dat 5 2023 SSBUCI 234.446
Model_1_goa_pop_2023.dat 5 2023 SSBMedian 234.446
Model_1_goa_pop_2023.dat 5 2023 SSBMean 234.446
Model_1_goa_pop_2023.dat 5 2024 SSBF100 343.618
Model_1_goa_pop_2023.dat 5 2024 SSBFabc 137.447
Model_1_goa_pop_2023.dat 5 2024 SSBFofl 120.266
Model_1_goa_pop_2023.dat 5 2024 SSBLCI 229.445
Model_1_goa_pop_2023.dat 5 2024 SSBUCI 229.473
Model_1_goa_pop_2023.dat 5 2024 SSBMedian 229.453
Model_1_goa_pop_2023.dat 5 2024 SSBMean 229.455
Model_1_goa_pop_2023.dat 5 2025 SSBF100 343.618
Model_1_goa_pop_2023.dat 5 2025 SSBFabc 137.447
Model_1_goa_pop_2023.dat 5 2025 SSBFofl 120.266
Model_1_goa_pop_2023.dat 5 2025 SSBLCI 229.402
Model_1_goa_pop_2023.dat 5 2025 SSBUCI 229.514
Model_1_goa_pop_2023.dat 5 2025 SSBMedian 229.441
Model_1_goa_pop_2023.dat 5 2025 SSBMean 229.447
Model_1_goa_pop_2023.dat 5 2026 SSBF100 343.618
Model_1_goa_pop_2023.dat 5 2026 SSBFabc 137.447
Model_1_goa_pop_2023.dat 5 2026 SSBFofl 120.266
Model_1_goa_pop_2023.dat 5 2026 SSBLCI 235.861
Model_1_goa_pop_2023.dat 5 2026 SSBUCI 236.21
Model_1_goa_pop_2023.dat 5 2026 SSBMedian 235.985
Model_1_goa_pop_2023.dat 5 2026 SSBMean 236.007
Model_1_goa_pop_2023.dat 5 2027 SSBF100 343.618
Model_1_goa_pop_2023.dat 5 2027 SSBFabc 137.447
Model_1_goa_pop_2023.dat 5 2027 SSBFofl 120.266
Model_1_goa_pop_2023.dat 5 2027 SSBLCI 241.361
Model_1_goa_pop_2023.dat 5 2027 SSBUCI 242.297
Model_1_goa_pop_2023.dat 5 2027 SSBMedian 241.696
Model_1_goa_pop_2023.dat 5 2027 SSBMean 241.751
Model_1_goa_pop_2023.dat 5 2028 SSBF100 343.618
Model_1_goa_pop_2023.dat 5 2028 SSBFabc 137.447
Model_1_goa_pop_2023.dat 5 2028 SSBFofl 120.266
Model_1_goa_pop_2023.dat 5 2028 SSBLCI 245.375
Model_1_goa_pop_2023.dat 5 2028 SSBUCI 247.577
Model_1_goa_pop_2023.dat 5 2028 SSBMedian 246.176
Model_1_goa_pop_2023.dat 5 2028 SSBMean 246.297
Model_1_goa_pop_2023.dat 5 2029 SSBF100 343.618
Model_1_goa_pop_2023.dat 5 2029 SSBFabc 137.447
Model_1_goa_pop_2023.dat 5 2029 SSBFofl 120.266
Model_1_goa_pop_2023.dat 5 2029 SSBLCI 247.861
Model_1_goa_pop_2023.dat 5 2029 SSBUCI 252.578
Model_1_goa_pop_2023.dat 5 2029 SSBMedian 249.592
Model_1_goa_pop_2023.dat 5 2029 SSBMean 249.842
Model_1_goa_pop_2023.dat 5 2030 SSBF100 343.618
Model_1_goa_pop_2023.dat 5 2030 SSBFabc 137.447
Model_1_goa_pop_2023.dat 5 2030 SSBFofl 120.266
Model_1_goa_pop_2023.dat 5 2030 SSBLCI 249.097
Model_1_goa_pop_2023.dat 5 2030 SSBUCI 258.096
Model_1_goa_pop_2023.dat 5 2030 SSBMedian 252.5
Model_1_goa_pop_2023.dat 5 2030 SSBMean 252.933
Model_1_goa_pop_2023.dat 5 2031 SSBF100 343.618
Model_1_goa_pop_2023.dat 5 2031 SSBFabc 137.447
Model_1_goa_pop_2023.dat 5 2031 SSBFofl 120.266
Model_1_goa_pop_2023.dat 5 2031 SSBLCI 249.608
Model_1_goa_pop_2023.dat 5 2031 SSBUCI 265.036
Model_1_goa_pop_2023.dat 5 2031 SSBMedian 255.505
Model_1_goa_pop_2023.dat 5 2031 SSBMean 256.203
Model_1_goa_pop_2023.dat 5 2032 SSBF100 343.618
Model_1_goa_pop_2023.dat 5 2032 SSBFabc 137.447
Model_1_goa_pop_2023.dat 5 2032 SSBFofl 120.266
Model_1_goa_pop_2023.dat 5 2032 SSBLCI 249.645
Model_1_goa_pop_2023.dat 5 2032 SSBUCI 274.034
Model_1_goa_pop_2023.dat 5 2032 SSBMedian 258.717
Model_1_goa_pop_2023.dat 5 2032 SSBMean 259.963
Model_1_goa_pop_2023.dat 5 2033 SSBF100 343.618
Model_1_goa_pop_2023.dat 5 2033 SSBFabc 137.447
Model_1_goa_pop_2023.dat 5 2033 SSBFofl 120.266
Model_1_goa_pop_2023.dat 5 2033 SSBLCI 249.792
Model_1_goa_pop_2023.dat 5 2033 SSBUCI 283.051
Model_1_goa_pop_2023.dat 5 2033 SSBMedian 262.621
Model_1_goa_pop_2023.dat 5 2033 SSBMean 264.254
Model_1_goa_pop_2023.dat 5 2034 SSBF100 343.618
Model_1_goa_pop_2023.dat 5 2034 SSBFabc 137.447
Model_1_goa_pop_2023.dat 5 2034 SSBFofl 120.266
Model_1_goa_pop_2023.dat 5 2034 SSBLCI 250.348
Model_1_goa_pop_2023.dat 5 2034 SSBUCI 293.267
Model_1_goa_pop_2023.dat 5 2034 SSBMedian 267.157
Model_1_goa_pop_2023.dat 5 2034 SSBMean 268.857
Model_1_goa_pop_2023.dat 5 2035 SSBF100 343.618
Model_1_goa_pop_2023.dat 5 2035 SSBFabc 137.447
Model_1_goa_pop_2023.dat 5 2035 SSBFofl 120.266
Model_1_goa_pop_2023.dat 5 2035 SSBLCI 250.234
Model_1_goa_pop_2023.dat 5 2035 SSBUCI 303.061
Model_1_goa_pop_2023.dat 5 2035 SSBMedian 271.851
Model_1_goa_pop_2023.dat 5 2035 SSBMean 273.561
Model_1_goa_pop_2023.dat 5 2036 SSBF100 343.618
Model_1_goa_pop_2023.dat 5 2036 SSBFabc 137.447
Model_1_goa_pop_2023.dat 5 2036 SSBFofl 120.266
Model_1_goa_pop_2023.dat 5 2036 SSBLCI 251.138
Model_1_goa_pop_2023.dat 5 2036 SSBUCI 311.501
Model_1_goa_pop_2023.dat 5 2036 SSBMedian 276.2
Model_1_goa_pop_2023.dat 5 2036 SSBMean 278.163
Model_1_goa_pop_2023.dat 5 2023 F0 0 
Model_1_goa_pop_2023.dat 5 2023 Fabc 0.0990105
Model_1_goa_pop_2023.dat 5 2023 Fofl 0.119243
Model_1_goa_pop_2023.dat 5 2023  F_LCI 0.0712498
Model_1_goa_pop_2023.dat 5 2023  F_UCI 0.0712498
Model_1_goa_pop_2023.dat 5 2023  F_Median 0.0712498
Model_1_goa_pop_2023.dat 5 2023  F_Mean 0.0712498
Model_1_goa_pop_2023.dat 5 2024 F0 0 
Model_1_goa_pop_2023.dat 5 2024 Fabc 0.0990105
Model_1_goa_pop_2023.dat 5 2024 Fofl 0.119243
Model_1_goa_pop_2023.dat 5 2024  F_LCI 0.0584165
Model_1_goa_pop_2023.dat 5 2024  F_UCI 0.0584178
Model_1_goa_pop_2023.dat 5 2024  F_Median 0.0584174
Model_1_goa_pop_2023.dat 5 2024  F_Mean 0.0584173
Model_1_goa_pop_2023.dat 5 2025 F0 0 
Model_1_goa_pop_2023.dat 5 2025 Fabc 0.0990105
Model_1_goa_pop_2023.dat 5 2025 Fofl 0.119243
Model_1_goa_pop_2023.dat 5 2025  F_LCI 0
Model_1_goa_pop_2023.dat 5 2025  F_UCI 0
Model_1_goa_pop_2023.dat 5 2025  F_Median 0
Model_1_goa_pop_2023.dat 5 2025  F_Mean 0
Model_1_goa_pop_2023.dat 5 2026 F0 0 
Model_1_goa_pop_2023.dat 5 2026 Fabc 0.0990105
Model_1_goa_pop_2023.dat 5 2026 Fofl 0.119243
Model_1_goa_pop_2023.dat 5 2026  F_LCI 0
Model_1_goa_pop_2023.dat 5 2026  F_UCI 0
Model_1_goa_pop_2023.dat 5 2026  F_Median 0
Model_1_goa_pop_2023.dat 5 2026  F_Mean 0
Model_1_goa_pop_2023.dat 5 2027 F0 0 
Model_1_goa_pop_2023.dat 5 2027 Fabc 0.0990105
Model_1_goa_pop_2023.dat 5 2027 Fofl 0.119243
Model_1_goa_pop_2023.dat 5 2027  F_LCI 0
Model_1_goa_pop_2023.dat 5 2027  F_UCI 0
Model_1_goa_pop_2023.dat 5 2027  F_Median 0
Model_1_goa_pop_2023.dat 5 2027  F_Mean 0
Model_1_goa_pop_2023.dat 5 2028 F0 0 
Model_1_goa_pop_2023.dat 5 2028 Fabc 0.0990105
Model_1_goa_pop_2023.dat 5 2028 Fofl 0.119243
Model_1_goa_pop_2023.dat 5 2028  F_LCI 0
Model_1_goa_pop_2023.dat 5 2028  F_UCI 0
Model_1_goa_pop_2023.dat 5 2028  F_Median 0
Model_1_goa_pop_2023.dat 5 2028  F_Mean 0
Model_1_goa_pop_2023.dat 5 2029 F0 0 
Model_1_goa_pop_2023.dat 5 2029 Fabc 0.0990105
Model_1_goa_pop_2023.dat 5 2029 Fofl 0.119243
Model_1_goa_pop_2023.dat 5 2029  F_LCI 0
Model_1_goa_pop_2023.dat 5 2029  F_UCI 0
Model_1_goa_pop_2023.dat 5 2029  F_Median 0
Model_1_goa_pop_2023.dat 5 2029  F_Mean 0
Model_1_goa_pop_2023.dat 5 2030 F0 0 
Model_1_goa_pop_2023.dat 5 2030 Fabc 0.0990105
Model_1_goa_pop_2023.dat 5 2030 Fofl 0.119243
Model_1_goa_pop_2023.dat 5 2030  F_LCI 0
Model_1_goa_pop_2023.dat 5 2030  F_UCI 0
Model_1_goa_pop_2023.dat 5 2030  F_Median 0
Model_1_goa_pop_2023.dat 5 2030  F_Mean 0
Model_1_goa_pop_2023.dat 5 2031 F0 0 
Model_1_goa_pop_2023.dat 5 2031 Fabc 0.0990105
Model_1_goa_pop_2023.dat 5 2031 Fofl 0.119243
Model_1_goa_pop_2023.dat 5 2031  F_LCI 0
Model_1_goa_pop_2023.dat 5 2031  F_UCI 0
Model_1_goa_pop_2023.dat 5 2031  F_Median 0
Model_1_goa_pop_2023.dat 5 2031  F_Mean 0
Model_1_goa_pop_2023.dat 5 2032 F0 0 
Model_1_goa_pop_2023.dat 5 2032 Fabc 0.0990105
Model_1_goa_pop_2023.dat 5 2032 Fofl 0.119243
Model_1_goa_pop_2023.dat 5 2032  F_LCI 0
Model_1_goa_pop_2023.dat 5 2032  F_UCI 0
Model_1_goa_pop_2023.dat 5 2032  F_Median 0
Model_1_goa_pop_2023.dat 5 2032  F_Mean 0
Model_1_goa_pop_2023.dat 5 2033 F0 0 
Model_1_goa_pop_2023.dat 5 2033 Fabc 0.0990105
Model_1_goa_pop_2023.dat 5 2033 Fofl 0.119243
Model_1_goa_pop_2023.dat 5 2033  F_LCI 0
Model_1_goa_pop_2023.dat 5 2033  F_UCI 0
Model_1_goa_pop_2023.dat 5 2033  F_Median 0
Model_1_goa_pop_2023.dat 5 2033  F_Mean 0
Model_1_goa_pop_2023.dat 5 2034 F0 0 
Model_1_goa_pop_2023.dat 5 2034 Fabc 0.0990105
Model_1_goa_pop_2023.dat 5 2034 Fofl 0.119243
Model_1_goa_pop_2023.dat 5 2034  F_LCI 0
Model_1_goa_pop_2023.dat 5 2034  F_UCI 0
Model_1_goa_pop_2023.dat 5 2034  F_Median 0
Model_1_goa_pop_2023.dat 5 2034  F_Mean 0
Model_1_goa_pop_2023.dat 5 2035 F0 0 
Model_1_goa_pop_2023.dat 5 2035 Fabc 0.0990105
Model_1_goa_pop_2023.dat 5 2035 Fofl 0.119243
Model_1_goa_pop_2023.dat 5 2035  F_LCI 0
Model_1_goa_pop_2023.dat 5 2035  F_UCI 0
Model_1_goa_pop_2023.dat 5 2035  F_Median 0
Model_1_goa_pop_2023.dat 5 2035  F_Mean 0
Model_1_goa_pop_2023.dat 5 2036 F0 0 
Model_1_goa_pop_2023.dat 5 2036 Fabc 0.0990105
Model_1_goa_pop_2023.dat 5 2036 Fofl 0.119243
Model_1_goa_pop_2023.dat 5 2036  F_LCI 0
Model_1_goa_pop_2023.dat 5 2036  F_UCI 0
Model_1_goa_pop_2023.dat 5 2036  F_Median 0
Model_1_goa_pop_2023.dat 5 2036  F_Mean 0
Model_1_goa_pop_2023.dat 6 2023 Cabc 25.3018
Model_1_goa_pop_2023.dat 6 2023 Cofl 27.0643
Model_1_goa_pop_2023.dat 6 2023 CLCI 29.7605
Model_1_goa_pop_2023.dat 6 2023 CUCI 29.7605
Model_1_goa_pop_2023.dat 6 2023 CMedian 29.7605
Model_1_goa_pop_2023.dat 6 2023 CMean 29.7605
Model_1_goa_pop_2023.dat 6 2024 Cabc 25.3018
Model_1_goa_pop_2023.dat 6 2024 Cofl 27.0643
Model_1_goa_pop_2023.dat 6 2024 CLCI 47.5207
Model_1_goa_pop_2023.dat 6 2024 CUCI 47.5218
Model_1_goa_pop_2023.dat 6 2024 CMedian 47.5211
Model_1_goa_pop_2023.dat 6 2024 CMean 47.5211
Model_1_goa_pop_2023.dat 6 2025 Cabc 25.3018
Model_1_goa_pop_2023.dat 6 2025 Cofl 27.0643
Model_1_goa_pop_2023.dat 6 2025 CLCI 44.4642
Model_1_goa_pop_2023.dat 6 2025 CUCI 44.487
Model_1_goa_pop_2023.dat 6 2025 CMedian 44.4713
Model_1_goa_pop_2023.dat 6 2025 CMean 44.4729
Model_1_goa_pop_2023.dat 6 2026 Cabc 25.3018
Model_1_goa_pop_2023.dat 6 2026 Cofl 27.0643
Model_1_goa_pop_2023.dat 6 2026 CLCI 41.5642
Model_1_goa_pop_2023.dat 6 2026 CUCI 41.691
Model_1_goa_pop_2023.dat 6 2026 CMedian 41.606
Model_1_goa_pop_2023.dat 6 2026 CMean 41.6141
Model_1_goa_pop_2023.dat 6 2027 Cabc 25.3018
Model_1_goa_pop_2023.dat 6 2027 Cofl 27.0643
Model_1_goa_pop_2023.dat 6 2027 CLCI 38.8031
Model_1_goa_pop_2023.dat 6 2027 CUCI 39.2065
Model_1_goa_pop_2023.dat 6 2027 CMedian 38.946
Model_1_goa_pop_2023.dat 6 2027 CMean 38.9707
Model_1_goa_pop_2023.dat 6 2028 Cabc 25.3018
Model_1_goa_pop_2023.dat 6 2028 Cofl 27.0643
Model_1_goa_pop_2023.dat 6 2028 CLCI 36.2098
Model_1_goa_pop_2023.dat 6 2028 CUCI 37.1553
Model_1_goa_pop_2023.dat 6 2028 CMedian 36.5521
Model_1_goa_pop_2023.dat 6 2028 CMean 36.606
Model_1_goa_pop_2023.dat 6 2029 Cabc 25.3018
Model_1_goa_pop_2023.dat 6 2029 Cofl 27.0643
Model_1_goa_pop_2023.dat 6 2029 CLCI 33.7853
Model_1_goa_pop_2023.dat 6 2029 CUCI 35.5567
Model_1_goa_pop_2023.dat 6 2029 CMedian 34.4553
Model_1_goa_pop_2023.dat 6 2029 CMean 34.5406
Model_1_goa_pop_2023.dat 6 2030 Cabc 25.3018
Model_1_goa_pop_2023.dat 6 2030 Cofl 27.0643
Model_1_goa_pop_2023.dat 6 2030 CLCI 31.6009
Model_1_goa_pop_2023.dat 6 2030 CUCI 34.5408
Model_1_goa_pop_2023.dat 6 2030 CMedian 32.6851
Model_1_goa_pop_2023.dat 6 2030 CMean 32.822
Model_1_goa_pop_2023.dat 6 2031 Cabc 25.3018
Model_1_goa_pop_2023.dat 6 2031 Cofl 27.0643
Model_1_goa_pop_2023.dat 6 2031 CLCI 29.6686
Model_1_goa_pop_2023.dat 6 2031 CUCI 33.7842
Model_1_goa_pop_2023.dat 6 2031 CMedian 31.247
Model_1_goa_pop_2023.dat 6 2031 CMean 31.435
Model_1_goa_pop_2023.dat 6 2032 Cabc 25.3018
Model_1_goa_pop_2023.dat 6 2032 Cofl 27.0643
Model_1_goa_pop_2023.dat 6 2032 CLCI 27.6069
Model_1_goa_pop_2023.dat 6 2032 CUCI 33.442
Model_1_goa_pop_2023.dat 6 2032 CMedian 30.103
Model_1_goa_pop_2023.dat 6 2032 CMean 30.3241
Model_1_goa_pop_2023.dat 6 2033 Cabc 25.3018
Model_1_goa_pop_2023.dat 6 2033 Cofl 27.0643
Model_1_goa_pop_2023.dat 6 2033 CLCI 25.0064
Model_1_goa_pop_2023.dat 6 2033 CUCI 33.4122
Model_1_goa_pop_2023.dat 6 2033 CMedian 29.3449
Model_1_goa_pop_2023.dat 6 2033 CMean 29.1724
Model_1_goa_pop_2023.dat 6 2034 Cabc 25.3018
Model_1_goa_pop_2023.dat 6 2034 Cofl 27.0643
Model_1_goa_pop_2023.dat 6 2034 CLCI 22.9096
Model_1_goa_pop_2023.dat 6 2034 CUCI 33.4603
Model_1_goa_pop_2023.dat 6 2034 CMedian 28.4609
Model_1_goa_pop_2023.dat 6 2034 CMean 28.2483
Model_1_goa_pop_2023.dat 6 2035 Cabc 25.3018
Model_1_goa_pop_2023.dat 6 2035 Cofl 27.0643
Model_1_goa_pop_2023.dat 6 2035 CLCI 21.6861
Model_1_goa_pop_2023.dat 6 2035 CUCI 33.3348
Model_1_goa_pop_2023.dat 6 2035 CMedian 27.5306
Model_1_goa_pop_2023.dat 6 2035 CMean 27.6155
Model_1_goa_pop_2023.dat 6 2036 Cabc 25.3018
Model_1_goa_pop_2023.dat 6 2036 Cofl 27.0643
Model_1_goa_pop_2023.dat 6 2036 CLCI 20.8789
Model_1_goa_pop_2023.dat 6 2036 CUCI 33.5347
Model_1_goa_pop_2023.dat 6 2036 CMedian 27.0628
Model_1_goa_pop_2023.dat 6 2036 CMean 27.2215
Model_1_goa_pop_2023.dat 6 2023 SSBF100 343.618
Model_1_goa_pop_2023.dat 6 2023 SSBFabc 137.447
Model_1_goa_pop_2023.dat 6 2023 SSBFofl 120.266
Model_1_goa_pop_2023.dat 6 2023 SSBLCI 234.446
Model_1_goa_pop_2023.dat 6 2023 SSBUCI 234.446
Model_1_goa_pop_2023.dat 6 2023 SSBMedian 234.446
Model_1_goa_pop_2023.dat 6 2023 SSBMean 234.446
Model_1_goa_pop_2023.dat 6 2024 SSBF100 343.618
Model_1_goa_pop_2023.dat 6 2024 SSBFabc 137.447
Model_1_goa_pop_2023.dat 6 2024 SSBFofl 120.266
Model_1_goa_pop_2023.dat 6 2024 SSBLCI 225.818
Model_1_goa_pop_2023.dat 6 2024 SSBUCI 225.846
Model_1_goa_pop_2023.dat 6 2024 SSBMedian 225.827
Model_1_goa_pop_2023.dat 6 2024 SSBMean 225.829
Model_1_goa_pop_2023.dat 6 2025 SSBF100 343.618
Model_1_goa_pop_2023.dat 6 2025 SSBFabc 137.447
Model_1_goa_pop_2023.dat 6 2025 SSBFofl 120.266
Model_1_goa_pop_2023.dat 6 2025 SSBLCI 212.36
Model_1_goa_pop_2023.dat 6 2025 SSBUCI 212.472
Model_1_goa_pop_2023.dat 6 2025 SSBMedian 212.399
Model_1_goa_pop_2023.dat 6 2025 SSBMean 212.405
Model_1_goa_pop_2023.dat 6 2026 SSBF100 343.618
Model_1_goa_pop_2023.dat 6 2026 SSBFabc 137.447
Model_1_goa_pop_2023.dat 6 2026 SSBFofl 120.266
Model_1_goa_pop_2023.dat 6 2026 SSBLCI 199.915
Model_1_goa_pop_2023.dat 6 2026 SSBUCI 200.263
Model_1_goa_pop_2023.dat 6 2026 SSBMedian 200.038
Model_1_goa_pop_2023.dat 6 2026 SSBMean 200.06
Model_1_goa_pop_2023.dat 6 2027 SSBF100 343.618
Model_1_goa_pop_2023.dat 6 2027 SSBFabc 137.447
Model_1_goa_pop_2023.dat 6 2027 SSBFofl 120.266
Model_1_goa_pop_2023.dat 6 2027 SSBLCI 188.001
Model_1_goa_pop_2023.dat 6 2027 SSBUCI 188.929
Model_1_goa_pop_2023.dat 6 2027 SSBMedian 188.333
Model_1_goa_pop_2023.dat 6 2027 SSBMean 188.388
Model_1_goa_pop_2023.dat 6 2028 SSBF100 343.618
Model_1_goa_pop_2023.dat 6 2028 SSBFabc 137.447
Model_1_goa_pop_2023.dat 6 2028 SSBFofl 120.266
Model_1_goa_pop_2023.dat 6 2028 SSBLCI 176.247
Model_1_goa_pop_2023.dat 6 2028 SSBUCI 178.413
Model_1_goa_pop_2023.dat 6 2028 SSBMedian 177.03
Model_1_goa_pop_2023.dat 6 2028 SSBMean 177.149
Model_1_goa_pop_2023.dat 6 2029 SSBF100 343.618
Model_1_goa_pop_2023.dat 6 2029 SSBFabc 137.447
Model_1_goa_pop_2023.dat 6 2029 SSBFofl 120.266
Model_1_goa_pop_2023.dat 6 2029 SSBLCI 164.754
Model_1_goa_pop_2023.dat 6 2029 SSBUCI 169.274
Model_1_goa_pop_2023.dat 6 2029 SSBMedian 166.435
Model_1_goa_pop_2023.dat 6 2029 SSBMean 166.658
Model_1_goa_pop_2023.dat 6 2030 SSBF100 343.618
Model_1_goa_pop_2023.dat 6 2030 SSBFabc 137.447
Model_1_goa_pop_2023.dat 6 2030 SSBFofl 120.266
Model_1_goa_pop_2023.dat 6 2030 SSBLCI 153.863
Model_1_goa_pop_2023.dat 6 2030 SSBUCI 162.232
Model_1_goa_pop_2023.dat 6 2030 SSBMedian 157.084
Model_1_goa_pop_2023.dat 6 2030 SSBMean 157.462
Model_1_goa_pop_2023.dat 6 2031 SSBF100 343.618
Model_1_goa_pop_2023.dat 6 2031 SSBFabc 137.447
Model_1_goa_pop_2023.dat 6 2031 SSBFofl 120.266
Model_1_goa_pop_2023.dat 6 2031 SSBLCI 144.037
Model_1_goa_pop_2023.dat 6 2031 SSBUCI 158.195
Model_1_goa_pop_2023.dat 6 2031 SSBMedian 149.392
Model_1_goa_pop_2023.dat 6 2031 SSBMean 150.003
Model_1_goa_pop_2023.dat 6 2032 SSBF100 343.618
Model_1_goa_pop_2023.dat 6 2032 SSBFabc 137.447
Model_1_goa_pop_2023.dat 6 2032 SSBFofl 120.266
Model_1_goa_pop_2023.dat 6 2032 SSBLCI 135.569
Model_1_goa_pop_2023.dat 6 2032 SSBUCI 155.988
Model_1_goa_pop_2023.dat 6 2032 SSBMedian 143.405
Model_1_goa_pop_2023.dat 6 2032 SSBMean 144.339
Model_1_goa_pop_2023.dat 6 2033 SSBF100 343.618
Model_1_goa_pop_2023.dat 6 2033 SSBFabc 137.447
Model_1_goa_pop_2023.dat 6 2033 SSBFofl 120.266
Model_1_goa_pop_2023.dat 6 2033 SSBLCI 128.695
Model_1_goa_pop_2023.dat 6 2033 SSBUCI 155.772
Model_1_goa_pop_2023.dat 6 2033 SSBMedian 138.927
Model_1_goa_pop_2023.dat 6 2033 SSBMean 140.274
Model_1_goa_pop_2023.dat 6 2034 SSBF100 343.618
Model_1_goa_pop_2023.dat 6 2034 SSBFabc 137.447
Model_1_goa_pop_2023.dat 6 2034 SSBFofl 120.266
Model_1_goa_pop_2023.dat 6 2034 SSBLCI 123.502
Model_1_goa_pop_2023.dat 6 2034 SSBUCI 156.468
Model_1_goa_pop_2023.dat 6 2034 SSBMedian 136.117
Model_1_goa_pop_2023.dat 6 2034 SSBMean 137.466
Model_1_goa_pop_2023.dat 6 2035 SSBF100 343.618
Model_1_goa_pop_2023.dat 6 2035 SSBFabc 137.447
Model_1_goa_pop_2023.dat 6 2035 SSBFofl 120.266
Model_1_goa_pop_2023.dat 6 2035 SSBLCI 119.771
Model_1_goa_pop_2023.dat 6 2035 SSBUCI 156.352
Model_1_goa_pop_2023.dat 6 2035 SSBMedian 133.756
Model_1_goa_pop_2023.dat 6 2035 SSBMean 135.524
Model_1_goa_pop_2023.dat 6 2036 SSBF100 343.618
Model_1_goa_pop_2023.dat 6 2036 SSBFabc 137.447
Model_1_goa_pop_2023.dat 6 2036 SSBFofl 120.266
Model_1_goa_pop_2023.dat 6 2036 SSBLCI 117.2
Model_1_goa_pop_2023.dat 6 2036 SSBUCI 155.338
Model_1_goa_pop_2023.dat 6 2036 SSBMedian 132.274
Model_1_goa_pop_2023.dat 6 2036 SSBMean 134.124
Model_1_goa_pop_2023.dat 6 2023 F0 0 
Model_1_goa_pop_2023.dat 6 2023 Fabc 0.0990105
Model_1_goa_pop_2023.dat 6 2023 Fofl 0.119243
Model_1_goa_pop_2023.dat 6 2023  F_LCI 0.0712498
Model_1_goa_pop_2023.dat 6 2023  F_UCI 0.0712498
Model_1_goa_pop_2023.dat 6 2023  F_Median 0.0712498
Model_1_goa_pop_2023.dat 6 2023  F_Mean 0.0712498
Model_1_goa_pop_2023.dat 6 2024 F0 0 
Model_1_goa_pop_2023.dat 6 2024 Fabc 0.0990105
Model_1_goa_pop_2023.dat 6 2024 Fofl 0.119243
Model_1_goa_pop_2023.dat 6 2024  F_LCI 0.119243
Model_1_goa_pop_2023.dat 6 2024  F_UCI 0.119243
Model_1_goa_pop_2023.dat 6 2024  F_Median 0.119243
Model_1_goa_pop_2023.dat 6 2024  F_Mean 0.119243
Model_1_goa_pop_2023.dat 6 2025 F0 0 
Model_1_goa_pop_2023.dat 6 2025 Fabc 0.0990105
Model_1_goa_pop_2023.dat 6 2025 Fofl 0.119243
Model_1_goa_pop_2023.dat 6 2025  F_LCI 0.119243
Model_1_goa_pop_2023.dat 6 2025  F_UCI 0.119243
Model_1_goa_pop_2023.dat 6 2025  F_Median 0.119243
Model_1_goa_pop_2023.dat 6 2025  F_Mean 0.119243
Model_1_goa_pop_2023.dat 6 2026 F0 0 
Model_1_goa_pop_2023.dat 6 2026 Fabc 0.0990105
Model_1_goa_pop_2023.dat 6 2026 Fofl 0.119243
Model_1_goa_pop_2023.dat 6 2026  F_LCI 0.119243
Model_1_goa_pop_2023.dat 6 2026  F_UCI 0.119243
Model_1_goa_pop_2023.dat 6 2026  F_Median 0.119243
Model_1_goa_pop_2023.dat 6 2026  F_Mean 0.119243
Model_1_goa_pop_2023.dat 6 2027 F0 0 
Model_1_goa_pop_2023.dat 6 2027 Fabc 0.0990105
Model_1_goa_pop_2023.dat 6 2027 Fofl 0.119243
Model_1_goa_pop_2023.dat 6 2027  F_LCI 0.119243
Model_1_goa_pop_2023.dat 6 2027  F_UCI 0.119243
Model_1_goa_pop_2023.dat 6 2027  F_Median 0.119243
Model_1_goa_pop_2023.dat 6 2027  F_Mean 0.119243
Model_1_goa_pop_2023.dat 6 2028 F0 0 
Model_1_goa_pop_2023.dat 6 2028 Fabc 0.0990105
Model_1_goa_pop_2023.dat 6 2028 Fofl 0.119243
Model_1_goa_pop_2023.dat 6 2028  F_LCI 0.119243
Model_1_goa_pop_2023.dat 6 2028  F_UCI 0.119243
Model_1_goa_pop_2023.dat 6 2028  F_Median 0.119243
Model_1_goa_pop_2023.dat 6 2028  F_Mean 0.119243
Model_1_goa_pop_2023.dat 6 2029 F0 0 
Model_1_goa_pop_2023.dat 6 2029 Fabc 0.0990105
Model_1_goa_pop_2023.dat 6 2029 Fofl 0.119243
Model_1_goa_pop_2023.dat 6 2029  F_LCI 0.119243
Model_1_goa_pop_2023.dat 6 2029  F_UCI 0.119243
Model_1_goa_pop_2023.dat 6 2029  F_Median 0.119243
Model_1_goa_pop_2023.dat 6 2029  F_Mean 0.119243
Model_1_goa_pop_2023.dat 6 2030 F0 0 
Model_1_goa_pop_2023.dat 6 2030 Fabc 0.0990105
Model_1_goa_pop_2023.dat 6 2030 Fofl 0.119243
Model_1_goa_pop_2023.dat 6 2030  F_LCI 0.119243
Model_1_goa_pop_2023.dat 6 2030  F_UCI 0.119243
Model_1_goa_pop_2023.dat 6 2030  F_Median 0.119243
Model_1_goa_pop_2023.dat 6 2030  F_Mean 0.119243
Model_1_goa_pop_2023.dat 6 2031 F0 0 
Model_1_goa_pop_2023.dat 6 2031 Fabc 0.0990105
Model_1_goa_pop_2023.dat 6 2031 Fofl 0.119243
Model_1_goa_pop_2023.dat 6 2031  F_LCI 0.119243
Model_1_goa_pop_2023.dat 6 2031  F_UCI 0.119243
Model_1_goa_pop_2023.dat 6 2031  F_Median 0.119243
Model_1_goa_pop_2023.dat 6 2031  F_Mean 0.119243
Model_1_goa_pop_2023.dat 6 2032 F0 0 
Model_1_goa_pop_2023.dat 6 2032 Fabc 0.0990105
Model_1_goa_pop_2023.dat 6 2032 Fofl 0.119243
Model_1_goa_pop_2023.dat 6 2032  F_LCI 0.117529
Model_1_goa_pop_2023.dat 6 2032  F_UCI 0.119243
Model_1_goa_pop_2023.dat 6 2032  F_Median 0.119243
Model_1_goa_pop_2023.dat 6 2032  F_Mean 0.119034
Model_1_goa_pop_2023.dat 6 2033 F0 0 
Model_1_goa_pop_2023.dat 6 2033 Fabc 0.0990105
Model_1_goa_pop_2023.dat 6 2033 Fofl 0.119243
Model_1_goa_pop_2023.dat 6 2033  F_LCI 0.111251
Model_1_goa_pop_2023.dat 6 2033  F_UCI 0.119243
Model_1_goa_pop_2023.dat 6 2033  F_Median 0.119243
Model_1_goa_pop_2023.dat 6 2033  F_Mean 0.1174
Model_1_goa_pop_2023.dat 6 2034 F0 0 
Model_1_goa_pop_2023.dat 6 2034 Fabc 0.0990105
Model_1_goa_pop_2023.dat 6 2034 Fofl 0.119243
Model_1_goa_pop_2023.dat 6 2034  F_LCI 0.106509
Model_1_goa_pop_2023.dat 6 2034  F_UCI 0.119243
Model_1_goa_pop_2023.dat 6 2034  F_Median 0.118029
Model_1_goa_pop_2023.dat 6 2034  F_Mean 0.115574
Model_1_goa_pop_2023.dat 6 2035 F0 0 
Model_1_goa_pop_2023.dat 6 2035 Fabc 0.0990105
Model_1_goa_pop_2023.dat 6 2035 Fofl 0.119243
Model_1_goa_pop_2023.dat 6 2035  F_LCI 0.103101
Model_1_goa_pop_2023.dat 6 2035  F_UCI 0.119243
Model_1_goa_pop_2023.dat 6 2035  F_Median 0.115873
Model_1_goa_pop_2023.dat 6 2035  F_Mean 0.114146
Model_1_goa_pop_2023.dat 6 2036 F0 0 
Model_1_goa_pop_2023.dat 6 2036 Fabc 0.0990105
Model_1_goa_pop_2023.dat 6 2036 Fofl 0.119243
Model_1_goa_pop_2023.dat 6 2036  F_LCI 0.100753
Model_1_goa_pop_2023.dat 6 2036  F_UCI 0.119243
Model_1_goa_pop_2023.dat 6 2036  F_Median 0.114519
Model_1_goa_pop_2023.dat 6 2036  F_Mean 0.113125
Model_1_goa_pop_2023.dat 7 2023 Cabc 25.3018
Model_1_goa_pop_2023.dat 7 2023 Cofl 27.0643
Model_1_goa_pop_2023.dat 7 2023 CLCI 29.7605
Model_1_goa_pop_2023.dat 7 2023 CUCI 29.7605
Model_1_goa_pop_2023.dat 7 2023 CMedian 29.7605
Model_1_goa_pop_2023.dat 7 2023 CMean 29.7605
Model_1_goa_pop_2023.dat 7 2024 Cabc 25.3018
Model_1_goa_pop_2023.dat 7 2024 Cofl 27.0643
Model_1_goa_pop_2023.dat 7 2024 CLCI 39.7644
Model_1_goa_pop_2023.dat 7 2024 CUCI 39.7653
Model_1_goa_pop_2023.dat 7 2024 CMedian 39.7647
Model_1_goa_pop_2023.dat 7 2024 CMean 39.7648
Model_1_goa_pop_2023.dat 7 2025 Cabc 25.3018
Model_1_goa_pop_2023.dat 7 2025 Cofl 27.0643
Model_1_goa_pop_2023.dat 7 2025 CLCI 37.7779
Model_1_goa_pop_2023.dat 7 2025 CUCI 37.7967
Model_1_goa_pop_2023.dat 7 2025 CMedian 37.7838
Model_1_goa_pop_2023.dat 7 2025 CMean 37.7851
Model_1_goa_pop_2023.dat 7 2026 Cabc 25.3018
Model_1_goa_pop_2023.dat 7 2026 Cofl 27.0643
Model_1_goa_pop_2023.dat 7 2026 CLCI 42.8158
Model_1_goa_pop_2023.dat 7 2026 CUCI 42.9427
Model_1_goa_pop_2023.dat 7 2026 CMedian 42.8577
Model_1_goa_pop_2023.dat 7 2026 CMean 42.8658
Model_1_goa_pop_2023.dat 7 2027 Cabc 25.3018
Model_1_goa_pop_2023.dat 7 2027 Cofl 27.0643
Model_1_goa_pop_2023.dat 7 2027 CLCI 39.9039
Model_1_goa_pop_2023.dat 7 2027 CUCI 40.3074
Model_1_goa_pop_2023.dat 7 2027 CMedian 40.0468
Model_1_goa_pop_2023.dat 7 2027 CMean 40.0715
Model_1_goa_pop_2023.dat 7 2028 Cabc 25.3018
Model_1_goa_pop_2023.dat 7 2028 Cofl 27.0643
Model_1_goa_pop_2023.dat 7 2028 CLCI 37.1676
Model_1_goa_pop_2023.dat 7 2028 CUCI 38.1133
Model_1_goa_pop_2023.dat 7 2028 CMedian 37.51
Model_1_goa_pop_2023.dat 7 2028 CMean 37.5638
Model_1_goa_pop_2023.dat 7 2029 Cabc 25.3018
Model_1_goa_pop_2023.dat 7 2029 Cofl 27.0643
Model_1_goa_pop_2023.dat 7 2029 CLCI 34.6097
Model_1_goa_pop_2023.dat 7 2029 CUCI 36.3814
Model_1_goa_pop_2023.dat 7 2029 CMedian 35.2797
Model_1_goa_pop_2023.dat 7 2029 CMean 35.3651
Model_1_goa_pop_2023.dat 7 2030 Cabc 25.3018
Model_1_goa_pop_2023.dat 7 2030 Cofl 27.0643
Model_1_goa_pop_2023.dat 7 2030 CLCI 32.3037
Model_1_goa_pop_2023.dat 7 2030 CUCI 35.2444
Model_1_goa_pop_2023.dat 7 2030 CMedian 33.3882
Model_1_goa_pop_2023.dat 7 2030 CMean 33.525
Model_1_goa_pop_2023.dat 7 2031 Cabc 25.3018
Model_1_goa_pop_2023.dat 7 2031 Cofl 27.0643
Model_1_goa_pop_2023.dat 7 2031 CLCI 30.2623
Model_1_goa_pop_2023.dat 7 2031 CUCI 34.3784
Model_1_goa_pop_2023.dat 7 2031 CMedian 31.8407
Model_1_goa_pop_2023.dat 7 2031 CMean 32.029
Model_1_goa_pop_2023.dat 7 2032 Cabc 25.3018
Model_1_goa_pop_2023.dat 7 2032 Cofl 27.0643
Model_1_goa_pop_2023.dat 7 2032 CLCI 28.5124
Model_1_goa_pop_2023.dat 7 2032 CUCI 33.9406
Model_1_goa_pop_2023.dat 7 2032 CMedian 30.6011
Model_1_goa_pop_2023.dat 7 2032 CMean 30.8624
Model_1_goa_pop_2023.dat 7 2033 Cabc 25.3018
Model_1_goa_pop_2023.dat 7 2033 Cofl 27.0643
Model_1_goa_pop_2023.dat 7 2033 CLCI 25.7853
Model_1_goa_pop_2023.dat 7 2033 CUCI 33.8275
Model_1_goa_pop_2023.dat 7 2033 CMedian 29.7617
Model_1_goa_pop_2023.dat 7 2033 CMean 29.7471
Model_1_goa_pop_2023.dat 7 2034 Cabc 25.3018
Model_1_goa_pop_2023.dat 7 2034 Cofl 27.0643
Model_1_goa_pop_2023.dat 7 2034 CLCI 23.5032
Model_1_goa_pop_2023.dat 7 2034 CUCI 33.8044
Model_1_goa_pop_2023.dat 7 2034 CMedian 28.9806
Model_1_goa_pop_2023.dat 7 2034 CMean 28.7527
Model_1_goa_pop_2023.dat 7 2035 Cabc 25.3018
Model_1_goa_pop_2023.dat 7 2035 Cofl 27.0643
Model_1_goa_pop_2023.dat 7 2035 CLCI 22.1181
Model_1_goa_pop_2023.dat 7 2035 CUCI 33.6194
Model_1_goa_pop_2023.dat 7 2035 CMedian 28.1178
Model_1_goa_pop_2023.dat 7 2035 CMean 28.0301
Model_1_goa_pop_2023.dat 7 2036 Cabc 25.3018
Model_1_goa_pop_2023.dat 7 2036 Cofl 27.0643
Model_1_goa_pop_2023.dat 7 2036 CLCI 21.2081
Model_1_goa_pop_2023.dat 7 2036 CUCI 33.7692
Model_1_goa_pop_2023.dat 7 2036 CMedian 27.486
Model_1_goa_pop_2023.dat 7 2036 CMean 27.551
Model_1_goa_pop_2023.dat 7 2023 SSBF100 343.618
Model_1_goa_pop_2023.dat 7 2023 SSBFabc 137.447
Model_1_goa_pop_2023.dat 7 2023 SSBFofl 120.266
Model_1_goa_pop_2023.dat 7 2023 SSBLCI 234.446
Model_1_goa_pop_2023.dat 7 2023 SSBUCI 234.446
Model_1_goa_pop_2023.dat 7 2023 SSBMedian 234.446
Model_1_goa_pop_2023.dat 7 2023 SSBMean 234.446
Model_1_goa_pop_2023.dat 7 2024 SSBF100 343.618
Model_1_goa_pop_2023.dat 7 2024 SSBFabc 137.447
Model_1_goa_pop_2023.dat 7 2024 SSBFofl 120.266
Model_1_goa_pop_2023.dat 7 2024 SSBLCI 227.018
Model_1_goa_pop_2023.dat 7 2024 SSBUCI 227.046
Model_1_goa_pop_2023.dat 7 2024 SSBMedian 227.026
Model_1_goa_pop_2023.dat 7 2024 SSBMean 227.028
Model_1_goa_pop_2023.dat 7 2025 SSBF100 343.618
Model_1_goa_pop_2023.dat 7 2025 SSBFabc 137.447
Model_1_goa_pop_2023.dat 7 2025 SSBFofl 120.266
Model_1_goa_pop_2023.dat 7 2025 SSBLCI 216.772
Model_1_goa_pop_2023.dat 7 2025 SSBUCI 216.885
Model_1_goa_pop_2023.dat 7 2025 SSBMedian 216.811
Model_1_goa_pop_2023.dat 7 2025 SSBMean 216.818
Model_1_goa_pop_2023.dat 7 2026 SSBF100 343.618
Model_1_goa_pop_2023.dat 7 2026 SSBFabc 137.447
Model_1_goa_pop_2023.dat 7 2026 SSBFofl 120.266
Model_1_goa_pop_2023.dat 7 2026 SSBLCI 205.962
Model_1_goa_pop_2023.dat 7 2026 SSBUCI 206.31
Model_1_goa_pop_2023.dat 7 2026 SSBMedian 206.085
Model_1_goa_pop_2023.dat 7 2026 SSBMean 206.107
Model_1_goa_pop_2023.dat 7 2027 SSBF100 343.618
Model_1_goa_pop_2023.dat 7 2027 SSBFabc 137.447
Model_1_goa_pop_2023.dat 7 2027 SSBFofl 120.266
Model_1_goa_pop_2023.dat 7 2027 SSBLCI 193.4
Model_1_goa_pop_2023.dat 7 2027 SSBUCI 194.328
Model_1_goa_pop_2023.dat 7 2027 SSBMedian 193.733
Model_1_goa_pop_2023.dat 7 2027 SSBMean 193.788
Model_1_goa_pop_2023.dat 7 2028 SSBF100 343.618
Model_1_goa_pop_2023.dat 7 2028 SSBFabc 137.447
Model_1_goa_pop_2023.dat 7 2028 SSBFofl 120.266
Model_1_goa_pop_2023.dat 7 2028 SSBLCI 181.019
Model_1_goa_pop_2023.dat 7 2028 SSBUCI 183.186
Model_1_goa_pop_2023.dat 7 2028 SSBMedian 181.803
Model_1_goa_pop_2023.dat 7 2028 SSBMean 181.922
Model_1_goa_pop_2023.dat 7 2029 SSBF100 343.618
Model_1_goa_pop_2023.dat 7 2029 SSBFabc 137.447
Model_1_goa_pop_2023.dat 7 2029 SSBFofl 120.266
Model_1_goa_pop_2023.dat 7 2029 SSBLCI 168.932
Model_1_goa_pop_2023.dat 7 2029 SSBUCI 173.453
Model_1_goa_pop_2023.dat 7 2029 SSBMedian 170.614
Model_1_goa_pop_2023.dat 7 2029 SSBMean 170.837
Model_1_goa_pop_2023.dat 7 2030 SSBF100 343.618
Model_1_goa_pop_2023.dat 7 2030 SSBFabc 137.447
Model_1_goa_pop_2023.dat 7 2030 SSBFofl 120.266
Model_1_goa_pop_2023.dat 7 2030 SSBLCI 157.491
Model_1_goa_pop_2023.dat 7 2030 SSBUCI 165.862
Model_1_goa_pop_2023.dat 7 2030 SSBMedian 160.713
Model_1_goa_pop_2023.dat 7 2030 SSBMean 161.091
Model_1_goa_pop_2023.dat 7 2031 SSBF100 343.618
Model_1_goa_pop_2023.dat 7 2031 SSBFabc 137.447
Model_1_goa_pop_2023.dat 7 2031 SSBFofl 120.266
Model_1_goa_pop_2023.dat 7 2031 SSBLCI 147.167
Model_1_goa_pop_2023.dat 7 2031 SSBUCI 161.326
Model_1_goa_pop_2023.dat 7 2031 SSBMedian 152.524
Model_1_goa_pop_2023.dat 7 2031 SSBMean 153.134
Model_1_goa_pop_2023.dat 7 2032 SSBF100 343.618
Model_1_goa_pop_2023.dat 7 2032 SSBFabc 137.447
Model_1_goa_pop_2023.dat 7 2032 SSBFofl 120.266
Model_1_goa_pop_2023.dat 7 2032 SSBLCI 138.199
Model_1_goa_pop_2023.dat 7 2032 SSBUCI 158.678
Model_1_goa_pop_2023.dat 7 2032 SSBMedian 146.096
Model_1_goa_pop_2023.dat 7 2032 SSBMean 147.023
Model_1_goa_pop_2023.dat 7 2033 SSBF100 343.618
Model_1_goa_pop_2023.dat 7 2033 SSBFabc 137.447
Model_1_goa_pop_2023.dat 7 2033 SSBFofl 120.266
Model_1_goa_pop_2023.dat 7 2033 SSBLCI 130.766
Model_1_goa_pop_2023.dat 7 2033 SSBUCI 158.077
Model_1_goa_pop_2023.dat 7 2033 SSBMedian 141.232
Model_1_goa_pop_2023.dat 7 2033 SSBMean 142.539
Model_1_goa_pop_2023.dat 7 2034 SSBF100 343.618
Model_1_goa_pop_2023.dat 7 2034 SSBFabc 137.447
Model_1_goa_pop_2023.dat 7 2034 SSBFofl 120.266
Model_1_goa_pop_2023.dat 7 2034 SSBLCI 125.209
Model_1_goa_pop_2023.dat 7 2034 SSBUCI 158.444
Model_1_goa_pop_2023.dat 7 2034 SSBMedian 138.051
Model_1_goa_pop_2023.dat 7 2034 SSBMean 139.333
Model_1_goa_pop_2023.dat 7 2035 SSBF100 343.618
Model_1_goa_pop_2023.dat 7 2035 SSBFabc 137.447
Model_1_goa_pop_2023.dat 7 2035 SSBFofl 120.266
Model_1_goa_pop_2023.dat 7 2035 SSBLCI 121.073
Model_1_goa_pop_2023.dat 7 2035 SSBUCI 158.044
Model_1_goa_pop_2023.dat 7 2035 SSBMedian 135.254
Model_1_goa_pop_2023.dat 7 2035 SSBMean 137.047
Model_1_goa_pop_2023.dat 7 2036 SSBF100 343.618
Model_1_goa_pop_2023.dat 7 2036 SSBFabc 137.447
Model_1_goa_pop_2023.dat 7 2036 SSBFofl 120.266
Model_1_goa_pop_2023.dat 7 2036 SSBLCI 118.282
Model_1_goa_pop_2023.dat 7 2036 SSBUCI 156.789
Model_1_goa_pop_2023.dat 7 2036 SSBMedian 133.458
Model_1_goa_pop_2023.dat 7 2036 SSBMean 135.359
Model_1_goa_pop_2023.dat 7 2023 F0 0 
Model_1_goa_pop_2023.dat 7 2023 Fabc 0.0990105
Model_1_goa_pop_2023.dat 7 2023 Fofl 0.119243
Model_1_goa_pop_2023.dat 7 2023  F_LCI 0.0712498
Model_1_goa_pop_2023.dat 7 2023  F_UCI 0.0712498
Model_1_goa_pop_2023.dat 7 2023  F_Median 0.0712498
Model_1_goa_pop_2023.dat 7 2023  F_Mean 0.0712498
Model_1_goa_pop_2023.dat 7 2024 F0 0 
Model_1_goa_pop_2023.dat 7 2024 Fabc 0.0990105
Model_1_goa_pop_2023.dat 7 2024 Fofl 0.119243
Model_1_goa_pop_2023.dat 7 2024  F_LCI 0.0990104
Model_1_goa_pop_2023.dat 7 2024  F_UCI 0.0990104
Model_1_goa_pop_2023.dat 7 2024  F_Median 0.0990104
Model_1_goa_pop_2023.dat 7 2024  F_Mean 0.0990104
Model_1_goa_pop_2023.dat 7 2025 F0 0 
Model_1_goa_pop_2023.dat 7 2025 Fabc 0.0990105
Model_1_goa_pop_2023.dat 7 2025 Fofl 0.119243
Model_1_goa_pop_2023.dat 7 2025  F_LCI 0.0990105
Model_1_goa_pop_2023.dat 7 2025  F_UCI 0.0990105
Model_1_goa_pop_2023.dat 7 2025  F_Median 0.0990105
Model_1_goa_pop_2023.dat 7 2025  F_Mean 0.0990105
Model_1_goa_pop_2023.dat 7 2026 F0 0 
Model_1_goa_pop_2023.dat 7 2026 Fabc 0.0990105
Model_1_goa_pop_2023.dat 7 2026 Fofl 0.119243
Model_1_goa_pop_2023.dat 7 2026  F_LCI 0.119243
Model_1_goa_pop_2023.dat 7 2026  F_UCI 0.119243
Model_1_goa_pop_2023.dat 7 2026  F_Median 0.119243
Model_1_goa_pop_2023.dat 7 2026  F_Mean 0.119243
Model_1_goa_pop_2023.dat 7 2027 F0 0 
Model_1_goa_pop_2023.dat 7 2027 Fabc 0.0990105
Model_1_goa_pop_2023.dat 7 2027 Fofl 0.119243
Model_1_goa_pop_2023.dat 7 2027  F_LCI 0.119243
Model_1_goa_pop_2023.dat 7 2027  F_UCI 0.119243
Model_1_goa_pop_2023.dat 7 2027  F_Median 0.119243
Model_1_goa_pop_2023.dat 7 2027  F_Mean 0.119243
Model_1_goa_pop_2023.dat 7 2028 F0 0 
Model_1_goa_pop_2023.dat 7 2028 Fabc 0.0990105
Model_1_goa_pop_2023.dat 7 2028 Fofl 0.119243
Model_1_goa_pop_2023.dat 7 2028  F_LCI 0.119243
Model_1_goa_pop_2023.dat 7 2028  F_UCI 0.119243
Model_1_goa_pop_2023.dat 7 2028  F_Median 0.119243
Model_1_goa_pop_2023.dat 7 2028  F_Mean 0.119243
Model_1_goa_pop_2023.dat 7 2029 F0 0 
Model_1_goa_pop_2023.dat 7 2029 Fabc 0.0990105
Model_1_goa_pop_2023.dat 7 2029 Fofl 0.119243
Model_1_goa_pop_2023.dat 7 2029  F_LCI 0.119243
Model_1_goa_pop_2023.dat 7 2029  F_UCI 0.119243
Model_1_goa_pop_2023.dat 7 2029  F_Median 0.119243
Model_1_goa_pop_2023.dat 7 2029  F_Mean 0.119243
Model_1_goa_pop_2023.dat 7 2030 F0 0 
Model_1_goa_pop_2023.dat 7 2030 Fabc 0.0990105
Model_1_goa_pop_2023.dat 7 2030 Fofl 0.119243
Model_1_goa_pop_2023.dat 7 2030  F_LCI 0.119243
Model_1_goa_pop_2023.dat 7 2030  F_UCI 0.119243
Model_1_goa_pop_2023.dat 7 2030  F_Median 0.119243
Model_1_goa_pop_2023.dat 7 2030  F_Mean 0.119243
Model_1_goa_pop_2023.dat 7 2031 F0 0 
Model_1_goa_pop_2023.dat 7 2031 Fabc 0.0990105
Model_1_goa_pop_2023.dat 7 2031 Fofl 0.119243
Model_1_goa_pop_2023.dat 7 2031  F_LCI 0.119243
Model_1_goa_pop_2023.dat 7 2031  F_UCI 0.119243
Model_1_goa_pop_2023.dat 7 2031  F_Median 0.119243
Model_1_goa_pop_2023.dat 7 2031  F_Mean 0.119243
Model_1_goa_pop_2023.dat 7 2032 F0 0 
Model_1_goa_pop_2023.dat 7 2032 Fabc 0.0990105
Model_1_goa_pop_2023.dat 7 2032 Fofl 0.119243
Model_1_goa_pop_2023.dat 7 2032  F_LCI 0.119243
Model_1_goa_pop_2023.dat 7 2032  F_UCI 0.119243
Model_1_goa_pop_2023.dat 7 2032  F_Median 0.119243
Model_1_goa_pop_2023.dat 7 2032  F_Mean 0.119214
Model_1_goa_pop_2023.dat 7 2033 F0 0 
Model_1_goa_pop_2023.dat 7 2033 Fabc 0.0990105
Model_1_goa_pop_2023.dat 7 2033 Fofl 0.119243
Model_1_goa_pop_2023.dat 7 2033  F_LCI 0.113143
Model_1_goa_pop_2023.dat 7 2033  F_UCI 0.119243
Model_1_goa_pop_2023.dat 7 2033  F_Median 0.119243
Model_1_goa_pop_2023.dat 7 2033  F_Mean 0.11815
Model_1_goa_pop_2023.dat 7 2034 F0 0 
Model_1_goa_pop_2023.dat 7 2034 Fabc 0.0990105
Model_1_goa_pop_2023.dat 7 2034 Fofl 0.119243
Model_1_goa_pop_2023.dat 7 2034  F_LCI 0.108067
Model_1_goa_pop_2023.dat 7 2034  F_UCI 0.119243
Model_1_goa_pop_2023.dat 7 2034  F_Median 0.119243
Model_1_goa_pop_2023.dat 7 2034  F_Mean 0.116412
Model_1_goa_pop_2023.dat 7 2035 F0 0 
Model_1_goa_pop_2023.dat 7 2035 Fabc 0.0990105
Model_1_goa_pop_2023.dat 7 2035 Fofl 0.119243
Model_1_goa_pop_2023.dat 7 2035  F_LCI 0.104291
Model_1_goa_pop_2023.dat 7 2035  F_UCI 0.119243
Model_1_goa_pop_2023.dat 7 2035  F_Median 0.117241
Model_1_goa_pop_2023.dat 7 2035  F_Mean 0.114916
Model_1_goa_pop_2023.dat 7 2036 F0 0 
Model_1_goa_pop_2023.dat 7 2036 Fabc 0.0990105
Model_1_goa_pop_2023.dat 7 2036 Fofl 0.119243
Model_1_goa_pop_2023.dat 7 2036  F_LCI 0.101742
Model_1_goa_pop_2023.dat 7 2036  F_UCI 0.119243
Model_1_goa_pop_2023.dat 7 2036  F_Median 0.115601
Model_1_goa_pop_2023.dat 7 2036  F_Mean 0.11378
