Alternative 1 Catch
     Model_1_goa_pop_2023.dat 
Equil_Fabc 25.3018 
Year 
2023 30.3807 
2024 39.7189 
2025 37.7438 
2026 35.8315 
2027 34.0102 
2028 32.3393 
2029 30.8421 
2030 29.5682 
2031 28.5161 
2032 27.6941 
2033 27.068 
2034 26.6019 
2035 26.2314 
2036 25.9578 

Alternative 1 ABCs
     Model_1_goa_pop_2023.dat 

Year 
2023  NA 
2024 39.7189 
2025 37.7438 
2026 35.8315 
2027 34.0102 
2028 32.3393 
2029 30.8421 
2030 29.5682 
2031 28.5161 
2032 27.6941 
2033 27.068 
2034 26.6019 
2035 26.2314 
2036 25.9578 

Alternative 1 TACs
     Model_1_goa_pop_2023.dat 

Year 
2023  NA 
2024 39.7189 
2025 37.7438 
2026 35.8315 
2027 34.0102 
2028 32.3393 
2029 30.8421 
2030 29.5682 
2031 28.5161 
2032 27.6941 
2033 27.068 
2034 26.6019 
2035 26.2314 
2036 25.9578 

Alternative 1 Sp_Biomass
     Model_1_goa_pop_2023.dat 
Equil_Fabc 137.447 
Year 
2023 234.352 
2024 226.765 
2025 216.578 
2026 206.974 
2027 197.586 
2028 188.193 
2029 179.136 
2030 170.996 
2031 164.278 
2032 159.101 
2033 155.297 
2034 152.525 
2035 150.497 
2036 148.985 

Alternative 1 Fishing Mortality
     Model_1_goa_pop_2023.dat 
Equil_Fabc 0.0990105 
Year 
2023 0.0727775 
2024 0.0990105 
2025 0.0990105 
2026 0.0990105 
2027 0.0990105 
2028 0.0990105 
2029 0.0990105 
2030 0.0990105 
2031 0.0990105 
2032 0.0990105 
2033 0.0990105 
2034 0.0989384 
2035 0.0986652 
2036 0.0982817 

Alternative 1 Biomass
     Model_1_goa_pop_2023.dat 

Year 
2023 670.712 
2024 650.027 
2025 620.476 
2026 594.237 
2027 571.809 
2028 552.928 
2029 537.405 
2030 525.006 
2031 515.3 
2032 507.707 
2033 501.798 
2034 497.181 
2035 493.581 
2036 490.662 

Alternative 1 Implied SPR rate 
     Model_1_goa_pop_2023.dat 
Equil_Fabc 0.4 
Year 
2023 0.485964 
2024 0.4 
2025 0.4 
2026 0.4 
2027 0.4 
2028 0.4 
2029 0.4 
2030 0.4 
2031 0.4 
2032 0.4 
2033 0.4 
2034 0.400203 
2035 0.400983 
2036 0.402093 

  Model_1_goa_pop_2023.dat 
EquilAvgAgeF0  12.2163 
EquilAvgAgeFabc  7.81304 
AvgAgeYr2036 8.4107 
Alternative 2 Catch
     Model_1_goa_pop_2023.dat 
Equil_Fabc 25.3018 
Year 
2023 30.3807 
2024 39.7189 
2025 37.7438 
2026 35.8315 
2027 34.0102 
2028 32.3393 
2029 30.8421 
2030 29.5682 
2031 28.5161 
2032 27.6941 
2033 27.068 
2034 26.6019 
2035 26.2314 
2036 25.9578 

Alternative 2 ABCs
     Model_1_goa_pop_2023.dat 

Year 
2023  NA 
2024 39.7189 
2025 37.7438 
2026 35.8315 
2027 34.0102 
2028 32.3393 
2029 30.8421 
2030 29.5682 
2031 28.5161 
2032 27.6941 
2033 27.068 
2034 26.6019 
2035 26.2314 
2036 25.9578 

Alternative 2 TACs
     Model_1_goa_pop_2023.dat 

Year 
2023  NA 
2024 39.7189 
2025 37.7438 
2026 35.8315 
2027 34.0102 
2028 32.3393 
2029 30.8421 
2030 29.5682 
2031 28.5161 
2032 27.6941 
2033 27.068 
2034 26.6019 
2035 26.2314 
2036 25.9578 

Alternative 2 Sp_Biomass
     Model_1_goa_pop_2023.dat 
Equil_Fabc 137.447 
Year 
2023 234.352 
2024 226.765 
2025 216.578 
2026 206.974 
2027 197.586 
2028 188.193 
2029 179.136 
2030 170.996 
2031 164.278 
2032 159.101 
2033 155.297 
2034 152.525 
2035 150.497 
2036 148.985 

Alternative 2 Fishing Mortality
     Model_1_goa_pop_2023.dat 
Equil_Fabc 0.0990105 
Year 
2023 0.0727775 
2024 0.0990105 
2025 0.0990105 
2026 0.0990105 
2027 0.0990105 
2028 0.0990105 
2029 0.0990105 
2030 0.0990105 
2031 0.0990105 
2032 0.0990105 
2033 0.0990105 
2034 0.0989384 
2035 0.0986652 
2036 0.0982817 

Alternative 2 Biomass
     Model_1_goa_pop_2023.dat 

Year 
2023 670.712 
2024 650.027 
2025 620.476 
2026 594.237 
2027 571.809 
2028 552.928 
2029 537.405 
2030 525.006 
2031 515.3 
2032 507.707 
2033 501.798 
2034 497.181 
2035 493.581 
2036 490.662 

Alternative 2 Implied SPR rate 
     Model_1_goa_pop_2023.dat 
Equil_Fabc 0.4 
Year 
2023 0.485964 
2024 0.4 
2025 0.4 
2026 0.4 
2027 0.4 
2028 0.4 
2029 0.4 
2030 0.4 
2031 0.4 
2032 0.4 
2033 0.4 
2034 0.400203 
2035 0.400983 
2036 0.402093 

  Model_1_goa_pop_2023.dat 
EquilAvgAgeF0  12.2163 
EquilAvgAgeFabc  7.81304 
AvgAgeYr2036 8.4107 
Alternative 3 Catch
     Model_1_goa_pop_2023.dat 
Equil_Fabc 25.3018 
Year 
2023 30.3807 
2024 20.2419 
2025 19.9689 
2026 19.644 
2027 19.281 
2028 18.9119 
2029 18.5503 
2030 18.2282 
2031 17.9514 
2032 17.7363 
2033 17.5747 
2034 17.4695 
2035 17.4108 
2036 17.3987 

Alternative 3 ABCs
     Model_1_goa_pop_2023.dat 

Year 
2023  NA 
2024 20.2419 
2025 19.9689 
2026 19.644 
2027 19.281 
2028 18.9119 
2029 18.5503 
2030 18.2282 
2031 17.9514 
2032 17.7363 
2033 17.5747 
2034 17.4695 
2035 17.4108 
2036 17.3987 

Alternative 3 TACs
     Model_1_goa_pop_2023.dat 

Year 
2023  NA 
2024 20.2419 
2025 19.9689 
2026 19.644 
2027 19.281 
2028 18.9119 
2029 18.5503 
2030 18.2282 
2031 17.9514 
2032 17.7363 
2033 17.5747 
2034 17.4695 
2035 17.4108 
2036 17.3987 

Alternative 3 Sp_Biomass
     Model_1_goa_pop_2023.dat 
Equil_Fabc 137.447 
Year 
2023 234.352 
2024 229.725 
2025 227.781 
2026 225.595 
2027 222.795 
2028 219.131 
2029 214.932 
2030 210.82 
2031 207.417 
2032 204.981 
2033 203.487 
2034 202.696 
2035 202.39 
2036 202.368 

Alternative 3 Fishing Mortality
     Model_1_goa_pop_2023.dat 
Equil_Fabc 0.0990105 
Year 
2023 0.0727775 
2024 0.0495053 
2025 0.0495053 
2026 0.0495053 
2027 0.0495053 
2028 0.0495053 
2029 0.0495053 
2030 0.0495053 
2031 0.0495053 
2032 0.0495053 
2033 0.0495053 
2034 0.0495053 
2035 0.0495053 
2036 0.0495053 

Alternative 3 Biomass
     Model_1_goa_pop_2023.dat 

Year 
2023 670.712 
2024 650.027 
2025 639.981 
2026 630.76 
2027 622.986 
2028 616.562 
2029 611.525 
2030 607.878 
2031 605.468 
2032 603.958 
2033 603.172 
2034 602.909 
2035 603.058 
2036 603.348 

Alternative 3 Implied SPR rate 
     Model_1_goa_pop_2023.dat 
Equil_Fabc 0.4 
Year 
2023 0.485964 
2024 0.592047 
2025 0.592047 
2026 0.592047 
2027 0.592047 
2028 0.592047 
2029 0.592047 
2030 0.592047 
2031 0.592047 
2032 0.592047 
2033 0.592047 
2034 0.592047 
2035 0.592047 
2036 0.592047 

  Model_1_goa_pop_2023.dat 
EquilAvgAgeF0  12.2163 
EquilAvgAgeFabc  7.81304 
AvgAgeYr2036 9.63522 
Alternative 4 Catch
     Model_1_goa_pop_2023.dat 
Equil_Fabc 25.3018 
Year 
2023 30.3807 
2024 25.975 
2025 25.3471 
2026 24.6769 
2027 23.9839 
2028 23.3101 
2029 22.6739 
2030 22.115 
2031 21.6396 
2032 21.2651 
2033 20.9782 
2034 20.7782 
2035 20.6488 
2036 20.5856 

Alternative 4 ABCs
     Model_1_goa_pop_2023.dat 

Year 
2023  NA 
2024 25.975 
2025 25.3471 
2026 24.6769 
2027 23.9839 
2028 23.3101 
2029 22.6739 
2030 22.115 
2031 21.6396 
2032 21.2651 
2033 20.9782 
2034 20.7782 
2035 20.6488 
2036 20.5856 

Alternative 4 TACs
     Model_1_goa_pop_2023.dat 

Year 
2023  NA 
2024 25.975 
2025 25.3471 
2026 24.6769 
2027 23.9839 
2028 23.3101 
2029 22.6739 
2030 22.115 
2031 21.6396 
2032 21.2651 
2033 20.9782 
2034 20.7782 
2035 20.6488 
2036 20.5856 

Alternative 4 Sp_Biomass
     Model_1_goa_pop_2023.dat 
Equil_Fabc 137.447 
Year 
2023 234.352 
2024 228.861 
2025 224.465 
2026 220.007 
2027 215.129 
2028 209.602 
2029 203.77 
2030 198.255 
2031 193.652 
2032 190.187 
2033 187.798 
2034 186.218 
2035 185.206 
2036 184.549 

Alternative 4 Fishing Mortality
     Model_1_goa_pop_2023.dat 
Equil_Fabc 0.0990105 
Year 
2023 0.0727775 
2024 0.0638806 
2025 0.0638806 
2026 0.0638806 
2027 0.0638806 
2028 0.0638806 
2029 0.0638806 
2030 0.0638806 
2031 0.0638806 
2032 0.0638806 
2033 0.0638806 
2034 0.0638806 
2035 0.0638806 
2036 0.0638806 

Alternative 4 Biomass
     Model_1_goa_pop_2023.dat 

Year 
2023 670.712 
2024 650.027 
2025 634.24 
2026 619.865 
2027 607.52 
2028 597.088 
2029 588.567 
2030 581.911 
2031 576.904 
2032 573.155 
2033 570.423 
2034 568.457 
2035 567.099 
2036 566.047 

Alternative 4 Implied SPR rate 
     Model_1_goa_pop_2023.dat 
Equil_Fabc 0.4 
Year 
2023 0.485964 
2024 0.522482 
2025 0.522482 
2026 0.522482 
2027 0.522482 
2028 0.522482 
2029 0.522482 
2030 0.522482 
2031 0.522482 
2032 0.522482 
2033 0.522482 
2034 0.522482 
2035 0.522482 
2036 0.522482 

  Model_1_goa_pop_2023.dat 
EquilAvgAgeF0  12.2163 
EquilAvgAgeFabc  7.81304 
AvgAgeYr2036 9.25013 
Alternative 5 Catch
     Model_1_goa_pop_2023.dat 
Equil_Fabc 25.3018 
Year 
2023 30.3807 
2024  NA 
2025  NA 
2026  NA 
2027  NA 
2028  NA 
2029  NA 
2030  NA 
2031  NA 
2032  NA 
2033  NA 
2034  NA 
2035  NA 
2036  NA 

Alternative 5 ABCs
     Model_1_goa_pop_2023.dat 

Year 
2023  NA 
2024  NA 
2025  NA 
2026  NA 
2027  NA 
2028  NA 
2029  NA 
2030  NA 
2031  NA 
2032  NA 
2033  NA 
2034  NA 
2035  NA 
2036  NA 

Alternative 5 TACs
     Model_1_goa_pop_2023.dat 

Year 
2023  NA 
2024  NA 
2025  NA 
2026  NA 
2027  NA 
2028  NA 
2029  NA 
2030  NA 
2031  NA 
2032  NA 
2033  NA 
2034  NA 
2035  NA 
2036  NA 

Alternative 5 Sp_Biomass
     Model_1_goa_pop_2023.dat 
Equil_Fabc 137.447 
Year 
2023 234.352 
2024 232.726 
2025 239.611 
2026 246.048 
2027 251.57 
2028 255.796 
2029 258.934 
2030 261.545 
2031 264.271 
2032 267.433 
2033 271.096 
2034 275.082 
2035 279.233 
2036 283.371 

Alternative 5 Fishing Mortality
     Model_1_goa_pop_2023.dat 
Equil_Fabc 0.0990105 
Year 
2023 0.0727775 
2024  NA 
2025  NA 
2026  NA 
2027  NA 
2028  NA 
2029  NA 
2030  NA 
2031  NA 
2032  NA 
2033  NA 
2034  NA 
2035  NA 
2036  NA 

Alternative 5 Biomass
     Model_1_goa_pop_2023.dat 

Year 
2023 670.712 
2024 650.027 
2025 660.255 
2026 670.198 
2027 680.362 
2028 690.577 
2029 700.886 
2030 711.319 
2031 721.82 
2032 732.136 
2033 742.225 
2034 751.983 
2035 761.424 
2036 770.338 

Alternative 5 Implied SPR rate 
     Model_1_goa_pop_2023.dat 
Equil_Fabc 0.4 
Year 
2023 0.485964 
2024 1 
2025 1 
2026 1 
2027 1 
2028 1 
2029 1 
2030 1 
2031 1 
2032 1 
2033 1 
2034 1 
2035 1 
2036 1 

  Model_1_goa_pop_2023.dat 
EquilAvgAgeF0  12.2163 
EquilAvgAgeFabc  7.81304 
AvgAgeYr2036 11.1393 
Alternative 6 Catch
     Model_1_goa_pop_2023.dat 
Equil_Fabc 25.3018 
Year 
2023 30.3807 
2024 47.4663 
2025 44.4244 
2026 41.5716 
2027 38.9327 
2028 36.5687 
2029 34.4983 
2030 32.7679 
2031 31.3641 
2032 30.2341 
2033 29.0454 
2034 28.1031 
2035 27.4655 
2036 27.086 

Alternative 6 ABCs
     Model_1_goa_pop_2023.dat 

Year 
2023 48.8962 
2024 47.4663 
2025 44.4244 
2026 41.5716 
2027 38.9327 
2028 36.5687 
2029 34.4983 
2030 32.7679 
2031 31.3641 
2032 30.2341 
2033 29.0454 
2034 28.1031 
2035 27.4655 
2036 27.086 

Alternative 6 TACs
     Model_1_goa_pop_2023.dat 

Year 
2023  NA 
2024 47.4663 
2025 44.4244 
2026 41.5716 
2027 38.9327 
2028 36.5687 
2029 34.4983 
2030 32.7679 
2031 31.3641 
2032 30.2341 
2033 29.0454 
2034 28.1031 
2035 27.4655 
2036 27.086 

Alternative 6 Sp_Biomass
     Model_1_goa_pop_2023.dat 
Equil_Fabc 137.447 
Year 
2023 234.352 
2024 225.567 
2025 212.171 
2026 199.85 
2027 188.2 
2028 176.975 
2029 166.485 
2030 157.267 
2031 149.755 
2032 144.003 
2033 139.836 
2034 136.951 
2035 134.99 
2036 133.641 

Alternative 6 Fishing Mortality
     Model_1_goa_pop_2023.dat 
Equil_Fabc 0.0990105 
Year 
2023 0.0727775 
2024 0.119243 
2025 0.119243 
2026 0.119243 
2027 0.119243 
2028 0.119243 
2029 0.119243 
2030 0.119243 
2031 0.119243 
2032 0.11903 
2033 0.117295 
2034 0.115409 
2035 0.113944 
2036 0.112938 

Alternative 6 Biomass
     Model_1_goa_pop_2023.dat 

Year 
2023 670.712 
2024 650.027 
2025 612.719 
2026 580.096 
2027 552.507 
2028 529.539 
2029 510.835 
2030 496.004 
2031 484.457 
2032 475.479 
2033 468.566 
2034 463.565 
2035 460.084 
2036 457.561 

Alternative 6 Implied SPR rate 
     Model_1_goa_pop_2023.dat 
Equil_Fabc 0.4 
Year 
2023 0.485964 
2024 0.35 
2025 0.35 
2026 0.35 
2027 0.35 
2028 0.35 
2029 0.35 
2030 0.35 
2031 0.35 
2032 0.350475 
2033 0.354434 
2034 0.358879 
2035 0.362423 
2036 0.364904 

  Model_1_goa_pop_2023.dat 
EquilAvgAgeF0  12.2163 
EquilAvgAgeFabc  7.81304 
AvgAgeYr2036 8.01756 
Alternative 7 Catch
     Model_1_goa_pop_2023.dat 
Equil_Fabc 25.3018 
Year 
2023 30.3807 
2024 39.7189 
2025 37.7438 
2026 42.8218 
2027 40.0322 
2028 37.5255 
2029 35.3219 
2030 33.4702 
2031 31.9574 
2032 30.7716 
2033 29.6293 
2034 28.6093 
2035 27.8811 
2036 27.4166 

Alternative 7 ABCs
     Model_1_goa_pop_2023.dat 

Year 
2023 48.8962 
2024 47.4663 
2025 45.1067 
2026 42.8218 
2027 40.0322 
2028 37.5255 
2029 35.3219 
2030 33.4702 
2031 31.9574 
2032 30.7716 
2033 29.6293 
2034 28.6093 
2035 27.8811 
2036 27.4166 

Alternative 7 TACs
     Model_1_goa_pop_2023.dat 

Year 
2023  NA 
2024 47.4663 
2025 45.1067 
2026 42.8218 
2027 40.0322 
2028 37.5255 
2029 35.3219 
2030 33.4702 
2031 31.9574 
2032 30.7716 
2033 29.6293 
2034 28.6093 
2035 27.8811 
2036 27.4166 

Alternative 7 Sp_Biomass
     Model_1_goa_pop_2023.dat 
Equil_Fabc 137.447 
Year 
2023 234.352 
2024 226.765 
2025 216.578 
2026 205.891 
2027 193.593 
2028 181.742 
2029 170.659 
2030 160.892 
2031 152.883 
2032 146.684 
2033 142.097 
2034 138.811 
2035 136.506 
2036 134.869 

Alternative 7 Fishing Mortality
     Model_1_goa_pop_2023.dat 
Equil_Fabc 0.0990105 
Year 
2023 0.0727775 
2024 0.0990105 
2025 0.0990105 
2026 0.119243 
2027 0.119243 
2028 0.119243 
2029 0.119243 
2030 0.119243 
2031 0.119243 
2032 0.119209 
2033 0.11809 
2034 0.116263 
2035 0.114727 
2036 0.113605 

Alternative 7 Biomass
     Model_1_goa_pop_2023.dat 

Year 
2023 670.712 
2024 650.027 
2025 620.476 
2026 594.237 
2027 564.813 
2028 540.181 
2029 519.994 
2030 503.857 
2031 491.172 
2032 481.211 
2033 473.418 
2034 467.531 
2035 463.287 
2036 460.13 

Alternative 7 Implied SPR rate 
     Model_1_goa_pop_2023.dat 
Equil_Fabc 0.4 
Year 
2023 0.485964 
2024 0.4 
2025 0.4 
2026 0.35 
2027 0.35 
2028 0.35 
2029 0.35 
2030 0.35 
2031 0.35 
2032 0.350077 
2033 0.352609 
2034 0.356864 
2035 0.360541 
2036 0.363284 

  Model_1_goa_pop_2023.dat 
EquilAvgAgeF0  12.2163 
EquilAvgAgeFabc  7.81304 
AvgAgeYr2036 8.0598 
