Alternative 1 Catch
     Model_1_goa_pop_2023.dat 
Equil_Fabc 25.3018 
Year 
2023 30.3807 
2024 31.454 
2025 29.89 
2026 37.004 
2027 35.0585 
2028 33.2665 
2029 31.6533 
2030 30.2711 
2031 29.1195 
2032 28.2083 
2033 27.5029 
2034 26.9799 
2035 26.5724 
2036 26.2616 

Alternative 1 ABCs
     Model_1_goa_pop_2023.dat 

Year 
2023  NA 
2024  NA 
2025  NA 
2026 37.004 
2027 35.0585 
2028 33.2665 
2029 31.6533 
2030 30.2711 
2031 29.1195 
2032 28.2083 
2033 27.5029 
2034 26.9799 
2035 26.5724 
2036 26.2616 

Alternative 1 TACs
     Model_1_goa_pop_2023.dat 

Year 
2023  NA 
2024  NA 
2025  NA 
2026 37.004 
2027 35.0585 
2028 33.2665 
2029 31.6533 
2030 30.2711 
2031 29.1195 
2032 28.2083 
2033 27.5029 
2034 26.9799 
2035 26.5724 
2036 26.2616 

Alternative 1 Sp_Biomass
     Model_1_goa_pop_2023.dat 
Equil_Fabc 137.447 
Year 
2023 234.352 
2024 228.03 
2025 221.384 
2026 213.773 
2027 203.755 
2028 193.734 
2029 184.065 
2030 175.345 
2031 168.09 
2032 162.428 
2033 158.192 
2034 155.04 
2035 152.676 
2036 150.862 

Alternative 1 Fishing Mortality
     Model_1_goa_pop_2023.dat 
Equil_Fabc 0.0990105 
Year 
2023 0.0727775 
2024 0.0777704 
2025 0.0764967 
2026 0.0990105 
2027 0.0990105 
2028 0.0990105 
2029 0.0990105 
2030 0.0990105 
2031 0.0990105 
2032 0.0990105 
2033 0.0990105 
2034 0.0989919 
2035 0.0988243 
2036 0.0985101 

Alternative 1 Biomass
     Model_1_goa_pop_2023.dat 

Year 
2023 670.712 
2024 650.027 
2025 628.753 
2026 610.049 
2027 585.787 
2028 565.212 
2029 548.15 
2030 534.368 
2031 523.435 
2032 514.764 
2033 507.915 
2034 502.483 
2035 498.17 
2036 494.613 

Alternative 1 Implied SPR rate 
     Model_1_goa_pop_2023.dat 
Equil_Fabc 0.4 
Year 
2023 0.485964 
2024 0.467306 
2025 0.471949 
2026 0.4 
2027 0.4 
2028 0.4 
2029 0.4 
2030 0.4 
2031 0.4 
2032 0.4 
2033 0.4 
2034 0.400052 
2035 0.400529 
2036 0.401433 

  Model_1_goa_pop_2023.dat 
EquilAvgAgeF0  12.2163 
EquilAvgAgeFabc  7.81304 
AvgAgeYr2036 8.46909 
Alternative 2 Catch
     Model_1_goa_pop_2023.dat 
Equil_Fabc 25.3018 
Year 
2023 30.3807 
2024 31.454 
2025 29.89 
2026 37.004 
2027 35.0585 
2028 33.2665 
2029 31.6533 
2030 30.2711 
2031 29.1195 
2032 28.2083 
2033 27.5029 
2034 26.9799 
2035 26.5724 
2036 26.2616 

Alternative 2 ABCs
     Model_1_goa_pop_2023.dat 

Year 
2023  NA 
2024  NA 
2025  NA 
2026 37.004 
2027 35.0585 
2028 33.2665 
2029 31.6533 
2030 30.2711 
2031 29.1195 
2032 28.2083 
2033 27.5029 
2034 26.9799 
2035 26.5724 
2036 26.2616 

Alternative 2 TACs
     Model_1_goa_pop_2023.dat 

Year 
2023  NA 
2024  NA 
2025  NA 
2026 37.004 
2027 35.0585 
2028 33.2665 
2029 31.6533 
2030 30.2711 
2031 29.1195 
2032 28.2083 
2033 27.5029 
2034 26.9799 
2035 26.5724 
2036 26.2616 

Alternative 2 Sp_Biomass
     Model_1_goa_pop_2023.dat 
Equil_Fabc 137.447 
Year 
2023 234.352 
2024 228.03 
2025 221.384 
2026 213.773 
2027 203.755 
2028 193.734 
2029 184.065 
2030 175.345 
2031 168.09 
2032 162.428 
2033 158.192 
2034 155.04 
2035 152.676 
2036 150.862 

Alternative 2 Fishing Mortality
     Model_1_goa_pop_2023.dat 
Equil_Fabc 0.0990105 
Year 
2023 0.0727775 
2024 0.0777704 
2025 0.0764967 
2026 0.0990105 
2027 0.0990105 
2028 0.0990105 
2029 0.0990105 
2030 0.0990105 
2031 0.0990105 
2032 0.0990105 
2033 0.0990105 
2034 0.0989919 
2035 0.0988243 
2036 0.0985101 

Alternative 2 Biomass
     Model_1_goa_pop_2023.dat 

Year 
2023 670.712 
2024 650.027 
2025 628.753 
2026 610.049 
2027 585.787 
2028 565.212 
2029 548.15 
2030 534.368 
2031 523.435 
2032 514.764 
2033 507.915 
2034 502.483 
2035 498.17 
2036 494.613 

Alternative 2 Implied SPR rate 
     Model_1_goa_pop_2023.dat 
Equil_Fabc 0.4 
Year 
2023 0.485964 
2024 0.467306 
2025 0.471949 
2026 0.4 
2027 0.4 
2028 0.4 
2029 0.4 
2030 0.4 
2031 0.4 
2032 0.4 
2033 0.4 
2034 0.400052 
2035 0.400529 
2036 0.401433 

  Model_1_goa_pop_2023.dat 
EquilAvgAgeF0  12.2163 
EquilAvgAgeFabc  7.81304 
AvgAgeYr2036 8.46909 
Alternative 3 Catch
     Model_1_goa_pop_2023.dat 
Equil_Fabc 25.3018 
Year 
2023 30.3807 
2024 31.454 
2025 29.89 
2026 18.858 
2027 18.5489 
2028 18.2376 
2029 17.9361 
2030 17.6741 
2031 17.4564 
2032 17.2976 
2033 17.189 
2034 17.1324 
2035 17.1177 
2036 17.1443 

Alternative 3 ABCs
     Model_1_goa_pop_2023.dat 

Year 
2023  NA 
2024  NA 
2025  NA 
2026 18.858 
2027 18.5489 
2028 18.2376 
2029 17.9361 
2030 17.6741 
2031 17.4564 
2032 17.2976 
2033 17.189 
2034 17.1324 
2035 17.1177 
2036 17.1443 

Alternative 3 TACs
     Model_1_goa_pop_2023.dat 

Year 
2023  NA 
2024  NA 
2025  NA 
2026 18.858 
2027 18.5489 
2028 18.2376 
2029 17.9361 
2030 17.6741 
2031 17.4564 
2032 17.2976 
2033 17.189 
2034 17.1324 
2035 17.1177 
2036 17.1443 

Alternative 3 Sp_Biomass
     Model_1_goa_pop_2023.dat 
Equil_Fabc 137.447 
Year 
2023 234.352 
2024 228.03 
2025 221.384 
2026 216.543 
2027 214.248 
2028 211.145 
2029 207.542 
2030 204.039 
2031 201.235 
2032 199.373 
2033 198.416 
2034 198.12 
2035 198.264 
2036 198.65 

Alternative 3 Fishing Mortality
     Model_1_goa_pop_2023.dat 
Equil_Fabc 0.0990105 
Year 
2023 0.0727775 
2024 0.0777704 
2025 0.0764967 
2026 0.0495053 
2027 0.0495053 
2028 0.0495053 
2029 0.0495053 
2030 0.0495053 
2031 0.0495053 
2032 0.0495053 
2033 0.0495053 
2034 0.0495053 
2035 0.0495053 
2036 0.0495053 

Alternative 3 Biomass
     Model_1_goa_pop_2023.dat 

Year 
2023 670.712 
2024 650.027 
2025 628.753 
2026 610.049 
2027 603.943 
2028 599.149 
2029 595.674 
2030 593.504 
2031 592.468 
2032 592.228 
2033 592.6 
2034 593.39 
2035 594.488 
2036 595.633 

Alternative 3 Implied SPR rate 
     Model_1_goa_pop_2023.dat 
Equil_Fabc 0.4 
Year 
2023 0.485964 
2024 0.467306 
2025 0.471949 
2026 0.592047 
2027 0.592047 
2028 0.592047 
2029 0.592047 
2030 0.592047 
2031 0.592047 
2032 0.592047 
2033 0.592047 
2034 0.592047 
2035 0.592047 
2036 0.592047 

  Model_1_goa_pop_2023.dat 
EquilAvgAgeF0  12.2163 
EquilAvgAgeFabc  7.81304 
AvgAgeYr2036 9.53787 
Alternative 4 Catch
     Model_1_goa_pop_2023.dat 
Equil_Fabc 25.3018 
Year 
2023 30.3807 
2024 31.454 
2025 29.89 
2026 24.1992 
2027 23.5444 
2028 22.9102 
2029 22.3139 
2030 21.7941 
2031 21.3563 
2032 21.017 
2033 20.7625 
2034 20.5917 
2035 20.4884 
2036 20.4478 

Alternative 4 ABCs
     Model_1_goa_pop_2023.dat 

Year 
2023  NA 
2024  NA 
2025  NA 
2026 24.1992 
2027 23.5444 
2028 22.9102 
2029 22.3139 
2030 21.7941 
2031 21.3563 
2032 21.017 
2033 20.7625 
2034 20.5917 
2035 20.4884 
2036 20.4478 

Alternative 4 TACs
     Model_1_goa_pop_2023.dat 

Year 
2023  NA 
2024  NA 
2025  NA 
2026 24.1992 
2027 23.5444 
2028 22.9102 
2029 22.3139 
2030 21.7941 
2031 21.3563 
2032 21.017 
2033 20.7625 
2034 20.5917 
2035 20.4884 
2036 20.4478 

Alternative 4 Sp_Biomass
     Model_1_goa_pop_2023.dat 
Equil_Fabc 137.447 
Year 
2023 234.352 
2024 228.03 
2025 221.384 
2026 215.734 
2027 211.143 
2028 205.921 
2029 200.403 
2030 195.201 
2031 190.899 
2032 187.719 
2033 185.591 
2034 184.248 
2035 183.448 
2036 182.981 

Alternative 4 Fishing Mortality
     Model_1_goa_pop_2023.dat 
Equil_Fabc 0.0990105 
Year 
2023 0.0727775 
2024 0.0777704 
2025 0.0764967 
2026 0.0638806 
2027 0.0638806 
2028 0.0638806 
2029 0.0638806 
2030 0.0638806 
2031 0.0638806 
2032 0.0638806 
2033 0.0638806 
2034 0.0638806 
2035 0.0638806 
2036 0.0638806 

Alternative 4 Biomass
     Model_1_goa_pop_2023.dat 

Year 
2023 670.712 
2024 650.027 
2025 628.753 
2026 610.049 
2027 598.598 
2028 589.025 
2029 581.312 
2030 575.409 
2031 571.093 
2032 567.971 
2033 565.804 
2034 564.344 
2035 563.436 
2036 562.783 

Alternative 4 Implied SPR rate 
     Model_1_goa_pop_2023.dat 
Equil_Fabc 0.4 
Year 
2023 0.485964 
2024 0.467306 
2025 0.471949 
2026 0.522482 
2027 0.522482 
2028 0.522482 
2029 0.522482 
2030 0.522482 
2031 0.522482 
2032 0.522482 
2033 0.522482 
2034 0.522482 
2035 0.522482 
2036 0.522482 

  Model_1_goa_pop_2023.dat 
EquilAvgAgeF0  12.2163 
EquilAvgAgeFabc  7.81304 
AvgAgeYr2036 9.20672 
Alternative 5 Catch
     Model_1_goa_pop_2023.dat 
Equil_Fabc 25.3018 
Year 
2023 30.3807 
2024 31.454 
2025 29.89 
2026  NA 
2027  NA 
2028  NA 
2029  NA 
2030  NA 
2031  NA 
2032  NA 
2033  NA 
2034  NA 
2035  NA 
2036  NA 

Alternative 5 ABCs
     Model_1_goa_pop_2023.dat 

Year 
2023  NA 
2024  NA 
2025  NA 
2026  NA 
2027  NA 
2028  NA 
2029  NA 
2030  NA 
2031  NA 
2032  NA 
2033  NA 
2034  NA 
2035  NA 
2036  NA 

Alternative 5 TACs
     Model_1_goa_pop_2023.dat 

Year 
2023  NA 
2024  NA 
2025  NA 
2026  NA 
2027  NA 
2028  NA 
2029  NA 
2030  NA 
2031  NA 
2032  NA 
2033  NA 
2034  NA 
2035  NA 
2036  NA 

Alternative 5 Sp_Biomass
     Model_1_goa_pop_2023.dat 
Equil_Fabc 137.447 
Year 
2023 234.352 
2024 228.03 
2025 221.384 
2026 219.351 
2027 225.324 
2028 230.264 
2029 234.34 
2030 238.054 
2031 241.984 
2032 246.401 
2033 251.323 
2034 256.548 
2035 261.893 
2036 267.177 

Alternative 5 Fishing Mortality
     Model_1_goa_pop_2023.dat 
Equil_Fabc 0.0990105 
Year 
2023 0.0727775 
2024 0.0777704 
2025 0.0764967 
2026  NA 
2027  NA 
2028  NA 
2029  NA 
2030  NA 
2031  NA 
2032  NA 
2033  NA 
2034  NA 
2035  NA 
2036  NA 

Alternative 5 Biomass
     Model_1_goa_pop_2023.dat 

Year 
2023 670.712 
2024 650.027 
2025 628.753 
2026 610.049 
2027 622.814 
2028 635.795 
2029 648.954 
2030 662.267 
2031 675.623 
2032 688.741 
2033 701.543 
2034 713.911 
2035 725.839 
2036 737.121 

Alternative 5 Implied SPR rate 
     Model_1_goa_pop_2023.dat 
Equil_Fabc 0.4 
Year 
2023 0.485964 
2024 0.467306 
2025 0.471949 
2026 1 
2027 1 
2028 1 
2029 1 
2030 1 
2031 1 
2032 1 
2033 1 
2034 1 
2035 1 
2036 1 

  Model_1_goa_pop_2023.dat 
EquilAvgAgeF0  12.2163 
EquilAvgAgeFabc  7.81304 
AvgAgeYr2036 10.8015 
Alternative 6 Catch
     Model_1_goa_pop_2023.dat 
Equil_Fabc 25.3018 
Year 
2023 30.3807 
2024 47.4663 
2025 44.4244 
2026 41.5716 
2027 38.9327 
2028 36.5687 
2029 34.4983 
2030 32.7679 
2031 31.3641 
2032 30.2341 
2033 29.0455 
2034 28.1031 
2035 27.4655 
2036 27.086 

Alternative 6 ABCs
     Model_1_goa_pop_2023.dat 

Year 
2023 48.8962 
2024 47.4663 
2025 44.4244 
2026 41.5716 
2027 38.9327 
2028 36.5687 
2029 34.4983 
2030 32.7679 
2031 31.3641 
2032 30.2341 
2033 29.0455 
2034 28.1031 
2035 27.4655 
2036 27.086 

Alternative 6 TACs
     Model_1_goa_pop_2023.dat 

Year 
2023  NA 
2024 47.4663 
2025 44.4244 
2026 41.5716 
2027 38.9327 
2028 36.5687 
2029 34.4983 
2030 32.7679 
2031 31.3641 
2032 30.2341 
2033 29.0455 
2034 28.1031 
2035 27.4655 
2036 27.086 

Alternative 6 Sp_Biomass
     Model_1_goa_pop_2023.dat 
Equil_Fabc 137.447 
Year 
2023 234.352 
2024 225.567 
2025 212.171 
2026 199.85 
2027 188.2 
2028 176.975 
2029 166.485 
2030 157.267 
2031 149.755 
2032 144.003 
2033 139.836 
2034 136.951 
2035 134.99 
2036 133.641 

Alternative 6 Fishing Mortality
     Model_1_goa_pop_2023.dat 
Equil_Fabc 0.0990105 
Year 
2023 0.0727775 
2024 0.119243 
2025 0.119243 
2026 0.119243 
2027 0.119243 
2028 0.119243 
2029 0.119243 
2030 0.119243 
2031 0.119243 
2032 0.11903 
2033 0.117295 
2034 0.115409 
2035 0.113944 
2036 0.112938 

Alternative 6 Biomass
     Model_1_goa_pop_2023.dat 

Year 
2023 670.712 
2024 650.027 
2025 612.719 
2026 580.096 
2027 552.507 
2028 529.539 
2029 510.835 
2030 496.004 
2031 484.457 
2032 475.479 
2033 468.566 
2034 463.565 
2035 460.084 
2036 457.561 

Alternative 6 Implied SPR rate 
     Model_1_goa_pop_2023.dat 
Equil_Fabc 0.4 
Year 
2023 0.485964 
2024 0.35 
2025 0.35 
2026 0.35 
2027 0.35 
2028 0.35 
2029 0.35 
2030 0.35 
2031 0.35 
2032 0.350475 
2033 0.354434 
2034 0.358879 
2035 0.362423 
2036 0.364904 

  Model_1_goa_pop_2023.dat 
EquilAvgAgeF0  12.2163 
EquilAvgAgeFabc  7.81304 
AvgAgeYr2036 8.01756 
Alternative 7 Catch
     Model_1_goa_pop_2023.dat 
Equil_Fabc 25.3018 
Year 
2023 30.3807 
2024 39.7189 
2025 37.7438 
2026 42.8218 
2027 40.0322 
2028 37.5255 
2029 35.3219 
2030 33.4702 
2031 31.9574 
2032 30.7716 
2033 29.6293 
2034 28.6093 
2035 27.8811 
2036 27.4166 

Alternative 7 ABCs
     Model_1_goa_pop_2023.dat 

Year 
2023 48.8962 
2024 47.4663 
2025 45.1067 
2026 42.8218 
2027 40.0322 
2028 37.5255 
2029 35.3219 
2030 33.4702 
2031 31.9574 
2032 30.7716 
2033 29.6293 
2034 28.6093 
2035 27.8811 
2036 27.4166 

Alternative 7 TACs
     Model_1_goa_pop_2023.dat 

Year 
2023  NA 
2024 47.4663 
2025 45.1067 
2026 42.8218 
2027 40.0322 
2028 37.5255 
2029 35.3219 
2030 33.4702 
2031 31.9574 
2032 30.7716 
2033 29.6293 
2034 28.6093 
2035 27.8811 
2036 27.4166 

Alternative 7 Sp_Biomass
     Model_1_goa_pop_2023.dat 
Equil_Fabc 137.447 
Year 
2023 234.352 
2024 226.765 
2025 216.578 
2026 205.891 
2027 193.593 
2028 181.742 
2029 170.659 
2030 160.892 
2031 152.883 
2032 146.684 
2033 142.097 
2034 138.811 
2035 136.506 
2036 134.869 

Alternative 7 Fishing Mortality
     Model_1_goa_pop_2023.dat 
Equil_Fabc 0.0990105 
Year 
2023 0.0727775 
2024 0.0990104 
2025 0.0990104 
2026 0.119243 
2027 0.119243 
2028 0.119243 
2029 0.119243 
2030 0.119243 
2031 0.119243 
2032 0.119209 
2033 0.11809 
2034 0.116263 
2035 0.114727 
2036 0.113605 

Alternative 7 Biomass
     Model_1_goa_pop_2023.dat 

Year 
2023 670.712 
2024 650.027 
2025 620.476 
2026 594.238 
2027 564.813 
2028 540.181 
2029 519.994 
2030 503.857 
2031 491.172 
2032 481.211 
2033 473.418 
2034 467.531 
2035 463.287 
2036 460.13 

Alternative 7 Implied SPR rate 
     Model_1_goa_pop_2023.dat 
Equil_Fabc 0.4 
Year 
2023 0.485964 
2024 0.4 
2025 0.4 
2026 0.35 
2027 0.35 
2028 0.35 
2029 0.35 
2030 0.35 
2031 0.35 
2032 0.350077 
2033 0.352609 
2034 0.356864 
2035 0.360541 
2036 0.363284 

  Model_1_goa_pop_2023.dat 
EquilAvgAgeF0  12.2163 
EquilAvgAgeFabc  7.81304 
AvgAgeYr2036 8.0598 
