Model_1_goa_pop_2023.dat 1 2023 Cabc 25.3018
Model_1_goa_pop_2023.dat 1 2023 Cofl 27.0643
Model_1_goa_pop_2023.dat 1 2023 CLCI 30.3807
Model_1_goa_pop_2023.dat 1 2023 CUCI 30.3807
Model_1_goa_pop_2023.dat 1 2023 CMedian 30.3807
Model_1_goa_pop_2023.dat 1 2023 CMean 30.3807
Model_1_goa_pop_2023.dat 1 2024 Cabc 25.3018
Model_1_goa_pop_2023.dat 1 2024 Cofl 27.0643
Model_1_goa_pop_2023.dat 1 2024 CLCI 31.454
Model_1_goa_pop_2023.dat 1 2024 CUCI 31.454
Model_1_goa_pop_2023.dat 1 2024 CMedian 31.454
Model_1_goa_pop_2023.dat 1 2024 CMean 31.454
Model_1_goa_pop_2023.dat 1 2025 Cabc 25.3018
Model_1_goa_pop_2023.dat 1 2025 Cofl 27.0643
Model_1_goa_pop_2023.dat 1 2025 CLCI 29.89
Model_1_goa_pop_2023.dat 1 2025 CUCI 29.89
Model_1_goa_pop_2023.dat 1 2025 CMedian 29.89
Model_1_goa_pop_2023.dat 1 2025 CMean 29.89
Model_1_goa_pop_2023.dat 1 2026 Cabc 25.3018
Model_1_goa_pop_2023.dat 1 2026 Cofl 27.0643
Model_1_goa_pop_2023.dat 1 2026 CLCI 36.9616
Model_1_goa_pop_2023.dat 1 2026 CUCI 37.0736
Model_1_goa_pop_2023.dat 1 2026 CMedian 36.9972
Model_1_goa_pop_2023.dat 1 2026 CMean 37.004
Model_1_goa_pop_2023.dat 1 2027 Cabc 25.3018
Model_1_goa_pop_2023.dat 1 2027 Cofl 27.0643
Model_1_goa_pop_2023.dat 1 2027 CLCI 34.9224
Model_1_goa_pop_2023.dat 1 2027 CUCI 35.2796
Model_1_goa_pop_2023.dat 1 2027 CMedian 35.0377
Model_1_goa_pop_2023.dat 1 2027 CMean 35.0585
Model_1_goa_pop_2023.dat 1 2028 Cabc 25.3018
Model_1_goa_pop_2023.dat 1 2028 Cofl 27.0643
Model_1_goa_pop_2023.dat 1 2028 CLCI 32.954
Model_1_goa_pop_2023.dat 1 2028 CUCI 33.7603
Model_1_goa_pop_2023.dat 1 2028 CMedian 33.223
Model_1_goa_pop_2023.dat 1 2028 CMean 33.2665
Model_1_goa_pop_2023.dat 1 2029 Cabc 25.3018
Model_1_goa_pop_2023.dat 1 2029 Cofl 27.0643
Model_1_goa_pop_2023.dat 1 2029 CLCI 31.0504
Model_1_goa_pop_2023.dat 1 2029 CUCI 32.5363
Model_1_goa_pop_2023.dat 1 2029 CMedian 31.5803
Model_1_goa_pop_2023.dat 1 2029 CMean 31.6533
Model_1_goa_pop_2023.dat 1 2030 Cabc 25.3018
Model_1_goa_pop_2023.dat 1 2030 Cofl 27.0643
Model_1_goa_pop_2023.dat 1 2030 CLCI 29.3229
Model_1_goa_pop_2023.dat 1 2030 CUCI 31.6889
Model_1_goa_pop_2023.dat 1 2030 CMedian 30.1363
Model_1_goa_pop_2023.dat 1 2030 CMean 30.2711
Model_1_goa_pop_2023.dat 1 2031 Cabc 25.3018
Model_1_goa_pop_2023.dat 1 2031 Cofl 27.0643
Model_1_goa_pop_2023.dat 1 2031 CLCI 27.7168
Model_1_goa_pop_2023.dat 1 2031 CUCI 31.1388
Model_1_goa_pop_2023.dat 1 2031 CMedian 28.9134
Model_1_goa_pop_2023.dat 1 2031 CMean 29.1195
Model_1_goa_pop_2023.dat 1 2032 Cabc 25.3018
Model_1_goa_pop_2023.dat 1 2032 Cofl 27.0643
Model_1_goa_pop_2023.dat 1 2032 CLCI 26.2915
Model_1_goa_pop_2023.dat 1 2032 CUCI 30.8118
Model_1_goa_pop_2023.dat 1 2032 CMedian 28.0072
Model_1_goa_pop_2023.dat 1 2032 CMean 28.2083
Model_1_goa_pop_2023.dat 1 2033 Cabc 25.3018
Model_1_goa_pop_2023.dat 1 2033 Cofl 27.0643
Model_1_goa_pop_2023.dat 1 2033 CLCI 25.1136
Model_1_goa_pop_2023.dat 1 2033 CUCI 30.7008
Model_1_goa_pop_2023.dat 1 2033 CMedian 27.3264
Model_1_goa_pop_2023.dat 1 2033 CMean 27.5029
Model_1_goa_pop_2023.dat 1 2034 Cabc 25.3018
Model_1_goa_pop_2023.dat 1 2034 Cofl 27.0643
Model_1_goa_pop_2023.dat 1 2034 CLCI 24.1626
Model_1_goa_pop_2023.dat 1 2034 CUCI 30.7735
Model_1_goa_pop_2023.dat 1 2034 CMedian 26.7632
Model_1_goa_pop_2023.dat 1 2034 CMean 26.9799
Model_1_goa_pop_2023.dat 1 2035 Cabc 25.3018
Model_1_goa_pop_2023.dat 1 2035 Cofl 27.0643
Model_1_goa_pop_2023.dat 1 2035 CLCI 23.0635
Model_1_goa_pop_2023.dat 1 2035 CUCI 30.6034
Model_1_goa_pop_2023.dat 1 2035 CMedian 26.3259
Model_1_goa_pop_2023.dat 1 2035 CMean 26.5724
Model_1_goa_pop_2023.dat 1 2036 Cabc 25.3018
Model_1_goa_pop_2023.dat 1 2036 Cofl 27.0643
Model_1_goa_pop_2023.dat 1 2036 CLCI 21.8601
Model_1_goa_pop_2023.dat 1 2036 CUCI 30.5978
Model_1_goa_pop_2023.dat 1 2036 CMedian 26.0065
Model_1_goa_pop_2023.dat 1 2036 CMean 26.2616
Model_1_goa_pop_2023.dat 1 2023 SSBF100 343.618
Model_1_goa_pop_2023.dat 1 2023 SSBFabc 137.447
Model_1_goa_pop_2023.dat 1 2023 SSBFofl 120.266
Model_1_goa_pop_2023.dat 1 2023 SSBLCI 234.352
Model_1_goa_pop_2023.dat 1 2023 SSBUCI 234.352
Model_1_goa_pop_2023.dat 1 2023 SSBMedian 234.352
Model_1_goa_pop_2023.dat 1 2023 SSBMean 234.352
Model_1_goa_pop_2023.dat 1 2024 SSBF100 343.618
Model_1_goa_pop_2023.dat 1 2024 SSBFabc 137.447
Model_1_goa_pop_2023.dat 1 2024 SSBFofl 120.266
Model_1_goa_pop_2023.dat 1 2024 SSBLCI 228.019
Model_1_goa_pop_2023.dat 1 2024 SSBUCI 228.048
Model_1_goa_pop_2023.dat 1 2024 SSBMedian 228.027
Model_1_goa_pop_2023.dat 1 2024 SSBMean 228.03
Model_1_goa_pop_2023.dat 1 2025 SSBF100 343.618
Model_1_goa_pop_2023.dat 1 2025 SSBFabc 137.447
Model_1_goa_pop_2023.dat 1 2025 SSBFofl 120.266
Model_1_goa_pop_2023.dat 1 2025 SSBLCI 221.337
Model_1_goa_pop_2023.dat 1 2025 SSBUCI 221.457
Model_1_goa_pop_2023.dat 1 2025 SSBMedian 221.377
Model_1_goa_pop_2023.dat 1 2025 SSBMean 221.384
Model_1_goa_pop_2023.dat 1 2026 SSBF100 343.618
Model_1_goa_pop_2023.dat 1 2026 SSBFabc 137.447
Model_1_goa_pop_2023.dat 1 2026 SSBFofl 120.266
Model_1_goa_pop_2023.dat 1 2026 SSBLCI 213.629
Model_1_goa_pop_2023.dat 1 2026 SSBUCI 214.006
Model_1_goa_pop_2023.dat 1 2026 SSBMedian 213.751
Model_1_goa_pop_2023.dat 1 2026 SSBMean 213.773
Model_1_goa_pop_2023.dat 1 2027 SSBF100 343.618
Model_1_goa_pop_2023.dat 1 2027 SSBFabc 137.447
Model_1_goa_pop_2023.dat 1 2027 SSBFofl 120.266
Model_1_goa_pop_2023.dat 1 2027 SSBLCI 203.387
Model_1_goa_pop_2023.dat 1 2027 SSBUCI 204.349
Model_1_goa_pop_2023.dat 1 2027 SSBMedian 203.701
Model_1_goa_pop_2023.dat 1 2027 SSBMean 203.755
Model_1_goa_pop_2023.dat 1 2028 SSBF100 343.618
Model_1_goa_pop_2023.dat 1 2028 SSBFabc 137.447
Model_1_goa_pop_2023.dat 1 2028 SSBFofl 120.266
Model_1_goa_pop_2023.dat 1 2028 SSBLCI 192.865
Model_1_goa_pop_2023.dat 1 2028 SSBUCI 195.094
Model_1_goa_pop_2023.dat 1 2028 SSBMedian 193.614
Model_1_goa_pop_2023.dat 1 2028 SSBMean 193.734
Model_1_goa_pop_2023.dat 1 2029 SSBF100 343.618
Model_1_goa_pop_2023.dat 1 2029 SSBFabc 137.447
Model_1_goa_pop_2023.dat 1 2029 SSBFofl 120.266
Model_1_goa_pop_2023.dat 1 2029 SSBLCI 182.265
Model_1_goa_pop_2023.dat 1 2029 SSBUCI 186.921
Model_1_goa_pop_2023.dat 1 2029 SSBMedian 183.831
Model_1_goa_pop_2023.dat 1 2029 SSBMean 184.065
Model_1_goa_pop_2023.dat 1 2030 SSBF100 343.618
Model_1_goa_pop_2023.dat 1 2030 SSBFabc 137.447
Model_1_goa_pop_2023.dat 1 2030 SSBFofl 120.266
Model_1_goa_pop_2023.dat 1 2030 SSBLCI 171.912
Model_1_goa_pop_2023.dat 1 2030 SSBUCI 180.425
Model_1_goa_pop_2023.dat 1 2030 SSBMedian 174.903
Model_1_goa_pop_2023.dat 1 2030 SSBMean 175.345
Model_1_goa_pop_2023.dat 1 2031 SSBF100 343.618
Model_1_goa_pop_2023.dat 1 2031 SSBFabc 137.447
Model_1_goa_pop_2023.dat 1 2031 SSBFofl 120.266
Model_1_goa_pop_2023.dat 1 2031 SSBLCI 162.344
Model_1_goa_pop_2023.dat 1 2031 SSBUCI 176.791
Model_1_goa_pop_2023.dat 1 2031 SSBMedian 167.302
Model_1_goa_pop_2023.dat 1 2031 SSBMean 168.09
Model_1_goa_pop_2023.dat 1 2032 SSBF100 343.618
Model_1_goa_pop_2023.dat 1 2032 SSBFabc 137.447
Model_1_goa_pop_2023.dat 1 2032 SSBFofl 120.266
Model_1_goa_pop_2023.dat 1 2032 SSBLCI 153.884
Model_1_goa_pop_2023.dat 1 2032 SSBUCI 174.686
Model_1_goa_pop_2023.dat 1 2032 SSBMedian 161.226
Model_1_goa_pop_2023.dat 1 2032 SSBMean 162.428
Model_1_goa_pop_2023.dat 1 2033 SSBF100 343.618
Model_1_goa_pop_2023.dat 1 2033 SSBFabc 137.447
Model_1_goa_pop_2023.dat 1 2033 SSBFofl 120.266
Model_1_goa_pop_2023.dat 1 2033 SSBLCI 146.427
Model_1_goa_pop_2023.dat 1 2033 SSBUCI 173.978
Model_1_goa_pop_2023.dat 1 2033 SSBMedian 156.986
Model_1_goa_pop_2023.dat 1 2033 SSBMean 158.192
Model_1_goa_pop_2023.dat 1 2034 SSBF100 343.618
Model_1_goa_pop_2023.dat 1 2034 SSBFabc 137.447
Model_1_goa_pop_2023.dat 1 2034 SSBFofl 120.266
Model_1_goa_pop_2023.dat 1 2034 SSBLCI 140.529
Model_1_goa_pop_2023.dat 1 2034 SSBUCI 173.992
Model_1_goa_pop_2023.dat 1 2034 SSBMedian 154.006
Model_1_goa_pop_2023.dat 1 2034 SSBMean 155.04
Model_1_goa_pop_2023.dat 1 2035 SSBF100 343.618
Model_1_goa_pop_2023.dat 1 2035 SSBFabc 137.447
Model_1_goa_pop_2023.dat 1 2035 SSBFofl 120.266
Model_1_goa_pop_2023.dat 1 2035 SSBLCI 135.844
Model_1_goa_pop_2023.dat 1 2035 SSBUCI 173.943
Model_1_goa_pop_2023.dat 1 2035 SSBMedian 151.243
Model_1_goa_pop_2023.dat 1 2035 SSBMean 152.676
Model_1_goa_pop_2023.dat 1 2036 SSBF100 343.618
Model_1_goa_pop_2023.dat 1 2036 SSBFabc 137.447
Model_1_goa_pop_2023.dat 1 2036 SSBFofl 120.266
Model_1_goa_pop_2023.dat 1 2036 SSBLCI 132.459
Model_1_goa_pop_2023.dat 1 2036 SSBUCI 173.877
Model_1_goa_pop_2023.dat 1 2036 SSBMedian 148.981
Model_1_goa_pop_2023.dat 1 2036 SSBMean 150.862
Model_1_goa_pop_2023.dat 1 2023 F0 0 
Model_1_goa_pop_2023.dat 1 2023 Fabc 0.0990105
Model_1_goa_pop_2023.dat 1 2023 Fofl 0.119243
Model_1_goa_pop_2023.dat 1 2023  F_LCI 0.0727775
Model_1_goa_pop_2023.dat 1 2023  F_UCI 0.0727775
Model_1_goa_pop_2023.dat 1 2023  F_Median 0.0727775
Model_1_goa_pop_2023.dat 1 2023  F_Mean 0.0727775
Model_1_goa_pop_2023.dat 1 2024 F0 0 
Model_1_goa_pop_2023.dat 1 2024 Fabc 0.0990105
Model_1_goa_pop_2023.dat 1 2024 Fofl 0.119243
Model_1_goa_pop_2023.dat 1 2024  F_LCI 0.0777692
Model_1_goa_pop_2023.dat 1 2024  F_UCI 0.0777711
Model_1_goa_pop_2023.dat 1 2024  F_Median 0.0777706
Model_1_goa_pop_2023.dat 1 2024  F_Mean 0.0777704
Model_1_goa_pop_2023.dat 1 2025 F0 0 
Model_1_goa_pop_2023.dat 1 2025 Fabc 0.0990105
Model_1_goa_pop_2023.dat 1 2025 Fofl 0.119243
Model_1_goa_pop_2023.dat 1 2025  F_LCI 0.0764708
Model_1_goa_pop_2023.dat 1 2025  F_UCI 0.0765113
Model_1_goa_pop_2023.dat 1 2025  F_Median 0.0764996
Model_1_goa_pop_2023.dat 1 2025  F_Mean 0.0764967
Model_1_goa_pop_2023.dat 1 2026 F0 0 
Model_1_goa_pop_2023.dat 1 2026 Fabc 0.0990105
Model_1_goa_pop_2023.dat 1 2026 Fofl 0.119243
Model_1_goa_pop_2023.dat 1 2026  F_LCI 0.0990105
Model_1_goa_pop_2023.dat 1 2026  F_UCI 0.0990105
Model_1_goa_pop_2023.dat 1 2026  F_Median 0.0990105
Model_1_goa_pop_2023.dat 1 2026  F_Mean 0.0990105
Model_1_goa_pop_2023.dat 1 2027 F0 0 
Model_1_goa_pop_2023.dat 1 2027 Fabc 0.0990105
Model_1_goa_pop_2023.dat 1 2027 Fofl 0.119243
Model_1_goa_pop_2023.dat 1 2027  F_LCI 0.0990105
Model_1_goa_pop_2023.dat 1 2027  F_UCI 0.0990105
Model_1_goa_pop_2023.dat 1 2027  F_Median 0.0990105
Model_1_goa_pop_2023.dat 1 2027  F_Mean 0.0990105
Model_1_goa_pop_2023.dat 1 2028 F0 0 
Model_1_goa_pop_2023.dat 1 2028 Fabc 0.0990105
Model_1_goa_pop_2023.dat 1 2028 Fofl 0.119243
Model_1_goa_pop_2023.dat 1 2028  F_LCI 0.0990105
Model_1_goa_pop_2023.dat 1 2028  F_UCI 0.0990105
Model_1_goa_pop_2023.dat 1 2028  F_Median 0.0990105
Model_1_goa_pop_2023.dat 1 2028  F_Mean 0.0990105
Model_1_goa_pop_2023.dat 1 2029 F0 0 
Model_1_goa_pop_2023.dat 1 2029 Fabc 0.0990105
Model_1_goa_pop_2023.dat 1 2029 Fofl 0.119243
Model_1_goa_pop_2023.dat 1 2029  F_LCI 0.0990105
Model_1_goa_pop_2023.dat 1 2029  F_UCI 0.0990105
Model_1_goa_pop_2023.dat 1 2029  F_Median 0.0990105
Model_1_goa_pop_2023.dat 1 2029  F_Mean 0.0990105
Model_1_goa_pop_2023.dat 1 2030 F0 0 
Model_1_goa_pop_2023.dat 1 2030 Fabc 0.0990105
Model_1_goa_pop_2023.dat 1 2030 Fofl 0.119243
Model_1_goa_pop_2023.dat 1 2030  F_LCI 0.0990105
Model_1_goa_pop_2023.dat 1 2030  F_UCI 0.0990105
Model_1_goa_pop_2023.dat 1 2030  F_Median 0.0990105
Model_1_goa_pop_2023.dat 1 2030  F_Mean 0.0990105
Model_1_goa_pop_2023.dat 1 2031 F0 0 
Model_1_goa_pop_2023.dat 1 2031 Fabc 0.0990105
Model_1_goa_pop_2023.dat 1 2031 Fofl 0.119243
Model_1_goa_pop_2023.dat 1 2031  F_LCI 0.0990105
Model_1_goa_pop_2023.dat 1 2031  F_UCI 0.0990105
Model_1_goa_pop_2023.dat 1 2031  F_Median 0.0990105
Model_1_goa_pop_2023.dat 1 2031  F_Mean 0.0990105
Model_1_goa_pop_2023.dat 1 2032 F0 0 
Model_1_goa_pop_2023.dat 1 2032 Fabc 0.0990105
Model_1_goa_pop_2023.dat 1 2032 Fofl 0.119243
Model_1_goa_pop_2023.dat 1 2032  F_LCI 0.0990105
Model_1_goa_pop_2023.dat 1 2032  F_UCI 0.0990105
Model_1_goa_pop_2023.dat 1 2032  F_Median 0.0990105
Model_1_goa_pop_2023.dat 1 2032  F_Mean 0.0990105
Model_1_goa_pop_2023.dat 1 2033 F0 0 
Model_1_goa_pop_2023.dat 1 2033 Fabc 0.0990105
Model_1_goa_pop_2023.dat 1 2033 Fofl 0.119243
Model_1_goa_pop_2023.dat 1 2033  F_LCI 0.0990105
Model_1_goa_pop_2023.dat 1 2033  F_UCI 0.0990105
Model_1_goa_pop_2023.dat 1 2033  F_Median 0.0990105
Model_1_goa_pop_2023.dat 1 2033  F_Mean 0.0990105
Model_1_goa_pop_2023.dat 1 2034 F0 0 
Model_1_goa_pop_2023.dat 1 2034 Fabc 0.0990105
Model_1_goa_pop_2023.dat 1 2034 Fofl 0.119243
Model_1_goa_pop_2023.dat 1 2034  F_LCI 0.0990105
Model_1_goa_pop_2023.dat 1 2034  F_UCI 0.0990105
Model_1_goa_pop_2023.dat 1 2034  F_Median 0.0990105
Model_1_goa_pop_2023.dat 1 2034  F_Mean 0.0989919
Model_1_goa_pop_2023.dat 1 2035 F0 0 
Model_1_goa_pop_2023.dat 1 2035 Fabc 0.0990105
Model_1_goa_pop_2023.dat 1 2035 Fofl 0.119243
Model_1_goa_pop_2023.dat 1 2035  F_LCI 0.0977951
Model_1_goa_pop_2023.dat 1 2035  F_UCI 0.0990105
Model_1_goa_pop_2023.dat 1 2035  F_Median 0.0990105
Model_1_goa_pop_2023.dat 1 2035  F_Mean 0.0988243
Model_1_goa_pop_2023.dat 1 2036 F0 0 
Model_1_goa_pop_2023.dat 1 2036 Fabc 0.0990105
Model_1_goa_pop_2023.dat 1 2036 Fofl 0.119243
Model_1_goa_pop_2023.dat 1 2036  F_LCI 0.0952278
Model_1_goa_pop_2023.dat 1 2036  F_UCI 0.0990105
Model_1_goa_pop_2023.dat 1 2036  F_Median 0.0990105
Model_1_goa_pop_2023.dat 1 2036  F_Mean 0.0985101
Model_1_goa_pop_2023.dat 2 2023 Cabc 25.3018
Model_1_goa_pop_2023.dat 2 2023 Cofl 27.0643
Model_1_goa_pop_2023.dat 2 2023 CLCI 30.3807
Model_1_goa_pop_2023.dat 2 2023 CUCI 30.3807
Model_1_goa_pop_2023.dat 2 2023 CMedian 30.3807
Model_1_goa_pop_2023.dat 2 2023 CMean 30.3807
Model_1_goa_pop_2023.dat 2 2024 Cabc 25.3018
Model_1_goa_pop_2023.dat 2 2024 Cofl 27.0643
Model_1_goa_pop_2023.dat 2 2024 CLCI 31.454
Model_1_goa_pop_2023.dat 2 2024 CUCI 31.454
Model_1_goa_pop_2023.dat 2 2024 CMedian 31.454
Model_1_goa_pop_2023.dat 2 2024 CMean 31.454
Model_1_goa_pop_2023.dat 2 2025 Cabc 25.3018
Model_1_goa_pop_2023.dat 2 2025 Cofl 27.0643
Model_1_goa_pop_2023.dat 2 2025 CLCI 29.89
Model_1_goa_pop_2023.dat 2 2025 CUCI 29.89
Model_1_goa_pop_2023.dat 2 2025 CMedian 29.89
Model_1_goa_pop_2023.dat 2 2025 CMean 29.89
Model_1_goa_pop_2023.dat 2 2026 Cabc 25.3018
Model_1_goa_pop_2023.dat 2 2026 Cofl 27.0643
Model_1_goa_pop_2023.dat 2 2026 CLCI 36.9616
Model_1_goa_pop_2023.dat 2 2026 CUCI 37.0736
Model_1_goa_pop_2023.dat 2 2026 CMedian 36.9972
Model_1_goa_pop_2023.dat 2 2026 CMean 37.004
Model_1_goa_pop_2023.dat 2 2027 Cabc 25.3018
Model_1_goa_pop_2023.dat 2 2027 Cofl 27.0643
Model_1_goa_pop_2023.dat 2 2027 CLCI 34.9224
Model_1_goa_pop_2023.dat 2 2027 CUCI 35.2796
Model_1_goa_pop_2023.dat 2 2027 CMedian 35.0377
Model_1_goa_pop_2023.dat 2 2027 CMean 35.0585
Model_1_goa_pop_2023.dat 2 2028 Cabc 25.3018
Model_1_goa_pop_2023.dat 2 2028 Cofl 27.0643
Model_1_goa_pop_2023.dat 2 2028 CLCI 32.954
Model_1_goa_pop_2023.dat 2 2028 CUCI 33.7603
Model_1_goa_pop_2023.dat 2 2028 CMedian 33.223
Model_1_goa_pop_2023.dat 2 2028 CMean 33.2665
Model_1_goa_pop_2023.dat 2 2029 Cabc 25.3018
Model_1_goa_pop_2023.dat 2 2029 Cofl 27.0643
Model_1_goa_pop_2023.dat 2 2029 CLCI 31.0504
Model_1_goa_pop_2023.dat 2 2029 CUCI 32.5363
Model_1_goa_pop_2023.dat 2 2029 CMedian 31.5803
Model_1_goa_pop_2023.dat 2 2029 CMean 31.6533
Model_1_goa_pop_2023.dat 2 2030 Cabc 25.3018
Model_1_goa_pop_2023.dat 2 2030 Cofl 27.0643
Model_1_goa_pop_2023.dat 2 2030 CLCI 29.3229
Model_1_goa_pop_2023.dat 2 2030 CUCI 31.6889
Model_1_goa_pop_2023.dat 2 2030 CMedian 30.1363
Model_1_goa_pop_2023.dat 2 2030 CMean 30.2711
Model_1_goa_pop_2023.dat 2 2031 Cabc 25.3018
Model_1_goa_pop_2023.dat 2 2031 Cofl 27.0643
Model_1_goa_pop_2023.dat 2 2031 CLCI 27.7168
Model_1_goa_pop_2023.dat 2 2031 CUCI 31.1388
Model_1_goa_pop_2023.dat 2 2031 CMedian 28.9134
Model_1_goa_pop_2023.dat 2 2031 CMean 29.1195
Model_1_goa_pop_2023.dat 2 2032 Cabc 25.3018
Model_1_goa_pop_2023.dat 2 2032 Cofl 27.0643
Model_1_goa_pop_2023.dat 2 2032 CLCI 26.2915
Model_1_goa_pop_2023.dat 2 2032 CUCI 30.8118
Model_1_goa_pop_2023.dat 2 2032 CMedian 28.0072
Model_1_goa_pop_2023.dat 2 2032 CMean 28.2083
Model_1_goa_pop_2023.dat 2 2033 Cabc 25.3018
Model_1_goa_pop_2023.dat 2 2033 Cofl 27.0643
Model_1_goa_pop_2023.dat 2 2033 CLCI 25.1136
Model_1_goa_pop_2023.dat 2 2033 CUCI 30.7008
Model_1_goa_pop_2023.dat 2 2033 CMedian 27.3264
Model_1_goa_pop_2023.dat 2 2033 CMean 27.5029
Model_1_goa_pop_2023.dat 2 2034 Cabc 25.3018
Model_1_goa_pop_2023.dat 2 2034 Cofl 27.0643
Model_1_goa_pop_2023.dat 2 2034 CLCI 24.1626
Model_1_goa_pop_2023.dat 2 2034 CUCI 30.7735
Model_1_goa_pop_2023.dat 2 2034 CMedian 26.7632
Model_1_goa_pop_2023.dat 2 2034 CMean 26.9799
Model_1_goa_pop_2023.dat 2 2035 Cabc 25.3018
Model_1_goa_pop_2023.dat 2 2035 Cofl 27.0643
Model_1_goa_pop_2023.dat 2 2035 CLCI 23.0635
Model_1_goa_pop_2023.dat 2 2035 CUCI 30.6034
Model_1_goa_pop_2023.dat 2 2035 CMedian 26.3259
Model_1_goa_pop_2023.dat 2 2035 CMean 26.5724
Model_1_goa_pop_2023.dat 2 2036 Cabc 25.3018
Model_1_goa_pop_2023.dat 2 2036 Cofl 27.0643
Model_1_goa_pop_2023.dat 2 2036 CLCI 21.8601
Model_1_goa_pop_2023.dat 2 2036 CUCI 30.5978
Model_1_goa_pop_2023.dat 2 2036 CMedian 26.0065
Model_1_goa_pop_2023.dat 2 2036 CMean 26.2616
Model_1_goa_pop_2023.dat 2 2023 SSBF100 343.618
Model_1_goa_pop_2023.dat 2 2023 SSBFabc 137.447
Model_1_goa_pop_2023.dat 2 2023 SSBFofl 120.266
Model_1_goa_pop_2023.dat 2 2023 SSBLCI 234.352
Model_1_goa_pop_2023.dat 2 2023 SSBUCI 234.352
Model_1_goa_pop_2023.dat 2 2023 SSBMedian 234.352
Model_1_goa_pop_2023.dat 2 2023 SSBMean 234.352
Model_1_goa_pop_2023.dat 2 2024 SSBF100 343.618
Model_1_goa_pop_2023.dat 2 2024 SSBFabc 137.447
Model_1_goa_pop_2023.dat 2 2024 SSBFofl 120.266
Model_1_goa_pop_2023.dat 2 2024 SSBLCI 228.019
Model_1_goa_pop_2023.dat 2 2024 SSBUCI 228.048
Model_1_goa_pop_2023.dat 2 2024 SSBMedian 228.027
Model_1_goa_pop_2023.dat 2 2024 SSBMean 228.03
Model_1_goa_pop_2023.dat 2 2025 SSBF100 343.618
Model_1_goa_pop_2023.dat 2 2025 SSBFabc 137.447
Model_1_goa_pop_2023.dat 2 2025 SSBFofl 120.266
Model_1_goa_pop_2023.dat 2 2025 SSBLCI 221.337
Model_1_goa_pop_2023.dat 2 2025 SSBUCI 221.457
Model_1_goa_pop_2023.dat 2 2025 SSBMedian 221.377
Model_1_goa_pop_2023.dat 2 2025 SSBMean 221.384
Model_1_goa_pop_2023.dat 2 2026 SSBF100 343.618
Model_1_goa_pop_2023.dat 2 2026 SSBFabc 137.447
Model_1_goa_pop_2023.dat 2 2026 SSBFofl 120.266
Model_1_goa_pop_2023.dat 2 2026 SSBLCI 213.629
Model_1_goa_pop_2023.dat 2 2026 SSBUCI 214.006
Model_1_goa_pop_2023.dat 2 2026 SSBMedian 213.751
Model_1_goa_pop_2023.dat 2 2026 SSBMean 213.773
Model_1_goa_pop_2023.dat 2 2027 SSBF100 343.618
Model_1_goa_pop_2023.dat 2 2027 SSBFabc 137.447
Model_1_goa_pop_2023.dat 2 2027 SSBFofl 120.266
Model_1_goa_pop_2023.dat 2 2027 SSBLCI 203.387
Model_1_goa_pop_2023.dat 2 2027 SSBUCI 204.349
Model_1_goa_pop_2023.dat 2 2027 SSBMedian 203.701
Model_1_goa_pop_2023.dat 2 2027 SSBMean 203.755
Model_1_goa_pop_2023.dat 2 2028 SSBF100 343.618
Model_1_goa_pop_2023.dat 2 2028 SSBFabc 137.447
Model_1_goa_pop_2023.dat 2 2028 SSBFofl 120.266
Model_1_goa_pop_2023.dat 2 2028 SSBLCI 192.865
Model_1_goa_pop_2023.dat 2 2028 SSBUCI 195.094
Model_1_goa_pop_2023.dat 2 2028 SSBMedian 193.614
Model_1_goa_pop_2023.dat 2 2028 SSBMean 193.734
Model_1_goa_pop_2023.dat 2 2029 SSBF100 343.618
Model_1_goa_pop_2023.dat 2 2029 SSBFabc 137.447
Model_1_goa_pop_2023.dat 2 2029 SSBFofl 120.266
Model_1_goa_pop_2023.dat 2 2029 SSBLCI 182.265
Model_1_goa_pop_2023.dat 2 2029 SSBUCI 186.921
Model_1_goa_pop_2023.dat 2 2029 SSBMedian 183.831
Model_1_goa_pop_2023.dat 2 2029 SSBMean 184.065
Model_1_goa_pop_2023.dat 2 2030 SSBF100 343.618
Model_1_goa_pop_2023.dat 2 2030 SSBFabc 137.447
Model_1_goa_pop_2023.dat 2 2030 SSBFofl 120.266
Model_1_goa_pop_2023.dat 2 2030 SSBLCI 171.912
Model_1_goa_pop_2023.dat 2 2030 SSBUCI 180.425
Model_1_goa_pop_2023.dat 2 2030 SSBMedian 174.903
Model_1_goa_pop_2023.dat 2 2030 SSBMean 175.345
Model_1_goa_pop_2023.dat 2 2031 SSBF100 343.618
Model_1_goa_pop_2023.dat 2 2031 SSBFabc 137.447
Model_1_goa_pop_2023.dat 2 2031 SSBFofl 120.266
Model_1_goa_pop_2023.dat 2 2031 SSBLCI 162.344
Model_1_goa_pop_2023.dat 2 2031 SSBUCI 176.791
Model_1_goa_pop_2023.dat 2 2031 SSBMedian 167.302
Model_1_goa_pop_2023.dat 2 2031 SSBMean 168.09
Model_1_goa_pop_2023.dat 2 2032 SSBF100 343.618
Model_1_goa_pop_2023.dat 2 2032 SSBFabc 137.447
Model_1_goa_pop_2023.dat 2 2032 SSBFofl 120.266
Model_1_goa_pop_2023.dat 2 2032 SSBLCI 153.884
Model_1_goa_pop_2023.dat 2 2032 SSBUCI 174.686
Model_1_goa_pop_2023.dat 2 2032 SSBMedian 161.226
Model_1_goa_pop_2023.dat 2 2032 SSBMean 162.428
Model_1_goa_pop_2023.dat 2 2033 SSBF100 343.618
Model_1_goa_pop_2023.dat 2 2033 SSBFabc 137.447
Model_1_goa_pop_2023.dat 2 2033 SSBFofl 120.266
Model_1_goa_pop_2023.dat 2 2033 SSBLCI 146.427
Model_1_goa_pop_2023.dat 2 2033 SSBUCI 173.978
Model_1_goa_pop_2023.dat 2 2033 SSBMedian 156.986
Model_1_goa_pop_2023.dat 2 2033 SSBMean 158.192
Model_1_goa_pop_2023.dat 2 2034 SSBF100 343.618
Model_1_goa_pop_2023.dat 2 2034 SSBFabc 137.447
Model_1_goa_pop_2023.dat 2 2034 SSBFofl 120.266
Model_1_goa_pop_2023.dat 2 2034 SSBLCI 140.529
Model_1_goa_pop_2023.dat 2 2034 SSBUCI 173.992
Model_1_goa_pop_2023.dat 2 2034 SSBMedian 154.006
Model_1_goa_pop_2023.dat 2 2034 SSBMean 155.04
Model_1_goa_pop_2023.dat 2 2035 SSBF100 343.618
Model_1_goa_pop_2023.dat 2 2035 SSBFabc 137.447
Model_1_goa_pop_2023.dat 2 2035 SSBFofl 120.266
Model_1_goa_pop_2023.dat 2 2035 SSBLCI 135.844
Model_1_goa_pop_2023.dat 2 2035 SSBUCI 173.943
Model_1_goa_pop_2023.dat 2 2035 SSBMedian 151.243
Model_1_goa_pop_2023.dat 2 2035 SSBMean 152.676
Model_1_goa_pop_2023.dat 2 2036 SSBF100 343.618
Model_1_goa_pop_2023.dat 2 2036 SSBFabc 137.447
Model_1_goa_pop_2023.dat 2 2036 SSBFofl 120.266
Model_1_goa_pop_2023.dat 2 2036 SSBLCI 132.459
Model_1_goa_pop_2023.dat 2 2036 SSBUCI 173.877
Model_1_goa_pop_2023.dat 2 2036 SSBMedian 148.981
Model_1_goa_pop_2023.dat 2 2036 SSBMean 150.862
Model_1_goa_pop_2023.dat 2 2023 F0 0 
Model_1_goa_pop_2023.dat 2 2023 Fabc 0.0990105
Model_1_goa_pop_2023.dat 2 2023 Fofl 0.119243
Model_1_goa_pop_2023.dat 2 2023  F_LCI 0.0727775
Model_1_goa_pop_2023.dat 2 2023  F_UCI 0.0727775
Model_1_goa_pop_2023.dat 2 2023  F_Median 0.0727775
Model_1_goa_pop_2023.dat 2 2023  F_Mean 0.0727775
Model_1_goa_pop_2023.dat 2 2024 F0 0 
Model_1_goa_pop_2023.dat 2 2024 Fabc 0.0990105
Model_1_goa_pop_2023.dat 2 2024 Fofl 0.119243
Model_1_goa_pop_2023.dat 2 2024  F_LCI 0.0777692
Model_1_goa_pop_2023.dat 2 2024  F_UCI 0.0777711
Model_1_goa_pop_2023.dat 2 2024  F_Median 0.0777706
Model_1_goa_pop_2023.dat 2 2024  F_Mean 0.0777704
Model_1_goa_pop_2023.dat 2 2025 F0 0 
Model_1_goa_pop_2023.dat 2 2025 Fabc 0.0990105
Model_1_goa_pop_2023.dat 2 2025 Fofl 0.119243
Model_1_goa_pop_2023.dat 2 2025  F_LCI 0.0764708
Model_1_goa_pop_2023.dat 2 2025  F_UCI 0.0765113
Model_1_goa_pop_2023.dat 2 2025  F_Median 0.0764996
Model_1_goa_pop_2023.dat 2 2025  F_Mean 0.0764967
Model_1_goa_pop_2023.dat 2 2026 F0 0 
Model_1_goa_pop_2023.dat 2 2026 Fabc 0.0990105
Model_1_goa_pop_2023.dat 2 2026 Fofl 0.119243
Model_1_goa_pop_2023.dat 2 2026  F_LCI 0.0990105
Model_1_goa_pop_2023.dat 2 2026  F_UCI 0.0990105
Model_1_goa_pop_2023.dat 2 2026  F_Median 0.0990105
Model_1_goa_pop_2023.dat 2 2026  F_Mean 0.0990105
Model_1_goa_pop_2023.dat 2 2027 F0 0 
Model_1_goa_pop_2023.dat 2 2027 Fabc 0.0990105
Model_1_goa_pop_2023.dat 2 2027 Fofl 0.119243
Model_1_goa_pop_2023.dat 2 2027  F_LCI 0.0990105
Model_1_goa_pop_2023.dat 2 2027  F_UCI 0.0990105
Model_1_goa_pop_2023.dat 2 2027  F_Median 0.0990105
Model_1_goa_pop_2023.dat 2 2027  F_Mean 0.0990105
Model_1_goa_pop_2023.dat 2 2028 F0 0 
Model_1_goa_pop_2023.dat 2 2028 Fabc 0.0990105
Model_1_goa_pop_2023.dat 2 2028 Fofl 0.119243
Model_1_goa_pop_2023.dat 2 2028  F_LCI 0.0990105
Model_1_goa_pop_2023.dat 2 2028  F_UCI 0.0990105
Model_1_goa_pop_2023.dat 2 2028  F_Median 0.0990105
Model_1_goa_pop_2023.dat 2 2028  F_Mean 0.0990105
Model_1_goa_pop_2023.dat 2 2029 F0 0 
Model_1_goa_pop_2023.dat 2 2029 Fabc 0.0990105
Model_1_goa_pop_2023.dat 2 2029 Fofl 0.119243
Model_1_goa_pop_2023.dat 2 2029  F_LCI 0.0990105
Model_1_goa_pop_2023.dat 2 2029  F_UCI 0.0990105
Model_1_goa_pop_2023.dat 2 2029  F_Median 0.0990105
Model_1_goa_pop_2023.dat 2 2029  F_Mean 0.0990105
Model_1_goa_pop_2023.dat 2 2030 F0 0 
Model_1_goa_pop_2023.dat 2 2030 Fabc 0.0990105
Model_1_goa_pop_2023.dat 2 2030 Fofl 0.119243
Model_1_goa_pop_2023.dat 2 2030  F_LCI 0.0990105
Model_1_goa_pop_2023.dat 2 2030  F_UCI 0.0990105
Model_1_goa_pop_2023.dat 2 2030  F_Median 0.0990105
Model_1_goa_pop_2023.dat 2 2030  F_Mean 0.0990105
Model_1_goa_pop_2023.dat 2 2031 F0 0 
Model_1_goa_pop_2023.dat 2 2031 Fabc 0.0990105
Model_1_goa_pop_2023.dat 2 2031 Fofl 0.119243
Model_1_goa_pop_2023.dat 2 2031  F_LCI 0.0990105
Model_1_goa_pop_2023.dat 2 2031  F_UCI 0.0990105
Model_1_goa_pop_2023.dat 2 2031  F_Median 0.0990105
Model_1_goa_pop_2023.dat 2 2031  F_Mean 0.0990105
Model_1_goa_pop_2023.dat 2 2032 F0 0 
Model_1_goa_pop_2023.dat 2 2032 Fabc 0.0990105
Model_1_goa_pop_2023.dat 2 2032 Fofl 0.119243
Model_1_goa_pop_2023.dat 2 2032  F_LCI 0.0990105
Model_1_goa_pop_2023.dat 2 2032  F_UCI 0.0990105
Model_1_goa_pop_2023.dat 2 2032  F_Median 0.0990105
Model_1_goa_pop_2023.dat 2 2032  F_Mean 0.0990105
Model_1_goa_pop_2023.dat 2 2033 F0 0 
Model_1_goa_pop_2023.dat 2 2033 Fabc 0.0990105
Model_1_goa_pop_2023.dat 2 2033 Fofl 0.119243
Model_1_goa_pop_2023.dat 2 2033  F_LCI 0.0990105
Model_1_goa_pop_2023.dat 2 2033  F_UCI 0.0990105
Model_1_goa_pop_2023.dat 2 2033  F_Median 0.0990105
Model_1_goa_pop_2023.dat 2 2033  F_Mean 0.0990105
Model_1_goa_pop_2023.dat 2 2034 F0 0 
Model_1_goa_pop_2023.dat 2 2034 Fabc 0.0990105
Model_1_goa_pop_2023.dat 2 2034 Fofl 0.119243
Model_1_goa_pop_2023.dat 2 2034  F_LCI 0.0990105
Model_1_goa_pop_2023.dat 2 2034  F_UCI 0.0990105
Model_1_goa_pop_2023.dat 2 2034  F_Median 0.0990105
Model_1_goa_pop_2023.dat 2 2034  F_Mean 0.0989919
Model_1_goa_pop_2023.dat 2 2035 F0 0 
Model_1_goa_pop_2023.dat 2 2035 Fabc 0.0990105
Model_1_goa_pop_2023.dat 2 2035 Fofl 0.119243
Model_1_goa_pop_2023.dat 2 2035  F_LCI 0.0977951
Model_1_goa_pop_2023.dat 2 2035  F_UCI 0.0990105
Model_1_goa_pop_2023.dat 2 2035  F_Median 0.0990105
Model_1_goa_pop_2023.dat 2 2035  F_Mean 0.0988243
Model_1_goa_pop_2023.dat 2 2036 F0 0 
Model_1_goa_pop_2023.dat 2 2036 Fabc 0.0990105
Model_1_goa_pop_2023.dat 2 2036 Fofl 0.119243
Model_1_goa_pop_2023.dat 2 2036  F_LCI 0.0952278
Model_1_goa_pop_2023.dat 2 2036  F_UCI 0.0990105
Model_1_goa_pop_2023.dat 2 2036  F_Median 0.0990105
Model_1_goa_pop_2023.dat 2 2036  F_Mean 0.0985101
Model_1_goa_pop_2023.dat 3 2023 Cabc 25.3018
Model_1_goa_pop_2023.dat 3 2023 Cofl 27.0643
Model_1_goa_pop_2023.dat 3 2023 CLCI 30.3807
Model_1_goa_pop_2023.dat 3 2023 CUCI 30.3807
Model_1_goa_pop_2023.dat 3 2023 CMedian 30.3807
Model_1_goa_pop_2023.dat 3 2023 CMean 30.3807
Model_1_goa_pop_2023.dat 3 2024 Cabc 25.3018
Model_1_goa_pop_2023.dat 3 2024 Cofl 27.0643
Model_1_goa_pop_2023.dat 3 2024 CLCI 31.454
Model_1_goa_pop_2023.dat 3 2024 CUCI 31.454
Model_1_goa_pop_2023.dat 3 2024 CMedian 31.454
Model_1_goa_pop_2023.dat 3 2024 CMean 31.454
Model_1_goa_pop_2023.dat 3 2025 Cabc 25.3018
Model_1_goa_pop_2023.dat 3 2025 Cofl 27.0643
Model_1_goa_pop_2023.dat 3 2025 CLCI 29.89
Model_1_goa_pop_2023.dat 3 2025 CUCI 29.89
Model_1_goa_pop_2023.dat 3 2025 CMedian 29.89
Model_1_goa_pop_2023.dat 3 2025 CMean 29.89
Model_1_goa_pop_2023.dat 3 2026 Cabc 25.3018
Model_1_goa_pop_2023.dat 3 2026 Cofl 27.0643
Model_1_goa_pop_2023.dat 3 2026 CLCI 18.8368
Model_1_goa_pop_2023.dat 3 2026 CUCI 18.8928
Model_1_goa_pop_2023.dat 3 2026 CMedian 18.8546
Model_1_goa_pop_2023.dat 3 2026 CMean 18.858
Model_1_goa_pop_2023.dat 3 2027 Cabc 25.3018
Model_1_goa_pop_2023.dat 3 2027 Cofl 27.0643
Model_1_goa_pop_2023.dat 3 2027 CLCI 18.4806
Model_1_goa_pop_2023.dat 3 2027 CUCI 18.6599
Model_1_goa_pop_2023.dat 3 2027 CMedian 18.5385
Model_1_goa_pop_2023.dat 3 2027 CMean 18.5489
Model_1_goa_pop_2023.dat 3 2028 Cabc 25.3018
Model_1_goa_pop_2023.dat 3 2028 Cofl 27.0643
Model_1_goa_pop_2023.dat 3 2028 CLCI 18.0799
Model_1_goa_pop_2023.dat 3 2028 CUCI 18.487
Model_1_goa_pop_2023.dat 3 2028 CMedian 18.2159
Model_1_goa_pop_2023.dat 3 2028 CMean 18.2376
Model_1_goa_pop_2023.dat 3 2029 Cabc 25.3018
Model_1_goa_pop_2023.dat 3 2029 Cofl 27.0643
Model_1_goa_pop_2023.dat 3 2029 CLCI 17.6289
Model_1_goa_pop_2023.dat 3 2029 CUCI 18.3865
Model_1_goa_pop_2023.dat 3 2029 CMedian 17.8984
Model_1_goa_pop_2023.dat 3 2029 CMean 17.9361
Model_1_goa_pop_2023.dat 3 2030 Cabc 25.3018
Model_1_goa_pop_2023.dat 3 2030 Cofl 27.0643
Model_1_goa_pop_2023.dat 3 2030 CLCI 17.1845
Model_1_goa_pop_2023.dat 3 2030 CUCI 18.4094
Model_1_goa_pop_2023.dat 3 2030 CMedian 17.6051
Model_1_goa_pop_2023.dat 3 2030 CMean 17.6741
Model_1_goa_pop_2023.dat 3 2031 Cabc 25.3018
Model_1_goa_pop_2023.dat 3 2031 Cofl 27.0643
Model_1_goa_pop_2023.dat 3 2031 CLCI 16.7251
Model_1_goa_pop_2023.dat 3 2031 CUCI 18.5137
Model_1_goa_pop_2023.dat 3 2031 CMedian 17.3466
Model_1_goa_pop_2023.dat 3 2031 CMean 17.4564
Model_1_goa_pop_2023.dat 3 2032 Cabc 25.3018
Model_1_goa_pop_2023.dat 3 2032 Cofl 27.0643
Model_1_goa_pop_2023.dat 3 2032 CLCI 16.2849
Model_1_goa_pop_2023.dat 3 2032 CUCI 18.6921
Model_1_goa_pop_2023.dat 3 2032 CMedian 17.1967
Model_1_goa_pop_2023.dat 3 2032 CMean 17.2976
Model_1_goa_pop_2023.dat 3 2033 Cabc 25.3018
Model_1_goa_pop_2023.dat 3 2033 Cofl 27.0643
Model_1_goa_pop_2023.dat 3 2033 CLCI 15.909
Model_1_goa_pop_2023.dat 3 2033 CUCI 18.9097
Model_1_goa_pop_2023.dat 3 2033 CMedian 17.1003
Model_1_goa_pop_2023.dat 3 2033 CMean 17.189
Model_1_goa_pop_2023.dat 3 2034 Cabc 25.3018
Model_1_goa_pop_2023.dat 3 2034 Cofl 27.0643
Model_1_goa_pop_2023.dat 3 2034 CLCI 15.5756
Model_1_goa_pop_2023.dat 3 2034 CUCI 19.1807
Model_1_goa_pop_2023.dat 3 2034 CMedian 17.0152
Model_1_goa_pop_2023.dat 3 2034 CMean 17.1324
Model_1_goa_pop_2023.dat 3 2035 Cabc 25.3018
Model_1_goa_pop_2023.dat 3 2035 Cofl 27.0643
Model_1_goa_pop_2023.dat 3 2035 CLCI 15.2647
Model_1_goa_pop_2023.dat 3 2035 CUCI 19.5079
Model_1_goa_pop_2023.dat 3 2035 CMedian 16.9797
Model_1_goa_pop_2023.dat 3 2035 CMean 17.1177
Model_1_goa_pop_2023.dat 3 2036 Cabc 25.3018
Model_1_goa_pop_2023.dat 3 2036 Cofl 27.0643
Model_1_goa_pop_2023.dat 3 2036 CLCI 15.0707
Model_1_goa_pop_2023.dat 3 2036 CUCI 19.6314
Model_1_goa_pop_2023.dat 3 2036 CMedian 16.9463
Model_1_goa_pop_2023.dat 3 2036 CMean 17.1443
Model_1_goa_pop_2023.dat 3 2023 SSBF100 343.618
Model_1_goa_pop_2023.dat 3 2023 SSBFabc 137.447
Model_1_goa_pop_2023.dat 3 2023 SSBFofl 120.266
Model_1_goa_pop_2023.dat 3 2023 SSBLCI 234.352
Model_1_goa_pop_2023.dat 3 2023 SSBUCI 234.352
Model_1_goa_pop_2023.dat 3 2023 SSBMedian 234.352
Model_1_goa_pop_2023.dat 3 2023 SSBMean 234.352
Model_1_goa_pop_2023.dat 3 2024 SSBF100 343.618
Model_1_goa_pop_2023.dat 3 2024 SSBFabc 137.447
Model_1_goa_pop_2023.dat 3 2024 SSBFofl 120.266
Model_1_goa_pop_2023.dat 3 2024 SSBLCI 228.019
Model_1_goa_pop_2023.dat 3 2024 SSBUCI 228.048
Model_1_goa_pop_2023.dat 3 2024 SSBMedian 228.027
Model_1_goa_pop_2023.dat 3 2024 SSBMean 228.03
Model_1_goa_pop_2023.dat 3 2025 SSBF100 343.618
Model_1_goa_pop_2023.dat 3 2025 SSBFabc 137.447
Model_1_goa_pop_2023.dat 3 2025 SSBFofl 120.266
Model_1_goa_pop_2023.dat 3 2025 SSBLCI 221.337
Model_1_goa_pop_2023.dat 3 2025 SSBUCI 221.457
Model_1_goa_pop_2023.dat 3 2025 SSBMedian 221.377
Model_1_goa_pop_2023.dat 3 2025 SSBMean 221.384
Model_1_goa_pop_2023.dat 3 2026 SSBF100 343.618
Model_1_goa_pop_2023.dat 3 2026 SSBFabc 137.447
Model_1_goa_pop_2023.dat 3 2026 SSBFofl 120.266
Model_1_goa_pop_2023.dat 3 2026 SSBLCI 216.399
Model_1_goa_pop_2023.dat 3 2026 SSBUCI 216.776
Model_1_goa_pop_2023.dat 3 2026 SSBMedian 216.521
Model_1_goa_pop_2023.dat 3 2026 SSBMean 216.543
Model_1_goa_pop_2023.dat 3 2027 SSBF100 343.618
Model_1_goa_pop_2023.dat 3 2027 SSBFabc 137.447
Model_1_goa_pop_2023.dat 3 2027 SSBFofl 120.266
Model_1_goa_pop_2023.dat 3 2027 SSBLCI 213.879
Model_1_goa_pop_2023.dat 3 2027 SSBUCI 214.845
Model_1_goa_pop_2023.dat 3 2027 SSBMedian 214.194
Model_1_goa_pop_2023.dat 3 2027 SSBMean 214.248
Model_1_goa_pop_2023.dat 3 2028 SSBF100 343.618
Model_1_goa_pop_2023.dat 3 2028 SSBFabc 137.447
Model_1_goa_pop_2023.dat 3 2028 SSBFofl 120.266
Model_1_goa_pop_2023.dat 3 2028 SSBLCI 210.27
Model_1_goa_pop_2023.dat 3 2028 SSBUCI 212.518
Model_1_goa_pop_2023.dat 3 2028 SSBMedian 211.024
Model_1_goa_pop_2023.dat 3 2028 SSBMean 211.145
Model_1_goa_pop_2023.dat 3 2029 SSBF100 343.618
Model_1_goa_pop_2023.dat 3 2029 SSBFabc 137.447
Model_1_goa_pop_2023.dat 3 2029 SSBFofl 120.266
Model_1_goa_pop_2023.dat 3 2029 SSBLCI 205.715
Model_1_goa_pop_2023.dat 3 2029 SSBUCI 210.427
Model_1_goa_pop_2023.dat 3 2029 SSBMedian 207.307
Model_1_goa_pop_2023.dat 3 2029 SSBMean 207.542
Model_1_goa_pop_2023.dat 3 2030 SSBF100 343.618
Model_1_goa_pop_2023.dat 3 2030 SSBFabc 137.447
Model_1_goa_pop_2023.dat 3 2030 SSBFofl 120.266
Model_1_goa_pop_2023.dat 3 2030 SSBLCI 200.515
Model_1_goa_pop_2023.dat 3 2030 SSBUCI 209.277
Model_1_goa_pop_2023.dat 3 2030 SSBMedian 203.58
Model_1_goa_pop_2023.dat 3 2030 SSBMean 204.039
Model_1_goa_pop_2023.dat 3 2031 SSBF100 343.618
Model_1_goa_pop_2023.dat 3 2031 SSBFabc 137.447
Model_1_goa_pop_2023.dat 3 2031 SSBFofl 120.266
Model_1_goa_pop_2023.dat 3 2031 SSBLCI 195.238
Model_1_goa_pop_2023.dat 3 2031 SSBUCI 210.376
Model_1_goa_pop_2023.dat 3 2031 SSBMedian 200.43
Model_1_goa_pop_2023.dat 3 2031 SSBMean 201.235
Model_1_goa_pop_2023.dat 3 2032 SSBF100 343.618
Model_1_goa_pop_2023.dat 3 2032 SSBFabc 137.447
Model_1_goa_pop_2023.dat 3 2032 SSBFofl 120.266
Model_1_goa_pop_2023.dat 3 2032 SSBLCI 190.351
Model_1_goa_pop_2023.dat 3 2032 SSBUCI 212.522
Model_1_goa_pop_2023.dat 3 2032 SSBMedian 198.057
Model_1_goa_pop_2023.dat 3 2032 SSBMean 199.373
Model_1_goa_pop_2023.dat 3 2033 SSBF100 343.618
Model_1_goa_pop_2023.dat 3 2033 SSBFabc 137.447
Model_1_goa_pop_2023.dat 3 2033 SSBFofl 120.266
Model_1_goa_pop_2023.dat 3 2033 SSBLCI 185.697
Model_1_goa_pop_2023.dat 3 2033 SSBUCI 215.732
Model_1_goa_pop_2023.dat 3 2033 SSBMedian 197.152
Model_1_goa_pop_2023.dat 3 2033 SSBMean 198.416
Model_1_goa_pop_2023.dat 3 2034 SSBF100 343.618
Model_1_goa_pop_2023.dat 3 2034 SSBFabc 137.447
Model_1_goa_pop_2023.dat 3 2034 SSBFofl 120.266
Model_1_goa_pop_2023.dat 3 2034 SSBLCI 182.32
Model_1_goa_pop_2023.dat 3 2034 SSBUCI 219.363
Model_1_goa_pop_2023.dat 3 2034 SSBMedian 196.908
Model_1_goa_pop_2023.dat 3 2034 SSBMean 198.12
Model_1_goa_pop_2023.dat 3 2035 SSBF100 343.618
Model_1_goa_pop_2023.dat 3 2035 SSBFabc 137.447
Model_1_goa_pop_2023.dat 3 2035 SSBFofl 120.266
Model_1_goa_pop_2023.dat 3 2035 SSBLCI 179.402
Model_1_goa_pop_2023.dat 3 2035 SSBUCI 222.98
Model_1_goa_pop_2023.dat 3 2035 SSBMedian 196.665
Model_1_goa_pop_2023.dat 3 2035 SSBMean 198.264
Model_1_goa_pop_2023.dat 3 2036 SSBF100 343.618
Model_1_goa_pop_2023.dat 3 2036 SSBFabc 137.447
Model_1_goa_pop_2023.dat 3 2036 SSBFofl 120.266
Model_1_goa_pop_2023.dat 3 2036 SSBLCI 177.478
Model_1_goa_pop_2023.dat 3 2036 SSBUCI 225.664
Model_1_goa_pop_2023.dat 3 2036 SSBMedian 196.884
Model_1_goa_pop_2023.dat 3 2036 SSBMean 198.65
Model_1_goa_pop_2023.dat 3 2023 F0 0 
Model_1_goa_pop_2023.dat 3 2023 Fabc 0.0990105
Model_1_goa_pop_2023.dat 3 2023 Fofl 0.119243
Model_1_goa_pop_2023.dat 3 2023  F_LCI 0.0727775
Model_1_goa_pop_2023.dat 3 2023  F_UCI 0.0727775
Model_1_goa_pop_2023.dat 3 2023  F_Median 0.0727775
Model_1_goa_pop_2023.dat 3 2023  F_Mean 0.0727775
Model_1_goa_pop_2023.dat 3 2024 F0 0 
Model_1_goa_pop_2023.dat 3 2024 Fabc 0.0990105
Model_1_goa_pop_2023.dat 3 2024 Fofl 0.119243
Model_1_goa_pop_2023.dat 3 2024  F_LCI 0.0777692
Model_1_goa_pop_2023.dat 3 2024  F_UCI 0.0777711
Model_1_goa_pop_2023.dat 3 2024  F_Median 0.0777706
Model_1_goa_pop_2023.dat 3 2024  F_Mean 0.0777704
Model_1_goa_pop_2023.dat 3 2025 F0 0 
Model_1_goa_pop_2023.dat 3 2025 Fabc 0.0990105
Model_1_goa_pop_2023.dat 3 2025 Fofl 0.119243
Model_1_goa_pop_2023.dat 3 2025  F_LCI 0.0764708
Model_1_goa_pop_2023.dat 3 2025  F_UCI 0.0765113
Model_1_goa_pop_2023.dat 3 2025  F_Median 0.0764996
Model_1_goa_pop_2023.dat 3 2025  F_Mean 0.0764967
Model_1_goa_pop_2023.dat 3 2026 F0 0 
Model_1_goa_pop_2023.dat 3 2026 Fabc 0.0990105
Model_1_goa_pop_2023.dat 3 2026 Fofl 0.119243
Model_1_goa_pop_2023.dat 3 2026  F_LCI 0.0495053
Model_1_goa_pop_2023.dat 3 2026  F_UCI 0.0495053
Model_1_goa_pop_2023.dat 3 2026  F_Median 0.0495053
Model_1_goa_pop_2023.dat 3 2026  F_Mean 0.0495053
Model_1_goa_pop_2023.dat 3 2027 F0 0 
Model_1_goa_pop_2023.dat 3 2027 Fabc 0.0990105
Model_1_goa_pop_2023.dat 3 2027 Fofl 0.119243
Model_1_goa_pop_2023.dat 3 2027  F_LCI 0.0495053
Model_1_goa_pop_2023.dat 3 2027  F_UCI 0.0495053
Model_1_goa_pop_2023.dat 3 2027  F_Median 0.0495053
Model_1_goa_pop_2023.dat 3 2027  F_Mean 0.0495053
Model_1_goa_pop_2023.dat 3 2028 F0 0 
Model_1_goa_pop_2023.dat 3 2028 Fabc 0.0990105
Model_1_goa_pop_2023.dat 3 2028 Fofl 0.119243
Model_1_goa_pop_2023.dat 3 2028  F_LCI 0.0495053
Model_1_goa_pop_2023.dat 3 2028  F_UCI 0.0495053
Model_1_goa_pop_2023.dat 3 2028  F_Median 0.0495053
Model_1_goa_pop_2023.dat 3 2028  F_Mean 0.0495053
Model_1_goa_pop_2023.dat 3 2029 F0 0 
Model_1_goa_pop_2023.dat 3 2029 Fabc 0.0990105
Model_1_goa_pop_2023.dat 3 2029 Fofl 0.119243
Model_1_goa_pop_2023.dat 3 2029  F_LCI 0.0495053
Model_1_goa_pop_2023.dat 3 2029  F_UCI 0.0495053
Model_1_goa_pop_2023.dat 3 2029  F_Median 0.0495053
Model_1_goa_pop_2023.dat 3 2029  F_Mean 0.0495053
Model_1_goa_pop_2023.dat 3 2030 F0 0 
Model_1_goa_pop_2023.dat 3 2030 Fabc 0.0990105
Model_1_goa_pop_2023.dat 3 2030 Fofl 0.119243
Model_1_goa_pop_2023.dat 3 2030  F_LCI 0.0495053
Model_1_goa_pop_2023.dat 3 2030  F_UCI 0.0495053
Model_1_goa_pop_2023.dat 3 2030  F_Median 0.0495053
Model_1_goa_pop_2023.dat 3 2030  F_Mean 0.0495053
Model_1_goa_pop_2023.dat 3 2031 F0 0 
Model_1_goa_pop_2023.dat 3 2031 Fabc 0.0990105
Model_1_goa_pop_2023.dat 3 2031 Fofl 0.119243
Model_1_goa_pop_2023.dat 3 2031  F_LCI 0.0495053
Model_1_goa_pop_2023.dat 3 2031  F_UCI 0.0495053
Model_1_goa_pop_2023.dat 3 2031  F_Median 0.0495053
Model_1_goa_pop_2023.dat 3 2031  F_Mean 0.0495053
Model_1_goa_pop_2023.dat 3 2032 F0 0 
Model_1_goa_pop_2023.dat 3 2032 Fabc 0.0990105
Model_1_goa_pop_2023.dat 3 2032 Fofl 0.119243
Model_1_goa_pop_2023.dat 3 2032  F_LCI 0.0495053
Model_1_goa_pop_2023.dat 3 2032  F_UCI 0.0495053
Model_1_goa_pop_2023.dat 3 2032  F_Median 0.0495053
Model_1_goa_pop_2023.dat 3 2032  F_Mean 0.0495053
Model_1_goa_pop_2023.dat 3 2033 F0 0 
Model_1_goa_pop_2023.dat 3 2033 Fabc 0.0990105
Model_1_goa_pop_2023.dat 3 2033 Fofl 0.119243
Model_1_goa_pop_2023.dat 3 2033  F_LCI 0.0495053
Model_1_goa_pop_2023.dat 3 2033  F_UCI 0.0495053
Model_1_goa_pop_2023.dat 3 2033  F_Median 0.0495053
Model_1_goa_pop_2023.dat 3 2033  F_Mean 0.0495053
Model_1_goa_pop_2023.dat 3 2034 F0 0 
Model_1_goa_pop_2023.dat 3 2034 Fabc 0.0990105
Model_1_goa_pop_2023.dat 3 2034 Fofl 0.119243
Model_1_goa_pop_2023.dat 3 2034  F_LCI 0.0495053
Model_1_goa_pop_2023.dat 3 2034  F_UCI 0.0495053
Model_1_goa_pop_2023.dat 3 2034  F_Median 0.0495053
Model_1_goa_pop_2023.dat 3 2034  F_Mean 0.0495053
Model_1_goa_pop_2023.dat 3 2035 F0 0 
Model_1_goa_pop_2023.dat 3 2035 Fabc 0.0990105
Model_1_goa_pop_2023.dat 3 2035 Fofl 0.119243
Model_1_goa_pop_2023.dat 3 2035  F_LCI 0.0495053
Model_1_goa_pop_2023.dat 3 2035  F_UCI 0.0495053
Model_1_goa_pop_2023.dat 3 2035  F_Median 0.0495053
Model_1_goa_pop_2023.dat 3 2035  F_Mean 0.0495053
Model_1_goa_pop_2023.dat 3 2036 F0 0 
Model_1_goa_pop_2023.dat 3 2036 Fabc 0.0990105
Model_1_goa_pop_2023.dat 3 2036 Fofl 0.119243
Model_1_goa_pop_2023.dat 3 2036  F_LCI 0.0495053
Model_1_goa_pop_2023.dat 3 2036  F_UCI 0.0495053
Model_1_goa_pop_2023.dat 3 2036  F_Median 0.0495053
Model_1_goa_pop_2023.dat 3 2036  F_Mean 0.0495053
Model_1_goa_pop_2023.dat 4 2023 Cabc 25.3018
Model_1_goa_pop_2023.dat 4 2023 Cofl 27.0643
Model_1_goa_pop_2023.dat 4 2023 CLCI 30.3807
Model_1_goa_pop_2023.dat 4 2023 CUCI 30.3807
Model_1_goa_pop_2023.dat 4 2023 CMedian 30.3807
Model_1_goa_pop_2023.dat 4 2023 CMean 30.3807
Model_1_goa_pop_2023.dat 4 2024 Cabc 25.3018
Model_1_goa_pop_2023.dat 4 2024 Cofl 27.0643
Model_1_goa_pop_2023.dat 4 2024 CLCI 31.454
Model_1_goa_pop_2023.dat 4 2024 CUCI 31.454
Model_1_goa_pop_2023.dat 4 2024 CMedian 31.454
Model_1_goa_pop_2023.dat 4 2024 CMean 31.454
Model_1_goa_pop_2023.dat 4 2025 Cabc 25.3018
Model_1_goa_pop_2023.dat 4 2025 Cofl 27.0643
Model_1_goa_pop_2023.dat 4 2025 CLCI 29.89
Model_1_goa_pop_2023.dat 4 2025 CUCI 29.89
Model_1_goa_pop_2023.dat 4 2025 CMedian 29.89
Model_1_goa_pop_2023.dat 4 2025 CMean 29.89
Model_1_goa_pop_2023.dat 4 2026 Cabc 25.3018
Model_1_goa_pop_2023.dat 4 2026 Cofl 27.0643
Model_1_goa_pop_2023.dat 4 2026 CLCI 24.1719
Model_1_goa_pop_2023.dat 4 2026 CUCI 24.2442
Model_1_goa_pop_2023.dat 4 2026 CMedian 24.1949
Model_1_goa_pop_2023.dat 4 2026 CMean 24.1992
Model_1_goa_pop_2023.dat 4 2027 Cabc 25.3018
Model_1_goa_pop_2023.dat 4 2027 Cofl 27.0643
Model_1_goa_pop_2023.dat 4 2027 CLCI 23.4564
Model_1_goa_pop_2023.dat 4 2027 CUCI 23.6875
Model_1_goa_pop_2023.dat 4 2027 CMedian 23.531
Model_1_goa_pop_2023.dat 4 2027 CMean 23.5444
Model_1_goa_pop_2023.dat 4 2028 Cabc 25.3018
Model_1_goa_pop_2023.dat 4 2028 Cofl 27.0643
Model_1_goa_pop_2023.dat 4 2028 CLCI 22.7073
Model_1_goa_pop_2023.dat 4 2028 CUCI 23.2311
Model_1_goa_pop_2023.dat 4 2028 CMedian 22.8821
Model_1_goa_pop_2023.dat 4 2028 CMean 22.9102
Model_1_goa_pop_2023.dat 4 2029 Cabc 25.3018
Model_1_goa_pop_2023.dat 4 2029 Cofl 27.0643
Model_1_goa_pop_2023.dat 4 2029 CLCI 21.9197
Model_1_goa_pop_2023.dat 4 2029 CUCI 22.8918
Model_1_goa_pop_2023.dat 4 2029 CMedian 22.2653
Model_1_goa_pop_2023.dat 4 2029 CMean 22.3139
Model_1_goa_pop_2023.dat 4 2030 Cabc 25.3018
Model_1_goa_pop_2023.dat 4 2030 Cofl 27.0643
Model_1_goa_pop_2023.dat 4 2030 CLCI 21.1682
Model_1_goa_pop_2023.dat 4 2030 CUCI 22.7329
Model_1_goa_pop_2023.dat 4 2030 CMedian 21.704
Model_1_goa_pop_2023.dat 4 2030 CMean 21.7941
Model_1_goa_pop_2023.dat 4 2031 Cabc 25.3018
Model_1_goa_pop_2023.dat 4 2031 Cofl 27.0643
Model_1_goa_pop_2023.dat 4 2031 CLCI 20.424
Model_1_goa_pop_2023.dat 4 2031 CUCI 22.7024
Model_1_goa_pop_2023.dat 4 2031 CMedian 21.2159
Model_1_goa_pop_2023.dat 4 2031 CMean 21.3563
Model_1_goa_pop_2023.dat 4 2032 Cabc 25.3018
Model_1_goa_pop_2023.dat 4 2032 Cofl 27.0643
Model_1_goa_pop_2023.dat 4 2032 CLCI 19.7324
Model_1_goa_pop_2023.dat 4 2032 CUCI 22.7806
Model_1_goa_pop_2023.dat 4 2032 CMedian 20.8864
Model_1_goa_pop_2023.dat 4 2032 CMean 21.017
Model_1_goa_pop_2023.dat 4 2033 Cabc 25.3018
Model_1_goa_pop_2023.dat 4 2033 Cofl 27.0643
Model_1_goa_pop_2023.dat 4 2033 CLCI 19.1438
Model_1_goa_pop_2023.dat 4 2033 CUCI 22.9263
Model_1_goa_pop_2023.dat 4 2033 CMedian 20.6458
Model_1_goa_pop_2023.dat 4 2033 CMean 20.7625
Model_1_goa_pop_2023.dat 4 2034 Cabc 25.3018
Model_1_goa_pop_2023.dat 4 2034 Cofl 27.0643
Model_1_goa_pop_2023.dat 4 2034 CLCI 18.6371
Model_1_goa_pop_2023.dat 4 2034 CUCI 23.178
Model_1_goa_pop_2023.dat 4 2034 CMedian 20.443
Model_1_goa_pop_2023.dat 4 2034 CMean 20.5917
Model_1_goa_pop_2023.dat 4 2035 Cabc 25.3018
Model_1_goa_pop_2023.dat 4 2035 Cofl 27.0643
Model_1_goa_pop_2023.dat 4 2035 CLCI 18.1839
Model_1_goa_pop_2023.dat 4 2035 CUCI 23.415
Model_1_goa_pop_2023.dat 4 2035 CMedian 20.3241
Model_1_goa_pop_2023.dat 4 2035 CMean 20.4884
Model_1_goa_pop_2023.dat 4 2036 Cabc 25.3018
Model_1_goa_pop_2023.dat 4 2036 Cofl 27.0643
Model_1_goa_pop_2023.dat 4 2036 CLCI 17.8716
Model_1_goa_pop_2023.dat 4 2036 CUCI 23.5071
Model_1_goa_pop_2023.dat 4 2036 CMedian 20.2089
Model_1_goa_pop_2023.dat 4 2036 CMean 20.4478
Model_1_goa_pop_2023.dat 4 2023 SSBF100 343.618
Model_1_goa_pop_2023.dat 4 2023 SSBFabc 137.447
Model_1_goa_pop_2023.dat 4 2023 SSBFofl 120.266
Model_1_goa_pop_2023.dat 4 2023 SSBLCI 234.352
Model_1_goa_pop_2023.dat 4 2023 SSBUCI 234.352
Model_1_goa_pop_2023.dat 4 2023 SSBMedian 234.352
Model_1_goa_pop_2023.dat 4 2023 SSBMean 234.352
Model_1_goa_pop_2023.dat 4 2024 SSBF100 343.618
Model_1_goa_pop_2023.dat 4 2024 SSBFabc 137.447
Model_1_goa_pop_2023.dat 4 2024 SSBFofl 120.266
Model_1_goa_pop_2023.dat 4 2024 SSBLCI 228.019
Model_1_goa_pop_2023.dat 4 2024 SSBUCI 228.048
Model_1_goa_pop_2023.dat 4 2024 SSBMedian 228.027
Model_1_goa_pop_2023.dat 4 2024 SSBMean 228.03
Model_1_goa_pop_2023.dat 4 2025 SSBF100 343.618
Model_1_goa_pop_2023.dat 4 2025 SSBFabc 137.447
Model_1_goa_pop_2023.dat 4 2025 SSBFofl 120.266
Model_1_goa_pop_2023.dat 4 2025 SSBLCI 221.337
Model_1_goa_pop_2023.dat 4 2025 SSBUCI 221.457
Model_1_goa_pop_2023.dat 4 2025 SSBMedian 221.377
Model_1_goa_pop_2023.dat 4 2025 SSBMean 221.384
Model_1_goa_pop_2023.dat 4 2026 SSBF100 343.618
Model_1_goa_pop_2023.dat 4 2026 SSBFabc 137.447
Model_1_goa_pop_2023.dat 4 2026 SSBFofl 120.266
Model_1_goa_pop_2023.dat 4 2026 SSBLCI 215.591
Model_1_goa_pop_2023.dat 4 2026 SSBUCI 215.968
Model_1_goa_pop_2023.dat 4 2026 SSBMedian 215.713
Model_1_goa_pop_2023.dat 4 2026 SSBMean 215.734
Model_1_goa_pop_2023.dat 4 2027 SSBF100 343.618
Model_1_goa_pop_2023.dat 4 2027 SSBFabc 137.447
Model_1_goa_pop_2023.dat 4 2027 SSBFofl 120.266
Model_1_goa_pop_2023.dat 4 2027 SSBLCI 210.774
Model_1_goa_pop_2023.dat 4 2027 SSBUCI 211.738
Model_1_goa_pop_2023.dat 4 2027 SSBMedian 211.088
Model_1_goa_pop_2023.dat 4 2027 SSBMean 211.143
Model_1_goa_pop_2023.dat 4 2028 SSBF100 343.618
Model_1_goa_pop_2023.dat 4 2028 SSBFabc 137.447
Model_1_goa_pop_2023.dat 4 2028 SSBFofl 120.266
Model_1_goa_pop_2023.dat 4 2028 SSBLCI 205.047
Model_1_goa_pop_2023.dat 4 2028 SSBUCI 207.29
Model_1_goa_pop_2023.dat 4 2028 SSBMedian 205.8
Model_1_goa_pop_2023.dat 4 2028 SSBMean 205.921
Model_1_goa_pop_2023.dat 4 2029 SSBF100 343.618
Model_1_goa_pop_2023.dat 4 2029 SSBFabc 137.447
Model_1_goa_pop_2023.dat 4 2029 SSBFofl 120.266
Model_1_goa_pop_2023.dat 4 2029 SSBLCI 198.584
Model_1_goa_pop_2023.dat 4 2029 SSBUCI 203.276
Model_1_goa_pop_2023.dat 4 2029 SSBMedian 200.167
Model_1_goa_pop_2023.dat 4 2029 SSBMean 200.403
Model_1_goa_pop_2023.dat 4 2030 SSBF100 343.618
Model_1_goa_pop_2023.dat 4 2030 SSBFabc 137.447
Model_1_goa_pop_2023.dat 4 2030 SSBFofl 120.266
Model_1_goa_pop_2023.dat 4 2030 SSBLCI 191.703
Model_1_goa_pop_2023.dat 4 2030 SSBUCI 200.384
Model_1_goa_pop_2023.dat 4 2030 SSBMedian 194.743
Model_1_goa_pop_2023.dat 4 2030 SSBMean 195.201
Model_1_goa_pop_2023.dat 4 2031 SSBF100 343.618
Model_1_goa_pop_2023.dat 4 2031 SSBFabc 137.447
Model_1_goa_pop_2023.dat 4 2031 SSBFofl 120.266
Model_1_goa_pop_2023.dat 4 2031 SSBLCI 184.97
Model_1_goa_pop_2023.dat 4 2031 SSBUCI 199.934
Model_1_goa_pop_2023.dat 4 2031 SSBMedian 190.106
Model_1_goa_pop_2023.dat 4 2031 SSBMean 190.899
Model_1_goa_pop_2023.dat 4 2032 SSBF100 343.618
Model_1_goa_pop_2023.dat 4 2032 SSBFabc 137.447
Model_1_goa_pop_2023.dat 4 2032 SSBFofl 120.266
Model_1_goa_pop_2023.dat 4 2032 SSBLCI 178.834
Model_1_goa_pop_2023.dat 4 2032 SSBUCI 200.604
Model_1_goa_pop_2023.dat 4 2032 SSBMedian 186.437
Model_1_goa_pop_2023.dat 4 2032 SSBMean 187.719
Model_1_goa_pop_2023.dat 4 2033 SSBF100 343.618
Model_1_goa_pop_2023.dat 4 2033 SSBFabc 137.447
Model_1_goa_pop_2023.dat 4 2033 SSBFofl 120.266
Model_1_goa_pop_2023.dat 4 2033 SSBLCI 173.154
Model_1_goa_pop_2023.dat 4 2033 SSBUCI 202.445
Model_1_goa_pop_2023.dat 4 2033 SSBMedian 184.353
Model_1_goa_pop_2023.dat 4 2033 SSBMean 185.591
Model_1_goa_pop_2023.dat 4 2034 SSBF100 343.618
Model_1_goa_pop_2023.dat 4 2034 SSBFabc 137.447
Model_1_goa_pop_2023.dat 4 2034 SSBFofl 120.266
Model_1_goa_pop_2023.dat 4 2034 SSBLCI 168.811
Model_1_goa_pop_2023.dat 4 2034 SSBUCI 204.844
Model_1_goa_pop_2023.dat 4 2034 SSBMedian 183.011
Model_1_goa_pop_2023.dat 4 2034 SSBMean 184.248
Model_1_goa_pop_2023.dat 4 2035 SSBF100 343.618
Model_1_goa_pop_2023.dat 4 2035 SSBFabc 137.447
Model_1_goa_pop_2023.dat 4 2035 SSBFofl 120.266
Model_1_goa_pop_2023.dat 4 2035 SSBLCI 165.27
Model_1_goa_pop_2023.dat 4 2035 SSBUCI 207.368
Model_1_goa_pop_2023.dat 4 2035 SSBMedian 181.87
Model_1_goa_pop_2023.dat 4 2035 SSBMean 183.448
Model_1_goa_pop_2023.dat 4 2036 SSBF100 343.618
Model_1_goa_pop_2023.dat 4 2036 SSBFabc 137.447
Model_1_goa_pop_2023.dat 4 2036 SSBFofl 120.266
Model_1_goa_pop_2023.dat 4 2036 SSBLCI 162.549
Model_1_goa_pop_2023.dat 4 2036 SSBUCI 209.166
Model_1_goa_pop_2023.dat 4 2036 SSBMedian 181.097
Model_1_goa_pop_2023.dat 4 2036 SSBMean 182.981
Model_1_goa_pop_2023.dat 4 2023 F0 0 
Model_1_goa_pop_2023.dat 4 2023 Fabc 0.0990105
Model_1_goa_pop_2023.dat 4 2023 Fofl 0.119243
Model_1_goa_pop_2023.dat 4 2023  F_LCI 0.0727775
Model_1_goa_pop_2023.dat 4 2023  F_UCI 0.0727775
Model_1_goa_pop_2023.dat 4 2023  F_Median 0.0727775
Model_1_goa_pop_2023.dat 4 2023  F_Mean 0.0727775
Model_1_goa_pop_2023.dat 4 2024 F0 0 
Model_1_goa_pop_2023.dat 4 2024 Fabc 0.0990105
Model_1_goa_pop_2023.dat 4 2024 Fofl 0.119243
Model_1_goa_pop_2023.dat 4 2024  F_LCI 0.0777692
Model_1_goa_pop_2023.dat 4 2024  F_UCI 0.0777711
Model_1_goa_pop_2023.dat 4 2024  F_Median 0.0777706
Model_1_goa_pop_2023.dat 4 2024  F_Mean 0.0777704
Model_1_goa_pop_2023.dat 4 2025 F0 0 
Model_1_goa_pop_2023.dat 4 2025 Fabc 0.0990105
Model_1_goa_pop_2023.dat 4 2025 Fofl 0.119243
Model_1_goa_pop_2023.dat 4 2025  F_LCI 0.0764708
Model_1_goa_pop_2023.dat 4 2025  F_UCI 0.0765113
Model_1_goa_pop_2023.dat 4 2025  F_Median 0.0764996
Model_1_goa_pop_2023.dat 4 2025  F_Mean 0.0764967
Model_1_goa_pop_2023.dat 4 2026 F0 0 
Model_1_goa_pop_2023.dat 4 2026 Fabc 0.0990105
Model_1_goa_pop_2023.dat 4 2026 Fofl 0.119243
Model_1_goa_pop_2023.dat 4 2026  F_LCI 0.0638806
Model_1_goa_pop_2023.dat 4 2026  F_UCI 0.0638806
Model_1_goa_pop_2023.dat 4 2026  F_Median 0.0638806
Model_1_goa_pop_2023.dat 4 2026  F_Mean 0.0638806
Model_1_goa_pop_2023.dat 4 2027 F0 0 
Model_1_goa_pop_2023.dat 4 2027 Fabc 0.0990105
Model_1_goa_pop_2023.dat 4 2027 Fofl 0.119243
Model_1_goa_pop_2023.dat 4 2027  F_LCI 0.0638806
Model_1_goa_pop_2023.dat 4 2027  F_UCI 0.0638806
Model_1_goa_pop_2023.dat 4 2027  F_Median 0.0638806
Model_1_goa_pop_2023.dat 4 2027  F_Mean 0.0638806
Model_1_goa_pop_2023.dat 4 2028 F0 0 
Model_1_goa_pop_2023.dat 4 2028 Fabc 0.0990105
Model_1_goa_pop_2023.dat 4 2028 Fofl 0.119243
Model_1_goa_pop_2023.dat 4 2028  F_LCI 0.0638806
Model_1_goa_pop_2023.dat 4 2028  F_UCI 0.0638806
Model_1_goa_pop_2023.dat 4 2028  F_Median 0.0638806
Model_1_goa_pop_2023.dat 4 2028  F_Mean 0.0638806
Model_1_goa_pop_2023.dat 4 2029 F0 0 
Model_1_goa_pop_2023.dat 4 2029 Fabc 0.0990105
Model_1_goa_pop_2023.dat 4 2029 Fofl 0.119243
Model_1_goa_pop_2023.dat 4 2029  F_LCI 0.0638806
Model_1_goa_pop_2023.dat 4 2029  F_UCI 0.0638806
Model_1_goa_pop_2023.dat 4 2029  F_Median 0.0638806
Model_1_goa_pop_2023.dat 4 2029  F_Mean 0.0638806
Model_1_goa_pop_2023.dat 4 2030 F0 0 
Model_1_goa_pop_2023.dat 4 2030 Fabc 0.0990105
Model_1_goa_pop_2023.dat 4 2030 Fofl 0.119243
Model_1_goa_pop_2023.dat 4 2030  F_LCI 0.0638806
Model_1_goa_pop_2023.dat 4 2030  F_UCI 0.0638806
Model_1_goa_pop_2023.dat 4 2030  F_Median 0.0638806
Model_1_goa_pop_2023.dat 4 2030  F_Mean 0.0638806
Model_1_goa_pop_2023.dat 4 2031 F0 0 
Model_1_goa_pop_2023.dat 4 2031 Fabc 0.0990105
Model_1_goa_pop_2023.dat 4 2031 Fofl 0.119243
Model_1_goa_pop_2023.dat 4 2031  F_LCI 0.0638806
Model_1_goa_pop_2023.dat 4 2031  F_UCI 0.0638806
Model_1_goa_pop_2023.dat 4 2031  F_Median 0.0638806
Model_1_goa_pop_2023.dat 4 2031  F_Mean 0.0638806
Model_1_goa_pop_2023.dat 4 2032 F0 0 
Model_1_goa_pop_2023.dat 4 2032 Fabc 0.0990105
Model_1_goa_pop_2023.dat 4 2032 Fofl 0.119243
Model_1_goa_pop_2023.dat 4 2032  F_LCI 0.0638806
Model_1_goa_pop_2023.dat 4 2032  F_UCI 0.0638806
Model_1_goa_pop_2023.dat 4 2032  F_Median 0.0638806
Model_1_goa_pop_2023.dat 4 2032  F_Mean 0.0638806
Model_1_goa_pop_2023.dat 4 2033 F0 0 
Model_1_goa_pop_2023.dat 4 2033 Fabc 0.0990105
Model_1_goa_pop_2023.dat 4 2033 Fofl 0.119243
Model_1_goa_pop_2023.dat 4 2033  F_LCI 0.0638806
Model_1_goa_pop_2023.dat 4 2033  F_UCI 0.0638806
Model_1_goa_pop_2023.dat 4 2033  F_Median 0.0638806
Model_1_goa_pop_2023.dat 4 2033  F_Mean 0.0638806
Model_1_goa_pop_2023.dat 4 2034 F0 0 
Model_1_goa_pop_2023.dat 4 2034 Fabc 0.0990105
Model_1_goa_pop_2023.dat 4 2034 Fofl 0.119243
Model_1_goa_pop_2023.dat 4 2034  F_LCI 0.0638806
Model_1_goa_pop_2023.dat 4 2034  F_UCI 0.0638806
Model_1_goa_pop_2023.dat 4 2034  F_Median 0.0638806
Model_1_goa_pop_2023.dat 4 2034  F_Mean 0.0638806
Model_1_goa_pop_2023.dat 4 2035 F0 0 
Model_1_goa_pop_2023.dat 4 2035 Fabc 0.0990105
Model_1_goa_pop_2023.dat 4 2035 Fofl 0.119243
Model_1_goa_pop_2023.dat 4 2035  F_LCI 0.0638806
Model_1_goa_pop_2023.dat 4 2035  F_UCI 0.0638806
Model_1_goa_pop_2023.dat 4 2035  F_Median 0.0638806
Model_1_goa_pop_2023.dat 4 2035  F_Mean 0.0638806
Model_1_goa_pop_2023.dat 4 2036 F0 0 
Model_1_goa_pop_2023.dat 4 2036 Fabc 0.0990105
Model_1_goa_pop_2023.dat 4 2036 Fofl 0.119243
Model_1_goa_pop_2023.dat 4 2036  F_LCI 0.0638806
Model_1_goa_pop_2023.dat 4 2036  F_UCI 0.0638806
Model_1_goa_pop_2023.dat 4 2036  F_Median 0.0638806
Model_1_goa_pop_2023.dat 4 2036  F_Mean 0.0638806
Model_1_goa_pop_2023.dat 5 2023 Cabc 25.3018
Model_1_goa_pop_2023.dat 5 2023 Cofl 27.0643
Model_1_goa_pop_2023.dat 5 2023 CLCI 30.3807
Model_1_goa_pop_2023.dat 5 2023 CUCI 30.3807
Model_1_goa_pop_2023.dat 5 2023 CMedian 30.3807
Model_1_goa_pop_2023.dat 5 2023 CMean 30.3807
Model_1_goa_pop_2023.dat 5 2024 Cabc 25.3018
Model_1_goa_pop_2023.dat 5 2024 Cofl 27.0643
Model_1_goa_pop_2023.dat 5 2024 CLCI 31.454
Model_1_goa_pop_2023.dat 5 2024 CUCI 31.454
Model_1_goa_pop_2023.dat 5 2024 CMedian 31.454
Model_1_goa_pop_2023.dat 5 2024 CMean 31.454
Model_1_goa_pop_2023.dat 5 2025 Cabc 25.3018
Model_1_goa_pop_2023.dat 5 2025 Cofl 27.0643
Model_1_goa_pop_2023.dat 5 2025 CLCI 29.89
Model_1_goa_pop_2023.dat 5 2025 CUCI 29.89
Model_1_goa_pop_2023.dat 5 2025 CMedian 29.89
Model_1_goa_pop_2023.dat 5 2025 CMean 29.89
Model_1_goa_pop_2023.dat 5 2026 Cabc 25.3018
Model_1_goa_pop_2023.dat 5 2026 Cofl 27.0643
Model_1_goa_pop_2023.dat 5 2026 CLCI 0
Model_1_goa_pop_2023.dat 5 2026 CUCI 0
Model_1_goa_pop_2023.dat 5 2026 CMedian 0
Model_1_goa_pop_2023.dat 5 2026 CMean 0
Model_1_goa_pop_2023.dat 5 2027 Cabc 25.3018
Model_1_goa_pop_2023.dat 5 2027 Cofl 27.0643
Model_1_goa_pop_2023.dat 5 2027 CLCI 0
Model_1_goa_pop_2023.dat 5 2027 CUCI 0
Model_1_goa_pop_2023.dat 5 2027 CMedian 0
Model_1_goa_pop_2023.dat 5 2027 CMean 0
Model_1_goa_pop_2023.dat 5 2028 Cabc 25.3018
Model_1_goa_pop_2023.dat 5 2028 Cofl 27.0643
Model_1_goa_pop_2023.dat 5 2028 CLCI 0
Model_1_goa_pop_2023.dat 5 2028 CUCI 0
Model_1_goa_pop_2023.dat 5 2028 CMedian 0
Model_1_goa_pop_2023.dat 5 2028 CMean 0
Model_1_goa_pop_2023.dat 5 2029 Cabc 25.3018
Model_1_goa_pop_2023.dat 5 2029 Cofl 27.0643
Model_1_goa_pop_2023.dat 5 2029 CLCI 0
Model_1_goa_pop_2023.dat 5 2029 CUCI 0
Model_1_goa_pop_2023.dat 5 2029 CMedian 0
Model_1_goa_pop_2023.dat 5 2029 CMean 0
Model_1_goa_pop_2023.dat 5 2030 Cabc 25.3018
Model_1_goa_pop_2023.dat 5 2030 Cofl 27.0643
Model_1_goa_pop_2023.dat 5 2030 CLCI 0
Model_1_goa_pop_2023.dat 5 2030 CUCI 0
Model_1_goa_pop_2023.dat 5 2030 CMedian 0
Model_1_goa_pop_2023.dat 5 2030 CMean 0
Model_1_goa_pop_2023.dat 5 2031 Cabc 25.3018
Model_1_goa_pop_2023.dat 5 2031 Cofl 27.0643
Model_1_goa_pop_2023.dat 5 2031 CLCI 0
Model_1_goa_pop_2023.dat 5 2031 CUCI 0
Model_1_goa_pop_2023.dat 5 2031 CMedian 0
Model_1_goa_pop_2023.dat 5 2031 CMean 0
Model_1_goa_pop_2023.dat 5 2032 Cabc 25.3018
Model_1_goa_pop_2023.dat 5 2032 Cofl 27.0643
Model_1_goa_pop_2023.dat 5 2032 CLCI 0
Model_1_goa_pop_2023.dat 5 2032 CUCI 0
Model_1_goa_pop_2023.dat 5 2032 CMedian 0
Model_1_goa_pop_2023.dat 5 2032 CMean 0
Model_1_goa_pop_2023.dat 5 2033 Cabc 25.3018
Model_1_goa_pop_2023.dat 5 2033 Cofl 27.0643
Model_1_goa_pop_2023.dat 5 2033 CLCI 0
Model_1_goa_pop_2023.dat 5 2033 CUCI 0
Model_1_goa_pop_2023.dat 5 2033 CMedian 0
Model_1_goa_pop_2023.dat 5 2033 CMean 0
Model_1_goa_pop_2023.dat 5 2034 Cabc 25.3018
Model_1_goa_pop_2023.dat 5 2034 Cofl 27.0643
Model_1_goa_pop_2023.dat 5 2034 CLCI 0
Model_1_goa_pop_2023.dat 5 2034 CUCI 0
Model_1_goa_pop_2023.dat 5 2034 CMedian 0
Model_1_goa_pop_2023.dat 5 2034 CMean 0
Model_1_goa_pop_2023.dat 5 2035 Cabc 25.3018
Model_1_goa_pop_2023.dat 5 2035 Cofl 27.0643
Model_1_goa_pop_2023.dat 5 2035 CLCI 0
Model_1_goa_pop_2023.dat 5 2035 CUCI 0
Model_1_goa_pop_2023.dat 5 2035 CMedian 0
Model_1_goa_pop_2023.dat 5 2035 CMean 0
Model_1_goa_pop_2023.dat 5 2036 Cabc 25.3018
Model_1_goa_pop_2023.dat 5 2036 Cofl 27.0643
Model_1_goa_pop_2023.dat 5 2036 CLCI 0
Model_1_goa_pop_2023.dat 5 2036 CUCI 0
Model_1_goa_pop_2023.dat 5 2036 CMedian 0
Model_1_goa_pop_2023.dat 5 2036 CMean 0
Model_1_goa_pop_2023.dat 5 2023 SSBF100 343.618
Model_1_goa_pop_2023.dat 5 2023 SSBFabc 137.447
Model_1_goa_pop_2023.dat 5 2023 SSBFofl 120.266
Model_1_goa_pop_2023.dat 5 2023 SSBLCI 234.352
Model_1_goa_pop_2023.dat 5 2023 SSBUCI 234.352
Model_1_goa_pop_2023.dat 5 2023 SSBMedian 234.352
Model_1_goa_pop_2023.dat 5 2023 SSBMean 234.352
Model_1_goa_pop_2023.dat 5 2024 SSBF100 343.618
Model_1_goa_pop_2023.dat 5 2024 SSBFabc 137.447
Model_1_goa_pop_2023.dat 5 2024 SSBFofl 120.266
Model_1_goa_pop_2023.dat 5 2024 SSBLCI 228.019
Model_1_goa_pop_2023.dat 5 2024 SSBUCI 228.048
Model_1_goa_pop_2023.dat 5 2024 SSBMedian 228.027
Model_1_goa_pop_2023.dat 5 2024 SSBMean 228.03
Model_1_goa_pop_2023.dat 5 2025 SSBF100 343.618
Model_1_goa_pop_2023.dat 5 2025 SSBFabc 137.447
Model_1_goa_pop_2023.dat 5 2025 SSBFofl 120.266
Model_1_goa_pop_2023.dat 5 2025 SSBLCI 221.337
Model_1_goa_pop_2023.dat 5 2025 SSBUCI 221.457
Model_1_goa_pop_2023.dat 5 2025 SSBMedian 221.377
Model_1_goa_pop_2023.dat 5 2025 SSBMean 221.384
Model_1_goa_pop_2023.dat 5 2026 SSBF100 343.618
Model_1_goa_pop_2023.dat 5 2026 SSBFabc 137.447
Model_1_goa_pop_2023.dat 5 2026 SSBFofl 120.266
Model_1_goa_pop_2023.dat 5 2026 SSBLCI 219.207
Model_1_goa_pop_2023.dat 5 2026 SSBUCI 219.584
Model_1_goa_pop_2023.dat 5 2026 SSBMedian 219.329
Model_1_goa_pop_2023.dat 5 2026 SSBMean 219.351
Model_1_goa_pop_2023.dat 5 2027 SSBF100 343.618
Model_1_goa_pop_2023.dat 5 2027 SSBFabc 137.447
Model_1_goa_pop_2023.dat 5 2027 SSBFofl 120.266
Model_1_goa_pop_2023.dat 5 2027 SSBLCI 224.954
Model_1_goa_pop_2023.dat 5 2027 SSBUCI 225.923
Model_1_goa_pop_2023.dat 5 2027 SSBMedian 225.269
Model_1_goa_pop_2023.dat 5 2027 SSBMean 225.324
Model_1_goa_pop_2023.dat 5 2028 SSBF100 343.618
Model_1_goa_pop_2023.dat 5 2028 SSBFabc 137.447
Model_1_goa_pop_2023.dat 5 2028 SSBFofl 120.266
Model_1_goa_pop_2023.dat 5 2028 SSBLCI 229.382
Model_1_goa_pop_2023.dat 5 2028 SSBUCI 231.649
Model_1_goa_pop_2023.dat 5 2028 SSBMedian 230.143
Model_1_goa_pop_2023.dat 5 2028 SSBMean 230.264
Model_1_goa_pop_2023.dat 5 2029 SSBF100 343.618
Model_1_goa_pop_2023.dat 5 2029 SSBFabc 137.447
Model_1_goa_pop_2023.dat 5 2029 SSBFofl 120.266
Model_1_goa_pop_2023.dat 5 2029 SSBLCI 232.48
Model_1_goa_pop_2023.dat 5 2029 SSBUCI 237.287
Model_1_goa_pop_2023.dat 5 2029 SSBMedian 234.098
Model_1_goa_pop_2023.dat 5 2029 SSBMean 234.34
Model_1_goa_pop_2023.dat 5 2030 SSBF100 343.618
Model_1_goa_pop_2023.dat 5 2030 SSBFabc 137.447
Model_1_goa_pop_2023.dat 5 2030 SSBFofl 120.266
Model_1_goa_pop_2023.dat 5 2030 SSBLCI 234.435
Model_1_goa_pop_2023.dat 5 2030 SSBUCI 243.483
Model_1_goa_pop_2023.dat 5 2030 SSBMedian 237.567
Model_1_goa_pop_2023.dat 5 2030 SSBMean 238.054
Model_1_goa_pop_2023.dat 5 2031 SSBF100 343.618
Model_1_goa_pop_2023.dat 5 2031 SSBFabc 137.447
Model_1_goa_pop_2023.dat 5 2031 SSBFofl 120.266
Model_1_goa_pop_2023.dat 5 2031 SSBLCI 235.722
Model_1_goa_pop_2023.dat 5 2031 SSBUCI 251.457
Model_1_goa_pop_2023.dat 5 2031 SSBMedian 241.16
Model_1_goa_pop_2023.dat 5 2031 SSBMean 241.984
Model_1_goa_pop_2023.dat 5 2032 SSBF100 343.618
Model_1_goa_pop_2023.dat 5 2032 SSBFabc 137.447
Model_1_goa_pop_2023.dat 5 2032 SSBFofl 120.266
Model_1_goa_pop_2023.dat 5 2032 SSBLCI 236.818
Model_1_goa_pop_2023.dat 5 2032 SSBUCI 260.52
Model_1_goa_pop_2023.dat 5 2032 SSBMedian 244.923
Model_1_goa_pop_2023.dat 5 2032 SSBMean 246.401
Model_1_goa_pop_2023.dat 5 2033 SSBF100 343.618
Model_1_goa_pop_2023.dat 5 2033 SSBFabc 137.447
Model_1_goa_pop_2023.dat 5 2033 SSBFofl 120.266
Model_1_goa_pop_2023.dat 5 2033 SSBLCI 237.65
Model_1_goa_pop_2023.dat 5 2033 SSBUCI 270.34
Model_1_goa_pop_2023.dat 5 2033 SSBMedian 249.862
Model_1_goa_pop_2023.dat 5 2033 SSBMean 251.323
Model_1_goa_pop_2023.dat 5 2034 SSBF100 343.618
Model_1_goa_pop_2023.dat 5 2034 SSBFabc 137.447
Model_1_goa_pop_2023.dat 5 2034 SSBFofl 120.266
Model_1_goa_pop_2023.dat 5 2034 SSBLCI 238.866
Model_1_goa_pop_2023.dat 5 2034 SSBUCI 280.285
Model_1_goa_pop_2023.dat 5 2034 SSBMedian 254.963
Model_1_goa_pop_2023.dat 5 2034 SSBMean 256.548
Model_1_goa_pop_2023.dat 5 2035 SSBF100 343.618
Model_1_goa_pop_2023.dat 5 2035 SSBFabc 137.447
Model_1_goa_pop_2023.dat 5 2035 SSBFofl 120.266
Model_1_goa_pop_2023.dat 5 2035 SSBLCI 240.454
Model_1_goa_pop_2023.dat 5 2035 SSBUCI 289.72
Model_1_goa_pop_2023.dat 5 2035 SSBMedian 260.3
Model_1_goa_pop_2023.dat 5 2035 SSBMean 261.893
Model_1_goa_pop_2023.dat 5 2036 SSBF100 343.618
Model_1_goa_pop_2023.dat 5 2036 SSBFabc 137.447
Model_1_goa_pop_2023.dat 5 2036 SSBFofl 120.266
Model_1_goa_pop_2023.dat 5 2036 SSBLCI 242.091
Model_1_goa_pop_2023.dat 5 2036 SSBUCI 299.269
Model_1_goa_pop_2023.dat 5 2036 SSBMedian 265.241
Model_1_goa_pop_2023.dat 5 2036 SSBMean 267.177
Model_1_goa_pop_2023.dat 5 2023 F0 0 
Model_1_goa_pop_2023.dat 5 2023 Fabc 0.0990105
Model_1_goa_pop_2023.dat 5 2023 Fofl 0.119243
Model_1_goa_pop_2023.dat 5 2023  F_LCI 0.0727775
Model_1_goa_pop_2023.dat 5 2023  F_UCI 0.0727775
Model_1_goa_pop_2023.dat 5 2023  F_Median 0.0727775
Model_1_goa_pop_2023.dat 5 2023  F_Mean 0.0727775
Model_1_goa_pop_2023.dat 5 2024 F0 0 
Model_1_goa_pop_2023.dat 5 2024 Fabc 0.0990105
Model_1_goa_pop_2023.dat 5 2024 Fofl 0.119243
Model_1_goa_pop_2023.dat 5 2024  F_LCI 0.0777692
Model_1_goa_pop_2023.dat 5 2024  F_UCI 0.0777711
Model_1_goa_pop_2023.dat 5 2024  F_Median 0.0777706
Model_1_goa_pop_2023.dat 5 2024  F_Mean 0.0777704
Model_1_goa_pop_2023.dat 5 2025 F0 0 
Model_1_goa_pop_2023.dat 5 2025 Fabc 0.0990105
Model_1_goa_pop_2023.dat 5 2025 Fofl 0.119243
Model_1_goa_pop_2023.dat 5 2025  F_LCI 0.0764708
Model_1_goa_pop_2023.dat 5 2025  F_UCI 0.0765113
Model_1_goa_pop_2023.dat 5 2025  F_Median 0.0764996
Model_1_goa_pop_2023.dat 5 2025  F_Mean 0.0764967
Model_1_goa_pop_2023.dat 5 2026 F0 0 
Model_1_goa_pop_2023.dat 5 2026 Fabc 0.0990105
Model_1_goa_pop_2023.dat 5 2026 Fofl 0.119243
Model_1_goa_pop_2023.dat 5 2026  F_LCI 0
Model_1_goa_pop_2023.dat 5 2026  F_UCI 0
Model_1_goa_pop_2023.dat 5 2026  F_Median 0
Model_1_goa_pop_2023.dat 5 2026  F_Mean 0
Model_1_goa_pop_2023.dat 5 2027 F0 0 
Model_1_goa_pop_2023.dat 5 2027 Fabc 0.0990105
Model_1_goa_pop_2023.dat 5 2027 Fofl 0.119243
Model_1_goa_pop_2023.dat 5 2027  F_LCI 0
Model_1_goa_pop_2023.dat 5 2027  F_UCI 0
Model_1_goa_pop_2023.dat 5 2027  F_Median 0
Model_1_goa_pop_2023.dat 5 2027  F_Mean 0
Model_1_goa_pop_2023.dat 5 2028 F0 0 
Model_1_goa_pop_2023.dat 5 2028 Fabc 0.0990105
Model_1_goa_pop_2023.dat 5 2028 Fofl 0.119243
Model_1_goa_pop_2023.dat 5 2028  F_LCI 0
Model_1_goa_pop_2023.dat 5 2028  F_UCI 0
Model_1_goa_pop_2023.dat 5 2028  F_Median 0
Model_1_goa_pop_2023.dat 5 2028  F_Mean 0
Model_1_goa_pop_2023.dat 5 2029 F0 0 
Model_1_goa_pop_2023.dat 5 2029 Fabc 0.0990105
Model_1_goa_pop_2023.dat 5 2029 Fofl 0.119243
Model_1_goa_pop_2023.dat 5 2029  F_LCI 0
Model_1_goa_pop_2023.dat 5 2029  F_UCI 0
Model_1_goa_pop_2023.dat 5 2029  F_Median 0
Model_1_goa_pop_2023.dat 5 2029  F_Mean 0
Model_1_goa_pop_2023.dat 5 2030 F0 0 
Model_1_goa_pop_2023.dat 5 2030 Fabc 0.0990105
Model_1_goa_pop_2023.dat 5 2030 Fofl 0.119243
Model_1_goa_pop_2023.dat 5 2030  F_LCI 0
Model_1_goa_pop_2023.dat 5 2030  F_UCI 0
Model_1_goa_pop_2023.dat 5 2030  F_Median 0
Model_1_goa_pop_2023.dat 5 2030  F_Mean 0
Model_1_goa_pop_2023.dat 5 2031 F0 0 
Model_1_goa_pop_2023.dat 5 2031 Fabc 0.0990105
Model_1_goa_pop_2023.dat 5 2031 Fofl 0.119243
Model_1_goa_pop_2023.dat 5 2031  F_LCI 0
Model_1_goa_pop_2023.dat 5 2031  F_UCI 0
Model_1_goa_pop_2023.dat 5 2031  F_Median 0
Model_1_goa_pop_2023.dat 5 2031  F_Mean 0
Model_1_goa_pop_2023.dat 5 2032 F0 0 
Model_1_goa_pop_2023.dat 5 2032 Fabc 0.0990105
Model_1_goa_pop_2023.dat 5 2032 Fofl 0.119243
Model_1_goa_pop_2023.dat 5 2032  F_LCI 0
Model_1_goa_pop_2023.dat 5 2032  F_UCI 0
Model_1_goa_pop_2023.dat 5 2032  F_Median 0
Model_1_goa_pop_2023.dat 5 2032  F_Mean 0
Model_1_goa_pop_2023.dat 5 2033 F0 0 
Model_1_goa_pop_2023.dat 5 2033 Fabc 0.0990105
Model_1_goa_pop_2023.dat 5 2033 Fofl 0.119243
Model_1_goa_pop_2023.dat 5 2033  F_LCI 0
Model_1_goa_pop_2023.dat 5 2033  F_UCI 0
Model_1_goa_pop_2023.dat 5 2033  F_Median 0
Model_1_goa_pop_2023.dat 5 2033  F_Mean 0
Model_1_goa_pop_2023.dat 5 2034 F0 0 
Model_1_goa_pop_2023.dat 5 2034 Fabc 0.0990105
Model_1_goa_pop_2023.dat 5 2034 Fofl 0.119243
Model_1_goa_pop_2023.dat 5 2034  F_LCI 0
Model_1_goa_pop_2023.dat 5 2034  F_UCI 0
Model_1_goa_pop_2023.dat 5 2034  F_Median 0
Model_1_goa_pop_2023.dat 5 2034  F_Mean 0
Model_1_goa_pop_2023.dat 5 2035 F0 0 
Model_1_goa_pop_2023.dat 5 2035 Fabc 0.0990105
Model_1_goa_pop_2023.dat 5 2035 Fofl 0.119243
Model_1_goa_pop_2023.dat 5 2035  F_LCI 0
Model_1_goa_pop_2023.dat 5 2035  F_UCI 0
Model_1_goa_pop_2023.dat 5 2035  F_Median 0
Model_1_goa_pop_2023.dat 5 2035  F_Mean 0
Model_1_goa_pop_2023.dat 5 2036 F0 0 
Model_1_goa_pop_2023.dat 5 2036 Fabc 0.0990105
Model_1_goa_pop_2023.dat 5 2036 Fofl 0.119243
Model_1_goa_pop_2023.dat 5 2036  F_LCI 0
Model_1_goa_pop_2023.dat 5 2036  F_UCI 0
Model_1_goa_pop_2023.dat 5 2036  F_Median 0
Model_1_goa_pop_2023.dat 5 2036  F_Mean 0
Model_1_goa_pop_2023.dat 6 2023 Cabc 25.3018
Model_1_goa_pop_2023.dat 6 2023 Cofl 27.0643
Model_1_goa_pop_2023.dat 6 2023 CLCI 30.3807
Model_1_goa_pop_2023.dat 6 2023 CUCI 30.3807
Model_1_goa_pop_2023.dat 6 2023 CMedian 30.3807
Model_1_goa_pop_2023.dat 6 2023 CMean 30.3807
Model_1_goa_pop_2023.dat 6 2024 Cabc 25.3018
Model_1_goa_pop_2023.dat 6 2024 Cofl 27.0643
Model_1_goa_pop_2023.dat 6 2024 CLCI 47.4659
Model_1_goa_pop_2023.dat 6 2024 CUCI 47.467
Model_1_goa_pop_2023.dat 6 2024 CMedian 47.4662
Model_1_goa_pop_2023.dat 6 2024 CMean 47.4663
Model_1_goa_pop_2023.dat 6 2025 Cabc 25.3018
Model_1_goa_pop_2023.dat 6 2025 Cofl 27.0643
Model_1_goa_pop_2023.dat 6 2025 CLCI 44.4157
Model_1_goa_pop_2023.dat 6 2025 CUCI 44.4392
Model_1_goa_pop_2023.dat 6 2025 CMedian 44.4226
Model_1_goa_pop_2023.dat 6 2025 CMean 44.4244
Model_1_goa_pop_2023.dat 6 2026 Cabc 25.3018
Model_1_goa_pop_2023.dat 6 2026 Cofl 27.0643
Model_1_goa_pop_2023.dat 6 2026 CLCI 41.5212
Model_1_goa_pop_2023.dat 6 2026 CUCI 41.6544
Model_1_goa_pop_2023.dat 6 2026 CMedian 41.5637
Model_1_goa_pop_2023.dat 6 2026 CMean 41.5716
Model_1_goa_pop_2023.dat 6 2027 Cabc 25.3018
Model_1_goa_pop_2023.dat 6 2027 Cofl 27.0643
Model_1_goa_pop_2023.dat 6 2027 CLCI 38.7695
Model_1_goa_pop_2023.dat 6 2027 CUCI 39.1977
Model_1_goa_pop_2023.dat 6 2027 CMedian 38.9078
Model_1_goa_pop_2023.dat 6 2027 CMean 38.9327
Model_1_goa_pop_2023.dat 6 2028 Cabc 25.3018
Model_1_goa_pop_2023.dat 6 2028 Cofl 27.0643
Model_1_goa_pop_2023.dat 6 2028 CLCI 36.1942
Model_1_goa_pop_2023.dat 6 2028 CUCI 37.1599
Model_1_goa_pop_2023.dat 6 2028 CMedian 36.516
Model_1_goa_pop_2023.dat 6 2028 CMean 36.5687
Model_1_goa_pop_2023.dat 6 2029 Cabc 25.3018
Model_1_goa_pop_2023.dat 6 2029 Cofl 27.0643
Model_1_goa_pop_2023.dat 6 2029 CLCI 33.7773
Model_1_goa_pop_2023.dat 6 2029 CUCI 35.5519
Model_1_goa_pop_2023.dat 6 2029 CMedian 34.4109
Model_1_goa_pop_2023.dat 6 2029 CMean 34.4983
Model_1_goa_pop_2023.dat 6 2030 Cabc 25.3018
Model_1_goa_pop_2023.dat 6 2030 Cofl 27.0643
Model_1_goa_pop_2023.dat 6 2030 CLCI 31.6412
Model_1_goa_pop_2023.dat 6 2030 CUCI 34.4483
Model_1_goa_pop_2023.dat 6 2030 CMedian 32.6083
Model_1_goa_pop_2023.dat 6 2030 CMean 32.7679
Model_1_goa_pop_2023.dat 6 2031 Cabc 25.3018
Model_1_goa_pop_2023.dat 6 2031 Cofl 27.0643
Model_1_goa_pop_2023.dat 6 2031 CLCI 29.7041
Model_1_goa_pop_2023.dat 6 2031 CUCI 33.7495
Model_1_goa_pop_2023.dat 6 2031 CMedian 31.1313
Model_1_goa_pop_2023.dat 6 2031 CMean 31.3641
Model_1_goa_pop_2023.dat 6 2032 Cabc 25.3018
Model_1_goa_pop_2023.dat 6 2032 Cofl 27.0643
Model_1_goa_pop_2023.dat 6 2032 CLCI 27.6854
Model_1_goa_pop_2023.dat 6 2032 CUCI 33.3237
Model_1_goa_pop_2023.dat 6 2032 CMedian 30.035
Model_1_goa_pop_2023.dat 6 2032 CMean 30.2341
Model_1_goa_pop_2023.dat 6 2033 Cabc 25.3018
Model_1_goa_pop_2023.dat 6 2033 Cofl 27.0643
Model_1_goa_pop_2023.dat 6 2033 CLCI 25.0961
Model_1_goa_pop_2023.dat 6 2033 CUCI 33.168
Model_1_goa_pop_2023.dat 6 2033 CMedian 29.2584
Model_1_goa_pop_2023.dat 6 2033 CMean 29.0455
Model_1_goa_pop_2023.dat 6 2034 Cabc 25.3018
Model_1_goa_pop_2023.dat 6 2034 Cofl 27.0643
Model_1_goa_pop_2023.dat 6 2034 CLCI 23.2605
Model_1_goa_pop_2023.dat 6 2034 CUCI 33.1903
Model_1_goa_pop_2023.dat 6 2034 CMedian 28.2663
Model_1_goa_pop_2023.dat 6 2034 CMean 28.1031
Model_1_goa_pop_2023.dat 6 2035 Cabc 25.3018
Model_1_goa_pop_2023.dat 6 2035 Cofl 27.0643
Model_1_goa_pop_2023.dat 6 2035 CLCI 22.0803
Model_1_goa_pop_2023.dat 6 2035 CUCI 33.1092
Model_1_goa_pop_2023.dat 6 2035 CMedian 27.3543
Model_1_goa_pop_2023.dat 6 2035 CMean 27.4655
Model_1_goa_pop_2023.dat 6 2036 Cabc 25.3018
Model_1_goa_pop_2023.dat 6 2036 Cofl 27.0643
Model_1_goa_pop_2023.dat 6 2036 CLCI 21.1282
Model_1_goa_pop_2023.dat 6 2036 CUCI 33.0902
Model_1_goa_pop_2023.dat 6 2036 CMedian 26.7749
Model_1_goa_pop_2023.dat 6 2036 CMean 27.086
Model_1_goa_pop_2023.dat 6 2023 SSBF100 343.618
Model_1_goa_pop_2023.dat 6 2023 SSBFabc 137.447
Model_1_goa_pop_2023.dat 6 2023 SSBFofl 120.266
Model_1_goa_pop_2023.dat 6 2023 SSBLCI 234.352
Model_1_goa_pop_2023.dat 6 2023 SSBUCI 234.352
Model_1_goa_pop_2023.dat 6 2023 SSBMedian 234.352
Model_1_goa_pop_2023.dat 6 2023 SSBMean 234.352
Model_1_goa_pop_2023.dat 6 2024 SSBF100 343.618
Model_1_goa_pop_2023.dat 6 2024 SSBFabc 137.447
Model_1_goa_pop_2023.dat 6 2024 SSBFofl 120.266
Model_1_goa_pop_2023.dat 6 2024 SSBLCI 225.556
Model_1_goa_pop_2023.dat 6 2024 SSBUCI 225.585
Model_1_goa_pop_2023.dat 6 2024 SSBMedian 225.564
Model_1_goa_pop_2023.dat 6 2024 SSBMean 225.567
Model_1_goa_pop_2023.dat 6 2025 SSBF100 343.618
Model_1_goa_pop_2023.dat 6 2025 SSBFabc 137.447
Model_1_goa_pop_2023.dat 6 2025 SSBFofl 120.266
Model_1_goa_pop_2023.dat 6 2025 SSBLCI 212.125
Model_1_goa_pop_2023.dat 6 2025 SSBUCI 212.242
Model_1_goa_pop_2023.dat 6 2025 SSBMedian 212.164
Model_1_goa_pop_2023.dat 6 2025 SSBMean 212.171
Model_1_goa_pop_2023.dat 6 2026 SSBF100 343.618
Model_1_goa_pop_2023.dat 6 2026 SSBFabc 137.447
Model_1_goa_pop_2023.dat 6 2026 SSBFofl 120.266
Model_1_goa_pop_2023.dat 6 2026 SSBLCI 199.709
Model_1_goa_pop_2023.dat 6 2026 SSBUCI 200.079
Model_1_goa_pop_2023.dat 6 2026 SSBMedian 199.829
Model_1_goa_pop_2023.dat 6 2026 SSBMean 199.85
Model_1_goa_pop_2023.dat 6 2027 SSBF100 343.618
Model_1_goa_pop_2023.dat 6 2027 SSBFabc 137.447
Model_1_goa_pop_2023.dat 6 2027 SSBFofl 120.266
Model_1_goa_pop_2023.dat 6 2027 SSBLCI 187.834
Model_1_goa_pop_2023.dat 6 2027 SSBUCI 188.79
Model_1_goa_pop_2023.dat 6 2027 SSBMedian 188.146
Model_1_goa_pop_2023.dat 6 2027 SSBMean 188.2
Model_1_goa_pop_2023.dat 6 2028 SSBF100 343.618
Model_1_goa_pop_2023.dat 6 2028 SSBFabc 137.447
Model_1_goa_pop_2023.dat 6 2028 SSBFofl 120.266
Model_1_goa_pop_2023.dat 6 2028 SSBLCI 176.109
Model_1_goa_pop_2023.dat 6 2028 SSBUCI 178.326
Model_1_goa_pop_2023.dat 6 2028 SSBMedian 176.853
Model_1_goa_pop_2023.dat 6 2028 SSBMean 176.975
Model_1_goa_pop_2023.dat 6 2029 SSBF100 343.618
Model_1_goa_pop_2023.dat 6 2029 SSBFabc 137.447
Model_1_goa_pop_2023.dat 6 2029 SSBFofl 120.266
Model_1_goa_pop_2023.dat 6 2029 SSBLCI 164.696
Model_1_goa_pop_2023.dat 6 2029 SSBUCI 169.32
Model_1_goa_pop_2023.dat 6 2029 SSBMedian 166.254
Model_1_goa_pop_2023.dat 6 2029 SSBMean 166.485
Model_1_goa_pop_2023.dat 6 2030 SSBF100 343.618
Model_1_goa_pop_2023.dat 6 2030 SSBFabc 137.447
Model_1_goa_pop_2023.dat 6 2030 SSBFofl 120.266
Model_1_goa_pop_2023.dat 6 2030 SSBLCI 153.873
Model_1_goa_pop_2023.dat 6 2030 SSBUCI 162.304
Model_1_goa_pop_2023.dat 6 2030 SSBMedian 156.83
Model_1_goa_pop_2023.dat 6 2030 SSBMean 157.267
Model_1_goa_pop_2023.dat 6 2031 SSBF100 343.618
Model_1_goa_pop_2023.dat 6 2031 SSBFabc 137.447
Model_1_goa_pop_2023.dat 6 2031 SSBFofl 120.266
Model_1_goa_pop_2023.dat 6 2031 SSBLCI 144.126
Model_1_goa_pop_2023.dat 6 2031 SSBUCI 158.261
Model_1_goa_pop_2023.dat 6 2031 SSBMedian 148.968
Model_1_goa_pop_2023.dat 6 2031 SSBMean 149.755
Model_1_goa_pop_2023.dat 6 2032 SSBF100 343.618
Model_1_goa_pop_2023.dat 6 2032 SSBFabc 137.447
Model_1_goa_pop_2023.dat 6 2032 SSBFofl 120.266
Model_1_goa_pop_2023.dat 6 2032 SSBLCI 135.694
Model_1_goa_pop_2023.dat 6 2032 SSBUCI 155.899
Model_1_goa_pop_2023.dat 6 2032 SSBMedian 142.76
Model_1_goa_pop_2023.dat 6 2032 SSBMean 144.003
Model_1_goa_pop_2023.dat 6 2033 SSBF100 343.618
Model_1_goa_pop_2023.dat 6 2033 SSBFabc 137.447
Model_1_goa_pop_2023.dat 6 2033 SSBFofl 120.266
Model_1_goa_pop_2023.dat 6 2033 SSBLCI 128.766
Model_1_goa_pop_2023.dat 6 2033 SSBUCI 154.948
Model_1_goa_pop_2023.dat 6 2033 SSBMedian 138.526
Model_1_goa_pop_2023.dat 6 2033 SSBMean 139.836
Model_1_goa_pop_2023.dat 6 2034 SSBF100 343.618
Model_1_goa_pop_2023.dat 6 2034 SSBFabc 137.447
Model_1_goa_pop_2023.dat 6 2034 SSBFofl 120.266
Model_1_goa_pop_2023.dat 6 2034 SSBLCI 123.894
Model_1_goa_pop_2023.dat 6 2034 SSBUCI 154.729
Model_1_goa_pop_2023.dat 6 2034 SSBMedian 135.855
Model_1_goa_pop_2023.dat 6 2034 SSBMean 136.951
Model_1_goa_pop_2023.dat 6 2035 SSBF100 343.618
Model_1_goa_pop_2023.dat 6 2035 SSBFabc 137.447
Model_1_goa_pop_2023.dat 6 2035 SSBFofl 120.266
Model_1_goa_pop_2023.dat 6 2035 SSBLCI 120.32
Model_1_goa_pop_2023.dat 6 2035 SSBUCI 154.224
Model_1_goa_pop_2023.dat 6 2035 SSBMedian 133.096
Model_1_goa_pop_2023.dat 6 2035 SSBMean 134.99
Model_1_goa_pop_2023.dat 6 2036 SSBF100 343.618
Model_1_goa_pop_2023.dat 6 2036 SSBFabc 137.447
Model_1_goa_pop_2023.dat 6 2036 SSBFofl 120.266
Model_1_goa_pop_2023.dat 6 2036 SSBLCI 118.13
Model_1_goa_pop_2023.dat 6 2036 SSBUCI 154.621
Model_1_goa_pop_2023.dat 6 2036 SSBMedian 131.832
Model_1_goa_pop_2023.dat 6 2036 SSBMean 133.641
Model_1_goa_pop_2023.dat 6 2023 F0 0 
Model_1_goa_pop_2023.dat 6 2023 Fabc 0.0990105
Model_1_goa_pop_2023.dat 6 2023 Fofl 0.119243
Model_1_goa_pop_2023.dat 6 2023  F_LCI 0.0727775
Model_1_goa_pop_2023.dat 6 2023  F_UCI 0.0727775
Model_1_goa_pop_2023.dat 6 2023  F_Median 0.0727775
Model_1_goa_pop_2023.dat 6 2023  F_Mean 0.0727775
Model_1_goa_pop_2023.dat 6 2024 F0 0 
Model_1_goa_pop_2023.dat 6 2024 Fabc 0.0990105
Model_1_goa_pop_2023.dat 6 2024 Fofl 0.119243
Model_1_goa_pop_2023.dat 6 2024  F_LCI 0.119243
Model_1_goa_pop_2023.dat 6 2024  F_UCI 0.119243
Model_1_goa_pop_2023.dat 6 2024  F_Median 0.119243
Model_1_goa_pop_2023.dat 6 2024  F_Mean 0.119243
Model_1_goa_pop_2023.dat 6 2025 F0 0 
Model_1_goa_pop_2023.dat 6 2025 Fabc 0.0990105
Model_1_goa_pop_2023.dat 6 2025 Fofl 0.119243
Model_1_goa_pop_2023.dat 6 2025  F_LCI 0.119243
Model_1_goa_pop_2023.dat 6 2025  F_UCI 0.119243
Model_1_goa_pop_2023.dat 6 2025  F_Median 0.119243
Model_1_goa_pop_2023.dat 6 2025  F_Mean 0.119243
Model_1_goa_pop_2023.dat 6 2026 F0 0 
Model_1_goa_pop_2023.dat 6 2026 Fabc 0.0990105
Model_1_goa_pop_2023.dat 6 2026 Fofl 0.119243
Model_1_goa_pop_2023.dat 6 2026  F_LCI 0.119243
Model_1_goa_pop_2023.dat 6 2026  F_UCI 0.119243
Model_1_goa_pop_2023.dat 6 2026  F_Median 0.119243
Model_1_goa_pop_2023.dat 6 2026  F_Mean 0.119243
Model_1_goa_pop_2023.dat 6 2027 F0 0 
Model_1_goa_pop_2023.dat 6 2027 Fabc 0.0990105
Model_1_goa_pop_2023.dat 6 2027 Fofl 0.119243
Model_1_goa_pop_2023.dat 6 2027  F_LCI 0.119243
Model_1_goa_pop_2023.dat 6 2027  F_UCI 0.119243
Model_1_goa_pop_2023.dat 6 2027  F_Median 0.119243
Model_1_goa_pop_2023.dat 6 2027  F_Mean 0.119243
Model_1_goa_pop_2023.dat 6 2028 F0 0 
Model_1_goa_pop_2023.dat 6 2028 Fabc 0.0990105
Model_1_goa_pop_2023.dat 6 2028 Fofl 0.119243
Model_1_goa_pop_2023.dat 6 2028  F_LCI 0.119243
Model_1_goa_pop_2023.dat 6 2028  F_UCI 0.119243
Model_1_goa_pop_2023.dat 6 2028  F_Median 0.119243
Model_1_goa_pop_2023.dat 6 2028  F_Mean 0.119243
Model_1_goa_pop_2023.dat 6 2029 F0 0 
Model_1_goa_pop_2023.dat 6 2029 Fabc 0.0990105
Model_1_goa_pop_2023.dat 6 2029 Fofl 0.119243
Model_1_goa_pop_2023.dat 6 2029  F_LCI 0.119243
Model_1_goa_pop_2023.dat 6 2029  F_UCI 0.119243
Model_1_goa_pop_2023.dat 6 2029  F_Median 0.119243
Model_1_goa_pop_2023.dat 6 2029  F_Mean 0.119243
Model_1_goa_pop_2023.dat 6 2030 F0 0 
Model_1_goa_pop_2023.dat 6 2030 Fabc 0.0990105
Model_1_goa_pop_2023.dat 6 2030 Fofl 0.119243
Model_1_goa_pop_2023.dat 6 2030  F_LCI 0.119243
Model_1_goa_pop_2023.dat 6 2030  F_UCI 0.119243
Model_1_goa_pop_2023.dat 6 2030  F_Median 0.119243
Model_1_goa_pop_2023.dat 6 2030  F_Mean 0.119243
Model_1_goa_pop_2023.dat 6 2031 F0 0 
Model_1_goa_pop_2023.dat 6 2031 Fabc 0.0990105
Model_1_goa_pop_2023.dat 6 2031 Fofl 0.119243
Model_1_goa_pop_2023.dat 6 2031  F_LCI 0.119243
Model_1_goa_pop_2023.dat 6 2031  F_UCI 0.119243
Model_1_goa_pop_2023.dat 6 2031  F_Median 0.119243
Model_1_goa_pop_2023.dat 6 2031  F_Mean 0.119243
Model_1_goa_pop_2023.dat 6 2032 F0 0 
Model_1_goa_pop_2023.dat 6 2032 Fabc 0.0990105
Model_1_goa_pop_2023.dat 6 2032 Fofl 0.119243
Model_1_goa_pop_2023.dat 6 2032  F_LCI 0.117643
Model_1_goa_pop_2023.dat 6 2032  F_UCI 0.119243
Model_1_goa_pop_2023.dat 6 2032  F_Median 0.119243
Model_1_goa_pop_2023.dat 6 2032  F_Mean 0.11903
Model_1_goa_pop_2023.dat 6 2033 F0 0 
Model_1_goa_pop_2023.dat 6 2033 Fabc 0.0990105
Model_1_goa_pop_2023.dat 6 2033 Fofl 0.119243
Model_1_goa_pop_2023.dat 6 2033  F_LCI 0.111316
Model_1_goa_pop_2023.dat 6 2033  F_UCI 0.119243
Model_1_goa_pop_2023.dat 6 2033  F_Median 0.119243
Model_1_goa_pop_2023.dat 6 2033  F_Mean 0.117295
Model_1_goa_pop_2023.dat 6 2034 F0 0 
Model_1_goa_pop_2023.dat 6 2034 Fabc 0.0990105
Model_1_goa_pop_2023.dat 6 2034 Fofl 0.119243
Model_1_goa_pop_2023.dat 6 2034  F_LCI 0.106866
Model_1_goa_pop_2023.dat 6 2034  F_UCI 0.119243
Model_1_goa_pop_2023.dat 6 2034  F_Median 0.11779
Model_1_goa_pop_2023.dat 6 2034  F_Mean 0.115409
Model_1_goa_pop_2023.dat 6 2035 F0 0 
Model_1_goa_pop_2023.dat 6 2035 Fabc 0.0990105
Model_1_goa_pop_2023.dat 6 2035 Fofl 0.119243
Model_1_goa_pop_2023.dat 6 2035  F_LCI 0.103603
Model_1_goa_pop_2023.dat 6 2035  F_UCI 0.119243
Model_1_goa_pop_2023.dat 6 2035  F_Median 0.11527
Model_1_goa_pop_2023.dat 6 2035  F_Mean 0.113944
Model_1_goa_pop_2023.dat 6 2036 F0 0 
Model_1_goa_pop_2023.dat 6 2036 Fabc 0.0990105
Model_1_goa_pop_2023.dat 6 2036 Fofl 0.119243
Model_1_goa_pop_2023.dat 6 2036  F_LCI 0.101602
Model_1_goa_pop_2023.dat 6 2036  F_UCI 0.119243
Model_1_goa_pop_2023.dat 6 2036  F_Median 0.114116
Model_1_goa_pop_2023.dat 6 2036  F_Mean 0.112938
Model_1_goa_pop_2023.dat 7 2023 Cabc 25.3018
Model_1_goa_pop_2023.dat 7 2023 Cofl 27.0643
Model_1_goa_pop_2023.dat 7 2023 CLCI 30.3807
Model_1_goa_pop_2023.dat 7 2023 CUCI 30.3807
Model_1_goa_pop_2023.dat 7 2023 CMedian 30.3807
Model_1_goa_pop_2023.dat 7 2023 CMean 30.3807
Model_1_goa_pop_2023.dat 7 2024 Cabc 25.3018
Model_1_goa_pop_2023.dat 7 2024 Cofl 27.0643
Model_1_goa_pop_2023.dat 7 2024 CLCI 39.7185
Model_1_goa_pop_2023.dat 7 2024 CUCI 39.7195
Model_1_goa_pop_2023.dat 7 2024 CMedian 39.7188
Model_1_goa_pop_2023.dat 7 2024 CMean 39.7189
Model_1_goa_pop_2023.dat 7 2025 Cabc 25.3018
Model_1_goa_pop_2023.dat 7 2025 Cofl 27.0643
Model_1_goa_pop_2023.dat 7 2025 CLCI 37.7366
Model_1_goa_pop_2023.dat 7 2025 CUCI 37.756
Model_1_goa_pop_2023.dat 7 2025 CMedian 37.7423
Model_1_goa_pop_2023.dat 7 2025 CMean 37.7438
Model_1_goa_pop_2023.dat 7 2026 Cabc 25.3018
Model_1_goa_pop_2023.dat 7 2026 Cofl 27.0643
Model_1_goa_pop_2023.dat 7 2026 CLCI 42.7714
Model_1_goa_pop_2023.dat 7 2026 CUCI 42.9046
Model_1_goa_pop_2023.dat 7 2026 CMedian 42.814
Model_1_goa_pop_2023.dat 7 2026 CMean 42.8218
Model_1_goa_pop_2023.dat 7 2027 Cabc 25.3018
Model_1_goa_pop_2023.dat 7 2027 Cofl 27.0643
Model_1_goa_pop_2023.dat 7 2027 CLCI 39.869
Model_1_goa_pop_2023.dat 7 2027 CUCI 40.2973
Model_1_goa_pop_2023.dat 7 2027 CMedian 40.0074
Model_1_goa_pop_2023.dat 7 2027 CMean 40.0322
Model_1_goa_pop_2023.dat 7 2028 Cabc 25.3018
Model_1_goa_pop_2023.dat 7 2028 Cofl 27.0643
Model_1_goa_pop_2023.dat 7 2028 CLCI 37.151
Model_1_goa_pop_2023.dat 7 2028 CUCI 38.1169
Model_1_goa_pop_2023.dat 7 2028 CMedian 37.4728
Model_1_goa_pop_2023.dat 7 2028 CMean 37.5255
Model_1_goa_pop_2023.dat 7 2029 Cabc 25.3018
Model_1_goa_pop_2023.dat 7 2029 Cofl 27.0643
Model_1_goa_pop_2023.dat 7 2029 CLCI 34.6009
Model_1_goa_pop_2023.dat 7 2029 CUCI 36.3757
Model_1_goa_pop_2023.dat 7 2029 CMedian 35.2345
Model_1_goa_pop_2023.dat 7 2029 CMean 35.3219
Model_1_goa_pop_2023.dat 7 2030 Cabc 25.3018
Model_1_goa_pop_2023.dat 7 2030 Cofl 27.0643
Model_1_goa_pop_2023.dat 7 2030 CLCI 32.3433
Model_1_goa_pop_2023.dat 7 2030 CUCI 35.1511
Model_1_goa_pop_2023.dat 7 2030 CMedian 33.3106
Model_1_goa_pop_2023.dat 7 2030 CMean 33.4702
Model_1_goa_pop_2023.dat 7 2031 Cabc 25.3018
Model_1_goa_pop_2023.dat 7 2031 Cofl 27.0643
Model_1_goa_pop_2023.dat 7 2031 CLCI 30.2972
Model_1_goa_pop_2023.dat 7 2031 CUCI 34.3433
Model_1_goa_pop_2023.dat 7 2031 CMedian 31.7247
Model_1_goa_pop_2023.dat 7 2031 CMean 31.9574
Model_1_goa_pop_2023.dat 7 2032 Cabc 25.3018
Model_1_goa_pop_2023.dat 7 2032 Cofl 27.0643
Model_1_goa_pop_2023.dat 7 2032 CLCI 28.5239
Model_1_goa_pop_2023.dat 7 2032 CUCI 33.8217
Model_1_goa_pop_2023.dat 7 2032 CMedian 30.5326
Model_1_goa_pop_2023.dat 7 2032 CMean 30.7716
Model_1_goa_pop_2023.dat 7 2033 Cabc 25.3018
Model_1_goa_pop_2023.dat 7 2033 Cofl 27.0643
Model_1_goa_pop_2023.dat 7 2033 CLCI 25.8618
Model_1_goa_pop_2023.dat 7 2033 CUCI 33.5831
Model_1_goa_pop_2023.dat 7 2033 CMedian 29.6843
Model_1_goa_pop_2023.dat 7 2033 CMean 29.6293
Model_1_goa_pop_2023.dat 7 2034 Cabc 25.3018
Model_1_goa_pop_2023.dat 7 2034 Cofl 27.0643
Model_1_goa_pop_2023.dat 7 2034 CLCI 23.8401
Model_1_goa_pop_2023.dat 7 2034 CUCI 33.5341
Model_1_goa_pop_2023.dat 7 2034 CMedian 28.8822
Model_1_goa_pop_2023.dat 7 2034 CMean 28.6093
Model_1_goa_pop_2023.dat 7 2035 Cabc 25.3018
Model_1_goa_pop_2023.dat 7 2035 Cofl 27.0643
Model_1_goa_pop_2023.dat 7 2035 CLCI 22.5033
Model_1_goa_pop_2023.dat 7 2035 CUCI 33.393
Model_1_goa_pop_2023.dat 7 2035 CMedian 27.8986
Model_1_goa_pop_2023.dat 7 2035 CMean 27.8811
Model_1_goa_pop_2023.dat 7 2036 Cabc 25.3018
Model_1_goa_pop_2023.dat 7 2036 Cofl 27.0643
Model_1_goa_pop_2023.dat 7 2036 CLCI 21.4425
Model_1_goa_pop_2023.dat 7 2036 CUCI 33.2931
Model_1_goa_pop_2023.dat 7 2036 CMedian 27.1816
Model_1_goa_pop_2023.dat 7 2036 CMean 27.4166
Model_1_goa_pop_2023.dat 7 2023 SSBF100 343.618
Model_1_goa_pop_2023.dat 7 2023 SSBFabc 137.447
Model_1_goa_pop_2023.dat 7 2023 SSBFofl 120.266
Model_1_goa_pop_2023.dat 7 2023 SSBLCI 234.352
Model_1_goa_pop_2023.dat 7 2023 SSBUCI 234.352
Model_1_goa_pop_2023.dat 7 2023 SSBMedian 234.352
Model_1_goa_pop_2023.dat 7 2023 SSBMean 234.352
Model_1_goa_pop_2023.dat 7 2024 SSBF100 343.618
Model_1_goa_pop_2023.dat 7 2024 SSBFabc 137.447
Model_1_goa_pop_2023.dat 7 2024 SSBFofl 120.266
Model_1_goa_pop_2023.dat 7 2024 SSBLCI 226.754
Model_1_goa_pop_2023.dat 7 2024 SSBUCI 226.783
Model_1_goa_pop_2023.dat 7 2024 SSBMedian 226.762
Model_1_goa_pop_2023.dat 7 2024 SSBMean 226.765
Model_1_goa_pop_2023.dat 7 2025 SSBF100 343.618
Model_1_goa_pop_2023.dat 7 2025 SSBFabc 137.447
Model_1_goa_pop_2023.dat 7 2025 SSBFofl 120.266
Model_1_goa_pop_2023.dat 7 2025 SSBLCI 216.532
Model_1_goa_pop_2023.dat 7 2025 SSBUCI 216.649
Model_1_goa_pop_2023.dat 7 2025 SSBMedian 216.571
Model_1_goa_pop_2023.dat 7 2025 SSBMean 216.578
Model_1_goa_pop_2023.dat 7 2026 SSBF100 343.618
Model_1_goa_pop_2023.dat 7 2026 SSBFabc 137.447
Model_1_goa_pop_2023.dat 7 2026 SSBFofl 120.266
Model_1_goa_pop_2023.dat 7 2026 SSBLCI 205.75
Model_1_goa_pop_2023.dat 7 2026 SSBUCI 206.119
Model_1_goa_pop_2023.dat 7 2026 SSBMedian 205.87
Model_1_goa_pop_2023.dat 7 2026 SSBMean 205.891
Model_1_goa_pop_2023.dat 7 2027 SSBF100 343.618
Model_1_goa_pop_2023.dat 7 2027 SSBFabc 137.447
Model_1_goa_pop_2023.dat 7 2027 SSBFofl 120.266
Model_1_goa_pop_2023.dat 7 2027 SSBLCI 193.227
Model_1_goa_pop_2023.dat 7 2027 SSBUCI 194.183
Model_1_goa_pop_2023.dat 7 2027 SSBMedian 193.539
Model_1_goa_pop_2023.dat 7 2027 SSBMean 193.593
Model_1_goa_pop_2023.dat 7 2028 SSBF100 343.618
Model_1_goa_pop_2023.dat 7 2028 SSBFabc 137.447
Model_1_goa_pop_2023.dat 7 2028 SSBFofl 120.266
Model_1_goa_pop_2023.dat 7 2028 SSBLCI 180.876
Model_1_goa_pop_2023.dat 7 2028 SSBUCI 183.093
Model_1_goa_pop_2023.dat 7 2028 SSBMedian 181.621
Model_1_goa_pop_2023.dat 7 2028 SSBMean 181.742
Model_1_goa_pop_2023.dat 7 2029 SSBF100 343.618
Model_1_goa_pop_2023.dat 7 2029 SSBFabc 137.447
Model_1_goa_pop_2023.dat 7 2029 SSBFofl 120.266
Model_1_goa_pop_2023.dat 7 2029 SSBLCI 168.87
Model_1_goa_pop_2023.dat 7 2029 SSBUCI 173.495
Model_1_goa_pop_2023.dat 7 2029 SSBMedian 170.429
Model_1_goa_pop_2023.dat 7 2029 SSBMean 170.659
Model_1_goa_pop_2023.dat 7 2030 SSBF100 343.618
Model_1_goa_pop_2023.dat 7 2030 SSBFabc 137.447
Model_1_goa_pop_2023.dat 7 2030 SSBFofl 120.266
Model_1_goa_pop_2023.dat 7 2030 SSBLCI 157.498
Model_1_goa_pop_2023.dat 7 2030 SSBUCI 165.929
Model_1_goa_pop_2023.dat 7 2030 SSBMedian 160.454
Model_1_goa_pop_2023.dat 7 2030 SSBMean 160.892
Model_1_goa_pop_2023.dat 7 2031 SSBF100 343.618
Model_1_goa_pop_2023.dat 7 2031 SSBFabc 137.447
Model_1_goa_pop_2023.dat 7 2031 SSBFofl 120.266
Model_1_goa_pop_2023.dat 7 2031 SSBLCI 147.252
Model_1_goa_pop_2023.dat 7 2031 SSBUCI 161.392
Model_1_goa_pop_2023.dat 7 2031 SSBMedian 152.096
Model_1_goa_pop_2023.dat 7 2031 SSBMean 152.883
Model_1_goa_pop_2023.dat 7 2032 SSBF100 343.618
Model_1_goa_pop_2023.dat 7 2032 SSBFabc 137.447
Model_1_goa_pop_2023.dat 7 2032 SSBFofl 120.266
Model_1_goa_pop_2023.dat 7 2032 SSBLCI 138.326
Model_1_goa_pop_2023.dat 7 2032 SSBUCI 158.59
Model_1_goa_pop_2023.dat 7 2032 SSBMedian 145.448
Model_1_goa_pop_2023.dat 7 2032 SSBMean 146.684
Model_1_goa_pop_2023.dat 7 2033 SSBF100 343.618
Model_1_goa_pop_2023.dat 7 2033 SSBFabc 137.447
Model_1_goa_pop_2023.dat 7 2033 SSBFofl 120.266
Model_1_goa_pop_2023.dat 7 2033 SSBLCI 130.858
Model_1_goa_pop_2023.dat 7 2033 SSBUCI 157.255
Model_1_goa_pop_2023.dat 7 2033 SSBMedian 140.83
Model_1_goa_pop_2023.dat 7 2033 SSBMean 142.097
Model_1_goa_pop_2023.dat 7 2034 SSBF100 343.618
Model_1_goa_pop_2023.dat 7 2034 SSBFabc 137.447
Model_1_goa_pop_2023.dat 7 2034 SSBFofl 120.266
Model_1_goa_pop_2023.dat 7 2034 SSBLCI 125.527
Model_1_goa_pop_2023.dat 7 2034 SSBUCI 156.705
Model_1_goa_pop_2023.dat 7 2034 SSBMedian 137.779
Model_1_goa_pop_2023.dat 7 2034 SSBMean 138.811
Model_1_goa_pop_2023.dat 7 2035 SSBF100 343.618
Model_1_goa_pop_2023.dat 7 2035 SSBFabc 137.447
Model_1_goa_pop_2023.dat 7 2035 SSBFofl 120.266
Model_1_goa_pop_2023.dat 7 2035 SSBLCI 121.647
Model_1_goa_pop_2023.dat 7 2035 SSBUCI 155.919
Model_1_goa_pop_2023.dat 7 2035 SSBMedian 134.675
Model_1_goa_pop_2023.dat 7 2035 SSBMean 136.506
Model_1_goa_pop_2023.dat 7 2036 SSBF100 343.618
Model_1_goa_pop_2023.dat 7 2036 SSBFabc 137.447
Model_1_goa_pop_2023.dat 7 2036 SSBFofl 120.266
Model_1_goa_pop_2023.dat 7 2036 SSBLCI 119.099
Model_1_goa_pop_2023.dat 7 2036 SSBUCI 156.07
Model_1_goa_pop_2023.dat 7 2036 SSBMedian 132.914
Model_1_goa_pop_2023.dat 7 2036 SSBMean 134.869
Model_1_goa_pop_2023.dat 7 2023 F0 0 
Model_1_goa_pop_2023.dat 7 2023 Fabc 0.0990105
Model_1_goa_pop_2023.dat 7 2023 Fofl 0.119243
Model_1_goa_pop_2023.dat 7 2023  F_LCI 0.0727775
Model_1_goa_pop_2023.dat 7 2023  F_UCI 0.0727775
Model_1_goa_pop_2023.dat 7 2023  F_Median 0.0727775
Model_1_goa_pop_2023.dat 7 2023  F_Mean 0.0727775
Model_1_goa_pop_2023.dat 7 2024 F0 0 
Model_1_goa_pop_2023.dat 7 2024 Fabc 0.0990105
Model_1_goa_pop_2023.dat 7 2024 Fofl 0.119243
Model_1_goa_pop_2023.dat 7 2024  F_LCI 0.0990104
Model_1_goa_pop_2023.dat 7 2024  F_UCI 0.0990104
Model_1_goa_pop_2023.dat 7 2024  F_Median 0.0990104
Model_1_goa_pop_2023.dat 7 2024  F_Mean 0.0990104
Model_1_goa_pop_2023.dat 7 2025 F0 0 
Model_1_goa_pop_2023.dat 7 2025 Fabc 0.0990105
Model_1_goa_pop_2023.dat 7 2025 Fofl 0.119243
Model_1_goa_pop_2023.dat 7 2025  F_LCI 0.0990104
Model_1_goa_pop_2023.dat 7 2025  F_UCI 0.0990104
Model_1_goa_pop_2023.dat 7 2025  F_Median 0.0990104
Model_1_goa_pop_2023.dat 7 2025  F_Mean 0.0990104
Model_1_goa_pop_2023.dat 7 2026 F0 0 
Model_1_goa_pop_2023.dat 7 2026 Fabc 0.0990105
Model_1_goa_pop_2023.dat 7 2026 Fofl 0.119243
Model_1_goa_pop_2023.dat 7 2026  F_LCI 0.119243
Model_1_goa_pop_2023.dat 7 2026  F_UCI 0.119243
Model_1_goa_pop_2023.dat 7 2026  F_Median 0.119243
Model_1_goa_pop_2023.dat 7 2026  F_Mean 0.119243
Model_1_goa_pop_2023.dat 7 2027 F0 0 
Model_1_goa_pop_2023.dat 7 2027 Fabc 0.0990105
Model_1_goa_pop_2023.dat 7 2027 Fofl 0.119243
Model_1_goa_pop_2023.dat 7 2027  F_LCI 0.119243
Model_1_goa_pop_2023.dat 7 2027  F_UCI 0.119243
Model_1_goa_pop_2023.dat 7 2027  F_Median 0.119243
Model_1_goa_pop_2023.dat 7 2027  F_Mean 0.119243
Model_1_goa_pop_2023.dat 7 2028 F0 0 
Model_1_goa_pop_2023.dat 7 2028 Fabc 0.0990105
Model_1_goa_pop_2023.dat 7 2028 Fofl 0.119243
Model_1_goa_pop_2023.dat 7 2028  F_LCI 0.119243
Model_1_goa_pop_2023.dat 7 2028  F_UCI 0.119243
Model_1_goa_pop_2023.dat 7 2028  F_Median 0.119243
Model_1_goa_pop_2023.dat 7 2028  F_Mean 0.119243
Model_1_goa_pop_2023.dat 7 2029 F0 0 
Model_1_goa_pop_2023.dat 7 2029 Fabc 0.0990105
Model_1_goa_pop_2023.dat 7 2029 Fofl 0.119243
Model_1_goa_pop_2023.dat 7 2029  F_LCI 0.119243
Model_1_goa_pop_2023.dat 7 2029  F_UCI 0.119243
Model_1_goa_pop_2023.dat 7 2029  F_Median 0.119243
Model_1_goa_pop_2023.dat 7 2029  F_Mean 0.119243
Model_1_goa_pop_2023.dat 7 2030 F0 0 
Model_1_goa_pop_2023.dat 7 2030 Fabc 0.0990105
Model_1_goa_pop_2023.dat 7 2030 Fofl 0.119243
Model_1_goa_pop_2023.dat 7 2030  F_LCI 0.119243
Model_1_goa_pop_2023.dat 7 2030  F_UCI 0.119243
Model_1_goa_pop_2023.dat 7 2030  F_Median 0.119243
Model_1_goa_pop_2023.dat 7 2030  F_Mean 0.119243
Model_1_goa_pop_2023.dat 7 2031 F0 0 
Model_1_goa_pop_2023.dat 7 2031 Fabc 0.0990105
Model_1_goa_pop_2023.dat 7 2031 Fofl 0.119243
Model_1_goa_pop_2023.dat 7 2031  F_LCI 0.119243
Model_1_goa_pop_2023.dat 7 2031  F_UCI 0.119243
Model_1_goa_pop_2023.dat 7 2031  F_Median 0.119243
Model_1_goa_pop_2023.dat 7 2031  F_Mean 0.119243
Model_1_goa_pop_2023.dat 7 2032 F0 0 
Model_1_goa_pop_2023.dat 7 2032 Fabc 0.0990105
Model_1_goa_pop_2023.dat 7 2032 Fofl 0.119243
Model_1_goa_pop_2023.dat 7 2032  F_LCI 0.119243
Model_1_goa_pop_2023.dat 7 2032  F_UCI 0.119243
Model_1_goa_pop_2023.dat 7 2032  F_Median 0.119243
Model_1_goa_pop_2023.dat 7 2032  F_Mean 0.119209
Model_1_goa_pop_2023.dat 7 2033 F0 0 
Model_1_goa_pop_2023.dat 7 2033 Fabc 0.0990105
Model_1_goa_pop_2023.dat 7 2033 Fofl 0.119243
Model_1_goa_pop_2023.dat 7 2033  F_LCI 0.113226
Model_1_goa_pop_2023.dat 7 2033  F_UCI 0.119243
Model_1_goa_pop_2023.dat 7 2033  F_Median 0.119243
Model_1_goa_pop_2023.dat 7 2033  F_Mean 0.11809
Model_1_goa_pop_2023.dat 7 2034 F0 0 
Model_1_goa_pop_2023.dat 7 2034 Fabc 0.0990105
Model_1_goa_pop_2023.dat 7 2034 Fofl 0.119243
Model_1_goa_pop_2023.dat 7 2034  F_LCI 0.108358
Model_1_goa_pop_2023.dat 7 2034  F_UCI 0.119243
Model_1_goa_pop_2023.dat 7 2034  F_Median 0.119243
Model_1_goa_pop_2023.dat 7 2034  F_Mean 0.116263
Model_1_goa_pop_2023.dat 7 2035 F0 0 
Model_1_goa_pop_2023.dat 7 2035 Fabc 0.0990105
Model_1_goa_pop_2023.dat 7 2035 Fofl 0.119243
Model_1_goa_pop_2023.dat 7 2035  F_LCI 0.104815
Model_1_goa_pop_2023.dat 7 2035  F_UCI 0.119243
Model_1_goa_pop_2023.dat 7 2035  F_Median 0.116713
Model_1_goa_pop_2023.dat 7 2035  F_Mean 0.114727
Model_1_goa_pop_2023.dat 7 2036 F0 0 
Model_1_goa_pop_2023.dat 7 2036 Fabc 0.0990105
Model_1_goa_pop_2023.dat 7 2036 Fofl 0.119243
Model_1_goa_pop_2023.dat 7 2036  F_LCI 0.102487
Model_1_goa_pop_2023.dat 7 2036  F_UCI 0.119243
Model_1_goa_pop_2023.dat 7 2036  F_Median 0.115104
Model_1_goa_pop_2023.dat 7 2036  F_Mean 0.113605
