Alternative 1 Catch
     Model_1_goa_pop_2023.dat 
Equil_Fabc 25.3352 
Year 
2023 29.9395 
2024 31.823 
2025 30.25 
2026 37.4814 
2027 35.5179 
2028 33.7039 
2029 32.0642 
2030 30.6503 
2031 29.4633 
2032 28.5142 
2033 27.7714 
2034 27.2134 
2035 26.7766 
2036 26.4387 

Alternative 1 ABCs
     Model_1_goa_pop_2023.dat 

Year 
2023  NA 
2024  NA 
2025  NA 
2026 37.4814 
2027 35.5179 
2028 33.7039 
2029 32.0642 
2030 30.6503 
2031 29.4633 
2032 28.5142 
2033 27.7714 
2034 27.2134 
2035 26.7766 
2036 26.4387 

Alternative 1 TACs
     Model_1_goa_pop_2023.dat 

Year 
2023  NA 
2024  NA 
2025  NA 
2026 37.4814 
2027 35.5179 
2028 33.7039 
2029 32.0642 
2030 30.6503 
2031 29.4633 
2032 28.5142 
2033 27.7714 
2034 27.2134 
2035 26.7766 
2036 26.4387 

Alternative 1 Sp_Biomass
     Model_1_goa_pop_2023.dat 
Equil_Fabc 135.607 
Year 
2023 232.21 
2024 226.218 
2025 219.668 
2026 212.126 
2027 202.134 
2028 192.133 
2029 182.473 
2030 173.746 
2031 166.461 
2032 160.744 
2033 156.437 
2034 153.211 
2035 150.782 
2036 148.919 

Alternative 1 Fishing Mortality
     Model_1_goa_pop_2023.dat 
Equil_Fabc 0.100793 
Year 
2023 0.072253 
2024 0.0791595 
2025 0.0778409 
2026 0.100793 
2027 0.100793 
2028 0.100793 
2029 0.100793 
2030 0.100793 
2031 0.100793 
2032 0.100793 
2033 0.100793 
2034 0.100777 
2035 0.100619 
2036 0.100309 

Alternative 1 Biomass
     Model_1_goa_pop_2023.dat 

Year 
2023 669.75 
2024 649.919 
2025 628.593 
2026 609.767 
2027 585.196 
2028 564.287 
2029 546.887 
2030 532.782 
2031 521.549 
2032 512.624 
2033 505.561 
2034 499.955 
2035 495.485 
2036 491.78 

Alternative 1 Implied SPR rate 
     Model_1_goa_pop_2023.dat 
Equil_Fabc 0.4 
Year 
2023 0.492378 
2024 0.466873 
2025 0.471566 
2026 0.4 
2027 0.4 
2028 0.4 
2029 0.4 
2030 0.4 
2031 0.4 
2032 0.4 
2033 0.4 
2034 0.400044 
2035 0.40048 
2036 0.401351 

  Model_1_goa_pop_2023.dat 
EquilAvgAgeF0  12.1057 
EquilAvgAgeFabc  7.73294 
AvgAgeYr2036 8.36812 
Alternative 2 Catch
     Model_1_goa_pop_2023.dat 
Equil_Fabc 25.3352 
Year 
2023 29.9395 
2024 31.823 
2025 30.25 
2026 37.4814 
2027 35.5179 
2028 33.7039 
2029 32.0642 
2030 30.6503 
2031 29.4633 
2032 28.5142 
2033 27.7714 
2034 27.2134 
2035 26.7766 
2036 26.4387 

Alternative 2 ABCs
     Model_1_goa_pop_2023.dat 

Year 
2023  NA 
2024  NA 
2025  NA 
2026 37.4814 
2027 35.5179 
2028 33.7039 
2029 32.0642 
2030 30.6503 
2031 29.4633 
2032 28.5142 
2033 27.7714 
2034 27.2134 
2035 26.7766 
2036 26.4387 

Alternative 2 TACs
     Model_1_goa_pop_2023.dat 

Year 
2023  NA 
2024  NA 
2025  NA 
2026 37.4814 
2027 35.5179 
2028 33.7039 
2029 32.0642 
2030 30.6503 
2031 29.4633 
2032 28.5142 
2033 27.7714 
2034 27.2134 
2035 26.7766 
2036 26.4387 

Alternative 2 Sp_Biomass
     Model_1_goa_pop_2023.dat 
Equil_Fabc 135.607 
Year 
2023 232.21 
2024 226.218 
2025 219.668 
2026 212.126 
2027 202.134 
2028 192.133 
2029 182.473 
2030 173.746 
2031 166.461 
2032 160.744 
2033 156.437 
2034 153.211 
2035 150.782 
2036 148.919 

Alternative 2 Fishing Mortality
     Model_1_goa_pop_2023.dat 
Equil_Fabc 0.100793 
Year 
2023 0.072253 
2024 0.0791595 
2025 0.0778409 
2026 0.100793 
2027 0.100793 
2028 0.100793 
2029 0.100793 
2030 0.100793 
2031 0.100793 
2032 0.100793 
2033 0.100793 
2034 0.100777 
2035 0.100619 
2036 0.100309 

Alternative 2 Biomass
     Model_1_goa_pop_2023.dat 

Year 
2023 669.75 
2024 649.919 
2025 628.593 
2026 609.767 
2027 585.196 
2028 564.287 
2029 546.887 
2030 532.782 
2031 521.549 
2032 512.624 
2033 505.561 
2034 499.955 
2035 495.485 
2036 491.78 

Alternative 2 Implied SPR rate 
     Model_1_goa_pop_2023.dat 
Equil_Fabc 0.4 
Year 
2023 0.492378 
2024 0.466873 
2025 0.471566 
2026 0.4 
2027 0.4 
2028 0.4 
2029 0.4 
2030 0.4 
2031 0.4 
2032 0.4 
2033 0.4 
2034 0.400044 
2035 0.40048 
2036 0.401351 

  Model_1_goa_pop_2023.dat 
EquilAvgAgeF0  12.1057 
EquilAvgAgeFabc  7.73294 
AvgAgeYr2036 8.36812 
Alternative 3 Catch
     Model_1_goa_pop_2023.dat 
Equil_Fabc 25.3352 
Year 
2023 29.9395 
2024 31.823 
2025 30.25 
2026 19.1076 
2027 18.8102 
2028 18.506 
2029 18.2071 
2030 17.9427 
2031 17.7181 
2032 17.5486 
2033 17.4269 
2034 17.3558 
2035 17.3264 
2036 17.3385 

Alternative 3 ABCs
     Model_1_goa_pop_2023.dat 

Year 
2023  NA 
2024  NA 
2025  NA 
2026 19.1076 
2027 18.8102 
2028 18.506 
2029 18.2071 
2030 17.9427 
2031 17.7181 
2032 17.5486 
2033 17.4269 
2034 17.3558 
2035 17.3264 
2036 17.3385 

Alternative 3 TACs
     Model_1_goa_pop_2023.dat 

Year 
2023  NA 
2024  NA 
2025  NA 
2026 19.1076 
2027 18.8102 
2028 18.506 
2029 18.2071 
2030 17.9427 
2031 17.7181 
2032 17.5486 
2033 17.4269 
2034 17.3558 
2035 17.3264 
2036 17.3385 

Alternative 3 Sp_Biomass
     Model_1_goa_pop_2023.dat 
Equil_Fabc 135.607 
Year 
2023 232.21 
2024 226.218 
2025 219.668 
2026 214.932 
2027 212.75 
2028 209.734 
2029 206.189 
2030 202.709 
2031 199.885 
2032 197.961 
2033 196.908 
2034 196.498 
2035 196.525 
2036 196.801 

Alternative 3 Fishing Mortality
     Model_1_goa_pop_2023.dat 
Equil_Fabc 0.100793 
Year 
2023 0.072253 
2024 0.0791595 
2025 0.0778409 
2026 0.0503964 
2027 0.0503964 
2028 0.0503964 
2029 0.0503964 
2030 0.0503964 
2031 0.0503964 
2032 0.0503964 
2033 0.0503964 
2034 0.0503964 
2035 0.0503964 
2036 0.0503964 

Alternative 3 Biomass
     Model_1_goa_pop_2023.dat 

Year 
2023 669.75 
2024 649.919 
2025 628.593 
2026 609.767 
2027 603.572 
2028 598.61 
2029 594.914 
2030 592.488 
2031 591.176 
2032 590.665 
2033 590.771 
2034 591.305 
2035 592.142 
2036 593.02 

Alternative 3 Implied SPR rate 
     Model_1_goa_pop_2023.dat 
Equil_Fabc 0.4 
Year 
2023 0.492378 
2024 0.466873 
2025 0.471566 
2026 0.590944 
2027 0.590944 
2028 0.590944 
2029 0.590944 
2030 0.590944 
2031 0.590944 
2032 0.590944 
2033 0.590944 
2034 0.590944 
2035 0.590944 
2036 0.590944 

  Model_1_goa_pop_2023.dat 
EquilAvgAgeF0  12.1057 
EquilAvgAgeFabc  7.73294 
AvgAgeYr2036 9.44551 
Alternative 4 Catch
     Model_1_goa_pop_2023.dat 
Equil_Fabc 25.3352 
Year 
2023 29.9395 
2024 31.823 
2025 30.25 
2026 24.2506 
2027 23.6226 
2028 23.0087 
2029 22.4258 
2030 21.9113 
2031 21.472 
2032 21.1248 
2033 20.8586 
2034 20.6734 
2035 20.5547 
2036 20.4987 

Alternative 4 ABCs
     Model_1_goa_pop_2023.dat 

Year 
2023  NA 
2024  NA 
2025  NA 
2026 24.2506 
2027 23.6226 
2028 23.0087 
2029 22.4258 
2030 21.9113 
2031 21.472 
2032 21.1248 
2033 20.8586 
2034 20.6734 
2035 20.5547 
2036 20.4987 

Alternative 4 TACs
     Model_1_goa_pop_2023.dat 

Year 
2023  NA 
2024  NA 
2025  NA 
2026 24.2506 
2027 23.6226 
2028 23.0087 
2029 22.4258 
2030 21.9113 
2031 21.472 
2032 21.1248 
2033 20.8586 
2034 20.6734 
2035 20.5547 
2036 20.4987 

Alternative 4 Sp_Biomass
     Model_1_goa_pop_2023.dat 
Equil_Fabc 135.607 
Year 
2023 232.21 
2024 226.218 
2025 219.668 
2026 214.154 
2027 209.761 
2028 204.708 
2029 199.322 
2030 194.21 
2031 189.951 
2032 186.767 
2033 184.598 
2034 183.195 
2035 182.332 
2036 181.808 

Alternative 4 Fishing Mortality
     Model_1_goa_pop_2023.dat 
Equil_Fabc 0.100793 
Year 
2023 0.072253 
2024 0.0791595 
2025 0.0778409 
2026 0.0643051 
2027 0.0643051 
2028 0.0643051 
2029 0.0643051 
2030 0.0643051 
2031 0.0643051 
2032 0.0643051 
2033 0.0643051 
2034 0.0643051 
2035 0.0643051 
2036 0.0643051 

Alternative 4 Biomass
     Model_1_goa_pop_2023.dat 

Year 
2023 669.75 
2024 649.919 
2025 628.593 
2026 609.767 
2027 598.428 
2028 588.868 
2029 581.099 
2030 575.09 
2031 570.634 
2032 567.371 
2033 565.058 
2034 563.459 
2035 562.401 
2036 561.589 

Alternative 4 Implied SPR rate 
     Model_1_goa_pop_2023.dat 
Equil_Fabc 0.4 
Year 
2023 0.492378 
2024 0.466873 
2025 0.471566 
2026 0.524792 
2027 0.524792 
2028 0.524792 
2029 0.524792 
2030 0.524792 
2031 0.524792 
2032 0.524792 
2033 0.524792 
2034 0.524792 
2035 0.524792 
2036 0.524792 

  Model_1_goa_pop_2023.dat 
EquilAvgAgeF0  12.1057 
EquilAvgAgeFabc  7.73294 
AvgAgeYr2036 9.12685 
Alternative 5 Catch
     Model_1_goa_pop_2023.dat 
Equil_Fabc 25.3352 
Year 
2023 29.9395 
2024 31.823 
2025 30.25 
2026  NA 
2027  NA 
2028  NA 
2029  NA 
2030  NA 
2031  NA 
2032  NA 
2033  NA 
2034  NA 
2035  NA 
2036  NA 

Alternative 5 ABCs
     Model_1_goa_pop_2023.dat 

Year 
2023  NA 
2024  NA 
2025  NA 
2026  NA 
2027  NA 
2028  NA 
2029  NA 
2030  NA 
2031  NA 
2032  NA 
2033  NA 
2034  NA 
2035  NA 
2036  NA 

Alternative 5 TACs
     Model_1_goa_pop_2023.dat 

Year 
2023  NA 
2024  NA 
2025  NA 
2026  NA 
2027  NA 
2028  NA 
2029  NA 
2030  NA 
2031  NA 
2032  NA 
2033  NA 
2034  NA 
2035  NA 
2036  NA 

Alternative 5 Sp_Biomass
     Model_1_goa_pop_2023.dat 
Equil_Fabc 135.607 
Year 
2023 232.21 
2024 226.218 
2025 219.668 
2026 217.777 
2027 223.967 
2028 229.095 
2029 233.325 
2030 237.15 
2031 241.136 
2032 245.552 
2033 250.422 
2034 255.558 
2035 260.794 
2036 265.96 

Alternative 5 Fishing Mortality
     Model_1_goa_pop_2023.dat 
Equil_Fabc 0.100793 
Year 
2023 0.072253 
2024 0.0791595 
2025 0.0778409 
2026  NA 
2027  NA 
2028  NA 
2029  NA 
2030  NA 
2031  NA 
2032  NA 
2033  NA 
2034  NA 
2035  NA 
2036  NA 

Alternative 5 Biomass
     Model_1_goa_pop_2023.dat 

Year 
2023 669.75 
2024 649.919 
2025 628.593 
2026 609.767 
2027 622.685 
2028 635.724 
2029 648.866 
2030 662.103 
2031 675.332 
2032 688.298 
2033 700.917 
2034 713.08 
2035 724.765 
2036 735.771 

Alternative 5 Implied SPR rate 
     Model_1_goa_pop_2023.dat 
Equil_Fabc 0.4 
Year 
2023 0.492378 
2024 0.466873 
2025 0.471566 
2026 1 
2027 1 
2028 1 
2029 1 
2030 1 
2031 1 
2032 1 
2033 1 
2034 1 
2035 1 
2036 1 

  Model_1_goa_pop_2023.dat 
EquilAvgAgeF0  12.1057 
EquilAvgAgeFabc  7.73294 
AvgAgeYr2036 10.7303 
Alternative 6 Catch
     Model_1_goa_pop_2023.dat 
Equil_Fabc 25.3352 
Year 
2023 29.9395 
2024 48.0838 
2025 44.9993 
2026 42.1087 
2027 39.4343 
2028 37.0336 
2029 34.9241 
2030 33.1512 
2031 31.7031 
2032 30.5331 
2033 29.3047 
2034 28.3126 
2035 27.6362 
2036 27.2264 

Alternative 6 ABCs
     Model_1_goa_pop_2023.dat 

Year 
2023 49.4291 
2024 48.0838 
2025 44.9993 
2026 42.1087 
2027 39.4343 
2028 37.0336 
2029 34.9241 
2030 33.1512 
2031 31.7031 
2032 30.5331 
2033 29.3047 
2034 28.3126 
2035 27.6362 
2036 27.2264 

Alternative 6 TACs
     Model_1_goa_pop_2023.dat 

Year 
2023  NA 
2024 48.0838 
2025 44.9993 
2026 42.1087 
2027 39.4343 
2028 37.0336 
2029 34.9241 
2030 33.1512 
2031 31.7031 
2032 30.5331 
2033 29.3047 
2034 28.3126 
2035 27.6362 
2036 27.2264 

Alternative 6 Sp_Biomass
     Model_1_goa_pop_2023.dat 
Equil_Fabc 135.607 
Year 
2023 232.21 
2024 223.715 
2025 210.321 
2026 198.016 
2027 186.386 
2028 175.184 
2029 164.715 
2030 155.507 
2031 147.985 
2032 142.202 
2033 137.988 
2034 135.056 
2035 133.062 
2036 131.698 

Alternative 6 Fishing Mortality
     Model_1_goa_pop_2023.dat 
Equil_Fabc 0.100793 
Year 
2023 0.072253 
2024 0.121568 
2025 0.121568 
2026 0.121568 
2027 0.121568 
2028 0.121568 
2029 0.121568 
2030 0.121568 
2031 0.121568 
2032 0.121375 
2033 0.119637 
2034 0.11768 
2035 0.116163 
2036 0.115122 

Alternative 6 Biomass
     Model_1_goa_pop_2023.dat 

Year 
2023 669.75 
2024 649.919 
2025 612.317 
2026 579.386 
2027 551.473 
2028 528.175 
2029 509.157 
2030 494.04 
2031 482.238 
2032 473.06 
2033 465.986 
2034 460.862 
2035 457.289 
2036 454.686 

Alternative 6 Implied SPR rate 
     Model_1_goa_pop_2023.dat 
Equil_Fabc 0.4 
Year 
2023 0.492378 
2024 0.35 
2025 0.35 
2026 0.35 
2027 0.35 
2028 0.35 
2029 0.35 
2030 0.35 
2031 0.35 
2032 0.350419 
2033 0.354274 
2034 0.358755 
2035 0.362324 
2036 0.364822 

  Model_1_goa_pop_2023.dat 
EquilAvgAgeF0  12.1057 
EquilAvgAgeFabc  7.73294 
AvgAgeYr2036 7.91572 
Alternative 7 Catch
     Model_1_goa_pop_2023.dat 
Equil_Fabc 25.3352 
Year 
2023 29.9395 
2024 40.1847 
2025 38.1982 
2026 43.4061 
2027 40.5737 
2028 38.0236 
2029 35.7752 
2030 33.8758 
2031 32.3145 
2032 31.0807 
2033 29.9003 
2034 28.8312 
2035 28.0586 
2036 27.5616 

Alternative 7 ABCs
     Model_1_goa_pop_2023.dat 

Year 
2023 49.4291 
2024 48.0838 
2025 45.7076 
2026 43.4061 
2027 40.5737 
2028 38.0236 
2029 35.7752 
2030 33.8758 
2031 32.3145 
2032 31.0807 
2033 29.9003 
2034 28.8312 
2035 28.0586 
2036 27.5616 

Alternative 7 TACs
     Model_1_goa_pop_2023.dat 

Year 
2023  NA 
2024 48.0838 
2025 45.7076 
2026 43.4061 
2027 40.5737 
2028 38.0236 
2029 35.7752 
2030 33.8758 
2031 32.3145 
2032 31.0807 
2033 29.9003 
2034 28.8312 
2035 28.0586 
2036 27.5616 

Alternative 7 Sp_Biomass
     Model_1_goa_pop_2023.dat 
Equil_Fabc 135.607 
Year 
2023 232.21 
2024 224.938 
2025 214.809 
2026 204.155 
2027 191.852 
2028 180.001 
2029 168.919 
2030 159.145 
2031 151.113 
2032 144.874 
2033 140.233 
2034 136.895 
2035 134.552 
2036 132.897 

Alternative 7 Fishing Mortality
     Model_1_goa_pop_2023.dat 
Equil_Fabc 0.100793 
Year 
2023 0.072253 
2024 0.100793 
2025 0.100793 
2026 0.121568 
2027 0.121568 
2028 0.121568 
2029 0.121568 
2030 0.121568 
2031 0.121568 
2032 0.121537 
2033 0.120441 
2034 0.118562 
2035 0.11696 
2036 0.115801 

Alternative 7 Biomass
     Model_1_goa_pop_2023.dat 

Year 
2023 669.75 
2024 649.919 
2025 620.223 
2026 593.782 
2027 563.964 
2028 538.946 
2029 518.397 
2030 501.934 
2031 488.964 
2032 478.78 
2033 470.812 
2034 464.79 
2035 460.44 
2036 457.197 

Alternative 7 Implied SPR rate 
     Model_1_goa_pop_2023.dat 
Equil_Fabc 0.4 
Year 
2023 0.492378 
2024 0.4 
2025 0.4 
2026 0.35 
2027 0.35 
2028 0.35 
2029 0.35 
2030 0.35 
2031 0.35 
2032 0.350068 
2033 0.352479 
2034 0.356734 
2035 0.36046 
2036 0.363218 

  Model_1_goa_pop_2023.dat 
EquilAvgAgeF0  12.1057 
EquilAvgAgeFabc  7.73294 
AvgAgeYr2036 7.95696 
