Model_1_goa_pop_2023.dat 1 2023 Cabc 24.5073
Model_1_goa_pop_2023.dat 1 2023 Cofl 26.2307
Model_1_goa_pop_2023.dat 1 2023 CLCI 28.8122
Model_1_goa_pop_2023.dat 1 2023 CUCI 28.8122
Model_1_goa_pop_2023.dat 1 2023 CMedian 28.8122
Model_1_goa_pop_2023.dat 1 2023 CMean 28.8122
Model_1_goa_pop_2023.dat 1 2024 Cabc 24.5073
Model_1_goa_pop_2023.dat 1 2024 Cofl 26.2307
Model_1_goa_pop_2023.dat 1 2024 CLCI 29.106
Model_1_goa_pop_2023.dat 1 2024 CUCI 29.106
Model_1_goa_pop_2023.dat 1 2024 CMedian 29.106
Model_1_goa_pop_2023.dat 1 2024 CMean 29.106
Model_1_goa_pop_2023.dat 1 2025 Cabc 24.5073
Model_1_goa_pop_2023.dat 1 2025 Cofl 26.2307
Model_1_goa_pop_2023.dat 1 2025 CLCI 27.726
Model_1_goa_pop_2023.dat 1 2025 CUCI 27.726
Model_1_goa_pop_2023.dat 1 2025 CMedian 27.726
Model_1_goa_pop_2023.dat 1 2025 CMean 27.726
Model_1_goa_pop_2023.dat 1 2026 Cabc 24.5073
Model_1_goa_pop_2023.dat 1 2026 Cofl 26.2307
Model_1_goa_pop_2023.dat 1 2026 CLCI 34.3931
Model_1_goa_pop_2023.dat 1 2026 CUCI 34.4965
Model_1_goa_pop_2023.dat 1 2026 CMedian 34.4265
Model_1_goa_pop_2023.dat 1 2026 CMean 34.4326
Model_1_goa_pop_2023.dat 1 2027 Cabc 24.5073
Model_1_goa_pop_2023.dat 1 2027 Cofl 26.2307
Model_1_goa_pop_2023.dat 1 2027 CLCI 32.6234
Model_1_goa_pop_2023.dat 1 2027 CUCI 32.9639
Model_1_goa_pop_2023.dat 1 2027 CMedian 32.7352
Model_1_goa_pop_2023.dat 1 2027 CMean 32.7547
Model_1_goa_pop_2023.dat 1 2028 Cabc 24.5073
Model_1_goa_pop_2023.dat 1 2028 Cofl 26.2307
Model_1_goa_pop_2023.dat 1 2028 CLCI 30.9079
Model_1_goa_pop_2023.dat 1 2028 CUCI 31.6911
Model_1_goa_pop_2023.dat 1 2028 CMedian 31.1727
Model_1_goa_pop_2023.dat 1 2028 CMean 31.2128
Model_1_goa_pop_2023.dat 1 2029 Cabc 24.5073
Model_1_goa_pop_2023.dat 1 2029 Cofl 26.2307
Model_1_goa_pop_2023.dat 1 2029 CLCI 29.2277
Model_1_goa_pop_2023.dat 1 2029 CUCI 30.6913
Model_1_goa_pop_2023.dat 1 2029 CMedian 29.7517
Model_1_goa_pop_2023.dat 1 2029 CMean 29.8252
Model_1_goa_pop_2023.dat 1 2030 Cabc 24.5073
Model_1_goa_pop_2023.dat 1 2030 Cofl 26.2307
Model_1_goa_pop_2023.dat 1 2030 CLCI 27.6894
Model_1_goa_pop_2023.dat 1 2030 CUCI 30.0259
Model_1_goa_pop_2023.dat 1 2030 CMedian 28.5103
Model_1_goa_pop_2023.dat 1 2030 CMean 28.6394
Model_1_goa_pop_2023.dat 1 2031 Cabc 24.5073
Model_1_goa_pop_2023.dat 1 2031 Cofl 26.2307
Model_1_goa_pop_2023.dat 1 2031 CLCI 26.2519
Model_1_goa_pop_2023.dat 1 2031 CUCI 29.6346
Model_1_goa_pop_2023.dat 1 2031 CMedian 27.4609
Model_1_goa_pop_2023.dat 1 2031 CMean 27.6563
Model_1_goa_pop_2023.dat 1 2032 Cabc 24.5073
Model_1_goa_pop_2023.dat 1 2032 Cofl 26.2307
Model_1_goa_pop_2023.dat 1 2032 CLCI 24.9773
Model_1_goa_pop_2023.dat 1 2032 CUCI 29.4399
Model_1_goa_pop_2023.dat 1 2032 CMedian 26.6873
Model_1_goa_pop_2023.dat 1 2032 CMean 26.8864
Model_1_goa_pop_2023.dat 1 2033 Cabc 24.5073
Model_1_goa_pop_2023.dat 1 2033 Cofl 26.2307
Model_1_goa_pop_2023.dat 1 2033 CLCI 23.9816
Model_1_goa_pop_2023.dat 1 2033 CUCI 29.4546
Model_1_goa_pop_2023.dat 1 2033 CMedian 26.1245
Model_1_goa_pop_2023.dat 1 2033 CMean 26.299
Model_1_goa_pop_2023.dat 1 2034 Cabc 24.5073
Model_1_goa_pop_2023.dat 1 2034 Cofl 26.2307
Model_1_goa_pop_2023.dat 1 2034 CLCI 23.0989
Model_1_goa_pop_2023.dat 1 2034 CUCI 29.5679
Model_1_goa_pop_2023.dat 1 2034 CMedian 25.6508
Model_1_goa_pop_2023.dat 1 2034 CMean 25.8743
Model_1_goa_pop_2023.dat 1 2035 Cabc 24.5073
Model_1_goa_pop_2023.dat 1 2035 Cofl 26.2307
Model_1_goa_pop_2023.dat 1 2035 CLCI 22.2442
Model_1_goa_pop_2023.dat 1 2035 CUCI 29.511
Model_1_goa_pop_2023.dat 1 2035 CMedian 25.2771
Model_1_goa_pop_2023.dat 1 2035 CMean 25.556
Model_1_goa_pop_2023.dat 1 2036 Cabc 24.5073
Model_1_goa_pop_2023.dat 1 2036 Cofl 26.2307
Model_1_goa_pop_2023.dat 1 2036 CLCI 21.1692
Model_1_goa_pop_2023.dat 1 2036 CUCI 29.6218
Model_1_goa_pop_2023.dat 1 2036 CMedian 25.0629
Model_1_goa_pop_2023.dat 1 2036 CMean 25.3207
Model_1_goa_pop_2023.dat 1 2023 SSBF100 330.118
Model_1_goa_pop_2023.dat 1 2023 SSBFabc 132.047
Model_1_goa_pop_2023.dat 1 2023 SSBFofl 115.541
Model_1_goa_pop_2023.dat 1 2023 SSBLCI 217.879
Model_1_goa_pop_2023.dat 1 2023 SSBUCI 217.879
Model_1_goa_pop_2023.dat 1 2023 SSBMedian 217.879
Model_1_goa_pop_2023.dat 1 2023 SSBMean 217.879
Model_1_goa_pop_2023.dat 1 2024 SSBF100 330.118
Model_1_goa_pop_2023.dat 1 2024 SSBFabc 132.047
Model_1_goa_pop_2023.dat 1 2024 SSBFofl 115.541
Model_1_goa_pop_2023.dat 1 2024 SSBLCI 211.893
Model_1_goa_pop_2023.dat 1 2024 SSBUCI 211.921
Model_1_goa_pop_2023.dat 1 2024 SSBMedian 211.901
Model_1_goa_pop_2023.dat 1 2024 SSBMean 211.903
Model_1_goa_pop_2023.dat 1 2025 SSBF100 330.118
Model_1_goa_pop_2023.dat 1 2025 SSBFabc 132.047
Model_1_goa_pop_2023.dat 1 2025 SSBFofl 115.541
Model_1_goa_pop_2023.dat 1 2025 SSBLCI 206.307
Model_1_goa_pop_2023.dat 1 2025 SSBUCI 206.423
Model_1_goa_pop_2023.dat 1 2025 SSBMedian 206.346
Model_1_goa_pop_2023.dat 1 2025 SSBMean 206.352
Model_1_goa_pop_2023.dat 1 2026 SSBF100 330.118
Model_1_goa_pop_2023.dat 1 2026 SSBFabc 132.047
Model_1_goa_pop_2023.dat 1 2026 SSBFofl 115.541
Model_1_goa_pop_2023.dat 1 2026 SSBLCI 200.13
Model_1_goa_pop_2023.dat 1 2026 SSBUCI 200.488
Model_1_goa_pop_2023.dat 1 2026 SSBMedian 200.248
Model_1_goa_pop_2023.dat 1 2026 SSBMean 200.268
Model_1_goa_pop_2023.dat 1 2027 SSBF100 330.118
Model_1_goa_pop_2023.dat 1 2027 SSBFabc 132.047
Model_1_goa_pop_2023.dat 1 2027 SSBFofl 115.541
Model_1_goa_pop_2023.dat 1 2027 SSBLCI 191.688
Model_1_goa_pop_2023.dat 1 2027 SSBUCI 192.602
Model_1_goa_pop_2023.dat 1 2027 SSBMedian 191.99
Model_1_goa_pop_2023.dat 1 2027 SSBMean 192.042
Model_1_goa_pop_2023.dat 1 2028 SSBF100 330.118
Model_1_goa_pop_2023.dat 1 2028 SSBFabc 132.047
Model_1_goa_pop_2023.dat 1 2028 SSBFofl 115.541
Model_1_goa_pop_2023.dat 1 2028 SSBLCI 182.818
Model_1_goa_pop_2023.dat 1 2028 SSBUCI 184.938
Model_1_goa_pop_2023.dat 1 2028 SSBMedian 183.537
Model_1_goa_pop_2023.dat 1 2028 SSBMean 183.653
Model_1_goa_pop_2023.dat 1 2029 SSBF100 330.118
Model_1_goa_pop_2023.dat 1 2029 SSBFabc 132.047
Model_1_goa_pop_2023.dat 1 2029 SSBFofl 115.541
Model_1_goa_pop_2023.dat 1 2029 SSBLCI 173.636
Model_1_goa_pop_2023.dat 1 2029 SSBUCI 178.031
Model_1_goa_pop_2023.dat 1 2029 SSBMedian 175.14
Model_1_goa_pop_2023.dat 1 2029 SSBMean 175.363
Model_1_goa_pop_2023.dat 1 2030 SSBF100 330.118
Model_1_goa_pop_2023.dat 1 2030 SSBFabc 132.047
Model_1_goa_pop_2023.dat 1 2030 SSBFofl 115.541
Model_1_goa_pop_2023.dat 1 2030 SSBLCI 164.466
Model_1_goa_pop_2023.dat 1 2030 SSBUCI 172.545
Model_1_goa_pop_2023.dat 1 2030 SSBMedian 167.318
Model_1_goa_pop_2023.dat 1 2030 SSBMean 167.748
Model_1_goa_pop_2023.dat 1 2031 SSBF100 330.118
Model_1_goa_pop_2023.dat 1 2031 SSBFabc 132.047
Model_1_goa_pop_2023.dat 1 2031 SSBFofl 115.541
Model_1_goa_pop_2023.dat 1 2031 SSBLCI 155.837
Model_1_goa_pop_2023.dat 1 2031 SSBUCI 169.443
Model_1_goa_pop_2023.dat 1 2031 SSBMedian 160.586
Model_1_goa_pop_2023.dat 1 2031 SSBMean 161.337
Model_1_goa_pop_2023.dat 1 2032 SSBF100 330.118
Model_1_goa_pop_2023.dat 1 2032 SSBFabc 132.047
Model_1_goa_pop_2023.dat 1 2032 SSBFofl 115.541
Model_1_goa_pop_2023.dat 1 2032 SSBLCI 148.211
Model_1_goa_pop_2023.dat 1 2032 SSBUCI 167.75
Model_1_goa_pop_2023.dat 1 2032 SSBMedian 155.145
Model_1_goa_pop_2023.dat 1 2032 SSBMean 156.286
Model_1_goa_pop_2023.dat 1 2033 SSBF100 330.118
Model_1_goa_pop_2023.dat 1 2033 SSBFabc 132.047
Model_1_goa_pop_2023.dat 1 2033 SSBFofl 115.541
Model_1_goa_pop_2023.dat 1 2033 SSBLCI 141.373
Model_1_goa_pop_2023.dat 1 2033 SSBUCI 167.192
Model_1_goa_pop_2023.dat 1 2033 SSBMedian 151.316
Model_1_goa_pop_2023.dat 1 2033 SSBMean 152.476
Model_1_goa_pop_2023.dat 1 2034 SSBF100 330.118
Model_1_goa_pop_2023.dat 1 2034 SSBFabc 132.047
Model_1_goa_pop_2023.dat 1 2034 SSBFofl 115.541
Model_1_goa_pop_2023.dat 1 2034 SSBLCI 136.385
Model_1_goa_pop_2023.dat 1 2034 SSBUCI 167.281
Model_1_goa_pop_2023.dat 1 2034 SSBMedian 148.723
Model_1_goa_pop_2023.dat 1 2034 SSBMean 149.613
Model_1_goa_pop_2023.dat 1 2035 SSBF100 330.118
Model_1_goa_pop_2023.dat 1 2035 SSBFabc 132.047
Model_1_goa_pop_2023.dat 1 2035 SSBFofl 115.541
Model_1_goa_pop_2023.dat 1 2035 SSBLCI 131.536
Model_1_goa_pop_2023.dat 1 2035 SSBUCI 167.408
Model_1_goa_pop_2023.dat 1 2035 SSBMedian 146.017
Model_1_goa_pop_2023.dat 1 2035 SSBMean 147.44
Model_1_goa_pop_2023.dat 1 2036 SSBF100 330.118
Model_1_goa_pop_2023.dat 1 2036 SSBFabc 132.047
Model_1_goa_pop_2023.dat 1 2036 SSBFofl 115.541
Model_1_goa_pop_2023.dat 1 2036 SSBLCI 128.522
Model_1_goa_pop_2023.dat 1 2036 SSBUCI 167.793
Model_1_goa_pop_2023.dat 1 2036 SSBMedian 143.973
Model_1_goa_pop_2023.dat 1 2036 SSBMean 145.749
Model_1_goa_pop_2023.dat 1 2023 F0 0 
Model_1_goa_pop_2023.dat 1 2023 Fabc 0.0996381
Model_1_goa_pop_2023.dat 1 2023 Fofl 0.119494
Model_1_goa_pop_2023.dat 1 2023  F_LCI 0.0750682
Model_1_goa_pop_2023.dat 1 2023  F_UCI 0.0750682
Model_1_goa_pop_2023.dat 1 2023  F_Median 0.0750682
Model_1_goa_pop_2023.dat 1 2023  F_Mean 0.0750682
Model_1_goa_pop_2023.dat 1 2024 F0 0 
Model_1_goa_pop_2023.dat 1 2024 Fabc 0.0996381
Model_1_goa_pop_2023.dat 1 2024 Fofl 0.119494
Model_1_goa_pop_2023.dat 1 2024  F_LCI 0.0782672
Model_1_goa_pop_2023.dat 1 2024  F_UCI 0.0782688
Model_1_goa_pop_2023.dat 1 2024  F_Median 0.0782683
Model_1_goa_pop_2023.dat 1 2024  F_Mean 0.0782682
Model_1_goa_pop_2023.dat 1 2025 F0 0 
Model_1_goa_pop_2023.dat 1 2025 Fabc 0.0996381
Model_1_goa_pop_2023.dat 1 2025 Fofl 0.119494
Model_1_goa_pop_2023.dat 1 2025  F_LCI 0.0769749
Model_1_goa_pop_2023.dat 1 2025  F_UCI 0.0770138
Model_1_goa_pop_2023.dat 1 2025  F_Median 0.0770025
Model_1_goa_pop_2023.dat 1 2025  F_Mean 0.0769998
Model_1_goa_pop_2023.dat 1 2026 F0 0 
Model_1_goa_pop_2023.dat 1 2026 Fabc 0.0996381
Model_1_goa_pop_2023.dat 1 2026 Fofl 0.119494
Model_1_goa_pop_2023.dat 1 2026  F_LCI 0.0996381
Model_1_goa_pop_2023.dat 1 2026  F_UCI 0.0996381
Model_1_goa_pop_2023.dat 1 2026  F_Median 0.0996381
Model_1_goa_pop_2023.dat 1 2026  F_Mean 0.0996381
Model_1_goa_pop_2023.dat 1 2027 F0 0 
Model_1_goa_pop_2023.dat 1 2027 Fabc 0.0996381
Model_1_goa_pop_2023.dat 1 2027 Fofl 0.119494
Model_1_goa_pop_2023.dat 1 2027  F_LCI 0.0996381
Model_1_goa_pop_2023.dat 1 2027  F_UCI 0.0996381
Model_1_goa_pop_2023.dat 1 2027  F_Median 0.0996381
Model_1_goa_pop_2023.dat 1 2027  F_Mean 0.0996381
Model_1_goa_pop_2023.dat 1 2028 F0 0 
Model_1_goa_pop_2023.dat 1 2028 Fabc 0.0996381
Model_1_goa_pop_2023.dat 1 2028 Fofl 0.119494
Model_1_goa_pop_2023.dat 1 2028  F_LCI 0.0996381
Model_1_goa_pop_2023.dat 1 2028  F_UCI 0.0996381
Model_1_goa_pop_2023.dat 1 2028  F_Median 0.0996381
Model_1_goa_pop_2023.dat 1 2028  F_Mean 0.0996381
Model_1_goa_pop_2023.dat 1 2029 F0 0 
Model_1_goa_pop_2023.dat 1 2029 Fabc 0.0996381
Model_1_goa_pop_2023.dat 1 2029 Fofl 0.119494
Model_1_goa_pop_2023.dat 1 2029  F_LCI 0.0996381
Model_1_goa_pop_2023.dat 1 2029  F_UCI 0.0996381
Model_1_goa_pop_2023.dat 1 2029  F_Median 0.0996381
Model_1_goa_pop_2023.dat 1 2029  F_Mean 0.0996381
Model_1_goa_pop_2023.dat 1 2030 F0 0 
Model_1_goa_pop_2023.dat 1 2030 Fabc 0.0996381
Model_1_goa_pop_2023.dat 1 2030 Fofl 0.119494
Model_1_goa_pop_2023.dat 1 2030  F_LCI 0.0996381
Model_1_goa_pop_2023.dat 1 2030  F_UCI 0.0996381
Model_1_goa_pop_2023.dat 1 2030  F_Median 0.0996381
Model_1_goa_pop_2023.dat 1 2030  F_Mean 0.0996381
Model_1_goa_pop_2023.dat 1 2031 F0 0 
Model_1_goa_pop_2023.dat 1 2031 Fabc 0.0996381
Model_1_goa_pop_2023.dat 1 2031 Fofl 0.119494
Model_1_goa_pop_2023.dat 1 2031  F_LCI 0.0996381
Model_1_goa_pop_2023.dat 1 2031  F_UCI 0.0996381
Model_1_goa_pop_2023.dat 1 2031  F_Median 0.0996381
Model_1_goa_pop_2023.dat 1 2031  F_Mean 0.0996381
Model_1_goa_pop_2023.dat 1 2032 F0 0 
Model_1_goa_pop_2023.dat 1 2032 Fabc 0.0996381
Model_1_goa_pop_2023.dat 1 2032 Fofl 0.119494
Model_1_goa_pop_2023.dat 1 2032  F_LCI 0.0996381
Model_1_goa_pop_2023.dat 1 2032  F_UCI 0.0996381
Model_1_goa_pop_2023.dat 1 2032  F_Median 0.0996381
Model_1_goa_pop_2023.dat 1 2032  F_Mean 0.0996381
Model_1_goa_pop_2023.dat 1 2033 F0 0 
Model_1_goa_pop_2023.dat 1 2033 Fabc 0.0996381
Model_1_goa_pop_2023.dat 1 2033 Fofl 0.119494
Model_1_goa_pop_2023.dat 1 2033  F_LCI 0.0996381
Model_1_goa_pop_2023.dat 1 2033  F_UCI 0.0996381
Model_1_goa_pop_2023.dat 1 2033  F_Median 0.0996381
Model_1_goa_pop_2023.dat 1 2033  F_Mean 0.0996381
Model_1_goa_pop_2023.dat 1 2034 F0 0 
Model_1_goa_pop_2023.dat 1 2034 Fabc 0.0996381
Model_1_goa_pop_2023.dat 1 2034 Fofl 0.119494
Model_1_goa_pop_2023.dat 1 2034  F_LCI 0.0996381
Model_1_goa_pop_2023.dat 1 2034  F_UCI 0.0996381
Model_1_goa_pop_2023.dat 1 2034  F_Median 0.0996381
Model_1_goa_pop_2023.dat 1 2034  F_Mean 0.0996284
Model_1_goa_pop_2023.dat 1 2035 F0 0 
Model_1_goa_pop_2023.dat 1 2035 Fabc 0.0996381
Model_1_goa_pop_2023.dat 1 2035 Fofl 0.119494
Model_1_goa_pop_2023.dat 1 2035  F_LCI 0.0992323
Model_1_goa_pop_2023.dat 1 2035  F_UCI 0.0996381
Model_1_goa_pop_2023.dat 1 2035  F_Median 0.0996381
Model_1_goa_pop_2023.dat 1 2035  F_Mean 0.0995097
Model_1_goa_pop_2023.dat 1 2036 F0 0 
Model_1_goa_pop_2023.dat 1 2036 Fabc 0.0996381
Model_1_goa_pop_2023.dat 1 2036 Fofl 0.119494
Model_1_goa_pop_2023.dat 1 2036  F_LCI 0.0968382
Model_1_goa_pop_2023.dat 1 2036  F_UCI 0.0996381
Model_1_goa_pop_2023.dat 1 2036  F_Median 0.0996381
Model_1_goa_pop_2023.dat 1 2036  F_Mean 0.0992557
Model_1_goa_pop_2023.dat 2 2023 Cabc 24.5073
Model_1_goa_pop_2023.dat 2 2023 Cofl 26.2307
Model_1_goa_pop_2023.dat 2 2023 CLCI 28.8122
Model_1_goa_pop_2023.dat 2 2023 CUCI 28.8122
Model_1_goa_pop_2023.dat 2 2023 CMedian 28.8122
Model_1_goa_pop_2023.dat 2 2023 CMean 28.8122
Model_1_goa_pop_2023.dat 2 2024 Cabc 24.5073
Model_1_goa_pop_2023.dat 2 2024 Cofl 26.2307
Model_1_goa_pop_2023.dat 2 2024 CLCI 29.106
Model_1_goa_pop_2023.dat 2 2024 CUCI 29.106
Model_1_goa_pop_2023.dat 2 2024 CMedian 29.106
Model_1_goa_pop_2023.dat 2 2024 CMean 29.106
Model_1_goa_pop_2023.dat 2 2025 Cabc 24.5073
Model_1_goa_pop_2023.dat 2 2025 Cofl 26.2307
Model_1_goa_pop_2023.dat 2 2025 CLCI 27.726
Model_1_goa_pop_2023.dat 2 2025 CUCI 27.726
Model_1_goa_pop_2023.dat 2 2025 CMedian 27.726
Model_1_goa_pop_2023.dat 2 2025 CMean 27.726
Model_1_goa_pop_2023.dat 2 2026 Cabc 24.5073
Model_1_goa_pop_2023.dat 2 2026 Cofl 26.2307
Model_1_goa_pop_2023.dat 2 2026 CLCI 34.3931
Model_1_goa_pop_2023.dat 2 2026 CUCI 34.4965
Model_1_goa_pop_2023.dat 2 2026 CMedian 34.4265
Model_1_goa_pop_2023.dat 2 2026 CMean 34.4326
Model_1_goa_pop_2023.dat 2 2027 Cabc 24.5073
Model_1_goa_pop_2023.dat 2 2027 Cofl 26.2307
Model_1_goa_pop_2023.dat 2 2027 CLCI 32.6234
Model_1_goa_pop_2023.dat 2 2027 CUCI 32.9639
Model_1_goa_pop_2023.dat 2 2027 CMedian 32.7352
Model_1_goa_pop_2023.dat 2 2027 CMean 32.7547
Model_1_goa_pop_2023.dat 2 2028 Cabc 24.5073
Model_1_goa_pop_2023.dat 2 2028 Cofl 26.2307
Model_1_goa_pop_2023.dat 2 2028 CLCI 30.9079
Model_1_goa_pop_2023.dat 2 2028 CUCI 31.6911
Model_1_goa_pop_2023.dat 2 2028 CMedian 31.1727
Model_1_goa_pop_2023.dat 2 2028 CMean 31.2128
Model_1_goa_pop_2023.dat 2 2029 Cabc 24.5073
Model_1_goa_pop_2023.dat 2 2029 Cofl 26.2307
Model_1_goa_pop_2023.dat 2 2029 CLCI 29.2277
Model_1_goa_pop_2023.dat 2 2029 CUCI 30.6913
Model_1_goa_pop_2023.dat 2 2029 CMedian 29.7517
Model_1_goa_pop_2023.dat 2 2029 CMean 29.8252
Model_1_goa_pop_2023.dat 2 2030 Cabc 24.5073
Model_1_goa_pop_2023.dat 2 2030 Cofl 26.2307
Model_1_goa_pop_2023.dat 2 2030 CLCI 27.6894
Model_1_goa_pop_2023.dat 2 2030 CUCI 30.0259
Model_1_goa_pop_2023.dat 2 2030 CMedian 28.5103
Model_1_goa_pop_2023.dat 2 2030 CMean 28.6394
Model_1_goa_pop_2023.dat 2 2031 Cabc 24.5073
Model_1_goa_pop_2023.dat 2 2031 Cofl 26.2307
Model_1_goa_pop_2023.dat 2 2031 CLCI 26.2519
Model_1_goa_pop_2023.dat 2 2031 CUCI 29.6346
Model_1_goa_pop_2023.dat 2 2031 CMedian 27.4609
Model_1_goa_pop_2023.dat 2 2031 CMean 27.6563
Model_1_goa_pop_2023.dat 2 2032 Cabc 24.5073
Model_1_goa_pop_2023.dat 2 2032 Cofl 26.2307
Model_1_goa_pop_2023.dat 2 2032 CLCI 24.9773
Model_1_goa_pop_2023.dat 2 2032 CUCI 29.4399
Model_1_goa_pop_2023.dat 2 2032 CMedian 26.6873
Model_1_goa_pop_2023.dat 2 2032 CMean 26.8864
Model_1_goa_pop_2023.dat 2 2033 Cabc 24.5073
Model_1_goa_pop_2023.dat 2 2033 Cofl 26.2307
Model_1_goa_pop_2023.dat 2 2033 CLCI 23.9816
Model_1_goa_pop_2023.dat 2 2033 CUCI 29.4546
Model_1_goa_pop_2023.dat 2 2033 CMedian 26.1245
Model_1_goa_pop_2023.dat 2 2033 CMean 26.299
Model_1_goa_pop_2023.dat 2 2034 Cabc 24.5073
Model_1_goa_pop_2023.dat 2 2034 Cofl 26.2307
Model_1_goa_pop_2023.dat 2 2034 CLCI 23.0989
Model_1_goa_pop_2023.dat 2 2034 CUCI 29.5679
Model_1_goa_pop_2023.dat 2 2034 CMedian 25.6508
Model_1_goa_pop_2023.dat 2 2034 CMean 25.8743
Model_1_goa_pop_2023.dat 2 2035 Cabc 24.5073
Model_1_goa_pop_2023.dat 2 2035 Cofl 26.2307
Model_1_goa_pop_2023.dat 2 2035 CLCI 22.2442
Model_1_goa_pop_2023.dat 2 2035 CUCI 29.511
Model_1_goa_pop_2023.dat 2 2035 CMedian 25.2771
Model_1_goa_pop_2023.dat 2 2035 CMean 25.556
Model_1_goa_pop_2023.dat 2 2036 Cabc 24.5073
Model_1_goa_pop_2023.dat 2 2036 Cofl 26.2307
Model_1_goa_pop_2023.dat 2 2036 CLCI 21.1692
Model_1_goa_pop_2023.dat 2 2036 CUCI 29.6218
Model_1_goa_pop_2023.dat 2 2036 CMedian 25.0629
Model_1_goa_pop_2023.dat 2 2036 CMean 25.3207
Model_1_goa_pop_2023.dat 2 2023 SSBF100 330.118
Model_1_goa_pop_2023.dat 2 2023 SSBFabc 132.047
Model_1_goa_pop_2023.dat 2 2023 SSBFofl 115.541
Model_1_goa_pop_2023.dat 2 2023 SSBLCI 217.879
Model_1_goa_pop_2023.dat 2 2023 SSBUCI 217.879
Model_1_goa_pop_2023.dat 2 2023 SSBMedian 217.879
Model_1_goa_pop_2023.dat 2 2023 SSBMean 217.879
Model_1_goa_pop_2023.dat 2 2024 SSBF100 330.118
Model_1_goa_pop_2023.dat 2 2024 SSBFabc 132.047
Model_1_goa_pop_2023.dat 2 2024 SSBFofl 115.541
Model_1_goa_pop_2023.dat 2 2024 SSBLCI 211.893
Model_1_goa_pop_2023.dat 2 2024 SSBUCI 211.921
Model_1_goa_pop_2023.dat 2 2024 SSBMedian 211.901
Model_1_goa_pop_2023.dat 2 2024 SSBMean 211.903
Model_1_goa_pop_2023.dat 2 2025 SSBF100 330.118
Model_1_goa_pop_2023.dat 2 2025 SSBFabc 132.047
Model_1_goa_pop_2023.dat 2 2025 SSBFofl 115.541
Model_1_goa_pop_2023.dat 2 2025 SSBLCI 206.307
Model_1_goa_pop_2023.dat 2 2025 SSBUCI 206.423
Model_1_goa_pop_2023.dat 2 2025 SSBMedian 206.346
Model_1_goa_pop_2023.dat 2 2025 SSBMean 206.352
Model_1_goa_pop_2023.dat 2 2026 SSBF100 330.118
Model_1_goa_pop_2023.dat 2 2026 SSBFabc 132.047
Model_1_goa_pop_2023.dat 2 2026 SSBFofl 115.541
Model_1_goa_pop_2023.dat 2 2026 SSBLCI 200.13
Model_1_goa_pop_2023.dat 2 2026 SSBUCI 200.488
Model_1_goa_pop_2023.dat 2 2026 SSBMedian 200.248
Model_1_goa_pop_2023.dat 2 2026 SSBMean 200.268
Model_1_goa_pop_2023.dat 2 2027 SSBF100 330.118
Model_1_goa_pop_2023.dat 2 2027 SSBFabc 132.047
Model_1_goa_pop_2023.dat 2 2027 SSBFofl 115.541
Model_1_goa_pop_2023.dat 2 2027 SSBLCI 191.688
Model_1_goa_pop_2023.dat 2 2027 SSBUCI 192.602
Model_1_goa_pop_2023.dat 2 2027 SSBMedian 191.99
Model_1_goa_pop_2023.dat 2 2027 SSBMean 192.042
Model_1_goa_pop_2023.dat 2 2028 SSBF100 330.118
Model_1_goa_pop_2023.dat 2 2028 SSBFabc 132.047
Model_1_goa_pop_2023.dat 2 2028 SSBFofl 115.541
Model_1_goa_pop_2023.dat 2 2028 SSBLCI 182.818
Model_1_goa_pop_2023.dat 2 2028 SSBUCI 184.938
Model_1_goa_pop_2023.dat 2 2028 SSBMedian 183.537
Model_1_goa_pop_2023.dat 2 2028 SSBMean 183.653
Model_1_goa_pop_2023.dat 2 2029 SSBF100 330.118
Model_1_goa_pop_2023.dat 2 2029 SSBFabc 132.047
Model_1_goa_pop_2023.dat 2 2029 SSBFofl 115.541
Model_1_goa_pop_2023.dat 2 2029 SSBLCI 173.636
Model_1_goa_pop_2023.dat 2 2029 SSBUCI 178.031
Model_1_goa_pop_2023.dat 2 2029 SSBMedian 175.14
Model_1_goa_pop_2023.dat 2 2029 SSBMean 175.363
Model_1_goa_pop_2023.dat 2 2030 SSBF100 330.118
Model_1_goa_pop_2023.dat 2 2030 SSBFabc 132.047
Model_1_goa_pop_2023.dat 2 2030 SSBFofl 115.541
Model_1_goa_pop_2023.dat 2 2030 SSBLCI 164.466
Model_1_goa_pop_2023.dat 2 2030 SSBUCI 172.545
Model_1_goa_pop_2023.dat 2 2030 SSBMedian 167.318
Model_1_goa_pop_2023.dat 2 2030 SSBMean 167.748
Model_1_goa_pop_2023.dat 2 2031 SSBF100 330.118
Model_1_goa_pop_2023.dat 2 2031 SSBFabc 132.047
Model_1_goa_pop_2023.dat 2 2031 SSBFofl 115.541
Model_1_goa_pop_2023.dat 2 2031 SSBLCI 155.837
Model_1_goa_pop_2023.dat 2 2031 SSBUCI 169.443
Model_1_goa_pop_2023.dat 2 2031 SSBMedian 160.586
Model_1_goa_pop_2023.dat 2 2031 SSBMean 161.337
Model_1_goa_pop_2023.dat 2 2032 SSBF100 330.118
Model_1_goa_pop_2023.dat 2 2032 SSBFabc 132.047
Model_1_goa_pop_2023.dat 2 2032 SSBFofl 115.541
Model_1_goa_pop_2023.dat 2 2032 SSBLCI 148.211
Model_1_goa_pop_2023.dat 2 2032 SSBUCI 167.75
Model_1_goa_pop_2023.dat 2 2032 SSBMedian 155.145
Model_1_goa_pop_2023.dat 2 2032 SSBMean 156.286
Model_1_goa_pop_2023.dat 2 2033 SSBF100 330.118
Model_1_goa_pop_2023.dat 2 2033 SSBFabc 132.047
Model_1_goa_pop_2023.dat 2 2033 SSBFofl 115.541
Model_1_goa_pop_2023.dat 2 2033 SSBLCI 141.373
Model_1_goa_pop_2023.dat 2 2033 SSBUCI 167.192
Model_1_goa_pop_2023.dat 2 2033 SSBMedian 151.316
Model_1_goa_pop_2023.dat 2 2033 SSBMean 152.476
Model_1_goa_pop_2023.dat 2 2034 SSBF100 330.118
Model_1_goa_pop_2023.dat 2 2034 SSBFabc 132.047
Model_1_goa_pop_2023.dat 2 2034 SSBFofl 115.541
Model_1_goa_pop_2023.dat 2 2034 SSBLCI 136.385
Model_1_goa_pop_2023.dat 2 2034 SSBUCI 167.281
Model_1_goa_pop_2023.dat 2 2034 SSBMedian 148.723
Model_1_goa_pop_2023.dat 2 2034 SSBMean 149.613
Model_1_goa_pop_2023.dat 2 2035 SSBF100 330.118
Model_1_goa_pop_2023.dat 2 2035 SSBFabc 132.047
Model_1_goa_pop_2023.dat 2 2035 SSBFofl 115.541
Model_1_goa_pop_2023.dat 2 2035 SSBLCI 131.536
Model_1_goa_pop_2023.dat 2 2035 SSBUCI 167.408
Model_1_goa_pop_2023.dat 2 2035 SSBMedian 146.017
Model_1_goa_pop_2023.dat 2 2035 SSBMean 147.44
Model_1_goa_pop_2023.dat 2 2036 SSBF100 330.118
Model_1_goa_pop_2023.dat 2 2036 SSBFabc 132.047
Model_1_goa_pop_2023.dat 2 2036 SSBFofl 115.541
Model_1_goa_pop_2023.dat 2 2036 SSBLCI 128.522
Model_1_goa_pop_2023.dat 2 2036 SSBUCI 167.793
Model_1_goa_pop_2023.dat 2 2036 SSBMedian 143.973
Model_1_goa_pop_2023.dat 2 2036 SSBMean 145.749
Model_1_goa_pop_2023.dat 2 2023 F0 0 
Model_1_goa_pop_2023.dat 2 2023 Fabc 0.0996381
Model_1_goa_pop_2023.dat 2 2023 Fofl 0.119494
Model_1_goa_pop_2023.dat 2 2023  F_LCI 0.0750682
Model_1_goa_pop_2023.dat 2 2023  F_UCI 0.0750682
Model_1_goa_pop_2023.dat 2 2023  F_Median 0.0750682
Model_1_goa_pop_2023.dat 2 2023  F_Mean 0.0750682
Model_1_goa_pop_2023.dat 2 2024 F0 0 
Model_1_goa_pop_2023.dat 2 2024 Fabc 0.0996381
Model_1_goa_pop_2023.dat 2 2024 Fofl 0.119494
Model_1_goa_pop_2023.dat 2 2024  F_LCI 0.0782672
Model_1_goa_pop_2023.dat 2 2024  F_UCI 0.0782688
Model_1_goa_pop_2023.dat 2 2024  F_Median 0.0782683
Model_1_goa_pop_2023.dat 2 2024  F_Mean 0.0782682
Model_1_goa_pop_2023.dat 2 2025 F0 0 
Model_1_goa_pop_2023.dat 2 2025 Fabc 0.0996381
Model_1_goa_pop_2023.dat 2 2025 Fofl 0.119494
Model_1_goa_pop_2023.dat 2 2025  F_LCI 0.0769749
Model_1_goa_pop_2023.dat 2 2025  F_UCI 0.0770138
Model_1_goa_pop_2023.dat 2 2025  F_Median 0.0770025
Model_1_goa_pop_2023.dat 2 2025  F_Mean 0.0769998
Model_1_goa_pop_2023.dat 2 2026 F0 0 
Model_1_goa_pop_2023.dat 2 2026 Fabc 0.0996381
Model_1_goa_pop_2023.dat 2 2026 Fofl 0.119494
Model_1_goa_pop_2023.dat 2 2026  F_LCI 0.0996381
Model_1_goa_pop_2023.dat 2 2026  F_UCI 0.0996381
Model_1_goa_pop_2023.dat 2 2026  F_Median 0.0996381
Model_1_goa_pop_2023.dat 2 2026  F_Mean 0.0996381
Model_1_goa_pop_2023.dat 2 2027 F0 0 
Model_1_goa_pop_2023.dat 2 2027 Fabc 0.0996381
Model_1_goa_pop_2023.dat 2 2027 Fofl 0.119494
Model_1_goa_pop_2023.dat 2 2027  F_LCI 0.0996381
Model_1_goa_pop_2023.dat 2 2027  F_UCI 0.0996381
Model_1_goa_pop_2023.dat 2 2027  F_Median 0.0996381
Model_1_goa_pop_2023.dat 2 2027  F_Mean 0.0996381
Model_1_goa_pop_2023.dat 2 2028 F0 0 
Model_1_goa_pop_2023.dat 2 2028 Fabc 0.0996381
Model_1_goa_pop_2023.dat 2 2028 Fofl 0.119494
Model_1_goa_pop_2023.dat 2 2028  F_LCI 0.0996381
Model_1_goa_pop_2023.dat 2 2028  F_UCI 0.0996381
Model_1_goa_pop_2023.dat 2 2028  F_Median 0.0996381
Model_1_goa_pop_2023.dat 2 2028  F_Mean 0.0996381
Model_1_goa_pop_2023.dat 2 2029 F0 0 
Model_1_goa_pop_2023.dat 2 2029 Fabc 0.0996381
Model_1_goa_pop_2023.dat 2 2029 Fofl 0.119494
Model_1_goa_pop_2023.dat 2 2029  F_LCI 0.0996381
Model_1_goa_pop_2023.dat 2 2029  F_UCI 0.0996381
Model_1_goa_pop_2023.dat 2 2029  F_Median 0.0996381
Model_1_goa_pop_2023.dat 2 2029  F_Mean 0.0996381
Model_1_goa_pop_2023.dat 2 2030 F0 0 
Model_1_goa_pop_2023.dat 2 2030 Fabc 0.0996381
Model_1_goa_pop_2023.dat 2 2030 Fofl 0.119494
Model_1_goa_pop_2023.dat 2 2030  F_LCI 0.0996381
Model_1_goa_pop_2023.dat 2 2030  F_UCI 0.0996381
Model_1_goa_pop_2023.dat 2 2030  F_Median 0.0996381
Model_1_goa_pop_2023.dat 2 2030  F_Mean 0.0996381
Model_1_goa_pop_2023.dat 2 2031 F0 0 
Model_1_goa_pop_2023.dat 2 2031 Fabc 0.0996381
Model_1_goa_pop_2023.dat 2 2031 Fofl 0.119494
Model_1_goa_pop_2023.dat 2 2031  F_LCI 0.0996381
Model_1_goa_pop_2023.dat 2 2031  F_UCI 0.0996381
Model_1_goa_pop_2023.dat 2 2031  F_Median 0.0996381
Model_1_goa_pop_2023.dat 2 2031  F_Mean 0.0996381
Model_1_goa_pop_2023.dat 2 2032 F0 0 
Model_1_goa_pop_2023.dat 2 2032 Fabc 0.0996381
Model_1_goa_pop_2023.dat 2 2032 Fofl 0.119494
Model_1_goa_pop_2023.dat 2 2032  F_LCI 0.0996381
Model_1_goa_pop_2023.dat 2 2032  F_UCI 0.0996381
Model_1_goa_pop_2023.dat 2 2032  F_Median 0.0996381
Model_1_goa_pop_2023.dat 2 2032  F_Mean 0.0996381
Model_1_goa_pop_2023.dat 2 2033 F0 0 
Model_1_goa_pop_2023.dat 2 2033 Fabc 0.0996381
Model_1_goa_pop_2023.dat 2 2033 Fofl 0.119494
Model_1_goa_pop_2023.dat 2 2033  F_LCI 0.0996381
Model_1_goa_pop_2023.dat 2 2033  F_UCI 0.0996381
Model_1_goa_pop_2023.dat 2 2033  F_Median 0.0996381
Model_1_goa_pop_2023.dat 2 2033  F_Mean 0.0996381
Model_1_goa_pop_2023.dat 2 2034 F0 0 
Model_1_goa_pop_2023.dat 2 2034 Fabc 0.0996381
Model_1_goa_pop_2023.dat 2 2034 Fofl 0.119494
Model_1_goa_pop_2023.dat 2 2034  F_LCI 0.0996381
Model_1_goa_pop_2023.dat 2 2034  F_UCI 0.0996381
Model_1_goa_pop_2023.dat 2 2034  F_Median 0.0996381
Model_1_goa_pop_2023.dat 2 2034  F_Mean 0.0996284
Model_1_goa_pop_2023.dat 2 2035 F0 0 
Model_1_goa_pop_2023.dat 2 2035 Fabc 0.0996381
Model_1_goa_pop_2023.dat 2 2035 Fofl 0.119494
Model_1_goa_pop_2023.dat 2 2035  F_LCI 0.0992323
Model_1_goa_pop_2023.dat 2 2035  F_UCI 0.0996381
Model_1_goa_pop_2023.dat 2 2035  F_Median 0.0996381
Model_1_goa_pop_2023.dat 2 2035  F_Mean 0.0995097
Model_1_goa_pop_2023.dat 2 2036 F0 0 
Model_1_goa_pop_2023.dat 2 2036 Fabc 0.0996381
Model_1_goa_pop_2023.dat 2 2036 Fofl 0.119494
Model_1_goa_pop_2023.dat 2 2036  F_LCI 0.0968382
Model_1_goa_pop_2023.dat 2 2036  F_UCI 0.0996381
Model_1_goa_pop_2023.dat 2 2036  F_Median 0.0996381
Model_1_goa_pop_2023.dat 2 2036  F_Mean 0.0992557
Model_1_goa_pop_2023.dat 3 2023 Cabc 24.5073
Model_1_goa_pop_2023.dat 3 2023 Cofl 26.2307
Model_1_goa_pop_2023.dat 3 2023 CLCI 28.8122
Model_1_goa_pop_2023.dat 3 2023 CUCI 28.8122
Model_1_goa_pop_2023.dat 3 2023 CMedian 28.8122
Model_1_goa_pop_2023.dat 3 2023 CMean 28.8122
Model_1_goa_pop_2023.dat 3 2024 Cabc 24.5073
Model_1_goa_pop_2023.dat 3 2024 Cofl 26.2307
Model_1_goa_pop_2023.dat 3 2024 CLCI 29.106
Model_1_goa_pop_2023.dat 3 2024 CUCI 29.106
Model_1_goa_pop_2023.dat 3 2024 CMedian 29.106
Model_1_goa_pop_2023.dat 3 2024 CMean 29.106
Model_1_goa_pop_2023.dat 3 2025 Cabc 24.5073
Model_1_goa_pop_2023.dat 3 2025 Cofl 26.2307
Model_1_goa_pop_2023.dat 3 2025 CLCI 27.726
Model_1_goa_pop_2023.dat 3 2025 CUCI 27.726
Model_1_goa_pop_2023.dat 3 2025 CMedian 27.726
Model_1_goa_pop_2023.dat 3 2025 CMean 27.726
Model_1_goa_pop_2023.dat 3 2026 Cabc 24.5073
Model_1_goa_pop_2023.dat 3 2026 Cofl 26.2307
Model_1_goa_pop_2023.dat 3 2026 CLCI 17.524
Model_1_goa_pop_2023.dat 3 2026 CUCI 17.5758
Model_1_goa_pop_2023.dat 3 2026 CMedian 17.5407
Model_1_goa_pop_2023.dat 3 2026 CMean 17.5438
Model_1_goa_pop_2023.dat 3 2027 Cabc 24.5073
Model_1_goa_pop_2023.dat 3 2027 Cofl 26.2307
Model_1_goa_pop_2023.dat 3 2027 CLCI 17.2519
Model_1_goa_pop_2023.dat 3 2027 CUCI 17.4229
Model_1_goa_pop_2023.dat 3 2027 CMedian 17.3081
Model_1_goa_pop_2023.dat 3 2027 CMean 17.3179
Model_1_goa_pop_2023.dat 3 2028 Cabc 24.5073
Model_1_goa_pop_2023.dat 3 2028 Cofl 26.2307
Model_1_goa_pop_2023.dat 3 2028 CLCI 16.9365
Model_1_goa_pop_2023.dat 3 2028 CUCI 17.332
Model_1_goa_pop_2023.dat 3 2028 CMedian 17.0705
Model_1_goa_pop_2023.dat 3 2028 CMean 17.0904
Model_1_goa_pop_2023.dat 3 2029 Cabc 24.5073
Model_1_goa_pop_2023.dat 3 2029 Cofl 26.2307
Model_1_goa_pop_2023.dat 3 2029 CLCI 16.5661
Model_1_goa_pop_2023.dat 3 2029 CUCI 17.3112
Model_1_goa_pop_2023.dat 3 2029 CMedian 16.8313
Model_1_goa_pop_2023.dat 3 2029 CMean 16.8692
Model_1_goa_pop_2023.dat 3 2030 Cabc 24.5073
Model_1_goa_pop_2023.dat 3 2030 Cofl 26.2307
Model_1_goa_pop_2023.dat 3 2030 CLCI 16.1891
Model_1_goa_pop_2023.dat 3 2030 CUCI 17.4003
Model_1_goa_pop_2023.dat 3 2030 CMedian 16.6124
Model_1_goa_pop_2023.dat 3 2030 CMean 16.6802
Model_1_goa_pop_2023.dat 3 2031 Cabc 24.5073
Model_1_goa_pop_2023.dat 3 2031 Cofl 26.2307
Model_1_goa_pop_2023.dat 3 2031 CLCI 15.796
Model_1_goa_pop_2023.dat 3 2031 CUCI 17.5651
Model_1_goa_pop_2023.dat 3 2031 CMedian 16.4273
Model_1_goa_pop_2023.dat 3 2031 CMean 16.5274
Model_1_goa_pop_2023.dat 3 2032 Cabc 24.5073
Model_1_goa_pop_2023.dat 3 2032 Cofl 26.2307
Model_1_goa_pop_2023.dat 3 2032 CLCI 15.409
Model_1_goa_pop_2023.dat 3 2032 CUCI 17.7972
Model_1_goa_pop_2023.dat 3 2032 CMedian 16.3222
Model_1_goa_pop_2023.dat 3 2032 CMean 16.4241
Model_1_goa_pop_2023.dat 3 2033 Cabc 24.5073
Model_1_goa_pop_2023.dat 3 2033 Cofl 26.2307
Model_1_goa_pop_2023.dat 3 2033 CLCI 15.0879
Model_1_goa_pop_2023.dat 3 2033 CUCI 18.0237
Model_1_goa_pop_2023.dat 3 2033 CMedian 16.2698
Model_1_goa_pop_2023.dat 3 2033 CMean 16.3629
Model_1_goa_pop_2023.dat 3 2034 Cabc 24.5073
Model_1_goa_pop_2023.dat 3 2034 Cofl 26.2307
Model_1_goa_pop_2023.dat 3 2034 CLCI 14.7982
Model_1_goa_pop_2023.dat 3 2034 CUCI 18.3725
Model_1_goa_pop_2023.dat 3 2034 CMedian 16.2168
Model_1_goa_pop_2023.dat 3 2034 CMean 16.3455
Model_1_goa_pop_2023.dat 3 2035 Cabc 24.5073
Model_1_goa_pop_2023.dat 3 2035 Cofl 26.2307
Model_1_goa_pop_2023.dat 3 2035 CLCI 14.5298
Model_1_goa_pop_2023.dat 3 2035 CUCI 18.667
Model_1_goa_pop_2023.dat 3 2035 CMedian 16.2157
Model_1_goa_pop_2023.dat 3 2035 CMean 16.3623
Model_1_goa_pop_2023.dat 3 2036 Cabc 24.5073
Model_1_goa_pop_2023.dat 3 2036 Cofl 26.2307
Model_1_goa_pop_2023.dat 3 2036 CLCI 14.3696
Model_1_goa_pop_2023.dat 3 2036 CUCI 18.9541
Model_1_goa_pop_2023.dat 3 2036 CMedian 16.2115
Model_1_goa_pop_2023.dat 3 2036 CMean 16.4134
Model_1_goa_pop_2023.dat 3 2023 SSBF100 330.118
Model_1_goa_pop_2023.dat 3 2023 SSBFabc 132.047
Model_1_goa_pop_2023.dat 3 2023 SSBFofl 115.541
Model_1_goa_pop_2023.dat 3 2023 SSBLCI 217.879
Model_1_goa_pop_2023.dat 3 2023 SSBUCI 217.879
Model_1_goa_pop_2023.dat 3 2023 SSBMedian 217.879
Model_1_goa_pop_2023.dat 3 2023 SSBMean 217.879
Model_1_goa_pop_2023.dat 3 2024 SSBF100 330.118
Model_1_goa_pop_2023.dat 3 2024 SSBFabc 132.047
Model_1_goa_pop_2023.dat 3 2024 SSBFofl 115.541
Model_1_goa_pop_2023.dat 3 2024 SSBLCI 211.893
Model_1_goa_pop_2023.dat 3 2024 SSBUCI 211.921
Model_1_goa_pop_2023.dat 3 2024 SSBMedian 211.901
Model_1_goa_pop_2023.dat 3 2024 SSBMean 211.903
Model_1_goa_pop_2023.dat 3 2025 SSBF100 330.118
Model_1_goa_pop_2023.dat 3 2025 SSBFabc 132.047
Model_1_goa_pop_2023.dat 3 2025 SSBFofl 115.541
Model_1_goa_pop_2023.dat 3 2025 SSBLCI 206.307
Model_1_goa_pop_2023.dat 3 2025 SSBUCI 206.423
Model_1_goa_pop_2023.dat 3 2025 SSBMedian 206.346
Model_1_goa_pop_2023.dat 3 2025 SSBMean 206.352
Model_1_goa_pop_2023.dat 3 2026 SSBF100 330.118
Model_1_goa_pop_2023.dat 3 2026 SSBFabc 132.047
Model_1_goa_pop_2023.dat 3 2026 SSBFofl 115.541
Model_1_goa_pop_2023.dat 3 2026 SSBLCI 202.661
Model_1_goa_pop_2023.dat 3 2026 SSBUCI 203.02
Model_1_goa_pop_2023.dat 3 2026 SSBMedian 202.779
Model_1_goa_pop_2023.dat 3 2026 SSBMean 202.799
Model_1_goa_pop_2023.dat 3 2027 SSBF100 330.118
Model_1_goa_pop_2023.dat 3 2027 SSBFabc 132.047
Model_1_goa_pop_2023.dat 3 2027 SSBFofl 115.541
Model_1_goa_pop_2023.dat 3 2027 SSBLCI 201.338
Model_1_goa_pop_2023.dat 3 2027 SSBUCI 202.255
Model_1_goa_pop_2023.dat 3 2027 SSBMedian 201.641
Model_1_goa_pop_2023.dat 3 2027 SSBMean 201.693
Model_1_goa_pop_2023.dat 3 2028 SSBF100 330.118
Model_1_goa_pop_2023.dat 3 2028 SSBFabc 132.047
Model_1_goa_pop_2023.dat 3 2028 SSBFofl 115.541
Model_1_goa_pop_2023.dat 3 2028 SSBLCI 198.92
Model_1_goa_pop_2023.dat 3 2028 SSBUCI 201.057
Model_1_goa_pop_2023.dat 3 2028 SSBMedian 199.645
Model_1_goa_pop_2023.dat 3 2028 SSBMean 199.761
Model_1_goa_pop_2023.dat 3 2029 SSBF100 330.118
Model_1_goa_pop_2023.dat 3 2029 SSBFabc 132.047
Model_1_goa_pop_2023.dat 3 2029 SSBFofl 115.541
Model_1_goa_pop_2023.dat 3 2029 SSBLCI 195.44
Model_1_goa_pop_2023.dat 3 2029 SSBUCI 199.905
Model_1_goa_pop_2023.dat 3 2029 SSBMedian 196.973
Model_1_goa_pop_2023.dat 3 2029 SSBMean 197.198
Model_1_goa_pop_2023.dat 3 2030 SSBF100 330.118
Model_1_goa_pop_2023.dat 3 2030 SSBFabc 132.047
Model_1_goa_pop_2023.dat 3 2030 SSBFofl 115.541
Model_1_goa_pop_2023.dat 3 2030 SSBLCI 191.189
Model_1_goa_pop_2023.dat 3 2030 SSBUCI 199.467
Model_1_goa_pop_2023.dat 3 2030 SSBMedian 194.112
Model_1_goa_pop_2023.dat 3 2030 SSBMean 194.558
Model_1_goa_pop_2023.dat 3 2031 SSBF100 330.118
Model_1_goa_pop_2023.dat 3 2031 SSBFabc 132.047
Model_1_goa_pop_2023.dat 3 2031 SSBFofl 115.541
Model_1_goa_pop_2023.dat 3 2031 SSBLCI 186.7
Model_1_goa_pop_2023.dat 3 2031 SSBUCI 200.992
Model_1_goa_pop_2023.dat 3 2031 SSBMedian 191.66
Model_1_goa_pop_2023.dat 3 2031 SSBMean 192.426
Model_1_goa_pop_2023.dat 3 2032 SSBF100 330.118
Model_1_goa_pop_2023.dat 3 2032 SSBFabc 132.047
Model_1_goa_pop_2023.dat 3 2032 SSBFofl 115.541
Model_1_goa_pop_2023.dat 3 2032 SSBLCI 182.441
Model_1_goa_pop_2023.dat 3 2032 SSBUCI 203.397
Model_1_goa_pop_2023.dat 3 2032 SSBMedian 189.807
Model_1_goa_pop_2023.dat 3 2032 SSBMean 191.06
Model_1_goa_pop_2023.dat 3 2033 SSBF100 330.118
Model_1_goa_pop_2023.dat 3 2033 SSBFabc 132.047
Model_1_goa_pop_2023.dat 3 2033 SSBFofl 115.541
Model_1_goa_pop_2023.dat 3 2033 SSBLCI 178.615
Model_1_goa_pop_2023.dat 3 2033 SSBUCI 206.662
Model_1_goa_pop_2023.dat 3 2033 SSBMedian 189.212
Model_1_goa_pop_2023.dat 3 2033 SSBMean 190.454
Model_1_goa_pop_2023.dat 3 2034 SSBF100 330.118
Model_1_goa_pop_2023.dat 3 2034 SSBFabc 132.047
Model_1_goa_pop_2023.dat 3 2034 SSBFofl 115.541
Model_1_goa_pop_2023.dat 3 2034 SSBLCI 175.433
Model_1_goa_pop_2023.dat 3 2034 SSBUCI 210.247
Model_1_goa_pop_2023.dat 3 2034 SSBMedian 189.142
Model_1_goa_pop_2023.dat 3 2034 SSBMean 190.404
Model_1_goa_pop_2023.dat 3 2035 SSBF100 330.118
Model_1_goa_pop_2023.dat 3 2035 SSBFabc 132.047
Model_1_goa_pop_2023.dat 3 2035 SSBFofl 115.541
Model_1_goa_pop_2023.dat 3 2035 SSBLCI 172.941
Model_1_goa_pop_2023.dat 3 2035 SSBUCI 213.918
Model_1_goa_pop_2023.dat 3 2035 SSBMedian 189.157
Model_1_goa_pop_2023.dat 3 2035 SSBMean 190.722
Model_1_goa_pop_2023.dat 3 2036 SSBF100 330.118
Model_1_goa_pop_2023.dat 3 2036 SSBFabc 132.047
Model_1_goa_pop_2023.dat 3 2036 SSBFofl 115.541
Model_1_goa_pop_2023.dat 3 2036 SSBLCI 171.156
Model_1_goa_pop_2023.dat 3 2036 SSBUCI 216.94
Model_1_goa_pop_2023.dat 3 2036 SSBMedian 189.494
Model_1_goa_pop_2023.dat 3 2036 SSBMean 191.234
Model_1_goa_pop_2023.dat 3 2023 F0 0 
Model_1_goa_pop_2023.dat 3 2023 Fabc 0.0996381
Model_1_goa_pop_2023.dat 3 2023 Fofl 0.119494
Model_1_goa_pop_2023.dat 3 2023  F_LCI 0.0750682
Model_1_goa_pop_2023.dat 3 2023  F_UCI 0.0750682
Model_1_goa_pop_2023.dat 3 2023  F_Median 0.0750682
Model_1_goa_pop_2023.dat 3 2023  F_Mean 0.0750682
Model_1_goa_pop_2023.dat 3 2024 F0 0 
Model_1_goa_pop_2023.dat 3 2024 Fabc 0.0996381
Model_1_goa_pop_2023.dat 3 2024 Fofl 0.119494
Model_1_goa_pop_2023.dat 3 2024  F_LCI 0.0782672
Model_1_goa_pop_2023.dat 3 2024  F_UCI 0.0782688
Model_1_goa_pop_2023.dat 3 2024  F_Median 0.0782683
Model_1_goa_pop_2023.dat 3 2024  F_Mean 0.0782682
Model_1_goa_pop_2023.dat 3 2025 F0 0 
Model_1_goa_pop_2023.dat 3 2025 Fabc 0.0996381
Model_1_goa_pop_2023.dat 3 2025 Fofl 0.119494
Model_1_goa_pop_2023.dat 3 2025  F_LCI 0.0769749
Model_1_goa_pop_2023.dat 3 2025  F_UCI 0.0770138
Model_1_goa_pop_2023.dat 3 2025  F_Median 0.0770025
Model_1_goa_pop_2023.dat 3 2025  F_Mean 0.0769998
Model_1_goa_pop_2023.dat 3 2026 F0 0 
Model_1_goa_pop_2023.dat 3 2026 Fabc 0.0996381
Model_1_goa_pop_2023.dat 3 2026 Fofl 0.119494
Model_1_goa_pop_2023.dat 3 2026  F_LCI 0.049819
Model_1_goa_pop_2023.dat 3 2026  F_UCI 0.049819
Model_1_goa_pop_2023.dat 3 2026  F_Median 0.049819
Model_1_goa_pop_2023.dat 3 2026  F_Mean 0.049819
Model_1_goa_pop_2023.dat 3 2027 F0 0 
Model_1_goa_pop_2023.dat 3 2027 Fabc 0.0996381
Model_1_goa_pop_2023.dat 3 2027 Fofl 0.119494
Model_1_goa_pop_2023.dat 3 2027  F_LCI 0.049819
Model_1_goa_pop_2023.dat 3 2027  F_UCI 0.049819
Model_1_goa_pop_2023.dat 3 2027  F_Median 0.049819
Model_1_goa_pop_2023.dat 3 2027  F_Mean 0.049819
Model_1_goa_pop_2023.dat 3 2028 F0 0 
Model_1_goa_pop_2023.dat 3 2028 Fabc 0.0996381
Model_1_goa_pop_2023.dat 3 2028 Fofl 0.119494
Model_1_goa_pop_2023.dat 3 2028  F_LCI 0.049819
Model_1_goa_pop_2023.dat 3 2028  F_UCI 0.049819
Model_1_goa_pop_2023.dat 3 2028  F_Median 0.049819
Model_1_goa_pop_2023.dat 3 2028  F_Mean 0.049819
Model_1_goa_pop_2023.dat 3 2029 F0 0 
Model_1_goa_pop_2023.dat 3 2029 Fabc 0.0996381
Model_1_goa_pop_2023.dat 3 2029 Fofl 0.119494
Model_1_goa_pop_2023.dat 3 2029  F_LCI 0.049819
Model_1_goa_pop_2023.dat 3 2029  F_UCI 0.049819
Model_1_goa_pop_2023.dat 3 2029  F_Median 0.049819
Model_1_goa_pop_2023.dat 3 2029  F_Mean 0.049819
Model_1_goa_pop_2023.dat 3 2030 F0 0 
Model_1_goa_pop_2023.dat 3 2030 Fabc 0.0996381
Model_1_goa_pop_2023.dat 3 2030 Fofl 0.119494
Model_1_goa_pop_2023.dat 3 2030  F_LCI 0.049819
Model_1_goa_pop_2023.dat 3 2030  F_UCI 0.049819
Model_1_goa_pop_2023.dat 3 2030  F_Median 0.049819
Model_1_goa_pop_2023.dat 3 2030  F_Mean 0.049819
Model_1_goa_pop_2023.dat 3 2031 F0 0 
Model_1_goa_pop_2023.dat 3 2031 Fabc 0.0996381
Model_1_goa_pop_2023.dat 3 2031 Fofl 0.119494
Model_1_goa_pop_2023.dat 3 2031  F_LCI 0.049819
Model_1_goa_pop_2023.dat 3 2031  F_UCI 0.049819
Model_1_goa_pop_2023.dat 3 2031  F_Median 0.049819
Model_1_goa_pop_2023.dat 3 2031  F_Mean 0.049819
Model_1_goa_pop_2023.dat 3 2032 F0 0 
Model_1_goa_pop_2023.dat 3 2032 Fabc 0.0996381
Model_1_goa_pop_2023.dat 3 2032 Fofl 0.119494
Model_1_goa_pop_2023.dat 3 2032  F_LCI 0.049819
Model_1_goa_pop_2023.dat 3 2032  F_UCI 0.049819
Model_1_goa_pop_2023.dat 3 2032  F_Median 0.049819
Model_1_goa_pop_2023.dat 3 2032  F_Mean 0.049819
Model_1_goa_pop_2023.dat 3 2033 F0 0 
Model_1_goa_pop_2023.dat 3 2033 Fabc 0.0996381
Model_1_goa_pop_2023.dat 3 2033 Fofl 0.119494
Model_1_goa_pop_2023.dat 3 2033  F_LCI 0.049819
Model_1_goa_pop_2023.dat 3 2033  F_UCI 0.049819
Model_1_goa_pop_2023.dat 3 2033  F_Median 0.049819
Model_1_goa_pop_2023.dat 3 2033  F_Mean 0.049819
Model_1_goa_pop_2023.dat 3 2034 F0 0 
Model_1_goa_pop_2023.dat 3 2034 Fabc 0.0996381
Model_1_goa_pop_2023.dat 3 2034 Fofl 0.119494
Model_1_goa_pop_2023.dat 3 2034  F_LCI 0.049819
Model_1_goa_pop_2023.dat 3 2034  F_UCI 0.049819
Model_1_goa_pop_2023.dat 3 2034  F_Median 0.049819
Model_1_goa_pop_2023.dat 3 2034  F_Mean 0.049819
Model_1_goa_pop_2023.dat 3 2035 F0 0 
Model_1_goa_pop_2023.dat 3 2035 Fabc 0.0996381
Model_1_goa_pop_2023.dat 3 2035 Fofl 0.119494
Model_1_goa_pop_2023.dat 3 2035  F_LCI 0.049819
Model_1_goa_pop_2023.dat 3 2035  F_UCI 0.049819
Model_1_goa_pop_2023.dat 3 2035  F_Median 0.049819
Model_1_goa_pop_2023.dat 3 2035  F_Mean 0.049819
Model_1_goa_pop_2023.dat 3 2036 F0 0 
Model_1_goa_pop_2023.dat 3 2036 Fabc 0.0996381
Model_1_goa_pop_2023.dat 3 2036 Fofl 0.119494
Model_1_goa_pop_2023.dat 3 2036  F_LCI 0.049819
Model_1_goa_pop_2023.dat 3 2036  F_UCI 0.049819
Model_1_goa_pop_2023.dat 3 2036  F_Median 0.049819
Model_1_goa_pop_2023.dat 3 2036  F_Mean 0.049819
Model_1_goa_pop_2023.dat 4 2023 Cabc 24.5073
Model_1_goa_pop_2023.dat 4 2023 Cofl 26.2307
Model_1_goa_pop_2023.dat 4 2023 CLCI 28.8122
Model_1_goa_pop_2023.dat 4 2023 CUCI 28.8122
Model_1_goa_pop_2023.dat 4 2023 CMedian 28.8122
Model_1_goa_pop_2023.dat 4 2023 CMean 28.8122
Model_1_goa_pop_2023.dat 4 2024 Cabc 24.5073
Model_1_goa_pop_2023.dat 4 2024 Cofl 26.2307
Model_1_goa_pop_2023.dat 4 2024 CLCI 29.106
Model_1_goa_pop_2023.dat 4 2024 CUCI 29.106
Model_1_goa_pop_2023.dat 4 2024 CMedian 29.106
Model_1_goa_pop_2023.dat 4 2024 CMean 29.106
Model_1_goa_pop_2023.dat 4 2025 Cabc 24.5073
Model_1_goa_pop_2023.dat 4 2025 Cofl 26.2307
Model_1_goa_pop_2023.dat 4 2025 CLCI 27.726
Model_1_goa_pop_2023.dat 4 2025 CUCI 27.726
Model_1_goa_pop_2023.dat 4 2025 CMedian 27.726
Model_1_goa_pop_2023.dat 4 2025 CMean 27.726
Model_1_goa_pop_2023.dat 4 2026 Cabc 24.5073
Model_1_goa_pop_2023.dat 4 2026 Cofl 26.2307
Model_1_goa_pop_2023.dat 4 2026 CLCI 23.7881
Model_1_goa_pop_2023.dat 4 2026 CUCI 23.8588
Model_1_goa_pop_2023.dat 4 2026 CMedian 23.8109
Model_1_goa_pop_2023.dat 4 2026 CMean 23.8151
Model_1_goa_pop_2023.dat 4 2027 Cabc 24.5073
Model_1_goa_pop_2023.dat 4 2027 Cofl 26.2307
Model_1_goa_pop_2023.dat 4 2027 CLCI 23.1008
Model_1_goa_pop_2023.dat 4 2027 CUCI 23.3341
Model_1_goa_pop_2023.dat 4 2027 CMedian 23.1774
Model_1_goa_pop_2023.dat 4 2027 CMean 23.1907
Model_1_goa_pop_2023.dat 4 2028 Cabc 24.5073
Model_1_goa_pop_2023.dat 4 2028 Cofl 26.2307
Model_1_goa_pop_2023.dat 4 2028 CLCI 22.3829
Model_1_goa_pop_2023.dat 4 2028 CUCI 22.9216
Model_1_goa_pop_2023.dat 4 2028 CMedian 22.5654
Model_1_goa_pop_2023.dat 4 2028 CMean 22.5925
Model_1_goa_pop_2023.dat 4 2029 Cabc 24.5073
Model_1_goa_pop_2023.dat 4 2029 Cofl 26.2307
Model_1_goa_pop_2023.dat 4 2029 CLCI 21.6214
Model_1_goa_pop_2023.dat 4 2029 CUCI 22.6332
Model_1_goa_pop_2023.dat 4 2029 CMedian 21.9818
Model_1_goa_pop_2023.dat 4 2029 CMean 22.0335
Model_1_goa_pop_2023.dat 4 2030 Cabc 24.5073
Model_1_goa_pop_2023.dat 4 2030 Cofl 26.2307
Model_1_goa_pop_2023.dat 4 2030 CLCI 20.8864
Model_1_goa_pop_2023.dat 4 2030 CUCI 22.5201
Model_1_goa_pop_2023.dat 4 2030 CMedian 21.4579
Model_1_goa_pop_2023.dat 4 2030 CMean 21.5495
Model_1_goa_pop_2023.dat 4 2031 Cabc 24.5073
Model_1_goa_pop_2023.dat 4 2031 Cofl 26.2307
Model_1_goa_pop_2023.dat 4 2031 CLCI 20.1609
Model_1_goa_pop_2023.dat 4 2031 CUCI 22.5394
Model_1_goa_pop_2023.dat 4 2031 CMedian 21.0102
Model_1_goa_pop_2023.dat 4 2031 CMean 21.1458
Model_1_goa_pop_2023.dat 4 2032 Cabc 24.5073
Model_1_goa_pop_2023.dat 4 2032 Cofl 26.2307
Model_1_goa_pop_2023.dat 4 2032 CLCI 19.4852
Model_1_goa_pop_2023.dat 4 2032 CUCI 22.6658
Model_1_goa_pop_2023.dat 4 2032 CMedian 20.7016
Model_1_goa_pop_2023.dat 4 2032 CMean 20.838
Model_1_goa_pop_2023.dat 4 2033 Cabc 24.5073
Model_1_goa_pop_2023.dat 4 2033 Cofl 26.2307
Model_1_goa_pop_2023.dat 4 2033 CLCI 18.9304
Model_1_goa_pop_2023.dat 4 2033 CUCI 22.8461
Model_1_goa_pop_2023.dat 4 2033 CMedian 20.4909
Model_1_goa_pop_2023.dat 4 2033 CMean 20.6128
Model_1_goa_pop_2023.dat 4 2034 Cabc 24.5073
Model_1_goa_pop_2023.dat 4 2034 Cofl 26.2307
Model_1_goa_pop_2023.dat 4 2034 CLCI 18.4367
Model_1_goa_pop_2023.dat 4 2034 CUCI 23.181
Model_1_goa_pop_2023.dat 4 2034 CMedian 20.3085
Model_1_goa_pop_2023.dat 4 2034 CMean 20.4682
Model_1_goa_pop_2023.dat 4 2035 Cabc 24.5073
Model_1_goa_pop_2023.dat 4 2035 Cofl 26.2307
Model_1_goa_pop_2023.dat 4 2035 CLCI 17.9927
Model_1_goa_pop_2023.dat 4 2035 CUCI 23.4145
Model_1_goa_pop_2023.dat 4 2035 CMedian 20.1988
Model_1_goa_pop_2023.dat 4 2035 CMean 20.3872
Model_1_goa_pop_2023.dat 4 2036 Cabc 24.5073
Model_1_goa_pop_2023.dat 4 2036 Cofl 26.2307
Model_1_goa_pop_2023.dat 4 2036 CLCI 17.6955
Model_1_goa_pop_2023.dat 4 2036 CUCI 23.5829
Model_1_goa_pop_2023.dat 4 2036 CMedian 20.0951
Model_1_goa_pop_2023.dat 4 2036 CMean 20.3648
Model_1_goa_pop_2023.dat 4 2023 SSBF100 330.118
Model_1_goa_pop_2023.dat 4 2023 SSBFabc 132.047
Model_1_goa_pop_2023.dat 4 2023 SSBFofl 115.541
Model_1_goa_pop_2023.dat 4 2023 SSBLCI 217.879
Model_1_goa_pop_2023.dat 4 2023 SSBUCI 217.879
Model_1_goa_pop_2023.dat 4 2023 SSBMedian 217.879
Model_1_goa_pop_2023.dat 4 2023 SSBMean 217.879
Model_1_goa_pop_2023.dat 4 2024 SSBF100 330.118
Model_1_goa_pop_2023.dat 4 2024 SSBFabc 132.047
Model_1_goa_pop_2023.dat 4 2024 SSBFofl 115.541
Model_1_goa_pop_2023.dat 4 2024 SSBLCI 211.893
Model_1_goa_pop_2023.dat 4 2024 SSBUCI 211.921
Model_1_goa_pop_2023.dat 4 2024 SSBMedian 211.901
Model_1_goa_pop_2023.dat 4 2024 SSBMean 211.903
Model_1_goa_pop_2023.dat 4 2025 SSBF100 330.118
Model_1_goa_pop_2023.dat 4 2025 SSBFabc 132.047
Model_1_goa_pop_2023.dat 4 2025 SSBFofl 115.541
Model_1_goa_pop_2023.dat 4 2025 SSBLCI 206.307
Model_1_goa_pop_2023.dat 4 2025 SSBUCI 206.423
Model_1_goa_pop_2023.dat 4 2025 SSBMedian 206.346
Model_1_goa_pop_2023.dat 4 2025 SSBMean 206.352
Model_1_goa_pop_2023.dat 4 2026 SSBF100 330.118
Model_1_goa_pop_2023.dat 4 2026 SSBFabc 132.047
Model_1_goa_pop_2023.dat 4 2026 SSBFofl 115.541
Model_1_goa_pop_2023.dat 4 2026 SSBLCI 201.729
Model_1_goa_pop_2023.dat 4 2026 SSBUCI 202.087
Model_1_goa_pop_2023.dat 4 2026 SSBMedian 201.846
Model_1_goa_pop_2023.dat 4 2026 SSBMean 201.866
Model_1_goa_pop_2023.dat 4 2027 SSBF100 330.118
Model_1_goa_pop_2023.dat 4 2027 SSBFabc 132.047
Model_1_goa_pop_2023.dat 4 2027 SSBFofl 115.541
Model_1_goa_pop_2023.dat 4 2027 SSBLCI 197.737
Model_1_goa_pop_2023.dat 4 2027 SSBUCI 198.654
Model_1_goa_pop_2023.dat 4 2027 SSBMedian 198.04
Model_1_goa_pop_2023.dat 4 2027 SSBMean 198.092
Model_1_goa_pop_2023.dat 4 2028 SSBF100 330.118
Model_1_goa_pop_2023.dat 4 2028 SSBFabc 132.047
Model_1_goa_pop_2023.dat 4 2028 SSBFofl 115.541
Model_1_goa_pop_2023.dat 4 2028 SSBLCI 192.839
Model_1_goa_pop_2023.dat 4 2028 SSBUCI 194.969
Model_1_goa_pop_2023.dat 4 2028 SSBMedian 193.561
Model_1_goa_pop_2023.dat 4 2028 SSBMean 193.677
Model_1_goa_pop_2023.dat 4 2029 SSBF100 330.118
Model_1_goa_pop_2023.dat 4 2029 SSBFabc 132.047
Model_1_goa_pop_2023.dat 4 2029 SSBFofl 115.541
Model_1_goa_pop_2023.dat 4 2029 SSBLCI 187.108
Model_1_goa_pop_2023.dat 4 2029 SSBUCI 191.541
Model_1_goa_pop_2023.dat 4 2029 SSBMedian 188.629
Model_1_goa_pop_2023.dat 4 2029 SSBMean 188.854
Model_1_goa_pop_2023.dat 4 2030 SSBF100 330.118
Model_1_goa_pop_2023.dat 4 2030 SSBFabc 132.047
Model_1_goa_pop_2023.dat 4 2030 SSBFofl 115.541
Model_1_goa_pop_2023.dat 4 2030 SSBLCI 180.86
Model_1_goa_pop_2023.dat 4 2030 SSBUCI 189.057
Model_1_goa_pop_2023.dat 4 2030 SSBMedian 183.754
Model_1_goa_pop_2023.dat 4 2030 SSBMean 184.197
Model_1_goa_pop_2023.dat 4 2031 SSBF100 330.118
Model_1_goa_pop_2023.dat 4 2031 SSBFabc 132.047
Model_1_goa_pop_2023.dat 4 2031 SSBFofl 115.541
Model_1_goa_pop_2023.dat 4 2031 SSBLCI 174.639
Model_1_goa_pop_2023.dat 4 2031 SSBUCI 188.675
Model_1_goa_pop_2023.dat 4 2031 SSBMedian 179.529
Model_1_goa_pop_2023.dat 4 2031 SSBMean 180.281
Model_1_goa_pop_2023.dat 4 2032 SSBF100 330.118
Model_1_goa_pop_2023.dat 4 2032 SSBFabc 132.047
Model_1_goa_pop_2023.dat 4 2032 SSBFofl 115.541
Model_1_goa_pop_2023.dat 4 2032 SSBLCI 168.911
Model_1_goa_pop_2023.dat 4 2032 SSBUCI 189.346
Model_1_goa_pop_2023.dat 4 2032 SSBMedian 176.132
Model_1_goa_pop_2023.dat 4 2032 SSBMean 177.338
Model_1_goa_pop_2023.dat 4 2033 SSBF100 330.118
Model_1_goa_pop_2023.dat 4 2033 SSBFabc 132.047
Model_1_goa_pop_2023.dat 4 2033 SSBFofl 115.541
Model_1_goa_pop_2023.dat 4 2033 SSBLCI 163.764
Model_1_goa_pop_2023.dat 4 2033 SSBUCI 190.968
Model_1_goa_pop_2023.dat 4 2033 SSBMedian 174.093
Model_1_goa_pop_2023.dat 4 2033 SSBMean 175.327
Model_1_goa_pop_2023.dat 4 2034 SSBF100 330.118
Model_1_goa_pop_2023.dat 4 2034 SSBFabc 132.047
Model_1_goa_pop_2023.dat 4 2034 SSBFofl 115.541
Model_1_goa_pop_2023.dat 4 2034 SSBLCI 159.729
Model_1_goa_pop_2023.dat 4 2034 SSBUCI 193.056
Model_1_goa_pop_2023.dat 4 2034 SSBMedian 172.807
Model_1_goa_pop_2023.dat 4 2034 SSBMean 174.016
Model_1_goa_pop_2023.dat 4 2035 SSBF100 330.118
Model_1_goa_pop_2023.dat 4 2035 SSBFabc 132.047
Model_1_goa_pop_2023.dat 4 2035 SSBFofl 115.541
Model_1_goa_pop_2023.dat 4 2035 SSBLCI 156.112
Model_1_goa_pop_2023.dat 4 2035 SSBUCI 195.185
Model_1_goa_pop_2023.dat 4 2035 SSBMedian 171.711
Model_1_goa_pop_2023.dat 4 2035 SSBMean 173.195
Model_1_goa_pop_2023.dat 4 2036 SSBF100 330.118
Model_1_goa_pop_2023.dat 4 2036 SSBFabc 132.047
Model_1_goa_pop_2023.dat 4 2036 SSBFofl 115.541
Model_1_goa_pop_2023.dat 4 2036 SSBLCI 153.445
Model_1_goa_pop_2023.dat 4 2036 SSBUCI 196.929
Model_1_goa_pop_2023.dat 4 2036 SSBMedian 170.791
Model_1_goa_pop_2023.dat 4 2036 SSBMean 172.675
Model_1_goa_pop_2023.dat 4 2023 F0 0 
Model_1_goa_pop_2023.dat 4 2023 Fabc 0.0996381
Model_1_goa_pop_2023.dat 4 2023 Fofl 0.119494
Model_1_goa_pop_2023.dat 4 2023  F_LCI 0.0750682
Model_1_goa_pop_2023.dat 4 2023  F_UCI 0.0750682
Model_1_goa_pop_2023.dat 4 2023  F_Median 0.0750682
Model_1_goa_pop_2023.dat 4 2023  F_Mean 0.0750682
Model_1_goa_pop_2023.dat 4 2024 F0 0 
Model_1_goa_pop_2023.dat 4 2024 Fabc 0.0996381
Model_1_goa_pop_2023.dat 4 2024 Fofl 0.119494
Model_1_goa_pop_2023.dat 4 2024  F_LCI 0.0782672
Model_1_goa_pop_2023.dat 4 2024  F_UCI 0.0782688
Model_1_goa_pop_2023.dat 4 2024  F_Median 0.0782683
Model_1_goa_pop_2023.dat 4 2024  F_Mean 0.0782682
Model_1_goa_pop_2023.dat 4 2025 F0 0 
Model_1_goa_pop_2023.dat 4 2025 Fabc 0.0996381
Model_1_goa_pop_2023.dat 4 2025 Fofl 0.119494
Model_1_goa_pop_2023.dat 4 2025  F_LCI 0.0769749
Model_1_goa_pop_2023.dat 4 2025  F_UCI 0.0770138
Model_1_goa_pop_2023.dat 4 2025  F_Median 0.0770025
Model_1_goa_pop_2023.dat 4 2025  F_Mean 0.0769998
Model_1_goa_pop_2023.dat 4 2026 F0 0 
Model_1_goa_pop_2023.dat 4 2026 Fabc 0.0996381
Model_1_goa_pop_2023.dat 4 2026 Fofl 0.119494
Model_1_goa_pop_2023.dat 4 2026  F_LCI 0.0680981
Model_1_goa_pop_2023.dat 4 2026  F_UCI 0.0680981
Model_1_goa_pop_2023.dat 4 2026  F_Median 0.0680981
Model_1_goa_pop_2023.dat 4 2026  F_Mean 0.0680981
Model_1_goa_pop_2023.dat 4 2027 F0 0 
Model_1_goa_pop_2023.dat 4 2027 Fabc 0.0996381
Model_1_goa_pop_2023.dat 4 2027 Fofl 0.119494
Model_1_goa_pop_2023.dat 4 2027  F_LCI 0.0680981
Model_1_goa_pop_2023.dat 4 2027  F_UCI 0.0680981
Model_1_goa_pop_2023.dat 4 2027  F_Median 0.0680981
Model_1_goa_pop_2023.dat 4 2027  F_Mean 0.0680981
Model_1_goa_pop_2023.dat 4 2028 F0 0 
Model_1_goa_pop_2023.dat 4 2028 Fabc 0.0996381
Model_1_goa_pop_2023.dat 4 2028 Fofl 0.119494
Model_1_goa_pop_2023.dat 4 2028  F_LCI 0.0680981
Model_1_goa_pop_2023.dat 4 2028  F_UCI 0.0680981
Model_1_goa_pop_2023.dat 4 2028  F_Median 0.0680981
Model_1_goa_pop_2023.dat 4 2028  F_Mean 0.0680981
Model_1_goa_pop_2023.dat 4 2029 F0 0 
Model_1_goa_pop_2023.dat 4 2029 Fabc 0.0996381
Model_1_goa_pop_2023.dat 4 2029 Fofl 0.119494
Model_1_goa_pop_2023.dat 4 2029  F_LCI 0.0680981
Model_1_goa_pop_2023.dat 4 2029  F_UCI 0.0680981
Model_1_goa_pop_2023.dat 4 2029  F_Median 0.0680981
Model_1_goa_pop_2023.dat 4 2029  F_Mean 0.0680981
Model_1_goa_pop_2023.dat 4 2030 F0 0 
Model_1_goa_pop_2023.dat 4 2030 Fabc 0.0996381
Model_1_goa_pop_2023.dat 4 2030 Fofl 0.119494
Model_1_goa_pop_2023.dat 4 2030  F_LCI 0.0680981
Model_1_goa_pop_2023.dat 4 2030  F_UCI 0.0680981
Model_1_goa_pop_2023.dat 4 2030  F_Median 0.0680981
Model_1_goa_pop_2023.dat 4 2030  F_Mean 0.0680981
Model_1_goa_pop_2023.dat 4 2031 F0 0 
Model_1_goa_pop_2023.dat 4 2031 Fabc 0.0996381
Model_1_goa_pop_2023.dat 4 2031 Fofl 0.119494
Model_1_goa_pop_2023.dat 4 2031  F_LCI 0.0680981
Model_1_goa_pop_2023.dat 4 2031  F_UCI 0.0680981
Model_1_goa_pop_2023.dat 4 2031  F_Median 0.0680981
Model_1_goa_pop_2023.dat 4 2031  F_Mean 0.0680981
Model_1_goa_pop_2023.dat 4 2032 F0 0 
Model_1_goa_pop_2023.dat 4 2032 Fabc 0.0996381
Model_1_goa_pop_2023.dat 4 2032 Fofl 0.119494
Model_1_goa_pop_2023.dat 4 2032  F_LCI 0.0680981
Model_1_goa_pop_2023.dat 4 2032  F_UCI 0.0680981
Model_1_goa_pop_2023.dat 4 2032  F_Median 0.0680981
Model_1_goa_pop_2023.dat 4 2032  F_Mean 0.0680981
Model_1_goa_pop_2023.dat 4 2033 F0 0 
Model_1_goa_pop_2023.dat 4 2033 Fabc 0.0996381
Model_1_goa_pop_2023.dat 4 2033 Fofl 0.119494
Model_1_goa_pop_2023.dat 4 2033  F_LCI 0.0680981
Model_1_goa_pop_2023.dat 4 2033  F_UCI 0.0680981
Model_1_goa_pop_2023.dat 4 2033  F_Median 0.0680981
Model_1_goa_pop_2023.dat 4 2033  F_Mean 0.0680981
Model_1_goa_pop_2023.dat 4 2034 F0 0 
Model_1_goa_pop_2023.dat 4 2034 Fabc 0.0996381
Model_1_goa_pop_2023.dat 4 2034 Fofl 0.119494
Model_1_goa_pop_2023.dat 4 2034  F_LCI 0.0680981
Model_1_goa_pop_2023.dat 4 2034  F_UCI 0.0680981
Model_1_goa_pop_2023.dat 4 2034  F_Median 0.0680981
Model_1_goa_pop_2023.dat 4 2034  F_Mean 0.0680981
Model_1_goa_pop_2023.dat 4 2035 F0 0 
Model_1_goa_pop_2023.dat 4 2035 Fabc 0.0996381
Model_1_goa_pop_2023.dat 4 2035 Fofl 0.119494
Model_1_goa_pop_2023.dat 4 2035  F_LCI 0.0680981
Model_1_goa_pop_2023.dat 4 2035  F_UCI 0.0680981
Model_1_goa_pop_2023.dat 4 2035  F_Median 0.0680981
Model_1_goa_pop_2023.dat 4 2035  F_Mean 0.0680981
Model_1_goa_pop_2023.dat 4 2036 F0 0 
Model_1_goa_pop_2023.dat 4 2036 Fabc 0.0996381
Model_1_goa_pop_2023.dat 4 2036 Fofl 0.119494
Model_1_goa_pop_2023.dat 4 2036  F_LCI 0.0680981
Model_1_goa_pop_2023.dat 4 2036  F_UCI 0.0680981
Model_1_goa_pop_2023.dat 4 2036  F_Median 0.0680981
Model_1_goa_pop_2023.dat 4 2036  F_Mean 0.0680981
Model_1_goa_pop_2023.dat 5 2023 Cabc 24.5073
Model_1_goa_pop_2023.dat 5 2023 Cofl 26.2307
Model_1_goa_pop_2023.dat 5 2023 CLCI 28.8122
Model_1_goa_pop_2023.dat 5 2023 CUCI 28.8122
Model_1_goa_pop_2023.dat 5 2023 CMedian 28.8122
Model_1_goa_pop_2023.dat 5 2023 CMean 28.8122
Model_1_goa_pop_2023.dat 5 2024 Cabc 24.5073
Model_1_goa_pop_2023.dat 5 2024 Cofl 26.2307
Model_1_goa_pop_2023.dat 5 2024 CLCI 29.106
Model_1_goa_pop_2023.dat 5 2024 CUCI 29.106
Model_1_goa_pop_2023.dat 5 2024 CMedian 29.106
Model_1_goa_pop_2023.dat 5 2024 CMean 29.106
Model_1_goa_pop_2023.dat 5 2025 Cabc 24.5073
Model_1_goa_pop_2023.dat 5 2025 Cofl 26.2307
Model_1_goa_pop_2023.dat 5 2025 CLCI 27.726
Model_1_goa_pop_2023.dat 5 2025 CUCI 27.726
Model_1_goa_pop_2023.dat 5 2025 CMedian 27.726
Model_1_goa_pop_2023.dat 5 2025 CMean 27.726
Model_1_goa_pop_2023.dat 5 2026 Cabc 24.5073
Model_1_goa_pop_2023.dat 5 2026 Cofl 26.2307
Model_1_goa_pop_2023.dat 5 2026 CLCI 0
Model_1_goa_pop_2023.dat 5 2026 CUCI 0
Model_1_goa_pop_2023.dat 5 2026 CMedian 0
Model_1_goa_pop_2023.dat 5 2026 CMean 0
Model_1_goa_pop_2023.dat 5 2027 Cabc 24.5073
Model_1_goa_pop_2023.dat 5 2027 Cofl 26.2307
Model_1_goa_pop_2023.dat 5 2027 CLCI 0
Model_1_goa_pop_2023.dat 5 2027 CUCI 0
Model_1_goa_pop_2023.dat 5 2027 CMedian 0
Model_1_goa_pop_2023.dat 5 2027 CMean 0
Model_1_goa_pop_2023.dat 5 2028 Cabc 24.5073
Model_1_goa_pop_2023.dat 5 2028 Cofl 26.2307
Model_1_goa_pop_2023.dat 5 2028 CLCI 0
Model_1_goa_pop_2023.dat 5 2028 CUCI 0
Model_1_goa_pop_2023.dat 5 2028 CMedian 0
Model_1_goa_pop_2023.dat 5 2028 CMean 0
Model_1_goa_pop_2023.dat 5 2029 Cabc 24.5073
Model_1_goa_pop_2023.dat 5 2029 Cofl 26.2307
Model_1_goa_pop_2023.dat 5 2029 CLCI 0
Model_1_goa_pop_2023.dat 5 2029 CUCI 0
Model_1_goa_pop_2023.dat 5 2029 CMedian 0
Model_1_goa_pop_2023.dat 5 2029 CMean 0
Model_1_goa_pop_2023.dat 5 2030 Cabc 24.5073
Model_1_goa_pop_2023.dat 5 2030 Cofl 26.2307
Model_1_goa_pop_2023.dat 5 2030 CLCI 0
Model_1_goa_pop_2023.dat 5 2030 CUCI 0
Model_1_goa_pop_2023.dat 5 2030 CMedian 0
Model_1_goa_pop_2023.dat 5 2030 CMean 0
Model_1_goa_pop_2023.dat 5 2031 Cabc 24.5073
Model_1_goa_pop_2023.dat 5 2031 Cofl 26.2307
Model_1_goa_pop_2023.dat 5 2031 CLCI 0
Model_1_goa_pop_2023.dat 5 2031 CUCI 0
Model_1_goa_pop_2023.dat 5 2031 CMedian 0
Model_1_goa_pop_2023.dat 5 2031 CMean 0
Model_1_goa_pop_2023.dat 5 2032 Cabc 24.5073
Model_1_goa_pop_2023.dat 5 2032 Cofl 26.2307
Model_1_goa_pop_2023.dat 5 2032 CLCI 0
Model_1_goa_pop_2023.dat 5 2032 CUCI 0
Model_1_goa_pop_2023.dat 5 2032 CMedian 0
Model_1_goa_pop_2023.dat 5 2032 CMean 0
Model_1_goa_pop_2023.dat 5 2033 Cabc 24.5073
Model_1_goa_pop_2023.dat 5 2033 Cofl 26.2307
Model_1_goa_pop_2023.dat 5 2033 CLCI 0
Model_1_goa_pop_2023.dat 5 2033 CUCI 0
Model_1_goa_pop_2023.dat 5 2033 CMedian 0
Model_1_goa_pop_2023.dat 5 2033 CMean 0
Model_1_goa_pop_2023.dat 5 2034 Cabc 24.5073
Model_1_goa_pop_2023.dat 5 2034 Cofl 26.2307
Model_1_goa_pop_2023.dat 5 2034 CLCI 0
Model_1_goa_pop_2023.dat 5 2034 CUCI 0
Model_1_goa_pop_2023.dat 5 2034 CMedian 0
Model_1_goa_pop_2023.dat 5 2034 CMean 0
Model_1_goa_pop_2023.dat 5 2035 Cabc 24.5073
Model_1_goa_pop_2023.dat 5 2035 Cofl 26.2307
Model_1_goa_pop_2023.dat 5 2035 CLCI 0
Model_1_goa_pop_2023.dat 5 2035 CUCI 0
Model_1_goa_pop_2023.dat 5 2035 CMedian 0
Model_1_goa_pop_2023.dat 5 2035 CMean 0
Model_1_goa_pop_2023.dat 5 2036 Cabc 24.5073
Model_1_goa_pop_2023.dat 5 2036 Cofl 26.2307
Model_1_goa_pop_2023.dat 5 2036 CLCI 0
Model_1_goa_pop_2023.dat 5 2036 CUCI 0
Model_1_goa_pop_2023.dat 5 2036 CMedian 0
Model_1_goa_pop_2023.dat 5 2036 CMean 0
Model_1_goa_pop_2023.dat 5 2023 SSBF100 330.118
Model_1_goa_pop_2023.dat 5 2023 SSBFabc 132.047
Model_1_goa_pop_2023.dat 5 2023 SSBFofl 115.541
Model_1_goa_pop_2023.dat 5 2023 SSBLCI 217.879
Model_1_goa_pop_2023.dat 5 2023 SSBUCI 217.879
Model_1_goa_pop_2023.dat 5 2023 SSBMedian 217.879
Model_1_goa_pop_2023.dat 5 2023 SSBMean 217.879
Model_1_goa_pop_2023.dat 5 2024 SSBF100 330.118
Model_1_goa_pop_2023.dat 5 2024 SSBFabc 132.047
Model_1_goa_pop_2023.dat 5 2024 SSBFofl 115.541
Model_1_goa_pop_2023.dat 5 2024 SSBLCI 211.893
Model_1_goa_pop_2023.dat 5 2024 SSBUCI 211.921
Model_1_goa_pop_2023.dat 5 2024 SSBMedian 211.901
Model_1_goa_pop_2023.dat 5 2024 SSBMean 211.903
Model_1_goa_pop_2023.dat 5 2025 SSBF100 330.118
Model_1_goa_pop_2023.dat 5 2025 SSBFabc 132.047
Model_1_goa_pop_2023.dat 5 2025 SSBFofl 115.541
Model_1_goa_pop_2023.dat 5 2025 SSBLCI 206.307
Model_1_goa_pop_2023.dat 5 2025 SSBUCI 206.423
Model_1_goa_pop_2023.dat 5 2025 SSBMedian 206.346
Model_1_goa_pop_2023.dat 5 2025 SSBMean 206.352
Model_1_goa_pop_2023.dat 5 2026 SSBF100 330.118
Model_1_goa_pop_2023.dat 5 2026 SSBFabc 132.047
Model_1_goa_pop_2023.dat 5 2026 SSBFofl 115.541
Model_1_goa_pop_2023.dat 5 2026 SSBLCI 205.227
Model_1_goa_pop_2023.dat 5 2026 SSBUCI 205.585
Model_1_goa_pop_2023.dat 5 2026 SSBMedian 205.344
Model_1_goa_pop_2023.dat 5 2026 SSBMean 205.365
Model_1_goa_pop_2023.dat 5 2027 SSBF100 330.118
Model_1_goa_pop_2023.dat 5 2027 SSBFabc 132.047
Model_1_goa_pop_2023.dat 5 2027 SSBFofl 115.541
Model_1_goa_pop_2023.dat 5 2027 SSBLCI 211.519
Model_1_goa_pop_2023.dat 5 2027 SSBUCI 212.439
Model_1_goa_pop_2023.dat 5 2027 SSBMedian 211.822
Model_1_goa_pop_2023.dat 5 2027 SSBMean 211.874
Model_1_goa_pop_2023.dat 5 2028 SSBF100 330.118
Model_1_goa_pop_2023.dat 5 2028 SSBFabc 132.047
Model_1_goa_pop_2023.dat 5 2028 SSBFofl 115.541
Model_1_goa_pop_2023.dat 5 2028 SSBLCI 216.585
Model_1_goa_pop_2023.dat 5 2028 SSBUCI 218.74
Model_1_goa_pop_2023.dat 5 2028 SSBMedian 217.313
Model_1_goa_pop_2023.dat 5 2028 SSBMean 217.431
Model_1_goa_pop_2023.dat 5 2029 SSBF100 330.118
Model_1_goa_pop_2023.dat 5 2029 SSBFabc 132.047
Model_1_goa_pop_2023.dat 5 2029 SSBFofl 115.541
Model_1_goa_pop_2023.dat 5 2029 SSBLCI 220.296
Model_1_goa_pop_2023.dat 5 2029 SSBUCI 224.849
Model_1_goa_pop_2023.dat 5 2029 SSBMedian 221.859
Model_1_goa_pop_2023.dat 5 2029 SSBMean 222.086
Model_1_goa_pop_2023.dat 5 2030 SSBF100 330.118
Model_1_goa_pop_2023.dat 5 2030 SSBFabc 132.047
Model_1_goa_pop_2023.dat 5 2030 SSBFofl 115.541
Model_1_goa_pop_2023.dat 5 2030 SSBLCI 222.816
Model_1_goa_pop_2023.dat 5 2030 SSBUCI 231.371
Model_1_goa_pop_2023.dat 5 2030 SSBMedian 225.826
Model_1_goa_pop_2023.dat 5 2030 SSBMean 226.277
Model_1_goa_pop_2023.dat 5 2031 SSBF100 330.118
Model_1_goa_pop_2023.dat 5 2031 SSBFabc 132.047
Model_1_goa_pop_2023.dat 5 2031 SSBFofl 115.541
Model_1_goa_pop_2023.dat 5 2031 SSBLCI 224.539
Model_1_goa_pop_2023.dat 5 2031 SSBUCI 239.475
Model_1_goa_pop_2023.dat 5 2031 SSBMedian 229.783
Model_1_goa_pop_2023.dat 5 2031 SSBMean 230.556
Model_1_goa_pop_2023.dat 5 2032 SSBF100 330.118
Model_1_goa_pop_2023.dat 5 2032 SSBFabc 132.047
Model_1_goa_pop_2023.dat 5 2032 SSBFofl 115.541
Model_1_goa_pop_2023.dat 5 2032 SSBLCI 226.06
Model_1_goa_pop_2023.dat 5 2032 SSBUCI 248.476
Model_1_goa_pop_2023.dat 5 2032 SSBMedian 233.82
Model_1_goa_pop_2023.dat 5 2032 SSBMean 235.192
Model_1_goa_pop_2023.dat 5 2033 SSBF100 330.118
Model_1_goa_pop_2023.dat 5 2033 SSBFabc 132.047
Model_1_goa_pop_2023.dat 5 2033 SSBFofl 115.541
Model_1_goa_pop_2023.dat 5 2033 SSBLCI 227.348
Model_1_goa_pop_2023.dat 5 2033 SSBUCI 258.027
Model_1_goa_pop_2023.dat 5 2033 SSBMedian 238.825
Model_1_goa_pop_2023.dat 5 2033 SSBMean 240.228
Model_1_goa_pop_2023.dat 5 2034 SSBF100 330.118
Model_1_goa_pop_2023.dat 5 2034 SSBFabc 132.047
Model_1_goa_pop_2023.dat 5 2034 SSBFofl 115.541
Model_1_goa_pop_2023.dat 5 2034 SSBLCI 228.884
Model_1_goa_pop_2023.dat 5 2034 SSBUCI 267.633
Model_1_goa_pop_2023.dat 5 2034 SSBMedian 243.961
Model_1_goa_pop_2023.dat 5 2034 SSBMean 245.493
Model_1_goa_pop_2023.dat 5 2035 SSBF100 330.118
Model_1_goa_pop_2023.dat 5 2035 SSBFabc 132.047
Model_1_goa_pop_2023.dat 5 2035 SSBFofl 115.541
Model_1_goa_pop_2023.dat 5 2035 SSBLCI 230.609
Model_1_goa_pop_2023.dat 5 2035 SSBUCI 277.655
Model_1_goa_pop_2023.dat 5 2035 SSBMedian 249.242
Model_1_goa_pop_2023.dat 5 2035 SSBMean 250.83
Model_1_goa_pop_2023.dat 5 2036 SSBF100 330.118
Model_1_goa_pop_2023.dat 5 2036 SSBFabc 132.047
Model_1_goa_pop_2023.dat 5 2036 SSBFofl 115.541
Model_1_goa_pop_2023.dat 5 2036 SSBLCI 232.095
Model_1_goa_pop_2023.dat 5 2036 SSBUCI 286.124
Model_1_goa_pop_2023.dat 5 2036 SSBMedian 254.054
Model_1_goa_pop_2023.dat 5 2036 SSBMean 256.079
Model_1_goa_pop_2023.dat 5 2023 F0 0 
Model_1_goa_pop_2023.dat 5 2023 Fabc 0.0996381
Model_1_goa_pop_2023.dat 5 2023 Fofl 0.119494
Model_1_goa_pop_2023.dat 5 2023  F_LCI 0.0750682
Model_1_goa_pop_2023.dat 5 2023  F_UCI 0.0750682
Model_1_goa_pop_2023.dat 5 2023  F_Median 0.0750682
Model_1_goa_pop_2023.dat 5 2023  F_Mean 0.0750682
Model_1_goa_pop_2023.dat 5 2024 F0 0 
Model_1_goa_pop_2023.dat 5 2024 Fabc 0.0996381
Model_1_goa_pop_2023.dat 5 2024 Fofl 0.119494
Model_1_goa_pop_2023.dat 5 2024  F_LCI 0.0782672
Model_1_goa_pop_2023.dat 5 2024  F_UCI 0.0782688
Model_1_goa_pop_2023.dat 5 2024  F_Median 0.0782683
Model_1_goa_pop_2023.dat 5 2024  F_Mean 0.0782682
Model_1_goa_pop_2023.dat 5 2025 F0 0 
Model_1_goa_pop_2023.dat 5 2025 Fabc 0.0996381
Model_1_goa_pop_2023.dat 5 2025 Fofl 0.119494
Model_1_goa_pop_2023.dat 5 2025  F_LCI 0.0769749
Model_1_goa_pop_2023.dat 5 2025  F_UCI 0.0770138
Model_1_goa_pop_2023.dat 5 2025  F_Median 0.0770025
Model_1_goa_pop_2023.dat 5 2025  F_Mean 0.0769998
Model_1_goa_pop_2023.dat 5 2026 F0 0 
Model_1_goa_pop_2023.dat 5 2026 Fabc 0.0996381
Model_1_goa_pop_2023.dat 5 2026 Fofl 0.119494
Model_1_goa_pop_2023.dat 5 2026  F_LCI 0
Model_1_goa_pop_2023.dat 5 2026  F_UCI 0
Model_1_goa_pop_2023.dat 5 2026  F_Median 0
Model_1_goa_pop_2023.dat 5 2026  F_Mean 0
Model_1_goa_pop_2023.dat 5 2027 F0 0 
Model_1_goa_pop_2023.dat 5 2027 Fabc 0.0996381
Model_1_goa_pop_2023.dat 5 2027 Fofl 0.119494
Model_1_goa_pop_2023.dat 5 2027  F_LCI 0
Model_1_goa_pop_2023.dat 5 2027  F_UCI 0
Model_1_goa_pop_2023.dat 5 2027  F_Median 0
Model_1_goa_pop_2023.dat 5 2027  F_Mean 0
Model_1_goa_pop_2023.dat 5 2028 F0 0 
Model_1_goa_pop_2023.dat 5 2028 Fabc 0.0996381
Model_1_goa_pop_2023.dat 5 2028 Fofl 0.119494
Model_1_goa_pop_2023.dat 5 2028  F_LCI 0
Model_1_goa_pop_2023.dat 5 2028  F_UCI 0
Model_1_goa_pop_2023.dat 5 2028  F_Median 0
Model_1_goa_pop_2023.dat 5 2028  F_Mean 0
Model_1_goa_pop_2023.dat 5 2029 F0 0 
Model_1_goa_pop_2023.dat 5 2029 Fabc 0.0996381
Model_1_goa_pop_2023.dat 5 2029 Fofl 0.119494
Model_1_goa_pop_2023.dat 5 2029  F_LCI 0
Model_1_goa_pop_2023.dat 5 2029  F_UCI 0
Model_1_goa_pop_2023.dat 5 2029  F_Median 0
Model_1_goa_pop_2023.dat 5 2029  F_Mean 0
Model_1_goa_pop_2023.dat 5 2030 F0 0 
Model_1_goa_pop_2023.dat 5 2030 Fabc 0.0996381
Model_1_goa_pop_2023.dat 5 2030 Fofl 0.119494
Model_1_goa_pop_2023.dat 5 2030  F_LCI 0
Model_1_goa_pop_2023.dat 5 2030  F_UCI 0
Model_1_goa_pop_2023.dat 5 2030  F_Median 0
Model_1_goa_pop_2023.dat 5 2030  F_Mean 0
Model_1_goa_pop_2023.dat 5 2031 F0 0 
Model_1_goa_pop_2023.dat 5 2031 Fabc 0.0996381
Model_1_goa_pop_2023.dat 5 2031 Fofl 0.119494
Model_1_goa_pop_2023.dat 5 2031  F_LCI 0
Model_1_goa_pop_2023.dat 5 2031  F_UCI 0
Model_1_goa_pop_2023.dat 5 2031  F_Median 0
Model_1_goa_pop_2023.dat 5 2031  F_Mean 0
Model_1_goa_pop_2023.dat 5 2032 F0 0 
Model_1_goa_pop_2023.dat 5 2032 Fabc 0.0996381
Model_1_goa_pop_2023.dat 5 2032 Fofl 0.119494
Model_1_goa_pop_2023.dat 5 2032  F_LCI 0
Model_1_goa_pop_2023.dat 5 2032  F_UCI 0
Model_1_goa_pop_2023.dat 5 2032  F_Median 0
Model_1_goa_pop_2023.dat 5 2032  F_Mean 0
Model_1_goa_pop_2023.dat 5 2033 F0 0 
Model_1_goa_pop_2023.dat 5 2033 Fabc 0.0996381
Model_1_goa_pop_2023.dat 5 2033 Fofl 0.119494
Model_1_goa_pop_2023.dat 5 2033  F_LCI 0
Model_1_goa_pop_2023.dat 5 2033  F_UCI 0
Model_1_goa_pop_2023.dat 5 2033  F_Median 0
Model_1_goa_pop_2023.dat 5 2033  F_Mean 0
Model_1_goa_pop_2023.dat 5 2034 F0 0 
Model_1_goa_pop_2023.dat 5 2034 Fabc 0.0996381
Model_1_goa_pop_2023.dat 5 2034 Fofl 0.119494
Model_1_goa_pop_2023.dat 5 2034  F_LCI 0
Model_1_goa_pop_2023.dat 5 2034  F_UCI 0
Model_1_goa_pop_2023.dat 5 2034  F_Median 0
Model_1_goa_pop_2023.dat 5 2034  F_Mean 0
Model_1_goa_pop_2023.dat 5 2035 F0 0 
Model_1_goa_pop_2023.dat 5 2035 Fabc 0.0996381
Model_1_goa_pop_2023.dat 5 2035 Fofl 0.119494
Model_1_goa_pop_2023.dat 5 2035  F_LCI 0
Model_1_goa_pop_2023.dat 5 2035  F_UCI 0
Model_1_goa_pop_2023.dat 5 2035  F_Median 0
Model_1_goa_pop_2023.dat 5 2035  F_Mean 0
Model_1_goa_pop_2023.dat 5 2036 F0 0 
Model_1_goa_pop_2023.dat 5 2036 Fabc 0.0996381
Model_1_goa_pop_2023.dat 5 2036 Fofl 0.119494
Model_1_goa_pop_2023.dat 5 2036  F_LCI 0
Model_1_goa_pop_2023.dat 5 2036  F_UCI 0
Model_1_goa_pop_2023.dat 5 2036  F_Median 0
Model_1_goa_pop_2023.dat 5 2036  F_Mean 0
Model_1_goa_pop_2023.dat 6 2023 Cabc 24.5073
Model_1_goa_pop_2023.dat 6 2023 Cofl 26.2307
Model_1_goa_pop_2023.dat 6 2023 CLCI 28.8122
Model_1_goa_pop_2023.dat 6 2023 CUCI 28.8122
Model_1_goa_pop_2023.dat 6 2023 CMedian 28.8122
Model_1_goa_pop_2023.dat 6 2023 CMean 28.8122
Model_1_goa_pop_2023.dat 6 2024 Cabc 24.5073
Model_1_goa_pop_2023.dat 6 2024 Cofl 26.2307
Model_1_goa_pop_2023.dat 6 2024 CLCI 43.7479
Model_1_goa_pop_2023.dat 6 2024 CUCI 43.7488
Model_1_goa_pop_2023.dat 6 2024 CMedian 43.7482
Model_1_goa_pop_2023.dat 6 2024 CMean 43.7483
Model_1_goa_pop_2023.dat 6 2025 Cabc 24.5073
Model_1_goa_pop_2023.dat 6 2025 Cofl 26.2307
Model_1_goa_pop_2023.dat 6 2025 CLCI 41.0595
Model_1_goa_pop_2023.dat 6 2025 CUCI 41.0802
Model_1_goa_pop_2023.dat 6 2025 CMedian 41.0655
Model_1_goa_pop_2023.dat 6 2025 CMean 41.0671
Model_1_goa_pop_2023.dat 6 2026 Cabc 24.5073
Model_1_goa_pop_2023.dat 6 2026 Cofl 26.2307
Model_1_goa_pop_2023.dat 6 2026 CLCI 38.5439
Model_1_goa_pop_2023.dat 6 2026 CUCI 38.6665
Model_1_goa_pop_2023.dat 6 2026 CMedian 38.5835
Model_1_goa_pop_2023.dat 6 2026 CMean 38.5907
Model_1_goa_pop_2023.dat 6 2027 Cabc 24.5073
Model_1_goa_pop_2023.dat 6 2027 Cofl 26.2307
Model_1_goa_pop_2023.dat 6 2027 CLCI 36.159
Model_1_goa_pop_2023.dat 6 2027 CUCI 36.5656
Model_1_goa_pop_2023.dat 6 2027 CMedian 36.2924
Model_1_goa_pop_2023.dat 6 2027 CMean 36.3158
Model_1_goa_pop_2023.dat 6 2028 Cabc 24.5073
Model_1_goa_pop_2023.dat 6 2028 Cofl 26.2307
Model_1_goa_pop_2023.dat 6 2028 CLCI 33.9187
Model_1_goa_pop_2023.dat 6 2028 CUCI 34.8531
Model_1_goa_pop_2023.dat 6 2028 CMedian 34.234
Model_1_goa_pop_2023.dat 6 2028 CMean 34.2827
Model_1_goa_pop_2023.dat 6 2029 Cabc 24.5073
Model_1_goa_pop_2023.dat 6 2029 Cofl 26.2307
Model_1_goa_pop_2023.dat 6 2029 CLCI 31.7908
Model_1_goa_pop_2023.dat 6 2029 CUCI 33.5323
Model_1_goa_pop_2023.dat 6 2029 CMedian 32.4162
Model_1_goa_pop_2023.dat 6 2029 CMean 32.503
Model_1_goa_pop_2023.dat 6 2030 Cabc 24.5073
Model_1_goa_pop_2023.dat 6 2030 Cofl 26.2307
Model_1_goa_pop_2023.dat 6 2030 CLCI 29.8963
Model_1_goa_pop_2023.dat 6 2030 CUCI 32.6562
Model_1_goa_pop_2023.dat 6 2030 CMedian 30.8676
Model_1_goa_pop_2023.dat 6 2030 CMean 31.0199
Model_1_goa_pop_2023.dat 6 2031 Cabc 24.5073
Model_1_goa_pop_2023.dat 6 2031 Cofl 26.2307
Model_1_goa_pop_2023.dat 6 2031 CLCI 28.1661
Model_1_goa_pop_2023.dat 6 2031 CUCI 32.1497
Model_1_goa_pop_2023.dat 6 2031 CMedian 29.591
Model_1_goa_pop_2023.dat 6 2031 CMean 29.8231
Model_1_goa_pop_2023.dat 6 2032 Cabc 24.5073
Model_1_goa_pop_2023.dat 6 2032 Cofl 26.2307
Model_1_goa_pop_2023.dat 6 2032 CLCI 26.5751
Model_1_goa_pop_2023.dat 6 2032 CUCI 31.8785
Model_1_goa_pop_2023.dat 6 2032 CMedian 28.6755
Model_1_goa_pop_2023.dat 6 2032 CMean 28.887
Model_1_goa_pop_2023.dat 6 2033 Cabc 24.5073
Model_1_goa_pop_2023.dat 6 2033 Cofl 26.2307
Model_1_goa_pop_2023.dat 6 2033 CLCI 24.1716
Model_1_goa_pop_2023.dat 6 2033 CUCI 31.8813
Model_1_goa_pop_2023.dat 6 2033 CMedian 28.0271
Model_1_goa_pop_2023.dat 6 2033 CMean 27.9286
Model_1_goa_pop_2023.dat 6 2034 Cabc 24.5073
Model_1_goa_pop_2023.dat 6 2034 Cofl 26.2307
Model_1_goa_pop_2023.dat 6 2034 CLCI 22.4703
Model_1_goa_pop_2023.dat 6 2034 CUCI 31.9714
Model_1_goa_pop_2023.dat 6 2034 CMedian 27.3216
Model_1_goa_pop_2023.dat 6 2034 CMean 27.1343
Model_1_goa_pop_2023.dat 6 2035 Cabc 24.5073
Model_1_goa_pop_2023.dat 6 2035 Cofl 26.2307
Model_1_goa_pop_2023.dat 6 2035 CLCI 21.3465
Model_1_goa_pop_2023.dat 6 2035 CUCI 31.9507
Model_1_goa_pop_2023.dat 6 2035 CMedian 26.5376
Model_1_goa_pop_2023.dat 6 2035 CMean 26.5922
Model_1_goa_pop_2023.dat 6 2036 Cabc 24.5073
Model_1_goa_pop_2023.dat 6 2036 Cofl 26.2307
Model_1_goa_pop_2023.dat 6 2036 CLCI 20.553
Model_1_goa_pop_2023.dat 6 2036 CUCI 32.0049
Model_1_goa_pop_2023.dat 6 2036 CMedian 26.0346
Model_1_goa_pop_2023.dat 6 2036 CMean 26.2725
Model_1_goa_pop_2023.dat 6 2023 SSBF100 330.118
Model_1_goa_pop_2023.dat 6 2023 SSBFabc 132.047
Model_1_goa_pop_2023.dat 6 2023 SSBFofl 115.541
Model_1_goa_pop_2023.dat 6 2023 SSBLCI 217.879
Model_1_goa_pop_2023.dat 6 2023 SSBUCI 217.879
Model_1_goa_pop_2023.dat 6 2023 SSBMedian 217.879
Model_1_goa_pop_2023.dat 6 2023 SSBMean 217.879
Model_1_goa_pop_2023.dat 6 2024 SSBF100 330.118
Model_1_goa_pop_2023.dat 6 2024 SSBFabc 132.047
Model_1_goa_pop_2023.dat 6 2024 SSBFofl 115.541
Model_1_goa_pop_2023.dat 6 2024 SSBLCI 209.673
Model_1_goa_pop_2023.dat 6 2024 SSBUCI 209.7
Model_1_goa_pop_2023.dat 6 2024 SSBMedian 209.681
Model_1_goa_pop_2023.dat 6 2024 SSBMean 209.683
Model_1_goa_pop_2023.dat 6 2025 SSBF100 330.118
Model_1_goa_pop_2023.dat 6 2025 SSBFabc 132.047
Model_1_goa_pop_2023.dat 6 2025 SSBFofl 115.541
Model_1_goa_pop_2023.dat 6 2025 SSBLCI 197.981
Model_1_goa_pop_2023.dat 6 2025 SSBUCI 198.094
Model_1_goa_pop_2023.dat 6 2025 SSBMedian 198.018
Model_1_goa_pop_2023.dat 6 2025 SSBMean 198.024
Model_1_goa_pop_2023.dat 6 2026 SSBF100 330.118
Model_1_goa_pop_2023.dat 6 2026 SSBFabc 132.047
Model_1_goa_pop_2023.dat 6 2026 SSBFofl 115.541
Model_1_goa_pop_2023.dat 6 2026 SSBLCI 187.512
Model_1_goa_pop_2023.dat 6 2026 SSBUCI 187.864
Model_1_goa_pop_2023.dat 6 2026 SSBMedian 187.628
Model_1_goa_pop_2023.dat 6 2026 SSBMean 187.647
Model_1_goa_pop_2023.dat 6 2027 SSBF100 330.118
Model_1_goa_pop_2023.dat 6 2027 SSBFabc 132.047
Model_1_goa_pop_2023.dat 6 2027 SSBFofl 115.541
Model_1_goa_pop_2023.dat 6 2027 SSBLCI 177.55
Model_1_goa_pop_2023.dat 6 2027 SSBUCI 178.46
Model_1_goa_pop_2023.dat 6 2027 SSBMedian 177.851
Model_1_goa_pop_2023.dat 6 2027 SSBMean 177.902
Model_1_goa_pop_2023.dat 6 2028 SSBF100 330.118
Model_1_goa_pop_2023.dat 6 2028 SSBFabc 132.047
Model_1_goa_pop_2023.dat 6 2028 SSBFofl 115.541
Model_1_goa_pop_2023.dat 6 2028 SSBLCI 167.533
Model_1_goa_pop_2023.dat 6 2028 SSBUCI 169.641
Model_1_goa_pop_2023.dat 6 2028 SSBMedian 168.249
Model_1_goa_pop_2023.dat 6 2028 SSBMean 168.364
Model_1_goa_pop_2023.dat 6 2029 SSBF100 330.118
Model_1_goa_pop_2023.dat 6 2029 SSBFabc 132.047
Model_1_goa_pop_2023.dat 6 2029 SSBFofl 115.541
Model_1_goa_pop_2023.dat 6 2029 SSBLCI 157.549
Model_1_goa_pop_2023.dat 6 2029 SSBUCI 161.925
Model_1_goa_pop_2023.dat 6 2029 SSBMedian 159.05
Model_1_goa_pop_2023.dat 6 2029 SSBMean 159.267
Model_1_goa_pop_2023.dat 6 2030 SSBF100 330.118
Model_1_goa_pop_2023.dat 6 2030 SSBFabc 132.047
Model_1_goa_pop_2023.dat 6 2030 SSBFofl 115.541
Model_1_goa_pop_2023.dat 6 2030 SSBLCI 147.894
Model_1_goa_pop_2023.dat 6 2030 SSBUCI 155.894
Model_1_goa_pop_2023.dat 6 2030 SSBMedian 150.718
Model_1_goa_pop_2023.dat 6 2030 SSBMean 151.137
Model_1_goa_pop_2023.dat 6 2031 SSBF100 330.118
Model_1_goa_pop_2023.dat 6 2031 SSBFabc 132.047
Model_1_goa_pop_2023.dat 6 2031 SSBFofl 115.541
Model_1_goa_pop_2023.dat 6 2031 SSBLCI 139.044
Model_1_goa_pop_2023.dat 6 2031 SSBUCI 152.354
Model_1_goa_pop_2023.dat 6 2031 SSBMedian 143.684
Model_1_goa_pop_2023.dat 6 2031 SSBMean 144.431
Model_1_goa_pop_2023.dat 6 2032 SSBF100 330.118
Model_1_goa_pop_2023.dat 6 2032 SSBFabc 132.047
Model_1_goa_pop_2023.dat 6 2032 SSBFofl 115.541
Model_1_goa_pop_2023.dat 6 2032 SSBLCI 131.395
Model_1_goa_pop_2023.dat 6 2032 SSBUCI 150.363
Model_1_goa_pop_2023.dat 6 2032 SSBMedian 138.136
Model_1_goa_pop_2023.dat 6 2032 SSBMean 139.237
Model_1_goa_pop_2023.dat 6 2033 SSBF100 330.118
Model_1_goa_pop_2023.dat 6 2033 SSBFabc 132.047
Model_1_goa_pop_2023.dat 6 2033 SSBFofl 115.541
Model_1_goa_pop_2023.dat 6 2033 SSBLCI 124.843
Model_1_goa_pop_2023.dat 6 2033 SSBUCI 149.518
Model_1_goa_pop_2023.dat 6 2033 SSBMedian 134.165
Model_1_goa_pop_2023.dat 6 2033 SSBMean 135.415
Model_1_goa_pop_2023.dat 6 2034 SSBF100 330.118
Model_1_goa_pop_2023.dat 6 2034 SSBFabc 132.047
Model_1_goa_pop_2023.dat 6 2034 SSBFofl 115.541
Model_1_goa_pop_2023.dat 6 2034 SSBLCI 120.685
Model_1_goa_pop_2023.dat 6 2034 SSBUCI 149.33
Model_1_goa_pop_2023.dat 6 2034 SSBMedian 131.63
Model_1_goa_pop_2023.dat 6 2034 SSBMean 132.704
Model_1_goa_pop_2023.dat 6 2035 SSBF100 330.118
Model_1_goa_pop_2023.dat 6 2035 SSBFabc 132.047
Model_1_goa_pop_2023.dat 6 2035 SSBFofl 115.541
Model_1_goa_pop_2023.dat 6 2035 SSBLCI 116.853
Model_1_goa_pop_2023.dat 6 2035 SSBUCI 149.28
Model_1_goa_pop_2023.dat 6 2035 SSBMedian 128.946
Model_1_goa_pop_2023.dat 6 2035 SSBMean 130.812
Model_1_goa_pop_2023.dat 6 2036 SSBF100 330.118
Model_1_goa_pop_2023.dat 6 2036 SSBFabc 132.047
Model_1_goa_pop_2023.dat 6 2036 SSBFofl 115.541
Model_1_goa_pop_2023.dat 6 2036 SSBLCI 114.743
Model_1_goa_pop_2023.dat 6 2036 SSBUCI 149.107
Model_1_goa_pop_2023.dat 6 2036 SSBMedian 127.756
Model_1_goa_pop_2023.dat 6 2036 SSBMean 129.468
Model_1_goa_pop_2023.dat 6 2023 F0 0 
Model_1_goa_pop_2023.dat 6 2023 Fabc 0.0996381
Model_1_goa_pop_2023.dat 6 2023 Fofl 0.119494
Model_1_goa_pop_2023.dat 6 2023  F_LCI 0.0750682
Model_1_goa_pop_2023.dat 6 2023  F_UCI 0.0750682
Model_1_goa_pop_2023.dat 6 2023  F_Median 0.0750682
Model_1_goa_pop_2023.dat 6 2023  F_Mean 0.0750682
Model_1_goa_pop_2023.dat 6 2024 F0 0 
Model_1_goa_pop_2023.dat 6 2024 Fabc 0.0996381
Model_1_goa_pop_2023.dat 6 2024 Fofl 0.119494
Model_1_goa_pop_2023.dat 6 2024  F_LCI 0.119494
Model_1_goa_pop_2023.dat 6 2024  F_UCI 0.119494
Model_1_goa_pop_2023.dat 6 2024  F_Median 0.119494
Model_1_goa_pop_2023.dat 6 2024  F_Mean 0.119494
Model_1_goa_pop_2023.dat 6 2025 F0 0 
Model_1_goa_pop_2023.dat 6 2025 Fabc 0.0996381
Model_1_goa_pop_2023.dat 6 2025 Fofl 0.119494
Model_1_goa_pop_2023.dat 6 2025  F_LCI 0.119494
Model_1_goa_pop_2023.dat 6 2025  F_UCI 0.119494
Model_1_goa_pop_2023.dat 6 2025  F_Median 0.119494
Model_1_goa_pop_2023.dat 6 2025  F_Mean 0.119494
Model_1_goa_pop_2023.dat 6 2026 F0 0 
Model_1_goa_pop_2023.dat 6 2026 Fabc 0.0996381
Model_1_goa_pop_2023.dat 6 2026 Fofl 0.119494
Model_1_goa_pop_2023.dat 6 2026  F_LCI 0.119494
Model_1_goa_pop_2023.dat 6 2026  F_UCI 0.119494
Model_1_goa_pop_2023.dat 6 2026  F_Median 0.119494
Model_1_goa_pop_2023.dat 6 2026  F_Mean 0.119494
Model_1_goa_pop_2023.dat 6 2027 F0 0 
Model_1_goa_pop_2023.dat 6 2027 Fabc 0.0996381
Model_1_goa_pop_2023.dat 6 2027 Fofl 0.119494
Model_1_goa_pop_2023.dat 6 2027  F_LCI 0.119494
Model_1_goa_pop_2023.dat 6 2027  F_UCI 0.119494
Model_1_goa_pop_2023.dat 6 2027  F_Median 0.119494
Model_1_goa_pop_2023.dat 6 2027  F_Mean 0.119494
Model_1_goa_pop_2023.dat 6 2028 F0 0 
Model_1_goa_pop_2023.dat 6 2028 Fabc 0.0996381
Model_1_goa_pop_2023.dat 6 2028 Fofl 0.119494
Model_1_goa_pop_2023.dat 6 2028  F_LCI 0.119494
Model_1_goa_pop_2023.dat 6 2028  F_UCI 0.119494
Model_1_goa_pop_2023.dat 6 2028  F_Median 0.119494
Model_1_goa_pop_2023.dat 6 2028  F_Mean 0.119494
Model_1_goa_pop_2023.dat 6 2029 F0 0 
Model_1_goa_pop_2023.dat 6 2029 Fabc 0.0996381
Model_1_goa_pop_2023.dat 6 2029 Fofl 0.119494
Model_1_goa_pop_2023.dat 6 2029  F_LCI 0.119494
Model_1_goa_pop_2023.dat 6 2029  F_UCI 0.119494
Model_1_goa_pop_2023.dat 6 2029  F_Median 0.119494
Model_1_goa_pop_2023.dat 6 2029  F_Mean 0.119494
Model_1_goa_pop_2023.dat 6 2030 F0 0 
Model_1_goa_pop_2023.dat 6 2030 Fabc 0.0996381
Model_1_goa_pop_2023.dat 6 2030 Fofl 0.119494
Model_1_goa_pop_2023.dat 6 2030  F_LCI 0.119494
Model_1_goa_pop_2023.dat 6 2030  F_UCI 0.119494
Model_1_goa_pop_2023.dat 6 2030  F_Median 0.119494
Model_1_goa_pop_2023.dat 6 2030  F_Mean 0.119494
Model_1_goa_pop_2023.dat 6 2031 F0 0 
Model_1_goa_pop_2023.dat 6 2031 Fabc 0.0996381
Model_1_goa_pop_2023.dat 6 2031 Fofl 0.119494
Model_1_goa_pop_2023.dat 6 2031  F_LCI 0.119494
Model_1_goa_pop_2023.dat 6 2031  F_UCI 0.119494
Model_1_goa_pop_2023.dat 6 2031  F_Median 0.119494
Model_1_goa_pop_2023.dat 6 2031  F_Mean 0.119494
Model_1_goa_pop_2023.dat 6 2032 F0 0 
Model_1_goa_pop_2023.dat 6 2032 Fabc 0.0996381
Model_1_goa_pop_2023.dat 6 2032 Fofl 0.119494
Model_1_goa_pop_2023.dat 6 2032  F_LCI 0.118873
Model_1_goa_pop_2023.dat 6 2032  F_UCI 0.119494
Model_1_goa_pop_2023.dat 6 2032  F_Median 0.119494
Model_1_goa_pop_2023.dat 6 2032  F_Mean 0.119385
Model_1_goa_pop_2023.dat 6 2033 F0 0 
Model_1_goa_pop_2023.dat 6 2033 Fabc 0.0996381
Model_1_goa_pop_2023.dat 6 2033 Fofl 0.119494
Model_1_goa_pop_2023.dat 6 2033  F_LCI 0.112632
Model_1_goa_pop_2023.dat 6 2033  F_UCI 0.119494
Model_1_goa_pop_2023.dat 6 2033  F_Median 0.119494
Model_1_goa_pop_2023.dat 6 2033  F_Mean 0.118016
Model_1_goa_pop_2023.dat 6 2034 F0 0 
Model_1_goa_pop_2023.dat 6 2034 Fabc 0.0996381
Model_1_goa_pop_2023.dat 6 2034 Fofl 0.119494
Model_1_goa_pop_2023.dat 6 2034  F_LCI 0.108671
Model_1_goa_pop_2023.dat 6 2034  F_UCI 0.119494
Model_1_goa_pop_2023.dat 6 2034  F_Median 0.119097
Model_1_goa_pop_2023.dat 6 2034  F_Mean 0.116294
Model_1_goa_pop_2023.dat 6 2035 F0 0 
Model_1_goa_pop_2023.dat 6 2035 Fabc 0.0996381
Model_1_goa_pop_2023.dat 6 2035 Fofl 0.119494
Model_1_goa_pop_2023.dat 6 2035  F_LCI 0.10502
Model_1_goa_pop_2023.dat 6 2035  F_UCI 0.119494
Model_1_goa_pop_2023.dat 6 2035  F_Median 0.11654
Model_1_goa_pop_2023.dat 6 2035  F_Mean 0.1149
Model_1_goa_pop_2023.dat 6 2036 F0 0 
Model_1_goa_pop_2023.dat 6 2036 Fabc 0.0996381
Model_1_goa_pop_2023.dat 6 2036 Fofl 0.119494
Model_1_goa_pop_2023.dat 6 2036  F_LCI 0.103011
Model_1_goa_pop_2023.dat 6 2036  F_UCI 0.119494
Model_1_goa_pop_2023.dat 6 2036  F_Median 0.115406
Model_1_goa_pop_2023.dat 6 2036  F_Mean 0.113914
Model_1_goa_pop_2023.dat 7 2023 Cabc 24.5073
Model_1_goa_pop_2023.dat 7 2023 Cofl 26.2307
Model_1_goa_pop_2023.dat 7 2023 CLCI 28.8122
Model_1_goa_pop_2023.dat 7 2023 CUCI 28.8122
Model_1_goa_pop_2023.dat 7 2023 CMedian 28.8122
Model_1_goa_pop_2023.dat 7 2023 CMean 28.8122
Model_1_goa_pop_2023.dat 7 2024 Cabc 24.5073
Model_1_goa_pop_2023.dat 7 2024 Cofl 26.2307
Model_1_goa_pop_2023.dat 7 2024 CLCI 36.7533
Model_1_goa_pop_2023.dat 7 2024 CUCI 36.7541
Model_1_goa_pop_2023.dat 7 2024 CMedian 36.7536
Model_1_goa_pop_2023.dat 7 2024 CMean 36.7536
Model_1_goa_pop_2023.dat 7 2025 Cabc 24.5073
Model_1_goa_pop_2023.dat 7 2025 Cofl 26.2307
Model_1_goa_pop_2023.dat 7 2025 CLCI 35.005
Model_1_goa_pop_2023.dat 7 2025 CUCI 35.0222
Model_1_goa_pop_2023.dat 7 2025 CMedian 35.01
Model_1_goa_pop_2023.dat 7 2025 CMean 35.0114
Model_1_goa_pop_2023.dat 7 2026 Cabc 24.5073
Model_1_goa_pop_2023.dat 7 2026 Cofl 26.2307
Model_1_goa_pop_2023.dat 7 2026 CLCI 39.6599
Model_1_goa_pop_2023.dat 7 2026 CUCI 39.7825
Model_1_goa_pop_2023.dat 7 2026 CMedian 39.6995
Model_1_goa_pop_2023.dat 7 2026 CMean 39.7067
Model_1_goa_pop_2023.dat 7 2027 Cabc 24.5073
Model_1_goa_pop_2023.dat 7 2027 Cofl 26.2307
Model_1_goa_pop_2023.dat 7 2027 CLCI 37.1401
Model_1_goa_pop_2023.dat 7 2027 CUCI 37.5468
Model_1_goa_pop_2023.dat 7 2027 CMedian 37.2736
Model_1_goa_pop_2023.dat 7 2027 CMean 37.297
Model_1_goa_pop_2023.dat 7 2028 Cabc 24.5073
Model_1_goa_pop_2023.dat 7 2028 Cofl 26.2307
Model_1_goa_pop_2023.dat 7 2028 CLCI 34.7713
Model_1_goa_pop_2023.dat 7 2028 CUCI 35.7059
Model_1_goa_pop_2023.dat 7 2028 CMedian 35.0868
Model_1_goa_pop_2023.dat 7 2028 CMean 35.1354
Model_1_goa_pop_2023.dat 7 2029 Cabc 24.5073
Model_1_goa_pop_2023.dat 7 2029 Cofl 26.2307
Model_1_goa_pop_2023.dat 7 2029 CLCI 32.523
Model_1_goa_pop_2023.dat 7 2029 CUCI 34.2649
Model_1_goa_pop_2023.dat 7 2029 CMedian 33.1485
Model_1_goa_pop_2023.dat 7 2029 CMean 33.2353
Model_1_goa_pop_2023.dat 7 2030 Cabc 24.5073
Model_1_goa_pop_2023.dat 7 2030 Cofl 26.2307
Model_1_goa_pop_2023.dat 7 2030 CLCI 30.5184
Model_1_goa_pop_2023.dat 7 2030 CUCI 33.279
Model_1_goa_pop_2023.dat 7 2030 CMedian 31.49
Model_1_goa_pop_2023.dat 7 2030 CMean 31.6422
Model_1_goa_pop_2023.dat 7 2031 Cabc 24.5073
Model_1_goa_pop_2023.dat 7 2031 Cofl 26.2307
Model_1_goa_pop_2023.dat 7 2031 CLCI 28.6895
Model_1_goa_pop_2023.dat 7 2031 CUCI 32.6736
Model_1_goa_pop_2023.dat 7 2031 CMedian 30.1145
Model_1_goa_pop_2023.dat 7 2031 CMean 30.3466
Model_1_goa_pop_2023.dat 7 2032 Cabc 24.5073
Model_1_goa_pop_2023.dat 7 2032 Cofl 26.2307
Model_1_goa_pop_2023.dat 7 2032 CLCI 27.101
Model_1_goa_pop_2023.dat 7 2032 CUCI 32.3156
Model_1_goa_pop_2023.dat 7 2032 CMedian 29.1122
Model_1_goa_pop_2023.dat 7 2032 CMean 29.3436
Model_1_goa_pop_2023.dat 7 2033 Cabc 24.5073
Model_1_goa_pop_2023.dat 7 2033 Cofl 26.2307
Model_1_goa_pop_2023.dat 7 2033 CLCI 24.8996
Model_1_goa_pop_2023.dat 7 2033 CUCI 32.2436
Model_1_goa_pop_2023.dat 7 2033 CMedian 28.3972
Model_1_goa_pop_2023.dat 7 2033 CMean 28.4255
Model_1_goa_pop_2023.dat 7 2034 Cabc 24.5073
Model_1_goa_pop_2023.dat 7 2034 Cofl 26.2307
Model_1_goa_pop_2023.dat 7 2034 CLCI 23.0217
Model_1_goa_pop_2023.dat 7 2034 CUCI 32.2698
Model_1_goa_pop_2023.dat 7 2034 CMedian 27.7824
Model_1_goa_pop_2023.dat 7 2034 CMean 27.572
Model_1_goa_pop_2023.dat 7 2035 Cabc 24.5073
Model_1_goa_pop_2023.dat 7 2035 Cofl 26.2307
Model_1_goa_pop_2023.dat 7 2035 CLCI 21.7427
Model_1_goa_pop_2023.dat 7 2035 CUCI 32.1957
Model_1_goa_pop_2023.dat 7 2035 CMedian 27.0501
Model_1_goa_pop_2023.dat 7 2035 CMean 26.9563
Model_1_goa_pop_2023.dat 7 2036 Cabc 24.5073
Model_1_goa_pop_2023.dat 7 2036 Cofl 26.2307
Model_1_goa_pop_2023.dat 7 2036 CLCI 20.8324
Model_1_goa_pop_2023.dat 7 2036 CUCI 32.2068
Model_1_goa_pop_2023.dat 7 2036 CMedian 26.4477
Model_1_goa_pop_2023.dat 7 2036 CMean 26.5644
Model_1_goa_pop_2023.dat 7 2023 SSBF100 330.118
Model_1_goa_pop_2023.dat 7 2023 SSBFabc 132.047
Model_1_goa_pop_2023.dat 7 2023 SSBFofl 115.541
Model_1_goa_pop_2023.dat 7 2023 SSBLCI 217.879
Model_1_goa_pop_2023.dat 7 2023 SSBUCI 217.879
Model_1_goa_pop_2023.dat 7 2023 SSBMedian 217.879
Model_1_goa_pop_2023.dat 7 2023 SSBMean 217.879
Model_1_goa_pop_2023.dat 7 2024 SSBF100 330.118
Model_1_goa_pop_2023.dat 7 2024 SSBFabc 132.047
Model_1_goa_pop_2023.dat 7 2024 SSBFofl 115.541
Model_1_goa_pop_2023.dat 7 2024 SSBLCI 210.739
Model_1_goa_pop_2023.dat 7 2024 SSBUCI 210.767
Model_1_goa_pop_2023.dat 7 2024 SSBMedian 210.747
Model_1_goa_pop_2023.dat 7 2024 SSBMean 210.749
Model_1_goa_pop_2023.dat 7 2025 SSBF100 330.118
Model_1_goa_pop_2023.dat 7 2025 SSBFabc 132.047
Model_1_goa_pop_2023.dat 7 2025 SSBFofl 115.541
Model_1_goa_pop_2023.dat 7 2025 SSBLCI 201.913
Model_1_goa_pop_2023.dat 7 2025 SSBUCI 202.027
Model_1_goa_pop_2023.dat 7 2025 SSBMedian 201.951
Model_1_goa_pop_2023.dat 7 2025 SSBMean 201.957
Model_1_goa_pop_2023.dat 7 2026 SSBF100 330.118
Model_1_goa_pop_2023.dat 7 2026 SSBFabc 132.047
Model_1_goa_pop_2023.dat 7 2026 SSBFofl 115.541
Model_1_goa_pop_2023.dat 7 2026 SSBLCI 192.926
Model_1_goa_pop_2023.dat 7 2026 SSBUCI 193.278
Model_1_goa_pop_2023.dat 7 2026 SSBMedian 193.042
Model_1_goa_pop_2023.dat 7 2026 SSBMean 193.062
Model_1_goa_pop_2023.dat 7 2027 SSBF100 330.118
Model_1_goa_pop_2023.dat 7 2027 SSBFabc 132.047
Model_1_goa_pop_2023.dat 7 2027 SSBFofl 115.541
Model_1_goa_pop_2023.dat 7 2027 SSBLCI 182.412
Model_1_goa_pop_2023.dat 7 2027 SSBUCI 183.323
Model_1_goa_pop_2023.dat 7 2027 SSBMedian 182.714
Model_1_goa_pop_2023.dat 7 2027 SSBMean 182.765
Model_1_goa_pop_2023.dat 7 2028 SSBF100 330.118
Model_1_goa_pop_2023.dat 7 2028 SSBFabc 132.047
Model_1_goa_pop_2023.dat 7 2028 SSBFofl 115.541
Model_1_goa_pop_2023.dat 7 2028 SSBLCI 171.855
Model_1_goa_pop_2023.dat 7 2028 SSBUCI 173.963
Model_1_goa_pop_2023.dat 7 2028 SSBMedian 172.571
Model_1_goa_pop_2023.dat 7 2028 SSBMean 172.686
Model_1_goa_pop_2023.dat 7 2029 SSBF100 330.118
Model_1_goa_pop_2023.dat 7 2029 SSBFabc 132.047
Model_1_goa_pop_2023.dat 7 2029 SSBFofl 115.541
Model_1_goa_pop_2023.dat 7 2029 SSBLCI 161.351
Model_1_goa_pop_2023.dat 7 2029 SSBUCI 165.728
Model_1_goa_pop_2023.dat 7 2029 SSBMedian 162.853
Model_1_goa_pop_2023.dat 7 2029 SSBMean 163.069
Model_1_goa_pop_2023.dat 7 2030 SSBF100 330.118
Model_1_goa_pop_2023.dat 7 2030 SSBFabc 132.047
Model_1_goa_pop_2023.dat 7 2030 SSBFofl 115.541
Model_1_goa_pop_2023.dat 7 2030 SSBLCI 151.21
Model_1_goa_pop_2023.dat 7 2030 SSBUCI 159.21
Model_1_goa_pop_2023.dat 7 2030 SSBMedian 154.034
Model_1_goa_pop_2023.dat 7 2030 SSBMean 154.454
Model_1_goa_pop_2023.dat 7 2031 SSBF100 330.118
Model_1_goa_pop_2023.dat 7 2031 SSBFabc 132.047
Model_1_goa_pop_2023.dat 7 2031 SSBFofl 115.541
Model_1_goa_pop_2023.dat 7 2031 SSBLCI 141.916
Model_1_goa_pop_2023.dat 7 2031 SSBUCI 155.23
Model_1_goa_pop_2023.dat 7 2031 SSBMedian 146.558
Model_1_goa_pop_2023.dat 7 2031 SSBMean 147.305
Model_1_goa_pop_2023.dat 7 2032 SSBF100 330.118
Model_1_goa_pop_2023.dat 7 2032 SSBFabc 132.047
Model_1_goa_pop_2023.dat 7 2032 SSBFofl 115.541
Model_1_goa_pop_2023.dat 7 2032 SSBLCI 133.853
Model_1_goa_pop_2023.dat 7 2032 SSBUCI 152.844
Model_1_goa_pop_2023.dat 7 2032 SSBMedian 140.615
Model_1_goa_pop_2023.dat 7 2032 SSBMean 141.713
Model_1_goa_pop_2023.dat 7 2033 SSBF100 330.118
Model_1_goa_pop_2023.dat 7 2033 SSBFabc 132.047
Model_1_goa_pop_2023.dat 7 2033 SSBFofl 115.541
Model_1_goa_pop_2023.dat 7 2033 SSBLCI 126.835
Model_1_goa_pop_2023.dat 7 2033 SSBUCI 151.655
Model_1_goa_pop_2023.dat 7 2033 SSBMedian 136.299
Model_1_goa_pop_2023.dat 7 2033 SSBMean 137.521
Model_1_goa_pop_2023.dat 7 2034 SSBF100 330.118
Model_1_goa_pop_2023.dat 7 2034 SSBFabc 132.047
Model_1_goa_pop_2023.dat 7 2034 SSBFofl 115.541
Model_1_goa_pop_2023.dat 7 2034 SSBLCI 122.317
Model_1_goa_pop_2023.dat 7 2034 SSBUCI 151.169
Model_1_goa_pop_2023.dat 7 2034 SSBMedian 133.454
Model_1_goa_pop_2023.dat 7 2034 SSBMean 134.456
Model_1_goa_pop_2023.dat 7 2035 SSBF100 330.118
Model_1_goa_pop_2023.dat 7 2035 SSBFabc 132.047
Model_1_goa_pop_2023.dat 7 2035 SSBFofl 115.541
Model_1_goa_pop_2023.dat 7 2035 SSBLCI 118.126
Model_1_goa_pop_2023.dat 7 2035 SSBUCI 150.865
Model_1_goa_pop_2023.dat 7 2035 SSBMedian 130.456
Model_1_goa_pop_2023.dat 7 2035 SSBMean 132.256
Model_1_goa_pop_2023.dat 7 2036 SSBF100 330.118
Model_1_goa_pop_2023.dat 7 2036 SSBFabc 132.047
Model_1_goa_pop_2023.dat 7 2036 SSBFofl 115.541
Model_1_goa_pop_2023.dat 7 2036 SSBLCI 115.664
Model_1_goa_pop_2023.dat 7 2036 SSBUCI 150.472
Model_1_goa_pop_2023.dat 7 2036 SSBMedian 128.847
Model_1_goa_pop_2023.dat 7 2036 SSBMean 130.651
Model_1_goa_pop_2023.dat 7 2023 F0 0 
Model_1_goa_pop_2023.dat 7 2023 Fabc 0.0996381
Model_1_goa_pop_2023.dat 7 2023 Fofl 0.119494
Model_1_goa_pop_2023.dat 7 2023  F_LCI 0.0750682
Model_1_goa_pop_2023.dat 7 2023  F_UCI 0.0750682
Model_1_goa_pop_2023.dat 7 2023  F_Median 0.0750682
Model_1_goa_pop_2023.dat 7 2023  F_Mean 0.0750682
Model_1_goa_pop_2023.dat 7 2024 F0 0 
Model_1_goa_pop_2023.dat 7 2024 Fabc 0.0996381
Model_1_goa_pop_2023.dat 7 2024 Fofl 0.119494
Model_1_goa_pop_2023.dat 7 2024  F_LCI 0.099638
Model_1_goa_pop_2023.dat 7 2024  F_UCI 0.099638
Model_1_goa_pop_2023.dat 7 2024  F_Median 0.099638
Model_1_goa_pop_2023.dat 7 2024  F_Mean 0.099638
Model_1_goa_pop_2023.dat 7 2025 F0 0 
Model_1_goa_pop_2023.dat 7 2025 Fabc 0.0996381
Model_1_goa_pop_2023.dat 7 2025 Fofl 0.119494
Model_1_goa_pop_2023.dat 7 2025  F_LCI 0.099638
Model_1_goa_pop_2023.dat 7 2025  F_UCI 0.099638
Model_1_goa_pop_2023.dat 7 2025  F_Median 0.099638
Model_1_goa_pop_2023.dat 7 2025  F_Mean 0.099638
Model_1_goa_pop_2023.dat 7 2026 F0 0 
Model_1_goa_pop_2023.dat 7 2026 Fabc 0.0996381
Model_1_goa_pop_2023.dat 7 2026 Fofl 0.119494
Model_1_goa_pop_2023.dat 7 2026  F_LCI 0.119494
Model_1_goa_pop_2023.dat 7 2026  F_UCI 0.119494
Model_1_goa_pop_2023.dat 7 2026  F_Median 0.119494
Model_1_goa_pop_2023.dat 7 2026  F_Mean 0.119494
Model_1_goa_pop_2023.dat 7 2027 F0 0 
Model_1_goa_pop_2023.dat 7 2027 Fabc 0.0996381
Model_1_goa_pop_2023.dat 7 2027 Fofl 0.119494
Model_1_goa_pop_2023.dat 7 2027  F_LCI 0.119494
Model_1_goa_pop_2023.dat 7 2027  F_UCI 0.119494
Model_1_goa_pop_2023.dat 7 2027  F_Median 0.119494
Model_1_goa_pop_2023.dat 7 2027  F_Mean 0.119494
Model_1_goa_pop_2023.dat 7 2028 F0 0 
Model_1_goa_pop_2023.dat 7 2028 Fabc 0.0996381
Model_1_goa_pop_2023.dat 7 2028 Fofl 0.119494
Model_1_goa_pop_2023.dat 7 2028  F_LCI 0.119494
Model_1_goa_pop_2023.dat 7 2028  F_UCI 0.119494
Model_1_goa_pop_2023.dat 7 2028  F_Median 0.119494
Model_1_goa_pop_2023.dat 7 2028  F_Mean 0.119494
Model_1_goa_pop_2023.dat 7 2029 F0 0 
Model_1_goa_pop_2023.dat 7 2029 Fabc 0.0996381
Model_1_goa_pop_2023.dat 7 2029 Fofl 0.119494
Model_1_goa_pop_2023.dat 7 2029  F_LCI 0.119494
Model_1_goa_pop_2023.dat 7 2029  F_UCI 0.119494
Model_1_goa_pop_2023.dat 7 2029  F_Median 0.119494
Model_1_goa_pop_2023.dat 7 2029  F_Mean 0.119494
Model_1_goa_pop_2023.dat 7 2030 F0 0 
Model_1_goa_pop_2023.dat 7 2030 Fabc 0.0996381
Model_1_goa_pop_2023.dat 7 2030 Fofl 0.119494
Model_1_goa_pop_2023.dat 7 2030  F_LCI 0.119494
Model_1_goa_pop_2023.dat 7 2030  F_UCI 0.119494
Model_1_goa_pop_2023.dat 7 2030  F_Median 0.119494
Model_1_goa_pop_2023.dat 7 2030  F_Mean 0.119494
Model_1_goa_pop_2023.dat 7 2031 F0 0 
Model_1_goa_pop_2023.dat 7 2031 Fabc 0.0996381
Model_1_goa_pop_2023.dat 7 2031 Fofl 0.119494
Model_1_goa_pop_2023.dat 7 2031  F_LCI 0.119494
Model_1_goa_pop_2023.dat 7 2031  F_UCI 0.119494
Model_1_goa_pop_2023.dat 7 2031  F_Median 0.119494
Model_1_goa_pop_2023.dat 7 2031  F_Mean 0.119494
Model_1_goa_pop_2023.dat 7 2032 F0 0 
Model_1_goa_pop_2023.dat 7 2032 Fabc 0.0996381
Model_1_goa_pop_2023.dat 7 2032 Fofl 0.119494
Model_1_goa_pop_2023.dat 7 2032  F_LCI 0.119494
Model_1_goa_pop_2023.dat 7 2032  F_UCI 0.119494
Model_1_goa_pop_2023.dat 7 2032  F_Median 0.119494
Model_1_goa_pop_2023.dat 7 2032  F_Mean 0.119479
Model_1_goa_pop_2023.dat 7 2033 F0 0 
Model_1_goa_pop_2023.dat 7 2033 Fabc 0.0996381
Model_1_goa_pop_2023.dat 7 2033 Fofl 0.119494
Model_1_goa_pop_2023.dat 7 2033  F_LCI 0.114529
Model_1_goa_pop_2023.dat 7 2033  F_UCI 0.119494
Model_1_goa_pop_2023.dat 7 2033  F_Median 0.119494
Model_1_goa_pop_2023.dat 7 2033  F_Mean 0.118677
Model_1_goa_pop_2023.dat 7 2034 F0 0 
Model_1_goa_pop_2023.dat 7 2034 Fabc 0.0996381
Model_1_goa_pop_2023.dat 7 2034 Fofl 0.119494
Model_1_goa_pop_2023.dat 7 2034  F_LCI 0.110225
Model_1_goa_pop_2023.dat 7 2034  F_UCI 0.119494
Model_1_goa_pop_2023.dat 7 2034  F_Median 0.119494
Model_1_goa_pop_2023.dat 7 2034  F_Mean 0.11705
Model_1_goa_pop_2023.dat 7 2035 F0 0 
Model_1_goa_pop_2023.dat 7 2035 Fabc 0.0996381
Model_1_goa_pop_2023.dat 7 2035 Fofl 0.119494
Model_1_goa_pop_2023.dat 7 2035  F_LCI 0.106233
Model_1_goa_pop_2023.dat 7 2035  F_UCI 0.119494
Model_1_goa_pop_2023.dat 7 2035  F_Median 0.117979
Model_1_goa_pop_2023.dat 7 2035  F_Mean 0.11562
Model_1_goa_pop_2023.dat 7 2036 F0 0 
Model_1_goa_pop_2023.dat 7 2036 Fabc 0.0996381
Model_1_goa_pop_2023.dat 7 2036 Fofl 0.119494
Model_1_goa_pop_2023.dat 7 2036  F_LCI 0.103889
Model_1_goa_pop_2023.dat 7 2036  F_UCI 0.119494
Model_1_goa_pop_2023.dat 7 2036  F_Median 0.116446
Model_1_goa_pop_2023.dat 7 2036  F_Mean 0.114542
