Alternative 1 Catch
     Model_1_goa_pop_2023.dat 
Equil_Fabc 25.3018 
Year 
2023 29.7605 
2024 24.2344 
2025 31.034 
2026 29.414 
2027 36.0782 
2028 34.1773 
2029 32.4633 
2030 30.9918 
2031 29.7622 
2032 28.7829 
2033 28.0156 
2034 27.4369 
2035 26.9854 
2036 26.6331 

Alternative 1 ABCs
     Model_1_goa_pop_2023.dat 

Year 
2023  NA 
2024  NA 
2025  NA 
2026  NA 
2027 36.0782 
2028 34.1773 
2029 32.4633 
2030 30.9918 
2031 29.7622 
2032 28.7829 
2033 28.0156 
2034 27.4369 
2035 26.9854 
2036 26.6331 

Alternative 1 TACs
     Model_1_goa_pop_2023.dat 

Year 
2023  NA 
2024  NA 
2025  NA 
2026  NA 
2027 36.0782 
2028 34.1773 
2029 32.4633 
2030 30.9918 
2031 29.7622 
2032 28.7829 
2033 28.0156 
2034 27.4369 
2035 26.9854 
2036 26.6331 

Alternative 1 Sp_Biomass
     Model_1_goa_pop_2023.dat 
Equil_Fabc 137.447 
Year 
2023 234.446 
2024 229.395 
2025 224.627 
2026 217.806 
2027 209.72 
2028 199.127 
2029 188.906 
2030 179.677 
2031 171.981 
2032 165.957 
2033 161.427 
2034 158.011 
2035 155.371 
2036 153.249 

Alternative 1 Fishing Mortality
     Model_1_goa_pop_2023.dat 
Equil_Fabc 0.0990105 
Year 
2023 0.0712498 
2024 0.0594288 
2025 0.0782983 
2026 0.0770449 
2027 0.0990105 
2028 0.0990105 
2029 0.0990105 
2030 0.0990105 
2031 0.0990105 
2032 0.0990105 
2033 0.0990105 
2034 0.0990043 
2035 0.0988928 
2036 0.0986423 

Alternative 1 Biomass
     Model_1_goa_pop_2023.dat 

Year 
2023 670.712 
2024 650.655 
2025 636.621 
2026 616.784 
2027 600.104 
2028 578.212 
2029 559.992 
2030 545.017 
2031 532.864 
2032 523.143 
2033 515.273 
2034 508.85 
2035 503.383 
2036 498.731 

Alternative 1 Implied SPR rate 
     Model_1_goa_pop_2023.dat 
Equil_Fabc 0.4 
Year 
2023 0.491924 
2024 0.542513 
2025 0.465404 
2026 0.469942 
2027 0.4 
2028 0.4 
2029 0.4 
2030 0.4 
2031 0.4 
2032 0.4 
2033 0.4 
2034 0.400017 
2035 0.400334 
2036 0.401056 

  Model_1_goa_pop_2023.dat 
EquilAvgAgeF0  12.2163 
EquilAvgAgeFabc  7.81304 
AvgAgeYr2036 8.54882 
Alternative 2 Catch
     Model_1_goa_pop_2023.dat 
Equil_Fabc 25.3018 
Year 
2023 29.7605 
2024 24.2344 
2025 31.034 
2026 29.414 
2027 36.0782 
2028 34.1773 
2029 32.4633 
2030 30.9918 
2031 29.7622 
2032 28.7829 
2033 28.0156 
2034 27.4369 
2035 26.9854 
2036 26.6331 

Alternative 2 ABCs
     Model_1_goa_pop_2023.dat 

Year 
2023  NA 
2024  NA 
2025  NA 
2026  NA 
2027 36.0782 
2028 34.1773 
2029 32.4633 
2030 30.9918 
2031 29.7622 
2032 28.7829 
2033 28.0156 
2034 27.4369 
2035 26.9854 
2036 26.6331 

Alternative 2 TACs
     Model_1_goa_pop_2023.dat 

Year 
2023  NA 
2024  NA 
2025  NA 
2026  NA 
2027 36.0782 
2028 34.1773 
2029 32.4633 
2030 30.9918 
2031 29.7622 
2032 28.7829 
2033 28.0156 
2034 27.4369 
2035 26.9854 
2036 26.6331 

Alternative 2 Sp_Biomass
     Model_1_goa_pop_2023.dat 
Equil_Fabc 137.447 
Year 
2023 234.446 
2024 229.395 
2025 224.627 
2026 217.806 
2027 209.72 
2028 199.127 
2029 188.906 
2030 179.677 
2031 171.981 
2032 165.957 
2033 161.427 
2034 158.011 
2035 155.371 
2036 153.249 

Alternative 2 Fishing Mortality
     Model_1_goa_pop_2023.dat 
Equil_Fabc 0.0990105 
Year 
2023 0.0712498 
2024 0.0594288 
2025 0.0782983 
2026 0.0770449 
2027 0.0990105 
2028 0.0990105 
2029 0.0990105 
2030 0.0990105 
2031 0.0990105 
2032 0.0990105 
2033 0.0990105 
2034 0.0990043 
2035 0.0988928 
2036 0.0986423 

Alternative 2 Biomass
     Model_1_goa_pop_2023.dat 

Year 
2023 670.712 
2024 650.655 
2025 636.621 
2026 616.784 
2027 600.104 
2028 578.212 
2029 559.992 
2030 545.017 
2031 532.864 
2032 523.143 
2033 515.273 
2034 508.85 
2035 503.383 
2036 498.731 

Alternative 2 Implied SPR rate 
     Model_1_goa_pop_2023.dat 
Equil_Fabc 0.4 
Year 
2023 0.491924 
2024 0.542513 
2025 0.465404 
2026 0.469942 
2027 0.4 
2028 0.4 
2029 0.4 
2030 0.4 
2031 0.4 
2032 0.4 
2033 0.4 
2034 0.400017 
2035 0.400334 
2036 0.401056 

  Model_1_goa_pop_2023.dat 
EquilAvgAgeF0  12.2163 
EquilAvgAgeFabc  7.81304 
AvgAgeYr2036 8.54882 
Alternative 3 Catch
     Model_1_goa_pop_2023.dat 
Equil_Fabc 25.3018 
Year 
2023 29.7605 
2024 24.2344 
2025 31.034 
2026 29.414 
2027 18.3865 
2028 18.0827 
2029 17.793 
2030 17.5471 
2031 17.3491 
2032 17.2115 
2033 17.1235 
2034 17.0851 
2035 17.0848 
2036 17.1216 

Alternative 3 ABCs
     Model_1_goa_pop_2023.dat 

Year 
2023  NA 
2024  NA 
2025  NA 
2026  NA 
2027 18.3865 
2028 18.0827 
2029 17.793 
2030 17.5471 
2031 17.3491 
2032 17.2115 
2033 17.1235 
2034 17.0851 
2035 17.0848 
2036 17.1216 

Alternative 3 TACs
     Model_1_goa_pop_2023.dat 

Year 
2023  NA 
2024  NA 
2025  NA 
2026  NA 
2027 18.3865 
2028 18.0827 
2029 17.793 
2030 17.5471 
2031 17.3491 
2032 17.2115 
2033 17.1235 
2034 17.0851 
2035 17.0848 
2036 17.1216 

Alternative 3 Sp_Biomass
     Model_1_goa_pop_2023.dat 
Equil_Fabc 137.447 
Year 
2023 234.446 
2024 229.395 
2025 224.627 
2026 217.806 
2027 212.436 
2028 209.389 
2029 205.879 
2030 202.51 
2031 199.886 
2032 198.249 
2033 197.546 
2034 197.494 
2035 197.825 
2036 198.319 

Alternative 3 Fishing Mortality
     Model_1_goa_pop_2023.dat 
Equil_Fabc 0.0990105 
Year 
2023 0.0712498 
2024 0.0594288 
2025 0.0782983 
2026 0.0770449 
2027 0.0495053 
2028 0.0495053 
2029 0.0495053 
2030 0.0495053 
2031 0.0495053 
2032 0.0495053 
2033 0.0495053 
2034 0.0495053 
2035 0.0495053 
2036 0.0495053 

Alternative 3 Biomass
     Model_1_goa_pop_2023.dat 

Year 
2023 670.712 
2024 650.655 
2025 636.621 
2026 616.784 
2027 600.104 
2028 595.906 
2029 593.068 
2030 591.366 
2031 590.629 
2032 590.718 
2033 591.308 
2034 592.21 
2035 593.13 
2036 594.048 

Alternative 3 Implied SPR rate 
     Model_1_goa_pop_2023.dat 
Equil_Fabc 0.4 
Year 
2023 0.491924 
2024 0.542513 
2025 0.465404 
2026 0.469942 
2027 0.592047 
2028 0.592047 
2029 0.592047 
2030 0.592047 
2031 0.592047 
2032 0.592047 
2033 0.592047 
2034 0.592047 
2035 0.592047 
2036 0.592047 

  Model_1_goa_pop_2023.dat 
EquilAvgAgeF0  12.2163 
EquilAvgAgeFabc  7.81304 
AvgAgeYr2036 9.53966 
Alternative 4 Catch
     Model_1_goa_pop_2023.dat 
Equil_Fabc 25.3018 
Year 
2023 29.7605 
2024 24.2344 
2025 31.034 
2026 29.414 
2027 23.5941 
2028 22.9526 
2029 22.3531 
2030 21.8349 
2031 21.4029 
2032 21.0715 
2033 20.8247 
2034 20.6591 
2035 20.5574 
2036 20.5144 

Alternative 4 ABCs
     Model_1_goa_pop_2023.dat 

Year 
2023  NA 
2024  NA 
2025  NA 
2026  NA 
2027 23.5941 
2028 22.9526 
2029 22.3531 
2030 21.8349 
2031 21.4029 
2032 21.0715 
2033 20.8247 
2034 20.6591 
2035 20.5574 
2036 20.5144 

Alternative 4 TACs
     Model_1_goa_pop_2023.dat 

Year 
2023  NA 
2024  NA 
2025  NA 
2026  NA 
2027 23.5941 
2028 22.9526 
2029 22.3531 
2030 21.8349 
2031 21.4029 
2032 21.0715 
2033 20.8247 
2034 20.6591 
2035 20.5574 
2036 20.5144 

Alternative 4 Sp_Biomass
     Model_1_goa_pop_2023.dat 
Equil_Fabc 137.447 
Year 
2023 234.446 
2024 229.395 
2025 224.627 
2026 217.806 
2027 211.643 
2028 206.352 
2029 200.786 
2030 195.566 
2031 191.29 
2032 188.182 
2033 186.158 
2034 184.914 
2035 184.167 
2036 183.683 

Alternative 4 Fishing Mortality
     Model_1_goa_pop_2023.dat 
Equil_Fabc 0.0990105 
Year 
2023 0.0712498 
2024 0.0594288 
2025 0.0782983 
2026 0.0770449 
2027 0.0638806 
2028 0.0638806 
2029 0.0638806 
2030 0.0638806 
2031 0.0638806 
2032 0.0638806 
2033 0.0638806 
2034 0.0638806 
2035 0.0638806 
2036 0.0638806 

Alternative 4 Biomass
     Model_1_goa_pop_2023.dat 

Year 
2023 670.712 
2024 650.655 
2025 636.621 
2026 616.784 
2027 600.104 
2028 590.698 
2029 583.201 
2030 577.361 
2031 572.957 
2032 569.803 
2033 567.514 
2034 565.855 
2035 564.484 
2036 563.347 

Alternative 4 Implied SPR rate 
     Model_1_goa_pop_2023.dat 
Equil_Fabc 0.4 
Year 
2023 0.491924 
2024 0.542513 
2025 0.465404 
2026 0.469942 
2027 0.522482 
2028 0.522482 
2029 0.522482 
2030 0.522482 
2031 0.522482 
2032 0.522482 
2033 0.522482 
2034 0.522482 
2035 0.522482 
2036 0.522482 

  Model_1_goa_pop_2023.dat 
EquilAvgAgeF0  12.2163 
EquilAvgAgeFabc  7.81304 
AvgAgeYr2036 9.23514 
Alternative 5 Catch
     Model_1_goa_pop_2023.dat 
Equil_Fabc 25.3018 
Year 
2023 29.7605 
2024 24.2344 
2025 31.034 
2026 29.414 
2027  NA 
2028  NA 
2029  NA 
2030  NA 
2031  NA 
2032  NA 
2033  NA 
2034  NA 
2035  NA 
2036  NA 

Alternative 5 ABCs
     Model_1_goa_pop_2023.dat 

Year 
2023  NA 
2024  NA 
2025  NA 
2026  NA 
2027  NA 
2028  NA 
2029  NA 
2030  NA 
2031  NA 
2032  NA 
2033  NA 
2034  NA 
2035  NA 
2036  NA 

Alternative 5 TACs
     Model_1_goa_pop_2023.dat 

Year 
2023  NA 
2024  NA 
2025  NA 
2026  NA 
2027  NA 
2028  NA 
2029  NA 
2030  NA 
2031  NA 
2032  NA 
2033  NA 
2034  NA 
2035  NA 
2036  NA 

Alternative 5 Sp_Biomass
     Model_1_goa_pop_2023.dat 
Equil_Fabc 137.447 
Year 
2023 234.446 
2024 229.395 
2025 224.627 
2026 217.806 
2027 215.189 
2028 220.221 
2029 224.52 
2030 228.579 
2031 232.962 
2032 237.927 
2033 243.462 
2034 249.314 
2035 255.241 
2036 261.028 

Alternative 5 Fishing Mortality
     Model_1_goa_pop_2023.dat 
Equil_Fabc 0.0990105 
Year 
2023 0.0712498 
2024 0.0594288 
2025 0.0782983 
2026 0.0770449 
2027  NA 
2028  NA 
2029  NA 
2030  NA 
2031  NA 
2032  NA 
2033  NA 
2034  NA 
2035  NA 
2036  NA 

Alternative 5 Biomass
     Model_1_goa_pop_2023.dat 

Year 
2023 670.712 
2024 650.655 
2025 636.621 
2026 616.784 
2027 600.104 
2028 614.299 
2029 628.786 
2030 643.318 
2031 657.761 
2032 672.027 
2033 685.876 
2034 699.19 
2035 711.762 
2036 723.62 

Alternative 5 Implied SPR rate 
     Model_1_goa_pop_2023.dat 
Equil_Fabc 0.4 
Year 
2023 0.491924 
2024 0.542513 
2025 0.465404 
2026 0.469942 
2027 1 
2028 1 
2029 1 
2030 1 
2031 1 
2032 1 
2033 1 
2034 1 
2035 1 
2036 1 

  Model_1_goa_pop_2023.dat 
EquilAvgAgeF0  12.2163 
EquilAvgAgeFabc  7.81304 
AvgAgeYr2036 10.6868 
Alternative 6 Catch
     Model_1_goa_pop_2023.dat 
Equil_Fabc 25.3018 
Year 
2023 29.7605 
2024 47.5211 
2025 44.4729 
2026 41.6141 
2027 38.9707 
2028 36.606 
2029 34.5406 
2030 32.822 
2031 31.435 
2032 30.3241 
2033 29.1724 
2034 28.2483 
2035 27.6155 
2036 27.2215 

Alternative 6 ABCs
     Model_1_goa_pop_2023.dat 

Year 
2023 48.8962 
2024 47.5211 
2025 44.4729 
2026 41.6141 
2027 38.9707 
2028 36.606 
2029 34.5406 
2030 32.822 
2031 31.435 
2032 30.3241 
2033 29.1724 
2034 28.2483 
2035 27.6155 
2036 27.2215 

Alternative 6 TACs
     Model_1_goa_pop_2023.dat 

Year 
2023  NA 
2024 47.5211 
2025 44.4729 
2026 41.6141 
2027 38.9707 
2028 36.606 
2029 34.5406 
2030 32.822 
2031 31.435 
2032 30.3241 
2033 29.1724 
2034 28.2483 
2035 27.6155 
2036 27.2215 

Alternative 6 Sp_Biomass
     Model_1_goa_pop_2023.dat 
Equil_Fabc 137.447 
Year 
2023 234.446 
2024 225.829 
2025 212.405 
2026 200.06 
2027 188.388 
2028 177.149 
2029 166.658 
2030 157.462 
2031 150.003 
2032 144.339 
2033 140.274 
2034 137.466 
2035 135.524 
2036 134.124 

Alternative 6 Fishing Mortality
     Model_1_goa_pop_2023.dat 
Equil_Fabc 0.0990105 
Year 
2023 0.0712498 
2024 0.119243 
2025 0.119243 
2026 0.119243 
2027 0.119243 
2028 0.119243 
2029 0.119243 
2030 0.119243 
2031 0.119243 
2032 0.119034 
2033 0.1174 
2034 0.115574 
2035 0.114146 
2036 0.113125 

Alternative 6 Biomass
     Model_1_goa_pop_2023.dat 

Year 
2023 670.712 
2024 650.655 
2025 613.302 
2026 580.932 
2027 553.554 
2028 530.829 
2029 512.399 
2030 497.67 
2031 486.054 
2032 477.042 
2033 469.991 
2034 464.742 
2035 460.738 
2036 457.67 

Alternative 6 Implied SPR rate 
     Model_1_goa_pop_2023.dat 
Equil_Fabc 0.4 
Year 
2023 0.491924 
2024 0.35 
2025 0.35 
2026 0.35 
2027 0.35 
2028 0.35 
2029 0.35 
2030 0.35 
2031 0.35 
2032 0.350467 
2033 0.354198 
2034 0.358499 
2035 0.361957 
2036 0.364483 

  Model_1_goa_pop_2023.dat 
EquilAvgAgeF0  12.2163 
EquilAvgAgeFabc  7.81304 
AvgAgeYr2036 8.04065 
Alternative 7 Catch
     Model_1_goa_pop_2023.dat 
Equil_Fabc 25.3018 
Year 
2023 29.7605 
2024 39.7648 
2025 37.7851 
2026 42.8658 
2027 40.0715 
2028 37.5638 
2029 35.3651 
2030 33.525 
2031 32.029 
2032 30.8624 
2033 29.7471 
2034 28.7527 
2035 28.0301 
2036 27.551 

Alternative 7 ABCs
     Model_1_goa_pop_2023.dat 

Year 
2023 48.8962 
2024 47.5211 
2025 45.156 
2026 42.8658 
2027 40.0715 
2028 37.5638 
2029 35.3651 
2030 33.525 
2031 32.029 
2032 30.8624 
2033 29.7471 
2034 28.7527 
2035 28.0301 
2036 27.551 

Alternative 7 TACs
     Model_1_goa_pop_2023.dat 

Year 
2023  NA 
2024 47.5211 
2025 45.156 
2026 42.8658 
2027 40.0715 
2028 37.5638 
2029 35.3651 
2030 33.525 
2031 32.029 
2032 30.8624 
2033 29.7471 
2034 28.7527 
2035 28.0301 
2036 27.551 

Alternative 7 Sp_Biomass
     Model_1_goa_pop_2023.dat 
Equil_Fabc 137.447 
Year 
2023 234.446 
2024 227.028 
2025 216.818 
2026 206.107 
2027 193.788 
2028 181.922 
2029 170.837 
2030 161.091 
2031 153.134 
2032 147.023 
2033 142.539 
2034 139.333 
2035 137.047 
2036 135.359 

Alternative 7 Fishing Mortality
     Model_1_goa_pop_2023.dat 
Equil_Fabc 0.0990105 
Year 
2023 0.0712498 
2024 0.0990104 
2025 0.0990104 
2026 0.119243 
2027 0.119243 
2028 0.119243 
2029 0.119243 
2030 0.119243 
2031 0.119243 
2032 0.119214 
2033 0.11815 
2034 0.116412 
2035 0.114916 
2036 0.11378 

Alternative 7 Biomass
     Model_1_goa_pop_2023.dat 

Year 
2023 670.712 
2024 650.655 
2025 621.068 
2026 595.089 
2027 565.873 
2028 541.483 
2029 521.568 
2030 505.53 
2031 492.775 
2032 482.78 
2033 474.847 
2034 468.722 
2035 463.956 
2036 460.253 

Alternative 7 Implied SPR rate 
     Model_1_goa_pop_2023.dat 
Equil_Fabc 0.4 
Year 
2023 0.491924 
2024 0.4 
2025 0.4 
2026 0.35 
2027 0.35 
2028 0.35 
2029 0.35 
2030 0.35 
2031 0.35 
2032 0.350065 
2033 0.352475 
2034 0.356525 
2035 0.360109 
2036 0.362891 

  Model_1_goa_pop_2023.dat 
EquilAvgAgeF0  12.2163 
EquilAvgAgeFabc  7.81304 
AvgAgeYr2036 8.08313 
