
SB0 SB40 SB35 MeanRec HarMeanRec Bnow
343.618 137.447 120.266 0.115342 0.0903428 244.876 
CV Recruit
0.526038 
Alternative 1 Alternative  Stock: Model_1_goa_pop_2023.dat
Catch Model_1_goa_pop_2023.dat
Year C0 Cabc Cofl LowCI_Catch Median_Catch Mean_Catch UpperCI_Catch Stdev_Catch 
2023  0 25.3018 27.0643 29.7605 29.7605 29.7605 29.7605 5.43565e-13 
2024  0 25.3018 27.0643 23.8313 23.8313 23.8313 23.8313 1.85963e-10 
2025  0 25.3018 27.0643 31.058 31.058 31.058 31.058 1.47618e-08 
2026  0 25.3018 27.0643 29.435 29.435 29.435 29.435 7.59701e-08 
2027  0 25.3018 27.0643 35.9607 36.0817 36.1029 36.3039 0.117698 
2028  0 25.3018 27.0643 33.8662 34.1535 34.1989 34.6611 0.26908 
2029  0 25.3018 27.0643 31.8491 32.411 32.4821 33.3363 0.500568 
2030  0 25.3018 27.0643 29.9788 30.8946 31.008 32.4693 0.80152 
2031  0 25.3018 27.0643 28.2792 29.6184 29.7761 31.7583 1.14692 
2032  0 25.3018 27.0643 26.7824 28.5603 28.7947 31.4258 1.50587 
2033  0 25.3018 27.0643 25.5051 27.828 28.0255 31.3272 1.84905 
2034  0 25.3018 27.0643 24.348 27.1923 27.4453 31.3354 2.15698 
2035  0 25.3018 27.0643 23.4507 26.7454 26.9928 31.208 2.45973 
2036  0 25.3018 27.0643 22.1791 26.4315 26.6396 31.2595 2.7559 

Spawning_Biomass Model_1_goa_pop_2023.dat
Year SSB100 SSBabc SSBofl LowCI_SSB Median_SSB Mean_SSB UpperCI_SSB Stdev_SSB 
2023 343.618 137.447 120.266 234.446 234.446 234.446 234.446 2.24532e-12 
2024 343.618 137.447 120.266 229.445 229.453 229.455 229.473 0.00926822 
2025 343.618 137.447 120.266 224.754 224.793 224.8 224.868 0.0392418 
2026 343.618 137.447 120.266 217.813 217.944 217.966 218.181 0.126192 
2027 343.618 137.447 120.266 209.463 209.809 209.866 210.432 0.328518 
2028 343.618 137.447 120.266 198.335 199.137 199.258 200.538 0.742995 
2029 343.618 137.447 120.266 187.089 188.789 189.021 191.681 1.53337 
2030 343.618 137.447 120.266 176.12 179.39 179.778 184.636 2.85604 
2031 343.618 137.447 120.266 165.993 171.445 172.07 180.366 4.74398 
2032 343.618 137.447 120.266 156.957 165.07 166.034 178.08 6.9947 
2033 343.618 137.447 120.266 149.135 160.113 161.494 177.58 9.24238 
2034 343.618 137.447 120.266 142.863 156.907 158.069 177.797 11.1822 
2035 343.618 137.447 120.266 136.924 153.864 155.422 178.228 12.693 
2036 343.618 137.447 120.266 133.017 151.542 153.293 177.073 13.7834 

Fishing_mortalityModel_1_goa_pop_2023.dat
Year F0 Fabc Fofl LowCI_F Median_F Mean_F UpperCI_F Stdev_F 
2023  0 0.0990105 0.119243 0.0712498 0.0712498 0.0712498 0.0712498 0 
2024  0 0.0990105 0.119243 0.0584165 0.0584174 0.0584173 0.0584178 4.48902e-07 
2025  0 0.0990105 0.119243 0.0782745 0.0783015 0.0782989 0.0783137 1.30724e-05 
2026  0 0.0990105 0.119243 0.0769064 0.0770575 0.0770438 0.0771318 7.60918e-05 
2027  0 0.0990105 0.119243 0.0990105 0.0990105 0.0990105 0.0990105 9.4369e-16 
2028  0 0.0990105 0.119243 0.0990105 0.0990105 0.0990105 0.0990105 9.4369e-16 
2029  0 0.0990105 0.119243 0.0990105 0.0990105 0.0990105 0.0990105 9.4369e-16 
2030  0 0.0990105 0.119243 0.0990105 0.0990105 0.0990105 0.0990105 9.4369e-16 
2031  0 0.0990105 0.119243 0.0990105 0.0990105 0.0990105 0.0990105 9.4369e-16 
2032  0 0.0990105 0.119243 0.0990105 0.0990105 0.0990105 0.0990105 9.4369e-16 
2033  0 0.0990105 0.119243 0.0990105 0.0990105 0.0990105 0.0990105 9.4369e-16 
2034  0 0.0990105 0.119243 0.0990105 0.0990105 0.0990046 0.0990105 8.91687e-05 
2035  0 0.0990105 0.119243 0.098614 0.0990105 0.0988948 0.0990105 0.000642621 
2036  0 0.0990105 0.119243 0.0956509 0.0990105 0.0986456 0.0990105 0.0013727 

Total_BiomassModel_1_goa_pop_2023.dat
Year B100 Babc Bofl LowCI_Biom Median_Biom Mean_Biom UpperCI_Biom Stdev_Biom 
2023 1785.64 465.616 428.615 670.712 670.712 670.712 670.712 1.27329e-11 
2024 1785.64 465.616 428.615 647.404 650.029 650.655 656.012 2.88335 
2025 1785.64 465.616 428.615 628.891 635.898 637.024 648.305 6.70119 
2026 1785.64 465.616 428.615 602.214 615.218 617.148 637.141 11.6311 
2027 1785.64 465.616 428.615 578.113 598.159 600.43 630.952 17.1816 
2028 1785.64 465.616 428.615 548.319 574.818 578.498 618.173 22.9449 
2029 1785.64 465.616 428.615 521.742 556.665 560.241 611.057 28.4888 
2030 1785.64 465.616 428.615 496.828 541.395 545.234 605.762 33.638 
2031 1785.64 465.616 428.615 477.881 529.066 533.052 600.518 38.0488 
2032 1785.64 465.616 428.615 462.678 518.531 523.307 596.25 41.7102 
2033 1785.64 465.616 428.615 450.959 511.03 515.414 595.499 44.8013 
2034 1785.64 465.616 428.615 439.804 504.574 508.973 592.421 47.1744 
2035 1785.64 465.616 428.615 431.775 499.11 503.489 591.782 48.9222 
2036 1785.64 465.616 428.615 425.718 494.649 498.823 586.956 50.0813 
Alternative 2 Alternative  Stock: Model_1_goa_pop_2023.dat
Catch Model_1_goa_pop_2023.dat
Year C0 Cabc Cofl LowCI_Catch Median_Catch Mean_Catch UpperCI_Catch Stdev_Catch 
2023  0 25.3018 27.0643 29.7605 29.7605 29.7605 29.7605 5.43565e-13 
2024  0 25.3018 27.0643 23.8313 23.8313 23.8313 23.8313 1.85963e-10 
2025  0 25.3018 27.0643 31.058 31.058 31.058 31.058 1.47618e-08 
2026  0 25.3018 27.0643 29.435 29.435 29.435 29.435 7.59701e-08 
2027  0 25.3018 27.0643 35.9607 36.0817 36.1029 36.3039 0.117698 
2028  0 25.3018 27.0643 33.8662 34.1535 34.1989 34.6611 0.26908 
2029  0 25.3018 27.0643 31.8491 32.411 32.4821 33.3363 0.500568 
2030  0 25.3018 27.0643 29.9788 30.8946 31.008 32.4693 0.80152 
2031  0 25.3018 27.0643 28.2792 29.6184 29.7761 31.7583 1.14692 
2032  0 25.3018 27.0643 26.7824 28.5603 28.7947 31.4258 1.50587 
2033  0 25.3018 27.0643 25.5051 27.828 28.0255 31.3272 1.84905 
2034  0 25.3018 27.0643 24.348 27.1923 27.4453 31.3354 2.15698 
2035  0 25.3018 27.0643 23.4507 26.7454 26.9928 31.208 2.45973 
2036  0 25.3018 27.0643 22.1791 26.4315 26.6396 31.2595 2.7559 

Spawning_Biomass Model_1_goa_pop_2023.dat
Year SSB100 SSBabc SSBofl LowCI_SSB Median_SSB Mean_SSB UpperCI_SSB Stdev_SSB 
2023 343.618 137.447 120.266 234.446 234.446 234.446 234.446 2.24532e-12 
2024 343.618 137.447 120.266 229.445 229.453 229.455 229.473 0.00926822 
2025 343.618 137.447 120.266 224.754 224.793 224.8 224.868 0.0392418 
2026 343.618 137.447 120.266 217.813 217.944 217.966 218.181 0.126192 
2027 343.618 137.447 120.266 209.463 209.809 209.866 210.432 0.328518 
2028 343.618 137.447 120.266 198.335 199.137 199.258 200.538 0.742995 
2029 343.618 137.447 120.266 187.089 188.789 189.021 191.681 1.53337 
2030 343.618 137.447 120.266 176.12 179.39 179.778 184.636 2.85604 
2031 343.618 137.447 120.266 165.993 171.445 172.07 180.366 4.74398 
2032 343.618 137.447 120.266 156.957 165.07 166.034 178.08 6.9947 
2033 343.618 137.447 120.266 149.135 160.113 161.494 177.58 9.24238 
2034 343.618 137.447 120.266 142.863 156.907 158.069 177.797 11.1822 
2035 343.618 137.447 120.266 136.924 153.864 155.422 178.228 12.693 
2036 343.618 137.447 120.266 133.017 151.542 153.293 177.073 13.7834 

Fishing_mortalityModel_1_goa_pop_2023.dat
Year F0 Fabc Fofl LowCI_F Median_F Mean_F UpperCI_F Stdev_F 
2023  0 0.0990105 0.119243 0.0712498 0.0712498 0.0712498 0.0712498 0 
2024  0 0.0990105 0.119243 0.0584165 0.0584174 0.0584173 0.0584178 4.48902e-07 
2025  0 0.0990105 0.119243 0.0782745 0.0783015 0.0782989 0.0783137 1.30724e-05 
2026  0 0.0990105 0.119243 0.0769064 0.0770575 0.0770438 0.0771318 7.60918e-05 
2027  0 0.0990105 0.119243 0.0990105 0.0990105 0.0990105 0.0990105 9.4369e-16 
2028  0 0.0990105 0.119243 0.0990105 0.0990105 0.0990105 0.0990105 9.4369e-16 
2029  0 0.0990105 0.119243 0.0990105 0.0990105 0.0990105 0.0990105 9.4369e-16 
2030  0 0.0990105 0.119243 0.0990105 0.0990105 0.0990105 0.0990105 9.4369e-16 
2031  0 0.0990105 0.119243 0.0990105 0.0990105 0.0990105 0.0990105 9.4369e-16 
2032  0 0.0990105 0.119243 0.0990105 0.0990105 0.0990105 0.0990105 9.4369e-16 
2033  0 0.0990105 0.119243 0.0990105 0.0990105 0.0990105 0.0990105 9.4369e-16 
2034  0 0.0990105 0.119243 0.0990105 0.0990105 0.0990046 0.0990105 8.91687e-05 
2035  0 0.0990105 0.119243 0.098614 0.0990105 0.0988948 0.0990105 0.000642621 
2036  0 0.0990105 0.119243 0.0956509 0.0990105 0.0986456 0.0990105 0.0013727 

Total_BiomassModel_1_goa_pop_2023.dat
Year B100 Babc Bofl LowCI_Biom Median_Biom Mean_Biom UpperCI_Biom Stdev_Biom 
2023 1785.64 465.616 428.615 670.712 670.712 670.712 670.712 1.27329e-11 
2024 1785.64 465.616 428.615 647.404 650.029 650.655 656.012 2.88335 
2025 1785.64 465.616 428.615 628.891 635.898 637.024 648.305 6.70119 
2026 1785.64 465.616 428.615 602.214 615.218 617.148 637.141 11.6311 
2027 1785.64 465.616 428.615 578.113 598.159 600.43 630.952 17.1816 
2028 1785.64 465.616 428.615 548.319 574.818 578.498 618.173 22.9449 
2029 1785.64 465.616 428.615 521.742 556.665 560.241 611.057 28.4888 
2030 1785.64 465.616 428.615 496.828 541.395 545.234 605.762 33.638 
2031 1785.64 465.616 428.615 477.881 529.066 533.052 600.518 38.0488 
2032 1785.64 465.616 428.615 462.678 518.531 523.307 596.25 41.7102 
2033 1785.64 465.616 428.615 450.959 511.03 515.414 595.499 44.8013 
2034 1785.64 465.616 428.615 439.804 504.574 508.973 592.421 47.1744 
2035 1785.64 465.616 428.615 431.775 499.11 503.489 591.782 48.9222 
2036 1785.64 465.616 428.615 425.718 494.649 498.823 586.956 50.0813 
Alternative 3 Alternative  Stock: Model_1_goa_pop_2023.dat
Catch Model_1_goa_pop_2023.dat
Year C0 Cabc Cofl LowCI_Catch Median_Catch Mean_Catch UpperCI_Catch Stdev_Catch 
2023  0 25.3018 27.0643 29.7605 29.7605 29.7605 29.7605 5.43565e-13 
2024  0 25.3018 27.0643 23.8313 23.8313 23.8313 23.8313 1.85963e-10 
2025  0 25.3018 27.0643 31.058 31.058 31.058 31.058 1.47618e-08 
2026  0 25.3018 27.0643 29.435 29.435 29.435 29.435 7.59701e-08 
2027  0 25.3018 27.0643 18.3278 18.3885 18.3991 18.4999 0.058994 
2028  0 25.3018 27.0643 17.9265 18.0715 18.0942 18.3272 0.135626 
2029  0 25.3018 27.0643 17.4822 17.7683 17.8034 18.2378 0.254439 
2030  0 25.3018 27.0643 17.0273 17.4986 17.5565 18.3087 0.412215 
2031  0 25.3018 27.0643 16.5775 17.2758 17.3574 18.3918 0.598722 
2032  0 25.3018 27.0643 16.1523 17.1035 17.2189 18.6088 0.800162 
2033  0 25.3018 27.0643 15.7736 17.0092 17.13 18.886 1.00221 
2034  0 25.3018 27.0643 15.3965 16.9547 17.0907 19.227 1.1925 
2035  0 25.3018 27.0643 15.1085 16.9424 17.0897 19.5438 1.36269 
2036  0 25.3018 27.0643 14.9254 16.9447 17.1258 19.7595 1.50859 

Spawning_Biomass Model_1_goa_pop_2023.dat
Year SSB100 SSBabc SSBofl LowCI_SSB Median_SSB Mean_SSB UpperCI_SSB Stdev_SSB 
2023 343.618 137.447 120.266 234.446 234.446 234.446 234.446 2.24532e-12 
2024 343.618 137.447 120.266 229.445 229.453 229.455 229.473 0.00926822 
2025 343.618 137.447 120.266 224.754 224.793 224.8 224.868 0.0392418 
2026 343.618 137.447 120.266 217.813 217.944 217.966 218.181 0.126192 
2027 343.618 137.447 120.266 212.179 212.526 212.584 213.15 0.329138 
2028 343.618 137.447 120.266 208.597 209.405 209.527 210.817 0.748391 
2029 343.618 137.447 120.266 204.044 205.762 206.006 208.711 1.5572 
2030 343.618 137.447 120.266 198.877 202.218 202.627 207.635 2.9356 
2031 343.618 137.447 120.266 193.673 199.329 199.991 208.536 4.95447 
2032 343.618 137.447 120.266 188.71 197.336 198.345 211.333 7.44604 
2033 343.618 137.447 120.266 184.256 196.147 197.633 214.867 10.0484 
2034 343.618 137.447 120.266 180.891 196.119 197.572 219.15 12.4245 
2035 343.618 137.447 120.266 177.162 196.221 197.895 223.894 14.4129 
2036 343.618 137.447 120.266 175.054 196.505 198.382 226.352 15.9998 

Fishing_mortalityModel_1_goa_pop_2023.dat
Year F0 Fabc Fofl LowCI_F Median_F Mean_F UpperCI_F Stdev_F 
2023  0 0.0990105 0.119243 0.0712498 0.0712498 0.0712498 0.0712498 0 
2024  0 0.0990105 0.119243 0.0584165 0.0584174 0.0584173 0.0584178 4.48902e-07 
2025  0 0.0990105 0.119243 0.0782745 0.0783015 0.0782989 0.0783137 1.30724e-05 
2026  0 0.0990105 0.119243 0.0769064 0.0770575 0.0770438 0.0771318 7.60918e-05 
2027  0 0.0990105 0.119243 0.0495053 0.0495053 0.0495053 0.0495053 4.71845e-16 
2028  0 0.0990105 0.119243 0.0495053 0.0495053 0.0495053 0.0495053 4.71845e-16 
2029  0 0.0990105 0.119243 0.0495053 0.0495053 0.0495053 0.0495053 4.71845e-16 
2030  0 0.0990105 0.119243 0.0495053 0.0495053 0.0495053 0.0495053 4.71845e-16 
2031  0 0.0990105 0.119243 0.0495053 0.0495053 0.0495053 0.0495053 4.71845e-16 
2032  0 0.0990105 0.119243 0.0495053 0.0495053 0.0495053 0.0495053 4.71845e-16 
2033  0 0.0990105 0.119243 0.0495053 0.0495053 0.0495053 0.0495053 4.71845e-16 
2034  0 0.0990105 0.119243 0.0495053 0.0495053 0.0495053 0.0495053 4.71845e-16 
2035  0 0.0990105 0.119243 0.0495053 0.0495053 0.0495053 0.0495053 4.71845e-16 
2036  0 0.0990105 0.119243 0.0495053 0.0495053 0.0495053 0.0495053 4.71845e-16 

Total_BiomassModel_1_goa_pop_2023.dat
Year B100 Babc Bofl LowCI_Biom Median_Biom Mean_Biom UpperCI_Biom Stdev_Biom 
2023 1785.64 465.616 428.615 670.712 670.712 670.712 670.712 1.27329e-11 
2024 1785.64 465.616 428.615 647.404 650.029 650.655 656.012 2.88335 
2025 1785.64 465.616 428.615 628.891 635.898 637.024 648.305 6.70119 
2026 1785.64 465.616 428.615 602.214 615.218 617.148 637.141 11.6311 
2027 1785.64 465.616 428.615 578.113 598.159 600.43 630.952 17.1816 
2028 1785.64 465.616 428.615 565.943 592.515 596.204 635.854 23.0091 
2029 1785.64 465.616 428.615 554.607 589.774 593.339 644.677 28.696 
2030 1785.64 465.616 428.615 542.748 587.705 591.611 653.208 34.0967 
2031 1785.64 465.616 428.615 534.85 586.763 590.851 660.339 38.8808 
2032 1785.64 465.616 428.615 528.613 586.234 590.918 665.54 43.0319 
2033 1785.64 465.616 428.615 524.467 587.114 591.488 673.643 46.7043 
2034 1785.64 465.616 428.615 519.763 587.514 592.372 681.389 49.717 
2035 1785.64 465.616 428.615 516.57 589.036 593.276 684.69 52.1258 
2036 1785.64 465.616 428.615 515.963 590.455 594.179 692.109 53.9716 
Alternative 4 Alternative  Stock: Model_1_goa_pop_2023.dat
Catch Model_1_goa_pop_2023.dat
Year C0 Cabc Cofl LowCI_Catch Median_Catch Mean_Catch UpperCI_Catch Stdev_Catch 
2023  0 25.3018 27.0643 29.7605 29.7605 29.7605 29.7605 5.43565e-13 
2024  0 25.3018 27.0643 23.8313 23.8313 23.8313 23.8313 1.85963e-10 
2025  0 25.3018 27.0643 31.058 31.058 31.058 31.058 1.47618e-08 
2026  0 25.3018 27.0643 29.435 29.435 29.435 29.435 7.59701e-08 
2027  0 25.3018 27.0643 23.5184 23.5966 23.6103 23.7403 0.0760703 
2028  0 25.3018 27.0643 22.7513 22.9378 22.9672 23.2672 0.1746 
2029  0 25.3018 27.0643 21.9538 22.3207 22.3662 22.924 0.326754 
2030  0 25.3018 27.0643 21.1692 21.7709 21.8466 22.812 0.527568 
2031  0 25.3018 27.0643 20.4193 21.3071 21.4131 22.7315 0.762933 
2032  0 25.3018 27.0643 19.72 20.9317 21.0804 22.8479 1.01433 
2033  0 25.3018 27.0643 19.1232 20.689 20.8324 23.0355 1.26304 
2034  0 25.3018 27.0643 18.5363 20.4914 20.6658 23.3517 1.49346 
2035  0 25.3018 27.0643 18.0798 20.3756 20.5632 23.5874 1.69566 
2036  0 25.3018 27.0643 17.798 20.2967 20.5193 23.8065 1.86539 

Spawning_Biomass Model_1_goa_pop_2023.dat
Year SSB100 SSBabc SSBofl LowCI_SSB Median_SSB Mean_SSB UpperCI_SSB Stdev_SSB 
2023 343.618 137.447 120.266 234.446 234.446 234.446 234.446 2.24532e-12 
2024 343.618 137.447 120.266 229.445 229.453 229.455 229.473 0.00926822 
2025 343.618 137.447 120.266 224.754 224.793 224.8 224.868 0.0392418 
2026 343.618 137.447 120.266 217.813 217.944 217.966 218.181 0.126192 
2027 343.618 137.447 120.266 211.387 211.733 211.791 212.357 0.328957 
2028 343.618 137.447 120.266 205.56 206.366 206.487 207.775 0.746817 
2029 343.618 137.447 120.266 198.956 200.668 200.909 203.601 1.55023 
2030 343.618 137.447 120.266 191.954 195.28 195.678 200.642 2.91223 
2031 343.618 137.447 120.266 185.144 190.73 191.391 199.863 4.89226 
2032 343.618 137.447 120.266 178.823 187.292 188.272 200.988 7.31159 
2033 343.618 137.447 120.266 173.167 184.78 186.238 203.092 9.80609 
2034 343.618 137.447 120.266 168.729 183.543 184.986 205.961 12.0474 
2035 343.618 137.447 120.266 164.143 182.562 184.231 209.387 13.8874 
2036 343.618 137.447 120.266 161.342 181.938 183.74 210.346 15.3245 

Fishing_mortalityModel_1_goa_pop_2023.dat
Year F0 Fabc Fofl LowCI_F Median_F Mean_F UpperCI_F Stdev_F 
2023  0 0.0990105 0.119243 0.0712498 0.0712498 0.0712498 0.0712498 0 
2024  0 0.0990105 0.119243 0.0584165 0.0584174 0.0584173 0.0584178 4.48902e-07 
2025  0 0.0990105 0.119243 0.0782745 0.0783015 0.0782989 0.0783137 1.30724e-05 
2026  0 0.0990105 0.119243 0.0769064 0.0770575 0.0770438 0.0771318 7.60918e-05 
2027  0 0.0990105 0.119243 0.0638806 0.0638806 0.0638806 0.0638806 1.15186e-15 
2028  0 0.0990105 0.119243 0.0638806 0.0638806 0.0638806 0.0638806 1.15186e-15 
2029  0 0.0990105 0.119243 0.0638806 0.0638806 0.0638806 0.0638806 1.15186e-15 
2030  0 0.0990105 0.119243 0.0638806 0.0638806 0.0638806 0.0638806 1.15186e-15 
2031  0 0.0990105 0.119243 0.0638806 0.0638806 0.0638806 0.0638806 1.15186e-15 
2032  0 0.0990105 0.119243 0.0638806 0.0638806 0.0638806 0.0638806 1.15186e-15 
2033  0 0.0990105 0.119243 0.0638806 0.0638806 0.0638806 0.0638806 1.15186e-15 
2034  0 0.0990105 0.119243 0.0638806 0.0638806 0.0638806 0.0638806 1.15186e-15 
2035  0 0.0990105 0.119243 0.0638806 0.0638806 0.0638806 0.0638806 1.15186e-15 
2036  0 0.0990105 0.119243 0.0638806 0.0638806 0.0638806 0.0638806 1.15186e-15 

Total_BiomassModel_1_goa_pop_2023.dat
Year B100 Babc Bofl LowCI_Biom Median_Biom Mean_Biom UpperCI_Biom Stdev_Biom 
2023 1785.64 465.616 428.615 670.712 670.712 670.712 670.712 1.27329e-11 
2024 1785.64 465.616 428.615 647.404 650.029 650.655 656.012 2.88335 
2025 1785.64 465.616 428.615 628.891 635.898 637.024 648.305 6.70119 
2026 1785.64 465.616 428.615 602.214 615.218 617.148 637.141 11.6311 
2027 1785.64 465.616 428.615 578.113 598.159 600.43 630.952 17.1816 
2028 1785.64 465.616 428.615 560.755 587.305 590.992 630.649 22.9905 
2029 1785.64 465.616 428.615 544.808 579.898 583.465 634.651 28.6355 
2030 1785.64 465.616 428.615 528.867 573.628 577.597 638.881 33.9622 
2031 1785.64 465.616 428.615 517.412 569.146 573.169 642.256 38.6354 
2032 1785.64 465.616 428.615 508.261 565.169 569.991 644.177 42.6391 
2033 1785.64 465.616 428.615 501.527 563.411 567.681 649.519 46.1335 
2034 1785.64 465.616 428.615 494.185 561.306 566.004 653.225 48.9464 
2035 1785.64 465.616 428.615 488.972 560.104 564.617 655.581 51.1447 
2036 1785.64 465.616 428.615 486.886 560.159 563.465 658.9 52.7793 
Alternative 5 Alternative  Stock: Model_1_goa_pop_2023.dat
Catch Model_1_goa_pop_2023.dat
Year C0 Cabc Cofl LowCI_Catch Median_Catch Mean_Catch UpperCI_Catch Stdev_Catch 
2023  0 25.3018 27.0643 29.7605 29.7605 29.7605 29.7605 5.43565e-13 
2024  0 25.3018 27.0643 23.8313 23.8313 23.8313 23.8313 1.85963e-10 
2025  0 25.3018 27.0643 31.058 31.058 31.058 31.058 1.47618e-08 
2026  0 25.3018 27.0643 29.435 29.435 29.435 29.435 7.59701e-08 
2027  0 25.3018 27.0643 0 0 0 0 0 
2028  0 25.3018 27.0643 0 0 0 0 0 
2029  0 25.3018 27.0643 0 0 0 0 0 
2030  0 25.3018 27.0643 0 0 0 0 0 
2031  0 25.3018 27.0643 0 0 0 0 0 
2032  0 25.3018 27.0643 0 0 0 0 0 
2033  0 25.3018 27.0643 0 0 0 0 0 
2034  0 25.3018 27.0643 0 0 0 0 0 
2035  0 25.3018 27.0643 0 0 0 0 0 
2036  0 25.3018 27.0643 0 0 0 0 0 

Spawning_Biomass Model_1_goa_pop_2023.dat
Year SSB100 SSBabc SSBofl LowCI_SSB Median_SSB Mean_SSB UpperCI_SSB Stdev_SSB 
2023 343.618 137.447 120.266 234.446 234.446 234.446 234.446 2.24532e-12 
2024 343.618 137.447 120.266 229.445 229.453 229.455 229.473 0.00926822 
2025 343.618 137.447 120.266 224.754 224.793 224.8 224.868 0.0392418 
2026 343.618 137.447 120.266 217.813 217.944 217.966 218.181 0.126192 
2027 343.618 137.447 120.266 214.934 215.281 215.339 215.906 0.32976 
2028 343.618 137.447 120.266 219.43 220.244 220.366 221.666 0.753863 
2029 343.618 137.447 120.266 222.669 224.41 224.659 227.411 1.58153 
2030 343.618 137.447 120.266 224.873 228.277 228.712 233.882 3.0178 
2031 343.618 137.447 120.266 226.497 232.389 233.088 241.915 5.1758 
2032 343.618 137.447 120.266 227.741 236.807 238.046 252.087 7.93131 
2033 343.618 137.447 120.266 229.136 241.935 243.574 262.339 10.9381 
2034 343.618 137.447 120.266 230.936 247.723 249.418 273.775 13.8365 
2035 343.618 137.447 120.266 232.026 253.63 255.339 284.751 16.4219 
2036 343.618 137.447 120.266 234.122 259.145 261.119 294.444 18.6393 

Fishing_mortalityModel_1_goa_pop_2023.dat
Year F0 Fabc Fofl LowCI_F Median_F Mean_F UpperCI_F Stdev_F 
2023  0 0.0990105 0.119243 0.0712498 0.0712498 0.0712498 0.0712498 0 
2024  0 0.0990105 0.119243 0.0584165 0.0584174 0.0584173 0.0584178 4.48902e-07 
2025  0 0.0990105 0.119243 0.0782745 0.0783015 0.0782989 0.0783137 1.30724e-05 
2026  0 0.0990105 0.119243 0.0769064 0.0770575 0.0770438 0.0771318 7.60918e-05 
2027  0 0.0990105 0.119243 0 0 0 0 0 
2028  0 0.0990105 0.119243 0 0 0 0 0 
2029  0 0.0990105 0.119243 0 0 0 0 0 
2030  0 0.0990105 0.119243 0 0 0 0 0 
2031  0 0.0990105 0.119243 0 0 0 0 0 
2032  0 0.0990105 0.119243 0 0 0 0 0 
2033  0 0.0990105 0.119243 0 0 0 0 0 
2034  0 0.0990105 0.119243 0 0 0 0 0 
2035  0 0.0990105 0.119243 0 0 0 0 0 
2036  0 0.0990105 0.119243 0 0 0 0 0 

Total_BiomassModel_1_goa_pop_2023.dat
Year B100 Babc Bofl LowCI_Biom Median_Biom Mean_Biom UpperCI_Biom Stdev_Biom 
2023 1785.64 465.616 428.615 670.712 670.712 670.712 670.712 1.27329e-11 
2024 1785.64 465.616 428.615 647.404 650.029 650.655 656.012 2.88335 
2025 1785.64 465.616 428.615 628.891 635.898 637.024 648.305 6.70119 
2026 1785.64 465.616 428.615 602.214 615.218 617.148 637.141 11.6311 
2027 1785.64 465.616 428.615 578.113 598.159 600.43 630.952 17.1816 
2028 1785.64 465.616 428.615 584.266 610.91 614.609 654.234 23.0737 
2029 1785.64 465.616 428.615 590.067 625.414 629.08 680.947 28.9062 
2030 1785.64 465.616 428.615 594.422 639.835 643.595 706.116 34.5677 
2031 1785.64 465.616 428.615 601.066 653.386 658.022 728.915 39.7502 
2032 1785.64 465.616 428.615 607.447 666.966 672.271 749.361 44.4439 
2033 1785.64 465.616 428.615 616.342 681.012 686.105 770.395 48.792 
2034 1785.64 465.616 428.615 623.029 693.821 699.405 791.911 52.5926 
2035 1785.64 465.616 428.615 630.422 707.137 711.962 808.976 55.8691 
2036 1785.64 465.616 428.615 638.785 719.292 723.807 823.821 58.6297 
Alternative 6 Alternative  Stock: Model_1_goa_pop_2023.dat
Catch Model_1_goa_pop_2023.dat
Year C0 Cabc Cofl LowCI_Catch Median_Catch Mean_Catch UpperCI_Catch Stdev_Catch 
2023  0 25.3018 27.0643 29.7605 29.7605 29.7605 29.7605 5.43565e-13 
2024  0 25.3018 27.0643 47.5207 47.5211 47.5211 47.5218 0.000365367 
2025  0 25.3018 27.0643 44.4642 44.4713 44.4729 44.4869 0.00764299 
2026  0 25.3018 27.0643 41.5641 41.606 41.6141 41.691 0.0432243 
2027  0 25.3018 27.0643 38.8031 38.946 38.9707 39.2065 0.138464 
2028  0 25.3018 27.0643 36.2098 36.5521 36.606 37.1553 0.319963 
2029  0 25.3018 27.0643 33.7853 34.4553 34.5406 35.5567 0.595785 
2030  0 25.3018 27.0643 31.6009 32.6851 32.822 34.5408 0.951224 
2031  0 25.3018 27.0643 29.6686 31.247 31.435 33.7842 1.35425 
2032  0 25.3018 27.0643 27.6069 30.103 30.3241 33.442 1.83928 
2033  0 25.3018 27.0643 25.0064 29.3449 29.1724 33.4122 2.61911 
2034  0 25.3018 27.0643 22.9096 28.4609 28.2483 33.4603 3.24771 
2035  0 25.3018 27.0643 21.6861 27.5306 27.6155 33.3348 3.68016 
2036  0 25.3018 27.0643 20.8789 27.0628 27.2215 33.5347 3.96964 

Spawning_Biomass Model_1_goa_pop_2023.dat
Year SSB100 SSBabc SSBofl LowCI_SSB Median_SSB Mean_SSB UpperCI_SSB Stdev_SSB 
2023 343.618 137.447 120.266 234.446 234.446 234.446 234.446 2.24532e-12 
2024 343.618 137.447 120.266 225.818 225.827 225.829 225.846 0.00924102 
2025 343.618 137.447 120.266 212.36 212.399 212.405 212.472 0.0384064 
2026 343.618 137.447 120.266 199.915 200.038 200.06 200.263 0.119661 
2027 343.618 137.447 120.266 188.001 188.333 188.388 188.929 0.314016 
2028 343.618 137.447 120.266 176.247 177.03 177.149 178.413 0.727461 
2029 343.618 137.447 120.266 164.754 166.435 166.658 169.274 1.51068 
2030 343.618 137.447 120.266 153.863 157.084 157.462 162.232 2.81068 
2031 343.618 137.447 120.266 144.037 149.392 150.003 158.195 4.64639 
2032 343.618 137.447 120.266 135.569 143.405 144.339 155.988 6.79404 
2033 343.618 137.447 120.266 128.695 138.927 140.274 155.772 8.82706 
2034 343.618 137.447 120.266 123.502 136.117 137.466 156.468 10.3901 
2035 343.618 137.447 120.266 119.771 133.756 135.524 156.352 11.4364 
2036 343.618 137.447 120.266 117.2 132.274 134.124 155.338 12.0634 

Fishing_mortalityModel_1_goa_pop_2023.dat
Year F0 Fabc Fofl LowCI_F Median_F Mean_F UpperCI_F Stdev_F 
2023  0 0.0990105 0.119243 0.0712498 0.0712498 0.0712498 0.0712498 0 
2024  0 0.0990105 0.119243 0.119243 0.119243 0.119243 0.119243 1.03256e-12 
2025  0 0.0990105 0.119243 0.119243 0.119243 0.119243 0.119243 2.23851e-11 
2026  0 0.0990105 0.119243 0.119243 0.119243 0.119243 0.119243 1.28326e-10 
2027  0 0.0990105 0.119243 0.119243 0.119243 0.119243 0.119243 7.21645e-16 
2028  0 0.0990105 0.119243 0.119243 0.119243 0.119243 0.119243 7.21645e-16 
2029  0 0.0990105 0.119243 0.119243 0.119243 0.119243 0.119243 7.21645e-16 
2030  0 0.0990105 0.119243 0.119243 0.119243 0.119243 0.119243 7.21645e-16 
2031  0 0.0990105 0.119243 0.119243 0.119243 0.119243 0.119243 7.21645e-16 
2032  0 0.0990105 0.119243 0.117529 0.119243 0.119034 0.119243 0.00068855 
2033  0 0.0990105 0.119243 0.111251 0.119243 0.1174 0.119243 0.00281341 
2034  0 0.0990105 0.119243 0.106509 0.118029 0.115574 0.119243 0.00447644 
2035  0 0.0990105 0.119243 0.103101 0.115873 0.114146 0.119243 0.00561109 
2036  0 0.0990105 0.119243 0.100753 0.114519 0.113125 0.119243 0.00639241 

Total_BiomassModel_1_goa_pop_2023.dat
Year B100 Babc Bofl LowCI_Biom Median_Biom Mean_Biom UpperCI_Biom Stdev_Biom 
2023 1785.64 465.616 428.615 670.712 670.712 670.712 670.712 1.27329e-11 
2024 1785.64 465.616 428.615 647.404 650.029 650.655 656.012 2.88335 
2025 1785.64 465.616 428.615 605.169 612.176 613.302 624.581 6.70067 
2026 1785.64 465.616 428.615 566.007 579.004 580.932 600.909 11.6225 
2027 1785.64 465.616 428.615 531.299 551.298 553.554 583.971 17.1306 
2028 1785.64 465.616 428.615 500.76 527.164 530.829 570.568 22.8702 
2029 1785.64 465.616 428.615 474.026 508.826 512.399 562.859 28.3599 
2030 1785.64 465.616 428.615 449.481 493.808 497.67 557.49 33.4134 
2031 1785.64 465.616 428.615 431.577 481.892 486.054 552.335 37.6838 
2032 1785.64 465.616 428.615 417.216 472.343 477.042 548.84 41.1649 
2033 1785.64 465.616 428.615 405.957 465.56 469.991 547.885 43.9918 
2034 1785.64 465.616 428.615 398.914 460.064 464.742 544.643 45.8073 
2035 1785.64 465.616 428.615 393.368 456.835 460.738 547.881 46.8386 
2036 1785.64 465.616 428.615 388.943 453.911 457.67 541.502 47.3031 
Alternative 7 Alternative  Stock: Model_1_goa_pop_2023.dat
Catch Model_1_goa_pop_2023.dat
Year C0 Cabc Cofl LowCI_Catch Median_Catch Mean_Catch UpperCI_Catch Stdev_Catch 
2023  0 25.3018 27.0643 29.7605 29.7605 29.7605 29.7605 5.43565e-13 
2024  0 25.3018 27.0643 39.7644 39.7647 39.7648 39.7653 0.000303376 
2025  0 25.3018 27.0643 37.7779 37.7837 37.7851 37.7967 0.006347 
2026  0 25.3018 27.0643 42.8158 42.8577 42.8658 42.9427 0.0432346 
2027  0 25.3018 27.0643 39.9039 40.0468 40.0715 40.3074 0.138495 
2028  0 25.3018 27.0643 37.1676 37.51 37.5638 38.1133 0.320028 
2029  0 25.3018 27.0643 34.6097 35.2797 35.3651 36.3814 0.595893 
2030  0 25.3018 27.0643 32.3037 33.3882 33.525 35.2444 0.951374 
2031  0 25.3018 27.0643 30.2623 31.8407 32.029 34.3784 1.35443 
2032  0 25.3018 27.0643 28.5124 30.6011 30.8624 33.9406 1.77881 
2033  0 25.3018 27.0643 25.7853 29.7617 29.7471 33.8275 2.47035 
2034  0 25.3018 27.0643 23.5033 28.9806 28.7527 33.8044 3.14117 
2035  0 25.3018 27.0643 22.1181 28.1179 28.0301 33.6194 3.61476 
2036  0 25.3018 27.0643 21.2081 27.486 27.551 33.7692 3.93177 

Spawning_Biomass Model_1_goa_pop_2023.dat
Year SSB100 SSBabc SSBofl LowCI_SSB Median_SSB Mean_SSB UpperCI_SSB Stdev_SSB 
2023 343.618 137.447 120.266 234.446 234.446 234.446 234.446 2.24532e-12 
2024 343.618 137.447 120.266 227.018 227.026 227.028 227.046 0.00924109 
2025 343.618 137.447 120.266 216.772 216.811 216.818 216.885 0.0384099 
2026 343.618 137.447 120.266 205.962 206.085 206.107 206.31 0.119688 
2027 343.618 137.447 120.266 193.4 193.733 193.788 194.328 0.314083 
2028 343.618 137.447 120.266 181.019 181.803 181.922 183.186 0.727609 
2029 343.618 137.447 120.266 168.932 170.614 170.837 173.453 1.51097 
2030 343.618 137.447 120.266 157.491 160.713 161.091 165.862 2.81119 
2031 343.618 137.447 120.266 147.167 152.524 153.134 161.326 4.64715 
2032 343.618 137.447 120.266 138.199 146.096 147.023 158.678 6.80347 
2033 343.618 137.447 120.266 130.766 141.232 142.539 158.077 8.87287 
2034 343.618 137.447 120.266 125.209 138.051 139.333 158.444 10.4884 
2035 343.618 137.447 120.266 121.073 135.254 137.047 158.044 11.5686 
2036 343.618 137.447 120.266 118.282 133.458 135.359 156.789 12.2105 

Fishing_mortalityModel_1_goa_pop_2023.dat
Year F0 Fabc Fofl LowCI_F Median_F Mean_F UpperCI_F Stdev_F 
2023  0 0.0990105 0.119243 0.0712498 0.0712498 0.0712498 0.0712498 0 
2024  0 0.0990105 0.119243 0.0990104 0.0990104 0.0990104 0.0990104 2.82058e-12 
2025  0 0.0990105 0.119243 0.0990104 0.0990104 0.0990104 0.0990104 6.07169e-11 
2026  0 0.0990105 0.119243 0.119243 0.119243 0.119243 0.119243 1.26175e-10 
2027  0 0.0990105 0.119243 0.119243 0.119243 0.119243 0.119243 7.21645e-16 
2028  0 0.0990105 0.119243 0.119243 0.119243 0.119243 0.119243 7.21645e-16 
2029  0 0.0990105 0.119243 0.119243 0.119243 0.119243 0.119243 7.21645e-16 
2030  0 0.0990105 0.119243 0.119243 0.119243 0.119243 0.119243 7.21645e-16 
2031  0 0.0990105 0.119243 0.119243 0.119243 0.119243 0.119243 7.21645e-16 
2032  0 0.0990105 0.119243 0.119243 0.119243 0.119214 0.119243 0.000223996 
2033  0 0.0990105 0.119243 0.113143 0.119243 0.11815 0.119243 0.00210185 
2034  0 0.0990105 0.119243 0.108067 0.119243 0.116412 0.119243 0.00391719 
2035  0 0.0990105 0.119243 0.104291 0.117241 0.114916 0.119243 0.00520225 
2036  0 0.0990105 0.119243 0.101742 0.115601 0.11378 0.119243 0.00608875 

Total_BiomassModel_1_goa_pop_2023.dat
Year B100 Babc Bofl LowCI_Biom Median_Biom Mean_Biom UpperCI_Biom Stdev_Biom 
2023 1785.64 465.616 428.615 670.712 670.712 670.712 670.712 1.27329e-11 
2024 1785.64 465.616 428.615 647.404 650.029 650.655 656.012 2.88335 
2025 1785.64 465.616 428.615 612.936 619.943 621.068 632.348 6.70079 
2026 1785.64 465.616 428.615 580.163 593.161 595.089 615.07 11.6245 
2027 1785.64 465.616 428.615 543.614 563.616 565.873 596.295 17.1331 
2028 1785.64 465.616 428.615 511.41 537.817 541.483 581.217 22.873 
2029 1785.64 465.616 428.615 483.192 517.996 521.568 572.038 28.3627 
2030 1785.64 465.616 428.615 457.34 501.666 505.53 565.367 33.4161 
2031 1785.64 465.616 428.615 438.292 488.615 492.775 559.065 37.6862 
2032 1785.64 465.616 428.615 422.953 478.086 482.78 554.575 41.167 
2033 1785.64 465.616 428.615 410.853 470.454 474.847 552.788 44.0404 
2034 1785.64 465.616 428.615 402.579 464.117 468.722 548.843 45.9572 
2035 1785.64 465.616 428.615 395.995 459.678 463.956 550.983 47.0432 
2036 1785.64 465.616 428.615 391.419 456.588 460.253 544.162 47.5197 
