Model_1_goa_pop_2023.dat 1 2023 Cabc 25.3018
Model_1_goa_pop_2023.dat 1 2023 Cofl 27.0643
Model_1_goa_pop_2023.dat 1 2023 CLCI 29.7605
Model_1_goa_pop_2023.dat 1 2023 CUCI 29.7605
Model_1_goa_pop_2023.dat 1 2023 CMedian 29.7605
Model_1_goa_pop_2023.dat 1 2023 CMean 29.7605
Model_1_goa_pop_2023.dat 1 2024 Cabc 25.3018
Model_1_goa_pop_2023.dat 1 2024 Cofl 27.0643
Model_1_goa_pop_2023.dat 1 2024 CLCI 23.8313
Model_1_goa_pop_2023.dat 1 2024 CUCI 23.8313
Model_1_goa_pop_2023.dat 1 2024 CMedian 23.8313
Model_1_goa_pop_2023.dat 1 2024 CMean 23.8313
Model_1_goa_pop_2023.dat 1 2025 Cabc 25.3018
Model_1_goa_pop_2023.dat 1 2025 Cofl 27.0643
Model_1_goa_pop_2023.dat 1 2025 CLCI 31.058
Model_1_goa_pop_2023.dat 1 2025 CUCI 31.058
Model_1_goa_pop_2023.dat 1 2025 CMedian 31.058
Model_1_goa_pop_2023.dat 1 2025 CMean 31.058
Model_1_goa_pop_2023.dat 1 2026 Cabc 25.3018
Model_1_goa_pop_2023.dat 1 2026 Cofl 27.0643
Model_1_goa_pop_2023.dat 1 2026 CLCI 29.435
Model_1_goa_pop_2023.dat 1 2026 CUCI 29.435
Model_1_goa_pop_2023.dat 1 2026 CMedian 29.435
Model_1_goa_pop_2023.dat 1 2026 CMean 29.435
Model_1_goa_pop_2023.dat 1 2027 Cabc 25.3018
Model_1_goa_pop_2023.dat 1 2027 Cofl 27.0643
Model_1_goa_pop_2023.dat 1 2027 CLCI 35.9607
Model_1_goa_pop_2023.dat 1 2027 CUCI 36.3039
Model_1_goa_pop_2023.dat 1 2027 CMedian 36.0817
Model_1_goa_pop_2023.dat 1 2027 CMean 36.1029
Model_1_goa_pop_2023.dat 1 2028 Cabc 25.3018
Model_1_goa_pop_2023.dat 1 2028 Cofl 27.0643
Model_1_goa_pop_2023.dat 1 2028 CLCI 33.8662
Model_1_goa_pop_2023.dat 1 2028 CUCI 34.6611
Model_1_goa_pop_2023.dat 1 2028 CMedian 34.1535
Model_1_goa_pop_2023.dat 1 2028 CMean 34.1989
Model_1_goa_pop_2023.dat 1 2029 Cabc 25.3018
Model_1_goa_pop_2023.dat 1 2029 Cofl 27.0643
Model_1_goa_pop_2023.dat 1 2029 CLCI 31.8491
Model_1_goa_pop_2023.dat 1 2029 CUCI 33.3363
Model_1_goa_pop_2023.dat 1 2029 CMedian 32.411
Model_1_goa_pop_2023.dat 1 2029 CMean 32.4821
Model_1_goa_pop_2023.dat 1 2030 Cabc 25.3018
Model_1_goa_pop_2023.dat 1 2030 Cofl 27.0643
Model_1_goa_pop_2023.dat 1 2030 CLCI 29.9788
Model_1_goa_pop_2023.dat 1 2030 CUCI 32.4693
Model_1_goa_pop_2023.dat 1 2030 CMedian 30.8946
Model_1_goa_pop_2023.dat 1 2030 CMean 31.008
Model_1_goa_pop_2023.dat 1 2031 Cabc 25.3018
Model_1_goa_pop_2023.dat 1 2031 Cofl 27.0643
Model_1_goa_pop_2023.dat 1 2031 CLCI 28.2792
Model_1_goa_pop_2023.dat 1 2031 CUCI 31.7583
Model_1_goa_pop_2023.dat 1 2031 CMedian 29.6184
Model_1_goa_pop_2023.dat 1 2031 CMean 29.7761
Model_1_goa_pop_2023.dat 1 2032 Cabc 25.3018
Model_1_goa_pop_2023.dat 1 2032 Cofl 27.0643
Model_1_goa_pop_2023.dat 1 2032 CLCI 26.7824
Model_1_goa_pop_2023.dat 1 2032 CUCI 31.4258
Model_1_goa_pop_2023.dat 1 2032 CMedian 28.5603
Model_1_goa_pop_2023.dat 1 2032 CMean 28.7947
Model_1_goa_pop_2023.dat 1 2033 Cabc 25.3018
Model_1_goa_pop_2023.dat 1 2033 Cofl 27.0643
Model_1_goa_pop_2023.dat 1 2033 CLCI 25.5051
Model_1_goa_pop_2023.dat 1 2033 CUCI 31.3272
Model_1_goa_pop_2023.dat 1 2033 CMedian 27.828
Model_1_goa_pop_2023.dat 1 2033 CMean 28.0255
Model_1_goa_pop_2023.dat 1 2034 Cabc 25.3018
Model_1_goa_pop_2023.dat 1 2034 Cofl 27.0643
Model_1_goa_pop_2023.dat 1 2034 CLCI 24.348
Model_1_goa_pop_2023.dat 1 2034 CUCI 31.3354
Model_1_goa_pop_2023.dat 1 2034 CMedian 27.1923
Model_1_goa_pop_2023.dat 1 2034 CMean 27.4453
Model_1_goa_pop_2023.dat 1 2035 Cabc 25.3018
Model_1_goa_pop_2023.dat 1 2035 Cofl 27.0643
Model_1_goa_pop_2023.dat 1 2035 CLCI 23.4507
Model_1_goa_pop_2023.dat 1 2035 CUCI 31.208
Model_1_goa_pop_2023.dat 1 2035 CMedian 26.7454
Model_1_goa_pop_2023.dat 1 2035 CMean 26.9928
Model_1_goa_pop_2023.dat 1 2036 Cabc 25.3018
Model_1_goa_pop_2023.dat 1 2036 Cofl 27.0643
Model_1_goa_pop_2023.dat 1 2036 CLCI 22.1791
Model_1_goa_pop_2023.dat 1 2036 CUCI 31.2595
Model_1_goa_pop_2023.dat 1 2036 CMedian 26.4315
Model_1_goa_pop_2023.dat 1 2036 CMean 26.6396
Model_1_goa_pop_2023.dat 1 2023 SSBF100 343.618
Model_1_goa_pop_2023.dat 1 2023 SSBFabc 137.447
Model_1_goa_pop_2023.dat 1 2023 SSBFofl 120.266
Model_1_goa_pop_2023.dat 1 2023 SSBLCI 234.446
Model_1_goa_pop_2023.dat 1 2023 SSBUCI 234.446
Model_1_goa_pop_2023.dat 1 2023 SSBMedian 234.446
Model_1_goa_pop_2023.dat 1 2023 SSBMean 234.446
Model_1_goa_pop_2023.dat 1 2024 SSBF100 343.618
Model_1_goa_pop_2023.dat 1 2024 SSBFabc 137.447
Model_1_goa_pop_2023.dat 1 2024 SSBFofl 120.266
Model_1_goa_pop_2023.dat 1 2024 SSBLCI 229.445
Model_1_goa_pop_2023.dat 1 2024 SSBUCI 229.473
Model_1_goa_pop_2023.dat 1 2024 SSBMedian 229.453
Model_1_goa_pop_2023.dat 1 2024 SSBMean 229.455
Model_1_goa_pop_2023.dat 1 2025 SSBF100 343.618
Model_1_goa_pop_2023.dat 1 2025 SSBFabc 137.447
Model_1_goa_pop_2023.dat 1 2025 SSBFofl 120.266
Model_1_goa_pop_2023.dat 1 2025 SSBLCI 224.754
Model_1_goa_pop_2023.dat 1 2025 SSBUCI 224.868
Model_1_goa_pop_2023.dat 1 2025 SSBMedian 224.793
Model_1_goa_pop_2023.dat 1 2025 SSBMean 224.8
Model_1_goa_pop_2023.dat 1 2026 SSBF100 343.618
Model_1_goa_pop_2023.dat 1 2026 SSBFabc 137.447
Model_1_goa_pop_2023.dat 1 2026 SSBFofl 120.266
Model_1_goa_pop_2023.dat 1 2026 SSBLCI 217.813
Model_1_goa_pop_2023.dat 1 2026 SSBUCI 218.181
Model_1_goa_pop_2023.dat 1 2026 SSBMedian 217.944
Model_1_goa_pop_2023.dat 1 2026 SSBMean 217.966
Model_1_goa_pop_2023.dat 1 2027 SSBF100 343.618
Model_1_goa_pop_2023.dat 1 2027 SSBFabc 137.447
Model_1_goa_pop_2023.dat 1 2027 SSBFofl 120.266
Model_1_goa_pop_2023.dat 1 2027 SSBLCI 209.463
Model_1_goa_pop_2023.dat 1 2027 SSBUCI 210.432
Model_1_goa_pop_2023.dat 1 2027 SSBMedian 209.809
Model_1_goa_pop_2023.dat 1 2027 SSBMean 209.866
Model_1_goa_pop_2023.dat 1 2028 SSBF100 343.618
Model_1_goa_pop_2023.dat 1 2028 SSBFabc 137.447
Model_1_goa_pop_2023.dat 1 2028 SSBFofl 120.266
Model_1_goa_pop_2023.dat 1 2028 SSBLCI 198.335
Model_1_goa_pop_2023.dat 1 2028 SSBUCI 200.538
Model_1_goa_pop_2023.dat 1 2028 SSBMedian 199.137
Model_1_goa_pop_2023.dat 1 2028 SSBMean 199.258
Model_1_goa_pop_2023.dat 1 2029 SSBF100 343.618
Model_1_goa_pop_2023.dat 1 2029 SSBFabc 137.447
Model_1_goa_pop_2023.dat 1 2029 SSBFofl 120.266
Model_1_goa_pop_2023.dat 1 2029 SSBLCI 187.089
Model_1_goa_pop_2023.dat 1 2029 SSBUCI 191.681
Model_1_goa_pop_2023.dat 1 2029 SSBMedian 188.789
Model_1_goa_pop_2023.dat 1 2029 SSBMean 189.021
Model_1_goa_pop_2023.dat 1 2030 SSBF100 343.618
Model_1_goa_pop_2023.dat 1 2030 SSBFabc 137.447
Model_1_goa_pop_2023.dat 1 2030 SSBFofl 120.266
Model_1_goa_pop_2023.dat 1 2030 SSBLCI 176.12
Model_1_goa_pop_2023.dat 1 2030 SSBUCI 184.636
Model_1_goa_pop_2023.dat 1 2030 SSBMedian 179.39
Model_1_goa_pop_2023.dat 1 2030 SSBMean 179.778
Model_1_goa_pop_2023.dat 1 2031 SSBF100 343.618
Model_1_goa_pop_2023.dat 1 2031 SSBFabc 137.447
Model_1_goa_pop_2023.dat 1 2031 SSBFofl 120.266
Model_1_goa_pop_2023.dat 1 2031 SSBLCI 165.993
Model_1_goa_pop_2023.dat 1 2031 SSBUCI 180.366
Model_1_goa_pop_2023.dat 1 2031 SSBMedian 171.445
Model_1_goa_pop_2023.dat 1 2031 SSBMean 172.07
Model_1_goa_pop_2023.dat 1 2032 SSBF100 343.618
Model_1_goa_pop_2023.dat 1 2032 SSBFabc 137.447
Model_1_goa_pop_2023.dat 1 2032 SSBFofl 120.266
Model_1_goa_pop_2023.dat 1 2032 SSBLCI 156.957
Model_1_goa_pop_2023.dat 1 2032 SSBUCI 178.08
Model_1_goa_pop_2023.dat 1 2032 SSBMedian 165.07
Model_1_goa_pop_2023.dat 1 2032 SSBMean 166.034
Model_1_goa_pop_2023.dat 1 2033 SSBF100 343.618
Model_1_goa_pop_2023.dat 1 2033 SSBFabc 137.447
Model_1_goa_pop_2023.dat 1 2033 SSBFofl 120.266
Model_1_goa_pop_2023.dat 1 2033 SSBLCI 149.135
Model_1_goa_pop_2023.dat 1 2033 SSBUCI 177.58
Model_1_goa_pop_2023.dat 1 2033 SSBMedian 160.113
Model_1_goa_pop_2023.dat 1 2033 SSBMean 161.494
Model_1_goa_pop_2023.dat 1 2034 SSBF100 343.618
Model_1_goa_pop_2023.dat 1 2034 SSBFabc 137.447
Model_1_goa_pop_2023.dat 1 2034 SSBFofl 120.266
Model_1_goa_pop_2023.dat 1 2034 SSBLCI 142.863
Model_1_goa_pop_2023.dat 1 2034 SSBUCI 177.797
Model_1_goa_pop_2023.dat 1 2034 SSBMedian 156.907
Model_1_goa_pop_2023.dat 1 2034 SSBMean 158.069
Model_1_goa_pop_2023.dat 1 2035 SSBF100 343.618
Model_1_goa_pop_2023.dat 1 2035 SSBFabc 137.447
Model_1_goa_pop_2023.dat 1 2035 SSBFofl 120.266
Model_1_goa_pop_2023.dat 1 2035 SSBLCI 136.924
Model_1_goa_pop_2023.dat 1 2035 SSBUCI 178.228
Model_1_goa_pop_2023.dat 1 2035 SSBMedian 153.864
Model_1_goa_pop_2023.dat 1 2035 SSBMean 155.422
Model_1_goa_pop_2023.dat 1 2036 SSBF100 343.618
Model_1_goa_pop_2023.dat 1 2036 SSBFabc 137.447
Model_1_goa_pop_2023.dat 1 2036 SSBFofl 120.266
Model_1_goa_pop_2023.dat 1 2036 SSBLCI 133.017
Model_1_goa_pop_2023.dat 1 2036 SSBUCI 177.073
Model_1_goa_pop_2023.dat 1 2036 SSBMedian 151.542
Model_1_goa_pop_2023.dat 1 2036 SSBMean 153.293
Model_1_goa_pop_2023.dat 1 2023 F0 0 
Model_1_goa_pop_2023.dat 1 2023 Fabc 0.0990105
Model_1_goa_pop_2023.dat 1 2023 Fofl 0.119243
Model_1_goa_pop_2023.dat 1 2023  F_LCI 0.0712498
Model_1_goa_pop_2023.dat 1 2023  F_UCI 0.0712498
Model_1_goa_pop_2023.dat 1 2023  F_Median 0.0712498
Model_1_goa_pop_2023.dat 1 2023  F_Mean 0.0712498
Model_1_goa_pop_2023.dat 1 2024 F0 0 
Model_1_goa_pop_2023.dat 1 2024 Fabc 0.0990105
Model_1_goa_pop_2023.dat 1 2024 Fofl 0.119243
Model_1_goa_pop_2023.dat 1 2024  F_LCI 0.0584165
Model_1_goa_pop_2023.dat 1 2024  F_UCI 0.0584178
Model_1_goa_pop_2023.dat 1 2024  F_Median 0.0584174
Model_1_goa_pop_2023.dat 1 2024  F_Mean 0.0584173
Model_1_goa_pop_2023.dat 1 2025 F0 0 
Model_1_goa_pop_2023.dat 1 2025 Fabc 0.0990105
Model_1_goa_pop_2023.dat 1 2025 Fofl 0.119243
Model_1_goa_pop_2023.dat 1 2025  F_LCI 0.0782745
Model_1_goa_pop_2023.dat 1 2025  F_UCI 0.0783137
Model_1_goa_pop_2023.dat 1 2025  F_Median 0.0783015
Model_1_goa_pop_2023.dat 1 2025  F_Mean 0.0782989
Model_1_goa_pop_2023.dat 1 2026 F0 0 
Model_1_goa_pop_2023.dat 1 2026 Fabc 0.0990105
Model_1_goa_pop_2023.dat 1 2026 Fofl 0.119243
Model_1_goa_pop_2023.dat 1 2026  F_LCI 0.0769064
Model_1_goa_pop_2023.dat 1 2026  F_UCI 0.0771318
Model_1_goa_pop_2023.dat 1 2026  F_Median 0.0770575
Model_1_goa_pop_2023.dat 1 2026  F_Mean 0.0770438
Model_1_goa_pop_2023.dat 1 2027 F0 0 
Model_1_goa_pop_2023.dat 1 2027 Fabc 0.0990105
Model_1_goa_pop_2023.dat 1 2027 Fofl 0.119243
Model_1_goa_pop_2023.dat 1 2027  F_LCI 0.0990105
Model_1_goa_pop_2023.dat 1 2027  F_UCI 0.0990105
Model_1_goa_pop_2023.dat 1 2027  F_Median 0.0990105
Model_1_goa_pop_2023.dat 1 2027  F_Mean 0.0990105
Model_1_goa_pop_2023.dat 1 2028 F0 0 
Model_1_goa_pop_2023.dat 1 2028 Fabc 0.0990105
Model_1_goa_pop_2023.dat 1 2028 Fofl 0.119243
Model_1_goa_pop_2023.dat 1 2028  F_LCI 0.0990105
Model_1_goa_pop_2023.dat 1 2028  F_UCI 0.0990105
Model_1_goa_pop_2023.dat 1 2028  F_Median 0.0990105
Model_1_goa_pop_2023.dat 1 2028  F_Mean 0.0990105
Model_1_goa_pop_2023.dat 1 2029 F0 0 
Model_1_goa_pop_2023.dat 1 2029 Fabc 0.0990105
Model_1_goa_pop_2023.dat 1 2029 Fofl 0.119243
Model_1_goa_pop_2023.dat 1 2029  F_LCI 0.0990105
Model_1_goa_pop_2023.dat 1 2029  F_UCI 0.0990105
Model_1_goa_pop_2023.dat 1 2029  F_Median 0.0990105
Model_1_goa_pop_2023.dat 1 2029  F_Mean 0.0990105
Model_1_goa_pop_2023.dat 1 2030 F0 0 
Model_1_goa_pop_2023.dat 1 2030 Fabc 0.0990105
Model_1_goa_pop_2023.dat 1 2030 Fofl 0.119243
Model_1_goa_pop_2023.dat 1 2030  F_LCI 0.0990105
Model_1_goa_pop_2023.dat 1 2030  F_UCI 0.0990105
Model_1_goa_pop_2023.dat 1 2030  F_Median 0.0990105
Model_1_goa_pop_2023.dat 1 2030  F_Mean 0.0990105
Model_1_goa_pop_2023.dat 1 2031 F0 0 
Model_1_goa_pop_2023.dat 1 2031 Fabc 0.0990105
Model_1_goa_pop_2023.dat 1 2031 Fofl 0.119243
Model_1_goa_pop_2023.dat 1 2031  F_LCI 0.0990105
Model_1_goa_pop_2023.dat 1 2031  F_UCI 0.0990105
Model_1_goa_pop_2023.dat 1 2031  F_Median 0.0990105
Model_1_goa_pop_2023.dat 1 2031  F_Mean 0.0990105
Model_1_goa_pop_2023.dat 1 2032 F0 0 
Model_1_goa_pop_2023.dat 1 2032 Fabc 0.0990105
Model_1_goa_pop_2023.dat 1 2032 Fofl 0.119243
Model_1_goa_pop_2023.dat 1 2032  F_LCI 0.0990105
Model_1_goa_pop_2023.dat 1 2032  F_UCI 0.0990105
Model_1_goa_pop_2023.dat 1 2032  F_Median 0.0990105
Model_1_goa_pop_2023.dat 1 2032  F_Mean 0.0990105
Model_1_goa_pop_2023.dat 1 2033 F0 0 
Model_1_goa_pop_2023.dat 1 2033 Fabc 0.0990105
Model_1_goa_pop_2023.dat 1 2033 Fofl 0.119243
Model_1_goa_pop_2023.dat 1 2033  F_LCI 0.0990105
Model_1_goa_pop_2023.dat 1 2033  F_UCI 0.0990105
Model_1_goa_pop_2023.dat 1 2033  F_Median 0.0990105
Model_1_goa_pop_2023.dat 1 2033  F_Mean 0.0990105
Model_1_goa_pop_2023.dat 1 2034 F0 0 
Model_1_goa_pop_2023.dat 1 2034 Fabc 0.0990105
Model_1_goa_pop_2023.dat 1 2034 Fofl 0.119243
Model_1_goa_pop_2023.dat 1 2034  F_LCI 0.0990105
Model_1_goa_pop_2023.dat 1 2034  F_UCI 0.0990105
Model_1_goa_pop_2023.dat 1 2034  F_Median 0.0990105
Model_1_goa_pop_2023.dat 1 2034  F_Mean 0.0990046
Model_1_goa_pop_2023.dat 1 2035 F0 0 
Model_1_goa_pop_2023.dat 1 2035 Fabc 0.0990105
Model_1_goa_pop_2023.dat 1 2035 Fofl 0.119243
Model_1_goa_pop_2023.dat 1 2035  F_LCI 0.098614
Model_1_goa_pop_2023.dat 1 2035  F_UCI 0.0990105
Model_1_goa_pop_2023.dat 1 2035  F_Median 0.0990105
Model_1_goa_pop_2023.dat 1 2035  F_Mean 0.0988948
Model_1_goa_pop_2023.dat 1 2036 F0 0 
Model_1_goa_pop_2023.dat 1 2036 Fabc 0.0990105
Model_1_goa_pop_2023.dat 1 2036 Fofl 0.119243
Model_1_goa_pop_2023.dat 1 2036  F_LCI 0.0956509
Model_1_goa_pop_2023.dat 1 2036  F_UCI 0.0990105
Model_1_goa_pop_2023.dat 1 2036  F_Median 0.0990105
Model_1_goa_pop_2023.dat 1 2036  F_Mean 0.0986456
Model_1_goa_pop_2023.dat 2 2023 Cabc 25.3018
Model_1_goa_pop_2023.dat 2 2023 Cofl 27.0643
Model_1_goa_pop_2023.dat 2 2023 CLCI 29.7605
Model_1_goa_pop_2023.dat 2 2023 CUCI 29.7605
Model_1_goa_pop_2023.dat 2 2023 CMedian 29.7605
Model_1_goa_pop_2023.dat 2 2023 CMean 29.7605
Model_1_goa_pop_2023.dat 2 2024 Cabc 25.3018
Model_1_goa_pop_2023.dat 2 2024 Cofl 27.0643
Model_1_goa_pop_2023.dat 2 2024 CLCI 23.8313
Model_1_goa_pop_2023.dat 2 2024 CUCI 23.8313
Model_1_goa_pop_2023.dat 2 2024 CMedian 23.8313
Model_1_goa_pop_2023.dat 2 2024 CMean 23.8313
Model_1_goa_pop_2023.dat 2 2025 Cabc 25.3018
Model_1_goa_pop_2023.dat 2 2025 Cofl 27.0643
Model_1_goa_pop_2023.dat 2 2025 CLCI 31.058
Model_1_goa_pop_2023.dat 2 2025 CUCI 31.058
Model_1_goa_pop_2023.dat 2 2025 CMedian 31.058
Model_1_goa_pop_2023.dat 2 2025 CMean 31.058
Model_1_goa_pop_2023.dat 2 2026 Cabc 25.3018
Model_1_goa_pop_2023.dat 2 2026 Cofl 27.0643
Model_1_goa_pop_2023.dat 2 2026 CLCI 29.435
Model_1_goa_pop_2023.dat 2 2026 CUCI 29.435
Model_1_goa_pop_2023.dat 2 2026 CMedian 29.435
Model_1_goa_pop_2023.dat 2 2026 CMean 29.435
Model_1_goa_pop_2023.dat 2 2027 Cabc 25.3018
Model_1_goa_pop_2023.dat 2 2027 Cofl 27.0643
Model_1_goa_pop_2023.dat 2 2027 CLCI 35.9607
Model_1_goa_pop_2023.dat 2 2027 CUCI 36.3039
Model_1_goa_pop_2023.dat 2 2027 CMedian 36.0817
Model_1_goa_pop_2023.dat 2 2027 CMean 36.1029
Model_1_goa_pop_2023.dat 2 2028 Cabc 25.3018
Model_1_goa_pop_2023.dat 2 2028 Cofl 27.0643
Model_1_goa_pop_2023.dat 2 2028 CLCI 33.8662
Model_1_goa_pop_2023.dat 2 2028 CUCI 34.6611
Model_1_goa_pop_2023.dat 2 2028 CMedian 34.1535
Model_1_goa_pop_2023.dat 2 2028 CMean 34.1989
Model_1_goa_pop_2023.dat 2 2029 Cabc 25.3018
Model_1_goa_pop_2023.dat 2 2029 Cofl 27.0643
Model_1_goa_pop_2023.dat 2 2029 CLCI 31.8491
Model_1_goa_pop_2023.dat 2 2029 CUCI 33.3363
Model_1_goa_pop_2023.dat 2 2029 CMedian 32.411
Model_1_goa_pop_2023.dat 2 2029 CMean 32.4821
Model_1_goa_pop_2023.dat 2 2030 Cabc 25.3018
Model_1_goa_pop_2023.dat 2 2030 Cofl 27.0643
Model_1_goa_pop_2023.dat 2 2030 CLCI 29.9788
Model_1_goa_pop_2023.dat 2 2030 CUCI 32.4693
Model_1_goa_pop_2023.dat 2 2030 CMedian 30.8946
Model_1_goa_pop_2023.dat 2 2030 CMean 31.008
Model_1_goa_pop_2023.dat 2 2031 Cabc 25.3018
Model_1_goa_pop_2023.dat 2 2031 Cofl 27.0643
Model_1_goa_pop_2023.dat 2 2031 CLCI 28.2792
Model_1_goa_pop_2023.dat 2 2031 CUCI 31.7583
Model_1_goa_pop_2023.dat 2 2031 CMedian 29.6184
Model_1_goa_pop_2023.dat 2 2031 CMean 29.7761
Model_1_goa_pop_2023.dat 2 2032 Cabc 25.3018
Model_1_goa_pop_2023.dat 2 2032 Cofl 27.0643
Model_1_goa_pop_2023.dat 2 2032 CLCI 26.7824
Model_1_goa_pop_2023.dat 2 2032 CUCI 31.4258
Model_1_goa_pop_2023.dat 2 2032 CMedian 28.5603
Model_1_goa_pop_2023.dat 2 2032 CMean 28.7947
Model_1_goa_pop_2023.dat 2 2033 Cabc 25.3018
Model_1_goa_pop_2023.dat 2 2033 Cofl 27.0643
Model_1_goa_pop_2023.dat 2 2033 CLCI 25.5051
Model_1_goa_pop_2023.dat 2 2033 CUCI 31.3272
Model_1_goa_pop_2023.dat 2 2033 CMedian 27.828
Model_1_goa_pop_2023.dat 2 2033 CMean 28.0255
Model_1_goa_pop_2023.dat 2 2034 Cabc 25.3018
Model_1_goa_pop_2023.dat 2 2034 Cofl 27.0643
Model_1_goa_pop_2023.dat 2 2034 CLCI 24.348
Model_1_goa_pop_2023.dat 2 2034 CUCI 31.3354
Model_1_goa_pop_2023.dat 2 2034 CMedian 27.1923
Model_1_goa_pop_2023.dat 2 2034 CMean 27.4453
Model_1_goa_pop_2023.dat 2 2035 Cabc 25.3018
Model_1_goa_pop_2023.dat 2 2035 Cofl 27.0643
Model_1_goa_pop_2023.dat 2 2035 CLCI 23.4507
Model_1_goa_pop_2023.dat 2 2035 CUCI 31.208
Model_1_goa_pop_2023.dat 2 2035 CMedian 26.7454
Model_1_goa_pop_2023.dat 2 2035 CMean 26.9928
Model_1_goa_pop_2023.dat 2 2036 Cabc 25.3018
Model_1_goa_pop_2023.dat 2 2036 Cofl 27.0643
Model_1_goa_pop_2023.dat 2 2036 CLCI 22.1791
Model_1_goa_pop_2023.dat 2 2036 CUCI 31.2595
Model_1_goa_pop_2023.dat 2 2036 CMedian 26.4315
Model_1_goa_pop_2023.dat 2 2036 CMean 26.6396
Model_1_goa_pop_2023.dat 2 2023 SSBF100 343.618
Model_1_goa_pop_2023.dat 2 2023 SSBFabc 137.447
Model_1_goa_pop_2023.dat 2 2023 SSBFofl 120.266
Model_1_goa_pop_2023.dat 2 2023 SSBLCI 234.446
Model_1_goa_pop_2023.dat 2 2023 SSBUCI 234.446
Model_1_goa_pop_2023.dat 2 2023 SSBMedian 234.446
Model_1_goa_pop_2023.dat 2 2023 SSBMean 234.446
Model_1_goa_pop_2023.dat 2 2024 SSBF100 343.618
Model_1_goa_pop_2023.dat 2 2024 SSBFabc 137.447
Model_1_goa_pop_2023.dat 2 2024 SSBFofl 120.266
Model_1_goa_pop_2023.dat 2 2024 SSBLCI 229.445
Model_1_goa_pop_2023.dat 2 2024 SSBUCI 229.473
Model_1_goa_pop_2023.dat 2 2024 SSBMedian 229.453
Model_1_goa_pop_2023.dat 2 2024 SSBMean 229.455
Model_1_goa_pop_2023.dat 2 2025 SSBF100 343.618
Model_1_goa_pop_2023.dat 2 2025 SSBFabc 137.447
Model_1_goa_pop_2023.dat 2 2025 SSBFofl 120.266
Model_1_goa_pop_2023.dat 2 2025 SSBLCI 224.754
Model_1_goa_pop_2023.dat 2 2025 SSBUCI 224.868
Model_1_goa_pop_2023.dat 2 2025 SSBMedian 224.793
Model_1_goa_pop_2023.dat 2 2025 SSBMean 224.8
Model_1_goa_pop_2023.dat 2 2026 SSBF100 343.618
Model_1_goa_pop_2023.dat 2 2026 SSBFabc 137.447
Model_1_goa_pop_2023.dat 2 2026 SSBFofl 120.266
Model_1_goa_pop_2023.dat 2 2026 SSBLCI 217.813
Model_1_goa_pop_2023.dat 2 2026 SSBUCI 218.181
Model_1_goa_pop_2023.dat 2 2026 SSBMedian 217.944
Model_1_goa_pop_2023.dat 2 2026 SSBMean 217.966
Model_1_goa_pop_2023.dat 2 2027 SSBF100 343.618
Model_1_goa_pop_2023.dat 2 2027 SSBFabc 137.447
Model_1_goa_pop_2023.dat 2 2027 SSBFofl 120.266
Model_1_goa_pop_2023.dat 2 2027 SSBLCI 209.463
Model_1_goa_pop_2023.dat 2 2027 SSBUCI 210.432
Model_1_goa_pop_2023.dat 2 2027 SSBMedian 209.809
Model_1_goa_pop_2023.dat 2 2027 SSBMean 209.866
Model_1_goa_pop_2023.dat 2 2028 SSBF100 343.618
Model_1_goa_pop_2023.dat 2 2028 SSBFabc 137.447
Model_1_goa_pop_2023.dat 2 2028 SSBFofl 120.266
Model_1_goa_pop_2023.dat 2 2028 SSBLCI 198.335
Model_1_goa_pop_2023.dat 2 2028 SSBUCI 200.538
Model_1_goa_pop_2023.dat 2 2028 SSBMedian 199.137
Model_1_goa_pop_2023.dat 2 2028 SSBMean 199.258
Model_1_goa_pop_2023.dat 2 2029 SSBF100 343.618
Model_1_goa_pop_2023.dat 2 2029 SSBFabc 137.447
Model_1_goa_pop_2023.dat 2 2029 SSBFofl 120.266
Model_1_goa_pop_2023.dat 2 2029 SSBLCI 187.089
Model_1_goa_pop_2023.dat 2 2029 SSBUCI 191.681
Model_1_goa_pop_2023.dat 2 2029 SSBMedian 188.789
Model_1_goa_pop_2023.dat 2 2029 SSBMean 189.021
Model_1_goa_pop_2023.dat 2 2030 SSBF100 343.618
Model_1_goa_pop_2023.dat 2 2030 SSBFabc 137.447
Model_1_goa_pop_2023.dat 2 2030 SSBFofl 120.266
Model_1_goa_pop_2023.dat 2 2030 SSBLCI 176.12
Model_1_goa_pop_2023.dat 2 2030 SSBUCI 184.636
Model_1_goa_pop_2023.dat 2 2030 SSBMedian 179.39
Model_1_goa_pop_2023.dat 2 2030 SSBMean 179.778
Model_1_goa_pop_2023.dat 2 2031 SSBF100 343.618
Model_1_goa_pop_2023.dat 2 2031 SSBFabc 137.447
Model_1_goa_pop_2023.dat 2 2031 SSBFofl 120.266
Model_1_goa_pop_2023.dat 2 2031 SSBLCI 165.993
Model_1_goa_pop_2023.dat 2 2031 SSBUCI 180.366
Model_1_goa_pop_2023.dat 2 2031 SSBMedian 171.445
Model_1_goa_pop_2023.dat 2 2031 SSBMean 172.07
Model_1_goa_pop_2023.dat 2 2032 SSBF100 343.618
Model_1_goa_pop_2023.dat 2 2032 SSBFabc 137.447
Model_1_goa_pop_2023.dat 2 2032 SSBFofl 120.266
Model_1_goa_pop_2023.dat 2 2032 SSBLCI 156.957
Model_1_goa_pop_2023.dat 2 2032 SSBUCI 178.08
Model_1_goa_pop_2023.dat 2 2032 SSBMedian 165.07
Model_1_goa_pop_2023.dat 2 2032 SSBMean 166.034
Model_1_goa_pop_2023.dat 2 2033 SSBF100 343.618
Model_1_goa_pop_2023.dat 2 2033 SSBFabc 137.447
Model_1_goa_pop_2023.dat 2 2033 SSBFofl 120.266
Model_1_goa_pop_2023.dat 2 2033 SSBLCI 149.135
Model_1_goa_pop_2023.dat 2 2033 SSBUCI 177.58
Model_1_goa_pop_2023.dat 2 2033 SSBMedian 160.113
Model_1_goa_pop_2023.dat 2 2033 SSBMean 161.494
Model_1_goa_pop_2023.dat 2 2034 SSBF100 343.618
Model_1_goa_pop_2023.dat 2 2034 SSBFabc 137.447
Model_1_goa_pop_2023.dat 2 2034 SSBFofl 120.266
Model_1_goa_pop_2023.dat 2 2034 SSBLCI 142.863
Model_1_goa_pop_2023.dat 2 2034 SSBUCI 177.797
Model_1_goa_pop_2023.dat 2 2034 SSBMedian 156.907
Model_1_goa_pop_2023.dat 2 2034 SSBMean 158.069
Model_1_goa_pop_2023.dat 2 2035 SSBF100 343.618
Model_1_goa_pop_2023.dat 2 2035 SSBFabc 137.447
Model_1_goa_pop_2023.dat 2 2035 SSBFofl 120.266
Model_1_goa_pop_2023.dat 2 2035 SSBLCI 136.924
Model_1_goa_pop_2023.dat 2 2035 SSBUCI 178.228
Model_1_goa_pop_2023.dat 2 2035 SSBMedian 153.864
Model_1_goa_pop_2023.dat 2 2035 SSBMean 155.422
Model_1_goa_pop_2023.dat 2 2036 SSBF100 343.618
Model_1_goa_pop_2023.dat 2 2036 SSBFabc 137.447
Model_1_goa_pop_2023.dat 2 2036 SSBFofl 120.266
Model_1_goa_pop_2023.dat 2 2036 SSBLCI 133.017
Model_1_goa_pop_2023.dat 2 2036 SSBUCI 177.073
Model_1_goa_pop_2023.dat 2 2036 SSBMedian 151.542
Model_1_goa_pop_2023.dat 2 2036 SSBMean 153.293
Model_1_goa_pop_2023.dat 2 2023 F0 0 
Model_1_goa_pop_2023.dat 2 2023 Fabc 0.0990105
Model_1_goa_pop_2023.dat 2 2023 Fofl 0.119243
Model_1_goa_pop_2023.dat 2 2023  F_LCI 0.0712498
Model_1_goa_pop_2023.dat 2 2023  F_UCI 0.0712498
Model_1_goa_pop_2023.dat 2 2023  F_Median 0.0712498
Model_1_goa_pop_2023.dat 2 2023  F_Mean 0.0712498
Model_1_goa_pop_2023.dat 2 2024 F0 0 
Model_1_goa_pop_2023.dat 2 2024 Fabc 0.0990105
Model_1_goa_pop_2023.dat 2 2024 Fofl 0.119243
Model_1_goa_pop_2023.dat 2 2024  F_LCI 0.0584165
Model_1_goa_pop_2023.dat 2 2024  F_UCI 0.0584178
Model_1_goa_pop_2023.dat 2 2024  F_Median 0.0584174
Model_1_goa_pop_2023.dat 2 2024  F_Mean 0.0584173
Model_1_goa_pop_2023.dat 2 2025 F0 0 
Model_1_goa_pop_2023.dat 2 2025 Fabc 0.0990105
Model_1_goa_pop_2023.dat 2 2025 Fofl 0.119243
Model_1_goa_pop_2023.dat 2 2025  F_LCI 0.0782745
Model_1_goa_pop_2023.dat 2 2025  F_UCI 0.0783137
Model_1_goa_pop_2023.dat 2 2025  F_Median 0.0783015
Model_1_goa_pop_2023.dat 2 2025  F_Mean 0.0782989
Model_1_goa_pop_2023.dat 2 2026 F0 0 
Model_1_goa_pop_2023.dat 2 2026 Fabc 0.0990105
Model_1_goa_pop_2023.dat 2 2026 Fofl 0.119243
Model_1_goa_pop_2023.dat 2 2026  F_LCI 0.0769064
Model_1_goa_pop_2023.dat 2 2026  F_UCI 0.0771318
Model_1_goa_pop_2023.dat 2 2026  F_Median 0.0770575
Model_1_goa_pop_2023.dat 2 2026  F_Mean 0.0770438
Model_1_goa_pop_2023.dat 2 2027 F0 0 
Model_1_goa_pop_2023.dat 2 2027 Fabc 0.0990105
Model_1_goa_pop_2023.dat 2 2027 Fofl 0.119243
Model_1_goa_pop_2023.dat 2 2027  F_LCI 0.0990105
Model_1_goa_pop_2023.dat 2 2027  F_UCI 0.0990105
Model_1_goa_pop_2023.dat 2 2027  F_Median 0.0990105
Model_1_goa_pop_2023.dat 2 2027  F_Mean 0.0990105
Model_1_goa_pop_2023.dat 2 2028 F0 0 
Model_1_goa_pop_2023.dat 2 2028 Fabc 0.0990105
Model_1_goa_pop_2023.dat 2 2028 Fofl 0.119243
Model_1_goa_pop_2023.dat 2 2028  F_LCI 0.0990105
Model_1_goa_pop_2023.dat 2 2028  F_UCI 0.0990105
Model_1_goa_pop_2023.dat 2 2028  F_Median 0.0990105
Model_1_goa_pop_2023.dat 2 2028  F_Mean 0.0990105
Model_1_goa_pop_2023.dat 2 2029 F0 0 
Model_1_goa_pop_2023.dat 2 2029 Fabc 0.0990105
Model_1_goa_pop_2023.dat 2 2029 Fofl 0.119243
Model_1_goa_pop_2023.dat 2 2029  F_LCI 0.0990105
Model_1_goa_pop_2023.dat 2 2029  F_UCI 0.0990105
Model_1_goa_pop_2023.dat 2 2029  F_Median 0.0990105
Model_1_goa_pop_2023.dat 2 2029  F_Mean 0.0990105
Model_1_goa_pop_2023.dat 2 2030 F0 0 
Model_1_goa_pop_2023.dat 2 2030 Fabc 0.0990105
Model_1_goa_pop_2023.dat 2 2030 Fofl 0.119243
Model_1_goa_pop_2023.dat 2 2030  F_LCI 0.0990105
Model_1_goa_pop_2023.dat 2 2030  F_UCI 0.0990105
Model_1_goa_pop_2023.dat 2 2030  F_Median 0.0990105
Model_1_goa_pop_2023.dat 2 2030  F_Mean 0.0990105
Model_1_goa_pop_2023.dat 2 2031 F0 0 
Model_1_goa_pop_2023.dat 2 2031 Fabc 0.0990105
Model_1_goa_pop_2023.dat 2 2031 Fofl 0.119243
Model_1_goa_pop_2023.dat 2 2031  F_LCI 0.0990105
Model_1_goa_pop_2023.dat 2 2031  F_UCI 0.0990105
Model_1_goa_pop_2023.dat 2 2031  F_Median 0.0990105
Model_1_goa_pop_2023.dat 2 2031  F_Mean 0.0990105
Model_1_goa_pop_2023.dat 2 2032 F0 0 
Model_1_goa_pop_2023.dat 2 2032 Fabc 0.0990105
Model_1_goa_pop_2023.dat 2 2032 Fofl 0.119243
Model_1_goa_pop_2023.dat 2 2032  F_LCI 0.0990105
Model_1_goa_pop_2023.dat 2 2032  F_UCI 0.0990105
Model_1_goa_pop_2023.dat 2 2032  F_Median 0.0990105
Model_1_goa_pop_2023.dat 2 2032  F_Mean 0.0990105
Model_1_goa_pop_2023.dat 2 2033 F0 0 
Model_1_goa_pop_2023.dat 2 2033 Fabc 0.0990105
Model_1_goa_pop_2023.dat 2 2033 Fofl 0.119243
Model_1_goa_pop_2023.dat 2 2033  F_LCI 0.0990105
Model_1_goa_pop_2023.dat 2 2033  F_UCI 0.0990105
Model_1_goa_pop_2023.dat 2 2033  F_Median 0.0990105
Model_1_goa_pop_2023.dat 2 2033  F_Mean 0.0990105
Model_1_goa_pop_2023.dat 2 2034 F0 0 
Model_1_goa_pop_2023.dat 2 2034 Fabc 0.0990105
Model_1_goa_pop_2023.dat 2 2034 Fofl 0.119243
Model_1_goa_pop_2023.dat 2 2034  F_LCI 0.0990105
Model_1_goa_pop_2023.dat 2 2034  F_UCI 0.0990105
Model_1_goa_pop_2023.dat 2 2034  F_Median 0.0990105
Model_1_goa_pop_2023.dat 2 2034  F_Mean 0.0990046
Model_1_goa_pop_2023.dat 2 2035 F0 0 
Model_1_goa_pop_2023.dat 2 2035 Fabc 0.0990105
Model_1_goa_pop_2023.dat 2 2035 Fofl 0.119243
Model_1_goa_pop_2023.dat 2 2035  F_LCI 0.098614
Model_1_goa_pop_2023.dat 2 2035  F_UCI 0.0990105
Model_1_goa_pop_2023.dat 2 2035  F_Median 0.0990105
Model_1_goa_pop_2023.dat 2 2035  F_Mean 0.0988948
Model_1_goa_pop_2023.dat 2 2036 F0 0 
Model_1_goa_pop_2023.dat 2 2036 Fabc 0.0990105
Model_1_goa_pop_2023.dat 2 2036 Fofl 0.119243
Model_1_goa_pop_2023.dat 2 2036  F_LCI 0.0956509
Model_1_goa_pop_2023.dat 2 2036  F_UCI 0.0990105
Model_1_goa_pop_2023.dat 2 2036  F_Median 0.0990105
Model_1_goa_pop_2023.dat 2 2036  F_Mean 0.0986456
Model_1_goa_pop_2023.dat 3 2023 Cabc 25.3018
Model_1_goa_pop_2023.dat 3 2023 Cofl 27.0643
Model_1_goa_pop_2023.dat 3 2023 CLCI 29.7605
Model_1_goa_pop_2023.dat 3 2023 CUCI 29.7605
Model_1_goa_pop_2023.dat 3 2023 CMedian 29.7605
Model_1_goa_pop_2023.dat 3 2023 CMean 29.7605
Model_1_goa_pop_2023.dat 3 2024 Cabc 25.3018
Model_1_goa_pop_2023.dat 3 2024 Cofl 27.0643
Model_1_goa_pop_2023.dat 3 2024 CLCI 23.8313
Model_1_goa_pop_2023.dat 3 2024 CUCI 23.8313
Model_1_goa_pop_2023.dat 3 2024 CMedian 23.8313
Model_1_goa_pop_2023.dat 3 2024 CMean 23.8313
Model_1_goa_pop_2023.dat 3 2025 Cabc 25.3018
Model_1_goa_pop_2023.dat 3 2025 Cofl 27.0643
Model_1_goa_pop_2023.dat 3 2025 CLCI 31.058
Model_1_goa_pop_2023.dat 3 2025 CUCI 31.058
Model_1_goa_pop_2023.dat 3 2025 CMedian 31.058
Model_1_goa_pop_2023.dat 3 2025 CMean 31.058
Model_1_goa_pop_2023.dat 3 2026 Cabc 25.3018
Model_1_goa_pop_2023.dat 3 2026 Cofl 27.0643
Model_1_goa_pop_2023.dat 3 2026 CLCI 29.435
Model_1_goa_pop_2023.dat 3 2026 CUCI 29.435
Model_1_goa_pop_2023.dat 3 2026 CMedian 29.435
Model_1_goa_pop_2023.dat 3 2026 CMean 29.435
Model_1_goa_pop_2023.dat 3 2027 Cabc 25.3018
Model_1_goa_pop_2023.dat 3 2027 Cofl 27.0643
Model_1_goa_pop_2023.dat 3 2027 CLCI 18.3278
Model_1_goa_pop_2023.dat 3 2027 CUCI 18.4999
Model_1_goa_pop_2023.dat 3 2027 CMedian 18.3885
Model_1_goa_pop_2023.dat 3 2027 CMean 18.3991
Model_1_goa_pop_2023.dat 3 2028 Cabc 25.3018
Model_1_goa_pop_2023.dat 3 2028 Cofl 27.0643
Model_1_goa_pop_2023.dat 3 2028 CLCI 17.9265
Model_1_goa_pop_2023.dat 3 2028 CUCI 18.3272
Model_1_goa_pop_2023.dat 3 2028 CMedian 18.0715
Model_1_goa_pop_2023.dat 3 2028 CMean 18.0942
Model_1_goa_pop_2023.dat 3 2029 Cabc 25.3018
Model_1_goa_pop_2023.dat 3 2029 Cofl 27.0643
Model_1_goa_pop_2023.dat 3 2029 CLCI 17.4822
Model_1_goa_pop_2023.dat 3 2029 CUCI 18.2378
Model_1_goa_pop_2023.dat 3 2029 CMedian 17.7683
Model_1_goa_pop_2023.dat 3 2029 CMean 17.8034
Model_1_goa_pop_2023.dat 3 2030 Cabc 25.3018
Model_1_goa_pop_2023.dat 3 2030 Cofl 27.0643
Model_1_goa_pop_2023.dat 3 2030 CLCI 17.0273
Model_1_goa_pop_2023.dat 3 2030 CUCI 18.3087
Model_1_goa_pop_2023.dat 3 2030 CMedian 17.4986
Model_1_goa_pop_2023.dat 3 2030 CMean 17.5565
Model_1_goa_pop_2023.dat 3 2031 Cabc 25.3018
Model_1_goa_pop_2023.dat 3 2031 Cofl 27.0643
Model_1_goa_pop_2023.dat 3 2031 CLCI 16.5775
Model_1_goa_pop_2023.dat 3 2031 CUCI 18.3918
Model_1_goa_pop_2023.dat 3 2031 CMedian 17.2758
Model_1_goa_pop_2023.dat 3 2031 CMean 17.3574
Model_1_goa_pop_2023.dat 3 2032 Cabc 25.3018
Model_1_goa_pop_2023.dat 3 2032 Cofl 27.0643
Model_1_goa_pop_2023.dat 3 2032 CLCI 16.1523
Model_1_goa_pop_2023.dat 3 2032 CUCI 18.6088
Model_1_goa_pop_2023.dat 3 2032 CMedian 17.1035
Model_1_goa_pop_2023.dat 3 2032 CMean 17.2189
Model_1_goa_pop_2023.dat 3 2033 Cabc 25.3018
Model_1_goa_pop_2023.dat 3 2033 Cofl 27.0643
Model_1_goa_pop_2023.dat 3 2033 CLCI 15.7736
Model_1_goa_pop_2023.dat 3 2033 CUCI 18.886
Model_1_goa_pop_2023.dat 3 2033 CMedian 17.0092
Model_1_goa_pop_2023.dat 3 2033 CMean 17.13
Model_1_goa_pop_2023.dat 3 2034 Cabc 25.3018
Model_1_goa_pop_2023.dat 3 2034 Cofl 27.0643
Model_1_goa_pop_2023.dat 3 2034 CLCI 15.3965
Model_1_goa_pop_2023.dat 3 2034 CUCI 19.227
Model_1_goa_pop_2023.dat 3 2034 CMedian 16.9547
Model_1_goa_pop_2023.dat 3 2034 CMean 17.0907
Model_1_goa_pop_2023.dat 3 2035 Cabc 25.3018
Model_1_goa_pop_2023.dat 3 2035 Cofl 27.0643
Model_1_goa_pop_2023.dat 3 2035 CLCI 15.1085
Model_1_goa_pop_2023.dat 3 2035 CUCI 19.5438
Model_1_goa_pop_2023.dat 3 2035 CMedian 16.9424
Model_1_goa_pop_2023.dat 3 2035 CMean 17.0897
Model_1_goa_pop_2023.dat 3 2036 Cabc 25.3018
Model_1_goa_pop_2023.dat 3 2036 Cofl 27.0643
Model_1_goa_pop_2023.dat 3 2036 CLCI 14.9254
Model_1_goa_pop_2023.dat 3 2036 CUCI 19.7595
Model_1_goa_pop_2023.dat 3 2036 CMedian 16.9447
Model_1_goa_pop_2023.dat 3 2036 CMean 17.1258
Model_1_goa_pop_2023.dat 3 2023 SSBF100 343.618
Model_1_goa_pop_2023.dat 3 2023 SSBFabc 137.447
Model_1_goa_pop_2023.dat 3 2023 SSBFofl 120.266
Model_1_goa_pop_2023.dat 3 2023 SSBLCI 234.446
Model_1_goa_pop_2023.dat 3 2023 SSBUCI 234.446
Model_1_goa_pop_2023.dat 3 2023 SSBMedian 234.446
Model_1_goa_pop_2023.dat 3 2023 SSBMean 234.446
Model_1_goa_pop_2023.dat 3 2024 SSBF100 343.618
Model_1_goa_pop_2023.dat 3 2024 SSBFabc 137.447
Model_1_goa_pop_2023.dat 3 2024 SSBFofl 120.266
Model_1_goa_pop_2023.dat 3 2024 SSBLCI 229.445
Model_1_goa_pop_2023.dat 3 2024 SSBUCI 229.473
Model_1_goa_pop_2023.dat 3 2024 SSBMedian 229.453
Model_1_goa_pop_2023.dat 3 2024 SSBMean 229.455
Model_1_goa_pop_2023.dat 3 2025 SSBF100 343.618
Model_1_goa_pop_2023.dat 3 2025 SSBFabc 137.447
Model_1_goa_pop_2023.dat 3 2025 SSBFofl 120.266
Model_1_goa_pop_2023.dat 3 2025 SSBLCI 224.754
Model_1_goa_pop_2023.dat 3 2025 SSBUCI 224.868
Model_1_goa_pop_2023.dat 3 2025 SSBMedian 224.793
Model_1_goa_pop_2023.dat 3 2025 SSBMean 224.8
Model_1_goa_pop_2023.dat 3 2026 SSBF100 343.618
Model_1_goa_pop_2023.dat 3 2026 SSBFabc 137.447
Model_1_goa_pop_2023.dat 3 2026 SSBFofl 120.266
Model_1_goa_pop_2023.dat 3 2026 SSBLCI 217.813
Model_1_goa_pop_2023.dat 3 2026 SSBUCI 218.181
Model_1_goa_pop_2023.dat 3 2026 SSBMedian 217.944
Model_1_goa_pop_2023.dat 3 2026 SSBMean 217.966
Model_1_goa_pop_2023.dat 3 2027 SSBF100 343.618
Model_1_goa_pop_2023.dat 3 2027 SSBFabc 137.447
Model_1_goa_pop_2023.dat 3 2027 SSBFofl 120.266
Model_1_goa_pop_2023.dat 3 2027 SSBLCI 212.179
Model_1_goa_pop_2023.dat 3 2027 SSBUCI 213.15
Model_1_goa_pop_2023.dat 3 2027 SSBMedian 212.526
Model_1_goa_pop_2023.dat 3 2027 SSBMean 212.584
Model_1_goa_pop_2023.dat 3 2028 SSBF100 343.618
Model_1_goa_pop_2023.dat 3 2028 SSBFabc 137.447
Model_1_goa_pop_2023.dat 3 2028 SSBFofl 120.266
Model_1_goa_pop_2023.dat 3 2028 SSBLCI 208.597
Model_1_goa_pop_2023.dat 3 2028 SSBUCI 210.817
Model_1_goa_pop_2023.dat 3 2028 SSBMedian 209.405
Model_1_goa_pop_2023.dat 3 2028 SSBMean 209.527
Model_1_goa_pop_2023.dat 3 2029 SSBF100 343.618
Model_1_goa_pop_2023.dat 3 2029 SSBFabc 137.447
Model_1_goa_pop_2023.dat 3 2029 SSBFofl 120.266
Model_1_goa_pop_2023.dat 3 2029 SSBLCI 204.044
Model_1_goa_pop_2023.dat 3 2029 SSBUCI 208.711
Model_1_goa_pop_2023.dat 3 2029 SSBMedian 205.762
Model_1_goa_pop_2023.dat 3 2029 SSBMean 206.006
Model_1_goa_pop_2023.dat 3 2030 SSBF100 343.618
Model_1_goa_pop_2023.dat 3 2030 SSBFabc 137.447
Model_1_goa_pop_2023.dat 3 2030 SSBFofl 120.266
Model_1_goa_pop_2023.dat 3 2030 SSBLCI 198.877
Model_1_goa_pop_2023.dat 3 2030 SSBUCI 207.635
Model_1_goa_pop_2023.dat 3 2030 SSBMedian 202.218
Model_1_goa_pop_2023.dat 3 2030 SSBMean 202.627
Model_1_goa_pop_2023.dat 3 2031 SSBF100 343.618
Model_1_goa_pop_2023.dat 3 2031 SSBFabc 137.447
Model_1_goa_pop_2023.dat 3 2031 SSBFofl 120.266
Model_1_goa_pop_2023.dat 3 2031 SSBLCI 193.673
Model_1_goa_pop_2023.dat 3 2031 SSBUCI 208.536
Model_1_goa_pop_2023.dat 3 2031 SSBMedian 199.329
Model_1_goa_pop_2023.dat 3 2031 SSBMean 199.991
Model_1_goa_pop_2023.dat 3 2032 SSBF100 343.618
Model_1_goa_pop_2023.dat 3 2032 SSBFabc 137.447
Model_1_goa_pop_2023.dat 3 2032 SSBFofl 120.266
Model_1_goa_pop_2023.dat 3 2032 SSBLCI 188.71
Model_1_goa_pop_2023.dat 3 2032 SSBUCI 211.333
Model_1_goa_pop_2023.dat 3 2032 SSBMedian 197.336
Model_1_goa_pop_2023.dat 3 2032 SSBMean 198.345
Model_1_goa_pop_2023.dat 3 2033 SSBF100 343.618
Model_1_goa_pop_2023.dat 3 2033 SSBFabc 137.447
Model_1_goa_pop_2023.dat 3 2033 SSBFofl 120.266
Model_1_goa_pop_2023.dat 3 2033 SSBLCI 184.256
Model_1_goa_pop_2023.dat 3 2033 SSBUCI 214.867
Model_1_goa_pop_2023.dat 3 2033 SSBMedian 196.147
Model_1_goa_pop_2023.dat 3 2033 SSBMean 197.633
Model_1_goa_pop_2023.dat 3 2034 SSBF100 343.618
Model_1_goa_pop_2023.dat 3 2034 SSBFabc 137.447
Model_1_goa_pop_2023.dat 3 2034 SSBFofl 120.266
Model_1_goa_pop_2023.dat 3 2034 SSBLCI 180.891
Model_1_goa_pop_2023.dat 3 2034 SSBUCI 219.15
Model_1_goa_pop_2023.dat 3 2034 SSBMedian 196.119
Model_1_goa_pop_2023.dat 3 2034 SSBMean 197.572
Model_1_goa_pop_2023.dat 3 2035 SSBF100 343.618
Model_1_goa_pop_2023.dat 3 2035 SSBFabc 137.447
Model_1_goa_pop_2023.dat 3 2035 SSBFofl 120.266
Model_1_goa_pop_2023.dat 3 2035 SSBLCI 177.162
Model_1_goa_pop_2023.dat 3 2035 SSBUCI 223.894
Model_1_goa_pop_2023.dat 3 2035 SSBMedian 196.221
Model_1_goa_pop_2023.dat 3 2035 SSBMean 197.895
Model_1_goa_pop_2023.dat 3 2036 SSBF100 343.618
Model_1_goa_pop_2023.dat 3 2036 SSBFabc 137.447
Model_1_goa_pop_2023.dat 3 2036 SSBFofl 120.266
Model_1_goa_pop_2023.dat 3 2036 SSBLCI 175.054
Model_1_goa_pop_2023.dat 3 2036 SSBUCI 226.352
Model_1_goa_pop_2023.dat 3 2036 SSBMedian 196.505
Model_1_goa_pop_2023.dat 3 2036 SSBMean 198.382
Model_1_goa_pop_2023.dat 3 2023 F0 0 
Model_1_goa_pop_2023.dat 3 2023 Fabc 0.0990105
Model_1_goa_pop_2023.dat 3 2023 Fofl 0.119243
Model_1_goa_pop_2023.dat 3 2023  F_LCI 0.0712498
Model_1_goa_pop_2023.dat 3 2023  F_UCI 0.0712498
Model_1_goa_pop_2023.dat 3 2023  F_Median 0.0712498
Model_1_goa_pop_2023.dat 3 2023  F_Mean 0.0712498
Model_1_goa_pop_2023.dat 3 2024 F0 0 
Model_1_goa_pop_2023.dat 3 2024 Fabc 0.0990105
Model_1_goa_pop_2023.dat 3 2024 Fofl 0.119243
Model_1_goa_pop_2023.dat 3 2024  F_LCI 0.0584165
Model_1_goa_pop_2023.dat 3 2024  F_UCI 0.0584178
Model_1_goa_pop_2023.dat 3 2024  F_Median 0.0584174
Model_1_goa_pop_2023.dat 3 2024  F_Mean 0.0584173
Model_1_goa_pop_2023.dat 3 2025 F0 0 
Model_1_goa_pop_2023.dat 3 2025 Fabc 0.0990105
Model_1_goa_pop_2023.dat 3 2025 Fofl 0.119243
Model_1_goa_pop_2023.dat 3 2025  F_LCI 0.0782745
Model_1_goa_pop_2023.dat 3 2025  F_UCI 0.0783137
Model_1_goa_pop_2023.dat 3 2025  F_Median 0.0783015
Model_1_goa_pop_2023.dat 3 2025  F_Mean 0.0782989
Model_1_goa_pop_2023.dat 3 2026 F0 0 
Model_1_goa_pop_2023.dat 3 2026 Fabc 0.0990105
Model_1_goa_pop_2023.dat 3 2026 Fofl 0.119243
Model_1_goa_pop_2023.dat 3 2026  F_LCI 0.0769064
Model_1_goa_pop_2023.dat 3 2026  F_UCI 0.0771318
Model_1_goa_pop_2023.dat 3 2026  F_Median 0.0770575
Model_1_goa_pop_2023.dat 3 2026  F_Mean 0.0770438
Model_1_goa_pop_2023.dat 3 2027 F0 0 
Model_1_goa_pop_2023.dat 3 2027 Fabc 0.0990105
Model_1_goa_pop_2023.dat 3 2027 Fofl 0.119243
Model_1_goa_pop_2023.dat 3 2027  F_LCI 0.0495053
Model_1_goa_pop_2023.dat 3 2027  F_UCI 0.0495053
Model_1_goa_pop_2023.dat 3 2027  F_Median 0.0495053
Model_1_goa_pop_2023.dat 3 2027  F_Mean 0.0495053
Model_1_goa_pop_2023.dat 3 2028 F0 0 
Model_1_goa_pop_2023.dat 3 2028 Fabc 0.0990105
Model_1_goa_pop_2023.dat 3 2028 Fofl 0.119243
Model_1_goa_pop_2023.dat 3 2028  F_LCI 0.0495053
Model_1_goa_pop_2023.dat 3 2028  F_UCI 0.0495053
Model_1_goa_pop_2023.dat 3 2028  F_Median 0.0495053
Model_1_goa_pop_2023.dat 3 2028  F_Mean 0.0495053
Model_1_goa_pop_2023.dat 3 2029 F0 0 
Model_1_goa_pop_2023.dat 3 2029 Fabc 0.0990105
Model_1_goa_pop_2023.dat 3 2029 Fofl 0.119243
Model_1_goa_pop_2023.dat 3 2029  F_LCI 0.0495053
Model_1_goa_pop_2023.dat 3 2029  F_UCI 0.0495053
Model_1_goa_pop_2023.dat 3 2029  F_Median 0.0495053
Model_1_goa_pop_2023.dat 3 2029  F_Mean 0.0495053
Model_1_goa_pop_2023.dat 3 2030 F0 0 
Model_1_goa_pop_2023.dat 3 2030 Fabc 0.0990105
Model_1_goa_pop_2023.dat 3 2030 Fofl 0.119243
Model_1_goa_pop_2023.dat 3 2030  F_LCI 0.0495053
Model_1_goa_pop_2023.dat 3 2030  F_UCI 0.0495053
Model_1_goa_pop_2023.dat 3 2030  F_Median 0.0495053
Model_1_goa_pop_2023.dat 3 2030  F_Mean 0.0495053
Model_1_goa_pop_2023.dat 3 2031 F0 0 
Model_1_goa_pop_2023.dat 3 2031 Fabc 0.0990105
Model_1_goa_pop_2023.dat 3 2031 Fofl 0.119243
Model_1_goa_pop_2023.dat 3 2031  F_LCI 0.0495053
Model_1_goa_pop_2023.dat 3 2031  F_UCI 0.0495053
Model_1_goa_pop_2023.dat 3 2031  F_Median 0.0495053
Model_1_goa_pop_2023.dat 3 2031  F_Mean 0.0495053
Model_1_goa_pop_2023.dat 3 2032 F0 0 
Model_1_goa_pop_2023.dat 3 2032 Fabc 0.0990105
Model_1_goa_pop_2023.dat 3 2032 Fofl 0.119243
Model_1_goa_pop_2023.dat 3 2032  F_LCI 0.0495053
Model_1_goa_pop_2023.dat 3 2032  F_UCI 0.0495053
Model_1_goa_pop_2023.dat 3 2032  F_Median 0.0495053
Model_1_goa_pop_2023.dat 3 2032  F_Mean 0.0495053
Model_1_goa_pop_2023.dat 3 2033 F0 0 
Model_1_goa_pop_2023.dat 3 2033 Fabc 0.0990105
Model_1_goa_pop_2023.dat 3 2033 Fofl 0.119243
Model_1_goa_pop_2023.dat 3 2033  F_LCI 0.0495053
Model_1_goa_pop_2023.dat 3 2033  F_UCI 0.0495053
Model_1_goa_pop_2023.dat 3 2033  F_Median 0.0495053
Model_1_goa_pop_2023.dat 3 2033  F_Mean 0.0495053
Model_1_goa_pop_2023.dat 3 2034 F0 0 
Model_1_goa_pop_2023.dat 3 2034 Fabc 0.0990105
Model_1_goa_pop_2023.dat 3 2034 Fofl 0.119243
Model_1_goa_pop_2023.dat 3 2034  F_LCI 0.0495053
Model_1_goa_pop_2023.dat 3 2034  F_UCI 0.0495053
Model_1_goa_pop_2023.dat 3 2034  F_Median 0.0495053
Model_1_goa_pop_2023.dat 3 2034  F_Mean 0.0495053
Model_1_goa_pop_2023.dat 3 2035 F0 0 
Model_1_goa_pop_2023.dat 3 2035 Fabc 0.0990105
Model_1_goa_pop_2023.dat 3 2035 Fofl 0.119243
Model_1_goa_pop_2023.dat 3 2035  F_LCI 0.0495053
Model_1_goa_pop_2023.dat 3 2035  F_UCI 0.0495053
Model_1_goa_pop_2023.dat 3 2035  F_Median 0.0495053
Model_1_goa_pop_2023.dat 3 2035  F_Mean 0.0495053
Model_1_goa_pop_2023.dat 3 2036 F0 0 
Model_1_goa_pop_2023.dat 3 2036 Fabc 0.0990105
Model_1_goa_pop_2023.dat 3 2036 Fofl 0.119243
Model_1_goa_pop_2023.dat 3 2036  F_LCI 0.0495053
Model_1_goa_pop_2023.dat 3 2036  F_UCI 0.0495053
Model_1_goa_pop_2023.dat 3 2036  F_Median 0.0495053
Model_1_goa_pop_2023.dat 3 2036  F_Mean 0.0495053
Model_1_goa_pop_2023.dat 4 2023 Cabc 25.3018
Model_1_goa_pop_2023.dat 4 2023 Cofl 27.0643
Model_1_goa_pop_2023.dat 4 2023 CLCI 29.7605
Model_1_goa_pop_2023.dat 4 2023 CUCI 29.7605
Model_1_goa_pop_2023.dat 4 2023 CMedian 29.7605
Model_1_goa_pop_2023.dat 4 2023 CMean 29.7605
Model_1_goa_pop_2023.dat 4 2024 Cabc 25.3018
Model_1_goa_pop_2023.dat 4 2024 Cofl 27.0643
Model_1_goa_pop_2023.dat 4 2024 CLCI 23.8313
Model_1_goa_pop_2023.dat 4 2024 CUCI 23.8313
Model_1_goa_pop_2023.dat 4 2024 CMedian 23.8313
Model_1_goa_pop_2023.dat 4 2024 CMean 23.8313
Model_1_goa_pop_2023.dat 4 2025 Cabc 25.3018
Model_1_goa_pop_2023.dat 4 2025 Cofl 27.0643
Model_1_goa_pop_2023.dat 4 2025 CLCI 31.058
Model_1_goa_pop_2023.dat 4 2025 CUCI 31.058
Model_1_goa_pop_2023.dat 4 2025 CMedian 31.058
Model_1_goa_pop_2023.dat 4 2025 CMean 31.058
Model_1_goa_pop_2023.dat 4 2026 Cabc 25.3018
Model_1_goa_pop_2023.dat 4 2026 Cofl 27.0643
Model_1_goa_pop_2023.dat 4 2026 CLCI 29.435
Model_1_goa_pop_2023.dat 4 2026 CUCI 29.435
Model_1_goa_pop_2023.dat 4 2026 CMedian 29.435
Model_1_goa_pop_2023.dat 4 2026 CMean 29.435
Model_1_goa_pop_2023.dat 4 2027 Cabc 25.3018
Model_1_goa_pop_2023.dat 4 2027 Cofl 27.0643
Model_1_goa_pop_2023.dat 4 2027 CLCI 23.5184
Model_1_goa_pop_2023.dat 4 2027 CUCI 23.7403
Model_1_goa_pop_2023.dat 4 2027 CMedian 23.5966
Model_1_goa_pop_2023.dat 4 2027 CMean 23.6103
Model_1_goa_pop_2023.dat 4 2028 Cabc 25.3018
Model_1_goa_pop_2023.dat 4 2028 Cofl 27.0643
Model_1_goa_pop_2023.dat 4 2028 CLCI 22.7513
Model_1_goa_pop_2023.dat 4 2028 CUCI 23.2672
Model_1_goa_pop_2023.dat 4 2028 CMedian 22.9378
Model_1_goa_pop_2023.dat 4 2028 CMean 22.9672
Model_1_goa_pop_2023.dat 4 2029 Cabc 25.3018
Model_1_goa_pop_2023.dat 4 2029 Cofl 27.0643
Model_1_goa_pop_2023.dat 4 2029 CLCI 21.9538
Model_1_goa_pop_2023.dat 4 2029 CUCI 22.924
Model_1_goa_pop_2023.dat 4 2029 CMedian 22.3207
Model_1_goa_pop_2023.dat 4 2029 CMean 22.3662
Model_1_goa_pop_2023.dat 4 2030 Cabc 25.3018
Model_1_goa_pop_2023.dat 4 2030 Cofl 27.0643
Model_1_goa_pop_2023.dat 4 2030 CLCI 21.1692
Model_1_goa_pop_2023.dat 4 2030 CUCI 22.812
Model_1_goa_pop_2023.dat 4 2030 CMedian 21.7709
Model_1_goa_pop_2023.dat 4 2030 CMean 21.8466
Model_1_goa_pop_2023.dat 4 2031 Cabc 25.3018
Model_1_goa_pop_2023.dat 4 2031 Cofl 27.0643
Model_1_goa_pop_2023.dat 4 2031 CLCI 20.4193
Model_1_goa_pop_2023.dat 4 2031 CUCI 22.7315
Model_1_goa_pop_2023.dat 4 2031 CMedian 21.3071
Model_1_goa_pop_2023.dat 4 2031 CMean 21.4131
Model_1_goa_pop_2023.dat 4 2032 Cabc 25.3018
Model_1_goa_pop_2023.dat 4 2032 Cofl 27.0643
Model_1_goa_pop_2023.dat 4 2032 CLCI 19.72
Model_1_goa_pop_2023.dat 4 2032 CUCI 22.8479
Model_1_goa_pop_2023.dat 4 2032 CMedian 20.9317
Model_1_goa_pop_2023.dat 4 2032 CMean 21.0804
Model_1_goa_pop_2023.dat 4 2033 Cabc 25.3018
Model_1_goa_pop_2023.dat 4 2033 Cofl 27.0643
Model_1_goa_pop_2023.dat 4 2033 CLCI 19.1232
Model_1_goa_pop_2023.dat 4 2033 CUCI 23.0355
Model_1_goa_pop_2023.dat 4 2033 CMedian 20.689
Model_1_goa_pop_2023.dat 4 2033 CMean 20.8324
Model_1_goa_pop_2023.dat 4 2034 Cabc 25.3018
Model_1_goa_pop_2023.dat 4 2034 Cofl 27.0643
Model_1_goa_pop_2023.dat 4 2034 CLCI 18.5363
Model_1_goa_pop_2023.dat 4 2034 CUCI 23.3517
Model_1_goa_pop_2023.dat 4 2034 CMedian 20.4914
Model_1_goa_pop_2023.dat 4 2034 CMean 20.6658
Model_1_goa_pop_2023.dat 4 2035 Cabc 25.3018
Model_1_goa_pop_2023.dat 4 2035 Cofl 27.0643
Model_1_goa_pop_2023.dat 4 2035 CLCI 18.0798
Model_1_goa_pop_2023.dat 4 2035 CUCI 23.5874
Model_1_goa_pop_2023.dat 4 2035 CMedian 20.3756
Model_1_goa_pop_2023.dat 4 2035 CMean 20.5632
Model_1_goa_pop_2023.dat 4 2036 Cabc 25.3018
Model_1_goa_pop_2023.dat 4 2036 Cofl 27.0643
Model_1_goa_pop_2023.dat 4 2036 CLCI 17.798
Model_1_goa_pop_2023.dat 4 2036 CUCI 23.8065
Model_1_goa_pop_2023.dat 4 2036 CMedian 20.2967
Model_1_goa_pop_2023.dat 4 2036 CMean 20.5193
Model_1_goa_pop_2023.dat 4 2023 SSBF100 343.618
Model_1_goa_pop_2023.dat 4 2023 SSBFabc 137.447
Model_1_goa_pop_2023.dat 4 2023 SSBFofl 120.266
Model_1_goa_pop_2023.dat 4 2023 SSBLCI 234.446
Model_1_goa_pop_2023.dat 4 2023 SSBUCI 234.446
Model_1_goa_pop_2023.dat 4 2023 SSBMedian 234.446
Model_1_goa_pop_2023.dat 4 2023 SSBMean 234.446
Model_1_goa_pop_2023.dat 4 2024 SSBF100 343.618
Model_1_goa_pop_2023.dat 4 2024 SSBFabc 137.447
Model_1_goa_pop_2023.dat 4 2024 SSBFofl 120.266
Model_1_goa_pop_2023.dat 4 2024 SSBLCI 229.445
Model_1_goa_pop_2023.dat 4 2024 SSBUCI 229.473
Model_1_goa_pop_2023.dat 4 2024 SSBMedian 229.453
Model_1_goa_pop_2023.dat 4 2024 SSBMean 229.455
Model_1_goa_pop_2023.dat 4 2025 SSBF100 343.618
Model_1_goa_pop_2023.dat 4 2025 SSBFabc 137.447
Model_1_goa_pop_2023.dat 4 2025 SSBFofl 120.266
Model_1_goa_pop_2023.dat 4 2025 SSBLCI 224.754
Model_1_goa_pop_2023.dat 4 2025 SSBUCI 224.868
Model_1_goa_pop_2023.dat 4 2025 SSBMedian 224.793
Model_1_goa_pop_2023.dat 4 2025 SSBMean 224.8
Model_1_goa_pop_2023.dat 4 2026 SSBF100 343.618
Model_1_goa_pop_2023.dat 4 2026 SSBFabc 137.447
Model_1_goa_pop_2023.dat 4 2026 SSBFofl 120.266
Model_1_goa_pop_2023.dat 4 2026 SSBLCI 217.813
Model_1_goa_pop_2023.dat 4 2026 SSBUCI 218.181
Model_1_goa_pop_2023.dat 4 2026 SSBMedian 217.944
Model_1_goa_pop_2023.dat 4 2026 SSBMean 217.966
Model_1_goa_pop_2023.dat 4 2027 SSBF100 343.618
Model_1_goa_pop_2023.dat 4 2027 SSBFabc 137.447
Model_1_goa_pop_2023.dat 4 2027 SSBFofl 120.266
Model_1_goa_pop_2023.dat 4 2027 SSBLCI 211.387
Model_1_goa_pop_2023.dat 4 2027 SSBUCI 212.357
Model_1_goa_pop_2023.dat 4 2027 SSBMedian 211.733
Model_1_goa_pop_2023.dat 4 2027 SSBMean 211.791
Model_1_goa_pop_2023.dat 4 2028 SSBF100 343.618
Model_1_goa_pop_2023.dat 4 2028 SSBFabc 137.447
Model_1_goa_pop_2023.dat 4 2028 SSBFofl 120.266
Model_1_goa_pop_2023.dat 4 2028 SSBLCI 205.56
Model_1_goa_pop_2023.dat 4 2028 SSBUCI 207.775
Model_1_goa_pop_2023.dat 4 2028 SSBMedian 206.366
Model_1_goa_pop_2023.dat 4 2028 SSBMean 206.487
Model_1_goa_pop_2023.dat 4 2029 SSBF100 343.618
Model_1_goa_pop_2023.dat 4 2029 SSBFabc 137.447
Model_1_goa_pop_2023.dat 4 2029 SSBFofl 120.266
Model_1_goa_pop_2023.dat 4 2029 SSBLCI 198.956
Model_1_goa_pop_2023.dat 4 2029 SSBUCI 203.601
Model_1_goa_pop_2023.dat 4 2029 SSBMedian 200.668
Model_1_goa_pop_2023.dat 4 2029 SSBMean 200.909
Model_1_goa_pop_2023.dat 4 2030 SSBF100 343.618
Model_1_goa_pop_2023.dat 4 2030 SSBFabc 137.447
Model_1_goa_pop_2023.dat 4 2030 SSBFofl 120.266
Model_1_goa_pop_2023.dat 4 2030 SSBLCI 191.954
Model_1_goa_pop_2023.dat 4 2030 SSBUCI 200.642
Model_1_goa_pop_2023.dat 4 2030 SSBMedian 195.28
Model_1_goa_pop_2023.dat 4 2030 SSBMean 195.678
Model_1_goa_pop_2023.dat 4 2031 SSBF100 343.618
Model_1_goa_pop_2023.dat 4 2031 SSBFabc 137.447
Model_1_goa_pop_2023.dat 4 2031 SSBFofl 120.266
Model_1_goa_pop_2023.dat 4 2031 SSBLCI 185.144
Model_1_goa_pop_2023.dat 4 2031 SSBUCI 199.863
Model_1_goa_pop_2023.dat 4 2031 SSBMedian 190.73
Model_1_goa_pop_2023.dat 4 2031 SSBMean 191.391
Model_1_goa_pop_2023.dat 4 2032 SSBF100 343.618
Model_1_goa_pop_2023.dat 4 2032 SSBFabc 137.447
Model_1_goa_pop_2023.dat 4 2032 SSBFofl 120.266
Model_1_goa_pop_2023.dat 4 2032 SSBLCI 178.823
Model_1_goa_pop_2023.dat 4 2032 SSBUCI 200.988
Model_1_goa_pop_2023.dat 4 2032 SSBMedian 187.292
Model_1_goa_pop_2023.dat 4 2032 SSBMean 188.272
Model_1_goa_pop_2023.dat 4 2033 SSBF100 343.618
Model_1_goa_pop_2023.dat 4 2033 SSBFabc 137.447
Model_1_goa_pop_2023.dat 4 2033 SSBFofl 120.266
Model_1_goa_pop_2023.dat 4 2033 SSBLCI 173.167
Model_1_goa_pop_2023.dat 4 2033 SSBUCI 203.092
Model_1_goa_pop_2023.dat 4 2033 SSBMedian 184.78
Model_1_goa_pop_2023.dat 4 2033 SSBMean 186.238
Model_1_goa_pop_2023.dat 4 2034 SSBF100 343.618
Model_1_goa_pop_2023.dat 4 2034 SSBFabc 137.447
Model_1_goa_pop_2023.dat 4 2034 SSBFofl 120.266
Model_1_goa_pop_2023.dat 4 2034 SSBLCI 168.729
Model_1_goa_pop_2023.dat 4 2034 SSBUCI 205.961
Model_1_goa_pop_2023.dat 4 2034 SSBMedian 183.543
Model_1_goa_pop_2023.dat 4 2034 SSBMean 184.986
Model_1_goa_pop_2023.dat 4 2035 SSBF100 343.618
Model_1_goa_pop_2023.dat 4 2035 SSBFabc 137.447
Model_1_goa_pop_2023.dat 4 2035 SSBFofl 120.266
Model_1_goa_pop_2023.dat 4 2035 SSBLCI 164.143
Model_1_goa_pop_2023.dat 4 2035 SSBUCI 209.387
Model_1_goa_pop_2023.dat 4 2035 SSBMedian 182.562
Model_1_goa_pop_2023.dat 4 2035 SSBMean 184.231
Model_1_goa_pop_2023.dat 4 2036 SSBF100 343.618
Model_1_goa_pop_2023.dat 4 2036 SSBFabc 137.447
Model_1_goa_pop_2023.dat 4 2036 SSBFofl 120.266
Model_1_goa_pop_2023.dat 4 2036 SSBLCI 161.342
Model_1_goa_pop_2023.dat 4 2036 SSBUCI 210.346
Model_1_goa_pop_2023.dat 4 2036 SSBMedian 181.938
Model_1_goa_pop_2023.dat 4 2036 SSBMean 183.74
Model_1_goa_pop_2023.dat 4 2023 F0 0 
Model_1_goa_pop_2023.dat 4 2023 Fabc 0.0990105
Model_1_goa_pop_2023.dat 4 2023 Fofl 0.119243
Model_1_goa_pop_2023.dat 4 2023  F_LCI 0.0712498
Model_1_goa_pop_2023.dat 4 2023  F_UCI 0.0712498
Model_1_goa_pop_2023.dat 4 2023  F_Median 0.0712498
Model_1_goa_pop_2023.dat 4 2023  F_Mean 0.0712498
Model_1_goa_pop_2023.dat 4 2024 F0 0 
Model_1_goa_pop_2023.dat 4 2024 Fabc 0.0990105
Model_1_goa_pop_2023.dat 4 2024 Fofl 0.119243
Model_1_goa_pop_2023.dat 4 2024  F_LCI 0.0584165
Model_1_goa_pop_2023.dat 4 2024  F_UCI 0.0584178
Model_1_goa_pop_2023.dat 4 2024  F_Median 0.0584174
Model_1_goa_pop_2023.dat 4 2024  F_Mean 0.0584173
Model_1_goa_pop_2023.dat 4 2025 F0 0 
Model_1_goa_pop_2023.dat 4 2025 Fabc 0.0990105
Model_1_goa_pop_2023.dat 4 2025 Fofl 0.119243
Model_1_goa_pop_2023.dat 4 2025  F_LCI 0.0782745
Model_1_goa_pop_2023.dat 4 2025  F_UCI 0.0783137
Model_1_goa_pop_2023.dat 4 2025  F_Median 0.0783015
Model_1_goa_pop_2023.dat 4 2025  F_Mean 0.0782989
Model_1_goa_pop_2023.dat 4 2026 F0 0 
Model_1_goa_pop_2023.dat 4 2026 Fabc 0.0990105
Model_1_goa_pop_2023.dat 4 2026 Fofl 0.119243
Model_1_goa_pop_2023.dat 4 2026  F_LCI 0.0769064
Model_1_goa_pop_2023.dat 4 2026  F_UCI 0.0771318
Model_1_goa_pop_2023.dat 4 2026  F_Median 0.0770575
Model_1_goa_pop_2023.dat 4 2026  F_Mean 0.0770438
Model_1_goa_pop_2023.dat 4 2027 F0 0 
Model_1_goa_pop_2023.dat 4 2027 Fabc 0.0990105
Model_1_goa_pop_2023.dat 4 2027 Fofl 0.119243
Model_1_goa_pop_2023.dat 4 2027  F_LCI 0.0638806
Model_1_goa_pop_2023.dat 4 2027  F_UCI 0.0638806
Model_1_goa_pop_2023.dat 4 2027  F_Median 0.0638806
Model_1_goa_pop_2023.dat 4 2027  F_Mean 0.0638806
Model_1_goa_pop_2023.dat 4 2028 F0 0 
Model_1_goa_pop_2023.dat 4 2028 Fabc 0.0990105
Model_1_goa_pop_2023.dat 4 2028 Fofl 0.119243
Model_1_goa_pop_2023.dat 4 2028  F_LCI 0.0638806
Model_1_goa_pop_2023.dat 4 2028  F_UCI 0.0638806
Model_1_goa_pop_2023.dat 4 2028  F_Median 0.0638806
Model_1_goa_pop_2023.dat 4 2028  F_Mean 0.0638806
Model_1_goa_pop_2023.dat 4 2029 F0 0 
Model_1_goa_pop_2023.dat 4 2029 Fabc 0.0990105
Model_1_goa_pop_2023.dat 4 2029 Fofl 0.119243
Model_1_goa_pop_2023.dat 4 2029  F_LCI 0.0638806
Model_1_goa_pop_2023.dat 4 2029  F_UCI 0.0638806
Model_1_goa_pop_2023.dat 4 2029  F_Median 0.0638806
Model_1_goa_pop_2023.dat 4 2029  F_Mean 0.0638806
Model_1_goa_pop_2023.dat 4 2030 F0 0 
Model_1_goa_pop_2023.dat 4 2030 Fabc 0.0990105
Model_1_goa_pop_2023.dat 4 2030 Fofl 0.119243
Model_1_goa_pop_2023.dat 4 2030  F_LCI 0.0638806
Model_1_goa_pop_2023.dat 4 2030  F_UCI 0.0638806
Model_1_goa_pop_2023.dat 4 2030  F_Median 0.0638806
Model_1_goa_pop_2023.dat 4 2030  F_Mean 0.0638806
Model_1_goa_pop_2023.dat 4 2031 F0 0 
Model_1_goa_pop_2023.dat 4 2031 Fabc 0.0990105
Model_1_goa_pop_2023.dat 4 2031 Fofl 0.119243
Model_1_goa_pop_2023.dat 4 2031  F_LCI 0.0638806
Model_1_goa_pop_2023.dat 4 2031  F_UCI 0.0638806
Model_1_goa_pop_2023.dat 4 2031  F_Median 0.0638806
Model_1_goa_pop_2023.dat 4 2031  F_Mean 0.0638806
Model_1_goa_pop_2023.dat 4 2032 F0 0 
Model_1_goa_pop_2023.dat 4 2032 Fabc 0.0990105
Model_1_goa_pop_2023.dat 4 2032 Fofl 0.119243
Model_1_goa_pop_2023.dat 4 2032  F_LCI 0.0638806
Model_1_goa_pop_2023.dat 4 2032  F_UCI 0.0638806
Model_1_goa_pop_2023.dat 4 2032  F_Median 0.0638806
Model_1_goa_pop_2023.dat 4 2032  F_Mean 0.0638806
Model_1_goa_pop_2023.dat 4 2033 F0 0 
Model_1_goa_pop_2023.dat 4 2033 Fabc 0.0990105
Model_1_goa_pop_2023.dat 4 2033 Fofl 0.119243
Model_1_goa_pop_2023.dat 4 2033  F_LCI 0.0638806
Model_1_goa_pop_2023.dat 4 2033  F_UCI 0.0638806
Model_1_goa_pop_2023.dat 4 2033  F_Median 0.0638806
Model_1_goa_pop_2023.dat 4 2033  F_Mean 0.0638806
Model_1_goa_pop_2023.dat 4 2034 F0 0 
Model_1_goa_pop_2023.dat 4 2034 Fabc 0.0990105
Model_1_goa_pop_2023.dat 4 2034 Fofl 0.119243
Model_1_goa_pop_2023.dat 4 2034  F_LCI 0.0638806
Model_1_goa_pop_2023.dat 4 2034  F_UCI 0.0638806
Model_1_goa_pop_2023.dat 4 2034  F_Median 0.0638806
Model_1_goa_pop_2023.dat 4 2034  F_Mean 0.0638806
Model_1_goa_pop_2023.dat 4 2035 F0 0 
Model_1_goa_pop_2023.dat 4 2035 Fabc 0.0990105
Model_1_goa_pop_2023.dat 4 2035 Fofl 0.119243
Model_1_goa_pop_2023.dat 4 2035  F_LCI 0.0638806
Model_1_goa_pop_2023.dat 4 2035  F_UCI 0.0638806
Model_1_goa_pop_2023.dat 4 2035  F_Median 0.0638806
Model_1_goa_pop_2023.dat 4 2035  F_Mean 0.0638806
Model_1_goa_pop_2023.dat 4 2036 F0 0 
Model_1_goa_pop_2023.dat 4 2036 Fabc 0.0990105
Model_1_goa_pop_2023.dat 4 2036 Fofl 0.119243
Model_1_goa_pop_2023.dat 4 2036  F_LCI 0.0638806
Model_1_goa_pop_2023.dat 4 2036  F_UCI 0.0638806
Model_1_goa_pop_2023.dat 4 2036  F_Median 0.0638806
Model_1_goa_pop_2023.dat 4 2036  F_Mean 0.0638806
Model_1_goa_pop_2023.dat 5 2023 Cabc 25.3018
Model_1_goa_pop_2023.dat 5 2023 Cofl 27.0643
Model_1_goa_pop_2023.dat 5 2023 CLCI 29.7605
Model_1_goa_pop_2023.dat 5 2023 CUCI 29.7605
Model_1_goa_pop_2023.dat 5 2023 CMedian 29.7605
Model_1_goa_pop_2023.dat 5 2023 CMean 29.7605
Model_1_goa_pop_2023.dat 5 2024 Cabc 25.3018
Model_1_goa_pop_2023.dat 5 2024 Cofl 27.0643
Model_1_goa_pop_2023.dat 5 2024 CLCI 23.8313
Model_1_goa_pop_2023.dat 5 2024 CUCI 23.8313
Model_1_goa_pop_2023.dat 5 2024 CMedian 23.8313
Model_1_goa_pop_2023.dat 5 2024 CMean 23.8313
Model_1_goa_pop_2023.dat 5 2025 Cabc 25.3018
Model_1_goa_pop_2023.dat 5 2025 Cofl 27.0643
Model_1_goa_pop_2023.dat 5 2025 CLCI 31.058
Model_1_goa_pop_2023.dat 5 2025 CUCI 31.058
Model_1_goa_pop_2023.dat 5 2025 CMedian 31.058
Model_1_goa_pop_2023.dat 5 2025 CMean 31.058
Model_1_goa_pop_2023.dat 5 2026 Cabc 25.3018
Model_1_goa_pop_2023.dat 5 2026 Cofl 27.0643
Model_1_goa_pop_2023.dat 5 2026 CLCI 29.435
Model_1_goa_pop_2023.dat 5 2026 CUCI 29.435
Model_1_goa_pop_2023.dat 5 2026 CMedian 29.435
Model_1_goa_pop_2023.dat 5 2026 CMean 29.435
Model_1_goa_pop_2023.dat 5 2027 Cabc 25.3018
Model_1_goa_pop_2023.dat 5 2027 Cofl 27.0643
Model_1_goa_pop_2023.dat 5 2027 CLCI 0
Model_1_goa_pop_2023.dat 5 2027 CUCI 0
Model_1_goa_pop_2023.dat 5 2027 CMedian 0
Model_1_goa_pop_2023.dat 5 2027 CMean 0
Model_1_goa_pop_2023.dat 5 2028 Cabc 25.3018
Model_1_goa_pop_2023.dat 5 2028 Cofl 27.0643
Model_1_goa_pop_2023.dat 5 2028 CLCI 0
Model_1_goa_pop_2023.dat 5 2028 CUCI 0
Model_1_goa_pop_2023.dat 5 2028 CMedian 0
Model_1_goa_pop_2023.dat 5 2028 CMean 0
Model_1_goa_pop_2023.dat 5 2029 Cabc 25.3018
Model_1_goa_pop_2023.dat 5 2029 Cofl 27.0643
Model_1_goa_pop_2023.dat 5 2029 CLCI 0
Model_1_goa_pop_2023.dat 5 2029 CUCI 0
Model_1_goa_pop_2023.dat 5 2029 CMedian 0
Model_1_goa_pop_2023.dat 5 2029 CMean 0
Model_1_goa_pop_2023.dat 5 2030 Cabc 25.3018
Model_1_goa_pop_2023.dat 5 2030 Cofl 27.0643
Model_1_goa_pop_2023.dat 5 2030 CLCI 0
Model_1_goa_pop_2023.dat 5 2030 CUCI 0
Model_1_goa_pop_2023.dat 5 2030 CMedian 0
Model_1_goa_pop_2023.dat 5 2030 CMean 0
Model_1_goa_pop_2023.dat 5 2031 Cabc 25.3018
Model_1_goa_pop_2023.dat 5 2031 Cofl 27.0643
Model_1_goa_pop_2023.dat 5 2031 CLCI 0
Model_1_goa_pop_2023.dat 5 2031 CUCI 0
Model_1_goa_pop_2023.dat 5 2031 CMedian 0
Model_1_goa_pop_2023.dat 5 2031 CMean 0
Model_1_goa_pop_2023.dat 5 2032 Cabc 25.3018
Model_1_goa_pop_2023.dat 5 2032 Cofl 27.0643
Model_1_goa_pop_2023.dat 5 2032 CLCI 0
Model_1_goa_pop_2023.dat 5 2032 CUCI 0
Model_1_goa_pop_2023.dat 5 2032 CMedian 0
Model_1_goa_pop_2023.dat 5 2032 CMean 0
Model_1_goa_pop_2023.dat 5 2033 Cabc 25.3018
Model_1_goa_pop_2023.dat 5 2033 Cofl 27.0643
Model_1_goa_pop_2023.dat 5 2033 CLCI 0
Model_1_goa_pop_2023.dat 5 2033 CUCI 0
Model_1_goa_pop_2023.dat 5 2033 CMedian 0
Model_1_goa_pop_2023.dat 5 2033 CMean 0
Model_1_goa_pop_2023.dat 5 2034 Cabc 25.3018
Model_1_goa_pop_2023.dat 5 2034 Cofl 27.0643
Model_1_goa_pop_2023.dat 5 2034 CLCI 0
Model_1_goa_pop_2023.dat 5 2034 CUCI 0
Model_1_goa_pop_2023.dat 5 2034 CMedian 0
Model_1_goa_pop_2023.dat 5 2034 CMean 0
Model_1_goa_pop_2023.dat 5 2035 Cabc 25.3018
Model_1_goa_pop_2023.dat 5 2035 Cofl 27.0643
Model_1_goa_pop_2023.dat 5 2035 CLCI 0
Model_1_goa_pop_2023.dat 5 2035 CUCI 0
Model_1_goa_pop_2023.dat 5 2035 CMedian 0
Model_1_goa_pop_2023.dat 5 2035 CMean 0
Model_1_goa_pop_2023.dat 5 2036 Cabc 25.3018
Model_1_goa_pop_2023.dat 5 2036 Cofl 27.0643
Model_1_goa_pop_2023.dat 5 2036 CLCI 0
Model_1_goa_pop_2023.dat 5 2036 CUCI 0
Model_1_goa_pop_2023.dat 5 2036 CMedian 0
Model_1_goa_pop_2023.dat 5 2036 CMean 0
Model_1_goa_pop_2023.dat 5 2023 SSBF100 343.618
Model_1_goa_pop_2023.dat 5 2023 SSBFabc 137.447
Model_1_goa_pop_2023.dat 5 2023 SSBFofl 120.266
Model_1_goa_pop_2023.dat 5 2023 SSBLCI 234.446
Model_1_goa_pop_2023.dat 5 2023 SSBUCI 234.446
Model_1_goa_pop_2023.dat 5 2023 SSBMedian 234.446
Model_1_goa_pop_2023.dat 5 2023 SSBMean 234.446
Model_1_goa_pop_2023.dat 5 2024 SSBF100 343.618
Model_1_goa_pop_2023.dat 5 2024 SSBFabc 137.447
Model_1_goa_pop_2023.dat 5 2024 SSBFofl 120.266
Model_1_goa_pop_2023.dat 5 2024 SSBLCI 229.445
Model_1_goa_pop_2023.dat 5 2024 SSBUCI 229.473
Model_1_goa_pop_2023.dat 5 2024 SSBMedian 229.453
Model_1_goa_pop_2023.dat 5 2024 SSBMean 229.455
Model_1_goa_pop_2023.dat 5 2025 SSBF100 343.618
Model_1_goa_pop_2023.dat 5 2025 SSBFabc 137.447
Model_1_goa_pop_2023.dat 5 2025 SSBFofl 120.266
Model_1_goa_pop_2023.dat 5 2025 SSBLCI 224.754
Model_1_goa_pop_2023.dat 5 2025 SSBUCI 224.868
Model_1_goa_pop_2023.dat 5 2025 SSBMedian 224.793
Model_1_goa_pop_2023.dat 5 2025 SSBMean 224.8
Model_1_goa_pop_2023.dat 5 2026 SSBF100 343.618
Model_1_goa_pop_2023.dat 5 2026 SSBFabc 137.447
Model_1_goa_pop_2023.dat 5 2026 SSBFofl 120.266
Model_1_goa_pop_2023.dat 5 2026 SSBLCI 217.813
Model_1_goa_pop_2023.dat 5 2026 SSBUCI 218.181
Model_1_goa_pop_2023.dat 5 2026 SSBMedian 217.944
Model_1_goa_pop_2023.dat 5 2026 SSBMean 217.966
Model_1_goa_pop_2023.dat 5 2027 SSBF100 343.618
Model_1_goa_pop_2023.dat 5 2027 SSBFabc 137.447
Model_1_goa_pop_2023.dat 5 2027 SSBFofl 120.266
Model_1_goa_pop_2023.dat 5 2027 SSBLCI 214.934
Model_1_goa_pop_2023.dat 5 2027 SSBUCI 215.906
Model_1_goa_pop_2023.dat 5 2027 SSBMedian 215.281
Model_1_goa_pop_2023.dat 5 2027 SSBMean 215.339
Model_1_goa_pop_2023.dat 5 2028 SSBF100 343.618
Model_1_goa_pop_2023.dat 5 2028 SSBFabc 137.447
Model_1_goa_pop_2023.dat 5 2028 SSBFofl 120.266
Model_1_goa_pop_2023.dat 5 2028 SSBLCI 219.43
Model_1_goa_pop_2023.dat 5 2028 SSBUCI 221.666
Model_1_goa_pop_2023.dat 5 2028 SSBMedian 220.244
Model_1_goa_pop_2023.dat 5 2028 SSBMean 220.366
Model_1_goa_pop_2023.dat 5 2029 SSBF100 343.618
Model_1_goa_pop_2023.dat 5 2029 SSBFabc 137.447
Model_1_goa_pop_2023.dat 5 2029 SSBFofl 120.266
Model_1_goa_pop_2023.dat 5 2029 SSBLCI 222.669
Model_1_goa_pop_2023.dat 5 2029 SSBUCI 227.411
Model_1_goa_pop_2023.dat 5 2029 SSBMedian 224.41
Model_1_goa_pop_2023.dat 5 2029 SSBMean 224.659
Model_1_goa_pop_2023.dat 5 2030 SSBF100 343.618
Model_1_goa_pop_2023.dat 5 2030 SSBFabc 137.447
Model_1_goa_pop_2023.dat 5 2030 SSBFofl 120.266
Model_1_goa_pop_2023.dat 5 2030 SSBLCI 224.873
Model_1_goa_pop_2023.dat 5 2030 SSBUCI 233.882
Model_1_goa_pop_2023.dat 5 2030 SSBMedian 228.277
Model_1_goa_pop_2023.dat 5 2030 SSBMean 228.712
Model_1_goa_pop_2023.dat 5 2031 SSBF100 343.618
Model_1_goa_pop_2023.dat 5 2031 SSBFabc 137.447
Model_1_goa_pop_2023.dat 5 2031 SSBFofl 120.266
Model_1_goa_pop_2023.dat 5 2031 SSBLCI 226.497
Model_1_goa_pop_2023.dat 5 2031 SSBUCI 241.915
Model_1_goa_pop_2023.dat 5 2031 SSBMedian 232.389
Model_1_goa_pop_2023.dat 5 2031 SSBMean 233.088
Model_1_goa_pop_2023.dat 5 2032 SSBF100 343.618
Model_1_goa_pop_2023.dat 5 2032 SSBFabc 137.447
Model_1_goa_pop_2023.dat 5 2032 SSBFofl 120.266
Model_1_goa_pop_2023.dat 5 2032 SSBLCI 227.741
Model_1_goa_pop_2023.dat 5 2032 SSBUCI 252.087
Model_1_goa_pop_2023.dat 5 2032 SSBMedian 236.807
Model_1_goa_pop_2023.dat 5 2032 SSBMean 238.046
Model_1_goa_pop_2023.dat 5 2033 SSBF100 343.618
Model_1_goa_pop_2023.dat 5 2033 SSBFabc 137.447
Model_1_goa_pop_2023.dat 5 2033 SSBFofl 120.266
Model_1_goa_pop_2023.dat 5 2033 SSBLCI 229.136
Model_1_goa_pop_2023.dat 5 2033 SSBUCI 262.339
Model_1_goa_pop_2023.dat 5 2033 SSBMedian 241.935
Model_1_goa_pop_2023.dat 5 2033 SSBMean 243.574
Model_1_goa_pop_2023.dat 5 2034 SSBF100 343.618
Model_1_goa_pop_2023.dat 5 2034 SSBFabc 137.447
Model_1_goa_pop_2023.dat 5 2034 SSBFofl 120.266
Model_1_goa_pop_2023.dat 5 2034 SSBLCI 230.936
Model_1_goa_pop_2023.dat 5 2034 SSBUCI 273.775
Model_1_goa_pop_2023.dat 5 2034 SSBMedian 247.723
Model_1_goa_pop_2023.dat 5 2034 SSBMean 249.418
Model_1_goa_pop_2023.dat 5 2035 SSBF100 343.618
Model_1_goa_pop_2023.dat 5 2035 SSBFabc 137.447
Model_1_goa_pop_2023.dat 5 2035 SSBFofl 120.266
Model_1_goa_pop_2023.dat 5 2035 SSBLCI 232.026
Model_1_goa_pop_2023.dat 5 2035 SSBUCI 284.751
Model_1_goa_pop_2023.dat 5 2035 SSBMedian 253.63
Model_1_goa_pop_2023.dat 5 2035 SSBMean 255.339
Model_1_goa_pop_2023.dat 5 2036 SSBF100 343.618
Model_1_goa_pop_2023.dat 5 2036 SSBFabc 137.447
Model_1_goa_pop_2023.dat 5 2036 SSBFofl 120.266
Model_1_goa_pop_2023.dat 5 2036 SSBLCI 234.122
Model_1_goa_pop_2023.dat 5 2036 SSBUCI 294.444
Model_1_goa_pop_2023.dat 5 2036 SSBMedian 259.145
Model_1_goa_pop_2023.dat 5 2036 SSBMean 261.119
Model_1_goa_pop_2023.dat 5 2023 F0 0 
Model_1_goa_pop_2023.dat 5 2023 Fabc 0.0990105
Model_1_goa_pop_2023.dat 5 2023 Fofl 0.119243
Model_1_goa_pop_2023.dat 5 2023  F_LCI 0.0712498
Model_1_goa_pop_2023.dat 5 2023  F_UCI 0.0712498
Model_1_goa_pop_2023.dat 5 2023  F_Median 0.0712498
Model_1_goa_pop_2023.dat 5 2023  F_Mean 0.0712498
Model_1_goa_pop_2023.dat 5 2024 F0 0 
Model_1_goa_pop_2023.dat 5 2024 Fabc 0.0990105
Model_1_goa_pop_2023.dat 5 2024 Fofl 0.119243
Model_1_goa_pop_2023.dat 5 2024  F_LCI 0.0584165
Model_1_goa_pop_2023.dat 5 2024  F_UCI 0.0584178
Model_1_goa_pop_2023.dat 5 2024  F_Median 0.0584174
Model_1_goa_pop_2023.dat 5 2024  F_Mean 0.0584173
Model_1_goa_pop_2023.dat 5 2025 F0 0 
Model_1_goa_pop_2023.dat 5 2025 Fabc 0.0990105
Model_1_goa_pop_2023.dat 5 2025 Fofl 0.119243
Model_1_goa_pop_2023.dat 5 2025  F_LCI 0.0782745
Model_1_goa_pop_2023.dat 5 2025  F_UCI 0.0783137
Model_1_goa_pop_2023.dat 5 2025  F_Median 0.0783015
Model_1_goa_pop_2023.dat 5 2025  F_Mean 0.0782989
Model_1_goa_pop_2023.dat 5 2026 F0 0 
Model_1_goa_pop_2023.dat 5 2026 Fabc 0.0990105
Model_1_goa_pop_2023.dat 5 2026 Fofl 0.119243
Model_1_goa_pop_2023.dat 5 2026  F_LCI 0.0769064
Model_1_goa_pop_2023.dat 5 2026  F_UCI 0.0771318
Model_1_goa_pop_2023.dat 5 2026  F_Median 0.0770575
Model_1_goa_pop_2023.dat 5 2026  F_Mean 0.0770438
Model_1_goa_pop_2023.dat 5 2027 F0 0 
Model_1_goa_pop_2023.dat 5 2027 Fabc 0.0990105
Model_1_goa_pop_2023.dat 5 2027 Fofl 0.119243
Model_1_goa_pop_2023.dat 5 2027  F_LCI 0
Model_1_goa_pop_2023.dat 5 2027  F_UCI 0
Model_1_goa_pop_2023.dat 5 2027  F_Median 0
Model_1_goa_pop_2023.dat 5 2027  F_Mean 0
Model_1_goa_pop_2023.dat 5 2028 F0 0 
Model_1_goa_pop_2023.dat 5 2028 Fabc 0.0990105
Model_1_goa_pop_2023.dat 5 2028 Fofl 0.119243
Model_1_goa_pop_2023.dat 5 2028  F_LCI 0
Model_1_goa_pop_2023.dat 5 2028  F_UCI 0
Model_1_goa_pop_2023.dat 5 2028  F_Median 0
Model_1_goa_pop_2023.dat 5 2028  F_Mean 0
Model_1_goa_pop_2023.dat 5 2029 F0 0 
Model_1_goa_pop_2023.dat 5 2029 Fabc 0.0990105
Model_1_goa_pop_2023.dat 5 2029 Fofl 0.119243
Model_1_goa_pop_2023.dat 5 2029  F_LCI 0
Model_1_goa_pop_2023.dat 5 2029  F_UCI 0
Model_1_goa_pop_2023.dat 5 2029  F_Median 0
Model_1_goa_pop_2023.dat 5 2029  F_Mean 0
Model_1_goa_pop_2023.dat 5 2030 F0 0 
Model_1_goa_pop_2023.dat 5 2030 Fabc 0.0990105
Model_1_goa_pop_2023.dat 5 2030 Fofl 0.119243
Model_1_goa_pop_2023.dat 5 2030  F_LCI 0
Model_1_goa_pop_2023.dat 5 2030  F_UCI 0
Model_1_goa_pop_2023.dat 5 2030  F_Median 0
Model_1_goa_pop_2023.dat 5 2030  F_Mean 0
Model_1_goa_pop_2023.dat 5 2031 F0 0 
Model_1_goa_pop_2023.dat 5 2031 Fabc 0.0990105
Model_1_goa_pop_2023.dat 5 2031 Fofl 0.119243
Model_1_goa_pop_2023.dat 5 2031  F_LCI 0
Model_1_goa_pop_2023.dat 5 2031  F_UCI 0
Model_1_goa_pop_2023.dat 5 2031  F_Median 0
Model_1_goa_pop_2023.dat 5 2031  F_Mean 0
Model_1_goa_pop_2023.dat 5 2032 F0 0 
Model_1_goa_pop_2023.dat 5 2032 Fabc 0.0990105
Model_1_goa_pop_2023.dat 5 2032 Fofl 0.119243
Model_1_goa_pop_2023.dat 5 2032  F_LCI 0
Model_1_goa_pop_2023.dat 5 2032  F_UCI 0
Model_1_goa_pop_2023.dat 5 2032  F_Median 0
Model_1_goa_pop_2023.dat 5 2032  F_Mean 0
Model_1_goa_pop_2023.dat 5 2033 F0 0 
Model_1_goa_pop_2023.dat 5 2033 Fabc 0.0990105
Model_1_goa_pop_2023.dat 5 2033 Fofl 0.119243
Model_1_goa_pop_2023.dat 5 2033  F_LCI 0
Model_1_goa_pop_2023.dat 5 2033  F_UCI 0
Model_1_goa_pop_2023.dat 5 2033  F_Median 0
Model_1_goa_pop_2023.dat 5 2033  F_Mean 0
Model_1_goa_pop_2023.dat 5 2034 F0 0 
Model_1_goa_pop_2023.dat 5 2034 Fabc 0.0990105
Model_1_goa_pop_2023.dat 5 2034 Fofl 0.119243
Model_1_goa_pop_2023.dat 5 2034  F_LCI 0
Model_1_goa_pop_2023.dat 5 2034  F_UCI 0
Model_1_goa_pop_2023.dat 5 2034  F_Median 0
Model_1_goa_pop_2023.dat 5 2034  F_Mean 0
Model_1_goa_pop_2023.dat 5 2035 F0 0 
Model_1_goa_pop_2023.dat 5 2035 Fabc 0.0990105
Model_1_goa_pop_2023.dat 5 2035 Fofl 0.119243
Model_1_goa_pop_2023.dat 5 2035  F_LCI 0
Model_1_goa_pop_2023.dat 5 2035  F_UCI 0
Model_1_goa_pop_2023.dat 5 2035  F_Median 0
Model_1_goa_pop_2023.dat 5 2035  F_Mean 0
Model_1_goa_pop_2023.dat 5 2036 F0 0 
Model_1_goa_pop_2023.dat 5 2036 Fabc 0.0990105
Model_1_goa_pop_2023.dat 5 2036 Fofl 0.119243
Model_1_goa_pop_2023.dat 5 2036  F_LCI 0
Model_1_goa_pop_2023.dat 5 2036  F_UCI 0
Model_1_goa_pop_2023.dat 5 2036  F_Median 0
Model_1_goa_pop_2023.dat 5 2036  F_Mean 0
Model_1_goa_pop_2023.dat 6 2023 Cabc 25.3018
Model_1_goa_pop_2023.dat 6 2023 Cofl 27.0643
Model_1_goa_pop_2023.dat 6 2023 CLCI 29.7605
Model_1_goa_pop_2023.dat 6 2023 CUCI 29.7605
Model_1_goa_pop_2023.dat 6 2023 CMedian 29.7605
Model_1_goa_pop_2023.dat 6 2023 CMean 29.7605
Model_1_goa_pop_2023.dat 6 2024 Cabc 25.3018
Model_1_goa_pop_2023.dat 6 2024 Cofl 27.0643
Model_1_goa_pop_2023.dat 6 2024 CLCI 47.5207
Model_1_goa_pop_2023.dat 6 2024 CUCI 47.5218
Model_1_goa_pop_2023.dat 6 2024 CMedian 47.5211
Model_1_goa_pop_2023.dat 6 2024 CMean 47.5211
Model_1_goa_pop_2023.dat 6 2025 Cabc 25.3018
Model_1_goa_pop_2023.dat 6 2025 Cofl 27.0643
Model_1_goa_pop_2023.dat 6 2025 CLCI 44.4642
Model_1_goa_pop_2023.dat 6 2025 CUCI 44.4869
Model_1_goa_pop_2023.dat 6 2025 CMedian 44.4713
Model_1_goa_pop_2023.dat 6 2025 CMean 44.4729
Model_1_goa_pop_2023.dat 6 2026 Cabc 25.3018
Model_1_goa_pop_2023.dat 6 2026 Cofl 27.0643
Model_1_goa_pop_2023.dat 6 2026 CLCI 41.5641
Model_1_goa_pop_2023.dat 6 2026 CUCI 41.691
Model_1_goa_pop_2023.dat 6 2026 CMedian 41.606
Model_1_goa_pop_2023.dat 6 2026 CMean 41.6141
Model_1_goa_pop_2023.dat 6 2027 Cabc 25.3018
Model_1_goa_pop_2023.dat 6 2027 Cofl 27.0643
Model_1_goa_pop_2023.dat 6 2027 CLCI 38.8031
Model_1_goa_pop_2023.dat 6 2027 CUCI 39.2065
Model_1_goa_pop_2023.dat 6 2027 CMedian 38.946
Model_1_goa_pop_2023.dat 6 2027 CMean 38.9707
Model_1_goa_pop_2023.dat 6 2028 Cabc 25.3018
Model_1_goa_pop_2023.dat 6 2028 Cofl 27.0643
Model_1_goa_pop_2023.dat 6 2028 CLCI 36.2098
Model_1_goa_pop_2023.dat 6 2028 CUCI 37.1553
Model_1_goa_pop_2023.dat 6 2028 CMedian 36.5521
Model_1_goa_pop_2023.dat 6 2028 CMean 36.606
Model_1_goa_pop_2023.dat 6 2029 Cabc 25.3018
Model_1_goa_pop_2023.dat 6 2029 Cofl 27.0643
Model_1_goa_pop_2023.dat 6 2029 CLCI 33.7853
Model_1_goa_pop_2023.dat 6 2029 CUCI 35.5567
Model_1_goa_pop_2023.dat 6 2029 CMedian 34.4553
Model_1_goa_pop_2023.dat 6 2029 CMean 34.5406
Model_1_goa_pop_2023.dat 6 2030 Cabc 25.3018
Model_1_goa_pop_2023.dat 6 2030 Cofl 27.0643
Model_1_goa_pop_2023.dat 6 2030 CLCI 31.6009
Model_1_goa_pop_2023.dat 6 2030 CUCI 34.5408
Model_1_goa_pop_2023.dat 6 2030 CMedian 32.6851
Model_1_goa_pop_2023.dat 6 2030 CMean 32.822
Model_1_goa_pop_2023.dat 6 2031 Cabc 25.3018
Model_1_goa_pop_2023.dat 6 2031 Cofl 27.0643
Model_1_goa_pop_2023.dat 6 2031 CLCI 29.6686
Model_1_goa_pop_2023.dat 6 2031 CUCI 33.7842
Model_1_goa_pop_2023.dat 6 2031 CMedian 31.247
Model_1_goa_pop_2023.dat 6 2031 CMean 31.435
Model_1_goa_pop_2023.dat 6 2032 Cabc 25.3018
Model_1_goa_pop_2023.dat 6 2032 Cofl 27.0643
Model_1_goa_pop_2023.dat 6 2032 CLCI 27.6069
Model_1_goa_pop_2023.dat 6 2032 CUCI 33.442
Model_1_goa_pop_2023.dat 6 2032 CMedian 30.103
Model_1_goa_pop_2023.dat 6 2032 CMean 30.3241
Model_1_goa_pop_2023.dat 6 2033 Cabc 25.3018
Model_1_goa_pop_2023.dat 6 2033 Cofl 27.0643
Model_1_goa_pop_2023.dat 6 2033 CLCI 25.0064
Model_1_goa_pop_2023.dat 6 2033 CUCI 33.4122
Model_1_goa_pop_2023.dat 6 2033 CMedian 29.3449
Model_1_goa_pop_2023.dat 6 2033 CMean 29.1724
Model_1_goa_pop_2023.dat 6 2034 Cabc 25.3018
Model_1_goa_pop_2023.dat 6 2034 Cofl 27.0643
Model_1_goa_pop_2023.dat 6 2034 CLCI 22.9096
Model_1_goa_pop_2023.dat 6 2034 CUCI 33.4603
Model_1_goa_pop_2023.dat 6 2034 CMedian 28.4609
Model_1_goa_pop_2023.dat 6 2034 CMean 28.2483
Model_1_goa_pop_2023.dat 6 2035 Cabc 25.3018
Model_1_goa_pop_2023.dat 6 2035 Cofl 27.0643
Model_1_goa_pop_2023.dat 6 2035 CLCI 21.6861
Model_1_goa_pop_2023.dat 6 2035 CUCI 33.3348
Model_1_goa_pop_2023.dat 6 2035 CMedian 27.5306
Model_1_goa_pop_2023.dat 6 2035 CMean 27.6155
Model_1_goa_pop_2023.dat 6 2036 Cabc 25.3018
Model_1_goa_pop_2023.dat 6 2036 Cofl 27.0643
Model_1_goa_pop_2023.dat 6 2036 CLCI 20.8789
Model_1_goa_pop_2023.dat 6 2036 CUCI 33.5347
Model_1_goa_pop_2023.dat 6 2036 CMedian 27.0628
Model_1_goa_pop_2023.dat 6 2036 CMean 27.2215
Model_1_goa_pop_2023.dat 6 2023 SSBF100 343.618
Model_1_goa_pop_2023.dat 6 2023 SSBFabc 137.447
Model_1_goa_pop_2023.dat 6 2023 SSBFofl 120.266
Model_1_goa_pop_2023.dat 6 2023 SSBLCI 234.446
Model_1_goa_pop_2023.dat 6 2023 SSBUCI 234.446
Model_1_goa_pop_2023.dat 6 2023 SSBMedian 234.446
Model_1_goa_pop_2023.dat 6 2023 SSBMean 234.446
Model_1_goa_pop_2023.dat 6 2024 SSBF100 343.618
Model_1_goa_pop_2023.dat 6 2024 SSBFabc 137.447
Model_1_goa_pop_2023.dat 6 2024 SSBFofl 120.266
Model_1_goa_pop_2023.dat 6 2024 SSBLCI 225.818
Model_1_goa_pop_2023.dat 6 2024 SSBUCI 225.846
Model_1_goa_pop_2023.dat 6 2024 SSBMedian 225.827
Model_1_goa_pop_2023.dat 6 2024 SSBMean 225.829
Model_1_goa_pop_2023.dat 6 2025 SSBF100 343.618
Model_1_goa_pop_2023.dat 6 2025 SSBFabc 137.447
Model_1_goa_pop_2023.dat 6 2025 SSBFofl 120.266
Model_1_goa_pop_2023.dat 6 2025 SSBLCI 212.36
Model_1_goa_pop_2023.dat 6 2025 SSBUCI 212.472
Model_1_goa_pop_2023.dat 6 2025 SSBMedian 212.399
Model_1_goa_pop_2023.dat 6 2025 SSBMean 212.405
Model_1_goa_pop_2023.dat 6 2026 SSBF100 343.618
Model_1_goa_pop_2023.dat 6 2026 SSBFabc 137.447
Model_1_goa_pop_2023.dat 6 2026 SSBFofl 120.266
Model_1_goa_pop_2023.dat 6 2026 SSBLCI 199.915
Model_1_goa_pop_2023.dat 6 2026 SSBUCI 200.263
Model_1_goa_pop_2023.dat 6 2026 SSBMedian 200.038
Model_1_goa_pop_2023.dat 6 2026 SSBMean 200.06
Model_1_goa_pop_2023.dat 6 2027 SSBF100 343.618
Model_1_goa_pop_2023.dat 6 2027 SSBFabc 137.447
Model_1_goa_pop_2023.dat 6 2027 SSBFofl 120.266
Model_1_goa_pop_2023.dat 6 2027 SSBLCI 188.001
Model_1_goa_pop_2023.dat 6 2027 SSBUCI 188.929
Model_1_goa_pop_2023.dat 6 2027 SSBMedian 188.333
Model_1_goa_pop_2023.dat 6 2027 SSBMean 188.388
Model_1_goa_pop_2023.dat 6 2028 SSBF100 343.618
Model_1_goa_pop_2023.dat 6 2028 SSBFabc 137.447
Model_1_goa_pop_2023.dat 6 2028 SSBFofl 120.266
Model_1_goa_pop_2023.dat 6 2028 SSBLCI 176.247
Model_1_goa_pop_2023.dat 6 2028 SSBUCI 178.413
Model_1_goa_pop_2023.dat 6 2028 SSBMedian 177.03
Model_1_goa_pop_2023.dat 6 2028 SSBMean 177.149
Model_1_goa_pop_2023.dat 6 2029 SSBF100 343.618
Model_1_goa_pop_2023.dat 6 2029 SSBFabc 137.447
Model_1_goa_pop_2023.dat 6 2029 SSBFofl 120.266
Model_1_goa_pop_2023.dat 6 2029 SSBLCI 164.754
Model_1_goa_pop_2023.dat 6 2029 SSBUCI 169.274
Model_1_goa_pop_2023.dat 6 2029 SSBMedian 166.435
Model_1_goa_pop_2023.dat 6 2029 SSBMean 166.658
Model_1_goa_pop_2023.dat 6 2030 SSBF100 343.618
Model_1_goa_pop_2023.dat 6 2030 SSBFabc 137.447
Model_1_goa_pop_2023.dat 6 2030 SSBFofl 120.266
Model_1_goa_pop_2023.dat 6 2030 SSBLCI 153.863
Model_1_goa_pop_2023.dat 6 2030 SSBUCI 162.232
Model_1_goa_pop_2023.dat 6 2030 SSBMedian 157.084
Model_1_goa_pop_2023.dat 6 2030 SSBMean 157.462
Model_1_goa_pop_2023.dat 6 2031 SSBF100 343.618
Model_1_goa_pop_2023.dat 6 2031 SSBFabc 137.447
Model_1_goa_pop_2023.dat 6 2031 SSBFofl 120.266
Model_1_goa_pop_2023.dat 6 2031 SSBLCI 144.037
Model_1_goa_pop_2023.dat 6 2031 SSBUCI 158.195
Model_1_goa_pop_2023.dat 6 2031 SSBMedian 149.392
Model_1_goa_pop_2023.dat 6 2031 SSBMean 150.003
Model_1_goa_pop_2023.dat 6 2032 SSBF100 343.618
Model_1_goa_pop_2023.dat 6 2032 SSBFabc 137.447
Model_1_goa_pop_2023.dat 6 2032 SSBFofl 120.266
Model_1_goa_pop_2023.dat 6 2032 SSBLCI 135.569
Model_1_goa_pop_2023.dat 6 2032 SSBUCI 155.988
Model_1_goa_pop_2023.dat 6 2032 SSBMedian 143.405
Model_1_goa_pop_2023.dat 6 2032 SSBMean 144.339
Model_1_goa_pop_2023.dat 6 2033 SSBF100 343.618
Model_1_goa_pop_2023.dat 6 2033 SSBFabc 137.447
Model_1_goa_pop_2023.dat 6 2033 SSBFofl 120.266
Model_1_goa_pop_2023.dat 6 2033 SSBLCI 128.695
Model_1_goa_pop_2023.dat 6 2033 SSBUCI 155.772
Model_1_goa_pop_2023.dat 6 2033 SSBMedian 138.927
Model_1_goa_pop_2023.dat 6 2033 SSBMean 140.274
Model_1_goa_pop_2023.dat 6 2034 SSBF100 343.618
Model_1_goa_pop_2023.dat 6 2034 SSBFabc 137.447
Model_1_goa_pop_2023.dat 6 2034 SSBFofl 120.266
Model_1_goa_pop_2023.dat 6 2034 SSBLCI 123.502
Model_1_goa_pop_2023.dat 6 2034 SSBUCI 156.468
Model_1_goa_pop_2023.dat 6 2034 SSBMedian 136.117
Model_1_goa_pop_2023.dat 6 2034 SSBMean 137.466
Model_1_goa_pop_2023.dat 6 2035 SSBF100 343.618
Model_1_goa_pop_2023.dat 6 2035 SSBFabc 137.447
Model_1_goa_pop_2023.dat 6 2035 SSBFofl 120.266
Model_1_goa_pop_2023.dat 6 2035 SSBLCI 119.771
Model_1_goa_pop_2023.dat 6 2035 SSBUCI 156.352
Model_1_goa_pop_2023.dat 6 2035 SSBMedian 133.756
Model_1_goa_pop_2023.dat 6 2035 SSBMean 135.524
Model_1_goa_pop_2023.dat 6 2036 SSBF100 343.618
Model_1_goa_pop_2023.dat 6 2036 SSBFabc 137.447
Model_1_goa_pop_2023.dat 6 2036 SSBFofl 120.266
Model_1_goa_pop_2023.dat 6 2036 SSBLCI 117.2
Model_1_goa_pop_2023.dat 6 2036 SSBUCI 155.338
Model_1_goa_pop_2023.dat 6 2036 SSBMedian 132.274
Model_1_goa_pop_2023.dat 6 2036 SSBMean 134.124
Model_1_goa_pop_2023.dat 6 2023 F0 0 
Model_1_goa_pop_2023.dat 6 2023 Fabc 0.0990105
Model_1_goa_pop_2023.dat 6 2023 Fofl 0.119243
Model_1_goa_pop_2023.dat 6 2023  F_LCI 0.0712498
Model_1_goa_pop_2023.dat 6 2023  F_UCI 0.0712498
Model_1_goa_pop_2023.dat 6 2023  F_Median 0.0712498
Model_1_goa_pop_2023.dat 6 2023  F_Mean 0.0712498
Model_1_goa_pop_2023.dat 6 2024 F0 0 
Model_1_goa_pop_2023.dat 6 2024 Fabc 0.0990105
Model_1_goa_pop_2023.dat 6 2024 Fofl 0.119243
Model_1_goa_pop_2023.dat 6 2024  F_LCI 0.119243
Model_1_goa_pop_2023.dat 6 2024  F_UCI 0.119243
Model_1_goa_pop_2023.dat 6 2024  F_Median 0.119243
Model_1_goa_pop_2023.dat 6 2024  F_Mean 0.119243
Model_1_goa_pop_2023.dat 6 2025 F0 0 
Model_1_goa_pop_2023.dat 6 2025 Fabc 0.0990105
Model_1_goa_pop_2023.dat 6 2025 Fofl 0.119243
Model_1_goa_pop_2023.dat 6 2025  F_LCI 0.119243
Model_1_goa_pop_2023.dat 6 2025  F_UCI 0.119243
Model_1_goa_pop_2023.dat 6 2025  F_Median 0.119243
Model_1_goa_pop_2023.dat 6 2025  F_Mean 0.119243
Model_1_goa_pop_2023.dat 6 2026 F0 0 
Model_1_goa_pop_2023.dat 6 2026 Fabc 0.0990105
Model_1_goa_pop_2023.dat 6 2026 Fofl 0.119243
Model_1_goa_pop_2023.dat 6 2026  F_LCI 0.119243
Model_1_goa_pop_2023.dat 6 2026  F_UCI 0.119243
Model_1_goa_pop_2023.dat 6 2026  F_Median 0.119243
Model_1_goa_pop_2023.dat 6 2026  F_Mean 0.119243
Model_1_goa_pop_2023.dat 6 2027 F0 0 
Model_1_goa_pop_2023.dat 6 2027 Fabc 0.0990105
Model_1_goa_pop_2023.dat 6 2027 Fofl 0.119243
Model_1_goa_pop_2023.dat 6 2027  F_LCI 0.119243
Model_1_goa_pop_2023.dat 6 2027  F_UCI 0.119243
Model_1_goa_pop_2023.dat 6 2027  F_Median 0.119243
Model_1_goa_pop_2023.dat 6 2027  F_Mean 0.119243
Model_1_goa_pop_2023.dat 6 2028 F0 0 
Model_1_goa_pop_2023.dat 6 2028 Fabc 0.0990105
Model_1_goa_pop_2023.dat 6 2028 Fofl 0.119243
Model_1_goa_pop_2023.dat 6 2028  F_LCI 0.119243
Model_1_goa_pop_2023.dat 6 2028  F_UCI 0.119243
Model_1_goa_pop_2023.dat 6 2028  F_Median 0.119243
Model_1_goa_pop_2023.dat 6 2028  F_Mean 0.119243
Model_1_goa_pop_2023.dat 6 2029 F0 0 
Model_1_goa_pop_2023.dat 6 2029 Fabc 0.0990105
Model_1_goa_pop_2023.dat 6 2029 Fofl 0.119243
Model_1_goa_pop_2023.dat 6 2029  F_LCI 0.119243
Model_1_goa_pop_2023.dat 6 2029  F_UCI 0.119243
Model_1_goa_pop_2023.dat 6 2029  F_Median 0.119243
Model_1_goa_pop_2023.dat 6 2029  F_Mean 0.119243
Model_1_goa_pop_2023.dat 6 2030 F0 0 
Model_1_goa_pop_2023.dat 6 2030 Fabc 0.0990105
Model_1_goa_pop_2023.dat 6 2030 Fofl 0.119243
Model_1_goa_pop_2023.dat 6 2030  F_LCI 0.119243
Model_1_goa_pop_2023.dat 6 2030  F_UCI 0.119243
Model_1_goa_pop_2023.dat 6 2030  F_Median 0.119243
Model_1_goa_pop_2023.dat 6 2030  F_Mean 0.119243
Model_1_goa_pop_2023.dat 6 2031 F0 0 
Model_1_goa_pop_2023.dat 6 2031 Fabc 0.0990105
Model_1_goa_pop_2023.dat 6 2031 Fofl 0.119243
Model_1_goa_pop_2023.dat 6 2031  F_LCI 0.119243
Model_1_goa_pop_2023.dat 6 2031  F_UCI 0.119243
Model_1_goa_pop_2023.dat 6 2031  F_Median 0.119243
Model_1_goa_pop_2023.dat 6 2031  F_Mean 0.119243
Model_1_goa_pop_2023.dat 6 2032 F0 0 
Model_1_goa_pop_2023.dat 6 2032 Fabc 0.0990105
Model_1_goa_pop_2023.dat 6 2032 Fofl 0.119243
Model_1_goa_pop_2023.dat 6 2032  F_LCI 0.117529
Model_1_goa_pop_2023.dat 6 2032  F_UCI 0.119243
Model_1_goa_pop_2023.dat 6 2032  F_Median 0.119243
Model_1_goa_pop_2023.dat 6 2032  F_Mean 0.119034
Model_1_goa_pop_2023.dat 6 2033 F0 0 
Model_1_goa_pop_2023.dat 6 2033 Fabc 0.0990105
Model_1_goa_pop_2023.dat 6 2033 Fofl 0.119243
Model_1_goa_pop_2023.dat 6 2033  F_LCI 0.111251
Model_1_goa_pop_2023.dat 6 2033  F_UCI 0.119243
Model_1_goa_pop_2023.dat 6 2033  F_Median 0.119243
Model_1_goa_pop_2023.dat 6 2033  F_Mean 0.1174
Model_1_goa_pop_2023.dat 6 2034 F0 0 
Model_1_goa_pop_2023.dat 6 2034 Fabc 0.0990105
Model_1_goa_pop_2023.dat 6 2034 Fofl 0.119243
Model_1_goa_pop_2023.dat 6 2034  F_LCI 0.106509
Model_1_goa_pop_2023.dat 6 2034  F_UCI 0.119243
Model_1_goa_pop_2023.dat 6 2034  F_Median 0.118029
Model_1_goa_pop_2023.dat 6 2034  F_Mean 0.115574
Model_1_goa_pop_2023.dat 6 2035 F0 0 
Model_1_goa_pop_2023.dat 6 2035 Fabc 0.0990105
Model_1_goa_pop_2023.dat 6 2035 Fofl 0.119243
Model_1_goa_pop_2023.dat 6 2035  F_LCI 0.103101
Model_1_goa_pop_2023.dat 6 2035  F_UCI 0.119243
Model_1_goa_pop_2023.dat 6 2035  F_Median 0.115873
Model_1_goa_pop_2023.dat 6 2035  F_Mean 0.114146
Model_1_goa_pop_2023.dat 6 2036 F0 0 
Model_1_goa_pop_2023.dat 6 2036 Fabc 0.0990105
Model_1_goa_pop_2023.dat 6 2036 Fofl 0.119243
Model_1_goa_pop_2023.dat 6 2036  F_LCI 0.100753
Model_1_goa_pop_2023.dat 6 2036  F_UCI 0.119243
Model_1_goa_pop_2023.dat 6 2036  F_Median 0.114519
Model_1_goa_pop_2023.dat 6 2036  F_Mean 0.113125
Model_1_goa_pop_2023.dat 7 2023 Cabc 25.3018
Model_1_goa_pop_2023.dat 7 2023 Cofl 27.0643
Model_1_goa_pop_2023.dat 7 2023 CLCI 29.7605
Model_1_goa_pop_2023.dat 7 2023 CUCI 29.7605
Model_1_goa_pop_2023.dat 7 2023 CMedian 29.7605
Model_1_goa_pop_2023.dat 7 2023 CMean 29.7605
Model_1_goa_pop_2023.dat 7 2024 Cabc 25.3018
Model_1_goa_pop_2023.dat 7 2024 Cofl 27.0643
Model_1_goa_pop_2023.dat 7 2024 CLCI 39.7644
Model_1_goa_pop_2023.dat 7 2024 CUCI 39.7653
Model_1_goa_pop_2023.dat 7 2024 CMedian 39.7647
Model_1_goa_pop_2023.dat 7 2024 CMean 39.7648
Model_1_goa_pop_2023.dat 7 2025 Cabc 25.3018
Model_1_goa_pop_2023.dat 7 2025 Cofl 27.0643
Model_1_goa_pop_2023.dat 7 2025 CLCI 37.7779
Model_1_goa_pop_2023.dat 7 2025 CUCI 37.7967
Model_1_goa_pop_2023.dat 7 2025 CMedian 37.7837
Model_1_goa_pop_2023.dat 7 2025 CMean 37.7851
Model_1_goa_pop_2023.dat 7 2026 Cabc 25.3018
Model_1_goa_pop_2023.dat 7 2026 Cofl 27.0643
Model_1_goa_pop_2023.dat 7 2026 CLCI 42.8158
Model_1_goa_pop_2023.dat 7 2026 CUCI 42.9427
Model_1_goa_pop_2023.dat 7 2026 CMedian 42.8577
Model_1_goa_pop_2023.dat 7 2026 CMean 42.8658
Model_1_goa_pop_2023.dat 7 2027 Cabc 25.3018
Model_1_goa_pop_2023.dat 7 2027 Cofl 27.0643
Model_1_goa_pop_2023.dat 7 2027 CLCI 39.9039
Model_1_goa_pop_2023.dat 7 2027 CUCI 40.3074
Model_1_goa_pop_2023.dat 7 2027 CMedian 40.0468
Model_1_goa_pop_2023.dat 7 2027 CMean 40.0715
Model_1_goa_pop_2023.dat 7 2028 Cabc 25.3018
Model_1_goa_pop_2023.dat 7 2028 Cofl 27.0643
Model_1_goa_pop_2023.dat 7 2028 CLCI 37.1676
Model_1_goa_pop_2023.dat 7 2028 CUCI 38.1133
Model_1_goa_pop_2023.dat 7 2028 CMedian 37.51
Model_1_goa_pop_2023.dat 7 2028 CMean 37.5638
Model_1_goa_pop_2023.dat 7 2029 Cabc 25.3018
Model_1_goa_pop_2023.dat 7 2029 Cofl 27.0643
Model_1_goa_pop_2023.dat 7 2029 CLCI 34.6097
Model_1_goa_pop_2023.dat 7 2029 CUCI 36.3814
Model_1_goa_pop_2023.dat 7 2029 CMedian 35.2797
Model_1_goa_pop_2023.dat 7 2029 CMean 35.3651
Model_1_goa_pop_2023.dat 7 2030 Cabc 25.3018
Model_1_goa_pop_2023.dat 7 2030 Cofl 27.0643
Model_1_goa_pop_2023.dat 7 2030 CLCI 32.3037
Model_1_goa_pop_2023.dat 7 2030 CUCI 35.2444
Model_1_goa_pop_2023.dat 7 2030 CMedian 33.3882
Model_1_goa_pop_2023.dat 7 2030 CMean 33.525
Model_1_goa_pop_2023.dat 7 2031 Cabc 25.3018
Model_1_goa_pop_2023.dat 7 2031 Cofl 27.0643
Model_1_goa_pop_2023.dat 7 2031 CLCI 30.2623
Model_1_goa_pop_2023.dat 7 2031 CUCI 34.3784
Model_1_goa_pop_2023.dat 7 2031 CMedian 31.8407
Model_1_goa_pop_2023.dat 7 2031 CMean 32.029
Model_1_goa_pop_2023.dat 7 2032 Cabc 25.3018
Model_1_goa_pop_2023.dat 7 2032 Cofl 27.0643
Model_1_goa_pop_2023.dat 7 2032 CLCI 28.5124
Model_1_goa_pop_2023.dat 7 2032 CUCI 33.9406
Model_1_goa_pop_2023.dat 7 2032 CMedian 30.6011
Model_1_goa_pop_2023.dat 7 2032 CMean 30.8624
Model_1_goa_pop_2023.dat 7 2033 Cabc 25.3018
Model_1_goa_pop_2023.dat 7 2033 Cofl 27.0643
Model_1_goa_pop_2023.dat 7 2033 CLCI 25.7853
Model_1_goa_pop_2023.dat 7 2033 CUCI 33.8275
Model_1_goa_pop_2023.dat 7 2033 CMedian 29.7617
Model_1_goa_pop_2023.dat 7 2033 CMean 29.7471
Model_1_goa_pop_2023.dat 7 2034 Cabc 25.3018
Model_1_goa_pop_2023.dat 7 2034 Cofl 27.0643
Model_1_goa_pop_2023.dat 7 2034 CLCI 23.5033
Model_1_goa_pop_2023.dat 7 2034 CUCI 33.8044
Model_1_goa_pop_2023.dat 7 2034 CMedian 28.9806
Model_1_goa_pop_2023.dat 7 2034 CMean 28.7527
Model_1_goa_pop_2023.dat 7 2035 Cabc 25.3018
Model_1_goa_pop_2023.dat 7 2035 Cofl 27.0643
Model_1_goa_pop_2023.dat 7 2035 CLCI 22.1181
Model_1_goa_pop_2023.dat 7 2035 CUCI 33.6194
Model_1_goa_pop_2023.dat 7 2035 CMedian 28.1179
Model_1_goa_pop_2023.dat 7 2035 CMean 28.0301
Model_1_goa_pop_2023.dat 7 2036 Cabc 25.3018
Model_1_goa_pop_2023.dat 7 2036 Cofl 27.0643
Model_1_goa_pop_2023.dat 7 2036 CLCI 21.2081
Model_1_goa_pop_2023.dat 7 2036 CUCI 33.7692
Model_1_goa_pop_2023.dat 7 2036 CMedian 27.486
Model_1_goa_pop_2023.dat 7 2036 CMean 27.551
Model_1_goa_pop_2023.dat 7 2023 SSBF100 343.618
Model_1_goa_pop_2023.dat 7 2023 SSBFabc 137.447
Model_1_goa_pop_2023.dat 7 2023 SSBFofl 120.266
Model_1_goa_pop_2023.dat 7 2023 SSBLCI 234.446
Model_1_goa_pop_2023.dat 7 2023 SSBUCI 234.446
Model_1_goa_pop_2023.dat 7 2023 SSBMedian 234.446
Model_1_goa_pop_2023.dat 7 2023 SSBMean 234.446
Model_1_goa_pop_2023.dat 7 2024 SSBF100 343.618
Model_1_goa_pop_2023.dat 7 2024 SSBFabc 137.447
Model_1_goa_pop_2023.dat 7 2024 SSBFofl 120.266
Model_1_goa_pop_2023.dat 7 2024 SSBLCI 227.018
Model_1_goa_pop_2023.dat 7 2024 SSBUCI 227.046
Model_1_goa_pop_2023.dat 7 2024 SSBMedian 227.026
Model_1_goa_pop_2023.dat 7 2024 SSBMean 227.028
Model_1_goa_pop_2023.dat 7 2025 SSBF100 343.618
Model_1_goa_pop_2023.dat 7 2025 SSBFabc 137.447
Model_1_goa_pop_2023.dat 7 2025 SSBFofl 120.266
Model_1_goa_pop_2023.dat 7 2025 SSBLCI 216.772
Model_1_goa_pop_2023.dat 7 2025 SSBUCI 216.885
Model_1_goa_pop_2023.dat 7 2025 SSBMedian 216.811
Model_1_goa_pop_2023.dat 7 2025 SSBMean 216.818
Model_1_goa_pop_2023.dat 7 2026 SSBF100 343.618
Model_1_goa_pop_2023.dat 7 2026 SSBFabc 137.447
Model_1_goa_pop_2023.dat 7 2026 SSBFofl 120.266
Model_1_goa_pop_2023.dat 7 2026 SSBLCI 205.962
Model_1_goa_pop_2023.dat 7 2026 SSBUCI 206.31
Model_1_goa_pop_2023.dat 7 2026 SSBMedian 206.085
Model_1_goa_pop_2023.dat 7 2026 SSBMean 206.107
Model_1_goa_pop_2023.dat 7 2027 SSBF100 343.618
Model_1_goa_pop_2023.dat 7 2027 SSBFabc 137.447
Model_1_goa_pop_2023.dat 7 2027 SSBFofl 120.266
Model_1_goa_pop_2023.dat 7 2027 SSBLCI 193.4
Model_1_goa_pop_2023.dat 7 2027 SSBUCI 194.328
Model_1_goa_pop_2023.dat 7 2027 SSBMedian 193.733
Model_1_goa_pop_2023.dat 7 2027 SSBMean 193.788
Model_1_goa_pop_2023.dat 7 2028 SSBF100 343.618
Model_1_goa_pop_2023.dat 7 2028 SSBFabc 137.447
Model_1_goa_pop_2023.dat 7 2028 SSBFofl 120.266
Model_1_goa_pop_2023.dat 7 2028 SSBLCI 181.019
Model_1_goa_pop_2023.dat 7 2028 SSBUCI 183.186
Model_1_goa_pop_2023.dat 7 2028 SSBMedian 181.803
Model_1_goa_pop_2023.dat 7 2028 SSBMean 181.922
Model_1_goa_pop_2023.dat 7 2029 SSBF100 343.618
Model_1_goa_pop_2023.dat 7 2029 SSBFabc 137.447
Model_1_goa_pop_2023.dat 7 2029 SSBFofl 120.266
Model_1_goa_pop_2023.dat 7 2029 SSBLCI 168.932
Model_1_goa_pop_2023.dat 7 2029 SSBUCI 173.453
Model_1_goa_pop_2023.dat 7 2029 SSBMedian 170.614
Model_1_goa_pop_2023.dat 7 2029 SSBMean 170.837
Model_1_goa_pop_2023.dat 7 2030 SSBF100 343.618
Model_1_goa_pop_2023.dat 7 2030 SSBFabc 137.447
Model_1_goa_pop_2023.dat 7 2030 SSBFofl 120.266
Model_1_goa_pop_2023.dat 7 2030 SSBLCI 157.491
Model_1_goa_pop_2023.dat 7 2030 SSBUCI 165.862
Model_1_goa_pop_2023.dat 7 2030 SSBMedian 160.713
Model_1_goa_pop_2023.dat 7 2030 SSBMean 161.091
Model_1_goa_pop_2023.dat 7 2031 SSBF100 343.618
Model_1_goa_pop_2023.dat 7 2031 SSBFabc 137.447
Model_1_goa_pop_2023.dat 7 2031 SSBFofl 120.266
Model_1_goa_pop_2023.dat 7 2031 SSBLCI 147.167
Model_1_goa_pop_2023.dat 7 2031 SSBUCI 161.326
Model_1_goa_pop_2023.dat 7 2031 SSBMedian 152.524
Model_1_goa_pop_2023.dat 7 2031 SSBMean 153.134
Model_1_goa_pop_2023.dat 7 2032 SSBF100 343.618
Model_1_goa_pop_2023.dat 7 2032 SSBFabc 137.447
Model_1_goa_pop_2023.dat 7 2032 SSBFofl 120.266
Model_1_goa_pop_2023.dat 7 2032 SSBLCI 138.199
Model_1_goa_pop_2023.dat 7 2032 SSBUCI 158.678
Model_1_goa_pop_2023.dat 7 2032 SSBMedian 146.096
Model_1_goa_pop_2023.dat 7 2032 SSBMean 147.023
Model_1_goa_pop_2023.dat 7 2033 SSBF100 343.618
Model_1_goa_pop_2023.dat 7 2033 SSBFabc 137.447
Model_1_goa_pop_2023.dat 7 2033 SSBFofl 120.266
Model_1_goa_pop_2023.dat 7 2033 SSBLCI 130.766
Model_1_goa_pop_2023.dat 7 2033 SSBUCI 158.077
Model_1_goa_pop_2023.dat 7 2033 SSBMedian 141.232
Model_1_goa_pop_2023.dat 7 2033 SSBMean 142.539
Model_1_goa_pop_2023.dat 7 2034 SSBF100 343.618
Model_1_goa_pop_2023.dat 7 2034 SSBFabc 137.447
Model_1_goa_pop_2023.dat 7 2034 SSBFofl 120.266
Model_1_goa_pop_2023.dat 7 2034 SSBLCI 125.209
Model_1_goa_pop_2023.dat 7 2034 SSBUCI 158.444
Model_1_goa_pop_2023.dat 7 2034 SSBMedian 138.051
Model_1_goa_pop_2023.dat 7 2034 SSBMean 139.333
Model_1_goa_pop_2023.dat 7 2035 SSBF100 343.618
Model_1_goa_pop_2023.dat 7 2035 SSBFabc 137.447
Model_1_goa_pop_2023.dat 7 2035 SSBFofl 120.266
Model_1_goa_pop_2023.dat 7 2035 SSBLCI 121.073
Model_1_goa_pop_2023.dat 7 2035 SSBUCI 158.044
Model_1_goa_pop_2023.dat 7 2035 SSBMedian 135.254
Model_1_goa_pop_2023.dat 7 2035 SSBMean 137.047
Model_1_goa_pop_2023.dat 7 2036 SSBF100 343.618
Model_1_goa_pop_2023.dat 7 2036 SSBFabc 137.447
Model_1_goa_pop_2023.dat 7 2036 SSBFofl 120.266
Model_1_goa_pop_2023.dat 7 2036 SSBLCI 118.282
Model_1_goa_pop_2023.dat 7 2036 SSBUCI 156.789
Model_1_goa_pop_2023.dat 7 2036 SSBMedian 133.458
Model_1_goa_pop_2023.dat 7 2036 SSBMean 135.359
Model_1_goa_pop_2023.dat 7 2023 F0 0 
Model_1_goa_pop_2023.dat 7 2023 Fabc 0.0990105
Model_1_goa_pop_2023.dat 7 2023 Fofl 0.119243
Model_1_goa_pop_2023.dat 7 2023  F_LCI 0.0712498
Model_1_goa_pop_2023.dat 7 2023  F_UCI 0.0712498
Model_1_goa_pop_2023.dat 7 2023  F_Median 0.0712498
Model_1_goa_pop_2023.dat 7 2023  F_Mean 0.0712498
Model_1_goa_pop_2023.dat 7 2024 F0 0 
Model_1_goa_pop_2023.dat 7 2024 Fabc 0.0990105
Model_1_goa_pop_2023.dat 7 2024 Fofl 0.119243
Model_1_goa_pop_2023.dat 7 2024  F_LCI 0.0990104
Model_1_goa_pop_2023.dat 7 2024  F_UCI 0.0990104
Model_1_goa_pop_2023.dat 7 2024  F_Median 0.0990104
Model_1_goa_pop_2023.dat 7 2024  F_Mean 0.0990104
Model_1_goa_pop_2023.dat 7 2025 F0 0 
Model_1_goa_pop_2023.dat 7 2025 Fabc 0.0990105
Model_1_goa_pop_2023.dat 7 2025 Fofl 0.119243
Model_1_goa_pop_2023.dat 7 2025  F_LCI 0.0990104
Model_1_goa_pop_2023.dat 7 2025  F_UCI 0.0990104
Model_1_goa_pop_2023.dat 7 2025  F_Median 0.0990104
Model_1_goa_pop_2023.dat 7 2025  F_Mean 0.0990104
Model_1_goa_pop_2023.dat 7 2026 F0 0 
Model_1_goa_pop_2023.dat 7 2026 Fabc 0.0990105
Model_1_goa_pop_2023.dat 7 2026 Fofl 0.119243
Model_1_goa_pop_2023.dat 7 2026  F_LCI 0.119243
Model_1_goa_pop_2023.dat 7 2026  F_UCI 0.119243
Model_1_goa_pop_2023.dat 7 2026  F_Median 0.119243
Model_1_goa_pop_2023.dat 7 2026  F_Mean 0.119243
Model_1_goa_pop_2023.dat 7 2027 F0 0 
Model_1_goa_pop_2023.dat 7 2027 Fabc 0.0990105
Model_1_goa_pop_2023.dat 7 2027 Fofl 0.119243
Model_1_goa_pop_2023.dat 7 2027  F_LCI 0.119243
Model_1_goa_pop_2023.dat 7 2027  F_UCI 0.119243
Model_1_goa_pop_2023.dat 7 2027  F_Median 0.119243
Model_1_goa_pop_2023.dat 7 2027  F_Mean 0.119243
Model_1_goa_pop_2023.dat 7 2028 F0 0 
Model_1_goa_pop_2023.dat 7 2028 Fabc 0.0990105
Model_1_goa_pop_2023.dat 7 2028 Fofl 0.119243
Model_1_goa_pop_2023.dat 7 2028  F_LCI 0.119243
Model_1_goa_pop_2023.dat 7 2028  F_UCI 0.119243
Model_1_goa_pop_2023.dat 7 2028  F_Median 0.119243
Model_1_goa_pop_2023.dat 7 2028  F_Mean 0.119243
Model_1_goa_pop_2023.dat 7 2029 F0 0 
Model_1_goa_pop_2023.dat 7 2029 Fabc 0.0990105
Model_1_goa_pop_2023.dat 7 2029 Fofl 0.119243
Model_1_goa_pop_2023.dat 7 2029  F_LCI 0.119243
Model_1_goa_pop_2023.dat 7 2029  F_UCI 0.119243
Model_1_goa_pop_2023.dat 7 2029  F_Median 0.119243
Model_1_goa_pop_2023.dat 7 2029  F_Mean 0.119243
Model_1_goa_pop_2023.dat 7 2030 F0 0 
Model_1_goa_pop_2023.dat 7 2030 Fabc 0.0990105
Model_1_goa_pop_2023.dat 7 2030 Fofl 0.119243
Model_1_goa_pop_2023.dat 7 2030  F_LCI 0.119243
Model_1_goa_pop_2023.dat 7 2030  F_UCI 0.119243
Model_1_goa_pop_2023.dat 7 2030  F_Median 0.119243
Model_1_goa_pop_2023.dat 7 2030  F_Mean 0.119243
Model_1_goa_pop_2023.dat 7 2031 F0 0 
Model_1_goa_pop_2023.dat 7 2031 Fabc 0.0990105
Model_1_goa_pop_2023.dat 7 2031 Fofl 0.119243
Model_1_goa_pop_2023.dat 7 2031  F_LCI 0.119243
Model_1_goa_pop_2023.dat 7 2031  F_UCI 0.119243
Model_1_goa_pop_2023.dat 7 2031  F_Median 0.119243
Model_1_goa_pop_2023.dat 7 2031  F_Mean 0.119243
Model_1_goa_pop_2023.dat 7 2032 F0 0 
Model_1_goa_pop_2023.dat 7 2032 Fabc 0.0990105
Model_1_goa_pop_2023.dat 7 2032 Fofl 0.119243
Model_1_goa_pop_2023.dat 7 2032  F_LCI 0.119243
Model_1_goa_pop_2023.dat 7 2032  F_UCI 0.119243
Model_1_goa_pop_2023.dat 7 2032  F_Median 0.119243
Model_1_goa_pop_2023.dat 7 2032  F_Mean 0.119214
Model_1_goa_pop_2023.dat 7 2033 F0 0 
Model_1_goa_pop_2023.dat 7 2033 Fabc 0.0990105
Model_1_goa_pop_2023.dat 7 2033 Fofl 0.119243
Model_1_goa_pop_2023.dat 7 2033  F_LCI 0.113143
Model_1_goa_pop_2023.dat 7 2033  F_UCI 0.119243
Model_1_goa_pop_2023.dat 7 2033  F_Median 0.119243
Model_1_goa_pop_2023.dat 7 2033  F_Mean 0.11815
Model_1_goa_pop_2023.dat 7 2034 F0 0 
Model_1_goa_pop_2023.dat 7 2034 Fabc 0.0990105
Model_1_goa_pop_2023.dat 7 2034 Fofl 0.119243
Model_1_goa_pop_2023.dat 7 2034  F_LCI 0.108067
Model_1_goa_pop_2023.dat 7 2034  F_UCI 0.119243
Model_1_goa_pop_2023.dat 7 2034  F_Median 0.119243
Model_1_goa_pop_2023.dat 7 2034  F_Mean 0.116412
Model_1_goa_pop_2023.dat 7 2035 F0 0 
Model_1_goa_pop_2023.dat 7 2035 Fabc 0.0990105
Model_1_goa_pop_2023.dat 7 2035 Fofl 0.119243
Model_1_goa_pop_2023.dat 7 2035  F_LCI 0.104291
Model_1_goa_pop_2023.dat 7 2035  F_UCI 0.119243
Model_1_goa_pop_2023.dat 7 2035  F_Median 0.117241
Model_1_goa_pop_2023.dat 7 2035  F_Mean 0.114916
Model_1_goa_pop_2023.dat 7 2036 F0 0 
Model_1_goa_pop_2023.dat 7 2036 Fabc 0.0990105
Model_1_goa_pop_2023.dat 7 2036 Fofl 0.119243
Model_1_goa_pop_2023.dat 7 2036  F_LCI 0.101742
Model_1_goa_pop_2023.dat 7 2036  F_UCI 0.119243
Model_1_goa_pop_2023.dat 7 2036  F_Median 0.115601
Model_1_goa_pop_2023.dat 7 2036  F_Mean 0.11378
