 8000 8300 10800 10500 5400 2821 2752 800 2200 4500 8540 11780 13090 6548.13 6537.64 2059.76 1841.23 5740.72 8378.43 9518.82 8907.93 10473.1 10145.5 10817.1 11733.8 10846.3 11639.9 11247.5 13595.3 12954.8 12461.2 12986.4 15615.7 14223.6 14916 13181.4 17712.1 18732.8 23034.5 23860.2 24737 25470.3 25191.2 28899.9 29484 28812.2
The data has been read correctly!Starting optimization of 'model_20_1' in phase 1 of 4 at Tue Jul 25 14:34:19 2023
phase= 1 | nvar=  2 | iter=  0 | nll=1.52e+04 | mag=7.56e+03 | par[  1]=log_mean_rec
phase= 1 | nvar=  2 | iter= 12 | nll=5.05e+03 | mag=4.79e-09 | par[  1]=log_mean_rec
-------------Finished: 1 4216.47  73.0398 163.915 415.636 0 0 0
phase= 2 | nvar=158 | iter=  0 | nll=5.05e+03 | mag=5.87e+03 | par[ 27]=log_F_devs[25]
phase= 2 | nvar=158 | iter= 20 | nll=1.93e+03 | mag=3.09e+03 | par[ 18]=log_F_devs[16]
phase= 2 | nvar=158 | iter= 40 | nll=1.86e+03 | mag=2.44e+03 | par[ 18]=log_F_devs[16]
phase= 2 | nvar=158 | iter= 60 | nll=1.80e+03 | mag=2.27e+03 | par[ 18]=log_F_devs[16]
phase= 2 | nvar=158 | iter= 80 | nll=1.28e+03 | mag=1.67e+03 | par[ 18]=log_F_devs[16]
phase= 2 | nvar=158 | iter=100 | nll=1.14e+03 | mag=1.62e+03 | par[ 18]=log_F_devs[16]
phase= 2 | nvar=158 | iter=120 | nll=1.04e+03 | mag=1.61e+03 | par[ 18]=log_F_devs[16]
phase= 2 | nvar=158 | iter=140 | nll=7.84e+02 | mag=1.50e+03 | par[ 67]=mat_delta
phase= 2 | nvar=158 | iter=160 | nll=5.85e+02 | mag=9.26e+02 | par[ 67]=mat_delta
phase= 2 | nvar=158 | iter=180 | nll=3.92e+02 | mag=1.42e+02 | par[  3]=log_F_devs[1]
phase= 2 | nvar=158 | iter=200 | nll=3.74e+02 | mag=4.22e+01 | par[ 18]=log_F_devs[16]
phase= 2 | nvar=158 | iter=220 | nll=3.73e+02 | mag=3.22e+00 | par[ 65]=log_F_devs[63]
phase= 2 | nvar=158 | iter=240 | nll=3.73e+02 | mag=2.76e+00 | par[135]=log_rec_dev[68]
phase= 2 | nvar=158 | iter=260 | nll=3.73e+02 | mag=5.39e+00 | par[109]=log_rec_dev[42]
phase= 2 | nvar=158 | iter=280 | nll=3.73e+02 | mag=1.10e-01 | par[ 18]=log_F_devs[16]
phase= 2 | nvar=158 | iter=295 | nll=3.73e+02 | mag=4.00e-05 | par[ 90]=log_rec_dev[23]
-------------Finished: 2 223.478  63.674 73.3148 67.8138 0 0 0
phase= 3 | nvar=166 | iter=  0 | nll=3.56e+02 | mag=2.27e+02 | par[ 15]=log_F_devs[5]
phase= 3 | nvar=166 | iter= 20 | nll=3.19e+02 | mag=5.05e+02 | par[ 16]=log_F_devs[6]
phase= 3 | nvar=166 | iter= 40 | nll=3.12e+02 | mag=3.42e+02 | par[ 16]=log_F_devs[6]
phase= 3 | nvar=166 | iter= 60 | nll=3.03e+02 | mag=3.10e+02 | par[ 16]=log_F_devs[6]
phase= 3 | nvar=166 | iter= 80 | nll=2.85e+02 | mag=1.52e+02 | par[ 30]=log_F_devs[20]
phase= 3 | nvar=166 | iter=100 | nll=2.78e+02 | mag=1.42e+02 | par[ 30]=log_F_devs[20]
phase= 3 | nvar=166 | iter=120 | nll=2.68e+02 | mag=1.40e+02 | par[ 58]=log_F_devs[48]
phase= 3 | nvar=166 | iter=140 | nll=2.60e+02 | mag=9.09e+01 | par[ 59]=log_F_devs[49]
phase= 3 | nvar=166 | iter=160 | nll=2.55e+02 | mag=3.34e+01 | par[166]=logm
phase= 3 | nvar=166 | iter=180 | nll=2.54e+02 | mag=1.61e+01 | par[101]=log_rec_dev[26]
phase= 3 | nvar=166 | iter=200 | nll=2.54e+02 | mag=2.71e-01 | par[106]=log_rec_dev[31]
phase= 3 | nvar=166 | iter=220 | nll=2.54e+02 | mag=1.16e-04 | par[101]=log_rec_dev[26]
phase= 3 | nvar=166 | iter=221 | nll=2.54e+02 | mag=1.65e-05 | par[166]=logm
-------------Finished: 3 132.165  21.4531 28.7701 65.8988 0 0 0
phase= 4 | nvar=169 | iter=  0 | nll=2.88e+02 | mag=6.16e+01 | par[  6]=a503
phase= 4 | nvar=169 | iter= 20 | nll=2.78e+02 | mag=1.38e+02 | par[166]=logm
phase= 4 | nvar=169 | iter= 40 | nll=2.72e+02 | mag=2.96e+02 | par[ 27]=log_F_devs[17]
phase= 4 | nvar=169 | iter= 60 | nll=2.70e+02 | mag=2.52e+02 | par[ 27]=log_F_devs[17]
phase= 4 | nvar=169 | iter= 80 | nll=2.66e+02 | mag=1.80e+02 | par[ 27]=log_F_devs[17]
phase= 4 | nvar=169 | iter=100 | nll=2.62e+02 | mag=1.28e+02 | par[166]=logm
phase= 4 | nvar=169 | iter=120 | nll=2.59e+02 | mag=8.88e+01 | par[166]=logm
phase= 4 | nvar=169 | iter=140 | nll=2.55e+02 | mag=5.25e+01 | par[ 27]=log_F_devs[17]
phase= 4 | nvar=169 | iter=160 | nll=2.54e+02 | mag=1.03e+01 | par[101]=log_rec_dev[26]
phase= 4 | nvar=169 | iter=180 | nll=2.54e+02 | mag=1.25e+01 | par[166]=logm
phase= 4 | nvar=169 | iter=200 | nll=2.54e+02 | mag=9.23e-04 | par[101]=log_rec_dev[26]
phase= 4 | nvar=169 | iter=203 | nll=2.54e+02 | mag=4.58e-05 | par[129]=log_rec_dev[54]
Optimization completed after 2.6 s with final statistics:
  nll=253.799395 | mag=4.58160e-05 | par[129]=log_rec_dev[54]

-------------Finished: 4 132.165  21.4531 28.7701 65.8988 0 0 0
Calculating Hessian (169 variables): 20%, 40%, 60%, 80%, 100% done (1.7 s) 
Differentiating 17 derived quantities: 20%, 40%, 60%, 80%, 100% done (0.3 s) 
Inverting Hessian (169 variables): 20%, 40%, 60%, 80%, 100% done (0.06 s) 
Starting standard error calculations... 
 Warning: Non-positive variance of sdreport variables: 363
 done (0.69 s) 
 7.0114e-05 0.00029807 0.000385411 0.000404854 0.000602063 0.0007735 0.00104271 0.00155438 0.00244536 0.0033083 0.00441348 0.00599248 0.00723934 0.00758667 0.0077639 0.00853916 0.00865981 0.00916556 0.00925471 0.00933426 0.0095262 0.0095638 0.00960603 0.00969381 0.0097877 0.00984238 0.00986014 0.00986954 0.00987318 0.00988572 0.00989819 0.00990043 0.00990787 0.00991203 0.00992068 0.00992716 0.0099306 0.00993937 0.00994344 0.00995796 0.0099601 0.00996362 0.00997114 0.009979 0.00998015 0.009987 0.00999097 0.00999767 0.0100009 0.0100016 0.0100128 0.0100158 0.0100217 0.010023 0.0100296 0.0100364 0.0100423 0.0100464 0.0100542 0.0100992 0.0101086 0.0101614 0.0102206 0.0102812 0.0103692 0.0104315 0.0107815 0.0108467 0.0109913 0.012184 0.012411 0.0134749 0.0169993 0.0222122 0.0311669 0.0363839 0.0372209 0.0391728 0.0450994 0.0508134 0.0533965 0.0586331 0.0622845 0.0680185 0.0695434 0.0718867 0.0847349 0.0871487 0.0898335 0.0945207 0.0979085 0.109627 0.117299 0.118284 0.13194 0.140462 0.152494 0.160992 0.166553 0.16989 0.177198 0.186134 0.188924 0.197941 0.213878 0.219986 0.225207 0.231208 0.2447 0.246028 0.252424 0.254444 0.266247 0.271716 0.27367 0.276416 0.280619 0.281941 0.290393 0.29148 0.295382 0.310196 0.311259 0.312219 0.317276 0.323694 0.3347 0.356245 0.35852 0.362959 0.384795 0.407442 0.408023 0.408674 0.410184 0.410404 0.411612 0.413418 0.416205 0.417551 0.420388 0.424545 0.427019 0.42926 0.433595 0.438444 0.442404 0.444534 0.459438 0.466507 0.480527 0.499289 0.499579 0.542775 0.553274 0.568141 0.572323 0.572323 0.590241 0.627576 0.641403 0.766104 0.850761 0.857742 1.14444 1.26576 1.28772 1.59738 5.07978
Initial seed value -36519
-253.799 -253.799
 mcmc sim 1  acceptance rate 0 0
-253.799 -253.799
 mcmc sim 201  acceptance rate 0 0
decreasing step size -662.315
-290.621 -290.621
 mcmc sim 401  acceptance rate 0.256858 0.515
increasing step size -593.791
-311.928 -311.928
 mcmc sim 601  acceptance rate 0.269551 0.295
-329.147 -329.147
 mcmc sim 801  acceptance rate 0.278402 0.305
-324.26 -324.26
 mcmc sim 1001  acceptance rate 0.288711 0.33
-313.945 -313.945
 mcmc sim 1201  acceptance rate 0.304746 0.385
-328.345 -328.345
 mcmc sim 1401  acceptance rate 0.312634 0.36
-324.842 -324.842
 mcmc sim 1601  acceptance rate 0.323548 0.4
-323.314 -323.314
 mcmc sim 1801  acceptance rate 0.324264 0.33
-320.072 -320.072
 mcmc sim 2001  acceptance rate 0.32084 0.29
-335.885 -335.885
 mcmc sim 2201  acceptance rate 0.330759 0.43
increasing step size -562.979
-345.251 -345.251
 mcmc sim 2401  acceptance rate 0.324032 0.25
-336.373 -336.373
 mcmc sim 2601  acceptance rate 0.322568 0.305
-325.291 -325.291
 mcmc sim 2801  acceptance rate 0.317387 0.25
-318.568 -318.568
 mcmc sim 3001  acceptance rate 0.313229 0.255
-328.912 -328.912
 mcmc sim 3201  acceptance rate 0.307404 0.22
-322.687 -322.687
 mcmc sim 3401  acceptance rate 0.30344 0.24
-324.847 -324.847
 mcmc sim 3601  acceptance rate 0.302138 0.28
-333.881 -333.881
 mcmc sim 3801  acceptance rate 0.300447 0.27
-338.588 -338.588
 mcmc sim 4001  acceptance rate 0.301175 0.315
-333.496 -333.496
 mcmc sim 4201  acceptance rate 0.298976 0.255
-347.058 -347.058
 mcmc sim 4401  acceptance rate 0.299932 0.32
-344.244 -344.244
 mcmc sim 4601  acceptance rate 0.298848 0.275
-336.194 -336.194
 mcmc sim 4801  acceptance rate 0.297438 0.265
-336.051 -336.051
 mcmc sim 5001  acceptance rate 0.293941 0.21
-354.363 -354.363
 mcmc sim 5201  acceptance rate 0.293597 0.285
-359.345 -359.345
 mcmc sim 5401  acceptance rate 0.294575 0.32
-351.963 -351.963
 mcmc sim 5601  acceptance rate 0.294055 0.28
-344.712 -344.712
 mcmc sim 5801  acceptance rate 0.293225 0.27
-348.258 -348.258
 mcmc sim 6001  acceptance rate 0.291618 0.245
-346.213 -346.213
 mcmc sim 6201  acceptance rate 0.291405 0.285
-339.718 -339.718
 mcmc sim 6401  acceptance rate 0.290736 0.27
-339.996 -339.996
 mcmc sim 6601  acceptance rate 0.291622 0.32
-341.136 -341.136
 mcmc sim 6801  acceptance rate 0.288781 0.195
-333.948 -333.948
 mcmc sim 7001  acceptance rate 0.289673 0.32
-318.681 -318.681
 mcmc sim 7201  acceptance rate 0.288432 0.245
-331.944 -331.944
 mcmc sim 7401  acceptance rate 0.288745 0.3
-330.727 -330.727
 mcmc sim 7601  acceptance rate 0.289699 0.325
-330.548 -330.548
 mcmc sim 7801  acceptance rate 0.289066 0.265
-321.438 -321.438
 mcmc sim 8001  acceptance rate 0.289839 0.32
-323.694 -323.694
 mcmc sim 8201  acceptance rate 0.289721 0.285
-328.887 -328.887
 mcmc sim 8401  acceptance rate 0.287585 0.2
-351.521 -351.521
 mcmc sim 8601  acceptance rate 0.287408 0.28
-345.763 -345.763
 mcmc sim 8801  acceptance rate 0.288149 0.32
-331.626 -331.626
 mcmc sim 9001  acceptance rate 0.288968 0.325
-332.2 -332.2
 mcmc sim 9201  acceptance rate 0.288556 0.27
-338.403 -338.403
 mcmc sim 9401  acceptance rate 0.287097 0.22
-329.481 -329.481
 mcmc sim 9601  acceptance rate 0.287053 0.285
-334.899 -334.899
 mcmc sim 9801  acceptance rate 0.286297 0.25
0.2853
In write empirical covariance matrix
 1.42053e-05 2.29906e-05 3.06209e-05 3.7705e-05 5.09025e-05 6.38719e-05 9.01123e-05 0.000140184 0.000208502 0.00028012 0.00031111 0.000326252 0.000349636 0.000374865 0.000388805 0.000410412 0.000429044 0.000439115 0.000466063 0.000491405 0.0005125 0.00053298 0.000548622 0.000562889 0.000579092 0.000610766 0.000639407 0.000644794 0.000662428 0.000698649 0.00071264 0.00072825 0.000737237 0.000796071 0.000800472 0.000812661 0.00082747 0.000875181 0.000912329 0.000943541 0.000969933 0.000998141 0.00101118 0.00105083 0.00108542 0.00109504 0.00112581 0.00123094 0.00126397 0.00137837 0.00139709 0.00146009 0.00150701 0.00159222 0.00160719 0.00174656 0.00183905 0.00187282 0.00201747 0.00205703 0.00214693 0.00220029 0.00229436 0.00243227 0.0026301 0.00289497 0.00295214 0.00318674 0.00345409 0.00356874 0.00371769 0.00395345 0.00412181 0.00493355 0.00523663 0.00533438 0.00590508 0.00607086 0.00678469 0.00689831 0.00795797 0.00854798 0.00903927 0.00977243 0.0102253 0.0105516 0.0116194 0.0118043 0.012355 0.0134681 0.0142037 0.0146034 0.0161497 0.0171896 0.0185026 0.0189652 0.0197259 0.0207095 0.0218833 0.0227541 0.0239064 0.0249321 0.027353 0.029604 0.0317757 0.0324313 0.0339814 0.0351586 0.0370494 0.038902 0.0406457 0.0412526 0.0428855 0.0460941 0.0470317 0.0533212 0.0548977 0.0578211 0.0615591 0.0618724 0.0624147 0.0660834 0.0697202 0.07245 0.0737234 0.0781565 0.0843169 0.0885824 0.0919297 0.0974493 0.10201 0.109594 0.115348 0.12412 0.136158 0.141625 0.14998 0.167698 0.173556 0.1815 0.187156 0.197472 0.208021 0.223454 0.226701 0.2495 0.282093 0.297339 0.35927 0.389531 0.403486 0.434185 0.482929 0.511058 0.531916 0.579902 0.762544 0.774586 0.911787 0.982167 1.0781 1.17183 1.46513 1.51118 1.76762 1.99478 2.52931 2.56195 7.06588

Finished running model 'model_20_1' after 23 s.
