Alternative 1 Catch
     Model_1_goa_pop_2023.dat 
Equil_Fabc 25.3018 
Year 
2024 29.794 
2025 16.1515 
2026 39.5277 
2027 37.4343 
2028 35.4338 
2029 33.5905 
2030 31.9303 
2031 30.5062 
2032 29.3175 
2033 28.3743 
2034 27.6416 
2035 27.0974 
2036 26.6776 
2037 26.3554 

Alternative 1 ABCs
     Model_1_goa_pop_2023.dat 

Year 
2024  NA 
2025  NA 
2026 39.5277 
2027 37.4343 
2028 35.4338 
2029 33.5905 
2030 31.9303 
2031 30.5062 
2032 29.3175 
2033 28.3743 
2034 27.6416 
2035 27.0974 
2036 26.6776 
2037 26.3554 

Alternative 1 TACs
     Model_1_goa_pop_2023.dat 

Year 
2024  NA 
2025  NA 
2026 39.5277 
2027 37.4343 
2028 35.4338 
2029 33.5905 
2030 31.9303 
2031 30.5062 
2032 29.3175 
2033 28.3743 
2034 27.6416 
2035 27.0974 
2036 26.6776 
2037 26.3554 

Alternative 1 Sp_Biomass
     Model_1_goa_pop_2023.dat 
Equil_Fabc 137.447 
Year 
2024 234.441 
2025 230.593 
2026 226.84 
2027 216.318 
2028 206.016 
2029 195.725 
2030 185.806 
2031 176.859 
2032 169.404 
2033 163.566 
2034 159.179 
2035 155.896 
2036 153.419 
2037 151.506 

Alternative 1 Fishing Mortality
     Model_1_goa_pop_2023.dat 
Equil_Fabc 0.0990105 
Year 
2024 0.0713322 
2025 0.0393026 
2026 0.0990105 
2027 0.0990105 
2028 0.0990105 
2029 0.0990105 
2030 0.0990105 
2031 0.0990105 
2032 0.0990105 
2033 0.0990105 
2034 0.0990105 
2035 0.0990004 
2036 0.0988642 
2037 0.0985733 

Alternative 1 Biomass
     Model_1_goa_pop_2023.dat 

Year 
2024 670.712 
2025 650.615 
2026 644.643 
2027 615.662 
2028 590.682 
2029 569.466 
2030 551.836 
2031 537.558 
2032 526.195 
2033 517.152 
2034 509.984 
2035 504.278 
2036 499.729 
2037 495.963 

Alternative 1 Implied SPR rate 
     Model_1_goa_pop_2023.dat 
Equil_Fabc 0.4 
Year 
2024 0.4916 
2025 0.651219 
2026 0.4 
2027 0.4 
2028 0.4 
2029 0.4 
2030 0.4 
2031 0.4 
2032 0.4 
2033 0.4 
2034 0.4 
2035 0.400028 
2036 0.400415 
2037 0.40125 

  Model_1_goa_pop_2023.dat 
EquilAvgAgeF0  12.2163 
EquilAvgAgeFabc  7.81304 
AvgAgeYr2037 8.49045 
Alternative 2 Catch
     Model_1_goa_pop_2023.dat 
Equil_Fabc 25.3018 
Year 
2024 29.794 
2025 16.1515 
2026 39.5277 
2027 37.4343 
2028 35.4338 
2029 33.5905 
2030 31.9303 
2031 30.5062 
2032 29.3175 
2033 28.3743 
2034 27.6416 
2035 27.0974 
2036 26.6776 
2037 26.3554 

Alternative 2 ABCs
     Model_1_goa_pop_2023.dat 

Year 
2024  NA 
2025  NA 
2026 39.5277 
2027 37.4343 
2028 35.4338 
2029 33.5905 
2030 31.9303 
2031 30.5062 
2032 29.3175 
2033 28.3743 
2034 27.6416 
2035 27.0974 
2036 26.6776 
2037 26.3554 

Alternative 2 TACs
     Model_1_goa_pop_2023.dat 

Year 
2024  NA 
2025  NA 
2026 39.5277 
2027 37.4343 
2028 35.4338 
2029 33.5905 
2030 31.9303 
2031 30.5062 
2032 29.3175 
2033 28.3743 
2034 27.6416 
2035 27.0974 
2036 26.6776 
2037 26.3554 

Alternative 2 Sp_Biomass
     Model_1_goa_pop_2023.dat 
Equil_Fabc 137.447 
Year 
2024 234.441 
2025 230.593 
2026 226.84 
2027 216.318 
2028 206.016 
2029 195.725 
2030 185.806 
2031 176.859 
2032 169.404 
2033 163.566 
2034 159.179 
2035 155.896 
2036 153.419 
2037 151.506 

Alternative 2 Fishing Mortality
     Model_1_goa_pop_2023.dat 
Equil_Fabc 0.0990105 
Year 
2024 0.0713322 
2025 0.0393026 
2026 0.0990105 
2027 0.0990105 
2028 0.0990105 
2029 0.0990105 
2030 0.0990105 
2031 0.0990105 
2032 0.0990105 
2033 0.0990105 
2034 0.0990105 
2035 0.0990004 
2036 0.0988642 
2037 0.0985733 

Alternative 2 Biomass
     Model_1_goa_pop_2023.dat 

Year 
2024 670.712 
2025 650.615 
2026 644.643 
2027 615.662 
2028 590.682 
2029 569.466 
2030 551.836 
2031 537.558 
2032 526.195 
2033 517.152 
2034 509.984 
2035 504.278 
2036 499.729 
2037 495.963 

Alternative 2 Implied SPR rate 
     Model_1_goa_pop_2023.dat 
Equil_Fabc 0.4 
Year 
2024 0.4916 
2025 0.651219 
2026 0.4 
2027 0.4 
2028 0.4 
2029 0.4 
2030 0.4 
2031 0.4 
2032 0.4 
2033 0.4 
2034 0.4 
2035 0.400028 
2036 0.400415 
2037 0.40125 

  Model_1_goa_pop_2023.dat 
EquilAvgAgeF0  12.2163 
EquilAvgAgeFabc  7.81304 
AvgAgeYr2037 8.49045 
Alternative 3 Catch
     Model_1_goa_pop_2023.dat 
Equil_Fabc 25.3018 
Year 
2024 29.794 
2025 16.1515 
2026 20.145 
2027 19.8088 
2028 19.4333 
2029 19.0512 
2030 18.6764 
2031 18.3413 
2032 18.0519 
2033 17.825 
2034 17.6523 
2035 17.5371 
2036 17.4695 
2037 17.4496 

Alternative 3 ABCs
     Model_1_goa_pop_2023.dat 

Year 
2024  NA 
2025  NA 
2026 20.145 
2027 19.8088 
2028 19.4333 
2029 19.0512 
2030 18.6764 
2031 18.3413 
2032 18.0519 
2033 17.825 
2034 17.6523 
2035 17.5371 
2036 17.4695 
2037 17.4496 

Alternative 3 TACs
     Model_1_goa_pop_2023.dat 

Year 
2024  NA 
2025  NA 
2026 20.145 
2027 19.8088 
2028 19.4333 
2029 19.0512 
2030 18.6764 
2031 18.3413 
2032 18.0519 
2033 17.825 
2034 17.6523 
2035 17.5371 
2036 17.4695 
2037 17.4496 

Alternative 3 Sp_Biomass
     Model_1_goa_pop_2023.dat 
Equil_Fabc 137.447 
Year 
2024 234.441 
2025 230.593 
2026 229.795 
2027 227.502 
2028 224.584 
2029 220.794 
2030 216.463 
2031 212.219 
2032 208.688 
2033 206.132 
2034 204.526 
2035 203.633 
2036 203.234 
2037 203.129 

Alternative 3 Fishing Mortality
     Model_1_goa_pop_2023.dat 
Equil_Fabc 0.0990105 
Year 
2024 0.0713322 
2025 0.0393026 
2026 0.0495053 
2027 0.0495053 
2028 0.0495053 
2029 0.0495053 
2030 0.0495053 
2031 0.0495053 
2032 0.0495053 
2033 0.0495053 
2034 0.0495053 
2035 0.0495053 
2036 0.0495053 
2037 0.0495053 

Alternative 3 Biomass
     Model_1_goa_pop_2023.dat 

Year 
2024 670.712 
2025 650.615 
2026 644.643 
2027 635.056 
2028 626.922 
2029 620.15 
2030 614.784 
2031 610.828 
2032 608.132 
2033 606.36 
2034 605.335 
2035 604.856 
2036 604.811 
2037 604.926 

Alternative 3 Implied SPR rate 
     Model_1_goa_pop_2023.dat 
Equil_Fabc 0.4 
Year 
2024 0.4916 
2025 0.651219 
2026 0.592047 
2027 0.592047 
2028 0.592047 
2029 0.592047 
2030 0.592047 
2031 0.592047 
2032 0.592047 
2033 0.592047 
2034 0.592047 
2035 0.592047 
2036 0.592047 
2037 0.592047 

  Model_1_goa_pop_2023.dat 
EquilAvgAgeF0  12.2163 
EquilAvgAgeFabc  7.81304 
AvgAgeYr2037 9.65542 
Alternative 4 Catch
     Model_1_goa_pop_2023.dat 
Equil_Fabc 25.3018 
Year 
2024 29.794 
2025 16.1515 
2026 25.8505 
2027 25.1425 
2028 24.4095 
2029 23.6951 
2030 23.0184 
2031 22.4205 
2032 21.9081 
2033 21.4994 
2034 21.1812 
2035 20.9531 
2036 20.799 
2037 20.7146 

Alternative 4 ABCs
     Model_1_goa_pop_2023.dat 

Year 
2024  NA 
2025  NA 
2026 25.8505 
2027 25.1425 
2028 24.4095 
2029 23.6951 
2030 23.0184 
2031 22.4205 
2032 21.9081 
2033 21.4994 
2034 21.1812 
2035 20.9531 
2036 20.799 
2037 20.7146 

Alternative 4 TACs
     Model_1_goa_pop_2023.dat 

Year 
2024  NA 
2025  NA 
2026 25.8505 
2027 25.1425 
2028 24.4095 
2029 23.6951 
2030 23.0184 
2031 22.4205 
2032 21.9081 
2033 21.4994 
2034 21.1812 
2035 20.9531 
2036 20.799 
2037 20.7146 

Alternative 4 Sp_Biomass
     Model_1_goa_pop_2023.dat 
Equil_Fabc 137.447 
Year 
2024 234.441 
2025 230.593 
2026 228.933 
2027 224.192 
2028 219.012 
2029 213.17 
2030 207.019 
2031 201.191 
2032 196.291 
2033 192.549 
2034 189.907 
2035 188.099 
2036 186.884 
2037 186.046 

Alternative 4 Fishing Mortality
     Model_1_goa_pop_2023.dat 
Equil_Fabc 0.0990105 
Year 
2024 0.0713322 
2025 0.0393026 
2026 0.0638806 
2027 0.0638806 
2028 0.0638806 
2029 0.0638806 
2030 0.0638806 
2031 0.0638806 
2032 0.0638806 
2033 0.0638806 
2034 0.0638806 
2035 0.0638806 
2036 0.0638806 
2037 0.0638806 

Alternative 4 Biomass
     Model_1_goa_pop_2023.dat 

Year 
2024 670.712 
2025 650.615 
2026 644.643 
2027 629.347 
2028 616.111 
2029 604.832 
2030 595.518 
2031 588.131 
2032 582.457 
2033 578.105 
2034 574.831 
2035 572.382 
2036 570.595 
2037 569.162 

Alternative 4 Implied SPR rate 
     Model_1_goa_pop_2023.dat 
Equil_Fabc 0.4 
Year 
2024 0.4916 
2025 0.651219 
2026 0.522482 
2027 0.522482 
2028 0.522482 
2029 0.522482 
2030 0.522482 
2031 0.522482 
2032 0.522482 
2033 0.522482 
2034 0.522482 
2035 0.522482 
2036 0.522482 
2037 0.522482 

  Model_1_goa_pop_2023.dat 
EquilAvgAgeF0  12.2163 
EquilAvgAgeFabc  7.81304 
AvgAgeYr2037 9.29213 
Alternative 5 Catch
     Model_1_goa_pop_2023.dat 
Equil_Fabc 25.3018 
Year 
2024 29.794 
2025 16.1515 
2026  NA 
2027  NA 
2028  NA 
2029  NA 
2030  NA 
2031  NA 
2032  NA 
2033  NA 
2034  NA 
2035  NA 
2036  NA 
2037  NA 

Alternative 5 ABCs
     Model_1_goa_pop_2023.dat 

Year 
2024  NA 
2025  NA 
2026  NA 
2027  NA 
2028  NA 
2029  NA 
2030  NA 
2031  NA 
2032  NA 
2033  NA 
2034  NA 
2035  NA 
2036  NA 
2037  NA 

Alternative 5 TACs
     Model_1_goa_pop_2023.dat 

Year 
2024  NA 
2025  NA 
2026  NA 
2027  NA 
2028  NA 
2029  NA 
2030  NA 
2031  NA 
2032  NA 
2033  NA 
2034  NA 
2035  NA 
2036  NA 
2037  NA 

Alternative 5 Sp_Biomass
     Model_1_goa_pop_2023.dat 
Equil_Fabc 137.447 
Year 
2024 234.441 
2025 230.593 
2026 232.791 
2027 239.31 
2028 244.979 
2029 249.413 
2030 252.81 
2031 255.715 
2032 258.755 
2033 262.238 
2034 266.22 
2035 270.517 
2036 274.965 
2037 279.388 

Alternative 5 Fishing Mortality
     Model_1_goa_pop_2023.dat 
Equil_Fabc 0.0990105 
Year 
2024 0.0713322 
2025 0.0393026 
2026  NA 
2027  NA 
2028  NA 
2029  NA 
2030  NA 
2031  NA 
2032  NA 
2033  NA 
2034  NA 
2035  NA 
2036  NA 
2037  NA 

Alternative 5 Biomass
     Model_1_goa_pop_2023.dat 

Year 
2024 670.712 
2025 650.615 
2026 644.643 
2027 655.216 
2028 666.063 
2029 676.994 
2030 688.033 
2031 699.197 
2032 710.417 
2033 721.436 
2034 732.203 
2035 742.61 
2036 752.669 
2037 762.17 

Alternative 5 Implied SPR rate 
     Model_1_goa_pop_2023.dat 
Equil_Fabc 0.4 
Year 
2024 0.4916 
2025 0.651219 
2026 1 
2027 1 
2028 1 
2029 1 
2030 1 
2031 1 
2032 1 
2033 1 
2034 1 
2035 1 
2036 1 
2037 1 

  Model_1_goa_pop_2023.dat 
EquilAvgAgeF0  12.2163 
EquilAvgAgeFabc  7.81304 
AvgAgeYr2037 11.0562 
Alternative 6 Catch
     Model_1_goa_pop_2023.dat 
Equil_Fabc 25.3018 
Year 
2024 29.794 
2025 47.5182 
2026 44.4703 
2027 41.6116 
2028 38.9673 
2029 36.5984 
2030 34.5234 
2031 32.789 
2032 31.3818 
2033 30.2512 
2034 29.0633 
2035 28.1185 
2036 27.4779 
2037 27.0958 

Alternative 6 ABCs
     Model_1_goa_pop_2023.dat 

Year 
2024 48.8962 
2025 47.5182 
2026 44.4703 
2027 41.6116 
2028 38.9673 
2029 36.5984 
2030 34.5234 
2031 32.789 
2032 31.3818 
2033 30.2512 
2034 29.0633 
2035 28.1185 
2036 27.4779 
2037 27.0958 

Alternative 6 TACs
     Model_1_goa_pop_2023.dat 

Year 
2024  NA 
2025 47.5182 
2026 44.4703 
2027 41.6116 
2028 38.9673 
2029 36.5984 
2030 34.5234 
2031 32.789 
2032 31.3818 
2033 30.2512 
2034 29.0633 
2035 28.1185 
2036 27.4779 
2037 27.0958 

Alternative 6 Sp_Biomass
     Model_1_goa_pop_2023.dat 
Equil_Fabc 137.447 
Year 
2024 234.441 
2025 225.815 
2026 212.393 
2027 200.047 
2028 188.373 
2029 177.126 
2030 166.616 
2031 157.38 
2032 149.851 
2033 144.086 
2034 139.905 
2035 137.007 
2036 135.036 
2037 133.678 

Alternative 6 Fishing Mortality
     Model_1_goa_pop_2023.dat 
Equil_Fabc 0.0990105 
Year 
2024 0.0713322 
2025 0.119243 
2026 0.119243 
2027 0.119243 
2028 0.119243 
2029 0.119243 
2030 0.119243 
2031 0.119243 
2032 0.119243 
2033 0.119041 
2034 0.117322 
2035 0.115438 
2036 0.113969 
2037 0.112959 

Alternative 6 Biomass
     Model_1_goa_pop_2023.dat 

Year 
2024 670.712 
2025 650.615 
2026 613.232 
2027 580.54 
2028 552.891 
2029 529.868 
2030 511.117 
2031 496.245 
2032 484.663 
2033 475.655 
2034 468.714 
2035 463.685 
2036 460.181 
2037 457.639 

Alternative 6 Implied SPR rate 
     Model_1_goa_pop_2023.dat 
Equil_Fabc 0.4 
Year 
2024 0.4916 
2025 0.35 
2026 0.35 
2027 0.35 
2028 0.35 
2029 0.35 
2030 0.35 
2031 0.35 
2032 0.35 
2033 0.350452 
2034 0.354372 
2035 0.358811 
2036 0.362363 
2037 0.364853 

  Model_1_goa_pop_2023.dat 
EquilAvgAgeF0  12.2163 
EquilAvgAgeFabc  7.81304 
AvgAgeYr2037 8.01893 
Alternative 7 Catch
     Model_1_goa_pop_2023.dat 
Equil_Fabc 25.3018 
Year 
2024 29.794 
2025 39.7623 
2026 37.7829 
2027 42.8632 
2028 40.068 
2029 37.5561 
2030 35.3478 
2031 33.492 
2032 31.9757 
2033 30.7872 
2034 29.6465 
2035 28.6246 
2036 27.8938 
2037 27.4268 

Alternative 7 ABCs
     Model_1_goa_pop_2023.dat 

Year 
2024 48.8962 
2025 47.5182 
2026 45.1534 
2027 42.8632 
2028 40.068 
2029 37.5561 
2030 35.3478 
2031 33.492 
2032 31.9757 
2033 30.7872 
2034 29.6465 
2035 28.6246 
2036 27.8938 
2037 27.4268 

Alternative 7 TACs
     Model_1_goa_pop_2023.dat 

Year 
2024  NA 
2025 47.5182 
2026 45.1534 
2027 42.8632 
2028 40.068 
2029 37.5561 
2030 35.3478 
2031 33.492 
2032 31.9757 
2033 30.7872 
2034 29.6465 
2035 28.6246 
2036 27.8938 
2037 27.4268 

Alternative 7 Sp_Biomass
     Model_1_goa_pop_2023.dat 
Equil_Fabc 137.447 
Year 
2024 234.441 
2025 227.014 
2026 216.805 
2027 206.094 
2028 193.772 
2029 181.898 
2030 170.794 
2031 161.008 
2032 152.983 
2033 146.77 
2034 142.169 
2035 138.871 
2036 136.555 
2037 134.909 

Alternative 7 Fishing Mortality
     Model_1_goa_pop_2023.dat 
Equil_Fabc 0.0990105 
Year 
2024 0.0713322 
2025 0.0990104 
2026 0.0990105 
2027 0.119243 
2028 0.119243 
2029 0.119243 
2030 0.119243 
2031 0.119243 
2032 0.119243 
2033 0.119211 
2034 0.118112 
2035 0.116288 
2036 0.114751 
2037 0.113625 

Alternative 7 Biomass
     Model_1_goa_pop_2023.dat 

Year 
2024 670.712 
2025 650.615 
2026 620.998 
2027 594.697 
2028 565.209 
2029 540.521 
2030 520.285 
2031 504.105 
2032 491.384 
2033 481.392 
2034 473.572 
2035 467.658 
2036 463.39 
2037 460.213 

Alternative 7 Implied SPR rate 
     Model_1_goa_pop_2023.dat 
Equil_Fabc 0.4 
Year 
2024 0.4916 
2025 0.4 
2026 0.4 
2027 0.35 
2028 0.35 
2029 0.35 
2030 0.35 
2031 0.35 
2032 0.35 
2033 0.350072 
2034 0.35256 
2035 0.356805 
2036 0.360484 
2037 0.363234 

  Model_1_goa_pop_2023.dat 
EquilAvgAgeF0  12.2163 
EquilAvgAgeFabc  7.81304 
AvgAgeYr2037 8.06123 
