
SB0 SB40 SB35 MeanRec HarMeanRec Bnow
343.618 137.447 120.266 0.115342 0.0903428 244.876 
CV Recruit
0.526038 
Alternative 1 Alternative  Stock: Model_1_goa_pop_2023.dat
Catch Model_1_goa_pop_2023.dat
Year C0 Cabc Cofl LowCI_Catch Median_Catch Mean_Catch UpperCI_Catch Stdev_Catch 
2024  0 25.3018 27.0643 29.794 29.794 29.794 29.794 3.62377e-13 
2025  0 25.3018 27.0643 16.1515 16.1515 16.1515 16.1515 4.53472e-10 
2026  0 25.3018 27.0643 39.5204 39.5262 39.5277 39.5399 0.00651598 
2027  0 25.3018 27.0643 37.3924 37.4277 37.4343 37.5031 0.0362439 
2028  0 25.3018 27.0643 35.298 35.4131 35.4338 35.6542 0.113983 
2029  0 25.3018 27.0643 33.2784 33.5469 33.5905 34.0836 0.259327 
2030  0 25.3018 27.0643 31.3277 31.8575 31.9303 32.8126 0.478169 
2031  0 25.3018 27.0643 29.5584 30.3716 30.5062 31.923 0.761038 
2032  0 25.3018 27.0643 27.9152 29.1117 29.3175 31.3361 1.08633 
2033  0 25.3018 27.0643 26.4578 28.1731 28.3743 30.9771 1.42625 
2034  0 25.3018 27.0643 25.2525 27.4651 27.6416 30.8385 1.75354 
2035  0 25.3018 27.0643 24.2785 26.8789 27.0974 30.8882 2.05259 
2036  0 25.3018 27.0643 23.2849 26.4223 26.6776 30.6995 2.36147 
2037  0 25.3018 27.0643 22.0447 26.0875 26.3554 30.6777 2.67221 

Spawning_Biomass Model_1_goa_pop_2023.dat
Year SSB100 SSBabc SSBofl LowCI_SSB Median_SSB Mean_SSB UpperCI_SSB Stdev_SSB 
2024 343.618 137.447 120.266 234.441 234.441 234.441 234.441 8.81073e-13 
2025 343.618 137.447 120.266 230.583 230.591 230.593 230.612 0.00954066 
2026 343.618 137.447 120.266 226.795 226.833 226.84 226.912 0.038471 
2027 343.618 137.447 120.266 216.177 216.297 216.318 216.547 0.118354 
2028 343.618 137.447 120.266 205.649 205.962 206.016 206.606 0.308525 
2029 343.618 137.447 120.266 194.857 195.604 195.725 197.082 0.711636 
2030 343.618 137.447 120.266 184.008 185.573 185.806 188.662 1.4743 
2031 343.618 137.447 120.266 173.428 176.419 176.859 181.938 2.73865 
2032 343.618 137.447 120.266 163.661 168.615 169.404 178.099 4.52364 
2033 343.618 137.447 120.266 155.024 162.364 163.566 175.819 6.62995 
2034 343.618 137.447 120.266 147.415 157.972 159.179 174.959 8.73214 
2035 343.618 137.447 120.266 141.386 154.864 155.896 174.843 10.5795 
2036 343.618 137.447 120.266 136.572 151.989 153.419 174.686 12.0629 
2037 343.618 137.447 120.266 133.09 149.632 151.506 174.524 13.1748 

Fishing_mortalityModel_1_goa_pop_2023.dat
Year F0 Fabc Fofl LowCI_F Median_F Mean_F UpperCI_F Stdev_F 
2024  0 0.0990105 0.119243 0.0713322 0.0713322 0.0713322 0.0713322 5.55112e-17 
2025  0 0.0990105 0.119243 0.039302 0.0393027 0.0393026 0.039303 3.06623e-07 
2026  0 0.0990105 0.119243 0.0990105 0.0990105 0.0990105 0.0990105 7.07767e-16 
2027  0 0.0990105 0.119243 0.0990105 0.0990105 0.0990105 0.0990105 7.07767e-16 
2028  0 0.0990105 0.119243 0.0990105 0.0990105 0.0990105 0.0990105 7.07767e-16 
2029  0 0.0990105 0.119243 0.0990105 0.0990105 0.0990105 0.0990105 7.07767e-16 
2030  0 0.0990105 0.119243 0.0990105 0.0990105 0.0990105 0.0990105 7.07767e-16 
2031  0 0.0990105 0.119243 0.0990105 0.0990105 0.0990105 0.0990105 7.07767e-16 
2032  0 0.0990105 0.119243 0.0990105 0.0990105 0.0990105 0.0990105 7.07767e-16 
2033  0 0.0990105 0.119243 0.0990105 0.0990105 0.0990105 0.0990105 7.07767e-16 
2034  0 0.0990105 0.119243 0.0990105 0.0990105 0.0990105 0.0990105 7.07767e-16 
2035  0 0.0990105 0.119243 0.0990105 0.0990105 0.0990004 0.0990105 0.000117606 
2036  0 0.0990105 0.119243 0.0983471 0.0990105 0.0988642 0.0990105 0.000723913 
2037  0 0.0990105 0.119243 0.0957067 0.0990105 0.0985733 0.0990105 0.00142317 

Total_BiomassModel_1_goa_pop_2023.dat
Year B100 Babc Bofl LowCI_Biom Median_Biom Mean_Biom UpperCI_Biom Stdev_Biom 
2024 1785.64 465.616 428.615 670.712 670.712 670.712 670.712 2.04636e-12 
2025 1785.64 465.616 428.615 647.344 649.856 650.615 656.326 2.97097 
2026 1785.64 465.616 428.615 636.755 643.645 644.643 656.953 6.51087 
2027 1785.64 465.616 428.615 601.88 613.595 615.662 635.66 11.0294 
2028 1785.64 465.616 428.615 570.501 587.516 590.682 621.05 16.25 
2029 1785.64 465.616 428.615 541.162 566.451 569.466 608.734 21.7166 
2030 1785.64 465.616 428.615 515.913 549.616 551.836 600.444 27.0656 
2031 1785.64 465.616 428.615 493.382 534.218 537.558 594.924 31.9416 
2032 1785.64 465.616 428.615 475.433 521.909 526.195 590.878 36.3116 
2033 1785.64 465.616 428.615 459.904 511.861 517.152 585.925 39.9879 
2034 1785.64 465.616 428.615 447.758 504.842 509.984 583.064 43.2514 
2035 1785.64 465.616 428.615 437.229 498.474 504.278 580.312 46.0659 
2036 1785.64 465.616 428.615 427.517 495.078 499.729 578.539 48.6161 
2037 1785.64 465.616 428.615 422.747 491.864 495.963 574.976 50.7668 
Alternative 2 Alternative  Stock: Model_1_goa_pop_2023.dat
Catch Model_1_goa_pop_2023.dat
Year C0 Cabc Cofl LowCI_Catch Median_Catch Mean_Catch UpperCI_Catch Stdev_Catch 
2024  0 25.3018 27.0643 29.794 29.794 29.794 29.794 3.62377e-13 
2025  0 25.3018 27.0643 16.1515 16.1515 16.1515 16.1515 4.53472e-10 
2026  0 25.3018 27.0643 39.5204 39.5262 39.5277 39.5399 0.00651598 
2027  0 25.3018 27.0643 37.3924 37.4277 37.4343 37.5031 0.0362439 
2028  0 25.3018 27.0643 35.298 35.4131 35.4338 35.6542 0.113983 
2029  0 25.3018 27.0643 33.2784 33.5469 33.5905 34.0836 0.259327 
2030  0 25.3018 27.0643 31.3277 31.8575 31.9303 32.8126 0.478169 
2031  0 25.3018 27.0643 29.5584 30.3716 30.5062 31.923 0.761038 
2032  0 25.3018 27.0643 27.9152 29.1117 29.3175 31.3361 1.08633 
2033  0 25.3018 27.0643 26.4578 28.1731 28.3743 30.9771 1.42625 
2034  0 25.3018 27.0643 25.2525 27.4651 27.6416 30.8385 1.75354 
2035  0 25.3018 27.0643 24.2785 26.8789 27.0974 30.8882 2.05259 
2036  0 25.3018 27.0643 23.2849 26.4223 26.6776 30.6995 2.36147 
2037  0 25.3018 27.0643 22.0447 26.0875 26.3554 30.6777 2.67221 

Spawning_Biomass Model_1_goa_pop_2023.dat
Year SSB100 SSBabc SSBofl LowCI_SSB Median_SSB Mean_SSB UpperCI_SSB Stdev_SSB 
2024 343.618 137.447 120.266 234.441 234.441 234.441 234.441 8.81073e-13 
2025 343.618 137.447 120.266 230.583 230.591 230.593 230.612 0.00954066 
2026 343.618 137.447 120.266 226.795 226.833 226.84 226.912 0.038471 
2027 343.618 137.447 120.266 216.177 216.297 216.318 216.547 0.118354 
2028 343.618 137.447 120.266 205.649 205.962 206.016 206.606 0.308525 
2029 343.618 137.447 120.266 194.857 195.604 195.725 197.082 0.711636 
2030 343.618 137.447 120.266 184.008 185.573 185.806 188.662 1.4743 
2031 343.618 137.447 120.266 173.428 176.419 176.859 181.938 2.73865 
2032 343.618 137.447 120.266 163.661 168.615 169.404 178.099 4.52364 
2033 343.618 137.447 120.266 155.024 162.364 163.566 175.819 6.62995 
2034 343.618 137.447 120.266 147.415 157.972 159.179 174.959 8.73214 
2035 343.618 137.447 120.266 141.386 154.864 155.896 174.843 10.5795 
2036 343.618 137.447 120.266 136.572 151.989 153.419 174.686 12.0629 
2037 343.618 137.447 120.266 133.09 149.632 151.506 174.524 13.1748 

Fishing_mortalityModel_1_goa_pop_2023.dat
Year F0 Fabc Fofl LowCI_F Median_F Mean_F UpperCI_F Stdev_F 
2024  0 0.0990105 0.119243 0.0713322 0.0713322 0.0713322 0.0713322 5.55112e-17 
2025  0 0.0990105 0.119243 0.039302 0.0393027 0.0393026 0.039303 3.06623e-07 
2026  0 0.0990105 0.119243 0.0990105 0.0990105 0.0990105 0.0990105 7.07767e-16 
2027  0 0.0990105 0.119243 0.0990105 0.0990105 0.0990105 0.0990105 7.07767e-16 
2028  0 0.0990105 0.119243 0.0990105 0.0990105 0.0990105 0.0990105 7.07767e-16 
2029  0 0.0990105 0.119243 0.0990105 0.0990105 0.0990105 0.0990105 7.07767e-16 
2030  0 0.0990105 0.119243 0.0990105 0.0990105 0.0990105 0.0990105 7.07767e-16 
2031  0 0.0990105 0.119243 0.0990105 0.0990105 0.0990105 0.0990105 7.07767e-16 
2032  0 0.0990105 0.119243 0.0990105 0.0990105 0.0990105 0.0990105 7.07767e-16 
2033  0 0.0990105 0.119243 0.0990105 0.0990105 0.0990105 0.0990105 7.07767e-16 
2034  0 0.0990105 0.119243 0.0990105 0.0990105 0.0990105 0.0990105 7.07767e-16 
2035  0 0.0990105 0.119243 0.0990105 0.0990105 0.0990004 0.0990105 0.000117606 
2036  0 0.0990105 0.119243 0.0983471 0.0990105 0.0988642 0.0990105 0.000723913 
2037  0 0.0990105 0.119243 0.0957067 0.0990105 0.0985733 0.0990105 0.00142317 

Total_BiomassModel_1_goa_pop_2023.dat
Year B100 Babc Bofl LowCI_Biom Median_Biom Mean_Biom UpperCI_Biom Stdev_Biom 
2024 1785.64 465.616 428.615 670.712 670.712 670.712 670.712 2.04636e-12 
2025 1785.64 465.616 428.615 647.344 649.856 650.615 656.326 2.97097 
2026 1785.64 465.616 428.615 636.755 643.645 644.643 656.953 6.51087 
2027 1785.64 465.616 428.615 601.88 613.595 615.662 635.66 11.0294 
2028 1785.64 465.616 428.615 570.501 587.516 590.682 621.05 16.25 
2029 1785.64 465.616 428.615 541.162 566.451 569.466 608.734 21.7166 
2030 1785.64 465.616 428.615 515.913 549.616 551.836 600.444 27.0656 
2031 1785.64 465.616 428.615 493.382 534.218 537.558 594.924 31.9416 
2032 1785.64 465.616 428.615 475.433 521.909 526.195 590.878 36.3116 
2033 1785.64 465.616 428.615 459.904 511.861 517.152 585.925 39.9879 
2034 1785.64 465.616 428.615 447.758 504.842 509.984 583.064 43.2514 
2035 1785.64 465.616 428.615 437.229 498.474 504.278 580.312 46.0659 
2036 1785.64 465.616 428.615 427.517 495.078 499.729 578.539 48.6161 
2037 1785.64 465.616 428.615 422.747 491.864 495.963 574.976 50.7668 
Alternative 3 Alternative  Stock: Model_1_goa_pop_2023.dat
Catch Model_1_goa_pop_2023.dat
Year C0 Cabc Cofl LowCI_Catch Median_Catch Mean_Catch UpperCI_Catch Stdev_Catch 
2024  0 25.3018 27.0643 29.794 29.794 29.794 29.794 3.62377e-13 
2025  0 25.3018 27.0643 16.1515 16.1515 16.1515 16.1515 4.53472e-10 
2026  0 25.3018 27.0643 20.1414 20.1442 20.145 20.1511 0.00325898 
2027  0 25.3018 27.0643 19.7878 19.8055 19.8088 19.8432 0.0181494 
2028  0 25.3018 27.0643 19.3651 19.4229 19.4333 19.544 0.0572496 
2029  0 25.3018 27.0643 18.8937 19.0294 19.0512 19.3004 0.130979 
2030  0 25.3018 27.0643 18.3693 18.6387 18.6764 19.1266 0.243602 
2031  0 25.3018 27.0643 17.8516 18.2722 18.3413 19.0765 0.392314 
2032  0 25.3018 27.0643 17.3205 17.9421 18.0519 19.1092 0.568335 
2033  0 25.3018 27.0643 16.8121 17.7241 17.825 19.2196 0.759217 
2034  0 25.3018 27.0643 16.3723 17.5636 17.6523 19.3735 0.951628 
2035  0 25.3018 27.0643 15.9802 17.42 17.5371 19.5853 1.1343 
2036  0 25.3018 27.0643 15.6163 17.3313 17.4695 19.8605 1.30035 
2037  0 25.3018 27.0643 15.376 17.2516 17.4496 19.9371 1.4473 

Spawning_Biomass Model_1_goa_pop_2023.dat
Year SSB100 SSBabc SSBofl LowCI_SSB Median_SSB Mean_SSB UpperCI_SSB Stdev_SSB 
2024 343.618 137.447 120.266 234.441 234.441 234.441 234.441 8.81073e-13 
2025 343.618 137.447 120.266 230.583 230.591 230.593 230.612 0.00954066 
2026 343.618 137.447 120.266 229.75 229.788 229.795 229.867 0.0384786 
2027 343.618 137.447 120.266 227.361 227.481 227.502 227.731 0.118491 
2028 343.618 137.447 120.266 224.217 224.53 224.584 225.177 0.309675 
2029 343.618 137.447 120.266 219.92 220.673 220.794 222.163 0.717973 
2030 343.618 137.447 120.266 214.637 216.228 216.463 219.345 1.50022 
2031 343.618 137.447 120.266 208.696 211.76 212.219 217.455 2.82169 
2032 343.618 137.447 120.266 202.692 207.883 208.688 217.83 4.73683 
2033 343.618 137.447 120.266 197.11 204.816 206.132 219.282 7.0759 
2034 343.618 137.447 120.266 191.807 203.261 204.526 221.844 9.51291 
2035 343.618 137.447 120.266 187.832 202.422 203.633 224.879 11.7677 
2036 343.618 137.447 120.266 184.37 201.635 203.234 227.95 13.7009 
2037 343.618 137.447 120.266 181.954 201.363 203.129 230.144 15.2872 

Fishing_mortalityModel_1_goa_pop_2023.dat
Year F0 Fabc Fofl LowCI_F Median_F Mean_F UpperCI_F Stdev_F 
2024  0 0.0990105 0.119243 0.0713322 0.0713322 0.0713322 0.0713322 5.55112e-17 
2025  0 0.0990105 0.119243 0.039302 0.0393027 0.0393026 0.039303 3.06623e-07 
2026  0 0.0990105 0.119243 0.0495053 0.0495053 0.0495053 0.0495053 3.53884e-16 
2027  0 0.0990105 0.119243 0.0495053 0.0495053 0.0495053 0.0495053 3.53884e-16 
2028  0 0.0990105 0.119243 0.0495053 0.0495053 0.0495053 0.0495053 3.53884e-16 
2029  0 0.0990105 0.119243 0.0495053 0.0495053 0.0495053 0.0495053 3.53884e-16 
2030  0 0.0990105 0.119243 0.0495053 0.0495053 0.0495053 0.0495053 3.53884e-16 
2031  0 0.0990105 0.119243 0.0495053 0.0495053 0.0495053 0.0495053 3.53884e-16 
2032  0 0.0990105 0.119243 0.0495053 0.0495053 0.0495053 0.0495053 3.53884e-16 
2033  0 0.0990105 0.119243 0.0495053 0.0495053 0.0495053 0.0495053 3.53884e-16 
2034  0 0.0990105 0.119243 0.0495053 0.0495053 0.0495053 0.0495053 3.53884e-16 
2035  0 0.0990105 0.119243 0.0495053 0.0495053 0.0495053 0.0495053 3.53884e-16 
2036  0 0.0990105 0.119243 0.0495053 0.0495053 0.0495053 0.0495053 3.53884e-16 
2037  0 0.0990105 0.119243 0.0495053 0.0495053 0.0495053 0.0495053 3.53884e-16 

Total_BiomassModel_1_goa_pop_2023.dat
Year B100 Babc Bofl LowCI_Biom Median_Biom Mean_Biom UpperCI_Biom Stdev_Biom 
2024 1785.64 465.616 428.615 670.712 670.712 670.712 670.712 2.04636e-12 
2025 1785.64 465.616 428.615 647.344 649.856 650.615 656.326 2.97097 
2026 1785.64 465.616 428.615 636.755 643.645 644.643 656.953 6.51087 
2027 1785.64 465.616 428.615 621.268 632.991 635.056 655.066 11.034 
2028 1785.64 465.616 428.615 606.722 623.777 626.922 657.361 16.2774 
2029 1785.64 465.616 428.615 591.749 617.079 620.15 659.648 21.8094 
2030 1785.64 465.616 428.615 578.521 612.282 614.784 663.951 27.297 
2031 1785.64 465.616 428.615 566.022 607.413 610.828 668.956 32.4106 
2032 1785.64 465.616 428.615 556.168 604.078 608.132 675.96 37.1283 
2033 1785.64 465.616 428.615 547.341 601.084 606.36 678.167 41.2573 
2034 1785.64 465.616 428.615 540.495 598.982 605.335 682.389 45.0523 
2035 1785.64 465.616 428.615 533.932 598.864 604.856 686.039 48.4559 
2036 1785.64 465.616 428.615 528.459 598.613 604.811 690.446 51.6139 
2037 1785.64 465.616 428.615 525.8 600.915 604.926 691.09 54.4178 
Alternative 4 Alternative  Stock: Model_1_goa_pop_2023.dat
Catch Model_1_goa_pop_2023.dat
Year C0 Cabc Cofl LowCI_Catch Median_Catch Mean_Catch UpperCI_Catch Stdev_Catch 
2024  0 25.3018 27.0643 29.794 29.794 29.794 29.794 3.62377e-13 
2025  0 25.3018 27.0643 16.1515 16.1515 16.1515 16.1515 4.53472e-10 
2026  0 25.3018 27.0643 25.8458 25.8495 25.8505 25.8584 0.00420495 
2027  0 25.3018 27.0643 25.1154 25.1383 25.1425 25.1869 0.0234094 
2028  0 25.3018 27.0643 24.3217 24.3961 24.4095 24.5522 0.0737768 
2029  0 25.3018 27.0643 23.4924 23.667 23.6951 24.0157 0.168517 
2030  0 25.3018 27.0643 22.6244 22.9698 23.0184 23.596 0.312634 
2031  0 25.3018 27.0643 21.7946 22.3303 22.4205 23.359 0.501756 
2032  0 25.3018 27.0643 20.9758 21.7676 21.9081 23.2541 0.723747 
2033  0 25.3018 27.0643 20.2148 21.3688 21.4994 23.263 0.961913 
2034  0 25.3018 27.0643 19.5624 21.0645 21.1812 23.3449 1.19883 
2035  0 25.3018 27.0643 18.9985 20.8044 20.9531 23.5394 1.4203 
2036  0 25.3018 27.0643 18.4944 20.6348 20.799 23.7259 1.61823 
2037  0 25.3018 27.0643 18.1383 20.4756 20.7146 23.774 1.79053 

Spawning_Biomass Model_1_goa_pop_2023.dat
Year SSB100 SSBabc SSBofl LowCI_SSB Median_SSB Mean_SSB UpperCI_SSB Stdev_SSB 
2024 343.618 137.447 120.266 234.441 234.441 234.441 234.441 8.81073e-13 
2025 343.618 137.447 120.266 230.583 230.591 230.593 230.612 0.00954066 
2026 343.618 137.447 120.266 228.887 228.926 228.933 229.004 0.0384764 
2027 343.618 137.447 120.266 224.051 224.171 224.192 224.421 0.118451 
2028 343.618 137.447 120.266 218.645 218.958 219.012 219.604 0.309341 
2029 343.618 137.447 120.266 212.298 213.05 213.17 214.536 0.716127 
2030 343.618 137.447 120.266 205.201 206.783 207.019 209.892 1.49264 
2031 343.618 137.447 120.266 197.695 200.733 201.191 206.371 2.79729 
2032 343.618 137.447 120.266 190.362 195.497 196.291 205.323 4.67376 
2033 343.618 137.447 120.266 183.665 191.267 192.549 205.434 6.94289 
2034 343.618 137.447 120.266 177.471 188.67 189.907 206.762 9.27787 
2035 343.618 137.447 120.266 172.663 186.863 188.099 208.696 11.4066 
2036 343.618 137.447 120.266 168.705 185.305 186.884 210.805 13.2007 
2037 343.618 137.447 120.266 165.614 184.162 186.046 212.23 14.6458 

Fishing_mortalityModel_1_goa_pop_2023.dat
Year F0 Fabc Fofl LowCI_F Median_F Mean_F UpperCI_F Stdev_F 
2024  0 0.0990105 0.119243 0.0713322 0.0713322 0.0713322 0.0713322 5.55112e-17 
2025  0 0.0990105 0.119243 0.039302 0.0393027 0.0393026 0.039303 3.06623e-07 
2026  0 0.0990105 0.119243 0.0638806 0.0638806 0.0638806 0.0638806 2.91434e-16 
2027  0 0.0990105 0.119243 0.0638806 0.0638806 0.0638806 0.0638806 2.91434e-16 
2028  0 0.0990105 0.119243 0.0638806 0.0638806 0.0638806 0.0638806 2.91434e-16 
2029  0 0.0990105 0.119243 0.0638806 0.0638806 0.0638806 0.0638806 2.91434e-16 
2030  0 0.0990105 0.119243 0.0638806 0.0638806 0.0638806 0.0638806 2.91434e-16 
2031  0 0.0990105 0.119243 0.0638806 0.0638806 0.0638806 0.0638806 2.91434e-16 
2032  0 0.0990105 0.119243 0.0638806 0.0638806 0.0638806 0.0638806 2.91434e-16 
2033  0 0.0990105 0.119243 0.0638806 0.0638806 0.0638806 0.0638806 2.91434e-16 
2034  0 0.0990105 0.119243 0.0638806 0.0638806 0.0638806 0.0638806 2.91434e-16 
2035  0 0.0990105 0.119243 0.0638806 0.0638806 0.0638806 0.0638806 2.91434e-16 
2036  0 0.0990105 0.119243 0.0638806 0.0638806 0.0638806 0.0638806 2.91434e-16 
2037  0 0.0990105 0.119243 0.0638806 0.0638806 0.0638806 0.0638806 2.91434e-16 

Total_BiomassModel_1_goa_pop_2023.dat
Year B100 Babc Bofl LowCI_Biom Median_Biom Mean_Biom UpperCI_Biom Stdev_Biom 
2024 1785.64 465.616 428.615 670.712 670.712 670.712 670.712 2.04636e-12 
2025 1785.64 465.616 428.615 647.344 649.856 650.615 656.326 2.97097 
2026 1785.64 465.616 428.615 636.755 643.645 644.643 656.953 6.51087 
2027 1785.64 465.616 428.615 615.561 627.281 629.347 649.354 11.0327 
2028 1785.64 465.616 428.615 595.916 612.959 616.111 646.535 16.2694 
2029 1785.64 465.616 428.615 576.459 601.762 604.832 644.263 21.7824 
2030 1785.64 465.616 428.615 559.354 593.098 595.518 644.521 27.2294 
2031 1785.64 465.616 428.615 543.509 584.688 588.131 646.035 32.273 
2032 1785.64 465.616 428.615 530.714 578.408 582.457 649.377 36.8871 
2033 1785.64 465.616 428.615 519.609 572.66 578.105 649.009 40.8795 
2034 1785.64 465.616 428.615 510.651 568.744 574.831 650.602 44.5113 
2035 1785.64 465.616 428.615 502.603 566.156 572.382 651.999 47.7305 
2036 1785.64 465.616 428.615 495.237 565.226 570.595 654.159 50.6952 
2037 1785.64 465.616 428.615 491.587 565.546 569.162 652.957 53.3006 
Alternative 5 Alternative  Stock: Model_1_goa_pop_2023.dat
Catch Model_1_goa_pop_2023.dat
Year C0 Cabc Cofl LowCI_Catch Median_Catch Mean_Catch UpperCI_Catch Stdev_Catch 
2024  0 25.3018 27.0643 29.794 29.794 29.794 29.794 3.62377e-13 
2025  0 25.3018 27.0643 16.1515 16.1515 16.1515 16.1515 4.53472e-10 
2026  0 25.3018 27.0643 0 0 0 0 0 
2027  0 25.3018 27.0643 0 0 0 0 0 
2028  0 25.3018 27.0643 0 0 0 0 0 
2029  0 25.3018 27.0643 0 0 0 0 0 
2030  0 25.3018 27.0643 0 0 0 0 0 
2031  0 25.3018 27.0643 0 0 0 0 0 
2032  0 25.3018 27.0643 0 0 0 0 0 
2033  0 25.3018 27.0643 0 0 0 0 0 
2034  0 25.3018 27.0643 0 0 0 0 0 
2035  0 25.3018 27.0643 0 0 0 0 0 
2036  0 25.3018 27.0643 0 0 0 0 0 
2037  0 25.3018 27.0643 0 0 0 0 0 

Spawning_Biomass Model_1_goa_pop_2023.dat
Year SSB100 SSBabc SSBofl LowCI_SSB Median_SSB Mean_SSB UpperCI_SSB Stdev_SSB 
2024 343.618 137.447 120.266 234.441 234.441 234.441 234.441 8.81073e-13 
2025 343.618 137.447 120.266 230.583 230.591 230.593 230.612 0.00954066 
2026 343.618 137.447 120.266 232.746 232.784 232.791 232.863 0.0384862 
2027 343.618 137.447 120.266 239.168 239.289 239.31 239.539 0.118629 
2028 343.618 137.447 120.266 244.61 244.925 244.979 245.574 0.31083 
2029 343.618 137.447 120.266 248.533 249.292 249.413 250.795 0.724375 
2030 343.618 137.447 120.266 250.952 252.568 252.81 255.755 1.52665 
2031 343.618 137.447 120.266 252.096 255.228 255.715 261.145 2.9076 
2032 343.618 137.447 120.266 252.491 257.931 258.755 268.232 4.96156 
2033 343.618 137.447 120.266 252.654 260.763 262.238 276.366 7.55708 
2034 343.618 137.447 120.266 252.545 264.759 266.22 285.249 10.3783 
2035 343.618 137.447 120.266 252.828 268.926 270.517 294.254 13.1232 
2036 343.618 137.447 120.266 253.521 273.376 274.965 302.806 15.6173 
2037 343.618 137.447 120.266 254.303 277.457 279.388 311.481 17.7986 

Fishing_mortalityModel_1_goa_pop_2023.dat
Year F0 Fabc Fofl LowCI_F Median_F Mean_F UpperCI_F Stdev_F 
2024  0 0.0990105 0.119243 0.0713322 0.0713322 0.0713322 0.0713322 5.55112e-17 
2025  0 0.0990105 0.119243 0.039302 0.0393027 0.0393026 0.039303 3.06623e-07 
2026  0 0.0990105 0.119243 0 0 0 0 0 
2027  0 0.0990105 0.119243 0 0 0 0 0 
2028  0 0.0990105 0.119243 0 0 0 0 0 
2029  0 0.0990105 0.119243 0 0 0 0 0 
2030  0 0.0990105 0.119243 0 0 0 0 0 
2031  0 0.0990105 0.119243 0 0 0 0 0 
2032  0 0.0990105 0.119243 0 0 0 0 0 
2033  0 0.0990105 0.119243 0 0 0 0 0 
2034  0 0.0990105 0.119243 0 0 0 0 0 
2035  0 0.0990105 0.119243 0 0 0 0 0 
2036  0 0.0990105 0.119243 0 0 0 0 0 
2037  0 0.0990105 0.119243 0 0 0 0 0 

Total_BiomassModel_1_goa_pop_2023.dat
Year B100 Babc Bofl LowCI_Biom Median_Biom Mean_Biom UpperCI_Biom Stdev_Biom 
2024 1785.64 465.616 428.615 670.712 670.712 670.712 670.712 2.04636e-12 
2025 1785.64 465.616 428.615 647.344 649.856 650.615 656.326 2.97097 
2026 1785.64 465.616 428.615 636.755 643.645 644.643 656.953 6.51087 
2027 1785.64 465.616 428.615 641.422 653.153 655.216 675.239 11.0386 
2028 1785.64 465.616 428.615 645.844 662.938 666.063 696.539 16.3048 
2029 1785.64 465.616 428.615 648.494 673.942 676.994 716.723 21.903 
2030 1785.64 465.616 428.615 651.426 685.245 688.033 737.834 27.5323 
2031 1785.64 465.616 428.615 653.748 695.876 699.197 758.106 32.8938 
2032 1785.64 465.616 428.615 657.244 705.996 710.417 780.254 37.9849 
2033 1785.64 465.616 428.615 660.459 716.337 721.436 796.492 42.619 
2034 1785.64 465.616 428.615 664.23 724.994 732.203 813.045 47.037 
2035 1785.64 465.616 428.615 668.75 735.824 742.61 827.713 51.1706 
2036 1785.64 465.616 428.615 671.883 747.223 752.669 844.674 55.1275 
2037 1785.64 465.616 428.615 676.81 757.282 762.17 858.832 58.7872 
Alternative 6 Alternative  Stock: Model_1_goa_pop_2023.dat
Catch Model_1_goa_pop_2023.dat
Year C0 Cabc Cofl LowCI_Catch Median_Catch Mean_Catch UpperCI_Catch Stdev_Catch 
2024  0 25.3018 27.0643 29.794 29.794 29.794 29.794 3.62377e-13 
2025  0 25.3018 27.0643 47.5178 47.5181 47.5182 47.5189 0.00037647 
2026  0 25.3018 27.0643 44.4616 44.4685 44.4703 44.485 0.00783491 
2027  0 25.3018 27.0643 41.5612 41.6038 41.6116 41.6944 0.0436101 
2028  0 25.3018 27.0643 38.8041 38.9424 38.9673 39.2323 0.137003 
2029  0 25.3018 27.0643 36.2239 36.5456 36.5984 37.1896 0.311006 
2030  0 25.3018 27.0643 33.8025 34.436 34.5234 35.577 0.571461 
2031  0 25.3018 27.0643 31.6623 32.6295 32.789 34.4695 0.905188 
2032  0 25.3018 27.0643 29.7218 31.149 31.3818 33.7671 1.28444 
2033  0 25.3018 27.0643 27.7164 30.0497 30.2512 33.3384 1.74676 
2034  0 25.3018 27.0643 25.1186 29.2705 29.0633 33.1801 2.52667 
2035  0 25.3018 27.0643 23.2768 28.2886 28.1185 33.2003 3.14994 
2036  0 25.3018 27.0643 22.0936 27.3708 27.4779 33.1174 3.57393 
2037  0 25.3018 27.0643 21.137 26.7857 27.0958 33.0952 3.85913 

Spawning_Biomass Model_1_goa_pop_2023.dat
Year SSB100 SSBabc SSBofl LowCI_SSB Median_SSB Mean_SSB UpperCI_SSB Stdev_SSB 
2024 343.618 137.447 120.266 234.441 234.441 234.441 234.441 8.81073e-13 
2025 343.618 137.447 120.266 225.804 225.812 225.815 225.833 0.00952185 
2026 343.618 137.447 120.266 212.347 212.386 212.393 212.464 0.0384135 
2027 343.618 137.447 120.266 199.906 200.026 200.047 200.276 0.118243 
2028 343.618 137.447 120.266 188.007 188.319 188.373 188.963 0.307993 
2029 343.618 137.447 120.266 176.26 177.004 177.126 178.477 0.708977 
2030 343.618 137.447 120.266 164.827 166.385 166.616 169.451 1.46372 
2031 343.618 137.447 120.266 153.986 156.942 157.38 162.416 2.7053 
2032 343.618 137.447 120.266 144.222 149.065 149.851 158.358 4.4394 
2033 343.618 137.447 120.266 135.775 142.843 144.086 155.982 6.44674 
2034 343.618 137.447 120.266 128.829 138.597 139.905 155.019 8.33901 
2035 343.618 137.447 120.266 123.942 135.914 137.007 154.79 9.80974 
2036 343.618 137.447 120.266 120.358 133.146 135.036 154.277 10.8301 
2037 343.618 137.447 120.266 118.16 131.864 133.678 154.666 11.4892 

Fishing_mortalityModel_1_goa_pop_2023.dat
Year F0 Fabc Fofl LowCI_F Median_F Mean_F UpperCI_F Stdev_F 
2024  0 0.0990105 0.119243 0.0713322 0.0713322 0.0713322 0.0713322 5.55112e-17 
2025  0 0.0990105 0.119243 0.119243 0.119243 0.119243 0.119243 1.06398e-12 
2026  0 0.0990105 0.119243 0.119243 0.119243 0.119243 0.119243 5.27356e-16 
2027  0 0.0990105 0.119243 0.119243 0.119243 0.119243 0.119243 5.27356e-16 
2028  0 0.0990105 0.119243 0.119243 0.119243 0.119243 0.119243 5.27356e-16 
2029  0 0.0990105 0.119243 0.119243 0.119243 0.119243 0.119243 5.27356e-16 
2030  0 0.0990105 0.119243 0.119243 0.119243 0.119243 0.119243 5.27356e-16 
2031  0 0.0990105 0.119243 0.119243 0.119243 0.119243 0.119243 5.27356e-16 
2032  0 0.0990105 0.119243 0.119243 0.119243 0.119243 0.119243 5.27356e-16 
2033  0 0.0990105 0.119243 0.117717 0.119243 0.119041 0.119243 0.000679612 
2034  0 0.0990105 0.119243 0.111373 0.119243 0.117322 0.119243 0.0028052 
2035  0 0.0990105 0.119243 0.106911 0.117844 0.115438 0.119243 0.0044767 
2036  0 0.0990105 0.119243 0.103637 0.115316 0.113969 0.119243 0.0055696 
2037  0 0.0990105 0.119243 0.10163 0.114145 0.112959 0.119243 0.00628714 

Total_BiomassModel_1_goa_pop_2023.dat
Year B100 Babc Bofl LowCI_Biom Median_Biom Mean_Biom UpperCI_Biom Stdev_Biom 
2024 1785.64 465.616 428.615 670.712 670.712 670.712 670.712 2.04636e-12 
2025 1785.64 465.616 428.615 647.344 649.856 650.615 656.326 2.97097 
2026 1785.64 465.616 428.615 605.345 612.234 613.232 625.541 6.51027 
2027 1785.64 465.616 428.615 566.763 578.473 580.54 600.532 11.0267 
2028 1785.64 465.616 428.615 532.717 549.715 552.891 583.222 16.2379 
2029 1785.64 465.616 428.615 501.605 526.885 529.868 569.04 21.6778 
2030 1785.64 465.616 428.615 475.332 509.012 511.117 559.495 26.9712 
2031 1785.64 465.616 428.615 452.324 493.109 496.245 553.303 31.753 
2032 1785.64 465.616 428.615 434.314 480.238 484.663 548.613 35.988 
2033 1785.64 465.616 428.615 418.801 470.51 475.655 543.242 39.4933 
2034 1785.64 465.616 428.615 407.706 463.8 468.714 541.265 42.5089 
2035 1785.64 465.616 428.615 399.087 458.431 463.685 537.308 44.7804 
2036 1785.64 465.616 428.615 393.346 455.749 460.181 535.211 46.6432 
2037 1785.64 465.616 428.615 389.351 452.375 457.639 531.597 48.1248 
Alternative 7 Alternative  Stock: Model_1_goa_pop_2023.dat
Catch Model_1_goa_pop_2023.dat
Year C0 Cabc Cofl LowCI_Catch Median_Catch Mean_Catch UpperCI_Catch Stdev_Catch 
2024  0 25.3018 27.0643 29.794 29.794 29.794 29.794 3.62377e-13 
2025  0 25.3018 27.0643 39.762 39.7622 39.7623 39.7629 0.000312595 
2026  0 25.3018 27.0643 37.7756 37.7814 37.7829 37.7951 0.00650638 
2027  0 25.3018 27.0643 42.8129 42.8554 42.8632 42.9461 0.0436208 
2028  0 25.3018 27.0643 39.9048 40.0431 40.068 40.3331 0.137035 
2029  0 25.3018 27.0643 37.1816 37.5035 37.5561 38.1475 0.311074 
2030  0 25.3018 27.0643 34.6268 35.2605 35.3478 36.4017 0.571572 
2031  0 25.3018 27.0643 32.3651 33.3325 33.492 35.1729 0.905344 
2032  0 25.3018 27.0643 30.3155 31.7429 31.9757 34.3615 1.28463 
2033  0 25.3018 27.0643 28.539 30.5477 30.7872 33.8369 1.68832 
2034  0 25.3018 27.0643 25.8879 29.6968 29.6465 33.5956 2.36886 
2035  0 25.3018 27.0643 23.8593 28.8981 28.6246 33.5445 3.04096 
2036  0 25.3018 27.0643 22.5173 27.916 27.8938 33.4015 3.50795 
2037  0 25.3018 27.0643 21.453 27.1943 27.4268 33.3002 3.82238 

Spawning_Biomass Model_1_goa_pop_2023.dat
Year SSB100 SSBabc SSBofl LowCI_SSB Median_SSB Mean_SSB UpperCI_SSB Stdev_SSB 
2024 343.618 137.447 120.266 234.441 234.441 234.441 234.441 8.81073e-13 
2025 343.618 137.447 120.266 227.004 227.012 227.014 227.032 0.00952192 
2026 343.618 137.447 120.266 216.759 216.798 216.805 216.876 0.0384172 
2027 343.618 137.447 120.266 205.953 206.073 206.094 206.323 0.118271 
2028 343.618 137.447 120.266 193.406 193.718 193.772 194.362 0.308063 
2029 343.618 137.447 120.266 181.032 181.777 181.898 183.249 0.709131 
2030 343.618 137.447 120.266 169.005 170.564 170.794 173.63 1.46402 
2031 343.618 137.447 120.266 157.614 160.57 161.008 166.045 2.70583 
2032 343.618 137.447 120.266 147.352 152.196 152.983 161.492 4.44019 
2033 343.618 137.447 120.266 138.411 145.533 146.77 158.675 6.4559 
2034 343.618 137.447 120.266 130.929 140.903 142.169 157.328 8.3854 
2035 343.618 137.447 120.266 125.583 137.841 138.871 156.767 9.91228 
2036 343.618 137.447 120.266 121.691 134.728 136.555 155.973 10.9678 
2037 343.618 137.447 120.266 119.129 132.955 134.909 156.116 11.6419 

Fishing_mortalityModel_1_goa_pop_2023.dat
Year F0 Fabc Fofl LowCI_F Median_F Mean_F UpperCI_F Stdev_F 
2024  0 0.0990105 0.119243 0.0713322 0.0713322 0.0713322 0.0713322 5.55112e-17 
2025  0 0.0990105 0.119243 0.0990104 0.0990104 0.0990104 0.0990104 2.90643e-12 
2026  0 0.0990105 0.119243 0.0990105 0.0990105 0.0990105 0.0990105 7.07767e-16 
2027  0 0.0990105 0.119243 0.119243 0.119243 0.119243 0.119243 5.27356e-16 
2028  0 0.0990105 0.119243 0.119243 0.119243 0.119243 0.119243 5.27356e-16 
2029  0 0.0990105 0.119243 0.119243 0.119243 0.119243 0.119243 5.27356e-16 
2030  0 0.0990105 0.119243 0.119243 0.119243 0.119243 0.119243 5.27356e-16 
2031  0 0.0990105 0.119243 0.119243 0.119243 0.119243 0.119243 5.27356e-16 
2032  0 0.0990105 0.119243 0.119243 0.119243 0.119243 0.119243 5.27356e-16 
2033  0 0.0990105 0.119243 0.119243 0.119243 0.119211 0.119243 0.000230998 
2034  0 0.0990105 0.119243 0.113291 0.119243 0.118112 0.119243 0.0020786 
2035  0 0.0990105 0.119243 0.108409 0.119243 0.116288 0.119243 0.00390381 
2036  0 0.0990105 0.119243 0.104855 0.11676 0.114751 0.119243 0.00515454 
2037  0 0.0990105 0.119243 0.102515 0.115141 0.113625 0.119243 0.00598468 

Total_BiomassModel_1_goa_pop_2023.dat
Year B100 Babc Bofl LowCI_Biom Median_Biom Mean_Biom UpperCI_Biom Stdev_Biom 
2024 1785.64 465.616 428.615 670.712 670.712 670.712 670.712 2.04636e-12 
2025 1785.64 465.616 428.615 647.344 649.856 650.615 656.326 2.97097 
2026 1785.64 465.616 428.615 613.111 620 620.998 633.307 6.5104 
2027 1785.64 465.616 428.615 580.917 592.63 594.697 614.694 11.0288 
2028 1785.64 465.616 428.615 545.034 562.035 565.209 595.548 16.2404 
2029 1785.64 465.616 428.615 512.256 537.535 540.521 579.701 21.6807 
2030 1785.64 465.616 428.615 484.496 518.177 520.285 568.673 26.9741 
2031 1785.64 465.616 428.615 460.181 500.965 504.105 561.169 31.7558 
2032 1785.64 465.616 428.615 441.033 486.956 491.384 555.329 35.9905 
2033 1785.64 465.616 428.615 424.538 476.245 481.392 548.991 39.4955 
2034 1785.64 465.616 428.615 412.422 468.698 473.572 546.16 42.5551 
2035 1785.64 465.616 428.615 402.736 462.609 467.658 541.492 44.9355 
2036 1785.64 465.616 428.615 396.045 458.826 463.39 538.784 46.8542 
2037 1785.64 465.616 428.615 391.487 454.994 460.213 534.656 48.3503 
