Model_1_goa_pop_2023.dat 1 2024 Cabc 25.3018
Model_1_goa_pop_2023.dat 1 2024 Cofl 27.0643
Model_1_goa_pop_2023.dat 1 2024 CLCI 29.794
Model_1_goa_pop_2023.dat 1 2024 CUCI 29.794
Model_1_goa_pop_2023.dat 1 2024 CMedian 29.794
Model_1_goa_pop_2023.dat 1 2024 CMean 29.794
Model_1_goa_pop_2023.dat 1 2025 Cabc 25.3018
Model_1_goa_pop_2023.dat 1 2025 Cofl 27.0643
Model_1_goa_pop_2023.dat 1 2025 CLCI 16.1515
Model_1_goa_pop_2023.dat 1 2025 CUCI 16.1515
Model_1_goa_pop_2023.dat 1 2025 CMedian 16.1515
Model_1_goa_pop_2023.dat 1 2025 CMean 16.1515
Model_1_goa_pop_2023.dat 1 2026 Cabc 25.3018
Model_1_goa_pop_2023.dat 1 2026 Cofl 27.0643
Model_1_goa_pop_2023.dat 1 2026 CLCI 39.5204
Model_1_goa_pop_2023.dat 1 2026 CUCI 39.5399
Model_1_goa_pop_2023.dat 1 2026 CMedian 39.5262
Model_1_goa_pop_2023.dat 1 2026 CMean 39.5277
Model_1_goa_pop_2023.dat 1 2027 Cabc 25.3018
Model_1_goa_pop_2023.dat 1 2027 Cofl 27.0643
Model_1_goa_pop_2023.dat 1 2027 CLCI 37.3924
Model_1_goa_pop_2023.dat 1 2027 CUCI 37.5031
Model_1_goa_pop_2023.dat 1 2027 CMedian 37.4277
Model_1_goa_pop_2023.dat 1 2027 CMean 37.4343
Model_1_goa_pop_2023.dat 1 2028 Cabc 25.3018
Model_1_goa_pop_2023.dat 1 2028 Cofl 27.0643
Model_1_goa_pop_2023.dat 1 2028 CLCI 35.298
Model_1_goa_pop_2023.dat 1 2028 CUCI 35.6542
Model_1_goa_pop_2023.dat 1 2028 CMedian 35.4131
Model_1_goa_pop_2023.dat 1 2028 CMean 35.4338
Model_1_goa_pop_2023.dat 1 2029 Cabc 25.3018
Model_1_goa_pop_2023.dat 1 2029 Cofl 27.0643
Model_1_goa_pop_2023.dat 1 2029 CLCI 33.2784
Model_1_goa_pop_2023.dat 1 2029 CUCI 34.0836
Model_1_goa_pop_2023.dat 1 2029 CMedian 33.5469
Model_1_goa_pop_2023.dat 1 2029 CMean 33.5905
Model_1_goa_pop_2023.dat 1 2030 Cabc 25.3018
Model_1_goa_pop_2023.dat 1 2030 Cofl 27.0643
Model_1_goa_pop_2023.dat 1 2030 CLCI 31.3277
Model_1_goa_pop_2023.dat 1 2030 CUCI 32.8126
Model_1_goa_pop_2023.dat 1 2030 CMedian 31.8575
Model_1_goa_pop_2023.dat 1 2030 CMean 31.9303
Model_1_goa_pop_2023.dat 1 2031 Cabc 25.3018
Model_1_goa_pop_2023.dat 1 2031 Cofl 27.0643
Model_1_goa_pop_2023.dat 1 2031 CLCI 29.5584
Model_1_goa_pop_2023.dat 1 2031 CUCI 31.923
Model_1_goa_pop_2023.dat 1 2031 CMedian 30.3716
Model_1_goa_pop_2023.dat 1 2031 CMean 30.5062
Model_1_goa_pop_2023.dat 1 2032 Cabc 25.3018
Model_1_goa_pop_2023.dat 1 2032 Cofl 27.0643
Model_1_goa_pop_2023.dat 1 2032 CLCI 27.9152
Model_1_goa_pop_2023.dat 1 2032 CUCI 31.3361
Model_1_goa_pop_2023.dat 1 2032 CMedian 29.1117
Model_1_goa_pop_2023.dat 1 2032 CMean 29.3175
Model_1_goa_pop_2023.dat 1 2033 Cabc 25.3018
Model_1_goa_pop_2023.dat 1 2033 Cofl 27.0643
Model_1_goa_pop_2023.dat 1 2033 CLCI 26.4578
Model_1_goa_pop_2023.dat 1 2033 CUCI 30.9771
Model_1_goa_pop_2023.dat 1 2033 CMedian 28.1731
Model_1_goa_pop_2023.dat 1 2033 CMean 28.3743
Model_1_goa_pop_2023.dat 1 2034 Cabc 25.3018
Model_1_goa_pop_2023.dat 1 2034 Cofl 27.0643
Model_1_goa_pop_2023.dat 1 2034 CLCI 25.2525
Model_1_goa_pop_2023.dat 1 2034 CUCI 30.8385
Model_1_goa_pop_2023.dat 1 2034 CMedian 27.4651
Model_1_goa_pop_2023.dat 1 2034 CMean 27.6416
Model_1_goa_pop_2023.dat 1 2035 Cabc 25.3018
Model_1_goa_pop_2023.dat 1 2035 Cofl 27.0643
Model_1_goa_pop_2023.dat 1 2035 CLCI 24.2785
Model_1_goa_pop_2023.dat 1 2035 CUCI 30.8882
Model_1_goa_pop_2023.dat 1 2035 CMedian 26.8789
Model_1_goa_pop_2023.dat 1 2035 CMean 27.0974
Model_1_goa_pop_2023.dat 1 2036 Cabc 25.3018
Model_1_goa_pop_2023.dat 1 2036 Cofl 27.0643
Model_1_goa_pop_2023.dat 1 2036 CLCI 23.2849
Model_1_goa_pop_2023.dat 1 2036 CUCI 30.6995
Model_1_goa_pop_2023.dat 1 2036 CMedian 26.4223
Model_1_goa_pop_2023.dat 1 2036 CMean 26.6776
Model_1_goa_pop_2023.dat 1 2037 Cabc 25.3018
Model_1_goa_pop_2023.dat 1 2037 Cofl 27.0643
Model_1_goa_pop_2023.dat 1 2037 CLCI 22.0447
Model_1_goa_pop_2023.dat 1 2037 CUCI 30.6777
Model_1_goa_pop_2023.dat 1 2037 CMedian 26.0875
Model_1_goa_pop_2023.dat 1 2037 CMean 26.3554
Model_1_goa_pop_2023.dat 1 2024 SSBF100 343.618
Model_1_goa_pop_2023.dat 1 2024 SSBFabc 137.447
Model_1_goa_pop_2023.dat 1 2024 SSBFofl 120.266
Model_1_goa_pop_2023.dat 1 2024 SSBLCI 234.441
Model_1_goa_pop_2023.dat 1 2024 SSBUCI 234.441
Model_1_goa_pop_2023.dat 1 2024 SSBMedian 234.441
Model_1_goa_pop_2023.dat 1 2024 SSBMean 234.441
Model_1_goa_pop_2023.dat 1 2025 SSBF100 343.618
Model_1_goa_pop_2023.dat 1 2025 SSBFabc 137.447
Model_1_goa_pop_2023.dat 1 2025 SSBFofl 120.266
Model_1_goa_pop_2023.dat 1 2025 SSBLCI 230.583
Model_1_goa_pop_2023.dat 1 2025 SSBUCI 230.612
Model_1_goa_pop_2023.dat 1 2025 SSBMedian 230.591
Model_1_goa_pop_2023.dat 1 2025 SSBMean 230.593
Model_1_goa_pop_2023.dat 1 2026 SSBF100 343.618
Model_1_goa_pop_2023.dat 1 2026 SSBFabc 137.447
Model_1_goa_pop_2023.dat 1 2026 SSBFofl 120.266
Model_1_goa_pop_2023.dat 1 2026 SSBLCI 226.795
Model_1_goa_pop_2023.dat 1 2026 SSBUCI 226.912
Model_1_goa_pop_2023.dat 1 2026 SSBMedian 226.833
Model_1_goa_pop_2023.dat 1 2026 SSBMean 226.84
Model_1_goa_pop_2023.dat 1 2027 SSBF100 343.618
Model_1_goa_pop_2023.dat 1 2027 SSBFabc 137.447
Model_1_goa_pop_2023.dat 1 2027 SSBFofl 120.266
Model_1_goa_pop_2023.dat 1 2027 SSBLCI 216.177
Model_1_goa_pop_2023.dat 1 2027 SSBUCI 216.547
Model_1_goa_pop_2023.dat 1 2027 SSBMedian 216.297
Model_1_goa_pop_2023.dat 1 2027 SSBMean 216.318
Model_1_goa_pop_2023.dat 1 2028 SSBF100 343.618
Model_1_goa_pop_2023.dat 1 2028 SSBFabc 137.447
Model_1_goa_pop_2023.dat 1 2028 SSBFofl 120.266
Model_1_goa_pop_2023.dat 1 2028 SSBLCI 205.649
Model_1_goa_pop_2023.dat 1 2028 SSBUCI 206.606
Model_1_goa_pop_2023.dat 1 2028 SSBMedian 205.962
Model_1_goa_pop_2023.dat 1 2028 SSBMean 206.016
Model_1_goa_pop_2023.dat 1 2029 SSBF100 343.618
Model_1_goa_pop_2023.dat 1 2029 SSBFabc 137.447
Model_1_goa_pop_2023.dat 1 2029 SSBFofl 120.266
Model_1_goa_pop_2023.dat 1 2029 SSBLCI 194.857
Model_1_goa_pop_2023.dat 1 2029 SSBUCI 197.082
Model_1_goa_pop_2023.dat 1 2029 SSBMedian 195.604
Model_1_goa_pop_2023.dat 1 2029 SSBMean 195.725
Model_1_goa_pop_2023.dat 1 2030 SSBF100 343.618
Model_1_goa_pop_2023.dat 1 2030 SSBFabc 137.447
Model_1_goa_pop_2023.dat 1 2030 SSBFofl 120.266
Model_1_goa_pop_2023.dat 1 2030 SSBLCI 184.008
Model_1_goa_pop_2023.dat 1 2030 SSBUCI 188.662
Model_1_goa_pop_2023.dat 1 2030 SSBMedian 185.573
Model_1_goa_pop_2023.dat 1 2030 SSBMean 185.806
Model_1_goa_pop_2023.dat 1 2031 SSBF100 343.618
Model_1_goa_pop_2023.dat 1 2031 SSBFabc 137.447
Model_1_goa_pop_2023.dat 1 2031 SSBFofl 120.266
Model_1_goa_pop_2023.dat 1 2031 SSBLCI 173.428
Model_1_goa_pop_2023.dat 1 2031 SSBUCI 181.938
Model_1_goa_pop_2023.dat 1 2031 SSBMedian 176.419
Model_1_goa_pop_2023.dat 1 2031 SSBMean 176.859
Model_1_goa_pop_2023.dat 1 2032 SSBF100 343.618
Model_1_goa_pop_2023.dat 1 2032 SSBFabc 137.447
Model_1_goa_pop_2023.dat 1 2032 SSBFofl 120.266
Model_1_goa_pop_2023.dat 1 2032 SSBLCI 163.661
Model_1_goa_pop_2023.dat 1 2032 SSBUCI 178.099
Model_1_goa_pop_2023.dat 1 2032 SSBMedian 168.615
Model_1_goa_pop_2023.dat 1 2032 SSBMean 169.404
Model_1_goa_pop_2023.dat 1 2033 SSBF100 343.618
Model_1_goa_pop_2023.dat 1 2033 SSBFabc 137.447
Model_1_goa_pop_2023.dat 1 2033 SSBFofl 120.266
Model_1_goa_pop_2023.dat 1 2033 SSBLCI 155.024
Model_1_goa_pop_2023.dat 1 2033 SSBUCI 175.819
Model_1_goa_pop_2023.dat 1 2033 SSBMedian 162.364
Model_1_goa_pop_2023.dat 1 2033 SSBMean 163.566
Model_1_goa_pop_2023.dat 1 2034 SSBF100 343.618
Model_1_goa_pop_2023.dat 1 2034 SSBFabc 137.447
Model_1_goa_pop_2023.dat 1 2034 SSBFofl 120.266
Model_1_goa_pop_2023.dat 1 2034 SSBLCI 147.415
Model_1_goa_pop_2023.dat 1 2034 SSBUCI 174.959
Model_1_goa_pop_2023.dat 1 2034 SSBMedian 157.972
Model_1_goa_pop_2023.dat 1 2034 SSBMean 159.179
Model_1_goa_pop_2023.dat 1 2035 SSBF100 343.618
Model_1_goa_pop_2023.dat 1 2035 SSBFabc 137.447
Model_1_goa_pop_2023.dat 1 2035 SSBFofl 120.266
Model_1_goa_pop_2023.dat 1 2035 SSBLCI 141.386
Model_1_goa_pop_2023.dat 1 2035 SSBUCI 174.843
Model_1_goa_pop_2023.dat 1 2035 SSBMedian 154.864
Model_1_goa_pop_2023.dat 1 2035 SSBMean 155.896
Model_1_goa_pop_2023.dat 1 2036 SSBF100 343.618
Model_1_goa_pop_2023.dat 1 2036 SSBFabc 137.447
Model_1_goa_pop_2023.dat 1 2036 SSBFofl 120.266
Model_1_goa_pop_2023.dat 1 2036 SSBLCI 136.572
Model_1_goa_pop_2023.dat 1 2036 SSBUCI 174.686
Model_1_goa_pop_2023.dat 1 2036 SSBMedian 151.989
Model_1_goa_pop_2023.dat 1 2036 SSBMean 153.419
Model_1_goa_pop_2023.dat 1 2037 SSBF100 343.618
Model_1_goa_pop_2023.dat 1 2037 SSBFabc 137.447
Model_1_goa_pop_2023.dat 1 2037 SSBFofl 120.266
Model_1_goa_pop_2023.dat 1 2037 SSBLCI 133.09
Model_1_goa_pop_2023.dat 1 2037 SSBUCI 174.524
Model_1_goa_pop_2023.dat 1 2037 SSBMedian 149.632
Model_1_goa_pop_2023.dat 1 2037 SSBMean 151.506
Model_1_goa_pop_2023.dat 1 2024 F0 0 
Model_1_goa_pop_2023.dat 1 2024 Fabc 0.0990105
Model_1_goa_pop_2023.dat 1 2024 Fofl 0.119243
Model_1_goa_pop_2023.dat 1 2024  F_LCI 0.0713322
Model_1_goa_pop_2023.dat 1 2024  F_UCI 0.0713322
Model_1_goa_pop_2023.dat 1 2024  F_Median 0.0713322
Model_1_goa_pop_2023.dat 1 2024  F_Mean 0.0713322
Model_1_goa_pop_2023.dat 1 2025 F0 0 
Model_1_goa_pop_2023.dat 1 2025 Fabc 0.0990105
Model_1_goa_pop_2023.dat 1 2025 Fofl 0.119243
Model_1_goa_pop_2023.dat 1 2025  F_LCI 0.039302
Model_1_goa_pop_2023.dat 1 2025  F_UCI 0.039303
Model_1_goa_pop_2023.dat 1 2025  F_Median 0.0393027
Model_1_goa_pop_2023.dat 1 2025  F_Mean 0.0393026
Model_1_goa_pop_2023.dat 1 2026 F0 0 
Model_1_goa_pop_2023.dat 1 2026 Fabc 0.0990105
Model_1_goa_pop_2023.dat 1 2026 Fofl 0.119243
Model_1_goa_pop_2023.dat 1 2026  F_LCI 0.0990105
Model_1_goa_pop_2023.dat 1 2026  F_UCI 0.0990105
Model_1_goa_pop_2023.dat 1 2026  F_Median 0.0990105
Model_1_goa_pop_2023.dat 1 2026  F_Mean 0.0990105
Model_1_goa_pop_2023.dat 1 2027 F0 0 
Model_1_goa_pop_2023.dat 1 2027 Fabc 0.0990105
Model_1_goa_pop_2023.dat 1 2027 Fofl 0.119243
Model_1_goa_pop_2023.dat 1 2027  F_LCI 0.0990105
Model_1_goa_pop_2023.dat 1 2027  F_UCI 0.0990105
Model_1_goa_pop_2023.dat 1 2027  F_Median 0.0990105
Model_1_goa_pop_2023.dat 1 2027  F_Mean 0.0990105
Model_1_goa_pop_2023.dat 1 2028 F0 0 
Model_1_goa_pop_2023.dat 1 2028 Fabc 0.0990105
Model_1_goa_pop_2023.dat 1 2028 Fofl 0.119243
Model_1_goa_pop_2023.dat 1 2028  F_LCI 0.0990105
Model_1_goa_pop_2023.dat 1 2028  F_UCI 0.0990105
Model_1_goa_pop_2023.dat 1 2028  F_Median 0.0990105
Model_1_goa_pop_2023.dat 1 2028  F_Mean 0.0990105
Model_1_goa_pop_2023.dat 1 2029 F0 0 
Model_1_goa_pop_2023.dat 1 2029 Fabc 0.0990105
Model_1_goa_pop_2023.dat 1 2029 Fofl 0.119243
Model_1_goa_pop_2023.dat 1 2029  F_LCI 0.0990105
Model_1_goa_pop_2023.dat 1 2029  F_UCI 0.0990105
Model_1_goa_pop_2023.dat 1 2029  F_Median 0.0990105
Model_1_goa_pop_2023.dat 1 2029  F_Mean 0.0990105
Model_1_goa_pop_2023.dat 1 2030 F0 0 
Model_1_goa_pop_2023.dat 1 2030 Fabc 0.0990105
Model_1_goa_pop_2023.dat 1 2030 Fofl 0.119243
Model_1_goa_pop_2023.dat 1 2030  F_LCI 0.0990105
Model_1_goa_pop_2023.dat 1 2030  F_UCI 0.0990105
Model_1_goa_pop_2023.dat 1 2030  F_Median 0.0990105
Model_1_goa_pop_2023.dat 1 2030  F_Mean 0.0990105
Model_1_goa_pop_2023.dat 1 2031 F0 0 
Model_1_goa_pop_2023.dat 1 2031 Fabc 0.0990105
Model_1_goa_pop_2023.dat 1 2031 Fofl 0.119243
Model_1_goa_pop_2023.dat 1 2031  F_LCI 0.0990105
Model_1_goa_pop_2023.dat 1 2031  F_UCI 0.0990105
Model_1_goa_pop_2023.dat 1 2031  F_Median 0.0990105
Model_1_goa_pop_2023.dat 1 2031  F_Mean 0.0990105
Model_1_goa_pop_2023.dat 1 2032 F0 0 
Model_1_goa_pop_2023.dat 1 2032 Fabc 0.0990105
Model_1_goa_pop_2023.dat 1 2032 Fofl 0.119243
Model_1_goa_pop_2023.dat 1 2032  F_LCI 0.0990105
Model_1_goa_pop_2023.dat 1 2032  F_UCI 0.0990105
Model_1_goa_pop_2023.dat 1 2032  F_Median 0.0990105
Model_1_goa_pop_2023.dat 1 2032  F_Mean 0.0990105
Model_1_goa_pop_2023.dat 1 2033 F0 0 
Model_1_goa_pop_2023.dat 1 2033 Fabc 0.0990105
Model_1_goa_pop_2023.dat 1 2033 Fofl 0.119243
Model_1_goa_pop_2023.dat 1 2033  F_LCI 0.0990105
Model_1_goa_pop_2023.dat 1 2033  F_UCI 0.0990105
Model_1_goa_pop_2023.dat 1 2033  F_Median 0.0990105
Model_1_goa_pop_2023.dat 1 2033  F_Mean 0.0990105
Model_1_goa_pop_2023.dat 1 2034 F0 0 
Model_1_goa_pop_2023.dat 1 2034 Fabc 0.0990105
Model_1_goa_pop_2023.dat 1 2034 Fofl 0.119243
Model_1_goa_pop_2023.dat 1 2034  F_LCI 0.0990105
Model_1_goa_pop_2023.dat 1 2034  F_UCI 0.0990105
Model_1_goa_pop_2023.dat 1 2034  F_Median 0.0990105
Model_1_goa_pop_2023.dat 1 2034  F_Mean 0.0990105
Model_1_goa_pop_2023.dat 1 2035 F0 0 
Model_1_goa_pop_2023.dat 1 2035 Fabc 0.0990105
Model_1_goa_pop_2023.dat 1 2035 Fofl 0.119243
Model_1_goa_pop_2023.dat 1 2035  F_LCI 0.0990105
Model_1_goa_pop_2023.dat 1 2035  F_UCI 0.0990105
Model_1_goa_pop_2023.dat 1 2035  F_Median 0.0990105
Model_1_goa_pop_2023.dat 1 2035  F_Mean 0.0990004
Model_1_goa_pop_2023.dat 1 2036 F0 0 
Model_1_goa_pop_2023.dat 1 2036 Fabc 0.0990105
Model_1_goa_pop_2023.dat 1 2036 Fofl 0.119243
Model_1_goa_pop_2023.dat 1 2036  F_LCI 0.0983471
Model_1_goa_pop_2023.dat 1 2036  F_UCI 0.0990105
Model_1_goa_pop_2023.dat 1 2036  F_Median 0.0990105
Model_1_goa_pop_2023.dat 1 2036  F_Mean 0.0988642
Model_1_goa_pop_2023.dat 1 2037 F0 0 
Model_1_goa_pop_2023.dat 1 2037 Fabc 0.0990105
Model_1_goa_pop_2023.dat 1 2037 Fofl 0.119243
Model_1_goa_pop_2023.dat 1 2037  F_LCI 0.0957067
Model_1_goa_pop_2023.dat 1 2037  F_UCI 0.0990105
Model_1_goa_pop_2023.dat 1 2037  F_Median 0.0990105
Model_1_goa_pop_2023.dat 1 2037  F_Mean 0.0985733
Model_1_goa_pop_2023.dat 2 2024 Cabc 25.3018
Model_1_goa_pop_2023.dat 2 2024 Cofl 27.0643
Model_1_goa_pop_2023.dat 2 2024 CLCI 29.794
Model_1_goa_pop_2023.dat 2 2024 CUCI 29.794
Model_1_goa_pop_2023.dat 2 2024 CMedian 29.794
Model_1_goa_pop_2023.dat 2 2024 CMean 29.794
Model_1_goa_pop_2023.dat 2 2025 Cabc 25.3018
Model_1_goa_pop_2023.dat 2 2025 Cofl 27.0643
Model_1_goa_pop_2023.dat 2 2025 CLCI 16.1515
Model_1_goa_pop_2023.dat 2 2025 CUCI 16.1515
Model_1_goa_pop_2023.dat 2 2025 CMedian 16.1515
Model_1_goa_pop_2023.dat 2 2025 CMean 16.1515
Model_1_goa_pop_2023.dat 2 2026 Cabc 25.3018
Model_1_goa_pop_2023.dat 2 2026 Cofl 27.0643
Model_1_goa_pop_2023.dat 2 2026 CLCI 39.5204
Model_1_goa_pop_2023.dat 2 2026 CUCI 39.5399
Model_1_goa_pop_2023.dat 2 2026 CMedian 39.5262
Model_1_goa_pop_2023.dat 2 2026 CMean 39.5277
Model_1_goa_pop_2023.dat 2 2027 Cabc 25.3018
Model_1_goa_pop_2023.dat 2 2027 Cofl 27.0643
Model_1_goa_pop_2023.dat 2 2027 CLCI 37.3924
Model_1_goa_pop_2023.dat 2 2027 CUCI 37.5031
Model_1_goa_pop_2023.dat 2 2027 CMedian 37.4277
Model_1_goa_pop_2023.dat 2 2027 CMean 37.4343
Model_1_goa_pop_2023.dat 2 2028 Cabc 25.3018
Model_1_goa_pop_2023.dat 2 2028 Cofl 27.0643
Model_1_goa_pop_2023.dat 2 2028 CLCI 35.298
Model_1_goa_pop_2023.dat 2 2028 CUCI 35.6542
Model_1_goa_pop_2023.dat 2 2028 CMedian 35.4131
Model_1_goa_pop_2023.dat 2 2028 CMean 35.4338
Model_1_goa_pop_2023.dat 2 2029 Cabc 25.3018
Model_1_goa_pop_2023.dat 2 2029 Cofl 27.0643
Model_1_goa_pop_2023.dat 2 2029 CLCI 33.2784
Model_1_goa_pop_2023.dat 2 2029 CUCI 34.0836
Model_1_goa_pop_2023.dat 2 2029 CMedian 33.5469
Model_1_goa_pop_2023.dat 2 2029 CMean 33.5905
Model_1_goa_pop_2023.dat 2 2030 Cabc 25.3018
Model_1_goa_pop_2023.dat 2 2030 Cofl 27.0643
Model_1_goa_pop_2023.dat 2 2030 CLCI 31.3277
Model_1_goa_pop_2023.dat 2 2030 CUCI 32.8126
Model_1_goa_pop_2023.dat 2 2030 CMedian 31.8575
Model_1_goa_pop_2023.dat 2 2030 CMean 31.9303
Model_1_goa_pop_2023.dat 2 2031 Cabc 25.3018
Model_1_goa_pop_2023.dat 2 2031 Cofl 27.0643
Model_1_goa_pop_2023.dat 2 2031 CLCI 29.5584
Model_1_goa_pop_2023.dat 2 2031 CUCI 31.923
Model_1_goa_pop_2023.dat 2 2031 CMedian 30.3716
Model_1_goa_pop_2023.dat 2 2031 CMean 30.5062
Model_1_goa_pop_2023.dat 2 2032 Cabc 25.3018
Model_1_goa_pop_2023.dat 2 2032 Cofl 27.0643
Model_1_goa_pop_2023.dat 2 2032 CLCI 27.9152
Model_1_goa_pop_2023.dat 2 2032 CUCI 31.3361
Model_1_goa_pop_2023.dat 2 2032 CMedian 29.1117
Model_1_goa_pop_2023.dat 2 2032 CMean 29.3175
Model_1_goa_pop_2023.dat 2 2033 Cabc 25.3018
Model_1_goa_pop_2023.dat 2 2033 Cofl 27.0643
Model_1_goa_pop_2023.dat 2 2033 CLCI 26.4578
Model_1_goa_pop_2023.dat 2 2033 CUCI 30.9771
Model_1_goa_pop_2023.dat 2 2033 CMedian 28.1731
Model_1_goa_pop_2023.dat 2 2033 CMean 28.3743
Model_1_goa_pop_2023.dat 2 2034 Cabc 25.3018
Model_1_goa_pop_2023.dat 2 2034 Cofl 27.0643
Model_1_goa_pop_2023.dat 2 2034 CLCI 25.2525
Model_1_goa_pop_2023.dat 2 2034 CUCI 30.8385
Model_1_goa_pop_2023.dat 2 2034 CMedian 27.4651
Model_1_goa_pop_2023.dat 2 2034 CMean 27.6416
Model_1_goa_pop_2023.dat 2 2035 Cabc 25.3018
Model_1_goa_pop_2023.dat 2 2035 Cofl 27.0643
Model_1_goa_pop_2023.dat 2 2035 CLCI 24.2785
Model_1_goa_pop_2023.dat 2 2035 CUCI 30.8882
Model_1_goa_pop_2023.dat 2 2035 CMedian 26.8789
Model_1_goa_pop_2023.dat 2 2035 CMean 27.0974
Model_1_goa_pop_2023.dat 2 2036 Cabc 25.3018
Model_1_goa_pop_2023.dat 2 2036 Cofl 27.0643
Model_1_goa_pop_2023.dat 2 2036 CLCI 23.2849
Model_1_goa_pop_2023.dat 2 2036 CUCI 30.6995
Model_1_goa_pop_2023.dat 2 2036 CMedian 26.4223
Model_1_goa_pop_2023.dat 2 2036 CMean 26.6776
Model_1_goa_pop_2023.dat 2 2037 Cabc 25.3018
Model_1_goa_pop_2023.dat 2 2037 Cofl 27.0643
Model_1_goa_pop_2023.dat 2 2037 CLCI 22.0447
Model_1_goa_pop_2023.dat 2 2037 CUCI 30.6777
Model_1_goa_pop_2023.dat 2 2037 CMedian 26.0875
Model_1_goa_pop_2023.dat 2 2037 CMean 26.3554
Model_1_goa_pop_2023.dat 2 2024 SSBF100 343.618
Model_1_goa_pop_2023.dat 2 2024 SSBFabc 137.447
Model_1_goa_pop_2023.dat 2 2024 SSBFofl 120.266
Model_1_goa_pop_2023.dat 2 2024 SSBLCI 234.441
Model_1_goa_pop_2023.dat 2 2024 SSBUCI 234.441
Model_1_goa_pop_2023.dat 2 2024 SSBMedian 234.441
Model_1_goa_pop_2023.dat 2 2024 SSBMean 234.441
Model_1_goa_pop_2023.dat 2 2025 SSBF100 343.618
Model_1_goa_pop_2023.dat 2 2025 SSBFabc 137.447
Model_1_goa_pop_2023.dat 2 2025 SSBFofl 120.266
Model_1_goa_pop_2023.dat 2 2025 SSBLCI 230.583
Model_1_goa_pop_2023.dat 2 2025 SSBUCI 230.612
Model_1_goa_pop_2023.dat 2 2025 SSBMedian 230.591
Model_1_goa_pop_2023.dat 2 2025 SSBMean 230.593
Model_1_goa_pop_2023.dat 2 2026 SSBF100 343.618
Model_1_goa_pop_2023.dat 2 2026 SSBFabc 137.447
Model_1_goa_pop_2023.dat 2 2026 SSBFofl 120.266
Model_1_goa_pop_2023.dat 2 2026 SSBLCI 226.795
Model_1_goa_pop_2023.dat 2 2026 SSBUCI 226.912
Model_1_goa_pop_2023.dat 2 2026 SSBMedian 226.833
Model_1_goa_pop_2023.dat 2 2026 SSBMean 226.84
Model_1_goa_pop_2023.dat 2 2027 SSBF100 343.618
Model_1_goa_pop_2023.dat 2 2027 SSBFabc 137.447
Model_1_goa_pop_2023.dat 2 2027 SSBFofl 120.266
Model_1_goa_pop_2023.dat 2 2027 SSBLCI 216.177
Model_1_goa_pop_2023.dat 2 2027 SSBUCI 216.547
Model_1_goa_pop_2023.dat 2 2027 SSBMedian 216.297
Model_1_goa_pop_2023.dat 2 2027 SSBMean 216.318
Model_1_goa_pop_2023.dat 2 2028 SSBF100 343.618
Model_1_goa_pop_2023.dat 2 2028 SSBFabc 137.447
Model_1_goa_pop_2023.dat 2 2028 SSBFofl 120.266
Model_1_goa_pop_2023.dat 2 2028 SSBLCI 205.649
Model_1_goa_pop_2023.dat 2 2028 SSBUCI 206.606
Model_1_goa_pop_2023.dat 2 2028 SSBMedian 205.962
Model_1_goa_pop_2023.dat 2 2028 SSBMean 206.016
Model_1_goa_pop_2023.dat 2 2029 SSBF100 343.618
Model_1_goa_pop_2023.dat 2 2029 SSBFabc 137.447
Model_1_goa_pop_2023.dat 2 2029 SSBFofl 120.266
Model_1_goa_pop_2023.dat 2 2029 SSBLCI 194.857
Model_1_goa_pop_2023.dat 2 2029 SSBUCI 197.082
Model_1_goa_pop_2023.dat 2 2029 SSBMedian 195.604
Model_1_goa_pop_2023.dat 2 2029 SSBMean 195.725
Model_1_goa_pop_2023.dat 2 2030 SSBF100 343.618
Model_1_goa_pop_2023.dat 2 2030 SSBFabc 137.447
Model_1_goa_pop_2023.dat 2 2030 SSBFofl 120.266
Model_1_goa_pop_2023.dat 2 2030 SSBLCI 184.008
Model_1_goa_pop_2023.dat 2 2030 SSBUCI 188.662
Model_1_goa_pop_2023.dat 2 2030 SSBMedian 185.573
Model_1_goa_pop_2023.dat 2 2030 SSBMean 185.806
Model_1_goa_pop_2023.dat 2 2031 SSBF100 343.618
Model_1_goa_pop_2023.dat 2 2031 SSBFabc 137.447
Model_1_goa_pop_2023.dat 2 2031 SSBFofl 120.266
Model_1_goa_pop_2023.dat 2 2031 SSBLCI 173.428
Model_1_goa_pop_2023.dat 2 2031 SSBUCI 181.938
Model_1_goa_pop_2023.dat 2 2031 SSBMedian 176.419
Model_1_goa_pop_2023.dat 2 2031 SSBMean 176.859
Model_1_goa_pop_2023.dat 2 2032 SSBF100 343.618
Model_1_goa_pop_2023.dat 2 2032 SSBFabc 137.447
Model_1_goa_pop_2023.dat 2 2032 SSBFofl 120.266
Model_1_goa_pop_2023.dat 2 2032 SSBLCI 163.661
Model_1_goa_pop_2023.dat 2 2032 SSBUCI 178.099
Model_1_goa_pop_2023.dat 2 2032 SSBMedian 168.615
Model_1_goa_pop_2023.dat 2 2032 SSBMean 169.404
Model_1_goa_pop_2023.dat 2 2033 SSBF100 343.618
Model_1_goa_pop_2023.dat 2 2033 SSBFabc 137.447
Model_1_goa_pop_2023.dat 2 2033 SSBFofl 120.266
Model_1_goa_pop_2023.dat 2 2033 SSBLCI 155.024
Model_1_goa_pop_2023.dat 2 2033 SSBUCI 175.819
Model_1_goa_pop_2023.dat 2 2033 SSBMedian 162.364
Model_1_goa_pop_2023.dat 2 2033 SSBMean 163.566
Model_1_goa_pop_2023.dat 2 2034 SSBF100 343.618
Model_1_goa_pop_2023.dat 2 2034 SSBFabc 137.447
Model_1_goa_pop_2023.dat 2 2034 SSBFofl 120.266
Model_1_goa_pop_2023.dat 2 2034 SSBLCI 147.415
Model_1_goa_pop_2023.dat 2 2034 SSBUCI 174.959
Model_1_goa_pop_2023.dat 2 2034 SSBMedian 157.972
Model_1_goa_pop_2023.dat 2 2034 SSBMean 159.179
Model_1_goa_pop_2023.dat 2 2035 SSBF100 343.618
Model_1_goa_pop_2023.dat 2 2035 SSBFabc 137.447
Model_1_goa_pop_2023.dat 2 2035 SSBFofl 120.266
Model_1_goa_pop_2023.dat 2 2035 SSBLCI 141.386
Model_1_goa_pop_2023.dat 2 2035 SSBUCI 174.843
Model_1_goa_pop_2023.dat 2 2035 SSBMedian 154.864
Model_1_goa_pop_2023.dat 2 2035 SSBMean 155.896
Model_1_goa_pop_2023.dat 2 2036 SSBF100 343.618
Model_1_goa_pop_2023.dat 2 2036 SSBFabc 137.447
Model_1_goa_pop_2023.dat 2 2036 SSBFofl 120.266
Model_1_goa_pop_2023.dat 2 2036 SSBLCI 136.572
Model_1_goa_pop_2023.dat 2 2036 SSBUCI 174.686
Model_1_goa_pop_2023.dat 2 2036 SSBMedian 151.989
Model_1_goa_pop_2023.dat 2 2036 SSBMean 153.419
Model_1_goa_pop_2023.dat 2 2037 SSBF100 343.618
Model_1_goa_pop_2023.dat 2 2037 SSBFabc 137.447
Model_1_goa_pop_2023.dat 2 2037 SSBFofl 120.266
Model_1_goa_pop_2023.dat 2 2037 SSBLCI 133.09
Model_1_goa_pop_2023.dat 2 2037 SSBUCI 174.524
Model_1_goa_pop_2023.dat 2 2037 SSBMedian 149.632
Model_1_goa_pop_2023.dat 2 2037 SSBMean 151.506
Model_1_goa_pop_2023.dat 2 2024 F0 0 
Model_1_goa_pop_2023.dat 2 2024 Fabc 0.0990105
Model_1_goa_pop_2023.dat 2 2024 Fofl 0.119243
Model_1_goa_pop_2023.dat 2 2024  F_LCI 0.0713322
Model_1_goa_pop_2023.dat 2 2024  F_UCI 0.0713322
Model_1_goa_pop_2023.dat 2 2024  F_Median 0.0713322
Model_1_goa_pop_2023.dat 2 2024  F_Mean 0.0713322
Model_1_goa_pop_2023.dat 2 2025 F0 0 
Model_1_goa_pop_2023.dat 2 2025 Fabc 0.0990105
Model_1_goa_pop_2023.dat 2 2025 Fofl 0.119243
Model_1_goa_pop_2023.dat 2 2025  F_LCI 0.039302
Model_1_goa_pop_2023.dat 2 2025  F_UCI 0.039303
Model_1_goa_pop_2023.dat 2 2025  F_Median 0.0393027
Model_1_goa_pop_2023.dat 2 2025  F_Mean 0.0393026
Model_1_goa_pop_2023.dat 2 2026 F0 0 
Model_1_goa_pop_2023.dat 2 2026 Fabc 0.0990105
Model_1_goa_pop_2023.dat 2 2026 Fofl 0.119243
Model_1_goa_pop_2023.dat 2 2026  F_LCI 0.0990105
Model_1_goa_pop_2023.dat 2 2026  F_UCI 0.0990105
Model_1_goa_pop_2023.dat 2 2026  F_Median 0.0990105
Model_1_goa_pop_2023.dat 2 2026  F_Mean 0.0990105
Model_1_goa_pop_2023.dat 2 2027 F0 0 
Model_1_goa_pop_2023.dat 2 2027 Fabc 0.0990105
Model_1_goa_pop_2023.dat 2 2027 Fofl 0.119243
Model_1_goa_pop_2023.dat 2 2027  F_LCI 0.0990105
Model_1_goa_pop_2023.dat 2 2027  F_UCI 0.0990105
Model_1_goa_pop_2023.dat 2 2027  F_Median 0.0990105
Model_1_goa_pop_2023.dat 2 2027  F_Mean 0.0990105
Model_1_goa_pop_2023.dat 2 2028 F0 0 
Model_1_goa_pop_2023.dat 2 2028 Fabc 0.0990105
Model_1_goa_pop_2023.dat 2 2028 Fofl 0.119243
Model_1_goa_pop_2023.dat 2 2028  F_LCI 0.0990105
Model_1_goa_pop_2023.dat 2 2028  F_UCI 0.0990105
Model_1_goa_pop_2023.dat 2 2028  F_Median 0.0990105
Model_1_goa_pop_2023.dat 2 2028  F_Mean 0.0990105
Model_1_goa_pop_2023.dat 2 2029 F0 0 
Model_1_goa_pop_2023.dat 2 2029 Fabc 0.0990105
Model_1_goa_pop_2023.dat 2 2029 Fofl 0.119243
Model_1_goa_pop_2023.dat 2 2029  F_LCI 0.0990105
Model_1_goa_pop_2023.dat 2 2029  F_UCI 0.0990105
Model_1_goa_pop_2023.dat 2 2029  F_Median 0.0990105
Model_1_goa_pop_2023.dat 2 2029  F_Mean 0.0990105
Model_1_goa_pop_2023.dat 2 2030 F0 0 
Model_1_goa_pop_2023.dat 2 2030 Fabc 0.0990105
Model_1_goa_pop_2023.dat 2 2030 Fofl 0.119243
Model_1_goa_pop_2023.dat 2 2030  F_LCI 0.0990105
Model_1_goa_pop_2023.dat 2 2030  F_UCI 0.0990105
Model_1_goa_pop_2023.dat 2 2030  F_Median 0.0990105
Model_1_goa_pop_2023.dat 2 2030  F_Mean 0.0990105
Model_1_goa_pop_2023.dat 2 2031 F0 0 
Model_1_goa_pop_2023.dat 2 2031 Fabc 0.0990105
Model_1_goa_pop_2023.dat 2 2031 Fofl 0.119243
Model_1_goa_pop_2023.dat 2 2031  F_LCI 0.0990105
Model_1_goa_pop_2023.dat 2 2031  F_UCI 0.0990105
Model_1_goa_pop_2023.dat 2 2031  F_Median 0.0990105
Model_1_goa_pop_2023.dat 2 2031  F_Mean 0.0990105
Model_1_goa_pop_2023.dat 2 2032 F0 0 
Model_1_goa_pop_2023.dat 2 2032 Fabc 0.0990105
Model_1_goa_pop_2023.dat 2 2032 Fofl 0.119243
Model_1_goa_pop_2023.dat 2 2032  F_LCI 0.0990105
Model_1_goa_pop_2023.dat 2 2032  F_UCI 0.0990105
Model_1_goa_pop_2023.dat 2 2032  F_Median 0.0990105
Model_1_goa_pop_2023.dat 2 2032  F_Mean 0.0990105
Model_1_goa_pop_2023.dat 2 2033 F0 0 
Model_1_goa_pop_2023.dat 2 2033 Fabc 0.0990105
Model_1_goa_pop_2023.dat 2 2033 Fofl 0.119243
Model_1_goa_pop_2023.dat 2 2033  F_LCI 0.0990105
Model_1_goa_pop_2023.dat 2 2033  F_UCI 0.0990105
Model_1_goa_pop_2023.dat 2 2033  F_Median 0.0990105
Model_1_goa_pop_2023.dat 2 2033  F_Mean 0.0990105
Model_1_goa_pop_2023.dat 2 2034 F0 0 
Model_1_goa_pop_2023.dat 2 2034 Fabc 0.0990105
Model_1_goa_pop_2023.dat 2 2034 Fofl 0.119243
Model_1_goa_pop_2023.dat 2 2034  F_LCI 0.0990105
Model_1_goa_pop_2023.dat 2 2034  F_UCI 0.0990105
Model_1_goa_pop_2023.dat 2 2034  F_Median 0.0990105
Model_1_goa_pop_2023.dat 2 2034  F_Mean 0.0990105
Model_1_goa_pop_2023.dat 2 2035 F0 0 
Model_1_goa_pop_2023.dat 2 2035 Fabc 0.0990105
Model_1_goa_pop_2023.dat 2 2035 Fofl 0.119243
Model_1_goa_pop_2023.dat 2 2035  F_LCI 0.0990105
Model_1_goa_pop_2023.dat 2 2035  F_UCI 0.0990105
Model_1_goa_pop_2023.dat 2 2035  F_Median 0.0990105
Model_1_goa_pop_2023.dat 2 2035  F_Mean 0.0990004
Model_1_goa_pop_2023.dat 2 2036 F0 0 
Model_1_goa_pop_2023.dat 2 2036 Fabc 0.0990105
Model_1_goa_pop_2023.dat 2 2036 Fofl 0.119243
Model_1_goa_pop_2023.dat 2 2036  F_LCI 0.0983471
Model_1_goa_pop_2023.dat 2 2036  F_UCI 0.0990105
Model_1_goa_pop_2023.dat 2 2036  F_Median 0.0990105
Model_1_goa_pop_2023.dat 2 2036  F_Mean 0.0988642
Model_1_goa_pop_2023.dat 2 2037 F0 0 
Model_1_goa_pop_2023.dat 2 2037 Fabc 0.0990105
Model_1_goa_pop_2023.dat 2 2037 Fofl 0.119243
Model_1_goa_pop_2023.dat 2 2037  F_LCI 0.0957067
Model_1_goa_pop_2023.dat 2 2037  F_UCI 0.0990105
Model_1_goa_pop_2023.dat 2 2037  F_Median 0.0990105
Model_1_goa_pop_2023.dat 2 2037  F_Mean 0.0985733
Model_1_goa_pop_2023.dat 3 2024 Cabc 25.3018
Model_1_goa_pop_2023.dat 3 2024 Cofl 27.0643
Model_1_goa_pop_2023.dat 3 2024 CLCI 29.794
Model_1_goa_pop_2023.dat 3 2024 CUCI 29.794
Model_1_goa_pop_2023.dat 3 2024 CMedian 29.794
Model_1_goa_pop_2023.dat 3 2024 CMean 29.794
Model_1_goa_pop_2023.dat 3 2025 Cabc 25.3018
Model_1_goa_pop_2023.dat 3 2025 Cofl 27.0643
Model_1_goa_pop_2023.dat 3 2025 CLCI 16.1515
Model_1_goa_pop_2023.dat 3 2025 CUCI 16.1515
Model_1_goa_pop_2023.dat 3 2025 CMedian 16.1515
Model_1_goa_pop_2023.dat 3 2025 CMean 16.1515
Model_1_goa_pop_2023.dat 3 2026 Cabc 25.3018
Model_1_goa_pop_2023.dat 3 2026 Cofl 27.0643
Model_1_goa_pop_2023.dat 3 2026 CLCI 20.1414
Model_1_goa_pop_2023.dat 3 2026 CUCI 20.1511
Model_1_goa_pop_2023.dat 3 2026 CMedian 20.1442
Model_1_goa_pop_2023.dat 3 2026 CMean 20.145
Model_1_goa_pop_2023.dat 3 2027 Cabc 25.3018
Model_1_goa_pop_2023.dat 3 2027 Cofl 27.0643
Model_1_goa_pop_2023.dat 3 2027 CLCI 19.7878
Model_1_goa_pop_2023.dat 3 2027 CUCI 19.8432
Model_1_goa_pop_2023.dat 3 2027 CMedian 19.8055
Model_1_goa_pop_2023.dat 3 2027 CMean 19.8088
Model_1_goa_pop_2023.dat 3 2028 Cabc 25.3018
Model_1_goa_pop_2023.dat 3 2028 Cofl 27.0643
Model_1_goa_pop_2023.dat 3 2028 CLCI 19.3651
Model_1_goa_pop_2023.dat 3 2028 CUCI 19.544
Model_1_goa_pop_2023.dat 3 2028 CMedian 19.4229
Model_1_goa_pop_2023.dat 3 2028 CMean 19.4333
Model_1_goa_pop_2023.dat 3 2029 Cabc 25.3018
Model_1_goa_pop_2023.dat 3 2029 Cofl 27.0643
Model_1_goa_pop_2023.dat 3 2029 CLCI 18.8937
Model_1_goa_pop_2023.dat 3 2029 CUCI 19.3004
Model_1_goa_pop_2023.dat 3 2029 CMedian 19.0294
Model_1_goa_pop_2023.dat 3 2029 CMean 19.0512
Model_1_goa_pop_2023.dat 3 2030 Cabc 25.3018
Model_1_goa_pop_2023.dat 3 2030 Cofl 27.0643
Model_1_goa_pop_2023.dat 3 2030 CLCI 18.3693
Model_1_goa_pop_2023.dat 3 2030 CUCI 19.1266
Model_1_goa_pop_2023.dat 3 2030 CMedian 18.6387
Model_1_goa_pop_2023.dat 3 2030 CMean 18.6764
Model_1_goa_pop_2023.dat 3 2031 Cabc 25.3018
Model_1_goa_pop_2023.dat 3 2031 Cofl 27.0643
Model_1_goa_pop_2023.dat 3 2031 CLCI 17.8516
Model_1_goa_pop_2023.dat 3 2031 CUCI 19.0765
Model_1_goa_pop_2023.dat 3 2031 CMedian 18.2722
Model_1_goa_pop_2023.dat 3 2031 CMean 18.3413
Model_1_goa_pop_2023.dat 3 2032 Cabc 25.3018
Model_1_goa_pop_2023.dat 3 2032 Cofl 27.0643
Model_1_goa_pop_2023.dat 3 2032 CLCI 17.3205
Model_1_goa_pop_2023.dat 3 2032 CUCI 19.1092
Model_1_goa_pop_2023.dat 3 2032 CMedian 17.9421
Model_1_goa_pop_2023.dat 3 2032 CMean 18.0519
Model_1_goa_pop_2023.dat 3 2033 Cabc 25.3018
Model_1_goa_pop_2023.dat 3 2033 Cofl 27.0643
Model_1_goa_pop_2023.dat 3 2033 CLCI 16.8121
Model_1_goa_pop_2023.dat 3 2033 CUCI 19.2196
Model_1_goa_pop_2023.dat 3 2033 CMedian 17.7241
Model_1_goa_pop_2023.dat 3 2033 CMean 17.825
Model_1_goa_pop_2023.dat 3 2034 Cabc 25.3018
Model_1_goa_pop_2023.dat 3 2034 Cofl 27.0643
Model_1_goa_pop_2023.dat 3 2034 CLCI 16.3723
Model_1_goa_pop_2023.dat 3 2034 CUCI 19.3735
Model_1_goa_pop_2023.dat 3 2034 CMedian 17.5636
Model_1_goa_pop_2023.dat 3 2034 CMean 17.6523
Model_1_goa_pop_2023.dat 3 2035 Cabc 25.3018
Model_1_goa_pop_2023.dat 3 2035 Cofl 27.0643
Model_1_goa_pop_2023.dat 3 2035 CLCI 15.9802
Model_1_goa_pop_2023.dat 3 2035 CUCI 19.5853
Model_1_goa_pop_2023.dat 3 2035 CMedian 17.42
Model_1_goa_pop_2023.dat 3 2035 CMean 17.5371
Model_1_goa_pop_2023.dat 3 2036 Cabc 25.3018
Model_1_goa_pop_2023.dat 3 2036 Cofl 27.0643
Model_1_goa_pop_2023.dat 3 2036 CLCI 15.6163
Model_1_goa_pop_2023.dat 3 2036 CUCI 19.8605
Model_1_goa_pop_2023.dat 3 2036 CMedian 17.3313
Model_1_goa_pop_2023.dat 3 2036 CMean 17.4695
Model_1_goa_pop_2023.dat 3 2037 Cabc 25.3018
Model_1_goa_pop_2023.dat 3 2037 Cofl 27.0643
Model_1_goa_pop_2023.dat 3 2037 CLCI 15.376
Model_1_goa_pop_2023.dat 3 2037 CUCI 19.9371
Model_1_goa_pop_2023.dat 3 2037 CMedian 17.2516
Model_1_goa_pop_2023.dat 3 2037 CMean 17.4496
Model_1_goa_pop_2023.dat 3 2024 SSBF100 343.618
Model_1_goa_pop_2023.dat 3 2024 SSBFabc 137.447
Model_1_goa_pop_2023.dat 3 2024 SSBFofl 120.266
Model_1_goa_pop_2023.dat 3 2024 SSBLCI 234.441
Model_1_goa_pop_2023.dat 3 2024 SSBUCI 234.441
Model_1_goa_pop_2023.dat 3 2024 SSBMedian 234.441
Model_1_goa_pop_2023.dat 3 2024 SSBMean 234.441
Model_1_goa_pop_2023.dat 3 2025 SSBF100 343.618
Model_1_goa_pop_2023.dat 3 2025 SSBFabc 137.447
Model_1_goa_pop_2023.dat 3 2025 SSBFofl 120.266
Model_1_goa_pop_2023.dat 3 2025 SSBLCI 230.583
Model_1_goa_pop_2023.dat 3 2025 SSBUCI 230.612
Model_1_goa_pop_2023.dat 3 2025 SSBMedian 230.591
Model_1_goa_pop_2023.dat 3 2025 SSBMean 230.593
Model_1_goa_pop_2023.dat 3 2026 SSBF100 343.618
Model_1_goa_pop_2023.dat 3 2026 SSBFabc 137.447
Model_1_goa_pop_2023.dat 3 2026 SSBFofl 120.266
Model_1_goa_pop_2023.dat 3 2026 SSBLCI 229.75
Model_1_goa_pop_2023.dat 3 2026 SSBUCI 229.867
Model_1_goa_pop_2023.dat 3 2026 SSBMedian 229.788
Model_1_goa_pop_2023.dat 3 2026 SSBMean 229.795
Model_1_goa_pop_2023.dat 3 2027 SSBF100 343.618
Model_1_goa_pop_2023.dat 3 2027 SSBFabc 137.447
Model_1_goa_pop_2023.dat 3 2027 SSBFofl 120.266
Model_1_goa_pop_2023.dat 3 2027 SSBLCI 227.361
Model_1_goa_pop_2023.dat 3 2027 SSBUCI 227.731
Model_1_goa_pop_2023.dat 3 2027 SSBMedian 227.481
Model_1_goa_pop_2023.dat 3 2027 SSBMean 227.502
Model_1_goa_pop_2023.dat 3 2028 SSBF100 343.618
Model_1_goa_pop_2023.dat 3 2028 SSBFabc 137.447
Model_1_goa_pop_2023.dat 3 2028 SSBFofl 120.266
Model_1_goa_pop_2023.dat 3 2028 SSBLCI 224.217
Model_1_goa_pop_2023.dat 3 2028 SSBUCI 225.177
Model_1_goa_pop_2023.dat 3 2028 SSBMedian 224.53
Model_1_goa_pop_2023.dat 3 2028 SSBMean 224.584
Model_1_goa_pop_2023.dat 3 2029 SSBF100 343.618
Model_1_goa_pop_2023.dat 3 2029 SSBFabc 137.447
Model_1_goa_pop_2023.dat 3 2029 SSBFofl 120.266
Model_1_goa_pop_2023.dat 3 2029 SSBLCI 219.92
Model_1_goa_pop_2023.dat 3 2029 SSBUCI 222.163
Model_1_goa_pop_2023.dat 3 2029 SSBMedian 220.673
Model_1_goa_pop_2023.dat 3 2029 SSBMean 220.794
Model_1_goa_pop_2023.dat 3 2030 SSBF100 343.618
Model_1_goa_pop_2023.dat 3 2030 SSBFabc 137.447
Model_1_goa_pop_2023.dat 3 2030 SSBFofl 120.266
Model_1_goa_pop_2023.dat 3 2030 SSBLCI 214.637
Model_1_goa_pop_2023.dat 3 2030 SSBUCI 219.345
Model_1_goa_pop_2023.dat 3 2030 SSBMedian 216.228
Model_1_goa_pop_2023.dat 3 2030 SSBMean 216.463
Model_1_goa_pop_2023.dat 3 2031 SSBF100 343.618
Model_1_goa_pop_2023.dat 3 2031 SSBFabc 137.447
Model_1_goa_pop_2023.dat 3 2031 SSBFofl 120.266
Model_1_goa_pop_2023.dat 3 2031 SSBLCI 208.696
Model_1_goa_pop_2023.dat 3 2031 SSBUCI 217.455
Model_1_goa_pop_2023.dat 3 2031 SSBMedian 211.76
Model_1_goa_pop_2023.dat 3 2031 SSBMean 212.219
Model_1_goa_pop_2023.dat 3 2032 SSBF100 343.618
Model_1_goa_pop_2023.dat 3 2032 SSBFabc 137.447
Model_1_goa_pop_2023.dat 3 2032 SSBFofl 120.266
Model_1_goa_pop_2023.dat 3 2032 SSBLCI 202.692
Model_1_goa_pop_2023.dat 3 2032 SSBUCI 217.83
Model_1_goa_pop_2023.dat 3 2032 SSBMedian 207.883
Model_1_goa_pop_2023.dat 3 2032 SSBMean 208.688
Model_1_goa_pop_2023.dat 3 2033 SSBF100 343.618
Model_1_goa_pop_2023.dat 3 2033 SSBFabc 137.447
Model_1_goa_pop_2023.dat 3 2033 SSBFofl 120.266
Model_1_goa_pop_2023.dat 3 2033 SSBLCI 197.11
Model_1_goa_pop_2023.dat 3 2033 SSBUCI 219.282
Model_1_goa_pop_2023.dat 3 2033 SSBMedian 204.816
Model_1_goa_pop_2023.dat 3 2033 SSBMean 206.132
Model_1_goa_pop_2023.dat 3 2034 SSBF100 343.618
Model_1_goa_pop_2023.dat 3 2034 SSBFabc 137.447
Model_1_goa_pop_2023.dat 3 2034 SSBFofl 120.266
Model_1_goa_pop_2023.dat 3 2034 SSBLCI 191.807
Model_1_goa_pop_2023.dat 3 2034 SSBUCI 221.844
Model_1_goa_pop_2023.dat 3 2034 SSBMedian 203.261
Model_1_goa_pop_2023.dat 3 2034 SSBMean 204.526
Model_1_goa_pop_2023.dat 3 2035 SSBF100 343.618
Model_1_goa_pop_2023.dat 3 2035 SSBFabc 137.447
Model_1_goa_pop_2023.dat 3 2035 SSBFofl 120.266
Model_1_goa_pop_2023.dat 3 2035 SSBLCI 187.832
Model_1_goa_pop_2023.dat 3 2035 SSBUCI 224.879
Model_1_goa_pop_2023.dat 3 2035 SSBMedian 202.422
Model_1_goa_pop_2023.dat 3 2035 SSBMean 203.633
Model_1_goa_pop_2023.dat 3 2036 SSBF100 343.618
Model_1_goa_pop_2023.dat 3 2036 SSBFabc 137.447
Model_1_goa_pop_2023.dat 3 2036 SSBFofl 120.266
Model_1_goa_pop_2023.dat 3 2036 SSBLCI 184.37
Model_1_goa_pop_2023.dat 3 2036 SSBUCI 227.95
Model_1_goa_pop_2023.dat 3 2036 SSBMedian 201.635
Model_1_goa_pop_2023.dat 3 2036 SSBMean 203.234
Model_1_goa_pop_2023.dat 3 2037 SSBF100 343.618
Model_1_goa_pop_2023.dat 3 2037 SSBFabc 137.447
Model_1_goa_pop_2023.dat 3 2037 SSBFofl 120.266
Model_1_goa_pop_2023.dat 3 2037 SSBLCI 181.954
Model_1_goa_pop_2023.dat 3 2037 SSBUCI 230.144
Model_1_goa_pop_2023.dat 3 2037 SSBMedian 201.363
Model_1_goa_pop_2023.dat 3 2037 SSBMean 203.129
Model_1_goa_pop_2023.dat 3 2024 F0 0 
Model_1_goa_pop_2023.dat 3 2024 Fabc 0.0990105
Model_1_goa_pop_2023.dat 3 2024 Fofl 0.119243
Model_1_goa_pop_2023.dat 3 2024  F_LCI 0.0713322
Model_1_goa_pop_2023.dat 3 2024  F_UCI 0.0713322
Model_1_goa_pop_2023.dat 3 2024  F_Median 0.0713322
Model_1_goa_pop_2023.dat 3 2024  F_Mean 0.0713322
Model_1_goa_pop_2023.dat 3 2025 F0 0 
Model_1_goa_pop_2023.dat 3 2025 Fabc 0.0990105
Model_1_goa_pop_2023.dat 3 2025 Fofl 0.119243
Model_1_goa_pop_2023.dat 3 2025  F_LCI 0.039302
Model_1_goa_pop_2023.dat 3 2025  F_UCI 0.039303
Model_1_goa_pop_2023.dat 3 2025  F_Median 0.0393027
Model_1_goa_pop_2023.dat 3 2025  F_Mean 0.0393026
Model_1_goa_pop_2023.dat 3 2026 F0 0 
Model_1_goa_pop_2023.dat 3 2026 Fabc 0.0990105
Model_1_goa_pop_2023.dat 3 2026 Fofl 0.119243
Model_1_goa_pop_2023.dat 3 2026  F_LCI 0.0495053
Model_1_goa_pop_2023.dat 3 2026  F_UCI 0.0495053
Model_1_goa_pop_2023.dat 3 2026  F_Median 0.0495053
Model_1_goa_pop_2023.dat 3 2026  F_Mean 0.0495053
Model_1_goa_pop_2023.dat 3 2027 F0 0 
Model_1_goa_pop_2023.dat 3 2027 Fabc 0.0990105
Model_1_goa_pop_2023.dat 3 2027 Fofl 0.119243
Model_1_goa_pop_2023.dat 3 2027  F_LCI 0.0495053
Model_1_goa_pop_2023.dat 3 2027  F_UCI 0.0495053
Model_1_goa_pop_2023.dat 3 2027  F_Median 0.0495053
Model_1_goa_pop_2023.dat 3 2027  F_Mean 0.0495053
Model_1_goa_pop_2023.dat 3 2028 F0 0 
Model_1_goa_pop_2023.dat 3 2028 Fabc 0.0990105
Model_1_goa_pop_2023.dat 3 2028 Fofl 0.119243
Model_1_goa_pop_2023.dat 3 2028  F_LCI 0.0495053
Model_1_goa_pop_2023.dat 3 2028  F_UCI 0.0495053
Model_1_goa_pop_2023.dat 3 2028  F_Median 0.0495053
Model_1_goa_pop_2023.dat 3 2028  F_Mean 0.0495053
Model_1_goa_pop_2023.dat 3 2029 F0 0 
Model_1_goa_pop_2023.dat 3 2029 Fabc 0.0990105
Model_1_goa_pop_2023.dat 3 2029 Fofl 0.119243
Model_1_goa_pop_2023.dat 3 2029  F_LCI 0.0495053
Model_1_goa_pop_2023.dat 3 2029  F_UCI 0.0495053
Model_1_goa_pop_2023.dat 3 2029  F_Median 0.0495053
Model_1_goa_pop_2023.dat 3 2029  F_Mean 0.0495053
Model_1_goa_pop_2023.dat 3 2030 F0 0 
Model_1_goa_pop_2023.dat 3 2030 Fabc 0.0990105
Model_1_goa_pop_2023.dat 3 2030 Fofl 0.119243
Model_1_goa_pop_2023.dat 3 2030  F_LCI 0.0495053
Model_1_goa_pop_2023.dat 3 2030  F_UCI 0.0495053
Model_1_goa_pop_2023.dat 3 2030  F_Median 0.0495053
Model_1_goa_pop_2023.dat 3 2030  F_Mean 0.0495053
Model_1_goa_pop_2023.dat 3 2031 F0 0 
Model_1_goa_pop_2023.dat 3 2031 Fabc 0.0990105
Model_1_goa_pop_2023.dat 3 2031 Fofl 0.119243
Model_1_goa_pop_2023.dat 3 2031  F_LCI 0.0495053
Model_1_goa_pop_2023.dat 3 2031  F_UCI 0.0495053
Model_1_goa_pop_2023.dat 3 2031  F_Median 0.0495053
Model_1_goa_pop_2023.dat 3 2031  F_Mean 0.0495053
Model_1_goa_pop_2023.dat 3 2032 F0 0 
Model_1_goa_pop_2023.dat 3 2032 Fabc 0.0990105
Model_1_goa_pop_2023.dat 3 2032 Fofl 0.119243
Model_1_goa_pop_2023.dat 3 2032  F_LCI 0.0495053
Model_1_goa_pop_2023.dat 3 2032  F_UCI 0.0495053
Model_1_goa_pop_2023.dat 3 2032  F_Median 0.0495053
Model_1_goa_pop_2023.dat 3 2032  F_Mean 0.0495053
Model_1_goa_pop_2023.dat 3 2033 F0 0 
Model_1_goa_pop_2023.dat 3 2033 Fabc 0.0990105
Model_1_goa_pop_2023.dat 3 2033 Fofl 0.119243
Model_1_goa_pop_2023.dat 3 2033  F_LCI 0.0495053
Model_1_goa_pop_2023.dat 3 2033  F_UCI 0.0495053
Model_1_goa_pop_2023.dat 3 2033  F_Median 0.0495053
Model_1_goa_pop_2023.dat 3 2033  F_Mean 0.0495053
Model_1_goa_pop_2023.dat 3 2034 F0 0 
Model_1_goa_pop_2023.dat 3 2034 Fabc 0.0990105
Model_1_goa_pop_2023.dat 3 2034 Fofl 0.119243
Model_1_goa_pop_2023.dat 3 2034  F_LCI 0.0495053
Model_1_goa_pop_2023.dat 3 2034  F_UCI 0.0495053
Model_1_goa_pop_2023.dat 3 2034  F_Median 0.0495053
Model_1_goa_pop_2023.dat 3 2034  F_Mean 0.0495053
Model_1_goa_pop_2023.dat 3 2035 F0 0 
Model_1_goa_pop_2023.dat 3 2035 Fabc 0.0990105
Model_1_goa_pop_2023.dat 3 2035 Fofl 0.119243
Model_1_goa_pop_2023.dat 3 2035  F_LCI 0.0495053
Model_1_goa_pop_2023.dat 3 2035  F_UCI 0.0495053
Model_1_goa_pop_2023.dat 3 2035  F_Median 0.0495053
Model_1_goa_pop_2023.dat 3 2035  F_Mean 0.0495053
Model_1_goa_pop_2023.dat 3 2036 F0 0 
Model_1_goa_pop_2023.dat 3 2036 Fabc 0.0990105
Model_1_goa_pop_2023.dat 3 2036 Fofl 0.119243
Model_1_goa_pop_2023.dat 3 2036  F_LCI 0.0495053
Model_1_goa_pop_2023.dat 3 2036  F_UCI 0.0495053
Model_1_goa_pop_2023.dat 3 2036  F_Median 0.0495053
Model_1_goa_pop_2023.dat 3 2036  F_Mean 0.0495053
Model_1_goa_pop_2023.dat 3 2037 F0 0 
Model_1_goa_pop_2023.dat 3 2037 Fabc 0.0990105
Model_1_goa_pop_2023.dat 3 2037 Fofl 0.119243
Model_1_goa_pop_2023.dat 3 2037  F_LCI 0.0495053
Model_1_goa_pop_2023.dat 3 2037  F_UCI 0.0495053
Model_1_goa_pop_2023.dat 3 2037  F_Median 0.0495053
Model_1_goa_pop_2023.dat 3 2037  F_Mean 0.0495053
Model_1_goa_pop_2023.dat 4 2024 Cabc 25.3018
Model_1_goa_pop_2023.dat 4 2024 Cofl 27.0643
Model_1_goa_pop_2023.dat 4 2024 CLCI 29.794
Model_1_goa_pop_2023.dat 4 2024 CUCI 29.794
Model_1_goa_pop_2023.dat 4 2024 CMedian 29.794
Model_1_goa_pop_2023.dat 4 2024 CMean 29.794
Model_1_goa_pop_2023.dat 4 2025 Cabc 25.3018
Model_1_goa_pop_2023.dat 4 2025 Cofl 27.0643
Model_1_goa_pop_2023.dat 4 2025 CLCI 16.1515
Model_1_goa_pop_2023.dat 4 2025 CUCI 16.1515
Model_1_goa_pop_2023.dat 4 2025 CMedian 16.1515
Model_1_goa_pop_2023.dat 4 2025 CMean 16.1515
Model_1_goa_pop_2023.dat 4 2026 Cabc 25.3018
Model_1_goa_pop_2023.dat 4 2026 Cofl 27.0643
Model_1_goa_pop_2023.dat 4 2026 CLCI 25.8458
Model_1_goa_pop_2023.dat 4 2026 CUCI 25.8584
Model_1_goa_pop_2023.dat 4 2026 CMedian 25.8495
Model_1_goa_pop_2023.dat 4 2026 CMean 25.8505
Model_1_goa_pop_2023.dat 4 2027 Cabc 25.3018
Model_1_goa_pop_2023.dat 4 2027 Cofl 27.0643
Model_1_goa_pop_2023.dat 4 2027 CLCI 25.1154
Model_1_goa_pop_2023.dat 4 2027 CUCI 25.1869
Model_1_goa_pop_2023.dat 4 2027 CMedian 25.1383
Model_1_goa_pop_2023.dat 4 2027 CMean 25.1425
Model_1_goa_pop_2023.dat 4 2028 Cabc 25.3018
Model_1_goa_pop_2023.dat 4 2028 Cofl 27.0643
Model_1_goa_pop_2023.dat 4 2028 CLCI 24.3217
Model_1_goa_pop_2023.dat 4 2028 CUCI 24.5522
Model_1_goa_pop_2023.dat 4 2028 CMedian 24.3961
Model_1_goa_pop_2023.dat 4 2028 CMean 24.4095
Model_1_goa_pop_2023.dat 4 2029 Cabc 25.3018
Model_1_goa_pop_2023.dat 4 2029 Cofl 27.0643
Model_1_goa_pop_2023.dat 4 2029 CLCI 23.4924
Model_1_goa_pop_2023.dat 4 2029 CUCI 24.0157
Model_1_goa_pop_2023.dat 4 2029 CMedian 23.667
Model_1_goa_pop_2023.dat 4 2029 CMean 23.6951
Model_1_goa_pop_2023.dat 4 2030 Cabc 25.3018
Model_1_goa_pop_2023.dat 4 2030 Cofl 27.0643
Model_1_goa_pop_2023.dat 4 2030 CLCI 22.6244
Model_1_goa_pop_2023.dat 4 2030 CUCI 23.596
Model_1_goa_pop_2023.dat 4 2030 CMedian 22.9698
Model_1_goa_pop_2023.dat 4 2030 CMean 23.0184
Model_1_goa_pop_2023.dat 4 2031 Cabc 25.3018
Model_1_goa_pop_2023.dat 4 2031 Cofl 27.0643
Model_1_goa_pop_2023.dat 4 2031 CLCI 21.7946
Model_1_goa_pop_2023.dat 4 2031 CUCI 23.359
Model_1_goa_pop_2023.dat 4 2031 CMedian 22.3303
Model_1_goa_pop_2023.dat 4 2031 CMean 22.4205
Model_1_goa_pop_2023.dat 4 2032 Cabc 25.3018
Model_1_goa_pop_2023.dat 4 2032 Cofl 27.0643
Model_1_goa_pop_2023.dat 4 2032 CLCI 20.9758
Model_1_goa_pop_2023.dat 4 2032 CUCI 23.2541
Model_1_goa_pop_2023.dat 4 2032 CMedian 21.7676
Model_1_goa_pop_2023.dat 4 2032 CMean 21.9081
Model_1_goa_pop_2023.dat 4 2033 Cabc 25.3018
Model_1_goa_pop_2023.dat 4 2033 Cofl 27.0643
Model_1_goa_pop_2023.dat 4 2033 CLCI 20.2148
Model_1_goa_pop_2023.dat 4 2033 CUCI 23.263
Model_1_goa_pop_2023.dat 4 2033 CMedian 21.3688
Model_1_goa_pop_2023.dat 4 2033 CMean 21.4994
Model_1_goa_pop_2023.dat 4 2034 Cabc 25.3018
Model_1_goa_pop_2023.dat 4 2034 Cofl 27.0643
Model_1_goa_pop_2023.dat 4 2034 CLCI 19.5624
Model_1_goa_pop_2023.dat 4 2034 CUCI 23.3449
Model_1_goa_pop_2023.dat 4 2034 CMedian 21.0645
Model_1_goa_pop_2023.dat 4 2034 CMean 21.1812
Model_1_goa_pop_2023.dat 4 2035 Cabc 25.3018
Model_1_goa_pop_2023.dat 4 2035 Cofl 27.0643
Model_1_goa_pop_2023.dat 4 2035 CLCI 18.9985
Model_1_goa_pop_2023.dat 4 2035 CUCI 23.5394
Model_1_goa_pop_2023.dat 4 2035 CMedian 20.8044
Model_1_goa_pop_2023.dat 4 2035 CMean 20.9531
Model_1_goa_pop_2023.dat 4 2036 Cabc 25.3018
Model_1_goa_pop_2023.dat 4 2036 Cofl 27.0643
Model_1_goa_pop_2023.dat 4 2036 CLCI 18.4944
Model_1_goa_pop_2023.dat 4 2036 CUCI 23.7259
Model_1_goa_pop_2023.dat 4 2036 CMedian 20.6348
Model_1_goa_pop_2023.dat 4 2036 CMean 20.799
Model_1_goa_pop_2023.dat 4 2037 Cabc 25.3018
Model_1_goa_pop_2023.dat 4 2037 Cofl 27.0643
Model_1_goa_pop_2023.dat 4 2037 CLCI 18.1383
Model_1_goa_pop_2023.dat 4 2037 CUCI 23.774
Model_1_goa_pop_2023.dat 4 2037 CMedian 20.4756
Model_1_goa_pop_2023.dat 4 2037 CMean 20.7146
Model_1_goa_pop_2023.dat 4 2024 SSBF100 343.618
Model_1_goa_pop_2023.dat 4 2024 SSBFabc 137.447
Model_1_goa_pop_2023.dat 4 2024 SSBFofl 120.266
Model_1_goa_pop_2023.dat 4 2024 SSBLCI 234.441
Model_1_goa_pop_2023.dat 4 2024 SSBUCI 234.441
Model_1_goa_pop_2023.dat 4 2024 SSBMedian 234.441
Model_1_goa_pop_2023.dat 4 2024 SSBMean 234.441
Model_1_goa_pop_2023.dat 4 2025 SSBF100 343.618
Model_1_goa_pop_2023.dat 4 2025 SSBFabc 137.447
Model_1_goa_pop_2023.dat 4 2025 SSBFofl 120.266
Model_1_goa_pop_2023.dat 4 2025 SSBLCI 230.583
Model_1_goa_pop_2023.dat 4 2025 SSBUCI 230.612
Model_1_goa_pop_2023.dat 4 2025 SSBMedian 230.591
Model_1_goa_pop_2023.dat 4 2025 SSBMean 230.593
Model_1_goa_pop_2023.dat 4 2026 SSBF100 343.618
Model_1_goa_pop_2023.dat 4 2026 SSBFabc 137.447
Model_1_goa_pop_2023.dat 4 2026 SSBFofl 120.266
Model_1_goa_pop_2023.dat 4 2026 SSBLCI 228.887
Model_1_goa_pop_2023.dat 4 2026 SSBUCI 229.004
Model_1_goa_pop_2023.dat 4 2026 SSBMedian 228.926
Model_1_goa_pop_2023.dat 4 2026 SSBMean 228.933
Model_1_goa_pop_2023.dat 4 2027 SSBF100 343.618
Model_1_goa_pop_2023.dat 4 2027 SSBFabc 137.447
Model_1_goa_pop_2023.dat 4 2027 SSBFofl 120.266
Model_1_goa_pop_2023.dat 4 2027 SSBLCI 224.051
Model_1_goa_pop_2023.dat 4 2027 SSBUCI 224.421
Model_1_goa_pop_2023.dat 4 2027 SSBMedian 224.171
Model_1_goa_pop_2023.dat 4 2027 SSBMean 224.192
Model_1_goa_pop_2023.dat 4 2028 SSBF100 343.618
Model_1_goa_pop_2023.dat 4 2028 SSBFabc 137.447
Model_1_goa_pop_2023.dat 4 2028 SSBFofl 120.266
Model_1_goa_pop_2023.dat 4 2028 SSBLCI 218.645
Model_1_goa_pop_2023.dat 4 2028 SSBUCI 219.604
Model_1_goa_pop_2023.dat 4 2028 SSBMedian 218.958
Model_1_goa_pop_2023.dat 4 2028 SSBMean 219.012
Model_1_goa_pop_2023.dat 4 2029 SSBF100 343.618
Model_1_goa_pop_2023.dat 4 2029 SSBFabc 137.447
Model_1_goa_pop_2023.dat 4 2029 SSBFofl 120.266
Model_1_goa_pop_2023.dat 4 2029 SSBLCI 212.298
Model_1_goa_pop_2023.dat 4 2029 SSBUCI 214.536
Model_1_goa_pop_2023.dat 4 2029 SSBMedian 213.05
Model_1_goa_pop_2023.dat 4 2029 SSBMean 213.17
Model_1_goa_pop_2023.dat 4 2030 SSBF100 343.618
Model_1_goa_pop_2023.dat 4 2030 SSBFabc 137.447
Model_1_goa_pop_2023.dat 4 2030 SSBFofl 120.266
Model_1_goa_pop_2023.dat 4 2030 SSBLCI 205.201
Model_1_goa_pop_2023.dat 4 2030 SSBUCI 209.892
Model_1_goa_pop_2023.dat 4 2030 SSBMedian 206.783
Model_1_goa_pop_2023.dat 4 2030 SSBMean 207.019
Model_1_goa_pop_2023.dat 4 2031 SSBF100 343.618
Model_1_goa_pop_2023.dat 4 2031 SSBFabc 137.447
Model_1_goa_pop_2023.dat 4 2031 SSBFofl 120.266
Model_1_goa_pop_2023.dat 4 2031 SSBLCI 197.695
Model_1_goa_pop_2023.dat 4 2031 SSBUCI 206.371
Model_1_goa_pop_2023.dat 4 2031 SSBMedian 200.733
Model_1_goa_pop_2023.dat 4 2031 SSBMean 201.191
Model_1_goa_pop_2023.dat 4 2032 SSBF100 343.618
Model_1_goa_pop_2023.dat 4 2032 SSBFabc 137.447
Model_1_goa_pop_2023.dat 4 2032 SSBFofl 120.266
Model_1_goa_pop_2023.dat 4 2032 SSBLCI 190.362
Model_1_goa_pop_2023.dat 4 2032 SSBUCI 205.323
Model_1_goa_pop_2023.dat 4 2032 SSBMedian 195.497
Model_1_goa_pop_2023.dat 4 2032 SSBMean 196.291
Model_1_goa_pop_2023.dat 4 2033 SSBF100 343.618
Model_1_goa_pop_2023.dat 4 2033 SSBFabc 137.447
Model_1_goa_pop_2023.dat 4 2033 SSBFofl 120.266
Model_1_goa_pop_2023.dat 4 2033 SSBLCI 183.665
Model_1_goa_pop_2023.dat 4 2033 SSBUCI 205.434
Model_1_goa_pop_2023.dat 4 2033 SSBMedian 191.267
Model_1_goa_pop_2023.dat 4 2033 SSBMean 192.549
Model_1_goa_pop_2023.dat 4 2034 SSBF100 343.618
Model_1_goa_pop_2023.dat 4 2034 SSBFabc 137.447
Model_1_goa_pop_2023.dat 4 2034 SSBFofl 120.266
Model_1_goa_pop_2023.dat 4 2034 SSBLCI 177.471
Model_1_goa_pop_2023.dat 4 2034 SSBUCI 206.762
Model_1_goa_pop_2023.dat 4 2034 SSBMedian 188.67
Model_1_goa_pop_2023.dat 4 2034 SSBMean 189.907
Model_1_goa_pop_2023.dat 4 2035 SSBF100 343.618
Model_1_goa_pop_2023.dat 4 2035 SSBFabc 137.447
Model_1_goa_pop_2023.dat 4 2035 SSBFofl 120.266
Model_1_goa_pop_2023.dat 4 2035 SSBLCI 172.663
Model_1_goa_pop_2023.dat 4 2035 SSBUCI 208.696
Model_1_goa_pop_2023.dat 4 2035 SSBMedian 186.863
Model_1_goa_pop_2023.dat 4 2035 SSBMean 188.099
Model_1_goa_pop_2023.dat 4 2036 SSBF100 343.618
Model_1_goa_pop_2023.dat 4 2036 SSBFabc 137.447
Model_1_goa_pop_2023.dat 4 2036 SSBFofl 120.266
Model_1_goa_pop_2023.dat 4 2036 SSBLCI 168.705
Model_1_goa_pop_2023.dat 4 2036 SSBUCI 210.805
Model_1_goa_pop_2023.dat 4 2036 SSBMedian 185.305
Model_1_goa_pop_2023.dat 4 2036 SSBMean 186.884
Model_1_goa_pop_2023.dat 4 2037 SSBF100 343.618
Model_1_goa_pop_2023.dat 4 2037 SSBFabc 137.447
Model_1_goa_pop_2023.dat 4 2037 SSBFofl 120.266
Model_1_goa_pop_2023.dat 4 2037 SSBLCI 165.614
Model_1_goa_pop_2023.dat 4 2037 SSBUCI 212.23
Model_1_goa_pop_2023.dat 4 2037 SSBMedian 184.162
Model_1_goa_pop_2023.dat 4 2037 SSBMean 186.046
Model_1_goa_pop_2023.dat 4 2024 F0 0 
Model_1_goa_pop_2023.dat 4 2024 Fabc 0.0990105
Model_1_goa_pop_2023.dat 4 2024 Fofl 0.119243
Model_1_goa_pop_2023.dat 4 2024  F_LCI 0.0713322
Model_1_goa_pop_2023.dat 4 2024  F_UCI 0.0713322
Model_1_goa_pop_2023.dat 4 2024  F_Median 0.0713322
Model_1_goa_pop_2023.dat 4 2024  F_Mean 0.0713322
Model_1_goa_pop_2023.dat 4 2025 F0 0 
Model_1_goa_pop_2023.dat 4 2025 Fabc 0.0990105
Model_1_goa_pop_2023.dat 4 2025 Fofl 0.119243
Model_1_goa_pop_2023.dat 4 2025  F_LCI 0.039302
Model_1_goa_pop_2023.dat 4 2025  F_UCI 0.039303
Model_1_goa_pop_2023.dat 4 2025  F_Median 0.0393027
Model_1_goa_pop_2023.dat 4 2025  F_Mean 0.0393026
Model_1_goa_pop_2023.dat 4 2026 F0 0 
Model_1_goa_pop_2023.dat 4 2026 Fabc 0.0990105
Model_1_goa_pop_2023.dat 4 2026 Fofl 0.119243
Model_1_goa_pop_2023.dat 4 2026  F_LCI 0.0638806
Model_1_goa_pop_2023.dat 4 2026  F_UCI 0.0638806
Model_1_goa_pop_2023.dat 4 2026  F_Median 0.0638806
Model_1_goa_pop_2023.dat 4 2026  F_Mean 0.0638806
Model_1_goa_pop_2023.dat 4 2027 F0 0 
Model_1_goa_pop_2023.dat 4 2027 Fabc 0.0990105
Model_1_goa_pop_2023.dat 4 2027 Fofl 0.119243
Model_1_goa_pop_2023.dat 4 2027  F_LCI 0.0638806
Model_1_goa_pop_2023.dat 4 2027  F_UCI 0.0638806
Model_1_goa_pop_2023.dat 4 2027  F_Median 0.0638806
Model_1_goa_pop_2023.dat 4 2027  F_Mean 0.0638806
Model_1_goa_pop_2023.dat 4 2028 F0 0 
Model_1_goa_pop_2023.dat 4 2028 Fabc 0.0990105
Model_1_goa_pop_2023.dat 4 2028 Fofl 0.119243
Model_1_goa_pop_2023.dat 4 2028  F_LCI 0.0638806
Model_1_goa_pop_2023.dat 4 2028  F_UCI 0.0638806
Model_1_goa_pop_2023.dat 4 2028  F_Median 0.0638806
Model_1_goa_pop_2023.dat 4 2028  F_Mean 0.0638806
Model_1_goa_pop_2023.dat 4 2029 F0 0 
Model_1_goa_pop_2023.dat 4 2029 Fabc 0.0990105
Model_1_goa_pop_2023.dat 4 2029 Fofl 0.119243
Model_1_goa_pop_2023.dat 4 2029  F_LCI 0.0638806
Model_1_goa_pop_2023.dat 4 2029  F_UCI 0.0638806
Model_1_goa_pop_2023.dat 4 2029  F_Median 0.0638806
Model_1_goa_pop_2023.dat 4 2029  F_Mean 0.0638806
Model_1_goa_pop_2023.dat 4 2030 F0 0 
Model_1_goa_pop_2023.dat 4 2030 Fabc 0.0990105
Model_1_goa_pop_2023.dat 4 2030 Fofl 0.119243
Model_1_goa_pop_2023.dat 4 2030  F_LCI 0.0638806
Model_1_goa_pop_2023.dat 4 2030  F_UCI 0.0638806
Model_1_goa_pop_2023.dat 4 2030  F_Median 0.0638806
Model_1_goa_pop_2023.dat 4 2030  F_Mean 0.0638806
Model_1_goa_pop_2023.dat 4 2031 F0 0 
Model_1_goa_pop_2023.dat 4 2031 Fabc 0.0990105
Model_1_goa_pop_2023.dat 4 2031 Fofl 0.119243
Model_1_goa_pop_2023.dat 4 2031  F_LCI 0.0638806
Model_1_goa_pop_2023.dat 4 2031  F_UCI 0.0638806
Model_1_goa_pop_2023.dat 4 2031  F_Median 0.0638806
Model_1_goa_pop_2023.dat 4 2031  F_Mean 0.0638806
Model_1_goa_pop_2023.dat 4 2032 F0 0 
Model_1_goa_pop_2023.dat 4 2032 Fabc 0.0990105
Model_1_goa_pop_2023.dat 4 2032 Fofl 0.119243
Model_1_goa_pop_2023.dat 4 2032  F_LCI 0.0638806
Model_1_goa_pop_2023.dat 4 2032  F_UCI 0.0638806
Model_1_goa_pop_2023.dat 4 2032  F_Median 0.0638806
Model_1_goa_pop_2023.dat 4 2032  F_Mean 0.0638806
Model_1_goa_pop_2023.dat 4 2033 F0 0 
Model_1_goa_pop_2023.dat 4 2033 Fabc 0.0990105
Model_1_goa_pop_2023.dat 4 2033 Fofl 0.119243
Model_1_goa_pop_2023.dat 4 2033  F_LCI 0.0638806
Model_1_goa_pop_2023.dat 4 2033  F_UCI 0.0638806
Model_1_goa_pop_2023.dat 4 2033  F_Median 0.0638806
Model_1_goa_pop_2023.dat 4 2033  F_Mean 0.0638806
Model_1_goa_pop_2023.dat 4 2034 F0 0 
Model_1_goa_pop_2023.dat 4 2034 Fabc 0.0990105
Model_1_goa_pop_2023.dat 4 2034 Fofl 0.119243
Model_1_goa_pop_2023.dat 4 2034  F_LCI 0.0638806
Model_1_goa_pop_2023.dat 4 2034  F_UCI 0.0638806
Model_1_goa_pop_2023.dat 4 2034  F_Median 0.0638806
Model_1_goa_pop_2023.dat 4 2034  F_Mean 0.0638806
Model_1_goa_pop_2023.dat 4 2035 F0 0 
Model_1_goa_pop_2023.dat 4 2035 Fabc 0.0990105
Model_1_goa_pop_2023.dat 4 2035 Fofl 0.119243
Model_1_goa_pop_2023.dat 4 2035  F_LCI 0.0638806
Model_1_goa_pop_2023.dat 4 2035  F_UCI 0.0638806
Model_1_goa_pop_2023.dat 4 2035  F_Median 0.0638806
Model_1_goa_pop_2023.dat 4 2035  F_Mean 0.0638806
Model_1_goa_pop_2023.dat 4 2036 F0 0 
Model_1_goa_pop_2023.dat 4 2036 Fabc 0.0990105
Model_1_goa_pop_2023.dat 4 2036 Fofl 0.119243
Model_1_goa_pop_2023.dat 4 2036  F_LCI 0.0638806
Model_1_goa_pop_2023.dat 4 2036  F_UCI 0.0638806
Model_1_goa_pop_2023.dat 4 2036  F_Median 0.0638806
Model_1_goa_pop_2023.dat 4 2036  F_Mean 0.0638806
Model_1_goa_pop_2023.dat 4 2037 F0 0 
Model_1_goa_pop_2023.dat 4 2037 Fabc 0.0990105
Model_1_goa_pop_2023.dat 4 2037 Fofl 0.119243
Model_1_goa_pop_2023.dat 4 2037  F_LCI 0.0638806
Model_1_goa_pop_2023.dat 4 2037  F_UCI 0.0638806
Model_1_goa_pop_2023.dat 4 2037  F_Median 0.0638806
Model_1_goa_pop_2023.dat 4 2037  F_Mean 0.0638806
Model_1_goa_pop_2023.dat 5 2024 Cabc 25.3018
Model_1_goa_pop_2023.dat 5 2024 Cofl 27.0643
Model_1_goa_pop_2023.dat 5 2024 CLCI 29.794
Model_1_goa_pop_2023.dat 5 2024 CUCI 29.794
Model_1_goa_pop_2023.dat 5 2024 CMedian 29.794
Model_1_goa_pop_2023.dat 5 2024 CMean 29.794
Model_1_goa_pop_2023.dat 5 2025 Cabc 25.3018
Model_1_goa_pop_2023.dat 5 2025 Cofl 27.0643
Model_1_goa_pop_2023.dat 5 2025 CLCI 16.1515
Model_1_goa_pop_2023.dat 5 2025 CUCI 16.1515
Model_1_goa_pop_2023.dat 5 2025 CMedian 16.1515
Model_1_goa_pop_2023.dat 5 2025 CMean 16.1515
Model_1_goa_pop_2023.dat 5 2026 Cabc 25.3018
Model_1_goa_pop_2023.dat 5 2026 Cofl 27.0643
Model_1_goa_pop_2023.dat 5 2026 CLCI 0
Model_1_goa_pop_2023.dat 5 2026 CUCI 0
Model_1_goa_pop_2023.dat 5 2026 CMedian 0
Model_1_goa_pop_2023.dat 5 2026 CMean 0
Model_1_goa_pop_2023.dat 5 2027 Cabc 25.3018
Model_1_goa_pop_2023.dat 5 2027 Cofl 27.0643
Model_1_goa_pop_2023.dat 5 2027 CLCI 0
Model_1_goa_pop_2023.dat 5 2027 CUCI 0
Model_1_goa_pop_2023.dat 5 2027 CMedian 0
Model_1_goa_pop_2023.dat 5 2027 CMean 0
Model_1_goa_pop_2023.dat 5 2028 Cabc 25.3018
Model_1_goa_pop_2023.dat 5 2028 Cofl 27.0643
Model_1_goa_pop_2023.dat 5 2028 CLCI 0
Model_1_goa_pop_2023.dat 5 2028 CUCI 0
Model_1_goa_pop_2023.dat 5 2028 CMedian 0
Model_1_goa_pop_2023.dat 5 2028 CMean 0
Model_1_goa_pop_2023.dat 5 2029 Cabc 25.3018
Model_1_goa_pop_2023.dat 5 2029 Cofl 27.0643
Model_1_goa_pop_2023.dat 5 2029 CLCI 0
Model_1_goa_pop_2023.dat 5 2029 CUCI 0
Model_1_goa_pop_2023.dat 5 2029 CMedian 0
Model_1_goa_pop_2023.dat 5 2029 CMean 0
Model_1_goa_pop_2023.dat 5 2030 Cabc 25.3018
Model_1_goa_pop_2023.dat 5 2030 Cofl 27.0643
Model_1_goa_pop_2023.dat 5 2030 CLCI 0
Model_1_goa_pop_2023.dat 5 2030 CUCI 0
Model_1_goa_pop_2023.dat 5 2030 CMedian 0
Model_1_goa_pop_2023.dat 5 2030 CMean 0
Model_1_goa_pop_2023.dat 5 2031 Cabc 25.3018
Model_1_goa_pop_2023.dat 5 2031 Cofl 27.0643
Model_1_goa_pop_2023.dat 5 2031 CLCI 0
Model_1_goa_pop_2023.dat 5 2031 CUCI 0
Model_1_goa_pop_2023.dat 5 2031 CMedian 0
Model_1_goa_pop_2023.dat 5 2031 CMean 0
Model_1_goa_pop_2023.dat 5 2032 Cabc 25.3018
Model_1_goa_pop_2023.dat 5 2032 Cofl 27.0643
Model_1_goa_pop_2023.dat 5 2032 CLCI 0
Model_1_goa_pop_2023.dat 5 2032 CUCI 0
Model_1_goa_pop_2023.dat 5 2032 CMedian 0
Model_1_goa_pop_2023.dat 5 2032 CMean 0
Model_1_goa_pop_2023.dat 5 2033 Cabc 25.3018
Model_1_goa_pop_2023.dat 5 2033 Cofl 27.0643
Model_1_goa_pop_2023.dat 5 2033 CLCI 0
Model_1_goa_pop_2023.dat 5 2033 CUCI 0
Model_1_goa_pop_2023.dat 5 2033 CMedian 0
Model_1_goa_pop_2023.dat 5 2033 CMean 0
Model_1_goa_pop_2023.dat 5 2034 Cabc 25.3018
Model_1_goa_pop_2023.dat 5 2034 Cofl 27.0643
Model_1_goa_pop_2023.dat 5 2034 CLCI 0
Model_1_goa_pop_2023.dat 5 2034 CUCI 0
Model_1_goa_pop_2023.dat 5 2034 CMedian 0
Model_1_goa_pop_2023.dat 5 2034 CMean 0
Model_1_goa_pop_2023.dat 5 2035 Cabc 25.3018
Model_1_goa_pop_2023.dat 5 2035 Cofl 27.0643
Model_1_goa_pop_2023.dat 5 2035 CLCI 0
Model_1_goa_pop_2023.dat 5 2035 CUCI 0
Model_1_goa_pop_2023.dat 5 2035 CMedian 0
Model_1_goa_pop_2023.dat 5 2035 CMean 0
Model_1_goa_pop_2023.dat 5 2036 Cabc 25.3018
Model_1_goa_pop_2023.dat 5 2036 Cofl 27.0643
Model_1_goa_pop_2023.dat 5 2036 CLCI 0
Model_1_goa_pop_2023.dat 5 2036 CUCI 0
Model_1_goa_pop_2023.dat 5 2036 CMedian 0
Model_1_goa_pop_2023.dat 5 2036 CMean 0
Model_1_goa_pop_2023.dat 5 2037 Cabc 25.3018
Model_1_goa_pop_2023.dat 5 2037 Cofl 27.0643
Model_1_goa_pop_2023.dat 5 2037 CLCI 0
Model_1_goa_pop_2023.dat 5 2037 CUCI 0
Model_1_goa_pop_2023.dat 5 2037 CMedian 0
Model_1_goa_pop_2023.dat 5 2037 CMean 0
Model_1_goa_pop_2023.dat 5 2024 SSBF100 343.618
Model_1_goa_pop_2023.dat 5 2024 SSBFabc 137.447
Model_1_goa_pop_2023.dat 5 2024 SSBFofl 120.266
Model_1_goa_pop_2023.dat 5 2024 SSBLCI 234.441
Model_1_goa_pop_2023.dat 5 2024 SSBUCI 234.441
Model_1_goa_pop_2023.dat 5 2024 SSBMedian 234.441
Model_1_goa_pop_2023.dat 5 2024 SSBMean 234.441
Model_1_goa_pop_2023.dat 5 2025 SSBF100 343.618
Model_1_goa_pop_2023.dat 5 2025 SSBFabc 137.447
Model_1_goa_pop_2023.dat 5 2025 SSBFofl 120.266
Model_1_goa_pop_2023.dat 5 2025 SSBLCI 230.583
Model_1_goa_pop_2023.dat 5 2025 SSBUCI 230.612
Model_1_goa_pop_2023.dat 5 2025 SSBMedian 230.591
Model_1_goa_pop_2023.dat 5 2025 SSBMean 230.593
Model_1_goa_pop_2023.dat 5 2026 SSBF100 343.618
Model_1_goa_pop_2023.dat 5 2026 SSBFabc 137.447
Model_1_goa_pop_2023.dat 5 2026 SSBFofl 120.266
Model_1_goa_pop_2023.dat 5 2026 SSBLCI 232.746
Model_1_goa_pop_2023.dat 5 2026 SSBUCI 232.863
Model_1_goa_pop_2023.dat 5 2026 SSBMedian 232.784
Model_1_goa_pop_2023.dat 5 2026 SSBMean 232.791
Model_1_goa_pop_2023.dat 5 2027 SSBF100 343.618
Model_1_goa_pop_2023.dat 5 2027 SSBFabc 137.447
Model_1_goa_pop_2023.dat 5 2027 SSBFofl 120.266
Model_1_goa_pop_2023.dat 5 2027 SSBLCI 239.168
Model_1_goa_pop_2023.dat 5 2027 SSBUCI 239.539
Model_1_goa_pop_2023.dat 5 2027 SSBMedian 239.289
Model_1_goa_pop_2023.dat 5 2027 SSBMean 239.31
Model_1_goa_pop_2023.dat 5 2028 SSBF100 343.618
Model_1_goa_pop_2023.dat 5 2028 SSBFabc 137.447
Model_1_goa_pop_2023.dat 5 2028 SSBFofl 120.266
Model_1_goa_pop_2023.dat 5 2028 SSBLCI 244.61
Model_1_goa_pop_2023.dat 5 2028 SSBUCI 245.574
Model_1_goa_pop_2023.dat 5 2028 SSBMedian 244.925
Model_1_goa_pop_2023.dat 5 2028 SSBMean 244.979
Model_1_goa_pop_2023.dat 5 2029 SSBF100 343.618
Model_1_goa_pop_2023.dat 5 2029 SSBFabc 137.447
Model_1_goa_pop_2023.dat 5 2029 SSBFofl 120.266
Model_1_goa_pop_2023.dat 5 2029 SSBLCI 248.533
Model_1_goa_pop_2023.dat 5 2029 SSBUCI 250.795
Model_1_goa_pop_2023.dat 5 2029 SSBMedian 249.292
Model_1_goa_pop_2023.dat 5 2029 SSBMean 249.413
Model_1_goa_pop_2023.dat 5 2030 SSBF100 343.618
Model_1_goa_pop_2023.dat 5 2030 SSBFabc 137.447
Model_1_goa_pop_2023.dat 5 2030 SSBFofl 120.266
Model_1_goa_pop_2023.dat 5 2030 SSBLCI 250.952
Model_1_goa_pop_2023.dat 5 2030 SSBUCI 255.755
Model_1_goa_pop_2023.dat 5 2030 SSBMedian 252.568
Model_1_goa_pop_2023.dat 5 2030 SSBMean 252.81
Model_1_goa_pop_2023.dat 5 2031 SSBF100 343.618
Model_1_goa_pop_2023.dat 5 2031 SSBFabc 137.447
Model_1_goa_pop_2023.dat 5 2031 SSBFofl 120.266
Model_1_goa_pop_2023.dat 5 2031 SSBLCI 252.096
Model_1_goa_pop_2023.dat 5 2031 SSBUCI 261.145
Model_1_goa_pop_2023.dat 5 2031 SSBMedian 255.228
Model_1_goa_pop_2023.dat 5 2031 SSBMean 255.715
Model_1_goa_pop_2023.dat 5 2032 SSBF100 343.618
Model_1_goa_pop_2023.dat 5 2032 SSBFabc 137.447
Model_1_goa_pop_2023.dat 5 2032 SSBFofl 120.266
Model_1_goa_pop_2023.dat 5 2032 SSBLCI 252.491
Model_1_goa_pop_2023.dat 5 2032 SSBUCI 268.232
Model_1_goa_pop_2023.dat 5 2032 SSBMedian 257.931
Model_1_goa_pop_2023.dat 5 2032 SSBMean 258.755
Model_1_goa_pop_2023.dat 5 2033 SSBF100 343.618
Model_1_goa_pop_2023.dat 5 2033 SSBFabc 137.447
Model_1_goa_pop_2023.dat 5 2033 SSBFofl 120.266
Model_1_goa_pop_2023.dat 5 2033 SSBLCI 252.654
Model_1_goa_pop_2023.dat 5 2033 SSBUCI 276.366
Model_1_goa_pop_2023.dat 5 2033 SSBMedian 260.763
Model_1_goa_pop_2023.dat 5 2033 SSBMean 262.238
Model_1_goa_pop_2023.dat 5 2034 SSBF100 343.618
Model_1_goa_pop_2023.dat 5 2034 SSBFabc 137.447
Model_1_goa_pop_2023.dat 5 2034 SSBFofl 120.266
Model_1_goa_pop_2023.dat 5 2034 SSBLCI 252.545
Model_1_goa_pop_2023.dat 5 2034 SSBUCI 285.249
Model_1_goa_pop_2023.dat 5 2034 SSBMedian 264.759
Model_1_goa_pop_2023.dat 5 2034 SSBMean 266.22
Model_1_goa_pop_2023.dat 5 2035 SSBF100 343.618
Model_1_goa_pop_2023.dat 5 2035 SSBFabc 137.447
Model_1_goa_pop_2023.dat 5 2035 SSBFofl 120.266
Model_1_goa_pop_2023.dat 5 2035 SSBLCI 252.828
Model_1_goa_pop_2023.dat 5 2035 SSBUCI 294.254
Model_1_goa_pop_2023.dat 5 2035 SSBMedian 268.926
Model_1_goa_pop_2023.dat 5 2035 SSBMean 270.517
Model_1_goa_pop_2023.dat 5 2036 SSBF100 343.618
Model_1_goa_pop_2023.dat 5 2036 SSBFabc 137.447
Model_1_goa_pop_2023.dat 5 2036 SSBFofl 120.266
Model_1_goa_pop_2023.dat 5 2036 SSBLCI 253.521
Model_1_goa_pop_2023.dat 5 2036 SSBUCI 302.806
Model_1_goa_pop_2023.dat 5 2036 SSBMedian 273.376
Model_1_goa_pop_2023.dat 5 2036 SSBMean 274.965
Model_1_goa_pop_2023.dat 5 2037 SSBF100 343.618
Model_1_goa_pop_2023.dat 5 2037 SSBFabc 137.447
Model_1_goa_pop_2023.dat 5 2037 SSBFofl 120.266
Model_1_goa_pop_2023.dat 5 2037 SSBLCI 254.303
Model_1_goa_pop_2023.dat 5 2037 SSBUCI 311.481
Model_1_goa_pop_2023.dat 5 2037 SSBMedian 277.457
Model_1_goa_pop_2023.dat 5 2037 SSBMean 279.388
Model_1_goa_pop_2023.dat 5 2024 F0 0 
Model_1_goa_pop_2023.dat 5 2024 Fabc 0.0990105
Model_1_goa_pop_2023.dat 5 2024 Fofl 0.119243
Model_1_goa_pop_2023.dat 5 2024  F_LCI 0.0713322
Model_1_goa_pop_2023.dat 5 2024  F_UCI 0.0713322
Model_1_goa_pop_2023.dat 5 2024  F_Median 0.0713322
Model_1_goa_pop_2023.dat 5 2024  F_Mean 0.0713322
Model_1_goa_pop_2023.dat 5 2025 F0 0 
Model_1_goa_pop_2023.dat 5 2025 Fabc 0.0990105
Model_1_goa_pop_2023.dat 5 2025 Fofl 0.119243
Model_1_goa_pop_2023.dat 5 2025  F_LCI 0.039302
Model_1_goa_pop_2023.dat 5 2025  F_UCI 0.039303
Model_1_goa_pop_2023.dat 5 2025  F_Median 0.0393027
Model_1_goa_pop_2023.dat 5 2025  F_Mean 0.0393026
Model_1_goa_pop_2023.dat 5 2026 F0 0 
Model_1_goa_pop_2023.dat 5 2026 Fabc 0.0990105
Model_1_goa_pop_2023.dat 5 2026 Fofl 0.119243
Model_1_goa_pop_2023.dat 5 2026  F_LCI 0
Model_1_goa_pop_2023.dat 5 2026  F_UCI 0
Model_1_goa_pop_2023.dat 5 2026  F_Median 0
Model_1_goa_pop_2023.dat 5 2026  F_Mean 0
Model_1_goa_pop_2023.dat 5 2027 F0 0 
Model_1_goa_pop_2023.dat 5 2027 Fabc 0.0990105
Model_1_goa_pop_2023.dat 5 2027 Fofl 0.119243
Model_1_goa_pop_2023.dat 5 2027  F_LCI 0
Model_1_goa_pop_2023.dat 5 2027  F_UCI 0
Model_1_goa_pop_2023.dat 5 2027  F_Median 0
Model_1_goa_pop_2023.dat 5 2027  F_Mean 0
Model_1_goa_pop_2023.dat 5 2028 F0 0 
Model_1_goa_pop_2023.dat 5 2028 Fabc 0.0990105
Model_1_goa_pop_2023.dat 5 2028 Fofl 0.119243
Model_1_goa_pop_2023.dat 5 2028  F_LCI 0
Model_1_goa_pop_2023.dat 5 2028  F_UCI 0
Model_1_goa_pop_2023.dat 5 2028  F_Median 0
Model_1_goa_pop_2023.dat 5 2028  F_Mean 0
Model_1_goa_pop_2023.dat 5 2029 F0 0 
Model_1_goa_pop_2023.dat 5 2029 Fabc 0.0990105
Model_1_goa_pop_2023.dat 5 2029 Fofl 0.119243
Model_1_goa_pop_2023.dat 5 2029  F_LCI 0
Model_1_goa_pop_2023.dat 5 2029  F_UCI 0
Model_1_goa_pop_2023.dat 5 2029  F_Median 0
Model_1_goa_pop_2023.dat 5 2029  F_Mean 0
Model_1_goa_pop_2023.dat 5 2030 F0 0 
Model_1_goa_pop_2023.dat 5 2030 Fabc 0.0990105
Model_1_goa_pop_2023.dat 5 2030 Fofl 0.119243
Model_1_goa_pop_2023.dat 5 2030  F_LCI 0
Model_1_goa_pop_2023.dat 5 2030  F_UCI 0
Model_1_goa_pop_2023.dat 5 2030  F_Median 0
Model_1_goa_pop_2023.dat 5 2030  F_Mean 0
Model_1_goa_pop_2023.dat 5 2031 F0 0 
Model_1_goa_pop_2023.dat 5 2031 Fabc 0.0990105
Model_1_goa_pop_2023.dat 5 2031 Fofl 0.119243
Model_1_goa_pop_2023.dat 5 2031  F_LCI 0
Model_1_goa_pop_2023.dat 5 2031  F_UCI 0
Model_1_goa_pop_2023.dat 5 2031  F_Median 0
Model_1_goa_pop_2023.dat 5 2031  F_Mean 0
Model_1_goa_pop_2023.dat 5 2032 F0 0 
Model_1_goa_pop_2023.dat 5 2032 Fabc 0.0990105
Model_1_goa_pop_2023.dat 5 2032 Fofl 0.119243
Model_1_goa_pop_2023.dat 5 2032  F_LCI 0
Model_1_goa_pop_2023.dat 5 2032  F_UCI 0
Model_1_goa_pop_2023.dat 5 2032  F_Median 0
Model_1_goa_pop_2023.dat 5 2032  F_Mean 0
Model_1_goa_pop_2023.dat 5 2033 F0 0 
Model_1_goa_pop_2023.dat 5 2033 Fabc 0.0990105
Model_1_goa_pop_2023.dat 5 2033 Fofl 0.119243
Model_1_goa_pop_2023.dat 5 2033  F_LCI 0
Model_1_goa_pop_2023.dat 5 2033  F_UCI 0
Model_1_goa_pop_2023.dat 5 2033  F_Median 0
Model_1_goa_pop_2023.dat 5 2033  F_Mean 0
Model_1_goa_pop_2023.dat 5 2034 F0 0 
Model_1_goa_pop_2023.dat 5 2034 Fabc 0.0990105
Model_1_goa_pop_2023.dat 5 2034 Fofl 0.119243
Model_1_goa_pop_2023.dat 5 2034  F_LCI 0
Model_1_goa_pop_2023.dat 5 2034  F_UCI 0
Model_1_goa_pop_2023.dat 5 2034  F_Median 0
Model_1_goa_pop_2023.dat 5 2034  F_Mean 0
Model_1_goa_pop_2023.dat 5 2035 F0 0 
Model_1_goa_pop_2023.dat 5 2035 Fabc 0.0990105
Model_1_goa_pop_2023.dat 5 2035 Fofl 0.119243
Model_1_goa_pop_2023.dat 5 2035  F_LCI 0
Model_1_goa_pop_2023.dat 5 2035  F_UCI 0
Model_1_goa_pop_2023.dat 5 2035  F_Median 0
Model_1_goa_pop_2023.dat 5 2035  F_Mean 0
Model_1_goa_pop_2023.dat 5 2036 F0 0 
Model_1_goa_pop_2023.dat 5 2036 Fabc 0.0990105
Model_1_goa_pop_2023.dat 5 2036 Fofl 0.119243
Model_1_goa_pop_2023.dat 5 2036  F_LCI 0
Model_1_goa_pop_2023.dat 5 2036  F_UCI 0
Model_1_goa_pop_2023.dat 5 2036  F_Median 0
Model_1_goa_pop_2023.dat 5 2036  F_Mean 0
Model_1_goa_pop_2023.dat 5 2037 F0 0 
Model_1_goa_pop_2023.dat 5 2037 Fabc 0.0990105
Model_1_goa_pop_2023.dat 5 2037 Fofl 0.119243
Model_1_goa_pop_2023.dat 5 2037  F_LCI 0
Model_1_goa_pop_2023.dat 5 2037  F_UCI 0
Model_1_goa_pop_2023.dat 5 2037  F_Median 0
Model_1_goa_pop_2023.dat 5 2037  F_Mean 0
Model_1_goa_pop_2023.dat 6 2024 Cabc 25.3018
Model_1_goa_pop_2023.dat 6 2024 Cofl 27.0643
Model_1_goa_pop_2023.dat 6 2024 CLCI 29.794
Model_1_goa_pop_2023.dat 6 2024 CUCI 29.794
Model_1_goa_pop_2023.dat 6 2024 CMedian 29.794
Model_1_goa_pop_2023.dat 6 2024 CMean 29.794
Model_1_goa_pop_2023.dat 6 2025 Cabc 25.3018
Model_1_goa_pop_2023.dat 6 2025 Cofl 27.0643
Model_1_goa_pop_2023.dat 6 2025 CLCI 47.5178
Model_1_goa_pop_2023.dat 6 2025 CUCI 47.5189
Model_1_goa_pop_2023.dat 6 2025 CMedian 47.5181
Model_1_goa_pop_2023.dat 6 2025 CMean 47.5182
Model_1_goa_pop_2023.dat 6 2026 Cabc 25.3018
Model_1_goa_pop_2023.dat 6 2026 Cofl 27.0643
Model_1_goa_pop_2023.dat 6 2026 CLCI 44.4616
Model_1_goa_pop_2023.dat 6 2026 CUCI 44.485
Model_1_goa_pop_2023.dat 6 2026 CMedian 44.4685
Model_1_goa_pop_2023.dat 6 2026 CMean 44.4703
Model_1_goa_pop_2023.dat 6 2027 Cabc 25.3018
Model_1_goa_pop_2023.dat 6 2027 Cofl 27.0643
Model_1_goa_pop_2023.dat 6 2027 CLCI 41.5612
Model_1_goa_pop_2023.dat 6 2027 CUCI 41.6944
Model_1_goa_pop_2023.dat 6 2027 CMedian 41.6038
Model_1_goa_pop_2023.dat 6 2027 CMean 41.6116
Model_1_goa_pop_2023.dat 6 2028 Cabc 25.3018
Model_1_goa_pop_2023.dat 6 2028 Cofl 27.0643
Model_1_goa_pop_2023.dat 6 2028 CLCI 38.8041
Model_1_goa_pop_2023.dat 6 2028 CUCI 39.2323
Model_1_goa_pop_2023.dat 6 2028 CMedian 38.9424
Model_1_goa_pop_2023.dat 6 2028 CMean 38.9673
Model_1_goa_pop_2023.dat 6 2029 Cabc 25.3018
Model_1_goa_pop_2023.dat 6 2029 Cofl 27.0643
Model_1_goa_pop_2023.dat 6 2029 CLCI 36.2239
Model_1_goa_pop_2023.dat 6 2029 CUCI 37.1896
Model_1_goa_pop_2023.dat 6 2029 CMedian 36.5456
Model_1_goa_pop_2023.dat 6 2029 CMean 36.5984
Model_1_goa_pop_2023.dat 6 2030 Cabc 25.3018
Model_1_goa_pop_2023.dat 6 2030 Cofl 27.0643
Model_1_goa_pop_2023.dat 6 2030 CLCI 33.8025
Model_1_goa_pop_2023.dat 6 2030 CUCI 35.577
Model_1_goa_pop_2023.dat 6 2030 CMedian 34.436
Model_1_goa_pop_2023.dat 6 2030 CMean 34.5234
Model_1_goa_pop_2023.dat 6 2031 Cabc 25.3018
Model_1_goa_pop_2023.dat 6 2031 Cofl 27.0643
Model_1_goa_pop_2023.dat 6 2031 CLCI 31.6623
Model_1_goa_pop_2023.dat 6 2031 CUCI 34.4695
Model_1_goa_pop_2023.dat 6 2031 CMedian 32.6295
Model_1_goa_pop_2023.dat 6 2031 CMean 32.789
Model_1_goa_pop_2023.dat 6 2032 Cabc 25.3018
Model_1_goa_pop_2023.dat 6 2032 Cofl 27.0643
Model_1_goa_pop_2023.dat 6 2032 CLCI 29.7218
Model_1_goa_pop_2023.dat 6 2032 CUCI 33.7671
Model_1_goa_pop_2023.dat 6 2032 CMedian 31.149
Model_1_goa_pop_2023.dat 6 2032 CMean 31.3818
Model_1_goa_pop_2023.dat 6 2033 Cabc 25.3018
Model_1_goa_pop_2023.dat 6 2033 Cofl 27.0643
Model_1_goa_pop_2023.dat 6 2033 CLCI 27.7164
Model_1_goa_pop_2023.dat 6 2033 CUCI 33.3384
Model_1_goa_pop_2023.dat 6 2033 CMedian 30.0497
Model_1_goa_pop_2023.dat 6 2033 CMean 30.2512
Model_1_goa_pop_2023.dat 6 2034 Cabc 25.3018
Model_1_goa_pop_2023.dat 6 2034 Cofl 27.0643
Model_1_goa_pop_2023.dat 6 2034 CLCI 25.1186
Model_1_goa_pop_2023.dat 6 2034 CUCI 33.1801
Model_1_goa_pop_2023.dat 6 2034 CMedian 29.2705
Model_1_goa_pop_2023.dat 6 2034 CMean 29.0633
Model_1_goa_pop_2023.dat 6 2035 Cabc 25.3018
Model_1_goa_pop_2023.dat 6 2035 Cofl 27.0643
Model_1_goa_pop_2023.dat 6 2035 CLCI 23.2768
Model_1_goa_pop_2023.dat 6 2035 CUCI 33.2003
Model_1_goa_pop_2023.dat 6 2035 CMedian 28.2886
Model_1_goa_pop_2023.dat 6 2035 CMean 28.1185
Model_1_goa_pop_2023.dat 6 2036 Cabc 25.3018
Model_1_goa_pop_2023.dat 6 2036 Cofl 27.0643
Model_1_goa_pop_2023.dat 6 2036 CLCI 22.0936
Model_1_goa_pop_2023.dat 6 2036 CUCI 33.1174
Model_1_goa_pop_2023.dat 6 2036 CMedian 27.3708
Model_1_goa_pop_2023.dat 6 2036 CMean 27.4779
Model_1_goa_pop_2023.dat 6 2037 Cabc 25.3018
Model_1_goa_pop_2023.dat 6 2037 Cofl 27.0643
Model_1_goa_pop_2023.dat 6 2037 CLCI 21.137
Model_1_goa_pop_2023.dat 6 2037 CUCI 33.0952
Model_1_goa_pop_2023.dat 6 2037 CMedian 26.7857
Model_1_goa_pop_2023.dat 6 2037 CMean 27.0958
Model_1_goa_pop_2023.dat 6 2024 SSBF100 343.618
Model_1_goa_pop_2023.dat 6 2024 SSBFabc 137.447
Model_1_goa_pop_2023.dat 6 2024 SSBFofl 120.266
Model_1_goa_pop_2023.dat 6 2024 SSBLCI 234.441
Model_1_goa_pop_2023.dat 6 2024 SSBUCI 234.441
Model_1_goa_pop_2023.dat 6 2024 SSBMedian 234.441
Model_1_goa_pop_2023.dat 6 2024 SSBMean 234.441
Model_1_goa_pop_2023.dat 6 2025 SSBF100 343.618
Model_1_goa_pop_2023.dat 6 2025 SSBFabc 137.447
Model_1_goa_pop_2023.dat 6 2025 SSBFofl 120.266
Model_1_goa_pop_2023.dat 6 2025 SSBLCI 225.804
Model_1_goa_pop_2023.dat 6 2025 SSBUCI 225.833
Model_1_goa_pop_2023.dat 6 2025 SSBMedian 225.812
Model_1_goa_pop_2023.dat 6 2025 SSBMean 225.815
Model_1_goa_pop_2023.dat 6 2026 SSBF100 343.618
Model_1_goa_pop_2023.dat 6 2026 SSBFabc 137.447
Model_1_goa_pop_2023.dat 6 2026 SSBFofl 120.266
Model_1_goa_pop_2023.dat 6 2026 SSBLCI 212.347
Model_1_goa_pop_2023.dat 6 2026 SSBUCI 212.464
Model_1_goa_pop_2023.dat 6 2026 SSBMedian 212.386
Model_1_goa_pop_2023.dat 6 2026 SSBMean 212.393
Model_1_goa_pop_2023.dat 6 2027 SSBF100 343.618
Model_1_goa_pop_2023.dat 6 2027 SSBFabc 137.447
Model_1_goa_pop_2023.dat 6 2027 SSBFofl 120.266
Model_1_goa_pop_2023.dat 6 2027 SSBLCI 199.906
Model_1_goa_pop_2023.dat 6 2027 SSBUCI 200.276
Model_1_goa_pop_2023.dat 6 2027 SSBMedian 200.026
Model_1_goa_pop_2023.dat 6 2027 SSBMean 200.047
Model_1_goa_pop_2023.dat 6 2028 SSBF100 343.618
Model_1_goa_pop_2023.dat 6 2028 SSBFabc 137.447
Model_1_goa_pop_2023.dat 6 2028 SSBFofl 120.266
Model_1_goa_pop_2023.dat 6 2028 SSBLCI 188.007
Model_1_goa_pop_2023.dat 6 2028 SSBUCI 188.963
Model_1_goa_pop_2023.dat 6 2028 SSBMedian 188.319
Model_1_goa_pop_2023.dat 6 2028 SSBMean 188.373
Model_1_goa_pop_2023.dat 6 2029 SSBF100 343.618
Model_1_goa_pop_2023.dat 6 2029 SSBFabc 137.447
Model_1_goa_pop_2023.dat 6 2029 SSBFofl 120.266
Model_1_goa_pop_2023.dat 6 2029 SSBLCI 176.26
Model_1_goa_pop_2023.dat 6 2029 SSBUCI 178.477
Model_1_goa_pop_2023.dat 6 2029 SSBMedian 177.004
Model_1_goa_pop_2023.dat 6 2029 SSBMean 177.126
Model_1_goa_pop_2023.dat 6 2030 SSBF100 343.618
Model_1_goa_pop_2023.dat 6 2030 SSBFabc 137.447
Model_1_goa_pop_2023.dat 6 2030 SSBFofl 120.266
Model_1_goa_pop_2023.dat 6 2030 SSBLCI 164.827
Model_1_goa_pop_2023.dat 6 2030 SSBUCI 169.451
Model_1_goa_pop_2023.dat 6 2030 SSBMedian 166.385
Model_1_goa_pop_2023.dat 6 2030 SSBMean 166.616
Model_1_goa_pop_2023.dat 6 2031 SSBF100 343.618
Model_1_goa_pop_2023.dat 6 2031 SSBFabc 137.447
Model_1_goa_pop_2023.dat 6 2031 SSBFofl 120.266
Model_1_goa_pop_2023.dat 6 2031 SSBLCI 153.986
Model_1_goa_pop_2023.dat 6 2031 SSBUCI 162.416
Model_1_goa_pop_2023.dat 6 2031 SSBMedian 156.942
Model_1_goa_pop_2023.dat 6 2031 SSBMean 157.38
Model_1_goa_pop_2023.dat 6 2032 SSBF100 343.618
Model_1_goa_pop_2023.dat 6 2032 SSBFabc 137.447
Model_1_goa_pop_2023.dat 6 2032 SSBFofl 120.266
Model_1_goa_pop_2023.dat 6 2032 SSBLCI 144.222
Model_1_goa_pop_2023.dat 6 2032 SSBUCI 158.358
Model_1_goa_pop_2023.dat 6 2032 SSBMedian 149.065
Model_1_goa_pop_2023.dat 6 2032 SSBMean 149.851
Model_1_goa_pop_2023.dat 6 2033 SSBF100 343.618
Model_1_goa_pop_2023.dat 6 2033 SSBFabc 137.447
Model_1_goa_pop_2023.dat 6 2033 SSBFofl 120.266
Model_1_goa_pop_2023.dat 6 2033 SSBLCI 135.775
Model_1_goa_pop_2023.dat 6 2033 SSBUCI 155.982
Model_1_goa_pop_2023.dat 6 2033 SSBMedian 142.843
Model_1_goa_pop_2023.dat 6 2033 SSBMean 144.086
Model_1_goa_pop_2023.dat 6 2034 SSBF100 343.618
Model_1_goa_pop_2023.dat 6 2034 SSBFabc 137.447
Model_1_goa_pop_2023.dat 6 2034 SSBFofl 120.266
Model_1_goa_pop_2023.dat 6 2034 SSBLCI 128.829
Model_1_goa_pop_2023.dat 6 2034 SSBUCI 155.019
Model_1_goa_pop_2023.dat 6 2034 SSBMedian 138.597
Model_1_goa_pop_2023.dat 6 2034 SSBMean 139.905
Model_1_goa_pop_2023.dat 6 2035 SSBF100 343.618
Model_1_goa_pop_2023.dat 6 2035 SSBFabc 137.447
Model_1_goa_pop_2023.dat 6 2035 SSBFofl 120.266
Model_1_goa_pop_2023.dat 6 2035 SSBLCI 123.942
Model_1_goa_pop_2023.dat 6 2035 SSBUCI 154.79
Model_1_goa_pop_2023.dat 6 2035 SSBMedian 135.914
Model_1_goa_pop_2023.dat 6 2035 SSBMean 137.007
Model_1_goa_pop_2023.dat 6 2036 SSBF100 343.618
Model_1_goa_pop_2023.dat 6 2036 SSBFabc 137.447
Model_1_goa_pop_2023.dat 6 2036 SSBFofl 120.266
Model_1_goa_pop_2023.dat 6 2036 SSBLCI 120.358
Model_1_goa_pop_2023.dat 6 2036 SSBUCI 154.277
Model_1_goa_pop_2023.dat 6 2036 SSBMedian 133.146
Model_1_goa_pop_2023.dat 6 2036 SSBMean 135.036
Model_1_goa_pop_2023.dat 6 2037 SSBF100 343.618
Model_1_goa_pop_2023.dat 6 2037 SSBFabc 137.447
Model_1_goa_pop_2023.dat 6 2037 SSBFofl 120.266
Model_1_goa_pop_2023.dat 6 2037 SSBLCI 118.16
Model_1_goa_pop_2023.dat 6 2037 SSBUCI 154.666
Model_1_goa_pop_2023.dat 6 2037 SSBMedian 131.864
Model_1_goa_pop_2023.dat 6 2037 SSBMean 133.678
Model_1_goa_pop_2023.dat 6 2024 F0 0 
Model_1_goa_pop_2023.dat 6 2024 Fabc 0.0990105
Model_1_goa_pop_2023.dat 6 2024 Fofl 0.119243
Model_1_goa_pop_2023.dat 6 2024  F_LCI 0.0713322
Model_1_goa_pop_2023.dat 6 2024  F_UCI 0.0713322
Model_1_goa_pop_2023.dat 6 2024  F_Median 0.0713322
Model_1_goa_pop_2023.dat 6 2024  F_Mean 0.0713322
Model_1_goa_pop_2023.dat 6 2025 F0 0 
Model_1_goa_pop_2023.dat 6 2025 Fabc 0.0990105
Model_1_goa_pop_2023.dat 6 2025 Fofl 0.119243
Model_1_goa_pop_2023.dat 6 2025  F_LCI 0.119243
Model_1_goa_pop_2023.dat 6 2025  F_UCI 0.119243
Model_1_goa_pop_2023.dat 6 2025  F_Median 0.119243
Model_1_goa_pop_2023.dat 6 2025  F_Mean 0.119243
Model_1_goa_pop_2023.dat 6 2026 F0 0 
Model_1_goa_pop_2023.dat 6 2026 Fabc 0.0990105
Model_1_goa_pop_2023.dat 6 2026 Fofl 0.119243
Model_1_goa_pop_2023.dat 6 2026  F_LCI 0.119243
Model_1_goa_pop_2023.dat 6 2026  F_UCI 0.119243
Model_1_goa_pop_2023.dat 6 2026  F_Median 0.119243
Model_1_goa_pop_2023.dat 6 2026  F_Mean 0.119243
Model_1_goa_pop_2023.dat 6 2027 F0 0 
Model_1_goa_pop_2023.dat 6 2027 Fabc 0.0990105
Model_1_goa_pop_2023.dat 6 2027 Fofl 0.119243
Model_1_goa_pop_2023.dat 6 2027  F_LCI 0.119243
Model_1_goa_pop_2023.dat 6 2027  F_UCI 0.119243
Model_1_goa_pop_2023.dat 6 2027  F_Median 0.119243
Model_1_goa_pop_2023.dat 6 2027  F_Mean 0.119243
Model_1_goa_pop_2023.dat 6 2028 F0 0 
Model_1_goa_pop_2023.dat 6 2028 Fabc 0.0990105
Model_1_goa_pop_2023.dat 6 2028 Fofl 0.119243
Model_1_goa_pop_2023.dat 6 2028  F_LCI 0.119243
Model_1_goa_pop_2023.dat 6 2028  F_UCI 0.119243
Model_1_goa_pop_2023.dat 6 2028  F_Median 0.119243
Model_1_goa_pop_2023.dat 6 2028  F_Mean 0.119243
Model_1_goa_pop_2023.dat 6 2029 F0 0 
Model_1_goa_pop_2023.dat 6 2029 Fabc 0.0990105
Model_1_goa_pop_2023.dat 6 2029 Fofl 0.119243
Model_1_goa_pop_2023.dat 6 2029  F_LCI 0.119243
Model_1_goa_pop_2023.dat 6 2029  F_UCI 0.119243
Model_1_goa_pop_2023.dat 6 2029  F_Median 0.119243
Model_1_goa_pop_2023.dat 6 2029  F_Mean 0.119243
Model_1_goa_pop_2023.dat 6 2030 F0 0 
Model_1_goa_pop_2023.dat 6 2030 Fabc 0.0990105
Model_1_goa_pop_2023.dat 6 2030 Fofl 0.119243
Model_1_goa_pop_2023.dat 6 2030  F_LCI 0.119243
Model_1_goa_pop_2023.dat 6 2030  F_UCI 0.119243
Model_1_goa_pop_2023.dat 6 2030  F_Median 0.119243
Model_1_goa_pop_2023.dat 6 2030  F_Mean 0.119243
Model_1_goa_pop_2023.dat 6 2031 F0 0 
Model_1_goa_pop_2023.dat 6 2031 Fabc 0.0990105
Model_1_goa_pop_2023.dat 6 2031 Fofl 0.119243
Model_1_goa_pop_2023.dat 6 2031  F_LCI 0.119243
Model_1_goa_pop_2023.dat 6 2031  F_UCI 0.119243
Model_1_goa_pop_2023.dat 6 2031  F_Median 0.119243
Model_1_goa_pop_2023.dat 6 2031  F_Mean 0.119243
Model_1_goa_pop_2023.dat 6 2032 F0 0 
Model_1_goa_pop_2023.dat 6 2032 Fabc 0.0990105
Model_1_goa_pop_2023.dat 6 2032 Fofl 0.119243
Model_1_goa_pop_2023.dat 6 2032  F_LCI 0.119243
Model_1_goa_pop_2023.dat 6 2032  F_UCI 0.119243
Model_1_goa_pop_2023.dat 6 2032  F_Median 0.119243
Model_1_goa_pop_2023.dat 6 2032  F_Mean 0.119243
Model_1_goa_pop_2023.dat 6 2033 F0 0 
Model_1_goa_pop_2023.dat 6 2033 Fabc 0.0990105
Model_1_goa_pop_2023.dat 6 2033 Fofl 0.119243
Model_1_goa_pop_2023.dat 6 2033  F_LCI 0.117717
Model_1_goa_pop_2023.dat 6 2033  F_UCI 0.119243
Model_1_goa_pop_2023.dat 6 2033  F_Median 0.119243
Model_1_goa_pop_2023.dat 6 2033  F_Mean 0.119041
Model_1_goa_pop_2023.dat 6 2034 F0 0 
Model_1_goa_pop_2023.dat 6 2034 Fabc 0.0990105
Model_1_goa_pop_2023.dat 6 2034 Fofl 0.119243
Model_1_goa_pop_2023.dat 6 2034  F_LCI 0.111373
Model_1_goa_pop_2023.dat 6 2034  F_UCI 0.119243
Model_1_goa_pop_2023.dat 6 2034  F_Median 0.119243
Model_1_goa_pop_2023.dat 6 2034  F_Mean 0.117322
Model_1_goa_pop_2023.dat 6 2035 F0 0 
Model_1_goa_pop_2023.dat 6 2035 Fabc 0.0990105
Model_1_goa_pop_2023.dat 6 2035 Fofl 0.119243
Model_1_goa_pop_2023.dat 6 2035  F_LCI 0.106911
Model_1_goa_pop_2023.dat 6 2035  F_UCI 0.119243
Model_1_goa_pop_2023.dat 6 2035  F_Median 0.117844
Model_1_goa_pop_2023.dat 6 2035  F_Mean 0.115438
Model_1_goa_pop_2023.dat 6 2036 F0 0 
Model_1_goa_pop_2023.dat 6 2036 Fabc 0.0990105
Model_1_goa_pop_2023.dat 6 2036 Fofl 0.119243
Model_1_goa_pop_2023.dat 6 2036  F_LCI 0.103637
Model_1_goa_pop_2023.dat 6 2036  F_UCI 0.119243
Model_1_goa_pop_2023.dat 6 2036  F_Median 0.115316
Model_1_goa_pop_2023.dat 6 2036  F_Mean 0.113969
Model_1_goa_pop_2023.dat 6 2037 F0 0 
Model_1_goa_pop_2023.dat 6 2037 Fabc 0.0990105
Model_1_goa_pop_2023.dat 6 2037 Fofl 0.119243
Model_1_goa_pop_2023.dat 6 2037  F_LCI 0.10163
Model_1_goa_pop_2023.dat 6 2037  F_UCI 0.119243
Model_1_goa_pop_2023.dat 6 2037  F_Median 0.114145
Model_1_goa_pop_2023.dat 6 2037  F_Mean 0.112959
Model_1_goa_pop_2023.dat 7 2024 Cabc 25.3018
Model_1_goa_pop_2023.dat 7 2024 Cofl 27.0643
Model_1_goa_pop_2023.dat 7 2024 CLCI 29.794
Model_1_goa_pop_2023.dat 7 2024 CUCI 29.794
Model_1_goa_pop_2023.dat 7 2024 CMedian 29.794
Model_1_goa_pop_2023.dat 7 2024 CMean 29.794
Model_1_goa_pop_2023.dat 7 2025 Cabc 25.3018
Model_1_goa_pop_2023.dat 7 2025 Cofl 27.0643
Model_1_goa_pop_2023.dat 7 2025 CLCI 39.762
Model_1_goa_pop_2023.dat 7 2025 CUCI 39.7629
Model_1_goa_pop_2023.dat 7 2025 CMedian 39.7622
Model_1_goa_pop_2023.dat 7 2025 CMean 39.7623
Model_1_goa_pop_2023.dat 7 2026 Cabc 25.3018
Model_1_goa_pop_2023.dat 7 2026 Cofl 27.0643
Model_1_goa_pop_2023.dat 7 2026 CLCI 37.7756
Model_1_goa_pop_2023.dat 7 2026 CUCI 37.7951
Model_1_goa_pop_2023.dat 7 2026 CMedian 37.7814
Model_1_goa_pop_2023.dat 7 2026 CMean 37.7829
Model_1_goa_pop_2023.dat 7 2027 Cabc 25.3018
Model_1_goa_pop_2023.dat 7 2027 Cofl 27.0643
Model_1_goa_pop_2023.dat 7 2027 CLCI 42.8129
Model_1_goa_pop_2023.dat 7 2027 CUCI 42.9461
Model_1_goa_pop_2023.dat 7 2027 CMedian 42.8554
Model_1_goa_pop_2023.dat 7 2027 CMean 42.8632
Model_1_goa_pop_2023.dat 7 2028 Cabc 25.3018
Model_1_goa_pop_2023.dat 7 2028 Cofl 27.0643
Model_1_goa_pop_2023.dat 7 2028 CLCI 39.9048
Model_1_goa_pop_2023.dat 7 2028 CUCI 40.3331
Model_1_goa_pop_2023.dat 7 2028 CMedian 40.0431
Model_1_goa_pop_2023.dat 7 2028 CMean 40.068
Model_1_goa_pop_2023.dat 7 2029 Cabc 25.3018
Model_1_goa_pop_2023.dat 7 2029 Cofl 27.0643
Model_1_goa_pop_2023.dat 7 2029 CLCI 37.1816
Model_1_goa_pop_2023.dat 7 2029 CUCI 38.1475
Model_1_goa_pop_2023.dat 7 2029 CMedian 37.5035
Model_1_goa_pop_2023.dat 7 2029 CMean 37.5561
Model_1_goa_pop_2023.dat 7 2030 Cabc 25.3018
Model_1_goa_pop_2023.dat 7 2030 Cofl 27.0643
Model_1_goa_pop_2023.dat 7 2030 CLCI 34.6268
Model_1_goa_pop_2023.dat 7 2030 CUCI 36.4017
Model_1_goa_pop_2023.dat 7 2030 CMedian 35.2605
Model_1_goa_pop_2023.dat 7 2030 CMean 35.3478
Model_1_goa_pop_2023.dat 7 2031 Cabc 25.3018
Model_1_goa_pop_2023.dat 7 2031 Cofl 27.0643
Model_1_goa_pop_2023.dat 7 2031 CLCI 32.3651
Model_1_goa_pop_2023.dat 7 2031 CUCI 35.1729
Model_1_goa_pop_2023.dat 7 2031 CMedian 33.3325
Model_1_goa_pop_2023.dat 7 2031 CMean 33.492
Model_1_goa_pop_2023.dat 7 2032 Cabc 25.3018
Model_1_goa_pop_2023.dat 7 2032 Cofl 27.0643
Model_1_goa_pop_2023.dat 7 2032 CLCI 30.3155
Model_1_goa_pop_2023.dat 7 2032 CUCI 34.3615
Model_1_goa_pop_2023.dat 7 2032 CMedian 31.7429
Model_1_goa_pop_2023.dat 7 2032 CMean 31.9757
Model_1_goa_pop_2023.dat 7 2033 Cabc 25.3018
Model_1_goa_pop_2023.dat 7 2033 Cofl 27.0643
Model_1_goa_pop_2023.dat 7 2033 CLCI 28.539
Model_1_goa_pop_2023.dat 7 2033 CUCI 33.8369
Model_1_goa_pop_2023.dat 7 2033 CMedian 30.5477
Model_1_goa_pop_2023.dat 7 2033 CMean 30.7872
Model_1_goa_pop_2023.dat 7 2034 Cabc 25.3018
Model_1_goa_pop_2023.dat 7 2034 Cofl 27.0643
Model_1_goa_pop_2023.dat 7 2034 CLCI 25.8879
Model_1_goa_pop_2023.dat 7 2034 CUCI 33.5956
Model_1_goa_pop_2023.dat 7 2034 CMedian 29.6968
Model_1_goa_pop_2023.dat 7 2034 CMean 29.6465
Model_1_goa_pop_2023.dat 7 2035 Cabc 25.3018
Model_1_goa_pop_2023.dat 7 2035 Cofl 27.0643
Model_1_goa_pop_2023.dat 7 2035 CLCI 23.8593
Model_1_goa_pop_2023.dat 7 2035 CUCI 33.5445
Model_1_goa_pop_2023.dat 7 2035 CMedian 28.8981
Model_1_goa_pop_2023.dat 7 2035 CMean 28.6246
Model_1_goa_pop_2023.dat 7 2036 Cabc 25.3018
Model_1_goa_pop_2023.dat 7 2036 Cofl 27.0643
Model_1_goa_pop_2023.dat 7 2036 CLCI 22.5173
Model_1_goa_pop_2023.dat 7 2036 CUCI 33.4015
Model_1_goa_pop_2023.dat 7 2036 CMedian 27.916
Model_1_goa_pop_2023.dat 7 2036 CMean 27.8938
Model_1_goa_pop_2023.dat 7 2037 Cabc 25.3018
Model_1_goa_pop_2023.dat 7 2037 Cofl 27.0643
Model_1_goa_pop_2023.dat 7 2037 CLCI 21.453
Model_1_goa_pop_2023.dat 7 2037 CUCI 33.3002
Model_1_goa_pop_2023.dat 7 2037 CMedian 27.1943
Model_1_goa_pop_2023.dat 7 2037 CMean 27.4268
Model_1_goa_pop_2023.dat 7 2024 SSBF100 343.618
Model_1_goa_pop_2023.dat 7 2024 SSBFabc 137.447
Model_1_goa_pop_2023.dat 7 2024 SSBFofl 120.266
Model_1_goa_pop_2023.dat 7 2024 SSBLCI 234.441
Model_1_goa_pop_2023.dat 7 2024 SSBUCI 234.441
Model_1_goa_pop_2023.dat 7 2024 SSBMedian 234.441
Model_1_goa_pop_2023.dat 7 2024 SSBMean 234.441
Model_1_goa_pop_2023.dat 7 2025 SSBF100 343.618
Model_1_goa_pop_2023.dat 7 2025 SSBFabc 137.447
Model_1_goa_pop_2023.dat 7 2025 SSBFofl 120.266
Model_1_goa_pop_2023.dat 7 2025 SSBLCI 227.004
Model_1_goa_pop_2023.dat 7 2025 SSBUCI 227.032
Model_1_goa_pop_2023.dat 7 2025 SSBMedian 227.012
Model_1_goa_pop_2023.dat 7 2025 SSBMean 227.014
Model_1_goa_pop_2023.dat 7 2026 SSBF100 343.618
Model_1_goa_pop_2023.dat 7 2026 SSBFabc 137.447
Model_1_goa_pop_2023.dat 7 2026 SSBFofl 120.266
Model_1_goa_pop_2023.dat 7 2026 SSBLCI 216.759
Model_1_goa_pop_2023.dat 7 2026 SSBUCI 216.876
Model_1_goa_pop_2023.dat 7 2026 SSBMedian 216.798
Model_1_goa_pop_2023.dat 7 2026 SSBMean 216.805
Model_1_goa_pop_2023.dat 7 2027 SSBF100 343.618
Model_1_goa_pop_2023.dat 7 2027 SSBFabc 137.447
Model_1_goa_pop_2023.dat 7 2027 SSBFofl 120.266
Model_1_goa_pop_2023.dat 7 2027 SSBLCI 205.953
Model_1_goa_pop_2023.dat 7 2027 SSBUCI 206.323
Model_1_goa_pop_2023.dat 7 2027 SSBMedian 206.073
Model_1_goa_pop_2023.dat 7 2027 SSBMean 206.094
Model_1_goa_pop_2023.dat 7 2028 SSBF100 343.618
Model_1_goa_pop_2023.dat 7 2028 SSBFabc 137.447
Model_1_goa_pop_2023.dat 7 2028 SSBFofl 120.266
Model_1_goa_pop_2023.dat 7 2028 SSBLCI 193.406
Model_1_goa_pop_2023.dat 7 2028 SSBUCI 194.362
Model_1_goa_pop_2023.dat 7 2028 SSBMedian 193.718
Model_1_goa_pop_2023.dat 7 2028 SSBMean 193.772
Model_1_goa_pop_2023.dat 7 2029 SSBF100 343.618
Model_1_goa_pop_2023.dat 7 2029 SSBFabc 137.447
Model_1_goa_pop_2023.dat 7 2029 SSBFofl 120.266
Model_1_goa_pop_2023.dat 7 2029 SSBLCI 181.032
Model_1_goa_pop_2023.dat 7 2029 SSBUCI 183.249
Model_1_goa_pop_2023.dat 7 2029 SSBMedian 181.777
Model_1_goa_pop_2023.dat 7 2029 SSBMean 181.898
Model_1_goa_pop_2023.dat 7 2030 SSBF100 343.618
Model_1_goa_pop_2023.dat 7 2030 SSBFabc 137.447
Model_1_goa_pop_2023.dat 7 2030 SSBFofl 120.266
Model_1_goa_pop_2023.dat 7 2030 SSBLCI 169.005
Model_1_goa_pop_2023.dat 7 2030 SSBUCI 173.63
Model_1_goa_pop_2023.dat 7 2030 SSBMedian 170.564
Model_1_goa_pop_2023.dat 7 2030 SSBMean 170.794
Model_1_goa_pop_2023.dat 7 2031 SSBF100 343.618
Model_1_goa_pop_2023.dat 7 2031 SSBFabc 137.447
Model_1_goa_pop_2023.dat 7 2031 SSBFofl 120.266
Model_1_goa_pop_2023.dat 7 2031 SSBLCI 157.614
Model_1_goa_pop_2023.dat 7 2031 SSBUCI 166.045
Model_1_goa_pop_2023.dat 7 2031 SSBMedian 160.57
Model_1_goa_pop_2023.dat 7 2031 SSBMean 161.008
Model_1_goa_pop_2023.dat 7 2032 SSBF100 343.618
Model_1_goa_pop_2023.dat 7 2032 SSBFabc 137.447
Model_1_goa_pop_2023.dat 7 2032 SSBFofl 120.266
Model_1_goa_pop_2023.dat 7 2032 SSBLCI 147.352
Model_1_goa_pop_2023.dat 7 2032 SSBUCI 161.492
Model_1_goa_pop_2023.dat 7 2032 SSBMedian 152.196
Model_1_goa_pop_2023.dat 7 2032 SSBMean 152.983
Model_1_goa_pop_2023.dat 7 2033 SSBF100 343.618
Model_1_goa_pop_2023.dat 7 2033 SSBFabc 137.447
Model_1_goa_pop_2023.dat 7 2033 SSBFofl 120.266
Model_1_goa_pop_2023.dat 7 2033 SSBLCI 138.411
Model_1_goa_pop_2023.dat 7 2033 SSBUCI 158.675
Model_1_goa_pop_2023.dat 7 2033 SSBMedian 145.533
Model_1_goa_pop_2023.dat 7 2033 SSBMean 146.77
Model_1_goa_pop_2023.dat 7 2034 SSBF100 343.618
Model_1_goa_pop_2023.dat 7 2034 SSBFabc 137.447
Model_1_goa_pop_2023.dat 7 2034 SSBFofl 120.266
Model_1_goa_pop_2023.dat 7 2034 SSBLCI 130.929
Model_1_goa_pop_2023.dat 7 2034 SSBUCI 157.328
Model_1_goa_pop_2023.dat 7 2034 SSBMedian 140.903
Model_1_goa_pop_2023.dat 7 2034 SSBMean 142.169
Model_1_goa_pop_2023.dat 7 2035 SSBF100 343.618
Model_1_goa_pop_2023.dat 7 2035 SSBFabc 137.447
Model_1_goa_pop_2023.dat 7 2035 SSBFofl 120.266
Model_1_goa_pop_2023.dat 7 2035 SSBLCI 125.583
Model_1_goa_pop_2023.dat 7 2035 SSBUCI 156.767
Model_1_goa_pop_2023.dat 7 2035 SSBMedian 137.841
Model_1_goa_pop_2023.dat 7 2035 SSBMean 138.871
Model_1_goa_pop_2023.dat 7 2036 SSBF100 343.618
Model_1_goa_pop_2023.dat 7 2036 SSBFabc 137.447
Model_1_goa_pop_2023.dat 7 2036 SSBFofl 120.266
Model_1_goa_pop_2023.dat 7 2036 SSBLCI 121.691
Model_1_goa_pop_2023.dat 7 2036 SSBUCI 155.973
Model_1_goa_pop_2023.dat 7 2036 SSBMedian 134.728
Model_1_goa_pop_2023.dat 7 2036 SSBMean 136.555
Model_1_goa_pop_2023.dat 7 2037 SSBF100 343.618
Model_1_goa_pop_2023.dat 7 2037 SSBFabc 137.447
Model_1_goa_pop_2023.dat 7 2037 SSBFofl 120.266
Model_1_goa_pop_2023.dat 7 2037 SSBLCI 119.129
Model_1_goa_pop_2023.dat 7 2037 SSBUCI 156.116
Model_1_goa_pop_2023.dat 7 2037 SSBMedian 132.955
Model_1_goa_pop_2023.dat 7 2037 SSBMean 134.909
Model_1_goa_pop_2023.dat 7 2024 F0 0 
Model_1_goa_pop_2023.dat 7 2024 Fabc 0.0990105
Model_1_goa_pop_2023.dat 7 2024 Fofl 0.119243
Model_1_goa_pop_2023.dat 7 2024  F_LCI 0.0713322
Model_1_goa_pop_2023.dat 7 2024  F_UCI 0.0713322
Model_1_goa_pop_2023.dat 7 2024  F_Median 0.0713322
Model_1_goa_pop_2023.dat 7 2024  F_Mean 0.0713322
Model_1_goa_pop_2023.dat 7 2025 F0 0 
Model_1_goa_pop_2023.dat 7 2025 Fabc 0.0990105
Model_1_goa_pop_2023.dat 7 2025 Fofl 0.119243
Model_1_goa_pop_2023.dat 7 2025  F_LCI 0.0990104
Model_1_goa_pop_2023.dat 7 2025  F_UCI 0.0990104
Model_1_goa_pop_2023.dat 7 2025  F_Median 0.0990104
Model_1_goa_pop_2023.dat 7 2025  F_Mean 0.0990104
Model_1_goa_pop_2023.dat 7 2026 F0 0 
Model_1_goa_pop_2023.dat 7 2026 Fabc 0.0990105
Model_1_goa_pop_2023.dat 7 2026 Fofl 0.119243
Model_1_goa_pop_2023.dat 7 2026  F_LCI 0.0990105
Model_1_goa_pop_2023.dat 7 2026  F_UCI 0.0990105
Model_1_goa_pop_2023.dat 7 2026  F_Median 0.0990105
Model_1_goa_pop_2023.dat 7 2026  F_Mean 0.0990105
Model_1_goa_pop_2023.dat 7 2027 F0 0 
Model_1_goa_pop_2023.dat 7 2027 Fabc 0.0990105
Model_1_goa_pop_2023.dat 7 2027 Fofl 0.119243
Model_1_goa_pop_2023.dat 7 2027  F_LCI 0.119243
Model_1_goa_pop_2023.dat 7 2027  F_UCI 0.119243
Model_1_goa_pop_2023.dat 7 2027  F_Median 0.119243
Model_1_goa_pop_2023.dat 7 2027  F_Mean 0.119243
Model_1_goa_pop_2023.dat 7 2028 F0 0 
Model_1_goa_pop_2023.dat 7 2028 Fabc 0.0990105
Model_1_goa_pop_2023.dat 7 2028 Fofl 0.119243
Model_1_goa_pop_2023.dat 7 2028  F_LCI 0.119243
Model_1_goa_pop_2023.dat 7 2028  F_UCI 0.119243
Model_1_goa_pop_2023.dat 7 2028  F_Median 0.119243
Model_1_goa_pop_2023.dat 7 2028  F_Mean 0.119243
Model_1_goa_pop_2023.dat 7 2029 F0 0 
Model_1_goa_pop_2023.dat 7 2029 Fabc 0.0990105
Model_1_goa_pop_2023.dat 7 2029 Fofl 0.119243
Model_1_goa_pop_2023.dat 7 2029  F_LCI 0.119243
Model_1_goa_pop_2023.dat 7 2029  F_UCI 0.119243
Model_1_goa_pop_2023.dat 7 2029  F_Median 0.119243
Model_1_goa_pop_2023.dat 7 2029  F_Mean 0.119243
Model_1_goa_pop_2023.dat 7 2030 F0 0 
Model_1_goa_pop_2023.dat 7 2030 Fabc 0.0990105
Model_1_goa_pop_2023.dat 7 2030 Fofl 0.119243
Model_1_goa_pop_2023.dat 7 2030  F_LCI 0.119243
Model_1_goa_pop_2023.dat 7 2030  F_UCI 0.119243
Model_1_goa_pop_2023.dat 7 2030  F_Median 0.119243
Model_1_goa_pop_2023.dat 7 2030  F_Mean 0.119243
Model_1_goa_pop_2023.dat 7 2031 F0 0 
Model_1_goa_pop_2023.dat 7 2031 Fabc 0.0990105
Model_1_goa_pop_2023.dat 7 2031 Fofl 0.119243
Model_1_goa_pop_2023.dat 7 2031  F_LCI 0.119243
Model_1_goa_pop_2023.dat 7 2031  F_UCI 0.119243
Model_1_goa_pop_2023.dat 7 2031  F_Median 0.119243
Model_1_goa_pop_2023.dat 7 2031  F_Mean 0.119243
Model_1_goa_pop_2023.dat 7 2032 F0 0 
Model_1_goa_pop_2023.dat 7 2032 Fabc 0.0990105
Model_1_goa_pop_2023.dat 7 2032 Fofl 0.119243
Model_1_goa_pop_2023.dat 7 2032  F_LCI 0.119243
Model_1_goa_pop_2023.dat 7 2032  F_UCI 0.119243
Model_1_goa_pop_2023.dat 7 2032  F_Median 0.119243
Model_1_goa_pop_2023.dat 7 2032  F_Mean 0.119243
Model_1_goa_pop_2023.dat 7 2033 F0 0 
Model_1_goa_pop_2023.dat 7 2033 Fabc 0.0990105
Model_1_goa_pop_2023.dat 7 2033 Fofl 0.119243
Model_1_goa_pop_2023.dat 7 2033  F_LCI 0.119243
Model_1_goa_pop_2023.dat 7 2033  F_UCI 0.119243
Model_1_goa_pop_2023.dat 7 2033  F_Median 0.119243
Model_1_goa_pop_2023.dat 7 2033  F_Mean 0.119211
Model_1_goa_pop_2023.dat 7 2034 F0 0 
Model_1_goa_pop_2023.dat 7 2034 Fabc 0.0990105
Model_1_goa_pop_2023.dat 7 2034 Fofl 0.119243
Model_1_goa_pop_2023.dat 7 2034  F_LCI 0.113291
Model_1_goa_pop_2023.dat 7 2034  F_UCI 0.119243
Model_1_goa_pop_2023.dat 7 2034  F_Median 0.119243
Model_1_goa_pop_2023.dat 7 2034  F_Mean 0.118112
Model_1_goa_pop_2023.dat 7 2035 F0 0 
Model_1_goa_pop_2023.dat 7 2035 Fabc 0.0990105
Model_1_goa_pop_2023.dat 7 2035 Fofl 0.119243
Model_1_goa_pop_2023.dat 7 2035  F_LCI 0.108409
Model_1_goa_pop_2023.dat 7 2035  F_UCI 0.119243
Model_1_goa_pop_2023.dat 7 2035  F_Median 0.119243
Model_1_goa_pop_2023.dat 7 2035  F_Mean 0.116288
Model_1_goa_pop_2023.dat 7 2036 F0 0 
Model_1_goa_pop_2023.dat 7 2036 Fabc 0.0990105
Model_1_goa_pop_2023.dat 7 2036 Fofl 0.119243
Model_1_goa_pop_2023.dat 7 2036  F_LCI 0.104855
Model_1_goa_pop_2023.dat 7 2036  F_UCI 0.119243
Model_1_goa_pop_2023.dat 7 2036  F_Median 0.11676
Model_1_goa_pop_2023.dat 7 2036  F_Mean 0.114751
Model_1_goa_pop_2023.dat 7 2037 F0 0 
Model_1_goa_pop_2023.dat 7 2037 Fabc 0.0990105
Model_1_goa_pop_2023.dat 7 2037 Fofl 0.119243
Model_1_goa_pop_2023.dat 7 2037  F_LCI 0.102515
Model_1_goa_pop_2023.dat 7 2037  F_UCI 0.119243
Model_1_goa_pop_2023.dat 7 2037  F_Median 0.115141
Model_1_goa_pop_2023.dat 7 2037  F_Mean 0.113625
