Alternative 1 Catch
     Model_1_goa_pop_2023.dat 
Equil_Fabc 25.3018 
Year 
2024 29.794 
2025 16.1515 
2026 12.88 
2027 31.522 
2028 37.785 
2029 35.6831 
2030 33.7719 
2031 32.1105 
2032 30.7014 
2033 29.5582 
2034 28.6462 
2035 27.9472 
2036 27.4163 
2037 27.0156 

Alternative 1 ABCs
     Model_1_goa_pop_2023.dat 

Year 
2024  NA 
2025  NA 
2026  NA 
2027  NA 
2028 37.785 
2029 35.6831 
2030 33.7719 
2031 32.1105 
2032 30.7014 
2033 29.5582 
2034 28.6462 
2035 27.9472 
2036 27.4163 
2037 27.0156 

Alternative 1 TACs
     Model_1_goa_pop_2023.dat 

Year 
2024  NA 
2025  NA 
2026  NA 
2027  NA 
2028 37.785 
2029 35.6831 
2030 33.7719 
2031 32.1105 
2032 30.7014 
2033 29.5582 
2034 28.6462 
2035 27.9472 
2036 27.4163 
2037 27.0156 

Alternative 1 Sp_Biomass
     Model_1_goa_pop_2023.dat 
Equil_Fabc 137.447 
Year 
2024 234.441 
2025 230.593 
2026 230.884 
2027 228.901 
2028 219.739 
2029 208.115 
2030 196.879 
2031 186.666 
2032 178.028 
2033 171.109 
2034 165.754 
2035 161.615 
2036 158.387 
2037 155.809 

Alternative 1 Fishing Mortality
     Model_1_goa_pop_2023.dat 
Equil_Fabc 0.0990105 
Year 
2024 0.0713322 
2025 0.0393026 
2026 0.0314307 
2027 0.0785824 
2028 0.0990105 
2029 0.0990105 
2030 0.0990105 
2031 0.0990105 
2032 0.0990105 
2033 0.0990105 
2034 0.0990105 
2035 0.0990105 
2036 0.0989881 
2037 0.0988731 

Alternative 1 Biomass
     Model_1_goa_pop_2023.dat 

Year 
2024 670.712 
2025 650.615 
2026 644.643 
2027 642.326 
2028 622.185 
2029 597.238 
2030 576.188 
2031 558.816 
2032 544.692 
2033 533.21 
2034 523.907 
2035 516.347 
2036 510.195 
2037 505.021 

Alternative 1 Implied SPR rate 
     Model_1_goa_pop_2023.dat 
Equil_Fabc 0.4 
Year 
2024 0.4916 
2025 0.651219 
2026 0.703759 
2027 0.464386 
2028 0.4 
2029 0.4 
2030 0.4 
2031 0.4 
2032 0.4 
2033 0.4 
2034 0.4 
2035 0.4 
2036 0.400063 
2037 0.400391 

  Model_1_goa_pop_2023.dat 
EquilAvgAgeF0  12.2163 
EquilAvgAgeFabc  7.81304 
AvgAgeYr2037 8.61967 
Alternative 2 Catch
     Model_1_goa_pop_2023.dat 
Equil_Fabc 25.3018 
Year 
2024 29.794 
2025 16.1515 
2026 12.88 
2027 31.522 
2028 37.785 
2029 35.6831 
2030 33.7719 
2031 32.1105 
2032 30.7014 
2033 29.5582 
2034 28.6462 
2035 27.9472 
2036 27.4163 
2037 27.0156 

Alternative 2 ABCs
     Model_1_goa_pop_2023.dat 

Year 
2024  NA 
2025  NA 
2026  NA 
2027  NA 
2028 37.785 
2029 35.6831 
2030 33.7719 
2031 32.1105 
2032 30.7014 
2033 29.5582 
2034 28.6462 
2035 27.9472 
2036 27.4163 
2037 27.0156 

Alternative 2 TACs
     Model_1_goa_pop_2023.dat 

Year 
2024  NA 
2025  NA 
2026  NA 
2027  NA 
2028 37.785 
2029 35.6831 
2030 33.7719 
2031 32.1105 
2032 30.7014 
2033 29.5582 
2034 28.6462 
2035 27.9472 
2036 27.4163 
2037 27.0156 

Alternative 2 Sp_Biomass
     Model_1_goa_pop_2023.dat 
Equil_Fabc 137.447 
Year 
2024 234.441 
2025 230.593 
2026 230.884 
2027 228.901 
2028 219.739 
2029 208.115 
2030 196.879 
2031 186.666 
2032 178.028 
2033 171.109 
2034 165.754 
2035 161.615 
2036 158.387 
2037 155.809 

Alternative 2 Fishing Mortality
     Model_1_goa_pop_2023.dat 
Equil_Fabc 0.0990105 
Year 
2024 0.0713322 
2025 0.0393026 
2026 0.0314307 
2027 0.0785824 
2028 0.0990105 
2029 0.0990105 
2030 0.0990105 
2031 0.0990105 
2032 0.0990105 
2033 0.0990105 
2034 0.0990105 
2035 0.0990105 
2036 0.0989881 
2037 0.0988731 

Alternative 2 Biomass
     Model_1_goa_pop_2023.dat 

Year 
2024 670.712 
2025 650.615 
2026 644.643 
2027 642.326 
2028 622.185 
2029 597.238 
2030 576.188 
2031 558.816 
2032 544.692 
2033 533.21 
2034 523.907 
2035 516.347 
2036 510.195 
2037 505.021 

Alternative 2 Implied SPR rate 
     Model_1_goa_pop_2023.dat 
Equil_Fabc 0.4 
Year 
2024 0.4916 
2025 0.651219 
2026 0.703759 
2027 0.464386 
2028 0.4 
2029 0.4 
2030 0.4 
2031 0.4 
2032 0.4 
2033 0.4 
2034 0.4 
2035 0.4 
2036 0.400063 
2037 0.400391 

  Model_1_goa_pop_2023.dat 
EquilAvgAgeF0  12.2163 
EquilAvgAgeFabc  7.81304 
AvgAgeYr2037 8.61967 
Alternative 3 Catch
     Model_1_goa_pop_2023.dat 
Equil_Fabc 25.3018 
Year 
2024 29.794 
2025 16.1515 
2026 12.88 
2027 31.522 
2028 19.2579 
2029 18.8847 
2030 18.5204 
2031 18.1969 
2032 17.9198 
2033 17.7055 
2034 17.5453 
2035 17.4422 
2036 17.386 
2037 17.3765 

Alternative 3 ABCs
     Model_1_goa_pop_2023.dat 

Year 
2024  NA 
2025  NA 
2026  NA 
2027  NA 
2028 19.2579 
2029 18.8847 
2030 18.5204 
2031 18.1969 
2032 17.9198 
2033 17.7055 
2034 17.5453 
2035 17.4422 
2036 17.386 
2037 17.3765 

Alternative 3 TACs
     Model_1_goa_pop_2023.dat 

Year 
2024  NA 
2025  NA 
2026  NA 
2027  NA 
2028 19.2579 
2029 18.8847 
2030 18.5204 
2031 18.1969 
2032 17.9198 
2033 17.7055 
2034 17.5453 
2035 17.4422 
2036 17.386 
2037 17.3765 

Alternative 3 Sp_Biomass
     Model_1_goa_pop_2023.dat 
Equil_Fabc 137.447 
Year 
2024 234.441 
2025 230.593 
2026 230.884 
2027 228.901 
2028 222.594 
2029 218.885 
2030 214.655 
2031 210.527 
2032 207.12 
2033 204.69 
2034 203.209 
2035 202.437 
2036 202.152 
2037 202.152 

Alternative 3 Fishing Mortality
     Model_1_goa_pop_2023.dat 
Equil_Fabc 0.0990105 
Year 
2024 0.0713322 
2025 0.0393026 
2026 0.0314307 
2027 0.0785824 
2028 0.0495053 
2029 0.0495053 
2030 0.0495053 
2031 0.0495053 
2032 0.0495053 
2033 0.0495053 
2034 0.0495053 
2035 0.0495053 
2036 0.0495053 
2037 0.0495053 

Alternative 3 Biomass
     Model_1_goa_pop_2023.dat 

Year 
2024 670.712 
2025 650.615 
2026 644.643 
2027 642.326 
2028 622.185 
2029 615.756 
2030 610.735 
2031 607.12 
2032 604.753 
2033 603.293 
2034 602.56 
2035 602.351 
2036 602.553 
2037 602.893 

Alternative 3 Implied SPR rate 
     Model_1_goa_pop_2023.dat 
Equil_Fabc 0.4 
Year 
2024 0.4916 
2025 0.651219 
2026 0.703759 
2027 0.464386 
2028 0.592047 
2029 0.592047 
2030 0.592047 
2031 0.592047 
2032 0.592047 
2033 0.592047 
2034 0.592047 
2035 0.592047 
2036 0.592047 
2037 0.592047 

  Model_1_goa_pop_2023.dat 
EquilAvgAgeF0  12.2163 
EquilAvgAgeFabc  7.81304 
AvgAgeYr2037 9.63242 
Alternative 4 Catch
     Model_1_goa_pop_2023.dat 
Equil_Fabc 25.3018 
Year 
2024 29.794 
2025 16.1515 
2026 12.88 
2027 31.522 
2028 24.7117 
2029 23.9687 
2030 23.2633 
2031 22.6376 
2032 22.0988 
2033 21.6656 
2034 21.325 
2035 21.0769 
2036 20.9051 
2037 20.8055 

Alternative 4 ABCs
     Model_1_goa_pop_2023.dat 

Year 
2024  NA 
2025  NA 
2026  NA 
2027  NA 
2028 24.7117 
2029 23.9687 
2030 23.2633 
2031 22.6376 
2032 22.0988 
2033 21.6656 
2034 21.325 
2035 21.0769 
2036 20.9051 
2037 20.8055 

Alternative 4 TACs
     Model_1_goa_pop_2023.dat 

Year 
2024  NA 
2025  NA 
2026  NA 
2027  NA 
2028 24.7117 
2029 23.9687 
2030 23.2633 
2031 22.6376 
2032 22.0988 
2033 21.6656 
2034 21.325 
2035 21.0769 
2036 20.9051 
2037 20.8055 

Alternative 4 Sp_Biomass
     Model_1_goa_pop_2023.dat 
Equil_Fabc 137.447 
Year 
2024 234.441 
2025 230.593 
2026 230.884 
2027 228.901 
2028 221.761 
2029 215.697 
2030 209.321 
2031 203.27 
2032 198.157 
2033 194.218 
2034 191.396 
2035 189.425 
2036 188.065 
2037 187.099 

Alternative 4 Fishing Mortality
     Model_1_goa_pop_2023.dat 
Equil_Fabc 0.0990105 
Year 
2024 0.0713322 
2025 0.0393026 
2026 0.0314307 
2027 0.0785824 
2028 0.0638806 
2029 0.0638806 
2030 0.0638806 
2031 0.0638806 
2032 0.0638806 
2033 0.0638806 
2034 0.0638806 
2035 0.0638806 
2036 0.0638806 
2037 0.0638806 

Alternative 4 Biomass
     Model_1_goa_pop_2023.dat 

Year 
2024 670.712 
2025 650.615 
2026 644.643 
2027 642.326 
2028 622.185 
2029 610.304 
2030 600.428 
2031 592.521 
2032 586.374 
2033 581.593 
2034 577.935 
2035 575.145 
2036 573.055 
2037 571.354 

Alternative 4 Implied SPR rate 
     Model_1_goa_pop_2023.dat 
Equil_Fabc 0.4 
Year 
2024 0.4916 
2025 0.651219 
2026 0.703759 
2027 0.464386 
2028 0.522482 
2029 0.522482 
2030 0.522482 
2031 0.522482 
2032 0.522482 
2033 0.522482 
2034 0.522482 
2035 0.522482 
2036 0.522482 
2037 0.522482 

  Model_1_goa_pop_2023.dat 
EquilAvgAgeF0  12.2163 
EquilAvgAgeFabc  7.81304 
AvgAgeYr2037 9.32157 
Alternative 5 Catch
     Model_1_goa_pop_2023.dat 
Equil_Fabc 25.3018 
Year 
2024 29.794 
2025 16.1515 
2026 12.88 
2027 31.522 
2028  NA 
2029  NA 
2030  NA 
2031  NA 
2032  NA 
2033  NA 
2034  NA 
2035  NA 
2036  NA 
2037  NA 

Alternative 5 ABCs
     Model_1_goa_pop_2023.dat 

Year 
2024  NA 
2025  NA 
2026  NA 
2027  NA 
2028  NA 
2029  NA 
2030  NA 
2031  NA 
2032  NA 
2033  NA 
2034  NA 
2035  NA 
2036  NA 
2037  NA 

Alternative 5 TACs
     Model_1_goa_pop_2023.dat 

Year 
2024  NA 
2025  NA 
2026  NA 
2027  NA 
2028  NA 
2029  NA 
2030  NA 
2031  NA 
2032  NA 
2033  NA 
2034  NA 
2035  NA 
2036  NA 
2037  NA 

Alternative 5 Sp_Biomass
     Model_1_goa_pop_2023.dat 
Equil_Fabc 137.447 
Year 
2024 234.441 
2025 230.593 
2026 230.884 
2027 228.901 
2028 225.488 
2029 230.254 
2030 234.183 
2031 237.78 
2032 241.624 
2033 245.982 
2034 250.872 
2035 256.083 
2036 261.43 
2037 266.724 

Alternative 5 Fishing Mortality
     Model_1_goa_pop_2023.dat 
Equil_Fabc 0.0990105 
Year 
2024 0.0713322 
2025 0.0393026 
2026 0.0314307 
2027 0.0785824 
2028  NA 
2029  NA 
2030  NA 
2031  NA 
2032  NA 
2033  NA 
2034  NA 
2035  NA 
2036  NA 
2037  NA 

Alternative 5 Biomass
     Model_1_goa_pop_2023.dat 

Year 
2024 670.712 
2025 650.615 
2026 644.643 
2027 642.326 
2028 622.185 
2029 635.007 
2030 648.054 
2031 661.293 
2032 674.608 
2033 687.71 
2034 700.515 
2035 712.901 
2036 724.859 
2037 736.177 

Alternative 5 Implied SPR rate 
     Model_1_goa_pop_2023.dat 
Equil_Fabc 0.4 
Year 
2024 0.4916 
2025 0.651219 
2026 0.703759 
2027 0.464386 
2028 1 
2029 1 
2030 1 
2031 1 
2032 1 
2033 1 
2034 1 
2035 1 
2036 1 
2037 1 

  Model_1_goa_pop_2023.dat 
EquilAvgAgeF0  12.2163 
EquilAvgAgeFabc  7.81304 
AvgAgeYr2037 10.8016 
Alternative 6 Catch
     Model_1_goa_pop_2023.dat 
Equil_Fabc 25.3018 
Year 
2024 29.794 
2025 47.5182 
2026 44.4703 
2027 41.6116 
2028 38.9673 
2029 36.5984 
2030 34.5234 
2031 32.789 
2032 31.3818 
2033 30.2512 
2034 29.0633 
2035 28.1185 
2036 27.4779 
2037 27.0958 

Alternative 6 ABCs
     Model_1_goa_pop_2023.dat 

Year 
2024 48.8962 
2025 47.5182 
2026 44.4703 
2027 41.6116 
2028 38.9673 
2029 36.5984 
2030 34.5234 
2031 32.789 
2032 31.3818 
2033 30.2512 
2034 29.0633 
2035 28.1185 
2036 27.4779 
2037 27.0958 

Alternative 6 TACs
     Model_1_goa_pop_2023.dat 

Year 
2024  NA 
2025 47.5182 
2026 44.4703 
2027 41.6116 
2028 38.9673 
2029 36.5984 
2030 34.5234 
2031 32.789 
2032 31.3818 
2033 30.2512 
2034 29.0633 
2035 28.1185 
2036 27.4779 
2037 27.0958 

Alternative 6 Sp_Biomass
     Model_1_goa_pop_2023.dat 
Equil_Fabc 137.447 
Year 
2024 234.441 
2025 225.815 
2026 212.393 
2027 200.047 
2028 188.373 
2029 177.126 
2030 166.616 
2031 157.38 
2032 149.852 
2033 144.086 
2034 139.905 
2035 137.007 
2036 135.036 
2037 133.678 

Alternative 6 Fishing Mortality
     Model_1_goa_pop_2023.dat 
Equil_Fabc 0.0990105 
Year 
2024 0.0713322 
2025 0.119243 
2026 0.119243 
2027 0.119243 
2028 0.119243 
2029 0.119243 
2030 0.119243 
2031 0.119243 
2032 0.119243 
2033 0.119041 
2034 0.117322 
2035 0.115438 
2036 0.113969 
2037 0.112959 

Alternative 6 Biomass
     Model_1_goa_pop_2023.dat 

Year 
2024 670.712 
2025 650.615 
2026 613.232 
2027 580.54 
2028 552.891 
2029 529.868 
2030 511.117 
2031 496.245 
2032 484.663 
2033 475.655 
2034 468.714 
2035 463.685 
2036 460.181 
2037 457.639 

Alternative 6 Implied SPR rate 
     Model_1_goa_pop_2023.dat 
Equil_Fabc 0.4 
Year 
2024 0.4916 
2025 0.35 
2026 0.35 
2027 0.35 
2028 0.35 
2029 0.35 
2030 0.35 
2031 0.35 
2032 0.35 
2033 0.350452 
2034 0.354372 
2035 0.358811 
2036 0.362363 
2037 0.364853 

  Model_1_goa_pop_2023.dat 
EquilAvgAgeF0  12.2163 
EquilAvgAgeFabc  7.81304 
AvgAgeYr2037 8.01893 
Alternative 7 Catch
     Model_1_goa_pop_2023.dat 
Equil_Fabc 25.3018 
Year 
2024 29.794 
2025 39.7623 
2026 37.7828 
2027 42.8632 
2028 40.068 
2029 37.5562 
2030 35.3478 
2031 33.492 
2032 31.9757 
2033 30.7872 
2034 29.6465 
2035 28.6246 
2036 27.8938 
2037 27.4268 

Alternative 7 ABCs
     Model_1_goa_pop_2023.dat 

Year 
2024 48.8962 
2025 47.5182 
2026 45.1534 
2027 42.8633 
2028 40.068 
2029 37.5562 
2030 35.3478 
2031 33.492 
2032 31.9757 
2033 30.7872 
2034 29.6465 
2035 28.6246 
2036 27.8938 
2037 27.4268 

Alternative 7 TACs
     Model_1_goa_pop_2023.dat 

Year 
2024  NA 
2025 47.5182 
2026 45.1534 
2027 42.8633 
2028 40.068 
2029 37.5562 
2030 35.3478 
2031 33.492 
2032 31.9757 
2033 30.7872 
2034 29.6465 
2035 28.6246 
2036 27.8938 
2037 27.4268 

Alternative 7 Sp_Biomass
     Model_1_goa_pop_2023.dat 
Equil_Fabc 137.447 
Year 
2024 234.441 
2025 227.014 
2026 216.805 
2027 206.094 
2028 193.772 
2029 181.898 
2030 170.794 
2031 161.008 
2032 152.983 
2033 146.77 
2034 142.169 
2035 138.871 
2036 136.555 
2037 134.909 

Alternative 7 Fishing Mortality
     Model_1_goa_pop_2023.dat 
Equil_Fabc 0.0990105 
Year 
2024 0.0713322 
2025 0.0990104 
2026 0.0990104 
2027 0.119243 
2028 0.119243 
2029 0.119243 
2030 0.119243 
2031 0.119243 
2032 0.119243 
2033 0.119211 
2034 0.118112 
2035 0.116288 
2036 0.114751 
2037 0.113625 

Alternative 7 Biomass
     Model_1_goa_pop_2023.dat 

Year 
2024 670.712 
2025 650.615 
2026 620.998 
2027 594.697 
2028 565.209 
2029 540.521 
2030 520.285 
2031 504.105 
2032 491.384 
2033 481.392 
2034 473.572 
2035 467.658 
2036 463.39 
2037 460.213 

Alternative 7 Implied SPR rate 
     Model_1_goa_pop_2023.dat 
Equil_Fabc 0.4 
Year 
2024 0.4916 
2025 0.4 
2026 0.4 
2027 0.35 
2028 0.35 
2029 0.35 
2030 0.35 
2031 0.35 
2032 0.35 
2033 0.350072 
2034 0.35256 
2035 0.356805 
2036 0.360484 
2037 0.363234 

  Model_1_goa_pop_2023.dat 
EquilAvgAgeF0  12.2163 
EquilAvgAgeFabc  7.81304 
AvgAgeYr2037 8.06123 
